WALL 44997501 1 0 1627782086
WALL 44997501 1 0 1627782087
WALL 44997501 1 0 1627782088
WALL 44997501 1 0 1627782089
WALL 44997501 1 0 1627782090
WALL 44997501 1 0 1627782091
WALL 44997501 1 0 1627782092
WALL 44997501 1 0 1627782093
WALL 44997501 1 0 1627782094
WALL 44997501 1 0 1627782095
WALL 44997501 1 0 1627782096
WALL 44997501 1 0 1627782097
WALL 44997501 1 0 1627782098
WALL 44997501 1 0 1627782099
WALL 44997501 1 0 1627782100
WALL 44997501 1 0 1627782101
WALL 44997501 1 0 1627782102
WALL 44997501 1 0 1627782103
WALL 44997501 1 0 1627782104
WALL 44997501 1 0 1627782105
WALL 44997501 1 0 1627782106
WALL 44997501 1 0 1627782107
WALL 44997501 1 0 1627782108
WALL 44997501 1 0 1627782109
WALL 44997501 1 0 1627782110
WALL 44997501 1 0 1627782111
WALL 44997501 1 0 1627782112
WALL 44997501 1 0 1627782113
WALL 44997501 1 0 1627782114
WALL 44997501 1 0 1627782115
WALL 44997501 1 0 1627782116
WALL 44997501 1 0 1627782117
WALL 44997501 1 0 1627782118
WALL 44997501 1 0 1627782119
WALL 44997501 1 0 1627782120
WALL 44997501 1 0 1627782121
WALL 44997501 1 0 1627782122
WALL 44997501 1 0 1627782123
WALL 44997501 1 0 1627782124
WALL 44997501 1 0 1627782125
WALL 44997501 1 0 1627782126
WALL 44997501 1 0 1627782127
WALL 44997501 1 0 1627782128
WALL 44997501 1 0 1627782129
WALL 44997501 1 0 1627782130
WALL 44997501 1 0 1627782131
WALL 44997501 1 0 1627782132
WALL 44997501 1 0 1627782133
WALL 44997501 1 0 1627782134
WALL 44997501 1 0 1627782135
WALL 44997501 1 0 1627782136
WALL 44997501 1 0 1627782137
WALL 44997501 1 0 1627782138
WALL 44997501 1 0 1627782139
WALL 44997501 1 0 1627782140
WALL 44997501 1 0 1627782141
WALL 44997501 1 0 1627782142
WALL 44997501 1 0 1627782143
WALL 44997501 1 0 1627782144
WALL 44997501 1 0 1627782145
WALL 44997501 1 0 1627782146
WALL 44997501 1 0 1627782147
WALL 44997501 1 0 1627782148
WALL 44997501 1 0 1627782149
WALL 44997501 1 0 1627782150
WALL 44997501 1 0 1627782151
WALL 44997501 1 0 1627782152
WALL 44997501 1 0 1627782153
WALL 44997501 1 0 1627782154
WALL 44997501 1 0 1627782155
WALL 44997501 1 0 1627782156
WALL 44997501 1 0 1627782157
WALL 44997501 1 0 1627782158
WALL 44997501 1 0 1627782159
WALL 44997501 1 0 1627782160
WALL 44997501 1 0 1627782161
WALL 44997501 1 0 1627782162
WALL 44997501 1 0 1627782163
WALL 44997501 1 0 1627782164
WALL 44997501 1 0 1627782165
WALL 44997501 1 0 1627782166
WALL 44997501 1 0 1627782167
WALL 44997501 1 0 1627782168
WALL 44997501 1 0 1627782169
WALL 44997501 1 0 1627782170
WALL 44997501 1 0 1627782171
WALL 44997501 1 0 1627782172
WALL 44997501 1 0 1627782173
WALL 44997501 1 0 1627782174
WALL 44997501 1 0 1627782175
WALL 44997501 1 0 1627782176
WALL 44997501 1 0 1627782177
WALL 44997501 1 0 1627782178
WALL 44997501 1 0 1627782179
WALL 44997501 1 0 1627782180
WALL 44997501 1 0 1627782181
WALL 44997501 1 0 1627782182
WALL 44997501 1 0 1627782183
WALL 44997501 1 0 1627782184
WALL 44997501 1 0 1627782185
WALL 44997501 1 0 1627782186
WALL 44997501 1 0 1627782187
WALL 44997501 1 0 1627782188
WALL 44997501 1 0 1627782189
WALL 44997501 1 0 1627782190
WALL 44997501 1 0 1627782191
WALL 44997501 1 0 1627782192
WALL 44997501 1 0 1627782193
WALL 44997501 1 0 1627782194
WALL 44997501 1 0 1627782195
WALL 44997501 1 0 1627782196
WALL 44997501 1 0 1627782197
WALL 44997501 1 0 1627782198
WALL 44997501 1 0 1627782199
WALL 44997501 1 0 1627782200
WALL 44997501 1 0 1627782201
WALL 44997501 1 0 1627782202
WALL 44997501 1 0 1627782203
WALL 44997501 1 0 1627782204
WALL 44997501 1 0 1627782205
WALL 44997501 1 0 1627782206
WALL 44997501 1 0 1627782207
WALL 44997501 1 0 1627782208
WALL 44997501 1 0 1627782209
WALL 44997501 1 0 1627782210
WALL 44997501 1 0 1627782211
WALL 44997501 1 0 1627782212
WALL 44997501 1 0 1627782213
WALL 44997501 1 0 1627782214
WALL 44997501 1 0 1627782215
WALL 44997501 1 0 1627782216
WALL 44997501 1 0 1627782217
WALL 44997501 1 0 1627782218
WALL 44997501 1 0 1627782219
WALL 44997501 1 0 1627782220
WALL 44997501 1 0 1627782221
WALL 44997501 1 0 1627782222
WALL 44997501 1 0 1627782223
WALL 44997501 1 0 1627782224
WALL 44997501 1 0 1627782225
WALL 44997501 1 0 1627782226
WALL 44997501 1 0 1627782227
WALL 44997501 1 0 1627782228
WALL 44997501 1 0 1627782229
WALL 44997501 1 0 1627782230
WALL 44997501 1 0 1627782231
WALL 44997501 1 0 1627782232
WALL 44997501 1 0 1627782233
WALL 44997501 1 0 1627782234
WALL 44997501 1 0 1627782235
WALL 44997501 1 0 1627782236
WALL 44997501 1 0 1627782237
WALL 44997501 1 0 1627782238
WALL 44997501 1 0 1627782239
WALL 44997501 1 0 1627782240
WALL 44997501 1 0 1627782241
WALL 44997501 1 0 1627782242
WALL 44997501 1 0 1627782243
WALL 44997501 1 0 1627782244
WALL 44997501 1 0 1627782245
WALL 44997501 1 0 1627782246
WALL 44997501 1 0 1627782247
WALL 44997501 1 0 1627782248
WALL 44997501 1 0 1627782249
WALL 44997501 1 0 1627782250
WALL 44997501 1 0 1627782251
WALL 44997501 1 0 1627782252
WALL 44997501 1 0 1627782253
WALL 44997501 1 0 1627782254
WALL 44997501 1 0 1627782255
WALL 44997501 1 0 1627782256
WALL 44997501 1 0 1627782257
WALL 44997501 1 0 1627782258
WALL 44997501 1 0 1627782259
WALL 44997501 1 0 1627782260
WALL 44997501 1 0 1627782261
WALL 44997501 1 0 1627782262
WALL 44997501 1 0 1627782263
WALL 44997501 1 0 1627782264
WALL 44997501 1 0 1627782265
WALL 44997501 1 0 1627782266
WALL 44997501 1 0 1627782267
WALL 44997501 1 0 1627782268
WALL 44997501 1 0 1627782269
WALL 44997501 1 0 1627782270
WALL 44997501 1 0 1627782271
WALL 44997501 1 0 1627782272
WALL 44997501 1 0 1627782273
WALL 44997501 1 0 1627782274
WALL 44997501 1 0 1627782275
WALL 44997501 1 0 1627782276
WALL 44997501 1 0 1627782277
WALL 44997501 1 0 1627782278
WALL 44997501 1 0 1627782279
WALL 44997501 1 0 1627782280
WALL 44997501 1 0 1627782281
WALL 44997501 1 0 1627782282
WALL 44997501 1 0 1627782283
WALL 44997501 1 0 1627782284
WALL 44997501 1 0 1627782285
WALL 44997501 1 0 1627782286
WALL 44997501 1 0 1627782287
WALL 44997501 1 0 1627782288
WALL 44997501 1 0 1627782289
WALL 44997501 1 0 1627782290
WALL 44997501 1 0 1627782291
slurmstepd: error: *** STEP 44997501.0 ON nid00871 CANCELLED AT 2021-07-31T18:44:52 ***
received SIGCONT 1627782292
received SIGTERM 1627782292
WALL 44997501 1 0 1627782292
WALL 44997501 1 0 1627782293
WALL 44997501 1 0 1627782294
WALL 44997501 1 0 1627782295
WALL 44997501 1 0 1627782296
WALL 44997501 1 0 1627782297
WALL 44997501 1 0 1627782298
WALL 44997501 1 0 1627782299
WALL 44997501 1 0 1627782300
WALL 44997501 1 0 1627782301
WALL 44997501 1 0 1627782302
WALL 44997501 1 0 1627782303
WALL 44997501 1 0 1627782304
WALL 44997501 1 0 1627782305
WALL 44997501 1 0 1627782306
WALL 44997501 1 0 1627782307
WALL 44997501 1 0 1627782308
WALL 44997501 1 0 1627782309
WALL 44997501 1 0 1627782310
WALL 44997501 1 0 1627782311
WALL 44997501 1 0 1627782312
WALL 44997501 1 0 1627782313
WALL 44997501 1 0 1627782314
WALL 44997501 1 0 1627782315
WALL 44997501 1 0 1627782316
WALL 44997501 1 0 1627782317
WALL 44997501 1 0 1627782318
WALL 44997501 1 0 1627782319
WALL 44997501 1 0 1627782320
WALL 44997501 1 0 1627782321
WALL 44997501 1 0 1627782322
WALL 44997501 1 0 1627782323
WALL 44997501 1 0 1627782324
WALL 44997501 1 0 1627782325
WALL 44997501 1 0 1627782326
WALL 44997501 1 0 1627782327
WALL 44997501 1 0 1627782328
WALL 44997501 1 0 1627782329
WALL 44997501 1 0 1627782330
WALL 44997501 1 0 1627782331
WALL 44997501 1 0 1627782332
WALL 44997501 1 0 1627782333
WALL 44997501 1 0 1627782334
WALL 44997501 1 0 1627782335
WALL 44997501 1 0 1627782336
WALL 44997501 1 0 1627782337
WALL 44997501 1 0 1627782338
WALL 44997501 1 0 1627782339
WALL 44997501 1 0 1627782340
WALL 44997501 1 0 1627782341
WALL 44997501 1 0 1627782342
WALL 44997501 1 0 1627782343
WALL 44997501 1 0 1627782344
WALL 44997501 1 0 1627782345
WALL 44997501 1 0 1627782346
WALL 44997501 1 0 1627782347
WALL 44997501 1 0 1627782348
WALL 44997501 1 0 1627782349
WALL 44997501 1 0 1627782350
WALL 44997501 1 0 1627782351
WALL 44997501 1 0 1627782352
WALL 44997501 1 0 1627782353
WALL 44997501 1 0 1627782354
WALL 44997501 1 0 1627782355
WALL 44997501 1 0 1627782356
WALL 44997501 1 0 1627782357
WALL 44997501 1 0 1627782358
WALL 44997501 1 0 1627782359
WALL 44997501 1 0 1627782360
WALL 44997501 1 0 1627782361
WALL 44997501 1 0 1627782362
WALL 44997501 1 0 1627782363
WALL 44997501 1 0 1627782364
WALL 44997501 1 0 1627782365
WALL 44997501 1 0 1627782366
WALL 44997501 1 0 1627782367
WALL 44997501 1 0 1627782368
WALL 44997501 1 0 1627782369
WALL 44997501 1 0 1627782370
WALL 44997501 1 0 1627782371
WALL 44997501 1 0 1627782372
WALL 44997501 1 0 1627782373
WALL 44997501 1 0 1627782374
WALL 44997501 1 0 1627782375
WALL 44997501 1 0 1627782376
WALL 44997501 1 0 1627782377
received SIGTERM 1627782377
WALL 44997501 1 0 1627782377
received SIGCONT 1627782377
WALL 44997501 1 0 1627782377
srun: got SIGCONT
received SIGTERM 1627782377
WALL 44997501 1 0 1627782377
srun: forcing job termination
srun: Job step aborted: Waiting up to 32 seconds for job step to finish.
srun: forcing job termination
