WALL 44993073 1 0 1627768091
WALL 44993073 1 0 1627768092
WALL 44993073 1 0 1627768093
WALL 44993073 1 0 1627768094
WALL 44993073 1 0 1627768095
WALL 44993073 1 0 1627768096
WALL 44993073 1 0 1627768097
WALL 44993073 1 0 1627768098
WALL 44993073 1 0 1627768099
WALL 44993073 1 0 1627768100
WALL 44993073 1 0 1627768101
WALL 44993073 1 0 1627768102
WALL 44993073 1 0 1627768103
WALL 44993073 1 0 1627768104
WALL 44993073 1 0 1627768105
WALL 44993073 1 0 1627768106
WALL 44993073 1 0 1627768107
WALL 44993073 1 0 1627768108
WALL 44993073 1 0 1627768109
WALL 44993073 1 0 1627768110
WALL 44993073 1 0 1627768111
WALL 44993073 1 0 1627768112
WALL 44993073 1 0 1627768113
WALL 44993073 1 0 1627768114
WALL 44993073 1 0 1627768115
WALL 44993073 1 0 1627768116
WALL 44993073 1 0 1627768117
WALL 44993073 1 0 1627768118
WALL 44993073 1 0 1627768119
WALL 44993073 1 0 1627768120
WALL 44993073 1 0 1627768121
WALL 44993073 1 0 1627768122
WALL 44993073 1 0 1627768123
WALL 44993073 1 0 1627768124
WALL 44993073 1 0 1627768125
WALL 44993073 1 0 1627768126
WALL 44993073 1 0 1627768127
WALL 44993073 1 0 1627768128
WALL 44993073 1 0 1627768129
WALL 44993073 1 0 1627768130
WALL 44993073 1 0 1627768131
WALL 44993073 1 0 1627768132
WALL 44993073 1 0 1627768133
WALL 44993073 1 0 1627768134
WALL 44993073 1 0 1627768135
WALL 44993073 1 0 1627768136
WALL 44993073 1 0 1627768137
WALL 44993073 1 0 1627768138
WALL 44993073 1 0 1627768139
WALL 44993073 1 0 1627768140
WALL 44993073 1 0 1627768141
WALL 44993073 1 0 1627768142
WALL 44993073 1 0 1627768143
WALL 44993073 1 0 1627768144
WALL 44993073 1 0 1627768145
WALL 44993073 1 0 1627768146
WALL 44993073 1 0 1627768147
WALL 44993073 1 0 1627768148
WALL 44993073 1 0 1627768149
WALL 44993073 1 0 1627768150
WALL 44993073 1 0 1627768151
WALL 44993073 1 0 1627768152
WALL 44993073 1 0 1627768153
WALL 44993073 1 0 1627768154
WALL 44993073 1 0 1627768155
WALL 44993073 1 0 1627768156
WALL 44993073 1 0 1627768157
WALL 44993073 1 0 1627768158
WALL 44993073 1 0 1627768159
WALL 44993073 1 0 1627768160
WALL 44993073 1 0 1627768161
WALL 44993073 1 0 1627768162
WALL 44993073 1 0 1627768163
WALL 44993073 1 0 1627768164
WALL 44993073 1 0 1627768165
WALL 44993073 1 0 1627768166
WALL 44993073 1 0 1627768167
WALL 44993073 1 0 1627768168
WALL 44993073 1 0 1627768169
WALL 44993073 1 0 1627768170
WALL 44993073 1 0 1627768171
WALL 44993073 1 0 1627768172
WALL 44993073 1 0 1627768173
WALL 44993073 1 0 1627768174
WALL 44993073 1 0 1627768175
WALL 44993073 1 0 1627768176
WALL 44993073 1 0 1627768177
WALL 44993073 1 0 1627768178
WALL 44993073 1 0 1627768179
WALL 44993073 1 0 1627768180
WALL 44993073 1 0 1627768181
WALL 44993073 1 0 1627768182
WALL 44993073 1 0 1627768183
WALL 44993073 1 0 1627768184
WALL 44993073 1 0 1627768185
WALL 44993073 1 0 1627768186
WALL 44993073 1 0 1627768187
WALL 44993073 1 0 1627768188
WALL 44993073 1 0 1627768189
WALL 44993073 1 0 1627768190
WALL 44993073 1 0 1627768191
WALL 44993073 1 0 1627768192
WALL 44993073 1 0 1627768193
WALL 44993073 1 0 1627768194
WALL 44993073 1 0 1627768195
WALL 44993073 1 0 1627768196
WALL 44993073 1 0 1627768197
WALL 44993073 1 0 1627768198
WALL 44993073 1 0 1627768199
WALL 44993073 1 0 1627768200
WALL 44993073 1 0 1627768201
WALL 44993073 1 0 1627768202
WALL 44993073 1 0 1627768203
WALL 44993073 1 0 1627768204
WALL 44993073 1 0 1627768205
WALL 44993073 1 0 1627768206
WALL 44993073 1 0 1627768207
WALL 44993073 1 0 1627768208
WALL 44993073 1 0 1627768209
WALL 44993073 1 0 1627768210
WALL 44993073 1 0 1627768211
WALL 44993073 1 0 1627768212
WALL 44993073 1 0 1627768213
WALL 44993073 1 0 1627768214
WALL 44993073 1 0 1627768215
WALL 44993073 1 0 1627768216
WALL 44993073 1 0 1627768217
WALL 44993073 1 0 1627768218
WALL 44993073 1 0 1627768219
WALL 44993073 1 0 1627768220
WALL 44993073 1 0 1627768221
WALL 44993073 1 0 1627768222
WALL 44993073 1 0 1627768223
WALL 44993073 1 0 1627768224
WALL 44993073 1 0 1627768225
WALL 44993073 1 0 1627768226
WALL 44993073 1 0 1627768227
WALL 44993073 1 0 1627768228
WALL 44993073 1 0 1627768229
WALL 44993073 1 0 1627768230
WALL 44993073 1 0 1627768231
WALL 44993073 1 0 1627768232
WALL 44993073 1 0 1627768233
WALL 44993073 1 0 1627768234
WALL 44993073 1 0 1627768235
WALL 44993073 1 0 1627768236
WALL 44993073 1 0 1627768237
WALL 44993073 1 0 1627768238
WALL 44993073 1 0 1627768239
WALL 44993073 1 0 1627768240
WALL 44993073 1 0 1627768241
WALL 44993073 1 0 1627768242
WALL 44993073 1 0 1627768243
WALL 44993073 1 0 1627768244
WALL 44993073 1 0 1627768245
WALL 44993073 1 0 1627768246
WALL 44993073 1 0 1627768247
WALL 44993073 1 0 1627768248
WALL 44993073 1 0 1627768249
WALL 44993073 1 0 1627768250
WALL 44993073 1 0 1627768251
WALL 44993073 1 0 1627768252
WALL 44993073 1 0 1627768253
WALL 44993073 1 0 1627768254
WALL 44993073 1 0 1627768255
WALL 44993073 1 0 1627768256
WALL 44993073 1 0 1627768257
WALL 44993073 1 0 1627768258
WALL 44993073 1 0 1627768259
WALL 44993073 1 0 1627768260
WALL 44993073 1 0 1627768261
WALL 44993073 1 0 1627768262
WALL 44993073 1 0 1627768263
WALL 44993073 1 0 1627768264
WALL 44993073 1 0 1627768265
WALL 44993073 1 0 1627768266
WALL 44993073 1 0 1627768267
WALL 44993073 1 0 1627768268
WALL 44993073 1 0 1627768269
WALL 44993073 1 0 1627768270
WALL 44993073 1 0 1627768271
WALL 44993073 1 0 1627768272
WALL 44993073 1 0 1627768273
WALL 44993073 1 0 1627768274
WALL 44993073 1 0 1627768275
WALL 44993073 1 0 1627768276
WALL 44993073 1 0 1627768277
WALL 44993073 1 0 1627768278
WALL 44993073 1 0 1627768279
WALL 44993073 1 0 1627768280
WALL 44993073 1 0 1627768281
WALL 44993073 1 0 1627768282
WALL 44993073 1 0 1627768283
WALL 44993073 1 0 1627768284
WALL 44993073 1 0 1627768285
WALL 44993073 1 0 1627768286
WALL 44993073 1 0 1627768287
WALL 44993073 1 0 1627768288
WALL 44993073 1 0 1627768289
WALL 44993073 1 0 1627768290
WALL 44993073 1 0 1627768291
WALL 44993073 1 0 1627768292
WALL 44993073 1 0 1627768293
WALL 44993073 1 0 1627768294
WALL 44993073 1 0 1627768295
WALL 44993073 1 0 1627768296
WALL 44993073 1 0 1627768297
WALL 44993073 1 0 1627768298
WALL 44993073 1 0 1627768299
WALL 44993073 1 0 1627768300
WALL 44993073 1 0 1627768301
WALL 44993073 1 0 1627768302
WALL 44993073 1 0 1627768303
WALL 44993073 1 0 1627768304
WALL 44993073 1 0 1627768305
WALL 44993073 1 0 1627768306
WALL 44993073 1 0 1627768307
WALL 44993073 1 0 1627768308
WALL 44993073 1 0 1627768309
WALL 44993073 1 0 1627768310
WALL 44993073 1 0 1627768311
WALL 44993073 1 0 1627768312
WALL 44993073 1 0 1627768313
WALL 44993073 1 0 1627768314
WALL 44993073 1 0 1627768315
WALL 44993073 1 0 1627768316
WALL 44993073 1 0 1627768317
WALL 44993073 1 0 1627768318
WALL 44993073 1 0 1627768319
WALL 44993073 1 0 1627768320
WALL 44993073 1 0 1627768321
WALL 44993073 1 0 1627768322
WALL 44993073 1 0 1627768323
WALL 44993073 1 0 1627768324
WALL 44993073 1 0 1627768325
WALL 44993073 1 0 1627768326
WALL 44993073 1 0 1627768327
WALL 44993073 1 0 1627768328
WALL 44993073 1 0 1627768329
WALL 44993073 1 0 1627768330
WALL 44993073 1 0 1627768331
WALL 44993073 1 0 1627768332
WALL 44993073 1 0 1627768333
WALL 44993073 1 0 1627768334
WALL 44993073 1 0 1627768335
WALL 44993073 1 0 1627768336
WALL 44993073 1 0 1627768337
WALL 44993073 1 0 1627768338
WALL 44993073 1 0 1627768339
WALL 44993073 1 0 1627768340
WALL 44993073 1 0 1627768341
WALL 44993073 1 0 1627768342
WALL 44993073 1 0 1627768343
WALL 44993073 1 0 1627768344
WALL 44993073 1 0 1627768345
WALL 44993073 1 0 1627768346
WALL 44993073 1 0 1627768347
WALL 44993073 1 0 1627768348
WALL 44993073 1 0 1627768349
WALL 44993073 1 0 1627768350
WALL 44993073 1 0 1627768351
WALL 44993073 1 0 1627768352
WALL 44993073 1 0 1627768353
WALL 44993073 1 0 1627768354
WALL 44993073 1 0 1627768355
WALL 44993073 1 0 1627768356
WALL 44993073 1 0 1627768357
WALL 44993073 1 0 1627768358
WALL 44993073 1 0 1627768359
WALL 44993073 1 0 1627768360
WALL 44993073 1 0 1627768361
WALL 44993073 1 0 1627768362
WALL 44993073 1 0 1627768363
WALL 44993073 1 0 1627768364
WALL 44993073 1 0 1627768365
WALL 44993073 1 0 1627768366
WALL 44993073 1 0 1627768367
WALL 44993073 1 0 1627768368
WALL 44993073 1 0 1627768369
WALL 44993073 1 0 1627768370
WALL 44993073 1 0 1627768371
WALL 44993073 1 0 1627768372
WALL 44993073 1 0 1627768373
WALL 44993073 1 0 1627768374
WALL 44993073 1 0 1627768375
WALL 44993073 1 0 1627768376
WALL 44993073 1 0 1627768377
WALL 44993073 1 0 1627768378
WALL 44993073 1 0 1627768379
WALL 44993073 1 0 1627768380
WALL 44993073 1 0 1627768381
WALL 44993073 1 0 1627768382
WALL 44993073 1 0 1627768383
WALL 44993073 1 0 1627768384
WALL 44993073 1 0 1627768385
WALL 44993073 1 0 1627768386
WALL 44993073 1 0 1627768387
WALL 44993073 1 0 1627768388
WALL 44993073 1 0 1627768389
WALL 44993073 1 0 1627768390
WALL 44993073 1 0 1627768391
WALL 44993073 1 0 1627768392
WALL 44993073 1 0 1627768393
WALL 44993073 1 0 1627768394
WALL 44993073 1 0 1627768395
WALL 44993073 1 0 1627768396
WALL 44993073 1 0 1627768397
WALL 44993073 1 0 1627768398
WALL 44993073 1 0 1627768399
WALL 44993073 1 0 1627768400
WALL 44993073 1 0 1627768401
WALL 44993073 1 0 1627768402
WALL 44993073 1 0 1627768403
WALL 44993073 1 0 1627768404
WALL 44993073 1 0 1627768405
WALL 44993073 1 0 1627768406
WALL 44993073 1 0 1627768407
WALL 44993073 1 0 1627768408
WALL 44993073 1 0 1627768409
WALL 44993073 1 0 1627768410
WALL 44993073 1 0 1627768411
WALL 44993073 1 0 1627768412
WALL 44993073 1 0 1627768413
WALL 44993073 1 0 1627768414
WALL 44993073 1 0 1627768415
WALL 44993073 1 0 1627768416
WALL 44993073 1 0 1627768417
WALL 44993073 1 0 1627768418
WALL 44993073 1 0 1627768419
WALL 44993073 1 0 1627768420
WALL 44993073 1 0 1627768421
WALL 44993073 1 0 1627768422
WALL 44993073 1 0 1627768423
WALL 44993073 1 0 1627768424
WALL 44993073 1 0 1627768425
WALL 44993073 1 0 1627768426
WALL 44993073 1 0 1627768427
WALL 44993073 1 0 1627768428
WALL 44993073 1 0 1627768429
WALL 44993073 1 0 1627768430
WALL 44993073 1 0 1627768431
WALL 44993073 1 0 1627768432
WALL 44993073 1 0 1627768433
WALL 44993073 1 0 1627768434
WALL 44993073 1 0 1627768435
WALL 44993073 1 0 1627768436
WALL 44993073 1 0 1627768437
WALL 44993073 1 0 1627768438
WALL 44993073 1 0 1627768439
WALL 44993073 1 0 1627768440
WALL 44993073 1 0 1627768441
WALL 44993073 1 0 1627768442
WALL 44993073 1 0 1627768443
WALL 44993073 1 0 1627768444
WALL 44993073 1 0 1627768445
WALL 44993073 1 0 1627768446
WALL 44993073 1 0 1627768447
WALL 44993073 1 0 1627768448
WALL 44993073 1 0 1627768449
WALL 44993073 1 0 1627768450
WALL 44993073 1 0 1627768451
WALL 44993073 1 0 1627768452
WALL 44993073 1 0 1627768453
WALL 44993073 1 0 1627768454
WALL 44993073 1 0 1627768455
WALL 44993073 1 0 1627768456
WALL 44993073 1 0 1627768457
WALL 44993073 1 0 1627768458
WALL 44993073 1 0 1627768459
WALL 44993073 1 0 1627768460
WALL 44993073 1 0 1627768461
WALL 44993073 1 0 1627768462
WALL 44993073 1 0 1627768463
WALL 44993073 1 0 1627768464
WALL 44993073 1 0 1627768465
WALL 44993073 1 0 1627768466
WALL 44993073 1 0 1627768467
WALL 44993073 1 0 1627768468
WALL 44993073 1 0 1627768469
WALL 44993073 1 0 1627768470
WALL 44993073 1 0 1627768471
WALL 44993073 1 0 1627768472
WALL 44993073 1 0 1627768473
WALL 44993073 1 0 1627768474
WALL 44993073 1 0 1627768475
WALL 44993073 1 0 1627768476
WALL 44993073 1 0 1627768477
WALL 44993073 1 0 1627768478
WALL 44993073 1 0 1627768479
WALL 44993073 1 0 1627768480
WALL 44993073 1 0 1627768481
WALL 44993073 1 0 1627768482
WALL 44993073 1 0 1627768483
WALL 44993073 1 0 1627768484
WALL 44993073 1 0 1627768485
WALL 44993073 1 0 1627768486
WALL 44993073 1 0 1627768487
WALL 44993073 1 0 1627768488
WALL 44993073 1 0 1627768489
WALL 44993073 1 0 1627768490
WALL 44993073 1 0 1627768491
WALL 44993073 1 0 1627768492
WALL 44993073 1 0 1627768493
WALL 44993073 1 0 1627768494
WALL 44993073 1 0 1627768495
WALL 44993073 1 0 1627768496
WALL 44993073 1 0 1627768497
WALL 44993073 1 0 1627768498
WALL 44993073 1 0 1627768499
WALL 44993073 1 0 1627768500
WALL 44993073 1 0 1627768501
WALL 44993073 1 0 1627768502
WALL 44993073 1 0 1627768503
WALL 44993073 1 0 1627768504
WALL 44993073 1 0 1627768505
WALL 44993073 1 0 1627768506
WALL 44993073 1 0 1627768507
WALL 44993073 1 0 1627768508
WALL 44993073 1 0 1627768509
WALL 44993073 1 0 1627768510
WALL 44993073 1 0 1627768511
WALL 44993073 1 0 1627768512
WALL 44993073 1 0 1627768513
WALL 44993073 1 0 1627768514
WALL 44993073 1 0 1627768515
WALL 44993073 1 0 1627768516
WALL 44993073 1 0 1627768517
WALL 44993073 1 0 1627768518
WALL 44993073 1 0 1627768519
WALL 44993073 1 0 1627768520
WALL 44993073 1 0 1627768521
WALL 44993073 1 0 1627768522
WALL 44993073 1 0 1627768523
WALL 44993073 1 0 1627768524
WALL 44993073 1 0 1627768525
WALL 44993073 1 0 1627768526
WALL 44993073 1 0 1627768527
WALL 44993073 1 0 1627768528
WALL 44993073 1 0 1627768529
WALL 44993073 1 0 1627768530
WALL 44993073 1 0 1627768531
WALL 44993073 1 0 1627768532
WALL 44993073 1 0 1627768533
WALL 44993073 1 0 1627768534
WALL 44993073 1 0 1627768535
WALL 44993073 1 0 1627768536
WALL 44993073 1 0 1627768537
WALL 44993073 1 0 1627768538
WALL 44993073 1 0 1627768539
WALL 44993073 1 0 1627768540
WALL 44993073 1 0 1627768541
WALL 44993073 1 0 1627768542
WALL 44993073 1 0 1627768543
WALL 44993073 1 0 1627768544
WALL 44993073 1 0 1627768545
WALL 44993073 1 0 1627768546
WALL 44993073 1 0 1627768547
WALL 44993073 1 0 1627768548
WALL 44993073 1 0 1627768549
WALL 44993073 1 0 1627768550
WALL 44993073 1 0 1627768551
WALL 44993073 1 0 1627768552
WALL 44993073 1 0 1627768553
WALL 44993073 1 0 1627768554
WALL 44993073 1 0 1627768555
WALL 44993073 1 0 1627768556
WALL 44993073 1 0 1627768557
WALL 44993073 1 0 1627768558
WALL 44993073 1 0 1627768559
WALL 44993073 1 0 1627768560
WALL 44993073 1 0 1627768561
WALL 44993073 1 0 1627768562
WALL 44993073 1 0 1627768563
WALL 44993073 1 0 1627768564
WALL 44993073 1 0 1627768565
WALL 44993073 1 0 1627768566
WALL 44993073 1 0 1627768567
WALL 44993073 1 0 1627768568
WALL 44993073 1 0 1627768569
WALL 44993073 1 0 1627768570
WALL 44993073 1 0 1627768571
WALL 44993073 1 0 1627768572
WALL 44993073 1 0 1627768573
WALL 44993073 1 0 1627768574
WALL 44993073 1 0 1627768575
WALL 44993073 1 0 1627768576
WALL 44993073 1 0 1627768577
WALL 44993073 1 0 1627768578
WALL 44993073 1 0 1627768579
WALL 44993073 1 0 1627768580
WALL 44993073 1 0 1627768581
WALL 44993073 1 0 1627768582
WALL 44993073 1 0 1627768583
WALL 44993073 1 0 1627768584
WALL 44993073 1 0 1627768585
WALL 44993073 1 0 1627768586
WALL 44993073 1 0 1627768587
WALL 44993073 1 0 1627768588
WALL 44993073 1 0 1627768589
WALL 44993073 1 0 1627768590
WALL 44993073 1 0 1627768591
WALL 44993073 1 0 1627768592
WALL 44993073 1 0 1627768593
WALL 44993073 1 0 1627768594
WALL 44993073 1 0 1627768595
WALL 44993073 1 0 1627768596
WALL 44993073 1 0 1627768597
WALL 44993073 1 0 1627768598
WALL 44993073 1 0 1627768599
WALL 44993073 1 0 1627768600
WALL 44993073 1 0 1627768601
WALL 44993073 1 0 1627768602
WALL 44993073 1 0 1627768603
WALL 44993073 1 0 1627768604
WALL 44993073 1 0 1627768605
WALL 44993073 1 0 1627768606
WALL 44993073 1 0 1627768607
WALL 44993073 1 0 1627768608
WALL 44993073 1 0 1627768609
WALL 44993073 1 0 1627768610
WALL 44993073 1 0 1627768611
WALL 44993073 1 0 1627768612
WALL 44993073 1 0 1627768613
WALL 44993073 1 0 1627768614
WALL 44993073 1 0 1627768615
WALL 44993073 1 0 1627768616
WALL 44993073 1 0 1627768617
WALL 44993073 1 0 1627768618
WALL 44993073 1 0 1627768619
WALL 44993073 1 0 1627768620
WALL 44993073 1 0 1627768621
WALL 44993073 1 0 1627768622
WALL 44993073 1 0 1627768623
WALL 44993073 1 0 1627768624
WALL 44993073 1 0 1627768625
WALL 44993073 1 0 1627768626
WALL 44993073 1 0 1627768627
WALL 44993073 1 0 1627768628
WALL 44993073 1 0 1627768629
WALL 44993073 1 0 1627768630
WALL 44993073 1 0 1627768631
WALL 44993073 1 0 1627768632
WALL 44993073 1 0 1627768633
WALL 44993073 1 0 1627768634
WALL 44993073 1 0 1627768635
WALL 44993073 1 0 1627768636
WALL 44993073 1 0 1627768637
WALL 44993073 1 0 1627768638
WALL 44993073 1 0 1627768639
WALL 44993073 1 0 1627768640
WALL 44993073 1 0 1627768641
WALL 44993073 1 0 1627768642
WALL 44993073 1 0 1627768643
WALL 44993073 1 0 1627768644
WALL 44993073 1 0 1627768645
WALL 44993073 1 0 1627768646
WALL 44993073 1 0 1627768647
WALL 44993073 1 0 1627768648
WALL 44993073 1 0 1627768649
WALL 44993073 1 0 1627768650
WALL 44993073 1 0 1627768651
WALL 44993073 1 0 1627768652
WALL 44993073 1 0 1627768653
WALL 44993073 1 0 1627768654
WALL 44993073 1 0 1627768655
WALL 44993073 1 0 1627768656
WALL 44993073 1 0 1627768657
WALL 44993073 1 0 1627768658
WALL 44993073 1 0 1627768659
WALL 44993073 1 0 1627768660
WALL 44993073 1 0 1627768661
WALL 44993073 1 0 1627768662
WALL 44993073 1 0 1627768663
WALL 44993073 1 0 1627768664
WALL 44993073 1 0 1627768665
WALL 44993073 1 0 1627768666
WALL 44993073 1 0 1627768667
WALL 44993073 1 0 1627768668
WALL 44993073 1 0 1627768669
WALL 44993073 1 0 1627768670
WALL 44993073 1 0 1627768671
WALL 44993073 1 0 1627768672
WALL 44993073 1 0 1627768673
WALL 44993073 1 0 1627768674
WALL 44993073 1 0 1627768675
WALL 44993073 1 0 1627768676
WALL 44993073 1 0 1627768677
WALL 44993073 1 0 1627768678
WALL 44993073 1 0 1627768679
WALL 44993073 1 0 1627768680
WALL 44993073 1 0 1627768681
WALL 44993073 1 0 1627768682
WALL 44993073 1 0 1627768683
WALL 44993073 1 0 1627768684
WALL 44993073 1 0 1627768685
WALL 44993073 1 0 1627768686
WALL 44993073 1 0 1627768687
WALL 44993073 1 0 1627768688
WALL 44993073 1 0 1627768689
WALL 44993073 1 0 1627768690
WALL 44993073 1 0 1627768691
WALL 44993073 1 0 1627768692
WALL 44993073 1 0 1627768693
WALL 44993073 1 0 1627768694
WALL 44993073 1 0 1627768695
WALL 44993073 1 0 1627768696
WALL 44993073 1 0 1627768697
WALL 44993073 1 0 1627768698
WALL 44993073 1 0 1627768699
WALL 44993073 1 0 1627768700
WALL 44993073 1 0 1627768701
WALL 44993073 1 0 1627768702
WALL 44993073 1 0 1627768703
WALL 44993073 1 0 1627768704
WALL 44993073 1 0 1627768705
WALL 44993073 1 0 1627768706
WALL 44993073 1 0 1627768707
WALL 44993073 1 0 1627768708
WALL 44993073 1 0 1627768709
WALL 44993073 1 0 1627768710
WALL 44993073 1 0 1627768711
WALL 44993073 1 0 1627768712
WALL 44993073 1 0 1627768713
WALL 44993073 1 0 1627768714
WALL 44993073 1 0 1627768715
WALL 44993073 1 0 1627768716
WALL 44993073 1 0 1627768717
WALL 44993073 1 0 1627768718
WALL 44993073 1 0 1627768719
WALL 44993073 1 0 1627768720
WALL 44993073 1 0 1627768721
WALL 44993073 1 0 1627768722
WALL 44993073 1 0 1627768723
WALL 44993073 1 0 1627768724
WALL 44993073 1 0 1627768725
WALL 44993073 1 0 1627768726
WALL 44993073 1 0 1627768727
WALL 44993073 1 0 1627768728
WALL 44993073 1 0 1627768729
WALL 44993073 1 0 1627768730
WALL 44993073 1 0 1627768731
WALL 44993073 1 0 1627768732
WALL 44993073 1 0 1627768733
WALL 44993073 1 0 1627768734
WALL 44993073 1 0 1627768735
WALL 44993073 1 0 1627768736
WALL 44993073 1 0 1627768737
WALL 44993073 1 0 1627768738
WALL 44993073 1 0 1627768739
WALL 44993073 1 0 1627768740
WALL 44993073 1 0 1627768741
WALL 44993073 1 0 1627768742
WALL 44993073 1 0 1627768743
WALL 44993073 1 0 1627768744
WALL 44993073 1 0 1627768745
WALL 44993073 1 0 1627768746
WALL 44993073 1 0 1627768747
WALL 44993073 1 0 1627768748
WALL 44993073 1 0 1627768749
WALL 44993073 1 0 1627768750
WALL 44993073 1 0 1627768751
WALL 44993073 1 0 1627768752
WALL 44993073 1 0 1627768753
WALL 44993073 1 0 1627768754
WALL 44993073 1 0 1627768755
WALL 44993073 1 0 1627768756
WALL 44993073 1 0 1627768757
WALL 44993073 1 0 1627768758
WALL 44993073 1 0 1627768759
WALL 44993073 1 0 1627768760
WALL 44993073 1 0 1627768761
WALL 44993073 1 0 1627768762
WALL 44993073 1 0 1627768763
WALL 44993073 1 0 1627768764
WALL 44993073 1 0 1627768765
WALL 44993073 1 0 1627768766
WALL 44993073 1 0 1627768767
WALL 44993073 1 0 1627768768
WALL 44993073 1 0 1627768769
WALL 44993073 1 0 1627768770
WALL 44993073 1 0 1627768771
WALL 44993073 1 0 1627768772
WALL 44993073 1 0 1627768773
WALL 44993073 1 0 1627768774
WALL 44993073 1 0 1627768775
WALL 44993073 1 0 1627768776
WALL 44993073 1 0 1627768777
WALL 44993073 1 0 1627768778
WALL 44993073 1 0 1627768779
WALL 44993073 1 0 1627768780
WALL 44993073 1 0 1627768781
WALL 44993073 1 0 1627768782
WALL 44993073 1 0 1627768783
WALL 44993073 1 0 1627768784
WALL 44993073 1 0 1627768785
WALL 44993073 1 0 1627768786
WALL 44993073 1 0 1627768787
WALL 44993073 1 0 1627768788
WALL 44993073 1 0 1627768789
WALL 44993073 1 0 1627768790
WALL 44993073 1 0 1627768791
WALL 44993073 1 0 1627768792
WALL 44993073 1 0 1627768793
WALL 44993073 1 0 1627768794
WALL 44993073 1 0 1627768795
WALL 44993073 1 0 1627768796
WALL 44993073 1 0 1627768797
WALL 44993073 1 0 1627768798
WALL 44993073 1 0 1627768799
WALL 44993073 1 0 1627768800
WALL 44993073 1 0 1627768801
WALL 44993073 1 0 1627768802
WALL 44993073 1 0 1627768803
WALL 44993073 1 0 1627768804
WALL 44993073 1 0 1627768805
WALL 44993073 1 0 1627768806
WALL 44993073 1 0 1627768807
WALL 44993073 1 0 1627768808
WALL 44993073 1 0 1627768809
WALL 44993073 1 0 1627768810
WALL 44993073 1 0 1627768811
WALL 44993073 1 0 1627768812
WALL 44993073 1 0 1627768813
WALL 44993073 1 0 1627768814
WALL 44993073 1 0 1627768815
WALL 44993073 1 0 1627768816
WALL 44993073 1 0 1627768817
WALL 44993073 1 0 1627768818
WALL 44993073 1 0 1627768819
WALL 44993073 1 0 1627768820
WALL 44993073 1 0 1627768821
WALL 44993073 1 0 1627768822
WALL 44993073 1 0 1627768823
WALL 44993073 1 0 1627768824
WALL 44993073 1 0 1627768825
WALL 44993073 1 0 1627768826
WALL 44993073 1 0 1627768827
WALL 44993073 1 0 1627768828
WALL 44993073 1 0 1627768829
WALL 44993073 1 0 1627768830
WALL 44993073 1 0 1627768831
WALL 44993073 1 0 1627768832
WALL 44993073 1 0 1627768833
WALL 44993073 1 0 1627768834
WALL 44993073 1 0 1627768835
WALL 44993073 1 0 1627768836
WALL 44993073 1 0 1627768837
WALL 44993073 1 0 1627768838
WALL 44993073 1 0 1627768839
WALL 44993073 1 0 1627768840
WALL 44993073 1 0 1627768841
WALL 44993073 1 0 1627768842
WALL 44993073 1 0 1627768843
WALL 44993073 1 0 1627768844
WALL 44993073 1 0 1627768845
WALL 44993073 1 0 1627768846
WALL 44993073 1 0 1627768847
WALL 44993073 1 0 1627768848
WALL 44993073 1 0 1627768849
WALL 44993073 1 0 1627768850
WALL 44993073 1 0 1627768851
WALL 44993073 1 0 1627768852
WALL 44993073 1 0 1627768853
WALL 44993073 1 0 1627768854
WALL 44993073 1 0 1627768855
WALL 44993073 1 0 1627768856
WALL 44993073 1 0 1627768857
WALL 44993073 1 0 1627768858
WALL 44993073 1 0 1627768859
WALL 44993073 1 0 1627768860
WALL 44993073 1 0 1627768861
WALL 44993073 1 0 1627768862
WALL 44993073 1 0 1627768863
WALL 44993073 1 0 1627768864
WALL 44993073 1 0 1627768865
WALL 44993073 1 0 1627768866
WALL 44993073 1 0 1627768867
WALL 44993073 1 0 1627768868
WALL 44993073 1 0 1627768869
WALL 44993073 1 0 1627768870
WALL 44993073 1 0 1627768871
WALL 44993073 1 0 1627768872
WALL 44993073 1 0 1627768873
WALL 44993073 1 0 1627768874
WALL 44993073 1 0 1627768875
WALL 44993073 1 0 1627768876
WALL 44993073 1 0 1627768877
WALL 44993073 1 0 1627768878
WALL 44993073 1 0 1627768879
WALL 44993073 1 0 1627768880
WALL 44993073 1 0 1627768881
WALL 44993073 1 0 1627768882
WALL 44993073 1 0 1627768883
WALL 44993073 1 0 1627768884
WALL 44993073 1 0 1627768885
WALL 44993073 1 0 1627768886
WALL 44993073 1 0 1627768887
WALL 44993073 1 0 1627768888
WALL 44993073 1 0 1627768889
WALL 44993073 1 0 1627768890
WALL 44993073 1 0 1627768891
WALL 44993073 1 0 1627768892
WALL 44993073 1 0 1627768893
WALL 44993073 1 0 1627768894
WALL 44993073 1 0 1627768895
WALL 44993073 1 0 1627768896
WALL 44993073 1 0 1627768897
WALL 44993073 1 0 1627768898
WALL 44993073 1 0 1627768899
WALL 44993073 1 0 1627768900
WALL 44993073 1 0 1627768901
WALL 44993073 1 0 1627768902
WALL 44993073 1 0 1627768903
WALL 44993073 1 0 1627768904
WALL 44993073 1 0 1627768905
WALL 44993073 1 0 1627768906
WALL 44993073 1 0 1627768907
WALL 44993073 1 0 1627768908
WALL 44993073 1 0 1627768909
WALL 44993073 1 0 1627768910
WALL 44993073 1 0 1627768911
WALL 44993073 1 0 1627768912
WALL 44993073 1 0 1627768913
WALL 44993073 1 0 1627768914
WALL 44993073 1 0 1627768915
WALL 44993073 1 0 1627768916
WALL 44993073 1 0 1627768917
WALL 44993073 1 0 1627768918
WALL 44993073 1 0 1627768919
WALL 44993073 1 0 1627768920
WALL 44993073 1 0 1627768921
WALL 44993073 1 0 1627768922
WALL 44993073 1 0 1627768923
WALL 44993073 1 0 1627768924
WALL 44993073 1 0 1627768925
WALL 44993073 1 0 1627768926
WALL 44993073 1 0 1627768927
WALL 44993073 1 0 1627768928
WALL 44993073 1 0 1627768929
WALL 44993073 1 0 1627768930
WALL 44993073 1 0 1627768931
WALL 44993073 1 0 1627768932
WALL 44993073 1 0 1627768933
WALL 44993073 1 0 1627768934
WALL 44993073 1 0 1627768935
WALL 44993073 1 0 1627768936
WALL 44993073 1 0 1627768937
WALL 44993073 1 0 1627768938
WALL 44993073 1 0 1627768939
WALL 44993073 1 0 1627768940
WALL 44993073 1 0 1627768941
received SIGCONT 1627768941
WALL 44993073 1 0 1627768941
slurmstepd: error: *** STEP 44993073.0 ON nid00800 CANCELLED AT 2021-07-31T15:02:21 ***
received SIGTERM 1627768941
WALL 44993073 1 0 1627768941
WALL 44993073 1 0 1627768942
WALL 44993073 1 0 1627768943
WALL 44993073 1 0 1627768944
WALL 44993073 1 0 1627768945
WALL 44993073 1 0 1627768946
WALL 44993073 1 0 1627768947
WALL 44993073 1 0 1627768948
WALL 44993073 1 0 1627768949
WALL 44993073 1 0 1627768950
WALL 44993073 1 0 1627768951
WALL 44993073 1 0 1627768952
WALL 44993073 1 0 1627768953
WALL 44993073 1 0 1627768954
WALL 44993073 1 0 1627768955
WALL 44993073 1 0 1627768956
WALL 44993073 1 0 1627768957
WALL 44993073 1 0 1627768958
WALL 44993073 1 0 1627768959
WALL 44993073 1 0 1627768960
WALL 44993073 1 0 1627768961
WALL 44993073 1 0 1627768962
WALL 44993073 1 0 1627768963
WALL 44993073 1 0 1627768964
WALL 44993073 1 0 1627768965
WALL 44993073 1 0 1627768966
WALL 44993073 1 0 1627768967
WALL 44993073 1 0 1627768968
WALL 44993073 1 0 1627768969
WALL 44993073 1 0 1627768970
WALL 44993073 1 0 1627768971
WALL 44993073 1 0 1627768972
WALL 44993073 1 0 1627768973
WALL 44993073 1 0 1627768974
WALL 44993073 1 0 1627768975
WALL 44993073 1 0 1627768976
WALL 44993073 1 0 1627768977
WALL 44993073 1 0 1627768978
WALL 44993073 1 0 1627768979
WALL 44993073 1 0 1627768980
WALL 44993073 1 0 1627768981
WALL 44993073 1 0 1627768982
WALL 44993073 1 0 1627768983
WALL 44993073 1 0 1627768984
WALL 44993073 1 0 1627768985
WALL 44993073 1 0 1627768986
WALL 44993073 1 0 1627768987
WALL 44993073 1 0 1627768988
WALL 44993073 1 0 1627768989
WALL 44993073 1 0 1627768990
WALL 44993073 1 0 1627768991
WALL 44993073 1 0 1627768992
WALL 44993073 1 0 1627768993
WALL 44993073 1 0 1627768994
WALL 44993073 1 0 1627768995
WALL 44993073 1 0 1627768996
WALL 44993073 1 0 1627768997
WALL 44993073 1 0 1627768998
WALL 44993073 1 0 1627768999
WALL 44993073 1 0 1627769000
WALL 44993073 1 0 1627769001
WALL 44993073 1 0 1627769002
WALL 44993073 1 0 1627769003
WALL 44993073 1 0 1627769004
WALL 44993073 1 0 1627769005
WALL 44993073 1 0 1627769006
WALL 44993073 1 0 1627769007
WALL 44993073 1 0 1627769008
WALL 44993073 1 0 1627769009
WALL 44993073 1 0 1627769010
WALL 44993073 1 0 1627769011
WALL 44993073 1 0 1627769012
WALL 44993073 1 0 1627769013
WALL 44993073 1 0 1627769014
WALL 44993073 1 0 1627769015
WALL 44993073 1 0 1627769016
WALL 44993073 1 0 1627769017
WALL 44993073 1 0 1627769018
WALL 44993073 1 0 1627769019
WALL 44993073 1 0 1627769020
WALL 44993073 1 0 1627769021
WALL 44993073 1 0 1627769022
WALL 44993073 1 0 1627769023
WALL 44993073 1 0 1627769024
WALL 44993073 1 0 1627769025
WALL 44993073 1 0 1627769026
WALL 44993073 1 0 1627769027
WALL 44993073 1 0 1627769028
WALL 44993073 1 0 1627769029
WALL 44993073 1 0 1627769030
WALL 44993073 1 0 1627769031
WALL 44993073 1 0 1627769032
WALL 44993073 1 0 1627769033
WALL 44993073 1 0 1627769034
WALL 44993073 1 0 1627769035
WALL 44993073 1 0 1627769036
WALL 44993073 1 0 1627769037
WALL 44993073 1 0 1627769038
WALL 44993073 1 0 1627769039
WALL 44993073 1 0 1627769040
WALL 44993073 1 0 1627769041
WALL 44993073 1 0 1627769042
WALL 44993073 1 0 1627769043
WALL 44993073 1 0 1627769044
WALL 44993073 1 0 1627769045
WALL 44993073 1 0 1627769046
WALL 44993073 1 0 1627769047
WALL 44993073 1 0 1627769048
WALL 44993073 1 0 1627769049
WALL 44993073 1 0 1627769050
WALL 44993073 1 0 1627769051
WALL 44993073 1 0 1627769052
WALL 44993073 1 0 1627769053
WALL 44993073 1 0 1627769054
WALL 44993073 1 0 1627769055
WALL 44993073 1 0 1627769056
WALL 44993073 1 0 1627769057
WALL 44993073 1 0 1627769058
WALL 44993073 1 0 1627769059
WALL 44993073 1 0 1627769060
WALL 44993073 1 0 1627769061
WALL 44993073 1 0 1627769062
WALL 44993073 1 0 1627769063
WALL 44993073 1 0 1627769064
WALL 44993073 1 0 1627769065
WALL 44993073 1 0 1627769066
WALL 44993073 1 0 1627769067
WALL 44993073 1 0 1627769068
WALL 44993073 1 0 1627769069
WALL 44993073 1 0 1627769070
WALL 44993073 1 0 1627769071
WALL 44993073 1 0 1627769072
WALL 44993073 1 0 1627769073
WALL 44993073 1 0 1627769074
WALL 44993073 1 0 1627769075
WALL 44993073 1 0 1627769076
WALL 44993073 1 0 1627769077
WALL 44993073 1 0 1627769078
WALL 44993073 1 0 1627769079
WALL 44993073 1 0 1627769080
WALL 44993073 1 0 1627769081
WALL 44993073 1 0 1627769082
WALL 44993073 1 0 1627769083
WALL 44993073 1 0 1627769084
WALL 44993073 1 0 1627769085
WALL 44993073 1 0 1627769086
WALL 44993073 1 0 1627769087
WALL 44993073 1 0 1627769088
WALL 44993073 1 0 1627769089
WALL 44993073 1 0 1627769090
WALL 44993073 1 0 1627769091
WALL 44993073 1 0 1627769092
WALL 44993073 1 0 1627769093
WALL 44993073 1 0 1627769094
WALL 44993073 1 0 1627769095
WALL 44993073 1 0 1627769096
WALL 44993073 1 0 1627769097
WALL 44993073 1 0 1627769098
WALL 44993073 1 0 1627769099
WALL 44993073 1 0 1627769100
WALL 44993073 1 0 1627769101
WALL 44993073 1 0 1627769102
WALL 44993073 1 0 1627769103
WALL 44993073 1 0 1627769104
WALL 44993073 1 0 1627769105
WALL 44993073 1 0 1627769106
WALL 44993073 1 0 1627769107
WALL 44993073 1 0 1627769108
WALL 44993073 1 0 1627769109
WALL 44993073 1 0 1627769110
WALL 44993073 1 0 1627769111
WALL 44993073 1 0 1627769112
WALL 44993073 1 0 1627769113
WALL 44993073 1 0 1627769114
WALL 44993073 1 0 1627769115
WALL 44993073 1 0 1627769116
WALL 44993073 1 0 1627769117
WALL 44993073 1 0 1627769118
WALL 44993073 1 0 1627769119
WALL 44993073 1 0 1627769120
WALL 44993073 1 0 1627769121
WALL 44993073 1 0 1627769122
WALL 44993073 1 0 1627769123
WALL 44993073 1 0 1627769124
WALL 44993073 1 0 1627769125
WALL 44993073 1 0 1627769126
WALL 44993073 1 0 1627769127
WALL 44993073 1 0 1627769128
WALL 44993073 1 0 1627769129
WALL 44993073 1 0 1627769130
WALL 44993073 1 0 1627769131
WALL 44993073 1 0 1627769132
WALL 44993073 1 0 1627769133
WALL 44993073 1 0 1627769134
WALL 44993073 1 0 1627769135
WALL 44993073 1 0 1627769136
WALL 44993073 1 0 1627769137
WALL 44993073 1 0 1627769138
WALL 44993073 1 0 1627769139
WALL 44993073 1 0 1627769140
WALL 44993073 1 0 1627769141
WALL 44993073 1 0 1627769142
WALL 44993073 1 0 1627769143
WALL 44993073 1 0 1627769144
WALL 44993073 1 0 1627769145
WALL 44993073 1 0 1627769146
WALL 44993073 1 0 1627769147
WALL 44993073 1 0 1627769148
WALL 44993073 1 0 1627769149
WALL 44993073 1 0 1627769150
WALL 44993073 1 0 1627769151
WALL 44993073 1 0 1627769152
WALL 44993073 1 0 1627769153
WALL 44993073 1 0 1627769154
WALL 44993073 1 0 1627769155
WALL 44993073 1 0 1627769156
WALL 44993073 1 0 1627769157
WALL 44993073 1 0 1627769158
WALL 44993073 1 0 1627769159
WALL 44993073 1 0 1627769160
WALL 44993073 1 0 1627769161
WALL 44993073 1 0 1627769162
WALL 44993073 1 0 1627769163
WALL 44993073 1 0 1627769164
WALL 44993073 1 0 1627769165
WALL 44993073 1 0 1627769166
WALL 44993073 1 0 1627769167
WALL 44993073 1 0 1627769168
WALL 44993073 1 0 1627769169
WALL 44993073 1 0 1627769170
WALL 44993073 1 0 1627769171
WALL 44993073 1 0 1627769172
WALL 44993073 1 0 1627769173
WALL 44993073 1 0 1627769174
WALL 44993073 1 0 1627769175
WALL 44993073 1 0 1627769176
WALL 44993073 1 0 1627769177
WALL 44993073 1 0 1627769178
WALL 44993073 1 0 1627769179
WALL 44993073 1 0 1627769180
WALL 44993073 1 0 1627769181
WALL 44993073 1 0 1627769182
WALL 44993073 1 0 1627769183
WALL 44993073 1 0 1627769184
WALL 44993073 1 0 1627769185
WALL 44993073 1 0 1627769186
WALL 44993073 1 0 1627769187
WALL 44993073 1 0 1627769188
WALL 44993073 1 0 1627769189
WALL 44993073 1 0 1627769190
WALL 44993073 1 0 1627769191
WALL 44993073 1 0 1627769192
WALL 44993073 1 0 1627769193
WALL 44993073 1 0 1627769194
WALL 44993073 1 0 1627769195
WALL 44993073 1 0 1627769196
WALL 44993073 1 0 1627769197
WALL 44993073 1 0 1627769198
WALL 44993073 1 0 1627769199
WALL 44993073 1 0 1627769200
WALL 44993073 1 0 1627769201
WALL 44993073 1 0 1627769202
WALL 44993073 1 0 1627769203
WALL 44993073 1 0 1627769204
WALL 44993073 1 0 1627769205
WALL 44993073 1 0 1627769206
WALL 44993073 1 0 1627769207
WALL 44993073 1 0 1627769208
WALL 44993073 1 0 1627769209
WALL 44993073 1 0 1627769210
WALL 44993073 1 0 1627769211
WALL 44993073 1 0 1627769212
WALL 44993073 1 0 1627769213
WALL 44993073 1 0 1627769214
WALL 44993073 1 0 1627769215
WALL 44993073 1 0 1627769216
WALL 44993073 1 0 1627769217
WALL 44993073 1 0 1627769218
WALL 44993073 1 0 1627769219
WALL 44993073 1 0 1627769220
WALL 44993073 1 0 1627769221
WALL 44993073 1 0 1627769222
WALL 44993073 1 0 1627769223
WALL 44993073 1 0 1627769224
WALL 44993073 1 0 1627769225
WALL 44993073 1 0 1627769226
WALL 44993073 1 0 1627769227
WALL 44993073 1 0 1627769228
WALL 44993073 1 0 1627769229
WALL 44993073 1 0 1627769230
WALL 44993073 1 0 1627769231
WALL 44993073 1 0 1627769232
WALL 44993073 1 0 1627769233
WALL 44993073 1 0 1627769234
WALL 44993073 1 0 1627769235
WALL 44993073 1 0 1627769236
WALL 44993073 1 0 1627769237
WALL 44993073 1 0 1627769238
WALL 44993073 1 0 1627769239
WALL 44993073 1 0 1627769240
WALL 44993073 1 0 1627769241
WALL 44993073 1 0 1627769242
WALL 44993073 1 0 1627769243
WALL 44993073 1 0 1627769244
WALL 44993073 1 0 1627769245
WALL 44993073 1 0 1627769246
WALL 44993073 1 0 1627769247
WALL 44993073 1 0 1627769248
WALL 44993073 1 0 1627769249
WALL 44993073 1 0 1627769250
WALL 44993073 1 0 1627769251
WALL 44993073 1 0 1627769252
WALL 44993073 1 0 1627769253
WALL 44993073 1 0 1627769254
WALL 44993073 1 0 1627769255
WALL 44993073 1 0 1627769256
received SIGTERM 1627769256
WALL 44993073 1 0 1627769256
srun: got SIGCONT
received SIGCONT 1627769256
srun: forcing job termination
WALL 44993073 1 0 1627769256
received SIGTERM 1627769256
WALL 44993073 1 0 1627769256
