WALL 44997504 1 0 1627782594
WALL 44997504 1 0 1627782595
WALL 44997504 1 0 1627782596
WALL 44997504 1 0 1627782597
WALL 44997504 1 0 1627782598
WALL 44997504 1 0 1627782599
WALL 44997504 1 0 1627782600
WALL 44997504 1 0 1627782601
WALL 44997504 1 0 1627782602
WALL 44997504 1 0 1627782603
WALL 44997504 1 0 1627782604
WALL 44997504 1 0 1627782605
WALL 44997504 1 0 1627782606
WALL 44997504 1 0 1627782607
WALL 44997504 1 0 1627782608
WALL 44997504 1 0 1627782609
WALL 44997504 1 0 1627782610
WALL 44997504 1 0 1627782611
WALL 44997504 1 0 1627782612
WALL 44997504 1 0 1627782613
WALL 44997504 1 0 1627782614
WALL 44997504 1 0 1627782615
WALL 44997504 1 0 1627782616
WALL 44997504 1 0 1627782617
WALL 44997504 1 0 1627782618
WALL 44997504 1 0 1627782619
WALL 44997504 1 0 1627782620
WALL 44997504 1 0 1627782621
WALL 44997504 1 0 1627782622
WALL 44997504 1 0 1627782623
WALL 44997504 1 0 1627782624
WALL 44997504 1 0 1627782625
WALL 44997504 1 0 1627782626
WALL 44997504 1 0 1627782627
WALL 44997504 1 0 1627782628
WALL 44997504 1 0 1627782629
WALL 44997504 1 0 1627782630
WALL 44997504 1 0 1627782631
WALL 44997504 1 0 1627782632
WALL 44997504 1 0 1627782633
WALL 44997504 1 0 1627782634
WALL 44997504 1 0 1627782635
WALL 44997504 1 0 1627782636
WALL 44997504 1 0 1627782637
WALL 44997504 1 0 1627782638
WALL 44997504 1 0 1627782639
WALL 44997504 1 0 1627782640
WALL 44997504 1 0 1627782641
WALL 44997504 1 0 1627782642
WALL 44997504 1 0 1627782643
WALL 44997504 1 0 1627782644
WALL 44997504 1 0 1627782645
WALL 44997504 1 0 1627782646
WALL 44997504 1 0 1627782647
WALL 44997504 1 0 1627782648
WALL 44997504 1 0 1627782649
WALL 44997504 1 0 1627782650
WALL 44997504 1 0 1627782651
WALL 44997504 1 0 1627782652
WALL 44997504 1 0 1627782653
WALL 44997504 1 0 1627782654
WALL 44997504 1 0 1627782655
WALL 44997504 1 0 1627782656
WALL 44997504 1 0 1627782657
WALL 44997504 1 0 1627782658
WALL 44997504 1 0 1627782659
WALL 44997504 1 0 1627782660
WALL 44997504 1 0 1627782661
WALL 44997504 1 0 1627782662
WALL 44997504 1 0 1627782663
WALL 44997504 1 0 1627782664
WALL 44997504 1 0 1627782665
WALL 44997504 1 0 1627782666
WALL 44997504 1 0 1627782667
WALL 44997504 1 0 1627782668
WALL 44997504 1 0 1627782669
WALL 44997504 1 0 1627782670
WALL 44997504 1 0 1627782671
WALL 44997504 1 0 1627782672
WALL 44997504 1 0 1627782673
WALL 44997504 1 0 1627782674
WALL 44997504 1 0 1627782675
WALL 44997504 1 0 1627782676
WALL 44997504 1 0 1627782677
WALL 44997504 1 0 1627782678
WALL 44997504 1 0 1627782679
WALL 44997504 1 0 1627782680
WALL 44997504 1 0 1627782681
WALL 44997504 1 0 1627782682
WALL 44997504 1 0 1627782683
WALL 44997504 1 0 1627782684
WALL 44997504 1 0 1627782685
WALL 44997504 1 0 1627782686
WALL 44997504 1 0 1627782687
WALL 44997504 1 0 1627782688
WALL 44997504 1 0 1627782689
WALL 44997504 1 0 1627782690
WALL 44997504 1 0 1627782691
WALL 44997504 1 0 1627782692
WALL 44997504 1 0 1627782693
WALL 44997504 1 0 1627782694
WALL 44997504 1 0 1627782695
WALL 44997504 1 0 1627782696
WALL 44997504 1 0 1627782697
WALL 44997504 1 0 1627782698
WALL 44997504 1 0 1627782699
WALL 44997504 1 0 1627782700
WALL 44997504 1 0 1627782701
WALL 44997504 1 0 1627782702
WALL 44997504 1 0 1627782703
WALL 44997504 1 0 1627782704
WALL 44997504 1 0 1627782705
WALL 44997504 1 0 1627782706
WALL 44997504 1 0 1627782707
WALL 44997504 1 0 1627782708
WALL 44997504 1 0 1627782709
WALL 44997504 1 0 1627782710
WALL 44997504 1 0 1627782711
WALL 44997504 1 0 1627782712
WALL 44997504 1 0 1627782713
WALL 44997504 1 0 1627782714
WALL 44997504 1 0 1627782715
WALL 44997504 1 0 1627782716
WALL 44997504 1 0 1627782717
WALL 44997504 1 0 1627782718
WALL 44997504 1 0 1627782719
WALL 44997504 1 0 1627782720
WALL 44997504 1 0 1627782721
WALL 44997504 1 0 1627782722
WALL 44997504 1 0 1627782723
WALL 44997504 1 0 1627782724
WALL 44997504 1 0 1627782725
WALL 44997504 1 0 1627782726
WALL 44997504 1 0 1627782727
WALL 44997504 1 0 1627782728
WALL 44997504 1 0 1627782729
WALL 44997504 1 0 1627782730
WALL 44997504 1 0 1627782731
WALL 44997504 1 0 1627782732
WALL 44997504 1 0 1627782733
WALL 44997504 1 0 1627782734
WALL 44997504 1 0 1627782735
WALL 44997504 1 0 1627782736
WALL 44997504 1 0 1627782737
WALL 44997504 1 0 1627782738
WALL 44997504 1 0 1627782739
WALL 44997504 1 0 1627782740
WALL 44997504 1 0 1627782741
WALL 44997504 1 0 1627782742
WALL 44997504 1 0 1627782743
WALL 44997504 1 0 1627782744
WALL 44997504 1 0 1627782745
WALL 44997504 1 0 1627782746
WALL 44997504 1 0 1627782747
WALL 44997504 1 0 1627782748
WALL 44997504 1 0 1627782749
WALL 44997504 1 0 1627782750
WALL 44997504 1 0 1627782751
WALL 44997504 1 0 1627782752
WALL 44997504 1 0 1627782753
WALL 44997504 1 0 1627782754
WALL 44997504 1 0 1627782755
WALL 44997504 1 0 1627782756
WALL 44997504 1 0 1627782757
WALL 44997504 1 0 1627782758
WALL 44997504 1 0 1627782759
WALL 44997504 1 0 1627782760
WALL 44997504 1 0 1627782761
WALL 44997504 1 0 1627782762
WALL 44997504 1 0 1627782763
WALL 44997504 1 0 1627782764
WALL 44997504 1 0 1627782765
WALL 44997504 1 0 1627782766
WALL 44997504 1 0 1627782767
WALL 44997504 1 0 1627782768
WALL 44997504 1 0 1627782769
WALL 44997504 1 0 1627782770
WALL 44997504 1 0 1627782771
WALL 44997504 1 0 1627782772
WALL 44997504 1 0 1627782773
WALL 44997504 1 0 1627782774
WALL 44997504 1 0 1627782775
WALL 44997504 1 0 1627782776
WALL 44997504 1 0 1627782777
WALL 44997504 1 0 1627782778
WALL 44997504 1 0 1627782779
WALL 44997504 1 0 1627782780
WALL 44997504 1 0 1627782781
WALL 44997504 1 0 1627782782
WALL 44997504 1 0 1627782783
WALL 44997504 1 0 1627782784
WALL 44997504 1 0 1627782785
WALL 44997504 1 0 1627782786
WALL 44997504 1 0 1627782787
WALL 44997504 1 0 1627782788
WALL 44997504 1 0 1627782789
WALL 44997504 1 0 1627782790
WALL 44997504 1 0 1627782791
WALL 44997504 1 0 1627782792
WALL 44997504 1 0 1627782793
WALL 44997504 1 0 1627782794
WALL 44997504 1 0 1627782795
WALL 44997504 1 0 1627782796
WALL 44997504 1 0 1627782797
WALL 44997504 1 0 1627782798
WALL 44997504 1 0 1627782799
WALL 44997504 1 0 1627782800
WALL 44997504 1 0 1627782801
WALL 44997504 1 0 1627782802
WALL 44997504 1 0 1627782803
WALL 44997504 1 0 1627782804
WALL 44997504 1 0 1627782805
WALL 44997504 1 0 1627782806
WALL 44997504 1 0 1627782807
WALL 44997504 1 0 1627782808
WALL 44997504 1 0 1627782809
WALL 44997504 1 0 1627782810
WALL 44997504 1 0 1627782811
WALL 44997504 1 0 1627782812
WALL 44997504 1 0 1627782813
WALL 44997504 1 0 1627782814
WALL 44997504 1 0 1627782815
WALL 44997504 1 0 1627782816
WALL 44997504 1 0 1627782817
WALL 44997504 1 0 1627782818
WALL 44997504 1 0 1627782819
WALL 44997504 1 0 1627782820
WALL 44997504 1 0 1627782821
WALL 44997504 1 0 1627782822
WALL 44997504 1 0 1627782823
WALL 44997504 1 0 1627782824
WALL 44997504 1 0 1627782825
WALL 44997504 1 0 1627782826
WALL 44997504 1 0 1627782827
WALL 44997504 1 0 1627782828
WALL 44997504 1 0 1627782829
WALL 44997504 1 0 1627782830
WALL 44997504 1 0 1627782831
WALL 44997504 1 0 1627782832
WALL 44997504 1 0 1627782833
WALL 44997504 1 0 1627782834
WALL 44997504 1 0 1627782835
WALL 44997504 1 0 1627782836
WALL 44997504 1 0 1627782837
WALL 44997504 1 0 1627782838
WALL 44997504 1 0 1627782839
WALL 44997504 1 0 1627782840
WALL 44997504 1 0 1627782841
WALL 44997504 1 0 1627782842
WALL 44997504 1 0 1627782843
WALL 44997504 1 0 1627782844
WALL 44997504 1 0 1627782845
WALL 44997504 1 0 1627782846
WALL 44997504 1 0 1627782847
WALL 44997504 1 0 1627782848
WALL 44997504 1 0 1627782849
WALL 44997504 1 0 1627782850
WALL 44997504 1 0 1627782851
WALL 44997504 1 0 1627782852
WALL 44997504 1 0 1627782853
WALL 44997504 1 0 1627782854
WALL 44997504 1 0 1627782855
WALL 44997504 1 0 1627782856
WALL 44997504 1 0 1627782857
WALL 44997504 1 0 1627782858
WALL 44997504 1 0 1627782859
WALL 44997504 1 0 1627782860
WALL 44997504 1 0 1627782861
WALL 44997504 1 0 1627782862
WALL 44997504 1 0 1627782863
WALL 44997504 1 0 1627782864
WALL 44997504 1 0 1627782865
WALL 44997504 1 0 1627782866
WALL 44997504 1 0 1627782867
WALL 44997504 1 0 1627782868
WALL 44997504 1 0 1627782869
WALL 44997504 1 0 1627782870
WALL 44997504 1 0 1627782871
WALL 44997504 1 0 1627782872
WALL 44997504 1 0 1627782873
WALL 44997504 1 0 1627782874
WALL 44997504 1 0 1627782875
WALL 44997504 1 0 1627782876
WALL 44997504 1 0 1627782877
WALL 44997504 1 0 1627782878
WALL 44997504 1 0 1627782879
WALL 44997504 1 0 1627782880
WALL 44997504 1 0 1627782881
WALL 44997504 1 0 1627782882
WALL 44997504 1 0 1627782883
WALL 44997504 1 0 1627782884
WALL 44997504 1 0 1627782885
WALL 44997504 1 0 1627782886
WALL 44997504 1 0 1627782887
WALL 44997504 1 0 1627782888
WALL 44997504 1 0 1627782889
WALL 44997504 1 0 1627782890
WALL 44997504 1 0 1627782891
WALL 44997504 1 0 1627782892
WALL 44997504 1 0 1627782893
WALL 44997504 1 0 1627782894
WALL 44997504 1 0 1627782895
WALL 44997504 1 0 1627782896
WALL 44997504 1 0 1627782897
WALL 44997504 1 0 1627782898
WALL 44997504 1 0 1627782899
WALL 44997504 1 0 1627782900
WALL 44997504 1 0 1627782901
WALL 44997504 1 0 1627782902
WALL 44997504 1 0 1627782903
WALL 44997504 1 0 1627782904
WALL 44997504 1 0 1627782905
WALL 44997504 1 0 1627782906
WALL 44997504 1 0 1627782907
WALL 44997504 1 0 1627782908
WALL 44997504 1 0 1627782909
WALL 44997504 1 0 1627782910
WALL 44997504 1 0 1627782911
WALL 44997504 1 0 1627782912
WALL 44997504 1 0 1627782913
WALL 44997504 1 0 1627782914
WALL 44997504 1 0 1627782915
WALL 44997504 1 0 1627782916
WALL 44997504 1 0 1627782917
WALL 44997504 1 0 1627782918
WALL 44997504 1 0 1627782919
WALL 44997504 1 0 1627782920
WALL 44997504 1 0 1627782921
WALL 44997504 1 0 1627782922
WALL 44997504 1 0 1627782923
WALL 44997504 1 0 1627782924
WALL 44997504 1 0 1627782925
WALL 44997504 1 0 1627782926
WALL 44997504 1 0 1627782927
WALL 44997504 1 0 1627782928
WALL 44997504 1 0 1627782929
WALL 44997504 1 0 1627782930
WALL 44997504 1 0 1627782931
WALL 44997504 1 0 1627782932
WALL 44997504 1 0 1627782933
WALL 44997504 1 0 1627782934
WALL 44997504 1 0 1627782935
WALL 44997504 1 0 1627782936
WALL 44997504 1 0 1627782937
WALL 44997504 1 0 1627782938
WALL 44997504 1 0 1627782939
WALL 44997504 1 0 1627782940
WALL 44997504 1 0 1627782941
WALL 44997504 1 0 1627782942
WALL 44997504 1 0 1627782943
WALL 44997504 1 0 1627782944
WALL 44997504 1 0 1627782945
WALL 44997504 1 0 1627782946
WALL 44997504 1 0 1627782947
WALL 44997504 1 0 1627782948
WALL 44997504 1 0 1627782949
WALL 44997504 1 0 1627782950
WALL 44997504 1 0 1627782951
WALL 44997504 1 0 1627782952
WALL 44997504 1 0 1627782953
WALL 44997504 1 0 1627782954
WALL 44997504 1 0 1627782955
WALL 44997504 1 0 1627782956
WALL 44997504 1 0 1627782957
WALL 44997504 1 0 1627782958
WALL 44997504 1 0 1627782959
WALL 44997504 1 0 1627782960
WALL 44997504 1 0 1627782961
WALL 44997504 1 0 1627782962
WALL 44997504 1 0 1627782963
WALL 44997504 1 0 1627782964
WALL 44997504 1 0 1627782965
WALL 44997504 1 0 1627782966
WALL 44997504 1 0 1627782967
WALL 44997504 1 0 1627782968
WALL 44997504 1 0 1627782969
WALL 44997504 1 0 1627782970
WALL 44997504 1 0 1627782971
WALL 44997504 1 0 1627782972
WALL 44997504 1 0 1627782973
WALL 44997504 1 0 1627782974
WALL 44997504 1 0 1627782975
WALL 44997504 1 0 1627782976
WALL 44997504 1 0 1627782977
WALL 44997504 1 0 1627782978
WALL 44997504 1 0 1627782979
WALL 44997504 1 0 1627782980
WALL 44997504 1 0 1627782981
WALL 44997504 1 0 1627782982
WALL 44997504 1 0 1627782983
WALL 44997504 1 0 1627782984
WALL 44997504 1 0 1627782985
WALL 44997504 1 0 1627782986
WALL 44997504 1 0 1627782987
WALL 44997504 1 0 1627782988
WALL 44997504 1 0 1627782989
WALL 44997504 1 0 1627782990
WALL 44997504 1 0 1627782991
WALL 44997504 1 0 1627782992
WALL 44997504 1 0 1627782993
WALL 44997504 1 0 1627782994
WALL 44997504 1 0 1627782995
WALL 44997504 1 0 1627782996
slurmstepd: error: *** STEP 44997504.0 ON nid00795 CANCELLED AT 2021-07-31T18:56:36 ***
received SIGCONT 1627782996
received SIGTERM 1627782996
WALL 44997504 1 0 1627782996
WALL 44997504 1 0 1627782997
WALL 44997504 1 0 1627782998
WALL 44997504 1 0 1627782999
WALL 44997504 1 0 1627783000
WALL 44997504 1 0 1627783001
WALL 44997504 1 0 1627783002
WALL 44997504 1 0 1627783003
WALL 44997504 1 0 1627783004
WALL 44997504 1 0 1627783005
WALL 44997504 1 0 1627783006
WALL 44997504 1 0 1627783007
WALL 44997504 1 0 1627783008
WALL 44997504 1 0 1627783009
WALL 44997504 1 0 1627783010
WALL 44997504 1 0 1627783011
WALL 44997504 1 0 1627783012
WALL 44997504 1 0 1627783013
WALL 44997504 1 0 1627783014
WALL 44997504 1 0 1627783015
WALL 44997504 1 0 1627783016
WALL 44997504 1 0 1627783017
WALL 44997504 1 0 1627783018
WALL 44997504 1 0 1627783019
WALL 44997504 1 0 1627783020
WALL 44997504 1 0 1627783021
WALL 44997504 1 0 1627783022
WALL 44997504 1 0 1627783023
WALL 44997504 1 0 1627783024
WALL 44997504 1 0 1627783025
WALL 44997504 1 0 1627783026
WALL 44997504 1 0 1627783027
WALL 44997504 1 0 1627783028
WALL 44997504 1 0 1627783029
WALL 44997504 1 0 1627783030
WALL 44997504 1 0 1627783031
WALL 44997504 1 0 1627783032
WALL 44997504 1 0 1627783033
WALL 44997504 1 0 1627783034
WALL 44997504 1 0 1627783035
WALL 44997504 1 0 1627783036
WALL 44997504 1 0 1627783037
WALL 44997504 1 0 1627783038
WALL 44997504 1 0 1627783039
WALL 44997504 1 0 1627783040
WALL 44997504 1 0 1627783041
WALL 44997504 1 0 1627783042
WALL 44997504 1 0 1627783043
WALL 44997504 1 0 1627783044
WALL 44997504 1 0 1627783045
WALL 44997504 1 0 1627783046
WALL 44997504 1 0 1627783047
WALL 44997504 1 0 1627783048
WALL 44997504 1 0 1627783049
WALL 44997504 1 0 1627783050
WALL 44997504 1 0 1627783051
WALL 44997504 1 0 1627783052
WALL 44997504 1 0 1627783053
WALL 44997504 1 0 1627783054
WALL 44997504 1 0 1627783055
WALL 44997504 1 0 1627783056
WALL 44997504 1 0 1627783057
WALL 44997504 1 0 1627783058
WALL 44997504 1 0 1627783059
received SIGTERM 1627783059
WALL 44997504 1 0 1627783059
received SIGCONT 1627783059
WALL 44997504 1 0 1627783059
srun: got SIGCONT
received SIGTERM 1627783059
