srun: Warning: can't run 1 processes on 4 nodes, setting nnodes to 1
WALL 44997482 1 0 1627781046
WALL 44997482 1 0 1627781047
WALL 44997482 1 0 1627781048
WALL 44997482 1 0 1627781049
WALL 44997482 1 0 1627781050
WALL 44997482 1 0 1627781051
WALL 44997482 1 0 1627781052
WALL 44997482 1 0 1627781053
WALL 44997482 1 0 1627781054
WALL 44997482 1 0 1627781055
WALL 44997482 1 0 1627781056
WALL 44997482 1 0 1627781057
WALL 44997482 1 0 1627781058
WALL 44997482 1 0 1627781059
WALL 44997482 1 0 1627781060
WALL 44997482 1 0 1627781061
WALL 44997482 1 0 1627781062
WALL 44997482 1 0 1627781063
WALL 44997482 1 0 1627781064
WALL 44997482 1 0 1627781065
WALL 44997482 1 0 1627781066
WALL 44997482 1 0 1627781067
WALL 44997482 1 0 1627781068
WALL 44997482 1 0 1627781069
WALL 44997482 1 0 1627781070
WALL 44997482 1 0 1627781071
WALL 44997482 1 0 1627781072
WALL 44997482 1 0 1627781073
WALL 44997482 1 0 1627781074
WALL 44997482 1 0 1627781075
WALL 44997482 1 0 1627781076
WALL 44997482 1 0 1627781077
WALL 44997482 1 0 1627781078
WALL 44997482 1 0 1627781079
WALL 44997482 1 0 1627781080
WALL 44997482 1 0 1627781081
WALL 44997482 1 0 1627781082
WALL 44997482 1 0 1627781083
WALL 44997482 1 0 1627781084
WALL 44997482 1 0 1627781085
WALL 44997482 1 0 1627781086
WALL 44997482 1 0 1627781087
WALL 44997482 1 0 1627781088
WALL 44997482 1 0 1627781089
WALL 44997482 1 0 1627781090
WALL 44997482 1 0 1627781091
WALL 44997482 1 0 1627781092
WALL 44997482 1 0 1627781093
WALL 44997482 1 0 1627781094
WALL 44997482 1 0 1627781095
WALL 44997482 1 0 1627781096
WALL 44997482 1 0 1627781097
WALL 44997482 1 0 1627781098
WALL 44997482 1 0 1627781099
WALL 44997482 1 0 1627781100
WALL 44997482 1 0 1627781101
WALL 44997482 1 0 1627781102
WALL 44997482 1 0 1627781103
WALL 44997482 1 0 1627781104
WALL 44997482 1 0 1627781105
WALL 44997482 1 0 1627781106
WALL 44997482 1 0 1627781107
WALL 44997482 1 0 1627781108
WALL 44997482 1 0 1627781109
WALL 44997482 1 0 1627781110
WALL 44997482 1 0 1627781111
WALL 44997482 1 0 1627781112
WALL 44997482 1 0 1627781113
WALL 44997482 1 0 1627781114
WALL 44997482 1 0 1627781115
WALL 44997482 1 0 1627781116
WALL 44997482 1 0 1627781117
WALL 44997482 1 0 1627781118
WALL 44997482 1 0 1627781119
WALL 44997482 1 0 1627781120
WALL 44997482 1 0 1627781121
WALL 44997482 1 0 1627781122
WALL 44997482 1 0 1627781123
WALL 44997482 1 0 1627781124
WALL 44997482 1 0 1627781125
WALL 44997482 1 0 1627781126
WALL 44997482 1 0 1627781127
WALL 44997482 1 0 1627781128
WALL 44997482 1 0 1627781129
WALL 44997482 1 0 1627781130
WALL 44997482 1 0 1627781131
WALL 44997482 1 0 1627781132
WALL 44997482 1 0 1627781133
WALL 44997482 1 0 1627781134
WALL 44997482 1 0 1627781135
WALL 44997482 1 0 1627781136
WALL 44997482 1 0 1627781137
WALL 44997482 1 0 1627781138
WALL 44997482 1 0 1627781139
WALL 44997482 1 0 1627781140
WALL 44997482 1 0 1627781141
WALL 44997482 1 0 1627781142
WALL 44997482 1 0 1627781143
WALL 44997482 1 0 1627781144
WALL 44997482 1 0 1627781145
WALL 44997482 1 0 1627781146
WALL 44997482 1 0 1627781147
WALL 44997482 1 0 1627781148
WALL 44997482 1 0 1627781149
WALL 44997482 1 0 1627781150
WALL 44997482 1 0 1627781151
WALL 44997482 1 0 1627781152
WALL 44997482 1 0 1627781153
WALL 44997482 1 0 1627781154
WALL 44997482 1 0 1627781155
WALL 44997482 1 0 1627781156
WALL 44997482 1 0 1627781157
WALL 44997482 1 0 1627781158
WALL 44997482 1 0 1627781159
WALL 44997482 1 0 1627781160
WALL 44997482 1 0 1627781161
WALL 44997482 1 0 1627781162
WALL 44997482 1 0 1627781163
WALL 44997482 1 0 1627781164
WALL 44997482 1 0 1627781165
WALL 44997482 1 0 1627781166
WALL 44997482 1 0 1627781167
WALL 44997482 1 0 1627781168
WALL 44997482 1 0 1627781169
WALL 44997482 1 0 1627781170
WALL 44997482 1 0 1627781171
WALL 44997482 1 0 1627781172
WALL 44997482 1 0 1627781173
WALL 44997482 1 0 1627781174
WALL 44997482 1 0 1627781175
WALL 44997482 1 0 1627781176
WALL 44997482 1 0 1627781177
WALL 44997482 1 0 1627781178
WALL 44997482 1 0 1627781179
WALL 44997482 1 0 1627781180
WALL 44997482 1 0 1627781181
WALL 44997482 1 0 1627781182
WALL 44997482 1 0 1627781183
WALL 44997482 1 0 1627781184
WALL 44997482 1 0 1627781185
WALL 44997482 1 0 1627781186
WALL 44997482 1 0 1627781187
WALL 44997482 1 0 1627781188
WALL 44997482 1 0 1627781189
WALL 44997482 1 0 1627781190
WALL 44997482 1 0 1627781191
WALL 44997482 1 0 1627781192
WALL 44997482 1 0 1627781193
WALL 44997482 1 0 1627781194
WALL 44997482 1 0 1627781195
WALL 44997482 1 0 1627781196
WALL 44997482 1 0 1627781197
WALL 44997482 1 0 1627781198
WALL 44997482 1 0 1627781199
WALL 44997482 1 0 1627781200
WALL 44997482 1 0 1627781201
WALL 44997482 1 0 1627781202
WALL 44997482 1 0 1627781203
WALL 44997482 1 0 1627781204
WALL 44997482 1 0 1627781205
WALL 44997482 1 0 1627781206
WALL 44997482 1 0 1627781207
WALL 44997482 1 0 1627781208
WALL 44997482 1 0 1627781209
WALL 44997482 1 0 1627781210
WALL 44997482 1 0 1627781211
WALL 44997482 1 0 1627781212
WALL 44997482 1 0 1627781213
WALL 44997482 1 0 1627781214
WALL 44997482 1 0 1627781215
WALL 44997482 1 0 1627781216
WALL 44997482 1 0 1627781217
WALL 44997482 1 0 1627781218
WALL 44997482 1 0 1627781219
WALL 44997482 1 0 1627781220
WALL 44997482 1 0 1627781221
WALL 44997482 1 0 1627781222
WALL 44997482 1 0 1627781223
WALL 44997482 1 0 1627781224
WALL 44997482 1 0 1627781225
WALL 44997482 1 0 1627781226
WALL 44997482 1 0 1627781227
WALL 44997482 1 0 1627781228
WALL 44997482 1 0 1627781229
WALL 44997482 1 0 1627781230
WALL 44997482 1 0 1627781231
WALL 44997482 1 0 1627781232
WALL 44997482 1 0 1627781233
WALL 44997482 1 0 1627781234
WALL 44997482 1 0 1627781235
WALL 44997482 1 0 1627781236
WALL 44997482 1 0 1627781237
WALL 44997482 1 0 1627781238
WALL 44997482 1 0 1627781239
WALL 44997482 1 0 1627781240
WALL 44997482 1 0 1627781241
WALL 44997482 1 0 1627781242
WALL 44997482 1 0 1627781243
WALL 44997482 1 0 1627781244
WALL 44997482 1 0 1627781245
WALL 44997482 1 0 1627781246
WALL 44997482 1 0 1627781247
WALL 44997482 1 0 1627781248
WALL 44997482 1 0 1627781249
WALL 44997482 1 0 1627781250
WALL 44997482 1 0 1627781251
WALL 44997482 1 0 1627781252
WALL 44997482 1 0 1627781253
WALL 44997482 1 0 1627781254
WALL 44997482 1 0 1627781255
WALL 44997482 1 0 1627781256
WALL 44997482 1 0 1627781257
WALL 44997482 1 0 1627781258
WALL 44997482 1 0 1627781259
WALL 44997482 1 0 1627781260
WALL 44997482 1 0 1627781261
WALL 44997482 1 0 1627781262
WALL 44997482 1 0 1627781263
WALL 44997482 1 0 1627781264
WALL 44997482 1 0 1627781265
WALL 44997482 1 0 1627781266
WALL 44997482 1 0 1627781267
WALL 44997482 1 0 1627781268
WALL 44997482 1 0 1627781269
WALL 44997482 1 0 1627781270
WALL 44997482 1 0 1627781271
WALL 44997482 1 0 1627781272
WALL 44997482 1 0 1627781273
WALL 44997482 1 0 1627781274
WALL 44997482 1 0 1627781275
WALL 44997482 1 0 1627781276
WALL 44997482 1 0 1627781277
WALL 44997482 1 0 1627781278
WALL 44997482 1 0 1627781279
WALL 44997482 1 0 1627781280
WALL 44997482 1 0 1627781281
WALL 44997482 1 0 1627781282
WALL 44997482 1 0 1627781283
WALL 44997482 1 0 1627781284
WALL 44997482 1 0 1627781285
WALL 44997482 1 0 1627781286
WALL 44997482 1 0 1627781287
WALL 44997482 1 0 1627781288
WALL 44997482 1 0 1627781289
WALL 44997482 1 0 1627781290
WALL 44997482 1 0 1627781291
WALL 44997482 1 0 1627781292
WALL 44997482 1 0 1627781293
WALL 44997482 1 0 1627781294
WALL 44997482 1 0 1627781295
WALL 44997482 1 0 1627781296
WALL 44997482 1 0 1627781297
WALL 44997482 1 0 1627781298
WALL 44997482 1 0 1627781299
WALL 44997482 1 0 1627781300
WALL 44997482 1 0 1627781301
WALL 44997482 1 0 1627781302
WALL 44997482 1 0 1627781303
WALL 44997482 1 0 1627781304
WALL 44997482 1 0 1627781305
WALL 44997482 1 0 1627781306
WALL 44997482 1 0 1627781307
WALL 44997482 1 0 1627781308
WALL 44997482 1 0 1627781309
WALL 44997482 1 0 1627781310
WALL 44997482 1 0 1627781311
WALL 44997482 1 0 1627781312
WALL 44997482 1 0 1627781313
WALL 44997482 1 0 1627781314
WALL 44997482 1 0 1627781315
WALL 44997482 1 0 1627781316
WALL 44997482 1 0 1627781317
WALL 44997482 1 0 1627781318
WALL 44997482 1 0 1627781319
WALL 44997482 1 0 1627781320
WALL 44997482 1 0 1627781321
WALL 44997482 1 0 1627781322
WALL 44997482 1 0 1627781323
WALL 44997482 1 0 1627781324
WALL 44997482 1 0 1627781325
WALL 44997482 1 0 1627781326
WALL 44997482 1 0 1627781327
WALL 44997482 1 0 1627781328
WALL 44997482 1 0 1627781329
WALL 44997482 1 0 1627781330
WALL 44997482 1 0 1627781331
WALL 44997482 1 0 1627781332
WALL 44997482 1 0 1627781333
WALL 44997482 1 0 1627781334
WALL 44997482 1 0 1627781335
WALL 44997482 1 0 1627781336
WALL 44997482 1 0 1627781337
WALL 44997482 1 0 1627781338
WALL 44997482 1 0 1627781339
WALL 44997482 1 0 1627781340
WALL 44997482 1 0 1627781341
WALL 44997482 1 0 1627781342
WALL 44997482 1 0 1627781343
WALL 44997482 1 0 1627781344
WALL 44997482 1 0 1627781345
WALL 44997482 1 0 1627781346
WALL 44997482 1 0 1627781347
WALL 44997482 1 0 1627781348
WALL 44997482 1 0 1627781349
WALL 44997482 1 0 1627781350
WALL 44997482 1 0 1627781351
WALL 44997482 1 0 1627781352
WALL 44997482 1 0 1627781353
WALL 44997482 1 0 1627781354
WALL 44997482 1 0 1627781355
WALL 44997482 1 0 1627781356
WALL 44997482 1 0 1627781357
WALL 44997482 1 0 1627781358
WALL 44997482 1 0 1627781359
WALL 44997482 1 0 1627781360
WALL 44997482 1 0 1627781361
WALL 44997482 1 0 1627781362
WALL 44997482 1 0 1627781363
WALL 44997482 1 0 1627781364
WALL 44997482 1 0 1627781365
WALL 44997482 1 0 1627781366
WALL 44997482 1 0 1627781367
WALL 44997482 1 0 1627781368
WALL 44997482 1 0 1627781369
WALL 44997482 1 0 1627781370
WALL 44997482 1 0 1627781371
WALL 44997482 1 0 1627781372
WALL 44997482 1 0 1627781373
WALL 44997482 1 0 1627781374
WALL 44997482 1 0 1627781375
WALL 44997482 1 0 1627781376
WALL 44997482 1 0 1627781377
WALL 44997482 1 0 1627781378
WALL 44997482 1 0 1627781379
WALL 44997482 1 0 1627781380
WALL 44997482 1 0 1627781381
WALL 44997482 1 0 1627781382
WALL 44997482 1 0 1627781383
WALL 44997482 1 0 1627781384
WALL 44997482 1 0 1627781385
WALL 44997482 1 0 1627781386
WALL 44997482 1 0 1627781387
WALL 44997482 1 0 1627781388
WALL 44997482 1 0 1627781389
WALL 44997482 1 0 1627781390
WALL 44997482 1 0 1627781391
WALL 44997482 1 0 1627781392
WALL 44997482 1 0 1627781393
WALL 44997482 1 0 1627781394
WALL 44997482 1 0 1627781395
WALL 44997482 1 0 1627781396
WALL 44997482 1 0 1627781397
WALL 44997482 1 0 1627781398
WALL 44997482 1 0 1627781399
WALL 44997482 1 0 1627781400
WALL 44997482 1 0 1627781401
WALL 44997482 1 0 1627781402
WALL 44997482 1 0 1627781403
WALL 44997482 1 0 1627781404
WALL 44997482 1 0 1627781405
WALL 44997482 1 0 1627781406
WALL 44997482 1 0 1627781407
WALL 44997482 1 0 1627781408
WALL 44997482 1 0 1627781409
WALL 44997482 1 0 1627781410
WALL 44997482 1 0 1627781411
WALL 44997482 1 0 1627781412
WALL 44997482 1 0 1627781413
WALL 44997482 1 0 1627781414
WALL 44997482 1 0 1627781415
WALL 44997482 1 0 1627781416
WALL 44997482 1 0 1627781417
WALL 44997482 1 0 1627781418
WALL 44997482 1 0 1627781419
WALL 44997482 1 0 1627781420
WALL 44997482 1 0 1627781421
WALL 44997482 1 0 1627781422
WALL 44997482 1 0 1627781423
WALL 44997482 1 0 1627781424
WALL 44997482 1 0 1627781425
WALL 44997482 1 0 1627781426
WALL 44997482 1 0 1627781427
WALL 44997482 1 0 1627781428
WALL 44997482 1 0 1627781429
WALL 44997482 1 0 1627781430
WALL 44997482 1 0 1627781431
WALL 44997482 1 0 1627781432
WALL 44997482 1 0 1627781433
WALL 44997482 1 0 1627781434
WALL 44997482 1 0 1627781435
WALL 44997482 1 0 1627781436
WALL 44997482 1 0 1627781437
WALL 44997482 1 0 1627781438
WALL 44997482 1 0 1627781439
WALL 44997482 1 0 1627781440
WALL 44997482 1 0 1627781441
WALL 44997482 1 0 1627781442
WALL 44997482 1 0 1627781443
WALL 44997482 1 0 1627781444
WALL 44997482 1 0 1627781445
WALL 44997482 1 0 1627781446
WALL 44997482 1 0 1627781447
WALL 44997482 1 0 1627781448
WALL 44997482 1 0 1627781449
WALL 44997482 1 0 1627781450
WALL 44997482 1 0 1627781451
WALL 44997482 1 0 1627781452
WALL 44997482 1 0 1627781453
WALL 44997482 1 0 1627781454
WALL 44997482 1 0 1627781455
WALL 44997482 1 0 1627781456
WALL 44997482 1 0 1627781457
WALL 44997482 1 0 1627781458
WALL 44997482 1 0 1627781459
WALL 44997482 1 0 1627781460
WALL 44997482 1 0 1627781461
WALL 44997482 1 0 1627781462
WALL 44997482 1 0 1627781463
WALL 44997482 1 0 1627781464
WALL 44997482 1 0 1627781465
WALL 44997482 1 0 1627781466
WALL 44997482 1 0 1627781467
WALL 44997482 1 0 1627781468
WALL 44997482 1 0 1627781469
WALL 44997482 1 0 1627781470
WALL 44997482 1 0 1627781471
WALL 44997482 1 0 1627781472
WALL 44997482 1 0 1627781473
WALL 44997482 1 0 1627781474
WALL 44997482 1 0 1627781475
WALL 44997482 1 0 1627781476
WALL 44997482 1 0 1627781477
WALL 44997482 1 0 1627781478
WALL 44997482 1 0 1627781479
WALL 44997482 1 0 1627781480
WALL 44997482 1 0 1627781481
WALL 44997482 1 0 1627781482
WALL 44997482 1 0 1627781483
WALL 44997482 1 0 1627781484
WALL 44997482 1 0 1627781485
WALL 44997482 1 0 1627781486
WALL 44997482 1 0 1627781487
WALL 44997482 1 0 1627781488
WALL 44997482 1 0 1627781489
WALL 44997482 1 0 1627781490
WALL 44997482 1 0 1627781491
WALL 44997482 1 0 1627781492
WALL 44997482 1 0 1627781493
WALL 44997482 1 0 1627781494
WALL 44997482 1 0 1627781495
WALL 44997482 1 0 1627781496
WALL 44997482 1 0 1627781497
WALL 44997482 1 0 1627781498
WALL 44997482 1 0 1627781499
WALL 44997482 1 0 1627781500
WALL 44997482 1 0 1627781501
WALL 44997482 1 0 1627781502
WALL 44997482 1 0 1627781503
WALL 44997482 1 0 1627781504
WALL 44997482 1 0 1627781505
WALL 44997482 1 0 1627781506
WALL 44997482 1 0 1627781507
WALL 44997482 1 0 1627781508
WALL 44997482 1 0 1627781509
WALL 44997482 1 0 1627781510
WALL 44997482 1 0 1627781511
WALL 44997482 1 0 1627781512
WALL 44997482 1 0 1627781513
WALL 44997482 1 0 1627781514
WALL 44997482 1 0 1627781515
WALL 44997482 1 0 1627781516
WALL 44997482 1 0 1627781517
WALL 44997482 1 0 1627781518
WALL 44997482 1 0 1627781519
WALL 44997482 1 0 1627781520
WALL 44997482 1 0 1627781521
WALL 44997482 1 0 1627781522
WALL 44997482 1 0 1627781523
WALL 44997482 1 0 1627781524
WALL 44997482 1 0 1627781525
WALL 44997482 1 0 1627781526
WALL 44997482 1 0 1627781527
WALL 44997482 1 0 1627781528
WALL 44997482 1 0 1627781529
WALL 44997482 1 0 1627781530
WALL 44997482 1 0 1627781531
WALL 44997482 1 0 1627781532
WALL 44997482 1 0 1627781533
WALL 44997482 1 0 1627781534
WALL 44997482 1 0 1627781535
WALL 44997482 1 0 1627781536
WALL 44997482 1 0 1627781537
WALL 44997482 1 0 1627781538
WALL 44997482 1 0 1627781539
WALL 44997482 1 0 1627781540
WALL 44997482 1 0 1627781541
WALL 44997482 1 0 1627781542
WALL 44997482 1 0 1627781543
WALL 44997482 1 0 1627781544
WALL 44997482 1 0 1627781545
WALL 44997482 1 0 1627781546
WALL 44997482 1 0 1627781547
WALL 44997482 1 0 1627781548
WALL 44997482 1 0 1627781549
WALL 44997482 1 0 1627781550
WALL 44997482 1 0 1627781551
WALL 44997482 1 0 1627781552
WALL 44997482 1 0 1627781553
WALL 44997482 1 0 1627781554
WALL 44997482 1 0 1627781555
WALL 44997482 1 0 1627781556
WALL 44997482 1 0 1627781557
WALL 44997482 1 0 1627781558
WALL 44997482 1 0 1627781559
WALL 44997482 1 0 1627781560
WALL 44997482 1 0 1627781561
WALL 44997482 1 0 1627781562
WALL 44997482 1 0 1627781563
WALL 44997482 1 0 1627781564
WALL 44997482 1 0 1627781565
WALL 44997482 1 0 1627781566
WALL 44997482 1 0 1627781567
WALL 44997482 1 0 1627781568
WALL 44997482 1 0 1627781569
WALL 44997482 1 0 1627781570
WALL 44997482 1 0 1627781571
WALL 44997482 1 0 1627781572
WALL 44997482 1 0 1627781573
WALL 44997482 1 0 1627781574
WALL 44997482 1 0 1627781575
WALL 44997482 1 0 1627781576
WALL 44997482 1 0 1627781577
WALL 44997482 1 0 1627781578
WALL 44997482 1 0 1627781579
WALL 44997482 1 0 1627781580
WALL 44997482 1 0 1627781581
WALL 44997482 1 0 1627781582
WALL 44997482 1 0 1627781583
WALL 44997482 1 0 1627781584
WALL 44997482 1 0 1627781585
WALL 44997482 1 0 1627781586
WALL 44997482 1 0 1627781587
WALL 44997482 1 0 1627781588
WALL 44997482 1 0 1627781589
WALL 44997482 1 0 1627781590
WALL 44997482 1 0 1627781591
WALL 44997482 1 0 1627781592
WALL 44997482 1 0 1627781593
WALL 44997482 1 0 1627781594
WALL 44997482 1 0 1627781595
WALL 44997482 1 0 1627781596
WALL 44997482 1 0 1627781597
WALL 44997482 1 0 1627781598
WALL 44997482 1 0 1627781599
WALL 44997482 1 0 1627781600
WALL 44997482 1 0 1627781601
WALL 44997482 1 0 1627781602
WALL 44997482 1 0 1627781603
WALL 44997482 1 0 1627781604
WALL 44997482 1 0 1627781605
WALL 44997482 1 0 1627781606
WALL 44997482 1 0 1627781607
WALL 44997482 1 0 1627781608
WALL 44997482 1 0 1627781609
WALL 44997482 1 0 1627781610
WALL 44997482 1 0 1627781611
WALL 44997482 1 0 1627781612
WALL 44997482 1 0 1627781613
WALL 44997482 1 0 1627781614
WALL 44997482 1 0 1627781615
WALL 44997482 1 0 1627781616
WALL 44997482 1 0 1627781617
WALL 44997482 1 0 1627781618
WALL 44997482 1 0 1627781619
WALL 44997482 1 0 1627781620
WALL 44997482 1 0 1627781621
WALL 44997482 1 0 1627781622
WALL 44997482 1 0 1627781623
WALL 44997482 1 0 1627781624
WALL 44997482 1 0 1627781625
WALL 44997482 1 0 1627781626
WALL 44997482 1 0 1627781627
WALL 44997482 1 0 1627781628
WALL 44997482 1 0 1627781629
WALL 44997482 1 0 1627781630
WALL 44997482 1 0 1627781631
WALL 44997482 1 0 1627781632
WALL 44997482 1 0 1627781633
WALL 44997482 1 0 1627781634
WALL 44997482 1 0 1627781635
WALL 44997482 1 0 1627781636
WALL 44997482 1 0 1627781637
WALL 44997482 1 0 1627781638
WALL 44997482 1 0 1627781639
WALL 44997482 1 0 1627781640
WALL 44997482 1 0 1627781641
WALL 44997482 1 0 1627781642
WALL 44997482 1 0 1627781643
WALL 44997482 1 0 1627781644
WALL 44997482 1 0 1627781645
WALL 44997482 1 0 1627781646
WALL 44997482 1 0 1627781647
WALL 44997482 1 0 1627781648
WALL 44997482 1 0 1627781649
WALL 44997482 1 0 1627781650
WALL 44997482 1 0 1627781651
WALL 44997482 1 0 1627781652
WALL 44997482 1 0 1627781653
WALL 44997482 1 0 1627781654
WALL 44997482 1 0 1627781655
WALL 44997482 1 0 1627781656
WALL 44997482 1 0 1627781657
WALL 44997482 1 0 1627781658
WALL 44997482 1 0 1627781659
WALL 44997482 1 0 1627781660
WALL 44997482 1 0 1627781661
WALL 44997482 1 0 1627781662
WALL 44997482 1 0 1627781663
WALL 44997482 1 0 1627781664
WALL 44997482 1 0 1627781665
WALL 44997482 1 0 1627781666
WALL 44997482 1 0 1627781667
WALL 44997482 1 0 1627781668
WALL 44997482 1 0 1627781669
WALL 44997482 1 0 1627781670
WALL 44997482 1 0 1627781671
WALL 44997482 1 0 1627781672
WALL 44997482 1 0 1627781673
WALL 44997482 1 0 1627781674
WALL 44997482 1 0 1627781675
WALL 44997482 1 0 1627781676
WALL 44997482 1 0 1627781677
WALL 44997482 1 0 1627781678
WALL 44997482 1 0 1627781679
WALL 44997482 1 0 1627781680
WALL 44997482 1 0 1627781681
WALL 44997482 1 0 1627781682
WALL 44997482 1 0 1627781683
WALL 44997482 1 0 1627781684
WALL 44997482 1 0 1627781685
WALL 44997482 1 0 1627781686
WALL 44997482 1 0 1627781687
WALL 44997482 1 0 1627781688
WALL 44997482 1 0 1627781689
WALL 44997482 1 0 1627781690
WALL 44997482 1 0 1627781691
WALL 44997482 1 0 1627781692
WALL 44997482 1 0 1627781693
WALL 44997482 1 0 1627781694
WALL 44997482 1 0 1627781695
WALL 44997482 1 0 1627781696
WALL 44997482 1 0 1627781697
WALL 44997482 1 0 1627781698
WALL 44997482 1 0 1627781699
WALL 44997482 1 0 1627781700
WALL 44997482 1 0 1627781701
WALL 44997482 1 0 1627781702
WALL 44997482 1 0 1627781703
WALL 44997482 1 0 1627781704
WALL 44997482 1 0 1627781705
WALL 44997482 1 0 1627781706
WALL 44997482 1 0 1627781707
WALL 44997482 1 0 1627781708
WALL 44997482 1 0 1627781709
WALL 44997482 1 0 1627781710
WALL 44997482 1 0 1627781711
WALL 44997482 1 0 1627781712
WALL 44997482 1 0 1627781713
WALL 44997482 1 0 1627781714
WALL 44997482 1 0 1627781715
WALL 44997482 1 0 1627781716
WALL 44997482 1 0 1627781717
WALL 44997482 1 0 1627781718
WALL 44997482 1 0 1627781719
WALL 44997482 1 0 1627781720
WALL 44997482 1 0 1627781721
WALL 44997482 1 0 1627781722
WALL 44997482 1 0 1627781723
WALL 44997482 1 0 1627781724
WALL 44997482 1 0 1627781725
WALL 44997482 1 0 1627781726
WALL 44997482 1 0 1627781727
WALL 44997482 1 0 1627781728
WALL 44997482 1 0 1627781729
WALL 44997482 1 0 1627781730
WALL 44997482 1 0 1627781731
WALL 44997482 1 0 1627781732
WALL 44997482 1 0 1627781733
WALL 44997482 1 0 1627781734
WALL 44997482 1 0 1627781735
WALL 44997482 1 0 1627781736
WALL 44997482 1 0 1627781737
WALL 44997482 1 0 1627781738
WALL 44997482 1 0 1627781739
WALL 44997482 1 0 1627781740
WALL 44997482 1 0 1627781741
WALL 44997482 1 0 1627781742
WALL 44997482 1 0 1627781743
WALL 44997482 1 0 1627781744
WALL 44997482 1 0 1627781745
WALL 44997482 1 0 1627781746
WALL 44997482 1 0 1627781747
WALL 44997482 1 0 1627781748
WALL 44997482 1 0 1627781749
WALL 44997482 1 0 1627781750
WALL 44997482 1 0 1627781751
WALL 44997482 1 0 1627781752
WALL 44997482 1 0 1627781753
WALL 44997482 1 0 1627781754
WALL 44997482 1 0 1627781755
WALL 44997482 1 0 1627781756
WALL 44997482 1 0 1627781757
WALL 44997482 1 0 1627781758
WALL 44997482 1 0 1627781759
WALL 44997482 1 0 1627781760
WALL 44997482 1 0 1627781761
WALL 44997482 1 0 1627781762
WALL 44997482 1 0 1627781763
WALL 44997482 1 0 1627781764
WALL 44997482 1 0 1627781765
WALL 44997482 1 0 1627781766
WALL 44997482 1 0 1627781767
WALL 44997482 1 0 1627781768
WALL 44997482 1 0 1627781769
WALL 44997482 1 0 1627781770
WALL 44997482 1 0 1627781771
WALL 44997482 1 0 1627781772
WALL 44997482 1 0 1627781773
WALL 44997482 1 0 1627781774
WALL 44997482 1 0 1627781775
WALL 44997482 1 0 1627781776
WALL 44997482 1 0 1627781777
WALL 44997482 1 0 1627781778
WALL 44997482 1 0 1627781779
WALL 44997482 1 0 1627781780
WALL 44997482 1 0 1627781781
WALL 44997482 1 0 1627781782
WALL 44997482 1 0 1627781783
WALL 44997482 1 0 1627781784
WALL 44997482 1 0 1627781785
WALL 44997482 1 0 1627781786
WALL 44997482 1 0 1627781787
WALL 44997482 1 0 1627781788
WALL 44997482 1 0 1627781789
WALL 44997482 1 0 1627781790
WALL 44997482 1 0 1627781791
WALL 44997482 1 0 1627781792
WALL 44997482 1 0 1627781793
WALL 44997482 1 0 1627781794
WALL 44997482 1 0 1627781795
WALL 44997482 1 0 1627781796
WALL 44997482 1 0 1627781797
WALL 44997482 1 0 1627781798
WALL 44997482 1 0 1627781799
WALL 44997482 1 0 1627781800
WALL 44997482 1 0 1627781801
WALL 44997482 1 0 1627781802
WALL 44997482 1 0 1627781803
WALL 44997482 1 0 1627781804
WALL 44997482 1 0 1627781805
WALL 44997482 1 0 1627781806
WALL 44997482 1 0 1627781807
WALL 44997482 1 0 1627781808
WALL 44997482 1 0 1627781809
WALL 44997482 1 0 1627781810
WALL 44997482 1 0 1627781811
WALL 44997482 1 0 1627781812
WALL 44997482 1 0 1627781813
WALL 44997482 1 0 1627781814
WALL 44997482 1 0 1627781815
WALL 44997482 1 0 1627781816
WALL 44997482 1 0 1627781817
WALL 44997482 1 0 1627781818
WALL 44997482 1 0 1627781819
WALL 44997482 1 0 1627781820
WALL 44997482 1 0 1627781821
WALL 44997482 1 0 1627781822
WALL 44997482 1 0 1627781823
WALL 44997482 1 0 1627781824
WALL 44997482 1 0 1627781825
WALL 44997482 1 0 1627781826
WALL 44997482 1 0 1627781827
WALL 44997482 1 0 1627781828
WALL 44997482 1 0 1627781829
WALL 44997482 1 0 1627781830
WALL 44997482 1 0 1627781831
WALL 44997482 1 0 1627781832
WALL 44997482 1 0 1627781833
WALL 44997482 1 0 1627781834
WALL 44997482 1 0 1627781835
WALL 44997482 1 0 1627781836
WALL 44997482 1 0 1627781837
WALL 44997482 1 0 1627781838
WALL 44997482 1 0 1627781839
WALL 44997482 1 0 1627781840
WALL 44997482 1 0 1627781841
WALL 44997482 1 0 1627781842
WALL 44997482 1 0 1627781843
WALL 44997482 1 0 1627781844
WALL 44997482 1 0 1627781845
WALL 44997482 1 0 1627781846
WALL 44997482 1 0 1627781847
WALL 44997482 1 0 1627781848
WALL 44997482 1 0 1627781849
WALL 44997482 1 0 1627781850
WALL 44997482 1 0 1627781851
WALL 44997482 1 0 1627781852
WALL 44997482 1 0 1627781853
WALL 44997482 1 0 1627781854
WALL 44997482 1 0 1627781855
WALL 44997482 1 0 1627781856
WALL 44997482 1 0 1627781857
WALL 44997482 1 0 1627781858
WALL 44997482 1 0 1627781859
WALL 44997482 1 0 1627781860
WALL 44997482 1 0 1627781861
WALL 44997482 1 0 1627781862
WALL 44997482 1 0 1627781863
WALL 44997482 1 0 1627781864
WALL 44997482 1 0 1627781865
WALL 44997482 1 0 1627781866
WALL 44997482 1 0 1627781867
WALL 44997482 1 0 1627781868
WALL 44997482 1 0 1627781869
WALL 44997482 1 0 1627781870
WALL 44997482 1 0 1627781871
WALL 44997482 1 0 1627781872
WALL 44997482 1 0 1627781873
WALL 44997482 1 0 1627781874
WALL 44997482 1 0 1627781875
WALL 44997482 1 0 1627781876
WALL 44997482 1 0 1627781877
WALL 44997482 1 0 1627781878
WALL 44997482 1 0 1627781879
WALL 44997482 1 0 1627781880
WALL 44997482 1 0 1627781881
WALL 44997482 1 0 1627781882
WALL 44997482 1 0 1627781883
WALL 44997482 1 0 1627781884
WALL 44997482 1 0 1627781885
WALL 44997482 1 0 1627781886
WALL 44997482 1 0 1627781887
WALL 44997482 1 0 1627781888
WALL 44997482 1 0 1627781889
WALL 44997482 1 0 1627781890
WALL 44997482 1 0 1627781891
WALL 44997482 1 0 1627781892
WALL 44997482 1 0 1627781893
WALL 44997482 1 0 1627781894
WALL 44997482 1 0 1627781895
WALL 44997482 1 0 1627781896
WALL 44997482 1 0 1627781897
WALL 44997482 1 0 1627781898
WALL 44997482 1 0 1627781899
WALL 44997482 1 0 1627781900
WALL 44997482 1 0 1627781901
WALL 44997482 1 0 1627781902
WALL 44997482 1 0 1627781903
WALL 44997482 1 0 1627781904
WALL 44997482 1 0 1627781905
WALL 44997482 1 0 1627781906
WALL 44997482 1 0 1627781907
WALL 44997482 1 0 1627781908
WALL 44997482 1 0 1627781909
WALL 44997482 1 0 1627781910
WALL 44997482 1 0 1627781911
WALL 44997482 1 0 1627781912
WALL 44997482 1 0 1627781913
WALL 44997482 1 0 1627781914
WALL 44997482 1 0 1627781915
WALL 44997482 1 0 1627781916
WALL 44997482 1 0 1627781917
WALL 44997482 1 0 1627781918
WALL 44997482 1 0 1627781919
WALL 44997482 1 0 1627781920
WALL 44997482 1 0 1627781921
WALL 44997482 1 0 1627781922
WALL 44997482 1 0 1627781923
WALL 44997482 1 0 1627781924
WALL 44997482 1 0 1627781925
WALL 44997482 1 0 1627781926
WALL 44997482 1 0 1627781927
WALL 44997482 1 0 1627781928
WALL 44997482 1 0 1627781929
WALL 44997482 1 0 1627781930
WALL 44997482 1 0 1627781931
WALL 44997482 1 0 1627781932
WALL 44997482 1 0 1627781933
WALL 44997482 1 0 1627781934
WALL 44997482 1 0 1627781935
WALL 44997482 1 0 1627781936
WALL 44997482 1 0 1627781937
WALL 44997482 1 0 1627781938
WALL 44997482 1 0 1627781939
WALL 44997482 1 0 1627781940
WALL 44997482 1 0 1627781941
WALL 44997482 1 0 1627781942
WALL 44997482 1 0 1627781943
WALL 44997482 1 0 1627781944
WALL 44997482 1 0 1627781945
WALL 44997482 1 0 1627781946
WALL 44997482 1 0 1627781947
WALL 44997482 1 0 1627781948
WALL 44997482 1 0 1627781949
WALL 44997482 1 0 1627781950
WALL 44997482 1 0 1627781951
WALL 44997482 1 0 1627781952
WALL 44997482 1 0 1627781953
WALL 44997482 1 0 1627781954
WALL 44997482 1 0 1627781955
WALL 44997482 1 0 1627781956
WALL 44997482 1 0 1627781957
WALL 44997482 1 0 1627781958
WALL 44997482 1 0 1627781959
WALL 44997482 1 0 1627781960
WALL 44997482 1 0 1627781961
WALL 44997482 1 0 1627781962
WALL 44997482 1 0 1627781963
WALL 44997482 1 0 1627781964
WALL 44997482 1 0 1627781965
WALL 44997482 1 0 1627781966
WALL 44997482 1 0 1627781967
WALL 44997482 1 0 1627781968
WALL 44997482 1 0 1627781969
WALL 44997482 1 0 1627781970
WALL 44997482 1 0 1627781971
WALL 44997482 1 0 1627781972
WALL 44997482 1 0 1627781973
WALL 44997482 1 0 1627781974
WALL 44997482 1 0 1627781975
WALL 44997482 1 0 1627781976
WALL 44997482 1 0 1627781977
WALL 44997482 1 0 1627781978
WALL 44997482 1 0 1627781979
WALL 44997482 1 0 1627781980
WALL 44997482 1 0 1627781981
WALL 44997482 1 0 1627781982
WALL 44997482 1 0 1627781983
WALL 44997482 1 0 1627781984
WALL 44997482 1 0 1627781985
WALL 44997482 1 0 1627781986
WALL 44997482 1 0 1627781987
WALL 44997482 1 0 1627781988
WALL 44997482 1 0 1627781989
WALL 44997482 1 0 1627781990
WALL 44997482 1 0 1627781991
WALL 44997482 1 0 1627781992
WALL 44997482 1 0 1627781993
WALL 44997482 1 0 1627781994
WALL 44997482 1 0 1627781995
WALL 44997482 1 0 1627781996
WALL 44997482 1 0 1627781997
WALL 44997482 1 0 1627781998
WALL 44997482 1 0 1627781999
WALL 44997482 1 0 1627782000
WALL 44997482 1 0 1627782001
WALL 44997482 1 0 1627782002
WALL 44997482 1 0 1627782003
WALL 44997482 1 0 1627782004
WALL 44997482 1 0 1627782005
WALL 44997482 1 0 1627782006
WALL 44997482 1 0 1627782007
WALL 44997482 1 0 1627782008
WALL 44997482 1 0 1627782009
WALL 44997482 1 0 1627782010
WALL 44997482 1 0 1627782011
WALL 44997482 1 0 1627782012
WALL 44997482 1 0 1627782013
WALL 44997482 1 0 1627782014
WALL 44997482 1 0 1627782015
WALL 44997482 1 0 1627782016
WALL 44997482 1 0 1627782017
WALL 44997482 1 0 1627782018
WALL 44997482 1 0 1627782019
WALL 44997482 1 0 1627782020
WALL 44997482 1 0 1627782021
WALL 44997482 1 0 1627782022
WALL 44997482 1 0 1627782023
WALL 44997482 1 0 1627782024
WALL 44997482 1 0 1627782025
WALL 44997482 1 0 1627782026
WALL 44997482 1 0 1627782027
WALL 44997482 1 0 1627782028
WALL 44997482 1 0 1627782029
WALL 44997482 1 0 1627782030
WALL 44997482 1 0 1627782031
WALL 44997482 1 0 1627782032
WALL 44997482 1 0 1627782033
WALL 44997482 1 0 1627782034
WALL 44997482 1 0 1627782035
WALL 44997482 1 0 1627782036
WALL 44997482 1 0 1627782037
WALL 44997482 1 0 1627782038
WALL 44997482 1 0 1627782039
WALL 44997482 1 0 1627782040
WALL 44997482 1 0 1627782041
WALL 44997482 1 0 1627782042
WALL 44997482 1 0 1627782043
WALL 44997482 1 0 1627782044
WALL 44997482 1 0 1627782045
WALL 44997482 1 0 1627782046
WALL 44997482 1 0 1627782047
WALL 44997482 1 0 1627782048
WALL 44997482 1 0 1627782049
WALL 44997482 1 0 1627782050
WALL 44997482 1 0 1627782051
WALL 44997482 1 0 1627782052
WALL 44997482 1 0 1627782053
WALL 44997482 1 0 1627782054
WALL 44997482 1 0 1627782055
WALL 44997482 1 0 1627782056
WALL 44997482 1 0 1627782057
WALL 44997482 1 0 1627782058
WALL 44997482 1 0 1627782059
WALL 44997482 1 0 1627782060
WALL 44997482 1 0 1627782061
WALL 44997482 1 0 1627782062
WALL 44997482 1 0 1627782063
WALL 44997482 1 0 1627782064
WALL 44997482 1 0 1627782065
WALL 44997482 1 0 1627782066
WALL 44997482 1 0 1627782067
WALL 44997482 1 0 1627782068
WALL 44997482 1 0 1627782069
WALL 44997482 1 0 1627782070
WALL 44997482 1 0 1627782071
WALL 44997482 1 0 1627782072
WALL 44997482 1 0 1627782073
WALL 44997482 1 0 1627782074
WALL 44997482 1 0 1627782075
WALL 44997482 1 0 1627782076
WALL 44997482 1 0 1627782077
WALL 44997482 1 0 1627782078
WALL 44997482 1 0 1627782079
WALL 44997482 1 0 1627782080
WALL 44997482 1 0 1627782081
WALL 44997482 1 0 1627782082
WALL 44997482 1 0 1627782083
WALL 44997482 1 0 1627782084
WALL 44997482 1 0 1627782085
WALL 44997482 1 0 1627782086
WALL 44997482 1 0 1627782087
WALL 44997482 1 0 1627782088
WALL 44997482 1 0 1627782089
WALL 44997482 1 0 1627782090
WALL 44997482 1 0 1627782091
WALL 44997482 1 0 1627782092
WALL 44997482 1 0 1627782093
WALL 44997482 1 0 1627782094
WALL 44997482 1 0 1627782095
WALL 44997482 1 0 1627782096
WALL 44997482 1 0 1627782097
WALL 44997482 1 0 1627782098
WALL 44997482 1 0 1627782099
WALL 44997482 1 0 1627782100
WALL 44997482 1 0 1627782101
WALL 44997482 1 0 1627782102
WALL 44997482 1 0 1627782103
WALL 44997482 1 0 1627782104
WALL 44997482 1 0 1627782105
WALL 44997482 1 0 1627782106
WALL 44997482 1 0 1627782107
WALL 44997482 1 0 1627782108
WALL 44997482 1 0 1627782109
WALL 44997482 1 0 1627782110
WALL 44997482 1 0 1627782111
WALL 44997482 1 0 1627782112
WALL 44997482 1 0 1627782113
WALL 44997482 1 0 1627782114
WALL 44997482 1 0 1627782115
WALL 44997482 1 0 1627782116
WALL 44997482 1 0 1627782117
WALL 44997482 1 0 1627782118
WALL 44997482 1 0 1627782119
WALL 44997482 1 0 1627782120
WALL 44997482 1 0 1627782121
WALL 44997482 1 0 1627782122
WALL 44997482 1 0 1627782123
WALL 44997482 1 0 1627782124
WALL 44997482 1 0 1627782125
WALL 44997482 1 0 1627782126
WALL 44997482 1 0 1627782127
WALL 44997482 1 0 1627782128
WALL 44997482 1 0 1627782129
WALL 44997482 1 0 1627782130
WALL 44997482 1 0 1627782131
WALL 44997482 1 0 1627782132
WALL 44997482 1 0 1627782133
WALL 44997482 1 0 1627782134
WALL 44997482 1 0 1627782135
WALL 44997482 1 0 1627782136
WALL 44997482 1 0 1627782137
WALL 44997482 1 0 1627782138
WALL 44997482 1 0 1627782139
WALL 44997482 1 0 1627782140
WALL 44997482 1 0 1627782141
WALL 44997482 1 0 1627782142
WALL 44997482 1 0 1627782143
WALL 44997482 1 0 1627782144
WALL 44997482 1 0 1627782145
WALL 44997482 1 0 1627782146
WALL 44997482 1 0 1627782147
WALL 44997482 1 0 1627782148
WALL 44997482 1 0 1627782149
WALL 44997482 1 0 1627782150
WALL 44997482 1 0 1627782151
WALL 44997482 1 0 1627782152
WALL 44997482 1 0 1627782153
WALL 44997482 1 0 1627782154
WALL 44997482 1 0 1627782155
WALL 44997482 1 0 1627782156
WALL 44997482 1 0 1627782157
WALL 44997482 1 0 1627782158
WALL 44997482 1 0 1627782159
WALL 44997482 1 0 1627782160
WALL 44997482 1 0 1627782161
WALL 44997482 1 0 1627782162
WALL 44997482 1 0 1627782163
WALL 44997482 1 0 1627782164
WALL 44997482 1 0 1627782165
WALL 44997482 1 0 1627782166
WALL 44997482 1 0 1627782167
WALL 44997482 1 0 1627782168
WALL 44997482 1 0 1627782169
WALL 44997482 1 0 1627782170
WALL 44997482 1 0 1627782171
WALL 44997482 1 0 1627782172
WALL 44997482 1 0 1627782173
WALL 44997482 1 0 1627782174
WALL 44997482 1 0 1627782175
WALL 44997482 1 0 1627782176
WALL 44997482 1 0 1627782177
WALL 44997482 1 0 1627782178
WALL 44997482 1 0 1627782179
WALL 44997482 1 0 1627782180
WALL 44997482 1 0 1627782181
WALL 44997482 1 0 1627782182
WALL 44997482 1 0 1627782183
WALL 44997482 1 0 1627782184
WALL 44997482 1 0 1627782185
WALL 44997482 1 0 1627782186
WALL 44997482 1 0 1627782187
WALL 44997482 1 0 1627782188
WALL 44997482 1 0 1627782189
WALL 44997482 1 0 1627782190
WALL 44997482 1 0 1627782191
WALL 44997482 1 0 1627782192
WALL 44997482 1 0 1627782193
WALL 44997482 1 0 1627782194
WALL 44997482 1 0 1627782195
WALL 44997482 1 0 1627782196
WALL 44997482 1 0 1627782197
WALL 44997482 1 0 1627782198
WALL 44997482 1 0 1627782199
WALL 44997482 1 0 1627782200
WALL 44997482 1 0 1627782201
WALL 44997482 1 0 1627782202
WALL 44997482 1 0 1627782203
WALL 44997482 1 0 1627782204
WALL 44997482 1 0 1627782205
WALL 44997482 1 0 1627782206
WALL 44997482 1 0 1627782207
WALL 44997482 1 0 1627782208
WALL 44997482 1 0 1627782209
WALL 44997482 1 0 1627782210
WALL 44997482 1 0 1627782211
WALL 44997482 1 0 1627782212
WALL 44997482 1 0 1627782213
WALL 44997482 1 0 1627782214
WALL 44997482 1 0 1627782215
WALL 44997482 1 0 1627782216
WALL 44997482 1 0 1627782217
WALL 44997482 1 0 1627782218
WALL 44997482 1 0 1627782219
WALL 44997482 1 0 1627782220
WALL 44997482 1 0 1627782221
WALL 44997482 1 0 1627782222
WALL 44997482 1 0 1627782223
WALL 44997482 1 0 1627782224
WALL 44997482 1 0 1627782225
WALL 44997482 1 0 1627782226
WALL 44997482 1 0 1627782227
WALL 44997482 1 0 1627782228
WALL 44997482 1 0 1627782229
WALL 44997482 1 0 1627782230
WALL 44997482 1 0 1627782231
WALL 44997482 1 0 1627782232
WALL 44997482 1 0 1627782233
WALL 44997482 1 0 1627782234
WALL 44997482 1 0 1627782235
WALL 44997482 1 0 1627782236
WALL 44997482 1 0 1627782237
WALL 44997482 1 0 1627782238
WALL 44997482 1 0 1627782239
WALL 44997482 1 0 1627782240
WALL 44997482 1 0 1627782241
WALL 44997482 1 0 1627782242
WALL 44997482 1 0 1627782243
WALL 44997482 1 0 1627782244
WALL 44997482 1 0 1627782245
WALL 44997482 1 0 1627782246
WALL 44997482 1 0 1627782247
WALL 44997482 1 0 1627782248
WALL 44997482 1 0 1627782249
WALL 44997482 1 0 1627782250
WALL 44997482 1 0 1627782251
WALL 44997482 1 0 1627782252
WALL 44997482 1 0 1627782253
WALL 44997482 1 0 1627782254
WALL 44997482 1 0 1627782255
WALL 44997482 1 0 1627782256
WALL 44997482 1 0 1627782257
WALL 44997482 1 0 1627782258
WALL 44997482 1 0 1627782259
WALL 44997482 1 0 1627782260
WALL 44997482 1 0 1627782261
WALL 44997482 1 0 1627782262
WALL 44997482 1 0 1627782263
WALL 44997482 1 0 1627782264
WALL 44997482 1 0 1627782265
WALL 44997482 1 0 1627782266
WALL 44997482 1 0 1627782267
WALL 44997482 1 0 1627782268
WALL 44997482 1 0 1627782269
WALL 44997482 1 0 1627782270
WALL 44997482 1 0 1627782271
WALL 44997482 1 0 1627782272
WALL 44997482 1 0 1627782273
WALL 44997482 1 0 1627782274
WALL 44997482 1 0 1627782275
WALL 44997482 1 0 1627782276
WALL 44997482 1 0 1627782277
WALL 44997482 1 0 1627782278
WALL 44997482 1 0 1627782279
WALL 44997482 1 0 1627782280
WALL 44997482 1 0 1627782281
WALL 44997482 1 0 1627782282
WALL 44997482 1 0 1627782283
WALL 44997482 1 0 1627782284
WALL 44997482 1 0 1627782285
WALL 44997482 1 0 1627782286
WALL 44997482 1 0 1627782287
WALL 44997482 1 0 1627782288
WALL 44997482 1 0 1627782289
WALL 44997482 1 0 1627782290
WALL 44997482 1 0 1627782291
WALL 44997482 1 0 1627782292
WALL 44997482 1 0 1627782293
WALL 44997482 1 0 1627782294
WALL 44997482 1 0 1627782295
WALL 44997482 1 0 1627782296
WALL 44997482 1 0 1627782297
WALL 44997482 1 0 1627782298
WALL 44997482 1 0 1627782299
WALL 44997482 1 0 1627782300
WALL 44997482 1 0 1627782301
WALL 44997482 1 0 1627782302
WALL 44997482 1 0 1627782303
WALL 44997482 1 0 1627782304
WALL 44997482 1 0 1627782305
WALL 44997482 1 0 1627782306
WALL 44997482 1 0 1627782307
WALL 44997482 1 0 1627782308
WALL 44997482 1 0 1627782309
WALL 44997482 1 0 1627782310
WALL 44997482 1 0 1627782311
WALL 44997482 1 0 1627782312
WALL 44997482 1 0 1627782313
WALL 44997482 1 0 1627782314
WALL 44997482 1 0 1627782315
WALL 44997482 1 0 1627782316
WALL 44997482 1 0 1627782317
WALL 44997482 1 0 1627782318
WALL 44997482 1 0 1627782319
WALL 44997482 1 0 1627782320
WALL 44997482 1 0 1627782321
WALL 44997482 1 0 1627782322
WALL 44997482 1 0 1627782323
WALL 44997482 1 0 1627782324
WALL 44997482 1 0 1627782325
WALL 44997482 1 0 1627782326
WALL 44997482 1 0 1627782327
WALL 44997482 1 0 1627782328
WALL 44997482 1 0 1627782329
WALL 44997482 1 0 1627782330
WALL 44997482 1 0 1627782331
WALL 44997482 1 0 1627782332
WALL 44997482 1 0 1627782333
WALL 44997482 1 0 1627782334
WALL 44997482 1 0 1627782335
WALL 44997482 1 0 1627782336
WALL 44997482 1 0 1627782337
WALL 44997482 1 0 1627782338
WALL 44997482 1 0 1627782339
WALL 44997482 1 0 1627782340
WALL 44997482 1 0 1627782341
WALL 44997482 1 0 1627782342
WALL 44997482 1 0 1627782343
WALL 44997482 1 0 1627782344
WALL 44997482 1 0 1627782345
WALL 44997482 1 0 1627782346
WALL 44997482 1 0 1627782347
WALL 44997482 1 0 1627782348
WALL 44997482 1 0 1627782349
WALL 44997482 1 0 1627782350
WALL 44997482 1 0 1627782351
WALL 44997482 1 0 1627782352
WALL 44997482 1 0 1627782353
WALL 44997482 1 0 1627782354
WALL 44997482 1 0 1627782355
WALL 44997482 1 0 1627782356
WALL 44997482 1 0 1627782357
WALL 44997482 1 0 1627782358
WALL 44997482 1 0 1627782359
WALL 44997482 1 0 1627782360
WALL 44997482 1 0 1627782361
WALL 44997482 1 0 1627782362
WALL 44997482 1 0 1627782363
WALL 44997482 1 0 1627782364
WALL 44997482 1 0 1627782365
WALL 44997482 1 0 1627782366
WALL 44997482 1 0 1627782367
WALL 44997482 1 0 1627782368
WALL 44997482 1 0 1627782369
WALL 44997482 1 0 1627782370
WALL 44997482 1 0 1627782371
WALL 44997482 1 0 1627782372
WALL 44997482 1 0 1627782373
WALL 44997482 1 0 1627782374
WALL 44997482 1 0 1627782375
WALL 44997482 1 0 1627782376
WALL 44997482 1 0 1627782377
WALL 44997482 1 0 1627782378
WALL 44997482 1 0 1627782379
WALL 44997482 1 0 1627782380
WALL 44997482 1 0 1627782381
WALL 44997482 1 0 1627782382
WALL 44997482 1 0 1627782383
WALL 44997482 1 0 1627782384
WALL 44997482 1 0 1627782385
WALL 44997482 1 0 1627782386
WALL 44997482 1 0 1627782387
WALL 44997482 1 0 1627782388
WALL 44997482 1 0 1627782389
WALL 44997482 1 0 1627782390
WALL 44997482 1 0 1627782391
WALL 44997482 1 0 1627782392
WALL 44997482 1 0 1627782393
WALL 44997482 1 0 1627782394
WALL 44997482 1 0 1627782395
WALL 44997482 1 0 1627782396
WALL 44997482 1 0 1627782397
WALL 44997482 1 0 1627782398
WALL 44997482 1 0 1627782399
WALL 44997482 1 0 1627782400
WALL 44997482 1 0 1627782401
WALL 44997482 1 0 1627782402
WALL 44997482 1 0 1627782403
WALL 44997482 1 0 1627782404
WALL 44997482 1 0 1627782405
WALL 44997482 1 0 1627782406
WALL 44997482 1 0 1627782407
WALL 44997482 1 0 1627782408
WALL 44997482 1 0 1627782409
WALL 44997482 1 0 1627782410
WALL 44997482 1 0 1627782411
WALL 44997482 1 0 1627782412
WALL 44997482 1 0 1627782413
WALL 44997482 1 0 1627782414
WALL 44997482 1 0 1627782415
WALL 44997482 1 0 1627782416
WALL 44997482 1 0 1627782417
WALL 44997482 1 0 1627782418
WALL 44997482 1 0 1627782419
WALL 44997482 1 0 1627782420
WALL 44997482 1 0 1627782421
WALL 44997482 1 0 1627782422
WALL 44997482 1 0 1627782423
WALL 44997482 1 0 1627782424
WALL 44997482 1 0 1627782425
WALL 44997482 1 0 1627782426
WALL 44997482 1 0 1627782427
WALL 44997482 1 0 1627782428
WALL 44997482 1 0 1627782429
WALL 44997482 1 0 1627782430
WALL 44997482 1 0 1627782431
WALL 44997482 1 0 1627782432
WALL 44997482 1 0 1627782433
WALL 44997482 1 0 1627782434
WALL 44997482 1 0 1627782435
WALL 44997482 1 0 1627782436
WALL 44997482 1 0 1627782437
WALL 44997482 1 0 1627782438
WALL 44997482 1 0 1627782439
WALL 44997482 1 0 1627782440
WALL 44997482 1 0 1627782441
WALL 44997482 1 0 1627782442
WALL 44997482 1 0 1627782443
WALL 44997482 1 0 1627782444
WALL 44997482 1 0 1627782445
WALL 44997482 1 0 1627782446
WALL 44997482 1 0 1627782447
WALL 44997482 1 0 1627782448
WALL 44997482 1 0 1627782449
WALL 44997482 1 0 1627782450
WALL 44997482 1 0 1627782451
WALL 44997482 1 0 1627782452
WALL 44997482 1 0 1627782453
WALL 44997482 1 0 1627782454
WALL 44997482 1 0 1627782455
WALL 44997482 1 0 1627782456
WALL 44997482 1 0 1627782457
WALL 44997482 1 0 1627782458
WALL 44997482 1 0 1627782459
WALL 44997482 1 0 1627782460
WALL 44997482 1 0 1627782461
WALL 44997482 1 0 1627782462
WALL 44997482 1 0 1627782463
WALL 44997482 1 0 1627782464
WALL 44997482 1 0 1627782465
WALL 44997482 1 0 1627782466
WALL 44997482 1 0 1627782467
WALL 44997482 1 0 1627782468
WALL 44997482 1 0 1627782469
WALL 44997482 1 0 1627782470
WALL 44997482 1 0 1627782471
WALL 44997482 1 0 1627782472
WALL 44997482 1 0 1627782473
WALL 44997482 1 0 1627782474
WALL 44997482 1 0 1627782475
WALL 44997482 1 0 1627782476
WALL 44997482 1 0 1627782477
WALL 44997482 1 0 1627782478
WALL 44997482 1 0 1627782479
WALL 44997482 1 0 1627782480
WALL 44997482 1 0 1627782481
WALL 44997482 1 0 1627782482
WALL 44997482 1 0 1627782483
WALL 44997482 1 0 1627782484
WALL 44997482 1 0 1627782485
WALL 44997482 1 0 1627782486
WALL 44997482 1 0 1627782487
WALL 44997482 1 0 1627782488
WALL 44997482 1 0 1627782489
WALL 44997482 1 0 1627782490
WALL 44997482 1 0 1627782491
WALL 44997482 1 0 1627782492
WALL 44997482 1 0 1627782493
WALL 44997482 1 0 1627782494
WALL 44997482 1 0 1627782495
WALL 44997482 1 0 1627782496
WALL 44997482 1 0 1627782497
WALL 44997482 1 0 1627782498
WALL 44997482 1 0 1627782499
WALL 44997482 1 0 1627782500
WALL 44997482 1 0 1627782501
WALL 44997482 1 0 1627782502
WALL 44997482 1 0 1627782503
WALL 44997482 1 0 1627782504
WALL 44997482 1 0 1627782505
WALL 44997482 1 0 1627782506
WALL 44997482 1 0 1627782507
WALL 44997482 1 0 1627782508
WALL 44997482 1 0 1627782509
WALL 44997482 1 0 1627782510
WALL 44997482 1 0 1627782511
WALL 44997482 1 0 1627782512
WALL 44997482 1 0 1627782513
WALL 44997482 1 0 1627782514
WALL 44997482 1 0 1627782515
WALL 44997482 1 0 1627782516
WALL 44997482 1 0 1627782517
WALL 44997482 1 0 1627782518
WALL 44997482 1 0 1627782519
WALL 44997482 1 0 1627782520
WALL 44997482 1 0 1627782521
WALL 44997482 1 0 1627782522
WALL 44997482 1 0 1627782523
WALL 44997482 1 0 1627782524
WALL 44997482 1 0 1627782525
WALL 44997482 1 0 1627782526
WALL 44997482 1 0 1627782527
WALL 44997482 1 0 1627782528
WALL 44997482 1 0 1627782529
WALL 44997482 1 0 1627782530
WALL 44997482 1 0 1627782531
WALL 44997482 1 0 1627782532
WALL 44997482 1 0 1627782533
WALL 44997482 1 0 1627782534
WALL 44997482 1 0 1627782535
WALL 44997482 1 0 1627782536
WALL 44997482 1 0 1627782537
WALL 44997482 1 0 1627782538
WALL 44997482 1 0 1627782539
WALL 44997482 1 0 1627782540
WALL 44997482 1 0 1627782541
WALL 44997482 1 0 1627782542
WALL 44997482 1 0 1627782543
WALL 44997482 1 0 1627782544
WALL 44997482 1 0 1627782545
WALL 44997482 1 0 1627782546
WALL 44997482 1 0 1627782547
WALL 44997482 1 0 1627782548
WALL 44997482 1 0 1627782549
WALL 44997482 1 0 1627782550
WALL 44997482 1 0 1627782551
WALL 44997482 1 0 1627782552
WALL 44997482 1 0 1627782553
WALL 44997482 1 0 1627782554
WALL 44997482 1 0 1627782555
WALL 44997482 1 0 1627782556
WALL 44997482 1 0 1627782557
WALL 44997482 1 0 1627782558
WALL 44997482 1 0 1627782559
WALL 44997482 1 0 1627782560
WALL 44997482 1 0 1627782561
WALL 44997482 1 0 1627782562
WALL 44997482 1 0 1627782563
WALL 44997482 1 0 1627782564
WALL 44997482 1 0 1627782565
WALL 44997482 1 0 1627782566
WALL 44997482 1 0 1627782567
WALL 44997482 1 0 1627782568
WALL 44997482 1 0 1627782569
WALL 44997482 1 0 1627782570
WALL 44997482 1 0 1627782571
WALL 44997482 1 0 1627782572
WALL 44997482 1 0 1627782573
WALL 44997482 1 0 1627782574
WALL 44997482 1 0 1627782575
WALL 44997482 1 0 1627782576
WALL 44997482 1 0 1627782577
WALL 44997482 1 0 1627782578
WALL 44997482 1 0 1627782579
WALL 44997482 1 0 1627782580
WALL 44997482 1 0 1627782581
WALL 44997482 1 0 1627782582
WALL 44997482 1 0 1627782583
WALL 44997482 1 0 1627782584
WALL 44997482 1 0 1627782585
WALL 44997482 1 0 1627782586
WALL 44997482 1 0 1627782587
WALL 44997482 1 0 1627782588
WALL 44997482 1 0 1627782589
WALL 44997482 1 0 1627782590
WALL 44997482 1 0 1627782591
WALL 44997482 1 0 1627782592
WALL 44997482 1 0 1627782593
WALL 44997482 1 0 1627782594
WALL 44997482 1 0 1627782595
WALL 44997482 1 0 1627782596
WALL 44997482 1 0 1627782597
WALL 44997482 1 0 1627782598
WALL 44997482 1 0 1627782599
WALL 44997482 1 0 1627782600
WALL 44997482 1 0 1627782601
WALL 44997482 1 0 1627782602
WALL 44997482 1 0 1627782603
WALL 44997482 1 0 1627782604
WALL 44997482 1 0 1627782605
WALL 44997482 1 0 1627782606
WALL 44997482 1 0 1627782607
WALL 44997482 1 0 1627782608
WALL 44997482 1 0 1627782609
WALL 44997482 1 0 1627782610
WALL 44997482 1 0 1627782611
WALL 44997482 1 0 1627782612
WALL 44997482 1 0 1627782613
WALL 44997482 1 0 1627782614
WALL 44997482 1 0 1627782615
WALL 44997482 1 0 1627782616
WALL 44997482 1 0 1627782617
WALL 44997482 1 0 1627782618
WALL 44997482 1 0 1627782619
WALL 44997482 1 0 1627782620
WALL 44997482 1 0 1627782621
WALL 44997482 1 0 1627782622
WALL 44997482 1 0 1627782623
WALL 44997482 1 0 1627782624
WALL 44997482 1 0 1627782625
WALL 44997482 1 0 1627782626
WALL 44997482 1 0 1627782627
WALL 44997482 1 0 1627782628
WALL 44997482 1 0 1627782629
WALL 44997482 1 0 1627782630
WALL 44997482 1 0 1627782631
WALL 44997482 1 0 1627782632
WALL 44997482 1 0 1627782633
WALL 44997482 1 0 1627782634
WALL 44997482 1 0 1627782635
WALL 44997482 1 0 1627782636
WALL 44997482 1 0 1627782637
WALL 44997482 1 0 1627782638
WALL 44997482 1 0 1627782639
WALL 44997482 1 0 1627782640
WALL 44997482 1 0 1627782641
WALL 44997482 1 0 1627782642
WALL 44997482 1 0 1627782643
WALL 44997482 1 0 1627782644
WALL 44997482 1 0 1627782645
WALL 44997482 1 0 1627782646
WALL 44997482 1 0 1627782647
WALL 44997482 1 0 1627782648
WALL 44997482 1 0 1627782649
WALL 44997482 1 0 1627782650
WALL 44997482 1 0 1627782651
WALL 44997482 1 0 1627782652
WALL 44997482 1 0 1627782653
WALL 44997482 1 0 1627782654
WALL 44997482 1 0 1627782655
WALL 44997482 1 0 1627782656
WALL 44997482 1 0 1627782657
WALL 44997482 1 0 1627782658
WALL 44997482 1 0 1627782659
WALL 44997482 1 0 1627782660
WALL 44997482 1 0 1627782661
WALL 44997482 1 0 1627782662
WALL 44997482 1 0 1627782663
WALL 44997482 1 0 1627782664
WALL 44997482 1 0 1627782665
WALL 44997482 1 0 1627782666
WALL 44997482 1 0 1627782667
WALL 44997482 1 0 1627782668
WALL 44997482 1 0 1627782669
WALL 44997482 1 0 1627782670
WALL 44997482 1 0 1627782671
WALL 44997482 1 0 1627782672
WALL 44997482 1 0 1627782673
WALL 44997482 1 0 1627782674
WALL 44997482 1 0 1627782675
WALL 44997482 1 0 1627782676
WALL 44997482 1 0 1627782677
WALL 44997482 1 0 1627782678
WALL 44997482 1 0 1627782679
WALL 44997482 1 0 1627782680
WALL 44997482 1 0 1627782681
WALL 44997482 1 0 1627782682
WALL 44997482 1 0 1627782683
WALL 44997482 1 0 1627782684
WALL 44997482 1 0 1627782685
WALL 44997482 1 0 1627782686
WALL 44997482 1 0 1627782687
WALL 44997482 1 0 1627782688
WALL 44997482 1 0 1627782689
WALL 44997482 1 0 1627782690
WALL 44997482 1 0 1627782691
WALL 44997482 1 0 1627782692
WALL 44997482 1 0 1627782693
WALL 44997482 1 0 1627782694
WALL 44997482 1 0 1627782695
WALL 44997482 1 0 1627782696
WALL 44997482 1 0 1627782697
WALL 44997482 1 0 1627782698
WALL 44997482 1 0 1627782699
WALL 44997482 1 0 1627782700
WALL 44997482 1 0 1627782701
WALL 44997482 1 0 1627782702
WALL 44997482 1 0 1627782703
WALL 44997482 1 0 1627782704
WALL 44997482 1 0 1627782705
WALL 44997482 1 0 1627782706
WALL 44997482 1 0 1627782707
WALL 44997482 1 0 1627782708
WALL 44997482 1 0 1627782709
WALL 44997482 1 0 1627782710
WALL 44997482 1 0 1627782711
WALL 44997482 1 0 1627782712
WALL 44997482 1 0 1627782713
WALL 44997482 1 0 1627782714
WALL 44997482 1 0 1627782715
WALL 44997482 1 0 1627782716
WALL 44997482 1 0 1627782717
WALL 44997482 1 0 1627782718
WALL 44997482 1 0 1627782719
WALL 44997482 1 0 1627782720
WALL 44997482 1 0 1627782721
WALL 44997482 1 0 1627782722
WALL 44997482 1 0 1627782723
WALL 44997482 1 0 1627782724
WALL 44997482 1 0 1627782725
WALL 44997482 1 0 1627782726
WALL 44997482 1 0 1627782727
WALL 44997482 1 0 1627782728
WALL 44997482 1 0 1627782729
WALL 44997482 1 0 1627782730
WALL 44997482 1 0 1627782731
WALL 44997482 1 0 1627782732
WALL 44997482 1 0 1627782733
WALL 44997482 1 0 1627782734
WALL 44997482 1 0 1627782735
WALL 44997482 1 0 1627782736
WALL 44997482 1 0 1627782737
WALL 44997482 1 0 1627782738
WALL 44997482 1 0 1627782739
WALL 44997482 1 0 1627782740
WALL 44997482 1 0 1627782741
WALL 44997482 1 0 1627782742
WALL 44997482 1 0 1627782743
WALL 44997482 1 0 1627782744
WALL 44997482 1 0 1627782745
WALL 44997482 1 0 1627782746
WALL 44997482 1 0 1627782747
WALL 44997482 1 0 1627782748
WALL 44997482 1 0 1627782749
WALL 44997482 1 0 1627782750
WALL 44997482 1 0 1627782751
WALL 44997482 1 0 1627782752
WALL 44997482 1 0 1627782753
WALL 44997482 1 0 1627782754
WALL 44997482 1 0 1627782755
WALL 44997482 1 0 1627782756
WALL 44997482 1 0 1627782757
WALL 44997482 1 0 1627782758
WALL 44997482 1 0 1627782759
WALL 44997482 1 0 1627782760
WALL 44997482 1 0 1627782761
WALL 44997482 1 0 1627782762
WALL 44997482 1 0 1627782763
WALL 44997482 1 0 1627782764
WALL 44997482 1 0 1627782765
WALL 44997482 1 0 1627782766
WALL 44997482 1 0 1627782767
WALL 44997482 1 0 1627782768
WALL 44997482 1 0 1627782769
WALL 44997482 1 0 1627782770
WALL 44997482 1 0 1627782771
WALL 44997482 1 0 1627782772
WALL 44997482 1 0 1627782773
WALL 44997482 1 0 1627782774
WALL 44997482 1 0 1627782775
WALL 44997482 1 0 1627782776
WALL 44997482 1 0 1627782777
WALL 44997482 1 0 1627782778
WALL 44997482 1 0 1627782779
WALL 44997482 1 0 1627782780
WALL 44997482 1 0 1627782781
WALL 44997482 1 0 1627782782
WALL 44997482 1 0 1627782783
WALL 44997482 1 0 1627782784
WALL 44997482 1 0 1627782785
WALL 44997482 1 0 1627782786
WALL 44997482 1 0 1627782787
WALL 44997482 1 0 1627782788
WALL 44997482 1 0 1627782789
WALL 44997482 1 0 1627782790
WALL 44997482 1 0 1627782791
WALL 44997482 1 0 1627782792
WALL 44997482 1 0 1627782793
WALL 44997482 1 0 1627782794
WALL 44997482 1 0 1627782795
WALL 44997482 1 0 1627782796
WALL 44997482 1 0 1627782797
WALL 44997482 1 0 1627782798
WALL 44997482 1 0 1627782799
WALL 44997482 1 0 1627782800
WALL 44997482 1 0 1627782801
WALL 44997482 1 0 1627782802
WALL 44997482 1 0 1627782803
WALL 44997482 1 0 1627782804
WALL 44997482 1 0 1627782805
WALL 44997482 1 0 1627782806
WALL 44997482 1 0 1627782807
WALL 44997482 1 0 1627782808
WALL 44997482 1 0 1627782809
WALL 44997482 1 0 1627782810
WALL 44997482 1 0 1627782811
WALL 44997482 1 0 1627782812
WALL 44997482 1 0 1627782813
WALL 44997482 1 0 1627782814
WALL 44997482 1 0 1627782815
WALL 44997482 1 0 1627782816
WALL 44997482 1 0 1627782817
WALL 44997482 1 0 1627782818
WALL 44997482 1 0 1627782819
WALL 44997482 1 0 1627782820
WALL 44997482 1 0 1627782821
WALL 44997482 1 0 1627782822
WALL 44997482 1 0 1627782823
WALL 44997482 1 0 1627782824
WALL 44997482 1 0 1627782825
WALL 44997482 1 0 1627782826
WALL 44997482 1 0 1627782827
WALL 44997482 1 0 1627782828
WALL 44997482 1 0 1627782829
WALL 44997482 1 0 1627782830
WALL 44997482 1 0 1627782831
WALL 44997482 1 0 1627782832
WALL 44997482 1 0 1627782833
WALL 44997482 1 0 1627782834
WALL 44997482 1 0 1627782835
WALL 44997482 1 0 1627782836
WALL 44997482 1 0 1627782837
WALL 44997482 1 0 1627782838
WALL 44997482 1 0 1627782839
WALL 44997482 1 0 1627782840
WALL 44997482 1 0 1627782841
WALL 44997482 1 0 1627782842
WALL 44997482 1 0 1627782843
WALL 44997482 1 0 1627782844
WALL 44997482 1 0 1627782845
WALL 44997482 1 0 1627782846
WALL 44997482 1 0 1627782847
WALL 44997482 1 0 1627782848
WALL 44997482 1 0 1627782849
WALL 44997482 1 0 1627782850
WALL 44997482 1 0 1627782851
WALL 44997482 1 0 1627782852
WALL 44997482 1 0 1627782853
WALL 44997482 1 0 1627782854
WALL 44997482 1 0 1627782855
WALL 44997482 1 0 1627782856
WALL 44997482 1 0 1627782857
WALL 44997482 1 0 1627782858
WALL 44997482 1 0 1627782859
WALL 44997482 1 0 1627782860
WALL 44997482 1 0 1627782861
WALL 44997482 1 0 1627782862
WALL 44997482 1 0 1627782863
WALL 44997482 1 0 1627782864
WALL 44997482 1 0 1627782865
WALL 44997482 1 0 1627782866
WALL 44997482 1 0 1627782867
WALL 44997482 1 0 1627782868
WALL 44997482 1 0 1627782869
WALL 44997482 1 0 1627782870
WALL 44997482 1 0 1627782871
WALL 44997482 1 0 1627782872
WALL 44997482 1 0 1627782873
WALL 44997482 1 0 1627782874
WALL 44997482 1 0 1627782875
WALL 44997482 1 0 1627782876
WALL 44997482 1 0 1627782877
WALL 44997482 1 0 1627782878
WALL 44997482 1 0 1627782879
WALL 44997482 1 0 1627782880
WALL 44997482 1 0 1627782881
WALL 44997482 1 0 1627782882
WALL 44997482 1 0 1627782883
WALL 44997482 1 0 1627782884
WALL 44997482 1 0 1627782885
WALL 44997482 1 0 1627782886
WALL 44997482 1 0 1627782887
WALL 44997482 1 0 1627782888
WALL 44997482 1 0 1627782889
WALL 44997482 1 0 1627782890
WALL 44997482 1 0 1627782891
WALL 44997482 1 0 1627782892
WALL 44997482 1 0 1627782893
WALL 44997482 1 0 1627782894
WALL 44997482 1 0 1627782895
WALL 44997482 1 0 1627782896
WALL 44997482 1 0 1627782897
WALL 44997482 1 0 1627782898
WALL 44997482 1 0 1627782899
WALL 44997482 1 0 1627782900
WALL 44997482 1 0 1627782901
WALL 44997482 1 0 1627782902
WALL 44997482 1 0 1627782903
WALL 44997482 1 0 1627782904
WALL 44997482 1 0 1627782905
WALL 44997482 1 0 1627782906
WALL 44997482 1 0 1627782907
WALL 44997482 1 0 1627782908
WALL 44997482 1 0 1627782909
WALL 44997482 1 0 1627782910
WALL 44997482 1 0 1627782911
WALL 44997482 1 0 1627782912
WALL 44997482 1 0 1627782913
WALL 44997482 1 0 1627782914
WALL 44997482 1 0 1627782915
WALL 44997482 1 0 1627782916
WALL 44997482 1 0 1627782917
WALL 44997482 1 0 1627782918
WALL 44997482 1 0 1627782919
WALL 44997482 1 0 1627782920
WALL 44997482 1 0 1627782921
WALL 44997482 1 0 1627782922
WALL 44997482 1 0 1627782923
WALL 44997482 1 0 1627782924
WALL 44997482 1 0 1627782925
WALL 44997482 1 0 1627782926
WALL 44997482 1 0 1627782927
WALL 44997482 1 0 1627782928
WALL 44997482 1 0 1627782929
WALL 44997482 1 0 1627782930
WALL 44997482 1 0 1627782931
WALL 44997482 1 0 1627782932
WALL 44997482 1 0 1627782933
WALL 44997482 1 0 1627782934
WALL 44997482 1 0 1627782935
WALL 44997482 1 0 1627782936
WALL 44997482 1 0 1627782937
WALL 44997482 1 0 1627782938
WALL 44997482 1 0 1627782939
WALL 44997482 1 0 1627782940
WALL 44997482 1 0 1627782941
WALL 44997482 1 0 1627782942
WALL 44997482 1 0 1627782943
WALL 44997482 1 0 1627782944
WALL 44997482 1 0 1627782945
WALL 44997482 1 0 1627782946
WALL 44997482 1 0 1627782947
WALL 44997482 1 0 1627782948
WALL 44997482 1 0 1627782949
WALL 44997482 1 0 1627782950
WALL 44997482 1 0 1627782951
WALL 44997482 1 0 1627782952
WALL 44997482 1 0 1627782953
WALL 44997482 1 0 1627782954
WALL 44997482 1 0 1627782955
WALL 44997482 1 0 1627782956
WALL 44997482 1 0 1627782957
WALL 44997482 1 0 1627782958
WALL 44997482 1 0 1627782959
WALL 44997482 1 0 1627782960
WALL 44997482 1 0 1627782961
WALL 44997482 1 0 1627782962
WALL 44997482 1 0 1627782963
WALL 44997482 1 0 1627782964
WALL 44997482 1 0 1627782965
WALL 44997482 1 0 1627782966
WALL 44997482 1 0 1627782967
WALL 44997482 1 0 1627782968
WALL 44997482 1 0 1627782969
WALL 44997482 1 0 1627782970
WALL 44997482 1 0 1627782971
WALL 44997482 1 0 1627782972
WALL 44997482 1 0 1627782973
WALL 44997482 1 0 1627782974
WALL 44997482 1 0 1627782975
WALL 44997482 1 0 1627782976
WALL 44997482 1 0 1627782977
WALL 44997482 1 0 1627782978
WALL 44997482 1 0 1627782979
WALL 44997482 1 0 1627782980
WALL 44997482 1 0 1627782981
WALL 44997482 1 0 1627782982
WALL 44997482 1 0 1627782983
WALL 44997482 1 0 1627782984
WALL 44997482 1 0 1627782985
WALL 44997482 1 0 1627782986
WALL 44997482 1 0 1627782987
WALL 44997482 1 0 1627782988
WALL 44997482 1 0 1627782989
WALL 44997482 1 0 1627782990
WALL 44997482 1 0 1627782991
WALL 44997482 1 0 1627782992
WALL 44997482 1 0 1627782993
WALL 44997482 1 0 1627782994
WALL 44997482 1 0 1627782995
WALL 44997482 1 0 1627782996
WALL 44997482 1 0 1627782997
WALL 44997482 1 0 1627782998
WALL 44997482 1 0 1627782999
WALL 44997482 1 0 1627783000
WALL 44997482 1 0 1627783001
WALL 44997482 1 0 1627783002
WALL 44997482 1 0 1627783003
WALL 44997482 1 0 1627783004
WALL 44997482 1 0 1627783005
WALL 44997482 1 0 1627783006
WALL 44997482 1 0 1627783007
WALL 44997482 1 0 1627783008
WALL 44997482 1 0 1627783009
WALL 44997482 1 0 1627783010
WALL 44997482 1 0 1627783011
WALL 44997482 1 0 1627783012
WALL 44997482 1 0 1627783013
WALL 44997482 1 0 1627783014
WALL 44997482 1 0 1627783015
WALL 44997482 1 0 1627783016
WALL 44997482 1 0 1627783017
WALL 44997482 1 0 1627783018
WALL 44997482 1 0 1627783019
WALL 44997482 1 0 1627783020
WALL 44997482 1 0 1627783021
WALL 44997482 1 0 1627783022
WALL 44997482 1 0 1627783023
WALL 44997482 1 0 1627783024
WALL 44997482 1 0 1627783025
WALL 44997482 1 0 1627783026
WALL 44997482 1 0 1627783027
WALL 44997482 1 0 1627783028
WALL 44997482 1 0 1627783029
WALL 44997482 1 0 1627783030
WALL 44997482 1 0 1627783031
WALL 44997482 1 0 1627783032
WALL 44997482 1 0 1627783033
WALL 44997482 1 0 1627783034
WALL 44997482 1 0 1627783035
WALL 44997482 1 0 1627783036
WALL 44997482 1 0 1627783037
WALL 44997482 1 0 1627783038
WALL 44997482 1 0 1627783039
WALL 44997482 1 0 1627783040
WALL 44997482 1 0 1627783041
WALL 44997482 1 0 1627783042
WALL 44997482 1 0 1627783043
WALL 44997482 1 0 1627783044
WALL 44997482 1 0 1627783045
WALL 44997482 1 0 1627783046
WALL 44997482 1 0 1627783047
WALL 44997482 1 0 1627783048
WALL 44997482 1 0 1627783049
WALL 44997482 1 0 1627783050
WALL 44997482 1 0 1627783051
WALL 44997482 1 0 1627783052
WALL 44997482 1 0 1627783053
WALL 44997482 1 0 1627783054
WALL 44997482 1 0 1627783055
WALL 44997482 1 0 1627783056
WALL 44997482 1 0 1627783057
WALL 44997482 1 0 1627783058
WALL 44997482 1 0 1627783059
WALL 44997482 1 0 1627783060
WALL 44997482 1 0 1627783061
WALL 44997482 1 0 1627783062
WALL 44997482 1 0 1627783063
WALL 44997482 1 0 1627783064
WALL 44997482 1 0 1627783065
WALL 44997482 1 0 1627783066
WALL 44997482 1 0 1627783067
WALL 44997482 1 0 1627783068
WALL 44997482 1 0 1627783069
WALL 44997482 1 0 1627783070
WALL 44997482 1 0 1627783071
WALL 44997482 1 0 1627783072
WALL 44997482 1 0 1627783073
WALL 44997482 1 0 1627783074
WALL 44997482 1 0 1627783075
WALL 44997482 1 0 1627783076
WALL 44997482 1 0 1627783077
WALL 44997482 1 0 1627783078
WALL 44997482 1 0 1627783079
WALL 44997482 1 0 1627783080
WALL 44997482 1 0 1627783081
WALL 44997482 1 0 1627783082
WALL 44997482 1 0 1627783083
WALL 44997482 1 0 1627783084
WALL 44997482 1 0 1627783085
WALL 44997482 1 0 1627783086
WALL 44997482 1 0 1627783087
WALL 44997482 1 0 1627783088
WALL 44997482 1 0 1627783089
WALL 44997482 1 0 1627783090
WALL 44997482 1 0 1627783091
WALL 44997482 1 0 1627783092
WALL 44997482 1 0 1627783093
WALL 44997482 1 0 1627783094
WALL 44997482 1 0 1627783095
WALL 44997482 1 0 1627783096
WALL 44997482 1 0 1627783097
WALL 44997482 1 0 1627783098
WALL 44997482 1 0 1627783099
WALL 44997482 1 0 1627783100
WALL 44997482 1 0 1627783101
WALL 44997482 1 0 1627783102
WALL 44997482 1 0 1627783103
WALL 44997482 1 0 1627783104
WALL 44997482 1 0 1627783105
WALL 44997482 1 0 1627783106
WALL 44997482 1 0 1627783107
WALL 44997482 1 0 1627783108
WALL 44997482 1 0 1627783109
WALL 44997482 1 0 1627783110
WALL 44997482 1 0 1627783111
WALL 44997482 1 0 1627783112
WALL 44997482 1 0 1627783113
WALL 44997482 1 0 1627783114
WALL 44997482 1 0 1627783115
WALL 44997482 1 0 1627783116
WALL 44997482 1 0 1627783117
WALL 44997482 1 0 1627783118
WALL 44997482 1 0 1627783119
WALL 44997482 1 0 1627783120
WALL 44997482 1 0 1627783121
WALL 44997482 1 0 1627783122
WALL 44997482 1 0 1627783123
WALL 44997482 1 0 1627783124
WALL 44997482 1 0 1627783125
WALL 44997482 1 0 1627783126
WALL 44997482 1 0 1627783127
WALL 44997482 1 0 1627783128
WALL 44997482 1 0 1627783129
WALL 44997482 1 0 1627783130
WALL 44997482 1 0 1627783131
WALL 44997482 1 0 1627783132
WALL 44997482 1 0 1627783133
WALL 44997482 1 0 1627783134
WALL 44997482 1 0 1627783135
WALL 44997482 1 0 1627783136
WALL 44997482 1 0 1627783137
WALL 44997482 1 0 1627783138
WALL 44997482 1 0 1627783139
WALL 44997482 1 0 1627783140
WALL 44997482 1 0 1627783141
WALL 44997482 1 0 1627783142
WALL 44997482 1 0 1627783143
WALL 44997482 1 0 1627783144
WALL 44997482 1 0 1627783145
WALL 44997482 1 0 1627783146
WALL 44997482 1 0 1627783147
WALL 44997482 1 0 1627783148
WALL 44997482 1 0 1627783149
WALL 44997482 1 0 1627783150
WALL 44997482 1 0 1627783151
WALL 44997482 1 0 1627783152
WALL 44997482 1 0 1627783153
WALL 44997482 1 0 1627783154
WALL 44997482 1 0 1627783155
WALL 44997482 1 0 1627783156
WALL 44997482 1 0 1627783157
WALL 44997482 1 0 1627783158
WALL 44997482 1 0 1627783159
WALL 44997482 1 0 1627783160
WALL 44997482 1 0 1627783161
WALL 44997482 1 0 1627783162
WALL 44997482 1 0 1627783163
WALL 44997482 1 0 1627783164
WALL 44997482 1 0 1627783165
WALL 44997482 1 0 1627783166
WALL 44997482 1 0 1627783167
WALL 44997482 1 0 1627783168
WALL 44997482 1 0 1627783169
WALL 44997482 1 0 1627783170
WALL 44997482 1 0 1627783171
WALL 44997482 1 0 1627783172
WALL 44997482 1 0 1627783173
WALL 44997482 1 0 1627783174
WALL 44997482 1 0 1627783175
WALL 44997482 1 0 1627783176
WALL 44997482 1 0 1627783177
WALL 44997482 1 0 1627783178
WALL 44997482 1 0 1627783179
WALL 44997482 1 0 1627783180
WALL 44997482 1 0 1627783181
WALL 44997482 1 0 1627783182
WALL 44997482 1 0 1627783183
WALL 44997482 1 0 1627783184
WALL 44997482 1 0 1627783185
WALL 44997482 1 0 1627783186
WALL 44997482 1 0 1627783187
WALL 44997482 1 0 1627783188
WALL 44997482 1 0 1627783189
WALL 44997482 1 0 1627783190
WALL 44997482 1 0 1627783191
WALL 44997482 1 0 1627783192
WALL 44997482 1 0 1627783193
WALL 44997482 1 0 1627783194
WALL 44997482 1 0 1627783195
WALL 44997482 1 0 1627783196
WALL 44997482 1 0 1627783197
WALL 44997482 1 0 1627783198
WALL 44997482 1 0 1627783199
WALL 44997482 1 0 1627783200
WALL 44997482 1 0 1627783201
WALL 44997482 1 0 1627783202
WALL 44997482 1 0 1627783203
WALL 44997482 1 0 1627783204
WALL 44997482 1 0 1627783205
WALL 44997482 1 0 1627783206
WALL 44997482 1 0 1627783207
WALL 44997482 1 0 1627783208
WALL 44997482 1 0 1627783209
WALL 44997482 1 0 1627783210
WALL 44997482 1 0 1627783211
WALL 44997482 1 0 1627783212
WALL 44997482 1 0 1627783213
WALL 44997482 1 0 1627783214
WALL 44997482 1 0 1627783215
WALL 44997482 1 0 1627783216
WALL 44997482 1 0 1627783217
WALL 44997482 1 0 1627783218
WALL 44997482 1 0 1627783219
WALL 44997482 1 0 1627783220
WALL 44997482 1 0 1627783221
WALL 44997482 1 0 1627783222
WALL 44997482 1 0 1627783223
WALL 44997482 1 0 1627783224
WALL 44997482 1 0 1627783225
WALL 44997482 1 0 1627783226
WALL 44997482 1 0 1627783227
WALL 44997482 1 0 1627783228
WALL 44997482 1 0 1627783229
WALL 44997482 1 0 1627783230
WALL 44997482 1 0 1627783231
WALL 44997482 1 0 1627783232
WALL 44997482 1 0 1627783233
WALL 44997482 1 0 1627783234
WALL 44997482 1 0 1627783235
WALL 44997482 1 0 1627783236
WALL 44997482 1 0 1627783237
WALL 44997482 1 0 1627783238
WALL 44997482 1 0 1627783239
WALL 44997482 1 0 1627783240
WALL 44997482 1 0 1627783241
WALL 44997482 1 0 1627783242
WALL 44997482 1 0 1627783243
WALL 44997482 1 0 1627783244
WALL 44997482 1 0 1627783245
WALL 44997482 1 0 1627783246
WALL 44997482 1 0 1627783247
WALL 44997482 1 0 1627783248
WALL 44997482 1 0 1627783249
WALL 44997482 1 0 1627783250
WALL 44997482 1 0 1627783251
WALL 44997482 1 0 1627783252
WALL 44997482 1 0 1627783253
WALL 44997482 1 0 1627783254
WALL 44997482 1 0 1627783255
WALL 44997482 1 0 1627783256
WALL 44997482 1 0 1627783257
WALL 44997482 1 0 1627783258
WALL 44997482 1 0 1627783259
WALL 44997482 1 0 1627783260
WALL 44997482 1 0 1627783261
WALL 44997482 1 0 1627783262
WALL 44997482 1 0 1627783263
WALL 44997482 1 0 1627783264
WALL 44997482 1 0 1627783265
WALL 44997482 1 0 1627783266
WALL 44997482 1 0 1627783267
WALL 44997482 1 0 1627783268
WALL 44997482 1 0 1627783269
WALL 44997482 1 0 1627783270
WALL 44997482 1 0 1627783271
WALL 44997482 1 0 1627783272
WALL 44997482 1 0 1627783273
WALL 44997482 1 0 1627783274
WALL 44997482 1 0 1627783275
WALL 44997482 1 0 1627783276
WALL 44997482 1 0 1627783277
WALL 44997482 1 0 1627783278
WALL 44997482 1 0 1627783279
WALL 44997482 1 0 1627783280
WALL 44997482 1 0 1627783281
WALL 44997482 1 0 1627783282
WALL 44997482 1 0 1627783283
WALL 44997482 1 0 1627783284
WALL 44997482 1 0 1627783285
WALL 44997482 1 0 1627783286
WALL 44997482 1 0 1627783287
WALL 44997482 1 0 1627783288
WALL 44997482 1 0 1627783289
WALL 44997482 1 0 1627783290
WALL 44997482 1 0 1627783291
WALL 44997482 1 0 1627783292
WALL 44997482 1 0 1627783293
WALL 44997482 1 0 1627783294
WALL 44997482 1 0 1627783295
WALL 44997482 1 0 1627783296
WALL 44997482 1 0 1627783297
WALL 44997482 1 0 1627783298
WALL 44997482 1 0 1627783299
WALL 44997482 1 0 1627783300
WALL 44997482 1 0 1627783301
WALL 44997482 1 0 1627783302
WALL 44997482 1 0 1627783303
WALL 44997482 1 0 1627783304
WALL 44997482 1 0 1627783305
WALL 44997482 1 0 1627783306
WALL 44997482 1 0 1627783307
WALL 44997482 1 0 1627783308
WALL 44997482 1 0 1627783309
WALL 44997482 1 0 1627783310
WALL 44997482 1 0 1627783311
WALL 44997482 1 0 1627783312
WALL 44997482 1 0 1627783313
WALL 44997482 1 0 1627783314
WALL 44997482 1 0 1627783315
WALL 44997482 1 0 1627783316
WALL 44997482 1 0 1627783317
WALL 44997482 1 0 1627783318
WALL 44997482 1 0 1627783319
WALL 44997482 1 0 1627783320
WALL 44997482 1 0 1627783321
WALL 44997482 1 0 1627783322
WALL 44997482 1 0 1627783323
WALL 44997482 1 0 1627783324
WALL 44997482 1 0 1627783325
WALL 44997482 1 0 1627783326
WALL 44997482 1 0 1627783327
WALL 44997482 1 0 1627783328
WALL 44997482 1 0 1627783329
WALL 44997482 1 0 1627783330
WALL 44997482 1 0 1627783331
WALL 44997482 1 0 1627783332
WALL 44997482 1 0 1627783333
WALL 44997482 1 0 1627783334
WALL 44997482 1 0 1627783335
WALL 44997482 1 0 1627783336
WALL 44997482 1 0 1627783337
WALL 44997482 1 0 1627783338
WALL 44997482 1 0 1627783339
WALL 44997482 1 0 1627783340
WALL 44997482 1 0 1627783341
WALL 44997482 1 0 1627783342
WALL 44997482 1 0 1627783343
WALL 44997482 1 0 1627783344
WALL 44997482 1 0 1627783345
WALL 44997482 1 0 1627783346
WALL 44997482 1 0 1627783347
WALL 44997482 1 0 1627783348
WALL 44997482 1 0 1627783349
WALL 44997482 1 0 1627783350
WALL 44997482 1 0 1627783351
WALL 44997482 1 0 1627783352
WALL 44997482 1 0 1627783353
WALL 44997482 1 0 1627783354
WALL 44997482 1 0 1627783355
WALL 44997482 1 0 1627783356
WALL 44997482 1 0 1627783357
WALL 44997482 1 0 1627783358
WALL 44997482 1 0 1627783359
WALL 44997482 1 0 1627783360
WALL 44997482 1 0 1627783361
WALL 44997482 1 0 1627783362
WALL 44997482 1 0 1627783363
WALL 44997482 1 0 1627783364
WALL 44997482 1 0 1627783365
WALL 44997482 1 0 1627783366
WALL 44997482 1 0 1627783367
WALL 44997482 1 0 1627783368
WALL 44997482 1 0 1627783369
WALL 44997482 1 0 1627783370
WALL 44997482 1 0 1627783371
WALL 44997482 1 0 1627783372
WALL 44997482 1 0 1627783373
WALL 44997482 1 0 1627783374
WALL 44997482 1 0 1627783375
WALL 44997482 1 0 1627783376
WALL 44997482 1 0 1627783377
WALL 44997482 1 0 1627783378
WALL 44997482 1 0 1627783379
WALL 44997482 1 0 1627783380
WALL 44997482 1 0 1627783381
WALL 44997482 1 0 1627783382
WALL 44997482 1 0 1627783383
WALL 44997482 1 0 1627783384
WALL 44997482 1 0 1627783385
WALL 44997482 1 0 1627783386
WALL 44997482 1 0 1627783387
WALL 44997482 1 0 1627783388
WALL 44997482 1 0 1627783389
WALL 44997482 1 0 1627783390
WALL 44997482 1 0 1627783391
WALL 44997482 1 0 1627783392
WALL 44997482 1 0 1627783393
WALL 44997482 1 0 1627783394
WALL 44997482 1 0 1627783395
WALL 44997482 1 0 1627783396
WALL 44997482 1 0 1627783397
WALL 44997482 1 0 1627783398
WALL 44997482 1 0 1627783399
WALL 44997482 1 0 1627783400
WALL 44997482 1 0 1627783401
WALL 44997482 1 0 1627783402
WALL 44997482 1 0 1627783403
WALL 44997482 1 0 1627783404
WALL 44997482 1 0 1627783405
WALL 44997482 1 0 1627783406
WALL 44997482 1 0 1627783407
WALL 44997482 1 0 1627783408
WALL 44997482 1 0 1627783409
WALL 44997482 1 0 1627783410
WALL 44997482 1 0 1627783411
WALL 44997482 1 0 1627783412
WALL 44997482 1 0 1627783413
WALL 44997482 1 0 1627783414
WALL 44997482 1 0 1627783415
WALL 44997482 1 0 1627783416
WALL 44997482 1 0 1627783417
WALL 44997482 1 0 1627783418
WALL 44997482 1 0 1627783419
WALL 44997482 1 0 1627783420
WALL 44997482 1 0 1627783421
WALL 44997482 1 0 1627783422
WALL 44997482 1 0 1627783423
WALL 44997482 1 0 1627783424
WALL 44997482 1 0 1627783425
WALL 44997482 1 0 1627783426
WALL 44997482 1 0 1627783427
WALL 44997482 1 0 1627783428
WALL 44997482 1 0 1627783429
WALL 44997482 1 0 1627783430
WALL 44997482 1 0 1627783431
WALL 44997482 1 0 1627783432
WALL 44997482 1 0 1627783433
WALL 44997482 1 0 1627783434
WALL 44997482 1 0 1627783435
WALL 44997482 1 0 1627783436
WALL 44997482 1 0 1627783437
WALL 44997482 1 0 1627783438
WALL 44997482 1 0 1627783439
WALL 44997482 1 0 1627783440
WALL 44997482 1 0 1627783441
WALL 44997482 1 0 1627783442
WALL 44997482 1 0 1627783443
WALL 44997482 1 0 1627783444
WALL 44997482 1 0 1627783445
WALL 44997482 1 0 1627783446
WALL 44997482 1 0 1627783447
WALL 44997482 1 0 1627783448
WALL 44997482 1 0 1627783449
WALL 44997482 1 0 1627783450
WALL 44997482 1 0 1627783451
WALL 44997482 1 0 1627783452
WALL 44997482 1 0 1627783453
WALL 44997482 1 0 1627783454
WALL 44997482 1 0 1627783455
WALL 44997482 1 0 1627783456
WALL 44997482 1 0 1627783457
WALL 44997482 1 0 1627783458
WALL 44997482 1 0 1627783459
WALL 44997482 1 0 1627783460
WALL 44997482 1 0 1627783461
WALL 44997482 1 0 1627783462
WALL 44997482 1 0 1627783463
WALL 44997482 1 0 1627783464
WALL 44997482 1 0 1627783465
WALL 44997482 1 0 1627783466
WALL 44997482 1 0 1627783467
WALL 44997482 1 0 1627783468
WALL 44997482 1 0 1627783469
WALL 44997482 1 0 1627783470
WALL 44997482 1 0 1627783471
WALL 44997482 1 0 1627783472
WALL 44997482 1 0 1627783473
WALL 44997482 1 0 1627783474
WALL 44997482 1 0 1627783475
WALL 44997482 1 0 1627783476
WALL 44997482 1 0 1627783477
WALL 44997482 1 0 1627783478
WALL 44997482 1 0 1627783479
WALL 44997482 1 0 1627783480
WALL 44997482 1 0 1627783481
WALL 44997482 1 0 1627783482
WALL 44997482 1 0 1627783483
WALL 44997482 1 0 1627783484
WALL 44997482 1 0 1627783485
WALL 44997482 1 0 1627783486
WALL 44997482 1 0 1627783487
WALL 44997482 1 0 1627783488
WALL 44997482 1 0 1627783489
WALL 44997482 1 0 1627783490
WALL 44997482 1 0 1627783491
WALL 44997482 1 0 1627783492
WALL 44997482 1 0 1627783493
WALL 44997482 1 0 1627783494
WALL 44997482 1 0 1627783495
WALL 44997482 1 0 1627783496
WALL 44997482 1 0 1627783497
WALL 44997482 1 0 1627783498
WALL 44997482 1 0 1627783499
WALL 44997482 1 0 1627783500
WALL 44997482 1 0 1627783501
WALL 44997482 1 0 1627783502
WALL 44997482 1 0 1627783503
WALL 44997482 1 0 1627783504
WALL 44997482 1 0 1627783505
WALL 44997482 1 0 1627783506
WALL 44997482 1 0 1627783507
WALL 44997482 1 0 1627783508
WALL 44997482 1 0 1627783509
WALL 44997482 1 0 1627783510
WALL 44997482 1 0 1627783511
WALL 44997482 1 0 1627783512
WALL 44997482 1 0 1627783513
WALL 44997482 1 0 1627783514
WALL 44997482 1 0 1627783515
WALL 44997482 1 0 1627783516
WALL 44997482 1 0 1627783517
WALL 44997482 1 0 1627783518
WALL 44997482 1 0 1627783519
WALL 44997482 1 0 1627783520
WALL 44997482 1 0 1627783521
WALL 44997482 1 0 1627783522
WALL 44997482 1 0 1627783523
WALL 44997482 1 0 1627783524
WALL 44997482 1 0 1627783525
WALL 44997482 1 0 1627783526
WALL 44997482 1 0 1627783527
WALL 44997482 1 0 1627783528
WALL 44997482 1 0 1627783529
WALL 44997482 1 0 1627783530
WALL 44997482 1 0 1627783531
WALL 44997482 1 0 1627783532
WALL 44997482 1 0 1627783533
WALL 44997482 1 0 1627783534
WALL 44997482 1 0 1627783535
WALL 44997482 1 0 1627783536
WALL 44997482 1 0 1627783537
WALL 44997482 1 0 1627783538
WALL 44997482 1 0 1627783539
WALL 44997482 1 0 1627783540
WALL 44997482 1 0 1627783541
WALL 44997482 1 0 1627783542
WALL 44997482 1 0 1627783543
WALL 44997482 1 0 1627783544
WALL 44997482 1 0 1627783545
WALL 44997482 1 0 1627783546
WALL 44997482 1 0 1627783547
WALL 44997482 1 0 1627783548
WALL 44997482 1 0 1627783549
WALL 44997482 1 0 1627783550
WALL 44997482 1 0 1627783551
WALL 44997482 1 0 1627783552
WALL 44997482 1 0 1627783553
WALL 44997482 1 0 1627783554
WALL 44997482 1 0 1627783555
WALL 44997482 1 0 1627783556
WALL 44997482 1 0 1627783557
WALL 44997482 1 0 1627783558
WALL 44997482 1 0 1627783559
WALL 44997482 1 0 1627783560
WALL 44997482 1 0 1627783561
WALL 44997482 1 0 1627783562
WALL 44997482 1 0 1627783563
WALL 44997482 1 0 1627783564
WALL 44997482 1 0 1627783565
WALL 44997482 1 0 1627783566
WALL 44997482 1 0 1627783567
WALL 44997482 1 0 1627783568
WALL 44997482 1 0 1627783569
WALL 44997482 1 0 1627783570
WALL 44997482 1 0 1627783571
WALL 44997482 1 0 1627783572
WALL 44997482 1 0 1627783573
WALL 44997482 1 0 1627783574
WALL 44997482 1 0 1627783575
WALL 44997482 1 0 1627783576
WALL 44997482 1 0 1627783577
WALL 44997482 1 0 1627783578
WALL 44997482 1 0 1627783579
WALL 44997482 1 0 1627783580
WALL 44997482 1 0 1627783581
WALL 44997482 1 0 1627783582
WALL 44997482 1 0 1627783583
WALL 44997482 1 0 1627783584
WALL 44997482 1 0 1627783585
WALL 44997482 1 0 1627783586
WALL 44997482 1 0 1627783587
WALL 44997482 1 0 1627783588
WALL 44997482 1 0 1627783589
WALL 44997482 1 0 1627783590
WALL 44997482 1 0 1627783591
WALL 44997482 1 0 1627783592
WALL 44997482 1 0 1627783593
WALL 44997482 1 0 1627783594
WALL 44997482 1 0 1627783595
WALL 44997482 1 0 1627783596
WALL 44997482 1 0 1627783597
WALL 44997482 1 0 1627783598
WALL 44997482 1 0 1627783599
WALL 44997482 1 0 1627783600
WALL 44997482 1 0 1627783601
WALL 44997482 1 0 1627783602
WALL 44997482 1 0 1627783603
WALL 44997482 1 0 1627783604
WALL 44997482 1 0 1627783605
WALL 44997482 1 0 1627783606
WALL 44997482 1 0 1627783607
WALL 44997482 1 0 1627783608
WALL 44997482 1 0 1627783609
WALL 44997482 1 0 1627783610
WALL 44997482 1 0 1627783611
WALL 44997482 1 0 1627783612
WALL 44997482 1 0 1627783613
WALL 44997482 1 0 1627783614
WALL 44997482 1 0 1627783615
WALL 44997482 1 0 1627783616
WALL 44997482 1 0 1627783617
WALL 44997482 1 0 1627783618
WALL 44997482 1 0 1627783619
WALL 44997482 1 0 1627783620
WALL 44997482 1 0 1627783621
WALL 44997482 1 0 1627783622
WALL 44997482 1 0 1627783623
WALL 44997482 1 0 1627783624
WALL 44997482 1 0 1627783625
WALL 44997482 1 0 1627783626
WALL 44997482 1 0 1627783627
WALL 44997482 1 0 1627783628
WALL 44997482 1 0 1627783629
WALL 44997482 1 0 1627783630
WALL 44997482 1 0 1627783631
received SIGCONT 1627783632
WALL 44997482 1 0 1627783632
WALL 44997482 1 0 1627783633
WALL 44997482 1 0 1627783634
slurmstepd: error: *** STEP 44997482.0 ON nid00800 CANCELLED AT 2021-07-31T19:07:14 ***
received SIGTERM 1627783634
WALL 44997482 1 0 1627783634
WALL 44997482 1 0 1627783635
WALL 44997482 1 0 1627783636
WALL 44997482 1 0 1627783637
WALL 44997482 1 0 1627783638
WALL 44997482 1 0 1627783639
WALL 44997482 1 0 1627783640
WALL 44997482 1 0 1627783641
WALL 44997482 1 0 1627783642
WALL 44997482 1 0 1627783643
WALL 44997482 1 0 1627783644
WALL 44997482 1 0 1627783645
WALL 44997482 1 0 1627783646
WALL 44997482 1 0 1627783647
WALL 44997482 1 0 1627783648
WALL 44997482 1 0 1627783649
WALL 44997482 1 0 1627783650
WALL 44997482 1 0 1627783651
WALL 44997482 1 0 1627783652
WALL 44997482 1 0 1627783653
WALL 44997482 1 0 1627783654
WALL 44997482 1 0 1627783655
WALL 44997482 1 0 1627783656
WALL 44997482 1 0 1627783657
WALL 44997482 1 0 1627783658
WALL 44997482 1 0 1627783659
WALL 44997482 1 0 1627783660
WALL 44997482 1 0 1627783661
WALL 44997482 1 0 1627783662
WALL 44997482 1 0 1627783663
WALL 44997482 1 0 1627783664
WALL 44997482 1 0 1627783665
WALL 44997482 1 0 1627783666
WALL 44997482 1 0 1627783667
WALL 44997482 1 0 1627783668
WALL 44997482 1 0 1627783669
WALL 44997482 1 0 1627783670
WALL 44997482 1 0 1627783671
WALL 44997482 1 0 1627783672
WALL 44997482 1 0 1627783673
WALL 44997482 1 0 1627783674
WALL 44997482 1 0 1627783675
WALL 44997482 1 0 1627783676
WALL 44997482 1 0 1627783677
WALL 44997482 1 0 1627783678
WALL 44997482 1 0 1627783679
WALL 44997482 1 0 1627783680
WALL 44997482 1 0 1627783681
WALL 44997482 1 0 1627783682
WALL 44997482 1 0 1627783683
WALL 44997482 1 0 1627783684
WALL 44997482 1 0 1627783685
WALL 44997482 1 0 1627783686
WALL 44997482 1 0 1627783687
WALL 44997482 1 0 1627783688
WALL 44997482 1 0 1627783689
WALL 44997482 1 0 1627783690
WALL 44997482 1 0 1627783691
WALL 44997482 1 0 1627783692
WALL 44997482 1 0 1627783693
WALL 44997482 1 0 1627783694
WALL 44997482 1 0 1627783695
WALL 44997482 1 0 1627783696
WALL 44997482 1 0 1627783697
WALL 44997482 1 0 1627783698
WALL 44997482 1 0 1627783699
WALL 44997482 1 0 1627783700
WALL 44997482 1 0 1627783701
WALL 44997482 1 0 1627783702
WALL 44997482 1 0 1627783703
WALL 44997482 1 0 1627783704
WALL 44997482 1 0 1627783705
srun: Job step aborted: Waiting up to 32 seconds for job step to finish.
received SIGTERM 1627783706
WALL 44997482 1 0 1627783706
received SIGCONT 1627783706
WALL 44997482 1 0 1627783706
srun: got SIGCONT
received SIGTERM 1627783706
WALL 44997482 1 0 1627783706
srun: forcing job termination
