WALL 44997515 1 0 1627784191
WALL 44997515 1 0 1627784192
WALL 44997515 1 0 1627784193
WALL 44997515 1 0 1627784194
WALL 44997515 1 0 1627784195
WALL 44997515 1 0 1627784196
WALL 44997515 1 0 1627784197
WALL 44997515 1 0 1627784198
WALL 44997515 1 0 1627784199
WALL 44997515 1 0 1627784200
WALL 44997515 1 0 1627784201
WALL 44997515 1 0 1627784202
WALL 44997515 1 0 1627784203
WALL 44997515 1 0 1627784204
WALL 44997515 1 0 1627784205
WALL 44997515 1 0 1627784206
WALL 44997515 1 0 1627784207
WALL 44997515 1 0 1627784208
WALL 44997515 1 0 1627784209
WALL 44997515 1 0 1627784210
WALL 44997515 1 0 1627784211
WALL 44997515 1 0 1627784212
WALL 44997515 1 0 1627784213
WALL 44997515 1 0 1627784214
WALL 44997515 1 0 1627784215
WALL 44997515 1 0 1627784216
WALL 44997515 1 0 1627784217
WALL 44997515 1 0 1627784218
WALL 44997515 1 0 1627784219
WALL 44997515 1 0 1627784220
WALL 44997515 1 0 1627784221
WALL 44997515 1 0 1627784222
WALL 44997515 1 0 1627784223
WALL 44997515 1 0 1627784224
WALL 44997515 1 0 1627784225
WALL 44997515 1 0 1627784226
WALL 44997515 1 0 1627784227
WALL 44997515 1 0 1627784228
WALL 44997515 1 0 1627784229
WALL 44997515 1 0 1627784230
WALL 44997515 1 0 1627784231
WALL 44997515 1 0 1627784232
WALL 44997515 1 0 1627784233
WALL 44997515 1 0 1627784234
WALL 44997515 1 0 1627784235
WALL 44997515 1 0 1627784236
WALL 44997515 1 0 1627784237
WALL 44997515 1 0 1627784238
WALL 44997515 1 0 1627784239
WALL 44997515 1 0 1627784240
WALL 44997515 1 0 1627784241
WALL 44997515 1 0 1627784242
WALL 44997515 1 0 1627784243
WALL 44997515 1 0 1627784244
WALL 44997515 1 0 1627784245
WALL 44997515 1 0 1627784246
WALL 44997515 1 0 1627784247
WALL 44997515 1 0 1627784248
WALL 44997515 1 0 1627784249
WALL 44997515 1 0 1627784250
WALL 44997515 1 0 1627784251
WALL 44997515 1 0 1627784252
WALL 44997515 1 0 1627784253
WALL 44997515 1 0 1627784254
WALL 44997515 1 0 1627784255
WALL 44997515 1 0 1627784256
WALL 44997515 1 0 1627784257
WALL 44997515 1 0 1627784258
WALL 44997515 1 0 1627784259
WALL 44997515 1 0 1627784260
WALL 44997515 1 0 1627784261
WALL 44997515 1 0 1627784262
WALL 44997515 1 0 1627784263
WALL 44997515 1 0 1627784264
WALL 44997515 1 0 1627784265
WALL 44997515 1 0 1627784266
WALL 44997515 1 0 1627784267
WALL 44997515 1 0 1627784268
WALL 44997515 1 0 1627784269
WALL 44997515 1 0 1627784270
WALL 44997515 1 0 1627784271
WALL 44997515 1 0 1627784272
WALL 44997515 1 0 1627784273
WALL 44997515 1 0 1627784274
WALL 44997515 1 0 1627784275
WALL 44997515 1 0 1627784276
WALL 44997515 1 0 1627784277
WALL 44997515 1 0 1627784278
WALL 44997515 1 0 1627784279
WALL 44997515 1 0 1627784280
WALL 44997515 1 0 1627784281
WALL 44997515 1 0 1627784282
WALL 44997515 1 0 1627784283
WALL 44997515 1 0 1627784284
WALL 44997515 1 0 1627784285
WALL 44997515 1 0 1627784286
WALL 44997515 1 0 1627784287
WALL 44997515 1 0 1627784288
WALL 44997515 1 0 1627784289
WALL 44997515 1 0 1627784290
WALL 44997515 1 0 1627784291
WALL 44997515 1 0 1627784292
WALL 44997515 1 0 1627784293
WALL 44997515 1 0 1627784294
WALL 44997515 1 0 1627784295
WALL 44997515 1 0 1627784296
WALL 44997515 1 0 1627784297
WALL 44997515 1 0 1627784298
WALL 44997515 1 0 1627784299
WALL 44997515 1 0 1627784300
WALL 44997515 1 0 1627784301
WALL 44997515 1 0 1627784302
WALL 44997515 1 0 1627784303
WALL 44997515 1 0 1627784304
WALL 44997515 1 0 1627784305
WALL 44997515 1 0 1627784306
WALL 44997515 1 0 1627784307
WALL 44997515 1 0 1627784308
WALL 44997515 1 0 1627784309
WALL 44997515 1 0 1627784310
WALL 44997515 1 0 1627784311
WALL 44997515 1 0 1627784312
WALL 44997515 1 0 1627784313
WALL 44997515 1 0 1627784314
WALL 44997515 1 0 1627784315
WALL 44997515 1 0 1627784316
WALL 44997515 1 0 1627784317
WALL 44997515 1 0 1627784318
WALL 44997515 1 0 1627784319
WALL 44997515 1 0 1627784320
WALL 44997515 1 0 1627784321
WALL 44997515 1 0 1627784322
WALL 44997515 1 0 1627784323
WALL 44997515 1 0 1627784324
WALL 44997515 1 0 1627784325
WALL 44997515 1 0 1627784326
WALL 44997515 1 0 1627784327
WALL 44997515 1 0 1627784328
WALL 44997515 1 0 1627784329
WALL 44997515 1 0 1627784330
WALL 44997515 1 0 1627784331
WALL 44997515 1 0 1627784332
WALL 44997515 1 0 1627784333
WALL 44997515 1 0 1627784334
WALL 44997515 1 0 1627784335
WALL 44997515 1 0 1627784336
WALL 44997515 1 0 1627784337
WALL 44997515 1 0 1627784338
WALL 44997515 1 0 1627784339
WALL 44997515 1 0 1627784340
WALL 44997515 1 0 1627784341
WALL 44997515 1 0 1627784342
WALL 44997515 1 0 1627784343
WALL 44997515 1 0 1627784344
WALL 44997515 1 0 1627784345
WALL 44997515 1 0 1627784346
WALL 44997515 1 0 1627784347
WALL 44997515 1 0 1627784348
WALL 44997515 1 0 1627784349
WALL 44997515 1 0 1627784350
WALL 44997515 1 0 1627784351
WALL 44997515 1 0 1627784352
WALL 44997515 1 0 1627784353
WALL 44997515 1 0 1627784354
WALL 44997515 1 0 1627784355
WALL 44997515 1 0 1627784356
WALL 44997515 1 0 1627784357
WALL 44997515 1 0 1627784358
WALL 44997515 1 0 1627784359
WALL 44997515 1 0 1627784360
WALL 44997515 1 0 1627784361
WALL 44997515 1 0 1627784362
WALL 44997515 1 0 1627784363
WALL 44997515 1 0 1627784364
WALL 44997515 1 0 1627784365
WALL 44997515 1 0 1627784366
WALL 44997515 1 0 1627784367
WALL 44997515 1 0 1627784368
WALL 44997515 1 0 1627784369
WALL 44997515 1 0 1627784370
WALL 44997515 1 0 1627784371
WALL 44997515 1 0 1627784372
WALL 44997515 1 0 1627784373
WALL 44997515 1 0 1627784374
WALL 44997515 1 0 1627784375
WALL 44997515 1 0 1627784376
WALL 44997515 1 0 1627784377
WALL 44997515 1 0 1627784378
WALL 44997515 1 0 1627784379
WALL 44997515 1 0 1627784380
WALL 44997515 1 0 1627784381
WALL 44997515 1 0 1627784382
WALL 44997515 1 0 1627784383
WALL 44997515 1 0 1627784384
WALL 44997515 1 0 1627784385
WALL 44997515 1 0 1627784386
WALL 44997515 1 0 1627784387
WALL 44997515 1 0 1627784388
WALL 44997515 1 0 1627784389
WALL 44997515 1 0 1627784390
WALL 44997515 1 0 1627784391
WALL 44997515 1 0 1627784392
WALL 44997515 1 0 1627784393
WALL 44997515 1 0 1627784394
WALL 44997515 1 0 1627784395
WALL 44997515 1 0 1627784396
WALL 44997515 1 0 1627784397
WALL 44997515 1 0 1627784398
WALL 44997515 1 0 1627784399
WALL 44997515 1 0 1627784400
WALL 44997515 1 0 1627784401
WALL 44997515 1 0 1627784402
WALL 44997515 1 0 1627784403
WALL 44997515 1 0 1627784404
WALL 44997515 1 0 1627784405
WALL 44997515 1 0 1627784406
WALL 44997515 1 0 1627784407
WALL 44997515 1 0 1627784408
WALL 44997515 1 0 1627784409
WALL 44997515 1 0 1627784410
WALL 44997515 1 0 1627784411
WALL 44997515 1 0 1627784412
WALL 44997515 1 0 1627784413
WALL 44997515 1 0 1627784414
WALL 44997515 1 0 1627784415
WALL 44997515 1 0 1627784416
WALL 44997515 1 0 1627784417
WALL 44997515 1 0 1627784418
WALL 44997515 1 0 1627784419
WALL 44997515 1 0 1627784420
WALL 44997515 1 0 1627784421
WALL 44997515 1 0 1627784422
WALL 44997515 1 0 1627784423
WALL 44997515 1 0 1627784424
WALL 44997515 1 0 1627784425
WALL 44997515 1 0 1627784426
WALL 44997515 1 0 1627784427
WALL 44997515 1 0 1627784428
WALL 44997515 1 0 1627784429
WALL 44997515 1 0 1627784430
WALL 44997515 1 0 1627784431
WALL 44997515 1 0 1627784432
WALL 44997515 1 0 1627784433
WALL 44997515 1 0 1627784434
WALL 44997515 1 0 1627784435
WALL 44997515 1 0 1627784436
WALL 44997515 1 0 1627784437
WALL 44997515 1 0 1627784438
WALL 44997515 1 0 1627784439
WALL 44997515 1 0 1627784440
WALL 44997515 1 0 1627784441
WALL 44997515 1 0 1627784442
WALL 44997515 1 0 1627784443
WALL 44997515 1 0 1627784444
WALL 44997515 1 0 1627784445
WALL 44997515 1 0 1627784446
WALL 44997515 1 0 1627784447
WALL 44997515 1 0 1627784448
WALL 44997515 1 0 1627784449
WALL 44997515 1 0 1627784450
WALL 44997515 1 0 1627784451
WALL 44997515 1 0 1627784452
WALL 44997515 1 0 1627784453
WALL 44997515 1 0 1627784454
WALL 44997515 1 0 1627784455
WALL 44997515 1 0 1627784456
WALL 44997515 1 0 1627784457
WALL 44997515 1 0 1627784458
WALL 44997515 1 0 1627784459
WALL 44997515 1 0 1627784460
WALL 44997515 1 0 1627784461
WALL 44997515 1 0 1627784462
WALL 44997515 1 0 1627784463
WALL 44997515 1 0 1627784464
WALL 44997515 1 0 1627784465
WALL 44997515 1 0 1627784466
WALL 44997515 1 0 1627784467
WALL 44997515 1 0 1627784468
WALL 44997515 1 0 1627784469
WALL 44997515 1 0 1627784470
WALL 44997515 1 0 1627784471
WALL 44997515 1 0 1627784472
WALL 44997515 1 0 1627784473
WALL 44997515 1 0 1627784474
WALL 44997515 1 0 1627784475
WALL 44997515 1 0 1627784476
WALL 44997515 1 0 1627784477
WALL 44997515 1 0 1627784478
WALL 44997515 1 0 1627784479
WALL 44997515 1 0 1627784480
WALL 44997515 1 0 1627784481
WALL 44997515 1 0 1627784482
WALL 44997515 1 0 1627784483
WALL 44997515 1 0 1627784484
WALL 44997515 1 0 1627784485
WALL 44997515 1 0 1627784486
WALL 44997515 1 0 1627784487
WALL 44997515 1 0 1627784488
WALL 44997515 1 0 1627784489
WALL 44997515 1 0 1627784490
WALL 44997515 1 0 1627784491
WALL 44997515 1 0 1627784492
WALL 44997515 1 0 1627784493
WALL 44997515 1 0 1627784494
WALL 44997515 1 0 1627784495
WALL 44997515 1 0 1627784496
WALL 44997515 1 0 1627784497
WALL 44997515 1 0 1627784498
WALL 44997515 1 0 1627784499
WALL 44997515 1 0 1627784500
WALL 44997515 1 0 1627784501
WALL 44997515 1 0 1627784502
WALL 44997515 1 0 1627784503
WALL 44997515 1 0 1627784504
WALL 44997515 1 0 1627784505
WALL 44997515 1 0 1627784506
WALL 44997515 1 0 1627784507
WALL 44997515 1 0 1627784508
WALL 44997515 1 0 1627784509
WALL 44997515 1 0 1627784510
WALL 44997515 1 0 1627784511
WALL 44997515 1 0 1627784512
WALL 44997515 1 0 1627784513
WALL 44997515 1 0 1627784514
WALL 44997515 1 0 1627784515
WALL 44997515 1 0 1627784516
WALL 44997515 1 0 1627784517
WALL 44997515 1 0 1627784518
WALL 44997515 1 0 1627784519
WALL 44997515 1 0 1627784520
WALL 44997515 1 0 1627784521
WALL 44997515 1 0 1627784522
WALL 44997515 1 0 1627784523
WALL 44997515 1 0 1627784524
WALL 44997515 1 0 1627784525
WALL 44997515 1 0 1627784526
WALL 44997515 1 0 1627784527
WALL 44997515 1 0 1627784528
WALL 44997515 1 0 1627784529
WALL 44997515 1 0 1627784530
WALL 44997515 1 0 1627784531
WALL 44997515 1 0 1627784532
WALL 44997515 1 0 1627784533
WALL 44997515 1 0 1627784534
WALL 44997515 1 0 1627784535
WALL 44997515 1 0 1627784536
WALL 44997515 1 0 1627784537
WALL 44997515 1 0 1627784538
WALL 44997515 1 0 1627784539
WALL 44997515 1 0 1627784540
WALL 44997515 1 0 1627784541
WALL 44997515 1 0 1627784542
WALL 44997515 1 0 1627784543
WALL 44997515 1 0 1627784544
WALL 44997515 1 0 1627784545
WALL 44997515 1 0 1627784546
WALL 44997515 1 0 1627784547
WALL 44997515 1 0 1627784548
WALL 44997515 1 0 1627784549
WALL 44997515 1 0 1627784550
WALL 44997515 1 0 1627784551
WALL 44997515 1 0 1627784552
WALL 44997515 1 0 1627784553
WALL 44997515 1 0 1627784554
WALL 44997515 1 0 1627784555
WALL 44997515 1 0 1627784556
WALL 44997515 1 0 1627784557
WALL 44997515 1 0 1627784558
WALL 44997515 1 0 1627784559
WALL 44997515 1 0 1627784560
WALL 44997515 1 0 1627784561
WALL 44997515 1 0 1627784562
WALL 44997515 1 0 1627784563
WALL 44997515 1 0 1627784564
WALL 44997515 1 0 1627784565
WALL 44997515 1 0 1627784566
WALL 44997515 1 0 1627784567
WALL 44997515 1 0 1627784568
WALL 44997515 1 0 1627784569
WALL 44997515 1 0 1627784570
WALL 44997515 1 0 1627784571
WALL 44997515 1 0 1627784572
WALL 44997515 1 0 1627784573
WALL 44997515 1 0 1627784574
WALL 44997515 1 0 1627784575
WALL 44997515 1 0 1627784576
WALL 44997515 1 0 1627784577
WALL 44997515 1 0 1627784578
WALL 44997515 1 0 1627784579
WALL 44997515 1 0 1627784580
WALL 44997515 1 0 1627784581
WALL 44997515 1 0 1627784582
WALL 44997515 1 0 1627784583
WALL 44997515 1 0 1627784584
WALL 44997515 1 0 1627784585
WALL 44997515 1 0 1627784586
WALL 44997515 1 0 1627784587
WALL 44997515 1 0 1627784588
WALL 44997515 1 0 1627784589
WALL 44997515 1 0 1627784590
WALL 44997515 1 0 1627784591
WALL 44997515 1 0 1627784592
WALL 44997515 1 0 1627784593
WALL 44997515 1 0 1627784594
WALL 44997515 1 0 1627784595
WALL 44997515 1 0 1627784596
WALL 44997515 1 0 1627784597
WALL 44997515 1 0 1627784598
WALL 44997515 1 0 1627784599
WALL 44997515 1 0 1627784600
WALL 44997515 1 0 1627784601
WALL 44997515 1 0 1627784602
WALL 44997515 1 0 1627784603
WALL 44997515 1 0 1627784604
WALL 44997515 1 0 1627784605
WALL 44997515 1 0 1627784606
WALL 44997515 1 0 1627784607
WALL 44997515 1 0 1627784608
WALL 44997515 1 0 1627784609
WALL 44997515 1 0 1627784610
WALL 44997515 1 0 1627784611
WALL 44997515 1 0 1627784612
WALL 44997515 1 0 1627784613
WALL 44997515 1 0 1627784614
WALL 44997515 1 0 1627784615
WALL 44997515 1 0 1627784616
WALL 44997515 1 0 1627784617
WALL 44997515 1 0 1627784618
WALL 44997515 1 0 1627784619
WALL 44997515 1 0 1627784620
WALL 44997515 1 0 1627784621
WALL 44997515 1 0 1627784622
WALL 44997515 1 0 1627784623
WALL 44997515 1 0 1627784624
WALL 44997515 1 0 1627784625
WALL 44997515 1 0 1627784626
WALL 44997515 1 0 1627784627
WALL 44997515 1 0 1627784628
WALL 44997515 1 0 1627784629
WALL 44997515 1 0 1627784630
WALL 44997515 1 0 1627784631
WALL 44997515 1 0 1627784632
WALL 44997515 1 0 1627784633
WALL 44997515 1 0 1627784634
WALL 44997515 1 0 1627784635
WALL 44997515 1 0 1627784636
WALL 44997515 1 0 1627784637
WALL 44997515 1 0 1627784638
WALL 44997515 1 0 1627784639
WALL 44997515 1 0 1627784640
WALL 44997515 1 0 1627784641
WALL 44997515 1 0 1627784642
WALL 44997515 1 0 1627784643
WALL 44997515 1 0 1627784644
WALL 44997515 1 0 1627784645
WALL 44997515 1 0 1627784646
WALL 44997515 1 0 1627784647
WALL 44997515 1 0 1627784648
WALL 44997515 1 0 1627784649
WALL 44997515 1 0 1627784650
WALL 44997515 1 0 1627784651
WALL 44997515 1 0 1627784652
WALL 44997515 1 0 1627784653
WALL 44997515 1 0 1627784654
WALL 44997515 1 0 1627784655
WALL 44997515 1 0 1627784656
WALL 44997515 1 0 1627784657
WALL 44997515 1 0 1627784658
WALL 44997515 1 0 1627784659
WALL 44997515 1 0 1627784660
WALL 44997515 1 0 1627784661
WALL 44997515 1 0 1627784662
WALL 44997515 1 0 1627784663
WALL 44997515 1 0 1627784664
WALL 44997515 1 0 1627784665
WALL 44997515 1 0 1627784666
WALL 44997515 1 0 1627784667
WALL 44997515 1 0 1627784668
WALL 44997515 1 0 1627784669
WALL 44997515 1 0 1627784670
WALL 44997515 1 0 1627784671
WALL 44997515 1 0 1627784672
WALL 44997515 1 0 1627784673
WALL 44997515 1 0 1627784674
WALL 44997515 1 0 1627784675
WALL 44997515 1 0 1627784676
WALL 44997515 1 0 1627784677
WALL 44997515 1 0 1627784678
WALL 44997515 1 0 1627784679
WALL 44997515 1 0 1627784680
WALL 44997515 1 0 1627784681
WALL 44997515 1 0 1627784682
WALL 44997515 1 0 1627784683
WALL 44997515 1 0 1627784684
WALL 44997515 1 0 1627784685
WALL 44997515 1 0 1627784686
WALL 44997515 1 0 1627784687
WALL 44997515 1 0 1627784688
WALL 44997515 1 0 1627784689
WALL 44997515 1 0 1627784690
WALL 44997515 1 0 1627784691
WALL 44997515 1 0 1627784692
WALL 44997515 1 0 1627784693
WALL 44997515 1 0 1627784694
WALL 44997515 1 0 1627784695
WALL 44997515 1 0 1627784696
WALL 44997515 1 0 1627784697
WALL 44997515 1 0 1627784698
WALL 44997515 1 0 1627784699
WALL 44997515 1 0 1627784700
WALL 44997515 1 0 1627784701
WALL 44997515 1 0 1627784702
WALL 44997515 1 0 1627784703
WALL 44997515 1 0 1627784704
WALL 44997515 1 0 1627784705
WALL 44997515 1 0 1627784706
WALL 44997515 1 0 1627784707
WALL 44997515 1 0 1627784708
WALL 44997515 1 0 1627784709
WALL 44997515 1 0 1627784710
WALL 44997515 1 0 1627784711
WALL 44997515 1 0 1627784712
WALL 44997515 1 0 1627784713
WALL 44997515 1 0 1627784714
WALL 44997515 1 0 1627784715
WALL 44997515 1 0 1627784716
WALL 44997515 1 0 1627784717
WALL 44997515 1 0 1627784718
WALL 44997515 1 0 1627784719
WALL 44997515 1 0 1627784720
WALL 44997515 1 0 1627784721
WALL 44997515 1 0 1627784722
WALL 44997515 1 0 1627784723
WALL 44997515 1 0 1627784724
WALL 44997515 1 0 1627784725
WALL 44997515 1 0 1627784726
WALL 44997515 1 0 1627784727
WALL 44997515 1 0 1627784728
WALL 44997515 1 0 1627784729
WALL 44997515 1 0 1627784730
WALL 44997515 1 0 1627784731
WALL 44997515 1 0 1627784732
WALL 44997515 1 0 1627784733
WALL 44997515 1 0 1627784734
WALL 44997515 1 0 1627784735
WALL 44997515 1 0 1627784736
WALL 44997515 1 0 1627784737
WALL 44997515 1 0 1627784738
WALL 44997515 1 0 1627784739
WALL 44997515 1 0 1627784740
WALL 44997515 1 0 1627784741
WALL 44997515 1 0 1627784742
WALL 44997515 1 0 1627784743
WALL 44997515 1 0 1627784744
WALL 44997515 1 0 1627784745
WALL 44997515 1 0 1627784746
WALL 44997515 1 0 1627784747
WALL 44997515 1 0 1627784748
WALL 44997515 1 0 1627784749
WALL 44997515 1 0 1627784750
WALL 44997515 1 0 1627784751
WALL 44997515 1 0 1627784752
WALL 44997515 1 0 1627784753
WALL 44997515 1 0 1627784754
WALL 44997515 1 0 1627784755
WALL 44997515 1 0 1627784756
WALL 44997515 1 0 1627784757
WALL 44997515 1 0 1627784758
WALL 44997515 1 0 1627784759
WALL 44997515 1 0 1627784760
WALL 44997515 1 0 1627784761
WALL 44997515 1 0 1627784762
WALL 44997515 1 0 1627784763
WALL 44997515 1 0 1627784764
WALL 44997515 1 0 1627784765
WALL 44997515 1 0 1627784766
WALL 44997515 1 0 1627784767
WALL 44997515 1 0 1627784768
WALL 44997515 1 0 1627784769
WALL 44997515 1 0 1627784770
WALL 44997515 1 0 1627784771
WALL 44997515 1 0 1627784772
WALL 44997515 1 0 1627784773
WALL 44997515 1 0 1627784774
WALL 44997515 1 0 1627784775
WALL 44997515 1 0 1627784776
WALL 44997515 1 0 1627784777
WALL 44997515 1 0 1627784778
WALL 44997515 1 0 1627784779
WALL 44997515 1 0 1627784780
WALL 44997515 1 0 1627784781
WALL 44997515 1 0 1627784782
WALL 44997515 1 0 1627784783
WALL 44997515 1 0 1627784784
WALL 44997515 1 0 1627784785
WALL 44997515 1 0 1627784786
WALL 44997515 1 0 1627784787
WALL 44997515 1 0 1627784788
WALL 44997515 1 0 1627784789
WALL 44997515 1 0 1627784790
WALL 44997515 1 0 1627784791
WALL 44997515 1 0 1627784792
WALL 44997515 1 0 1627784793
WALL 44997515 1 0 1627784794
WALL 44997515 1 0 1627784795
WALL 44997515 1 0 1627784796
WALL 44997515 1 0 1627784797
WALL 44997515 1 0 1627784798
WALL 44997515 1 0 1627784799
WALL 44997515 1 0 1627784800
WALL 44997515 1 0 1627784801
WALL 44997515 1 0 1627784802
WALL 44997515 1 0 1627784803
WALL 44997515 1 0 1627784804
WALL 44997515 1 0 1627784805
WALL 44997515 1 0 1627784806
WALL 44997515 1 0 1627784807
WALL 44997515 1 0 1627784808
WALL 44997515 1 0 1627784809
WALL 44997515 1 0 1627784810
WALL 44997515 1 0 1627784811
WALL 44997515 1 0 1627784812
WALL 44997515 1 0 1627784813
WALL 44997515 1 0 1627784814
WALL 44997515 1 0 1627784815
WALL 44997515 1 0 1627784816
WALL 44997515 1 0 1627784817
WALL 44997515 1 0 1627784818
WALL 44997515 1 0 1627784819
WALL 44997515 1 0 1627784820
WALL 44997515 1 0 1627784821
WALL 44997515 1 0 1627784822
WALL 44997515 1 0 1627784823
WALL 44997515 1 0 1627784824
WALL 44997515 1 0 1627784825
WALL 44997515 1 0 1627784826
WALL 44997515 1 0 1627784827
WALL 44997515 1 0 1627784828
WALL 44997515 1 0 1627784829
WALL 44997515 1 0 1627784830
WALL 44997515 1 0 1627784831
WALL 44997515 1 0 1627784832
WALL 44997515 1 0 1627784833
WALL 44997515 1 0 1627784834
WALL 44997515 1 0 1627784835
WALL 44997515 1 0 1627784836
WALL 44997515 1 0 1627784837
WALL 44997515 1 0 1627784838
WALL 44997515 1 0 1627784839
WALL 44997515 1 0 1627784840
WALL 44997515 1 0 1627784841
WALL 44997515 1 0 1627784842
WALL 44997515 1 0 1627784843
WALL 44997515 1 0 1627784844
WALL 44997515 1 0 1627784845
WALL 44997515 1 0 1627784846
WALL 44997515 1 0 1627784847
WALL 44997515 1 0 1627784848
WALL 44997515 1 0 1627784849
WALL 44997515 1 0 1627784850
WALL 44997515 1 0 1627784851
WALL 44997515 1 0 1627784852
WALL 44997515 1 0 1627784853
WALL 44997515 1 0 1627784854
WALL 44997515 1 0 1627784855
WALL 44997515 1 0 1627784856
WALL 44997515 1 0 1627784857
WALL 44997515 1 0 1627784858
WALL 44997515 1 0 1627784859
WALL 44997515 1 0 1627784860
WALL 44997515 1 0 1627784861
WALL 44997515 1 0 1627784862
WALL 44997515 1 0 1627784863
WALL 44997515 1 0 1627784864
WALL 44997515 1 0 1627784865
WALL 44997515 1 0 1627784866
WALL 44997515 1 0 1627784867
WALL 44997515 1 0 1627784868
WALL 44997515 1 0 1627784869
WALL 44997515 1 0 1627784870
WALL 44997515 1 0 1627784871
WALL 44997515 1 0 1627784872
WALL 44997515 1 0 1627784873
WALL 44997515 1 0 1627784874
WALL 44997515 1 0 1627784875
WALL 44997515 1 0 1627784876
WALL 44997515 1 0 1627784877
WALL 44997515 1 0 1627784878
WALL 44997515 1 0 1627784879
WALL 44997515 1 0 1627784880
WALL 44997515 1 0 1627784881
WALL 44997515 1 0 1627784882
WALL 44997515 1 0 1627784883
WALL 44997515 1 0 1627784884
WALL 44997515 1 0 1627784885
WALL 44997515 1 0 1627784886
WALL 44997515 1 0 1627784887
WALL 44997515 1 0 1627784888
WALL 44997515 1 0 1627784889
WALL 44997515 1 0 1627784890
WALL 44997515 1 0 1627784891
WALL 44997515 1 0 1627784892
WALL 44997515 1 0 1627784893
WALL 44997515 1 0 1627784894
WALL 44997515 1 0 1627784895
WALL 44997515 1 0 1627784896
WALL 44997515 1 0 1627784897
WALL 44997515 1 0 1627784898
WALL 44997515 1 0 1627784899
WALL 44997515 1 0 1627784900
WALL 44997515 1 0 1627784901
WALL 44997515 1 0 1627784902
WALL 44997515 1 0 1627784903
WALL 44997515 1 0 1627784904
WALL 44997515 1 0 1627784905
WALL 44997515 1 0 1627784906
WALL 44997515 1 0 1627784907
WALL 44997515 1 0 1627784908
WALL 44997515 1 0 1627784909
WALL 44997515 1 0 1627784910
WALL 44997515 1 0 1627784911
WALL 44997515 1 0 1627784912
WALL 44997515 1 0 1627784913
WALL 44997515 1 0 1627784914
WALL 44997515 1 0 1627784915
WALL 44997515 1 0 1627784916
WALL 44997515 1 0 1627784917
WALL 44997515 1 0 1627784918
WALL 44997515 1 0 1627784919
WALL 44997515 1 0 1627784920
WALL 44997515 1 0 1627784921
WALL 44997515 1 0 1627784922
WALL 44997515 1 0 1627784923
WALL 44997515 1 0 1627784924
WALL 44997515 1 0 1627784925
WALL 44997515 1 0 1627784926
WALL 44997515 1 0 1627784927
WALL 44997515 1 0 1627784928
WALL 44997515 1 0 1627784929
WALL 44997515 1 0 1627784930
WALL 44997515 1 0 1627784931
WALL 44997515 1 0 1627784932
WALL 44997515 1 0 1627784933
WALL 44997515 1 0 1627784934
WALL 44997515 1 0 1627784935
WALL 44997515 1 0 1627784936
WALL 44997515 1 0 1627784937
WALL 44997515 1 0 1627784938
WALL 44997515 1 0 1627784939
WALL 44997515 1 0 1627784940
WALL 44997515 1 0 1627784941
WALL 44997515 1 0 1627784942
WALL 44997515 1 0 1627784943
WALL 44997515 1 0 1627784944
WALL 44997515 1 0 1627784945
WALL 44997515 1 0 1627784946
WALL 44997515 1 0 1627784947
WALL 44997515 1 0 1627784948
WALL 44997515 1 0 1627784949
WALL 44997515 1 0 1627784950
WALL 44997515 1 0 1627784951
WALL 44997515 1 0 1627784952
WALL 44997515 1 0 1627784953
WALL 44997515 1 0 1627784954
WALL 44997515 1 0 1627784955
WALL 44997515 1 0 1627784956
WALL 44997515 1 0 1627784957
WALL 44997515 1 0 1627784958
WALL 44997515 1 0 1627784959
WALL 44997515 1 0 1627784960
WALL 44997515 1 0 1627784961
WALL 44997515 1 0 1627784962
WALL 44997515 1 0 1627784963
WALL 44997515 1 0 1627784964
WALL 44997515 1 0 1627784965
WALL 44997515 1 0 1627784966
WALL 44997515 1 0 1627784967
WALL 44997515 1 0 1627784968
WALL 44997515 1 0 1627784969
WALL 44997515 1 0 1627784970
WALL 44997515 1 0 1627784971
WALL 44997515 1 0 1627784972
WALL 44997515 1 0 1627784973
WALL 44997515 1 0 1627784974
WALL 44997515 1 0 1627784975
WALL 44997515 1 0 1627784976
WALL 44997515 1 0 1627784977
WALL 44997515 1 0 1627784978
WALL 44997515 1 0 1627784979
WALL 44997515 1 0 1627784980
WALL 44997515 1 0 1627784981
WALL 44997515 1 0 1627784982
WALL 44997515 1 0 1627784983
WALL 44997515 1 0 1627784984
WALL 44997515 1 0 1627784985
WALL 44997515 1 0 1627784986
WALL 44997515 1 0 1627784987
WALL 44997515 1 0 1627784988
WALL 44997515 1 0 1627784989
WALL 44997515 1 0 1627784990
WALL 44997515 1 0 1627784991
WALL 44997515 1 0 1627784992
WALL 44997515 1 0 1627784993
WALL 44997515 1 0 1627784994
WALL 44997515 1 0 1627784995
WALL 44997515 1 0 1627784996
WALL 44997515 1 0 1627784997
WALL 44997515 1 0 1627784998
WALL 44997515 1 0 1627784999
WALL 44997515 1 0 1627785000
WALL 44997515 1 0 1627785001
WALL 44997515 1 0 1627785002
WALL 44997515 1 0 1627785003
WALL 44997515 1 0 1627785004
WALL 44997515 1 0 1627785005
WALL 44997515 1 0 1627785006
WALL 44997515 1 0 1627785007
WALL 44997515 1 0 1627785008
WALL 44997515 1 0 1627785009
WALL 44997515 1 0 1627785010
WALL 44997515 1 0 1627785011
WALL 44997515 1 0 1627785012
WALL 44997515 1 0 1627785013
WALL 44997515 1 0 1627785014
WALL 44997515 1 0 1627785015
WALL 44997515 1 0 1627785016
WALL 44997515 1 0 1627785017
WALL 44997515 1 0 1627785018
WALL 44997515 1 0 1627785019
WALL 44997515 1 0 1627785020
WALL 44997515 1 0 1627785021
WALL 44997515 1 0 1627785022
WALL 44997515 1 0 1627785023
WALL 44997515 1 0 1627785024
WALL 44997515 1 0 1627785025
WALL 44997515 1 0 1627785026
WALL 44997515 1 0 1627785027
WALL 44997515 1 0 1627785028
WALL 44997515 1 0 1627785029
WALL 44997515 1 0 1627785030
WALL 44997515 1 0 1627785031
WALL 44997515 1 0 1627785032
WALL 44997515 1 0 1627785033
WALL 44997515 1 0 1627785034
WALL 44997515 1 0 1627785035
WALL 44997515 1 0 1627785036
WALL 44997515 1 0 1627785037
WALL 44997515 1 0 1627785038
WALL 44997515 1 0 1627785039
WALL 44997515 1 0 1627785040
WALL 44997515 1 0 1627785041
WALL 44997515 1 0 1627785042
WALL 44997515 1 0 1627785043
WALL 44997515 1 0 1627785044
WALL 44997515 1 0 1627785045
WALL 44997515 1 0 1627785046
WALL 44997515 1 0 1627785047
WALL 44997515 1 0 1627785048
WALL 44997515 1 0 1627785049
WALL 44997515 1 0 1627785050
WALL 44997515 1 0 1627785051
WALL 44997515 1 0 1627785052
WALL 44997515 1 0 1627785053
WALL 44997515 1 0 1627785054
WALL 44997515 1 0 1627785055
WALL 44997515 1 0 1627785056
WALL 44997515 1 0 1627785057
WALL 44997515 1 0 1627785058
WALL 44997515 1 0 1627785059
WALL 44997515 1 0 1627785060
WALL 44997515 1 0 1627785061
WALL 44997515 1 0 1627785062
WALL 44997515 1 0 1627785063
WALL 44997515 1 0 1627785064
WALL 44997515 1 0 1627785065
WALL 44997515 1 0 1627785066
WALL 44997515 1 0 1627785067
WALL 44997515 1 0 1627785068
WALL 44997515 1 0 1627785069
WALL 44997515 1 0 1627785070
WALL 44997515 1 0 1627785071
WALL 44997515 1 0 1627785072
WALL 44997515 1 0 1627785073
WALL 44997515 1 0 1627785074
WALL 44997515 1 0 1627785075
WALL 44997515 1 0 1627785076
WALL 44997515 1 0 1627785077
WALL 44997515 1 0 1627785078
WALL 44997515 1 0 1627785079
WALL 44997515 1 0 1627785080
WALL 44997515 1 0 1627785081
WALL 44997515 1 0 1627785082
WALL 44997515 1 0 1627785083
WALL 44997515 1 0 1627785084
WALL 44997515 1 0 1627785085
WALL 44997515 1 0 1627785086
WALL 44997515 1 0 1627785087
WALL 44997515 1 0 1627785088
WALL 44997515 1 0 1627785089
WALL 44997515 1 0 1627785090
WALL 44997515 1 0 1627785091
WALL 44997515 1 0 1627785092
WALL 44997515 1 0 1627785093
WALL 44997515 1 0 1627785094
WALL 44997515 1 0 1627785095
WALL 44997515 1 0 1627785096
WALL 44997515 1 0 1627785097
WALL 44997515 1 0 1627785098
WALL 44997515 1 0 1627785099
WALL 44997515 1 0 1627785100
WALL 44997515 1 0 1627785101
WALL 44997515 1 0 1627785102
WALL 44997515 1 0 1627785103
WALL 44997515 1 0 1627785104
WALL 44997515 1 0 1627785105
WALL 44997515 1 0 1627785106
WALL 44997515 1 0 1627785107
WALL 44997515 1 0 1627785108
WALL 44997515 1 0 1627785109
WALL 44997515 1 0 1627785110
WALL 44997515 1 0 1627785111
WALL 44997515 1 0 1627785112
WALL 44997515 1 0 1627785113
WALL 44997515 1 0 1627785114
WALL 44997515 1 0 1627785115
WALL 44997515 1 0 1627785116
WALL 44997515 1 0 1627785117
WALL 44997515 1 0 1627785118
WALL 44997515 1 0 1627785119
WALL 44997515 1 0 1627785120
WALL 44997515 1 0 1627785121
WALL 44997515 1 0 1627785122
WALL 44997515 1 0 1627785123
WALL 44997515 1 0 1627785124
WALL 44997515 1 0 1627785125
WALL 44997515 1 0 1627785126
WALL 44997515 1 0 1627785127
WALL 44997515 1 0 1627785128
WALL 44997515 1 0 1627785129
WALL 44997515 1 0 1627785130
WALL 44997515 1 0 1627785131
WALL 44997515 1 0 1627785132
WALL 44997515 1 0 1627785133
WALL 44997515 1 0 1627785134
WALL 44997515 1 0 1627785135
WALL 44997515 1 0 1627785136
WALL 44997515 1 0 1627785137
WALL 44997515 1 0 1627785138
WALL 44997515 1 0 1627785139
WALL 44997515 1 0 1627785140
WALL 44997515 1 0 1627785141
WALL 44997515 1 0 1627785142
WALL 44997515 1 0 1627785143
WALL 44997515 1 0 1627785144
WALL 44997515 1 0 1627785145
WALL 44997515 1 0 1627785146
WALL 44997515 1 0 1627785147
WALL 44997515 1 0 1627785148
WALL 44997515 1 0 1627785149
WALL 44997515 1 0 1627785150
WALL 44997515 1 0 1627785151
WALL 44997515 1 0 1627785152
WALL 44997515 1 0 1627785153
WALL 44997515 1 0 1627785154
WALL 44997515 1 0 1627785155
WALL 44997515 1 0 1627785156
WALL 44997515 1 0 1627785157
WALL 44997515 1 0 1627785158
WALL 44997515 1 0 1627785159
WALL 44997515 1 0 1627785160
WALL 44997515 1 0 1627785161
WALL 44997515 1 0 1627785162
WALL 44997515 1 0 1627785163
WALL 44997515 1 0 1627785164
WALL 44997515 1 0 1627785165
WALL 44997515 1 0 1627785166
WALL 44997515 1 0 1627785167
WALL 44997515 1 0 1627785168
WALL 44997515 1 0 1627785169
WALL 44997515 1 0 1627785170
WALL 44997515 1 0 1627785171
WALL 44997515 1 0 1627785172
WALL 44997515 1 0 1627785173
WALL 44997515 1 0 1627785174
WALL 44997515 1 0 1627785175
WALL 44997515 1 0 1627785176
WALL 44997515 1 0 1627785177
WALL 44997515 1 0 1627785178
WALL 44997515 1 0 1627785179
WALL 44997515 1 0 1627785180
WALL 44997515 1 0 1627785181
WALL 44997515 1 0 1627785182
WALL 44997515 1 0 1627785183
WALL 44997515 1 0 1627785184
WALL 44997515 1 0 1627785185
WALL 44997515 1 0 1627785186
WALL 44997515 1 0 1627785187
WALL 44997515 1 0 1627785188
WALL 44997515 1 0 1627785189
WALL 44997515 1 0 1627785190
WALL 44997515 1 0 1627785191
WALL 44997515 1 0 1627785192
WALL 44997515 1 0 1627785193
WALL 44997515 1 0 1627785194
WALL 44997515 1 0 1627785195
WALL 44997515 1 0 1627785196
WALL 44997515 1 0 1627785197
WALL 44997515 1 0 1627785198
WALL 44997515 1 0 1627785199
WALL 44997515 1 0 1627785200
received SIGCONT 1627785200
WALL 44997515 1 0 1627785200
slurmstepd: error: *** STEP 44997515.0 ON nid00803 CANCELLED AT 2021-07-31T19:33:20 ***
received SIGTERM 1627785200
WALL 44997515 1 0 1627785200
WALL 44997515 1 0 1627785201
WALL 44997515 1 0 1627785202
WALL 44997515 1 0 1627785203
WALL 44997515 1 0 1627785204
WALL 44997515 1 0 1627785205
WALL 44997515 1 0 1627785206
WALL 44997515 1 0 1627785207
WALL 44997515 1 0 1627785208
WALL 44997515 1 0 1627785209
WALL 44997515 1 0 1627785210
WALL 44997515 1 0 1627785211
WALL 44997515 1 0 1627785212
WALL 44997515 1 0 1627785213
WALL 44997515 1 0 1627785214
WALL 44997515 1 0 1627785215
WALL 44997515 1 0 1627785216
WALL 44997515 1 0 1627785217
WALL 44997515 1 0 1627785218
WALL 44997515 1 0 1627785219
WALL 44997515 1 0 1627785220
WALL 44997515 1 0 1627785221
WALL 44997515 1 0 1627785222
WALL 44997515 1 0 1627785223
WALL 44997515 1 0 1627785224
WALL 44997515 1 0 1627785225
WALL 44997515 1 0 1627785226
WALL 44997515 1 0 1627785227
WALL 44997515 1 0 1627785228
WALL 44997515 1 0 1627785229
WALL 44997515 1 0 1627785230
WALL 44997515 1 0 1627785231
WALL 44997515 1 0 1627785232
WALL 44997515 1 0 1627785233
WALL 44997515 1 0 1627785234
WALL 44997515 1 0 1627785235
WALL 44997515 1 0 1627785236
WALL 44997515 1 0 1627785237
WALL 44997515 1 0 1627785238
WALL 44997515 1 0 1627785239
WALL 44997515 1 0 1627785240
WALL 44997515 1 0 1627785241
WALL 44997515 1 0 1627785242
WALL 44997515 1 0 1627785243
WALL 44997515 1 0 1627785244
WALL 44997515 1 0 1627785245
WALL 44997515 1 0 1627785246
WALL 44997515 1 0 1627785247
WALL 44997515 1 0 1627785248
WALL 44997515 1 0 1627785249
WALL 44997515 1 0 1627785250
WALL 44997515 1 0 1627785251
WALL 44997515 1 0 1627785252
WALL 44997515 1 0 1627785253
WALL 44997515 1 0 1627785254
WALL 44997515 1 0 1627785255
WALL 44997515 1 0 1627785256
WALL 44997515 1 0 1627785257
WALL 44997515 1 0 1627785258
WALL 44997515 1 0 1627785259
WALL 44997515 1 0 1627785260
WALL 44997515 1 0 1627785261
WALL 44997515 1 0 1627785262
WALL 44997515 1 0 1627785263
WALL 44997515 1 0 1627785264
WALL 44997515 1 0 1627785265
WALL 44997515 1 0 1627785266
WALL 44997515 1 0 1627785267
WALL 44997515 1 0 1627785268
WALL 44997515 1 0 1627785269
WALL 44997515 1 0 1627785270
WALL 44997515 1 0 1627785271
WALL 44997515 1 0 1627785272
WALL 44997515 1 0 1627785273
received SIGTERM 1627785274
WALL 44997515 1 0 1627785274
received SIGCONT 1627785274
WALL 44997515 1 0 1627785274
srun: got SIGCONT
received SIGTERM 1627785274
WALL 44997515 1 0 1627785274
srun: forcing job termination
