srun: Warning: can't run 1 processes on 4 nodes, setting nnodes to 1
WALL 44997312 1 0 1627778956
WALL 44997312 1 0 1627778957
WALL 44997312 1 0 1627778958
WALL 44997312 1 0 1627778959
WALL 44997312 1 0 1627778960
WALL 44997312 1 0 1627778961
WALL 44997312 1 0 1627778962
WALL 44997312 1 0 1627778963
WALL 44997312 1 0 1627778964
WALL 44997312 1 0 1627778965
WALL 44997312 1 0 1627778966
WALL 44997312 1 0 1627778967
WALL 44997312 1 0 1627778968
WALL 44997312 1 0 1627778969
WALL 44997312 1 0 1627778970
WALL 44997312 1 0 1627778971
WALL 44997312 1 0 1627778972
WALL 44997312 1 0 1627778973
WALL 44997312 1 0 1627778974
WALL 44997312 1 0 1627778975
WALL 44997312 1 0 1627778976
WALL 44997312 1 0 1627778977
WALL 44997312 1 0 1627778978
WALL 44997312 1 0 1627778979
WALL 44997312 1 0 1627778980
WALL 44997312 1 0 1627778981
WALL 44997312 1 0 1627778982
WALL 44997312 1 0 1627778983
WALL 44997312 1 0 1627778984
WALL 44997312 1 0 1627778985
WALL 44997312 1 0 1627778986
WALL 44997312 1 0 1627778987
WALL 44997312 1 0 1627778988
WALL 44997312 1 0 1627778989
WALL 44997312 1 0 1627778990
WALL 44997312 1 0 1627778991
WALL 44997312 1 0 1627778992
WALL 44997312 1 0 1627778993
WALL 44997312 1 0 1627778994
WALL 44997312 1 0 1627778995
WALL 44997312 1 0 1627778996
WALL 44997312 1 0 1627778997
WALL 44997312 1 0 1627778998
WALL 44997312 1 0 1627778999
WALL 44997312 1 0 1627779000
WALL 44997312 1 0 1627779001
WALL 44997312 1 0 1627779002
WALL 44997312 1 0 1627779003
WALL 44997312 1 0 1627779004
WALL 44997312 1 0 1627779005
WALL 44997312 1 0 1627779006
WALL 44997312 1 0 1627779007
WALL 44997312 1 0 1627779008
WALL 44997312 1 0 1627779009
WALL 44997312 1 0 1627779010
WALL 44997312 1 0 1627779011
WALL 44997312 1 0 1627779012
WALL 44997312 1 0 1627779013
WALL 44997312 1 0 1627779014
WALL 44997312 1 0 1627779015
WALL 44997312 1 0 1627779016
WALL 44997312 1 0 1627779017
WALL 44997312 1 0 1627779018
WALL 44997312 1 0 1627779019
WALL 44997312 1 0 1627779020
WALL 44997312 1 0 1627779021
WALL 44997312 1 0 1627779022
WALL 44997312 1 0 1627779023
WALL 44997312 1 0 1627779024
WALL 44997312 1 0 1627779025
WALL 44997312 1 0 1627779026
WALL 44997312 1 0 1627779027
WALL 44997312 1 0 1627779028
WALL 44997312 1 0 1627779029
WALL 44997312 1 0 1627779030
WALL 44997312 1 0 1627779031
WALL 44997312 1 0 1627779032
WALL 44997312 1 0 1627779033
WALL 44997312 1 0 1627779034
WALL 44997312 1 0 1627779035
WALL 44997312 1 0 1627779036
WALL 44997312 1 0 1627779037
WALL 44997312 1 0 1627779038
WALL 44997312 1 0 1627779039
WALL 44997312 1 0 1627779040
WALL 44997312 1 0 1627779041
WALL 44997312 1 0 1627779042
WALL 44997312 1 0 1627779043
WALL 44997312 1 0 1627779044
WALL 44997312 1 0 1627779045
WALL 44997312 1 0 1627779046
WALL 44997312 1 0 1627779047
WALL 44997312 1 0 1627779048
WALL 44997312 1 0 1627779049
WALL 44997312 1 0 1627779050
WALL 44997312 1 0 1627779051
WALL 44997312 1 0 1627779052
WALL 44997312 1 0 1627779053
WALL 44997312 1 0 1627779054
WALL 44997312 1 0 1627779055
WALL 44997312 1 0 1627779056
WALL 44997312 1 0 1627779057
WALL 44997312 1 0 1627779058
WALL 44997312 1 0 1627779059
WALL 44997312 1 0 1627779060
WALL 44997312 1 0 1627779061
WALL 44997312 1 0 1627779062
WALL 44997312 1 0 1627779063
WALL 44997312 1 0 1627779064
WALL 44997312 1 0 1627779065
WALL 44997312 1 0 1627779066
WALL 44997312 1 0 1627779067
WALL 44997312 1 0 1627779068
WALL 44997312 1 0 1627779069
WALL 44997312 1 0 1627779070
WALL 44997312 1 0 1627779071
WALL 44997312 1 0 1627779072
WALL 44997312 1 0 1627779073
WALL 44997312 1 0 1627779074
WALL 44997312 1 0 1627779075
WALL 44997312 1 0 1627779076
WALL 44997312 1 0 1627779077
WALL 44997312 1 0 1627779078
WALL 44997312 1 0 1627779079
WALL 44997312 1 0 1627779080
WALL 44997312 1 0 1627779081
WALL 44997312 1 0 1627779082
WALL 44997312 1 0 1627779083
WALL 44997312 1 0 1627779084
WALL 44997312 1 0 1627779085
WALL 44997312 1 0 1627779086
WALL 44997312 1 0 1627779087
WALL 44997312 1 0 1627779088
WALL 44997312 1 0 1627779089
WALL 44997312 1 0 1627779090
WALL 44997312 1 0 1627779091
WALL 44997312 1 0 1627779092
WALL 44997312 1 0 1627779093
WALL 44997312 1 0 1627779094
WALL 44997312 1 0 1627779095
WALL 44997312 1 0 1627779096
WALL 44997312 1 0 1627779097
WALL 44997312 1 0 1627779098
WALL 44997312 1 0 1627779099
WALL 44997312 1 0 1627779100
WALL 44997312 1 0 1627779101
WALL 44997312 1 0 1627779102
WALL 44997312 1 0 1627779103
WALL 44997312 1 0 1627779104
WALL 44997312 1 0 1627779105
WALL 44997312 1 0 1627779106
WALL 44997312 1 0 1627779107
WALL 44997312 1 0 1627779108
WALL 44997312 1 0 1627779109
WALL 44997312 1 0 1627779110
WALL 44997312 1 0 1627779111
WALL 44997312 1 0 1627779112
WALL 44997312 1 0 1627779113
WALL 44997312 1 0 1627779114
WALL 44997312 1 0 1627779115
WALL 44997312 1 0 1627779116
WALL 44997312 1 0 1627779117
WALL 44997312 1 0 1627779118
WALL 44997312 1 0 1627779119
WALL 44997312 1 0 1627779120
WALL 44997312 1 0 1627779121
WALL 44997312 1 0 1627779122
WALL 44997312 1 0 1627779123
WALL 44997312 1 0 1627779124
WALL 44997312 1 0 1627779125
WALL 44997312 1 0 1627779126
WALL 44997312 1 0 1627779127
WALL 44997312 1 0 1627779128
WALL 44997312 1 0 1627779129
WALL 44997312 1 0 1627779130
WALL 44997312 1 0 1627779131
WALL 44997312 1 0 1627779132
WALL 44997312 1 0 1627779133
WALL 44997312 1 0 1627779134
WALL 44997312 1 0 1627779135
WALL 44997312 1 0 1627779136
WALL 44997312 1 0 1627779137
WALL 44997312 1 0 1627779138
WALL 44997312 1 0 1627779139
WALL 44997312 1 0 1627779140
WALL 44997312 1 0 1627779141
WALL 44997312 1 0 1627779142
WALL 44997312 1 0 1627779143
WALL 44997312 1 0 1627779144
WALL 44997312 1 0 1627779145
WALL 44997312 1 0 1627779146
WALL 44997312 1 0 1627779147
WALL 44997312 1 0 1627779148
WALL 44997312 1 0 1627779149
WALL 44997312 1 0 1627779150
WALL 44997312 1 0 1627779151
WALL 44997312 1 0 1627779152
WALL 44997312 1 0 1627779153
WALL 44997312 1 0 1627779154
WALL 44997312 1 0 1627779155
WALL 44997312 1 0 1627779156
WALL 44997312 1 0 1627779157
WALL 44997312 1 0 1627779158
WALL 44997312 1 0 1627779159
WALL 44997312 1 0 1627779160
WALL 44997312 1 0 1627779161
WALL 44997312 1 0 1627779162
WALL 44997312 1 0 1627779163
WALL 44997312 1 0 1627779164
WALL 44997312 1 0 1627779165
WALL 44997312 1 0 1627779166
WALL 44997312 1 0 1627779167
WALL 44997312 1 0 1627779168
WALL 44997312 1 0 1627779169
WALL 44997312 1 0 1627779170
WALL 44997312 1 0 1627779171
WALL 44997312 1 0 1627779172
WALL 44997312 1 0 1627779173
WALL 44997312 1 0 1627779174
WALL 44997312 1 0 1627779175
WALL 44997312 1 0 1627779176
WALL 44997312 1 0 1627779177
WALL 44997312 1 0 1627779178
WALL 44997312 1 0 1627779179
WALL 44997312 1 0 1627779180
WALL 44997312 1 0 1627779181
WALL 44997312 1 0 1627779182
WALL 44997312 1 0 1627779183
WALL 44997312 1 0 1627779184
WALL 44997312 1 0 1627779185
WALL 44997312 1 0 1627779186
WALL 44997312 1 0 1627779187
WALL 44997312 1 0 1627779188
WALL 44997312 1 0 1627779189
WALL 44997312 1 0 1627779190
WALL 44997312 1 0 1627779191
WALL 44997312 1 0 1627779192
WALL 44997312 1 0 1627779193
WALL 44997312 1 0 1627779194
WALL 44997312 1 0 1627779195
WALL 44997312 1 0 1627779196
WALL 44997312 1 0 1627779197
WALL 44997312 1 0 1627779198
WALL 44997312 1 0 1627779199
WALL 44997312 1 0 1627779200
WALL 44997312 1 0 1627779201
WALL 44997312 1 0 1627779202
WALL 44997312 1 0 1627779203
WALL 44997312 1 0 1627779204
WALL 44997312 1 0 1627779205
WALL 44997312 1 0 1627779206
WALL 44997312 1 0 1627779207
WALL 44997312 1 0 1627779208
WALL 44997312 1 0 1627779209
WALL 44997312 1 0 1627779210
WALL 44997312 1 0 1627779211
WALL 44997312 1 0 1627779212
WALL 44997312 1 0 1627779213
WALL 44997312 1 0 1627779214
WALL 44997312 1 0 1627779215
WALL 44997312 1 0 1627779216
WALL 44997312 1 0 1627779217
WALL 44997312 1 0 1627779218
WALL 44997312 1 0 1627779219
WALL 44997312 1 0 1627779220
WALL 44997312 1 0 1627779221
WALL 44997312 1 0 1627779222
WALL 44997312 1 0 1627779223
WALL 44997312 1 0 1627779224
WALL 44997312 1 0 1627779225
WALL 44997312 1 0 1627779226
WALL 44997312 1 0 1627779227
WALL 44997312 1 0 1627779228
WALL 44997312 1 0 1627779229
WALL 44997312 1 0 1627779230
WALL 44997312 1 0 1627779231
WALL 44997312 1 0 1627779232
WALL 44997312 1 0 1627779233
WALL 44997312 1 0 1627779234
WALL 44997312 1 0 1627779235
WALL 44997312 1 0 1627779236
WALL 44997312 1 0 1627779237
WALL 44997312 1 0 1627779238
WALL 44997312 1 0 1627779239
WALL 44997312 1 0 1627779240
WALL 44997312 1 0 1627779241
WALL 44997312 1 0 1627779242
WALL 44997312 1 0 1627779243
WALL 44997312 1 0 1627779244
WALL 44997312 1 0 1627779245
WALL 44997312 1 0 1627779246
WALL 44997312 1 0 1627779247
WALL 44997312 1 0 1627779248
WALL 44997312 1 0 1627779249
WALL 44997312 1 0 1627779250
WALL 44997312 1 0 1627779251
WALL 44997312 1 0 1627779252
WALL 44997312 1 0 1627779253
WALL 44997312 1 0 1627779254
WALL 44997312 1 0 1627779255
WALL 44997312 1 0 1627779256
WALL 44997312 1 0 1627779257
WALL 44997312 1 0 1627779258
WALL 44997312 1 0 1627779259
WALL 44997312 1 0 1627779260
WALL 44997312 1 0 1627779261
WALL 44997312 1 0 1627779262
WALL 44997312 1 0 1627779263
WALL 44997312 1 0 1627779264
WALL 44997312 1 0 1627779265
WALL 44997312 1 0 1627779266
WALL 44997312 1 0 1627779267
WALL 44997312 1 0 1627779268
WALL 44997312 1 0 1627779269
WALL 44997312 1 0 1627779270
WALL 44997312 1 0 1627779271
WALL 44997312 1 0 1627779272
WALL 44997312 1 0 1627779273
WALL 44997312 1 0 1627779274
WALL 44997312 1 0 1627779275
WALL 44997312 1 0 1627779276
WALL 44997312 1 0 1627779277
WALL 44997312 1 0 1627779278
WALL 44997312 1 0 1627779279
WALL 44997312 1 0 1627779280
WALL 44997312 1 0 1627779281
WALL 44997312 1 0 1627779282
WALL 44997312 1 0 1627779283
WALL 44997312 1 0 1627779284
WALL 44997312 1 0 1627779285
WALL 44997312 1 0 1627779286
WALL 44997312 1 0 1627779287
WALL 44997312 1 0 1627779288
WALL 44997312 1 0 1627779289
WALL 44997312 1 0 1627779290
WALL 44997312 1 0 1627779291
WALL 44997312 1 0 1627779292
WALL 44997312 1 0 1627779293
WALL 44997312 1 0 1627779294
WALL 44997312 1 0 1627779295
WALL 44997312 1 0 1627779296
WALL 44997312 1 0 1627779297
WALL 44997312 1 0 1627779298
WALL 44997312 1 0 1627779299
WALL 44997312 1 0 1627779300
WALL 44997312 1 0 1627779301
WALL 44997312 1 0 1627779302
WALL 44997312 1 0 1627779303
WALL 44997312 1 0 1627779304
WALL 44997312 1 0 1627779305
WALL 44997312 1 0 1627779306
WALL 44997312 1 0 1627779307
WALL 44997312 1 0 1627779308
WALL 44997312 1 0 1627779309
WALL 44997312 1 0 1627779310
WALL 44997312 1 0 1627779311
WALL 44997312 1 0 1627779312
WALL 44997312 1 0 1627779313
WALL 44997312 1 0 1627779314
WALL 44997312 1 0 1627779315
WALL 44997312 1 0 1627779316
WALL 44997312 1 0 1627779317
WALL 44997312 1 0 1627779318
WALL 44997312 1 0 1627779319
WALL 44997312 1 0 1627779320
WALL 44997312 1 0 1627779321
WALL 44997312 1 0 1627779322
WALL 44997312 1 0 1627779323
WALL 44997312 1 0 1627779324
WALL 44997312 1 0 1627779325
WALL 44997312 1 0 1627779326
WALL 44997312 1 0 1627779327
WALL 44997312 1 0 1627779328
WALL 44997312 1 0 1627779329
WALL 44997312 1 0 1627779330
WALL 44997312 1 0 1627779331
WALL 44997312 1 0 1627779332
WALL 44997312 1 0 1627779333
WALL 44997312 1 0 1627779334
WALL 44997312 1 0 1627779335
WALL 44997312 1 0 1627779336
WALL 44997312 1 0 1627779337
WALL 44997312 1 0 1627779338
WALL 44997312 1 0 1627779339
WALL 44997312 1 0 1627779340
WALL 44997312 1 0 1627779341
WALL 44997312 1 0 1627779342
WALL 44997312 1 0 1627779343
WALL 44997312 1 0 1627779344
WALL 44997312 1 0 1627779345
WALL 44997312 1 0 1627779346
WALL 44997312 1 0 1627779347
WALL 44997312 1 0 1627779348
WALL 44997312 1 0 1627779349
WALL 44997312 1 0 1627779350
WALL 44997312 1 0 1627779351
WALL 44997312 1 0 1627779352
WALL 44997312 1 0 1627779353
WALL 44997312 1 0 1627779354
WALL 44997312 1 0 1627779355
WALL 44997312 1 0 1627779356
WALL 44997312 1 0 1627779357
WALL 44997312 1 0 1627779358
WALL 44997312 1 0 1627779359
WALL 44997312 1 0 1627779360
WALL 44997312 1 0 1627779361
WALL 44997312 1 0 1627779362
WALL 44997312 1 0 1627779363
WALL 44997312 1 0 1627779364
WALL 44997312 1 0 1627779365
WALL 44997312 1 0 1627779366
WALL 44997312 1 0 1627779367
WALL 44997312 1 0 1627779368
WALL 44997312 1 0 1627779369
WALL 44997312 1 0 1627779370
WALL 44997312 1 0 1627779371
WALL 44997312 1 0 1627779372
WALL 44997312 1 0 1627779373
WALL 44997312 1 0 1627779374
WALL 44997312 1 0 1627779375
WALL 44997312 1 0 1627779376
WALL 44997312 1 0 1627779377
WALL 44997312 1 0 1627779378
WALL 44997312 1 0 1627779379
WALL 44997312 1 0 1627779380
WALL 44997312 1 0 1627779381
WALL 44997312 1 0 1627779382
WALL 44997312 1 0 1627779383
WALL 44997312 1 0 1627779384
WALL 44997312 1 0 1627779385
WALL 44997312 1 0 1627779386
WALL 44997312 1 0 1627779387
WALL 44997312 1 0 1627779388
WALL 44997312 1 0 1627779389
WALL 44997312 1 0 1627779390
WALL 44997312 1 0 1627779391
WALL 44997312 1 0 1627779392
WALL 44997312 1 0 1627779393
WALL 44997312 1 0 1627779394
WALL 44997312 1 0 1627779395
WALL 44997312 1 0 1627779396
WALL 44997312 1 0 1627779397
WALL 44997312 1 0 1627779398
WALL 44997312 1 0 1627779399
WALL 44997312 1 0 1627779400
WALL 44997312 1 0 1627779401
WALL 44997312 1 0 1627779402
WALL 44997312 1 0 1627779403
WALL 44997312 1 0 1627779404
WALL 44997312 1 0 1627779405
WALL 44997312 1 0 1627779406
WALL 44997312 1 0 1627779407
WALL 44997312 1 0 1627779408
WALL 44997312 1 0 1627779409
WALL 44997312 1 0 1627779410
WALL 44997312 1 0 1627779411
WALL 44997312 1 0 1627779412
WALL 44997312 1 0 1627779413
WALL 44997312 1 0 1627779414
WALL 44997312 1 0 1627779415
WALL 44997312 1 0 1627779416
WALL 44997312 1 0 1627779417
WALL 44997312 1 0 1627779418
WALL 44997312 1 0 1627779419
WALL 44997312 1 0 1627779420
WALL 44997312 1 0 1627779421
WALL 44997312 1 0 1627779422
WALL 44997312 1 0 1627779423
WALL 44997312 1 0 1627779424
WALL 44997312 1 0 1627779425
WALL 44997312 1 0 1627779426
WALL 44997312 1 0 1627779427
WALL 44997312 1 0 1627779428
WALL 44997312 1 0 1627779429
WALL 44997312 1 0 1627779430
WALL 44997312 1 0 1627779431
WALL 44997312 1 0 1627779432
WALL 44997312 1 0 1627779433
WALL 44997312 1 0 1627779434
WALL 44997312 1 0 1627779435
WALL 44997312 1 0 1627779436
WALL 44997312 1 0 1627779437
WALL 44997312 1 0 1627779438
WALL 44997312 1 0 1627779439
WALL 44997312 1 0 1627779440
WALL 44997312 1 0 1627779441
WALL 44997312 1 0 1627779442
WALL 44997312 1 0 1627779443
WALL 44997312 1 0 1627779444
WALL 44997312 1 0 1627779445
WALL 44997312 1 0 1627779446
WALL 44997312 1 0 1627779447
WALL 44997312 1 0 1627779448
WALL 44997312 1 0 1627779449
WALL 44997312 1 0 1627779450
WALL 44997312 1 0 1627779451
WALL 44997312 1 0 1627779452
WALL 44997312 1 0 1627779453
WALL 44997312 1 0 1627779454
WALL 44997312 1 0 1627779455
WALL 44997312 1 0 1627779456
WALL 44997312 1 0 1627779457
WALL 44997312 1 0 1627779458
WALL 44997312 1 0 1627779459
WALL 44997312 1 0 1627779460
WALL 44997312 1 0 1627779461
WALL 44997312 1 0 1627779462
WALL 44997312 1 0 1627779463
WALL 44997312 1 0 1627779464
WALL 44997312 1 0 1627779465
WALL 44997312 1 0 1627779466
WALL 44997312 1 0 1627779467
WALL 44997312 1 0 1627779468
WALL 44997312 1 0 1627779469
WALL 44997312 1 0 1627779470
WALL 44997312 1 0 1627779471
WALL 44997312 1 0 1627779472
WALL 44997312 1 0 1627779473
WALL 44997312 1 0 1627779474
WALL 44997312 1 0 1627779475
WALL 44997312 1 0 1627779476
WALL 44997312 1 0 1627779477
WALL 44997312 1 0 1627779478
WALL 44997312 1 0 1627779479
WALL 44997312 1 0 1627779480
WALL 44997312 1 0 1627779481
WALL 44997312 1 0 1627779482
WALL 44997312 1 0 1627779483
WALL 44997312 1 0 1627779484
WALL 44997312 1 0 1627779485
WALL 44997312 1 0 1627779486
WALL 44997312 1 0 1627779487
received SIGCONT 1627779488
WALL 44997312 1 0 1627779488
slurmstepd: error: *** STEP 44997312.0 ON nid00868 CANCELLED AT 2021-07-31T17:58:08 ***
received SIGTERM 1627779488
WALL 44997312 1 0 1627779488
WALL 44997312 1 0 1627779489
WALL 44997312 1 0 1627779490
WALL 44997312 1 0 1627779491
WALL 44997312 1 0 1627779492
WALL 44997312 1 0 1627779493
WALL 44997312 1 0 1627779494
WALL 44997312 1 0 1627779495
WALL 44997312 1 0 1627779496
WALL 44997312 1 0 1627779497
WALL 44997312 1 0 1627779498
WALL 44997312 1 0 1627779499
WALL 44997312 1 0 1627779500
WALL 44997312 1 0 1627779501
WALL 44997312 1 0 1627779502
WALL 44997312 1 0 1627779503
WALL 44997312 1 0 1627779504
WALL 44997312 1 0 1627779505
WALL 44997312 1 0 1627779506
WALL 44997312 1 0 1627779507
WALL 44997312 1 0 1627779508
WALL 44997312 1 0 1627779509
WALL 44997312 1 0 1627779510
WALL 44997312 1 0 1627779511
WALL 44997312 1 0 1627779512
WALL 44997312 1 0 1627779513
WALL 44997312 1 0 1627779514
WALL 44997312 1 0 1627779515
WALL 44997312 1 0 1627779516
WALL 44997312 1 0 1627779517
WALL 44997312 1 0 1627779518
WALL 44997312 1 0 1627779519
WALL 44997312 1 0 1627779520
WALL 44997312 1 0 1627779521
WALL 44997312 1 0 1627779522
WALL 44997312 1 0 1627779523
WALL 44997312 1 0 1627779524
WALL 44997312 1 0 1627779525
WALL 44997312 1 0 1627779526
WALL 44997312 1 0 1627779527
WALL 44997312 1 0 1627779528
WALL 44997312 1 0 1627779529
WALL 44997312 1 0 1627779530
WALL 44997312 1 0 1627779531
WALL 44997312 1 0 1627779532
WALL 44997312 1 0 1627779533
WALL 44997312 1 0 1627779534
WALL 44997312 1 0 1627779535
WALL 44997312 1 0 1627779536
WALL 44997312 1 0 1627779537
WALL 44997312 1 0 1627779538
WALL 44997312 1 0 1627779539
WALL 44997312 1 0 1627779540
WALL 44997312 1 0 1627779541
WALL 44997312 1 0 1627779542
WALL 44997312 1 0 1627779543
WALL 44997312 1 0 1627779544
WALL 44997312 1 0 1627779545
WALL 44997312 1 0 1627779546
WALL 44997312 1 0 1627779547
WALL 44997312 1 0 1627779548
WALL 44997312 1 0 1627779549
WALL 44997312 1 0 1627779550
WALL 44997312 1 0 1627779551
WALL 44997312 1 0 1627779552
WALL 44997312 1 0 1627779553
WALL 44997312 1 0 1627779554
WALL 44997312 1 0 1627779555
srun: Job step aborted: Waiting up to 32 seconds for job step to finish.
received SIGTERM 1627779556
WALL 44997312 1 0 1627779556
received SIGCONT 1627779556
srun: got SIGCONT
WALL 44997312 1 0 1627779556
received SIGTERM 1627779556
srun: forcing job termination
WALL 44997312 1 0 1627779556
