WALL 44994503 1 0 1627768512
WALL 44994503 1 0 1627768513
WALL 44994503 1 0 1627768514
WALL 44994503 1 0 1627768515
WALL 44994503 1 0 1627768516
WALL 44994503 1 0 1627768517
WALL 44994503 1 0 1627768518
WALL 44994503 1 0 1627768519
WALL 44994503 1 0 1627768520
WALL 44994503 1 0 1627768521
WALL 44994503 1 0 1627768522
WALL 44994503 1 0 1627768523
WALL 44994503 1 0 1627768524
WALL 44994503 1 0 1627768525
WALL 44994503 1 0 1627768526
WALL 44994503 1 0 1627768527
WALL 44994503 1 0 1627768528
WALL 44994503 1 0 1627768529
WALL 44994503 1 0 1627768530
WALL 44994503 1 0 1627768531
WALL 44994503 1 0 1627768532
WALL 44994503 1 0 1627768533
WALL 44994503 1 0 1627768534
WALL 44994503 1 0 1627768535
WALL 44994503 1 0 1627768536
WALL 44994503 1 0 1627768537
WALL 44994503 1 0 1627768538
WALL 44994503 1 0 1627768539
WALL 44994503 1 0 1627768540
WALL 44994503 1 0 1627768541
WALL 44994503 1 0 1627768542
WALL 44994503 1 0 1627768543
WALL 44994503 1 0 1627768544
WALL 44994503 1 0 1627768545
WALL 44994503 1 0 1627768546
WALL 44994503 1 0 1627768547
WALL 44994503 1 0 1627768548
WALL 44994503 1 0 1627768549
WALL 44994503 1 0 1627768550
WALL 44994503 1 0 1627768551
WALL 44994503 1 0 1627768552
WALL 44994503 1 0 1627768553
WALL 44994503 1 0 1627768554
WALL 44994503 1 0 1627768555
WALL 44994503 1 0 1627768556
WALL 44994503 1 0 1627768557
WALL 44994503 1 0 1627768558
WALL 44994503 1 0 1627768559
WALL 44994503 1 0 1627768560
WALL 44994503 1 0 1627768561
WALL 44994503 1 0 1627768562
WALL 44994503 1 0 1627768563
WALL 44994503 1 0 1627768564
WALL 44994503 1 0 1627768565
WALL 44994503 1 0 1627768566
WALL 44994503 1 0 1627768567
WALL 44994503 1 0 1627768568
WALL 44994503 1 0 1627768569
WALL 44994503 1 0 1627768570
WALL 44994503 1 0 1627768571
WALL 44994503 1 0 1627768572
WALL 44994503 1 0 1627768573
WALL 44994503 1 0 1627768574
WALL 44994503 1 0 1627768575
WALL 44994503 1 0 1627768576
WALL 44994503 1 0 1627768577
WALL 44994503 1 0 1627768578
WALL 44994503 1 0 1627768579
WALL 44994503 1 0 1627768580
WALL 44994503 1 0 1627768581
WALL 44994503 1 0 1627768582
WALL 44994503 1 0 1627768583
WALL 44994503 1 0 1627768584
WALL 44994503 1 0 1627768585
WALL 44994503 1 0 1627768586
WALL 44994503 1 0 1627768587
WALL 44994503 1 0 1627768588
WALL 44994503 1 0 1627768589
WALL 44994503 1 0 1627768590
WALL 44994503 1 0 1627768591
WALL 44994503 1 0 1627768592
WALL 44994503 1 0 1627768593
WALL 44994503 1 0 1627768594
WALL 44994503 1 0 1627768595
WALL 44994503 1 0 1627768596
WALL 44994503 1 0 1627768597
WALL 44994503 1 0 1627768598
WALL 44994503 1 0 1627768599
WALL 44994503 1 0 1627768600
WALL 44994503 1 0 1627768601
WALL 44994503 1 0 1627768602
WALL 44994503 1 0 1627768603
WALL 44994503 1 0 1627768604
WALL 44994503 1 0 1627768605
WALL 44994503 1 0 1627768606
WALL 44994503 1 0 1627768607
WALL 44994503 1 0 1627768608
WALL 44994503 1 0 1627768609
WALL 44994503 1 0 1627768610
WALL 44994503 1 0 1627768611
WALL 44994503 1 0 1627768612
WALL 44994503 1 0 1627768613
WALL 44994503 1 0 1627768614
WALL 44994503 1 0 1627768615
WALL 44994503 1 0 1627768616
WALL 44994503 1 0 1627768617
WALL 44994503 1 0 1627768618
WALL 44994503 1 0 1627768619
WALL 44994503 1 0 1627768620
WALL 44994503 1 0 1627768621
WALL 44994503 1 0 1627768622
WALL 44994503 1 0 1627768623
WALL 44994503 1 0 1627768624
WALL 44994503 1 0 1627768625
WALL 44994503 1 0 1627768626
WALL 44994503 1 0 1627768627
WALL 44994503 1 0 1627768628
WALL 44994503 1 0 1627768629
WALL 44994503 1 0 1627768630
WALL 44994503 1 0 1627768631
WALL 44994503 1 0 1627768632
WALL 44994503 1 0 1627768633
WALL 44994503 1 0 1627768634
WALL 44994503 1 0 1627768635
WALL 44994503 1 0 1627768636
WALL 44994503 1 0 1627768637
WALL 44994503 1 0 1627768638
WALL 44994503 1 0 1627768639
WALL 44994503 1 0 1627768640
WALL 44994503 1 0 1627768641
WALL 44994503 1 0 1627768642
WALL 44994503 1 0 1627768643
WALL 44994503 1 0 1627768644
WALL 44994503 1 0 1627768645
WALL 44994503 1 0 1627768646
WALL 44994503 1 0 1627768647
WALL 44994503 1 0 1627768648
WALL 44994503 1 0 1627768649
WALL 44994503 1 0 1627768650
WALL 44994503 1 0 1627768651
WALL 44994503 1 0 1627768652
WALL 44994503 1 0 1627768653
WALL 44994503 1 0 1627768654
WALL 44994503 1 0 1627768655
WALL 44994503 1 0 1627768656
WALL 44994503 1 0 1627768657
WALL 44994503 1 0 1627768658
WALL 44994503 1 0 1627768659
WALL 44994503 1 0 1627768660
WALL 44994503 1 0 1627768661
WALL 44994503 1 0 1627768662
WALL 44994503 1 0 1627768663
WALL 44994503 1 0 1627768664
WALL 44994503 1 0 1627768665
WALL 44994503 1 0 1627768666
WALL 44994503 1 0 1627768667
WALL 44994503 1 0 1627768668
WALL 44994503 1 0 1627768669
WALL 44994503 1 0 1627768670
WALL 44994503 1 0 1627768671
WALL 44994503 1 0 1627768672
WALL 44994503 1 0 1627768673
WALL 44994503 1 0 1627768674
WALL 44994503 1 0 1627768675
WALL 44994503 1 0 1627768676
WALL 44994503 1 0 1627768677
WALL 44994503 1 0 1627768678
WALL 44994503 1 0 1627768679
WALL 44994503 1 0 1627768680
WALL 44994503 1 0 1627768681
WALL 44994503 1 0 1627768682
WALL 44994503 1 0 1627768683
WALL 44994503 1 0 1627768684
WALL 44994503 1 0 1627768685
WALL 44994503 1 0 1627768686
WALL 44994503 1 0 1627768687
WALL 44994503 1 0 1627768688
WALL 44994503 1 0 1627768689
WALL 44994503 1 0 1627768690
WALL 44994503 1 0 1627768691
WALL 44994503 1 0 1627768692
WALL 44994503 1 0 1627768693
WALL 44994503 1 0 1627768694
WALL 44994503 1 0 1627768695
WALL 44994503 1 0 1627768696
WALL 44994503 1 0 1627768697
WALL 44994503 1 0 1627768698
WALL 44994503 1 0 1627768699
WALL 44994503 1 0 1627768700
WALL 44994503 1 0 1627768701
WALL 44994503 1 0 1627768702
WALL 44994503 1 0 1627768703
WALL 44994503 1 0 1627768704
WALL 44994503 1 0 1627768705
WALL 44994503 1 0 1627768706
WALL 44994503 1 0 1627768707
WALL 44994503 1 0 1627768708
WALL 44994503 1 0 1627768709
WALL 44994503 1 0 1627768710
WALL 44994503 1 0 1627768711
WALL 44994503 1 0 1627768712
WALL 44994503 1 0 1627768713
WALL 44994503 1 0 1627768714
WALL 44994503 1 0 1627768715
WALL 44994503 1 0 1627768716
WALL 44994503 1 0 1627768717
WALL 44994503 1 0 1627768718
WALL 44994503 1 0 1627768719
WALL 44994503 1 0 1627768720
WALL 44994503 1 0 1627768721
WALL 44994503 1 0 1627768722
WALL 44994503 1 0 1627768723
WALL 44994503 1 0 1627768724
WALL 44994503 1 0 1627768725
WALL 44994503 1 0 1627768726
WALL 44994503 1 0 1627768727
WALL 44994503 1 0 1627768728
WALL 44994503 1 0 1627768729
WALL 44994503 1 0 1627768730
WALL 44994503 1 0 1627768731
WALL 44994503 1 0 1627768732
WALL 44994503 1 0 1627768733
WALL 44994503 1 0 1627768734
WALL 44994503 1 0 1627768735
WALL 44994503 1 0 1627768736
WALL 44994503 1 0 1627768737
WALL 44994503 1 0 1627768738
WALL 44994503 1 0 1627768739
WALL 44994503 1 0 1627768740
WALL 44994503 1 0 1627768741
WALL 44994503 1 0 1627768742
WALL 44994503 1 0 1627768743
WALL 44994503 1 0 1627768744
WALL 44994503 1 0 1627768745
WALL 44994503 1 0 1627768746
WALL 44994503 1 0 1627768747
WALL 44994503 1 0 1627768748
WALL 44994503 1 0 1627768749
WALL 44994503 1 0 1627768750
WALL 44994503 1 0 1627768751
WALL 44994503 1 0 1627768752
WALL 44994503 1 0 1627768753
WALL 44994503 1 0 1627768754
WALL 44994503 1 0 1627768755
WALL 44994503 1 0 1627768756
WALL 44994503 1 0 1627768757
WALL 44994503 1 0 1627768758
WALL 44994503 1 0 1627768759
WALL 44994503 1 0 1627768760
WALL 44994503 1 0 1627768761
WALL 44994503 1 0 1627768762
WALL 44994503 1 0 1627768763
WALL 44994503 1 0 1627768764
WALL 44994503 1 0 1627768765
WALL 44994503 1 0 1627768766
WALL 44994503 1 0 1627768767
WALL 44994503 1 0 1627768768
WALL 44994503 1 0 1627768769
WALL 44994503 1 0 1627768770
WALL 44994503 1 0 1627768771
WALL 44994503 1 0 1627768772
WALL 44994503 1 0 1627768773
WALL 44994503 1 0 1627768774
WALL 44994503 1 0 1627768775
WALL 44994503 1 0 1627768776
WALL 44994503 1 0 1627768777
WALL 44994503 1 0 1627768778
WALL 44994503 1 0 1627768779
WALL 44994503 1 0 1627768780
WALL 44994503 1 0 1627768781
WALL 44994503 1 0 1627768782
WALL 44994503 1 0 1627768783
WALL 44994503 1 0 1627768784
WALL 44994503 1 0 1627768785
WALL 44994503 1 0 1627768786
WALL 44994503 1 0 1627768787
WALL 44994503 1 0 1627768788
WALL 44994503 1 0 1627768789
WALL 44994503 1 0 1627768790
WALL 44994503 1 0 1627768791
WALL 44994503 1 0 1627768792
WALL 44994503 1 0 1627768793
WALL 44994503 1 0 1627768794
WALL 44994503 1 0 1627768795
WALL 44994503 1 0 1627768796
WALL 44994503 1 0 1627768797
WALL 44994503 1 0 1627768798
WALL 44994503 1 0 1627768799
WALL 44994503 1 0 1627768800
WALL 44994503 1 0 1627768801
WALL 44994503 1 0 1627768802
WALL 44994503 1 0 1627768803
WALL 44994503 1 0 1627768804
WALL 44994503 1 0 1627768805
WALL 44994503 1 0 1627768806
WALL 44994503 1 0 1627768807
WALL 44994503 1 0 1627768808
WALL 44994503 1 0 1627768809
WALL 44994503 1 0 1627768810
WALL 44994503 1 0 1627768811
WALL 44994503 1 0 1627768812
WALL 44994503 1 0 1627768813
WALL 44994503 1 0 1627768814
WALL 44994503 1 0 1627768815
WALL 44994503 1 0 1627768816
WALL 44994503 1 0 1627768817
WALL 44994503 1 0 1627768818
WALL 44994503 1 0 1627768819
WALL 44994503 1 0 1627768820
WALL 44994503 1 0 1627768821
WALL 44994503 1 0 1627768822
WALL 44994503 1 0 1627768823
WALL 44994503 1 0 1627768824
WALL 44994503 1 0 1627768825
WALL 44994503 1 0 1627768826
WALL 44994503 1 0 1627768827
WALL 44994503 1 0 1627768828
WALL 44994503 1 0 1627768829
WALL 44994503 1 0 1627768830
WALL 44994503 1 0 1627768831
WALL 44994503 1 0 1627768832
WALL 44994503 1 0 1627768833
WALL 44994503 1 0 1627768834
WALL 44994503 1 0 1627768835
WALL 44994503 1 0 1627768836
WALL 44994503 1 0 1627768837
WALL 44994503 1 0 1627768838
WALL 44994503 1 0 1627768839
WALL 44994503 1 0 1627768840
WALL 44994503 1 0 1627768841
WALL 44994503 1 0 1627768842
WALL 44994503 1 0 1627768843
WALL 44994503 1 0 1627768844
WALL 44994503 1 0 1627768845
WALL 44994503 1 0 1627768846
WALL 44994503 1 0 1627768847
WALL 44994503 1 0 1627768848
WALL 44994503 1 0 1627768849
WALL 44994503 1 0 1627768850
WALL 44994503 1 0 1627768851
WALL 44994503 1 0 1627768852
WALL 44994503 1 0 1627768853
WALL 44994503 1 0 1627768854
WALL 44994503 1 0 1627768855
WALL 44994503 1 0 1627768856
WALL 44994503 1 0 1627768857
WALL 44994503 1 0 1627768858
WALL 44994503 1 0 1627768859
WALL 44994503 1 0 1627768860
WALL 44994503 1 0 1627768861
WALL 44994503 1 0 1627768862
WALL 44994503 1 0 1627768863
WALL 44994503 1 0 1627768864
WALL 44994503 1 0 1627768865
WALL 44994503 1 0 1627768866
WALL 44994503 1 0 1627768867
WALL 44994503 1 0 1627768868
WALL 44994503 1 0 1627768869
WALL 44994503 1 0 1627768870
WALL 44994503 1 0 1627768871
WALL 44994503 1 0 1627768872
WALL 44994503 1 0 1627768873
WALL 44994503 1 0 1627768874
WALL 44994503 1 0 1627768875
WALL 44994503 1 0 1627768876
WALL 44994503 1 0 1627768877
WALL 44994503 1 0 1627768878
WALL 44994503 1 0 1627768879
WALL 44994503 1 0 1627768880
WALL 44994503 1 0 1627768881
WALL 44994503 1 0 1627768882
WALL 44994503 1 0 1627768883
WALL 44994503 1 0 1627768884
WALL 44994503 1 0 1627768885
WALL 44994503 1 0 1627768886
WALL 44994503 1 0 1627768887
WALL 44994503 1 0 1627768888
WALL 44994503 1 0 1627768889
WALL 44994503 1 0 1627768890
WALL 44994503 1 0 1627768891
WALL 44994503 1 0 1627768892
WALL 44994503 1 0 1627768893
WALL 44994503 1 0 1627768894
WALL 44994503 1 0 1627768895
WALL 44994503 1 0 1627768896
WALL 44994503 1 0 1627768897
WALL 44994503 1 0 1627768898
WALL 44994503 1 0 1627768899
WALL 44994503 1 0 1627768900
WALL 44994503 1 0 1627768901
WALL 44994503 1 0 1627768902
WALL 44994503 1 0 1627768903
WALL 44994503 1 0 1627768904
WALL 44994503 1 0 1627768905
WALL 44994503 1 0 1627768906
WALL 44994503 1 0 1627768907
WALL 44994503 1 0 1627768908
WALL 44994503 1 0 1627768909
WALL 44994503 1 0 1627768910
WALL 44994503 1 0 1627768911
WALL 44994503 1 0 1627768912
WALL 44994503 1 0 1627768913
WALL 44994503 1 0 1627768914
WALL 44994503 1 0 1627768915
WALL 44994503 1 0 1627768916
WALL 44994503 1 0 1627768917
WALL 44994503 1 0 1627768918
WALL 44994503 1 0 1627768919
WALL 44994503 1 0 1627768920
WALL 44994503 1 0 1627768921
WALL 44994503 1 0 1627768922
WALL 44994503 1 0 1627768923
WALL 44994503 1 0 1627768924
WALL 44994503 1 0 1627768925
WALL 44994503 1 0 1627768926
WALL 44994503 1 0 1627768927
WALL 44994503 1 0 1627768928
WALL 44994503 1 0 1627768929
WALL 44994503 1 0 1627768930
WALL 44994503 1 0 1627768931
WALL 44994503 1 0 1627768932
WALL 44994503 1 0 1627768933
WALL 44994503 1 0 1627768934
WALL 44994503 1 0 1627768935
WALL 44994503 1 0 1627768936
WALL 44994503 1 0 1627768937
WALL 44994503 1 0 1627768938
WALL 44994503 1 0 1627768939
WALL 44994503 1 0 1627768940
WALL 44994503 1 0 1627768941
WALL 44994503 1 0 1627768942
WALL 44994503 1 0 1627768943
WALL 44994503 1 0 1627768944
WALL 44994503 1 0 1627768945
WALL 44994503 1 0 1627768946
WALL 44994503 1 0 1627768947
WALL 44994503 1 0 1627768948
WALL 44994503 1 0 1627768949
WALL 44994503 1 0 1627768950
WALL 44994503 1 0 1627768951
WALL 44994503 1 0 1627768952
WALL 44994503 1 0 1627768953
WALL 44994503 1 0 1627768954
WALL 44994503 1 0 1627768955
WALL 44994503 1 0 1627768956
WALL 44994503 1 0 1627768957
received SIGCONT 1627768957
WALL 44994503 1 0 1627768957
slurmstepd: error: *** STEP 44994503.0 ON nid00816 CANCELLED AT 2021-07-31T15:02:37 ***
received SIGTERM 1627768957
WALL 44994503 1 0 1627768957
WALL 44994503 1 0 1627768958
WALL 44994503 1 0 1627768959
WALL 44994503 1 0 1627768960
WALL 44994503 1 0 1627768961
WALL 44994503 1 0 1627768962
WALL 44994503 1 0 1627768963
WALL 44994503 1 0 1627768964
WALL 44994503 1 0 1627768965
WALL 44994503 1 0 1627768966
WALL 44994503 1 0 1627768967
WALL 44994503 1 0 1627768968
WALL 44994503 1 0 1627768969
WALL 44994503 1 0 1627768970
WALL 44994503 1 0 1627768971
WALL 44994503 1 0 1627768972
WALL 44994503 1 0 1627768973
WALL 44994503 1 0 1627768974
WALL 44994503 1 0 1627768975
WALL 44994503 1 0 1627768976
WALL 44994503 1 0 1627768978
WALL 44994503 1 0 1627768979
WALL 44994503 1 0 1627768980
WALL 44994503 1 0 1627768981
WALL 44994503 1 0 1627768982
WALL 44994503 1 0 1627768983
WALL 44994503 1 0 1627768984
WALL 44994503 1 0 1627768985
WALL 44994503 1 0 1627768986
WALL 44994503 1 0 1627768987
WALL 44994503 1 0 1627768988
WALL 44994503 1 0 1627768989
WALL 44994503 1 0 1627768990
WALL 44994503 1 0 1627768991
WALL 44994503 1 0 1627768992
WALL 44994503 1 0 1627768993
WALL 44994503 1 0 1627768994
WALL 44994503 1 0 1627768995
WALL 44994503 1 0 1627768996
WALL 44994503 1 0 1627768997
WALL 44994503 1 0 1627768998
WALL 44994503 1 0 1627768999
WALL 44994503 1 0 1627769000
WALL 44994503 1 0 1627769001
WALL 44994503 1 0 1627769002
WALL 44994503 1 0 1627769003
WALL 44994503 1 0 1627769004
WALL 44994503 1 0 1627769005
WALL 44994503 1 0 1627769006
WALL 44994503 1 0 1627769007
WALL 44994503 1 0 1627769008
WALL 44994503 1 0 1627769009
WALL 44994503 1 0 1627769010
WALL 44994503 1 0 1627769011
WALL 44994503 1 0 1627769012
WALL 44994503 1 0 1627769013
WALL 44994503 1 0 1627769014
WALL 44994503 1 0 1627769015
WALL 44994503 1 0 1627769016
WALL 44994503 1 0 1627769017
WALL 44994503 1 0 1627769018
WALL 44994503 1 0 1627769019
WALL 44994503 1 0 1627769020
WALL 44994503 1 0 1627769021
WALL 44994503 1 0 1627769022
WALL 44994503 1 0 1627769023
WALL 44994503 1 0 1627769024
WALL 44994503 1 0 1627769025
WALL 44994503 1 0 1627769026
WALL 44994503 1 0 1627769027
WALL 44994503 1 0 1627769028
WALL 44994503 1 0 1627769029
WALL 44994503 1 0 1627769030
WALL 44994503 1 0 1627769031
WALL 44994503 1 0 1627769032
WALL 44994503 1 0 1627769033
WALL 44994503 1 0 1627769034
WALL 44994503 1 0 1627769035
WALL 44994503 1 0 1627769036
received SIGTERM 1627769036
WALL 44994503 1 0 1627769036
received SIGCONT 1627769036
srun: got SIGCONT
WALL 44994503 1 0 1627769036
received SIGTERM 1627769036
srun: forcing job termination
WALL 44994503 1 0 1627769036
