WALL 44992967 1 0 1627766922
WALL 44992967 1 0 1627766923
WALL 44992967 1 0 1627766924
WALL 44992967 1 0 1627766925
WALL 44992967 1 0 1627766926
WALL 44992967 1 0 1627766927
WALL 44992967 1 0 1627766928
WALL 44992967 1 0 1627766929
WALL 44992967 1 0 1627766930
WALL 44992967 1 0 1627766931
WALL 44992967 1 0 1627766932
WALL 44992967 1 0 1627766933
WALL 44992967 1 0 1627766934
WALL 44992967 1 0 1627766935
WALL 44992967 1 0 1627766936
WALL 44992967 1 0 1627766937
WALL 44992967 1 0 1627766938
WALL 44992967 1 0 1627766939
WALL 44992967 1 0 1627766940
WALL 44992967 1 0 1627766941
WALL 44992967 1 0 1627766942
WALL 44992967 1 0 1627766943
WALL 44992967 1 0 1627766944
WALL 44992967 1 0 1627766945
WALL 44992967 1 0 1627766946
WALL 44992967 1 0 1627766947
WALL 44992967 1 0 1627766948
WALL 44992967 1 0 1627766949
WALL 44992967 1 0 1627766950
WALL 44992967 1 0 1627766951
WALL 44992967 1 0 1627766952
WALL 44992967 1 0 1627766953
WALL 44992967 1 0 1627766954
WALL 44992967 1 0 1627766955
WALL 44992967 1 0 1627766956
WALL 44992967 1 0 1627766957
WALL 44992967 1 0 1627766958
WALL 44992967 1 0 1627766959
WALL 44992967 1 0 1627766960
WALL 44992967 1 0 1627766961
WALL 44992967 1 0 1627766962
WALL 44992967 1 0 1627766963
WALL 44992967 1 0 1627766964
WALL 44992967 1 0 1627766965
WALL 44992967 1 0 1627766966
WALL 44992967 1 0 1627766967
WALL 44992967 1 0 1627766968
WALL 44992967 1 0 1627766969
WALL 44992967 1 0 1627766970
WALL 44992967 1 0 1627766971
WALL 44992967 1 0 1627766972
WALL 44992967 1 0 1627766973
WALL 44992967 1 0 1627766974
WALL 44992967 1 0 1627766975
WALL 44992967 1 0 1627766976
WALL 44992967 1 0 1627766977
WALL 44992967 1 0 1627766978
WALL 44992967 1 0 1627766979
WALL 44992967 1 0 1627766980
WALL 44992967 1 0 1627766981
WALL 44992967 1 0 1627766982
WALL 44992967 1 0 1627766983
WALL 44992967 1 0 1627766984
WALL 44992967 1 0 1627766985
WALL 44992967 1 0 1627766986
WALL 44992967 1 0 1627766987
WALL 44992967 1 0 1627766988
WALL 44992967 1 0 1627766989
WALL 44992967 1 0 1627766990
WALL 44992967 1 0 1627766991
WALL 44992967 1 0 1627766992
WALL 44992967 1 0 1627766993
WALL 44992967 1 0 1627766994
WALL 44992967 1 0 1627766995
WALL 44992967 1 0 1627766996
WALL 44992967 1 0 1627766997
WALL 44992967 1 0 1627766998
WALL 44992967 1 0 1627766999
WALL 44992967 1 0 1627767000
WALL 44992967 1 0 1627767001
WALL 44992967 1 0 1627767002
WALL 44992967 1 0 1627767003
WALL 44992967 1 0 1627767004
WALL 44992967 1 0 1627767005
WALL 44992967 1 0 1627767006
WALL 44992967 1 0 1627767007
WALL 44992967 1 0 1627767008
WALL 44992967 1 0 1627767009
WALL 44992967 1 0 1627767010
WALL 44992967 1 0 1627767011
WALL 44992967 1 0 1627767012
WALL 44992967 1 0 1627767013
WALL 44992967 1 0 1627767014
WALL 44992967 1 0 1627767015
WALL 44992967 1 0 1627767016
WALL 44992967 1 0 1627767017
WALL 44992967 1 0 1627767018
WALL 44992967 1 0 1627767019
WALL 44992967 1 0 1627767020
WALL 44992967 1 0 1627767021
WALL 44992967 1 0 1627767022
WALL 44992967 1 0 1627767023
WALL 44992967 1 0 1627767024
WALL 44992967 1 0 1627767025
WALL 44992967 1 0 1627767026
WALL 44992967 1 0 1627767027
WALL 44992967 1 0 1627767028
WALL 44992967 1 0 1627767029
WALL 44992967 1 0 1627767030
WALL 44992967 1 0 1627767031
WALL 44992967 1 0 1627767032
WALL 44992967 1 0 1627767033
WALL 44992967 1 0 1627767034
WALL 44992967 1 0 1627767035
WALL 44992967 1 0 1627767036
WALL 44992967 1 0 1627767037
WALL 44992967 1 0 1627767038
WALL 44992967 1 0 1627767039
WALL 44992967 1 0 1627767040
WALL 44992967 1 0 1627767041
WALL 44992967 1 0 1627767042
WALL 44992967 1 0 1627767043
WALL 44992967 1 0 1627767044
WALL 44992967 1 0 1627767045
WALL 44992967 1 0 1627767046
WALL 44992967 1 0 1627767047
WALL 44992967 1 0 1627767048
WALL 44992967 1 0 1627767049
WALL 44992967 1 0 1627767050
WALL 44992967 1 0 1627767051
WALL 44992967 1 0 1627767052
WALL 44992967 1 0 1627767053
WALL 44992967 1 0 1627767054
WALL 44992967 1 0 1627767055
WALL 44992967 1 0 1627767056
WALL 44992967 1 0 1627767057
WALL 44992967 1 0 1627767058
WALL 44992967 1 0 1627767059
WALL 44992967 1 0 1627767060
WALL 44992967 1 0 1627767061
WALL 44992967 1 0 1627767062
WALL 44992967 1 0 1627767063
WALL 44992967 1 0 1627767064
WALL 44992967 1 0 1627767065
WALL 44992967 1 0 1627767066
WALL 44992967 1 0 1627767067
WALL 44992967 1 0 1627767068
WALL 44992967 1 0 1627767069
WALL 44992967 1 0 1627767070
WALL 44992967 1 0 1627767071
WALL 44992967 1 0 1627767072
WALL 44992967 1 0 1627767073
WALL 44992967 1 0 1627767074
WALL 44992967 1 0 1627767075
WALL 44992967 1 0 1627767076
WALL 44992967 1 0 1627767077
WALL 44992967 1 0 1627767078
WALL 44992967 1 0 1627767079
WALL 44992967 1 0 1627767080
WALL 44992967 1 0 1627767081
WALL 44992967 1 0 1627767082
WALL 44992967 1 0 1627767083
WALL 44992967 1 0 1627767084
WALL 44992967 1 0 1627767085
WALL 44992967 1 0 1627767086
WALL 44992967 1 0 1627767087
WALL 44992967 1 0 1627767088
WALL 44992967 1 0 1627767089
WALL 44992967 1 0 1627767090
WALL 44992967 1 0 1627767091
WALL 44992967 1 0 1627767092
WALL 44992967 1 0 1627767093
WALL 44992967 1 0 1627767094
WALL 44992967 1 0 1627767095
WALL 44992967 1 0 1627767096
WALL 44992967 1 0 1627767097
WALL 44992967 1 0 1627767098
WALL 44992967 1 0 1627767099
WALL 44992967 1 0 1627767100
WALL 44992967 1 0 1627767101
WALL 44992967 1 0 1627767102
WALL 44992967 1 0 1627767103
WALL 44992967 1 0 1627767104
WALL 44992967 1 0 1627767105
WALL 44992967 1 0 1627767106
WALL 44992967 1 0 1627767107
WALL 44992967 1 0 1627767108
WALL 44992967 1 0 1627767109
WALL 44992967 1 0 1627767110
WALL 44992967 1 0 1627767111
WALL 44992967 1 0 1627767112
WALL 44992967 1 0 1627767113
WALL 44992967 1 0 1627767114
WALL 44992967 1 0 1627767115
WALL 44992967 1 0 1627767116
WALL 44992967 1 0 1627767117
WALL 44992967 1 0 1627767118
WALL 44992967 1 0 1627767119
WALL 44992967 1 0 1627767120
WALL 44992967 1 0 1627767121
WALL 44992967 1 0 1627767122
WALL 44992967 1 0 1627767123
WALL 44992967 1 0 1627767124
WALL 44992967 1 0 1627767125
WALL 44992967 1 0 1627767126
WALL 44992967 1 0 1627767127
WALL 44992967 1 0 1627767128
WALL 44992967 1 0 1627767129
WALL 44992967 1 0 1627767130
WALL 44992967 1 0 1627767131
WALL 44992967 1 0 1627767132
WALL 44992967 1 0 1627767133
WALL 44992967 1 0 1627767134
WALL 44992967 1 0 1627767135
WALL 44992967 1 0 1627767136
WALL 44992967 1 0 1627767137
WALL 44992967 1 0 1627767138
WALL 44992967 1 0 1627767139
WALL 44992967 1 0 1627767140
WALL 44992967 1 0 1627767141
WALL 44992967 1 0 1627767142
WALL 44992967 1 0 1627767143
WALL 44992967 1 0 1627767144
WALL 44992967 1 0 1627767145
WALL 44992967 1 0 1627767146
WALL 44992967 1 0 1627767147
WALL 44992967 1 0 1627767148
WALL 44992967 1 0 1627767149
WALL 44992967 1 0 1627767150
WALL 44992967 1 0 1627767151
WALL 44992967 1 0 1627767152
WALL 44992967 1 0 1627767153
WALL 44992967 1 0 1627767154
WALL 44992967 1 0 1627767155
WALL 44992967 1 0 1627767156
WALL 44992967 1 0 1627767157
WALL 44992967 1 0 1627767158
WALL 44992967 1 0 1627767159
WALL 44992967 1 0 1627767160
WALL 44992967 1 0 1627767161
WALL 44992967 1 0 1627767162
WALL 44992967 1 0 1627767163
WALL 44992967 1 0 1627767164
WALL 44992967 1 0 1627767165
WALL 44992967 1 0 1627767166
WALL 44992967 1 0 1627767167
WALL 44992967 1 0 1627767168
WALL 44992967 1 0 1627767169
WALL 44992967 1 0 1627767170
WALL 44992967 1 0 1627767171
WALL 44992967 1 0 1627767172
WALL 44992967 1 0 1627767173
WALL 44992967 1 0 1627767174
WALL 44992967 1 0 1627767175
WALL 44992967 1 0 1627767176
WALL 44992967 1 0 1627767177
WALL 44992967 1 0 1627767178
slurmstepd: error: *** STEP 44992967.0 ON nid00801 CANCELLED AT 2021-07-31T14:32:59 ***
received SIGTERM 1627767179
received SIGCONT 1627767179
WALL 44992967 1 0 1627767179
WALL 44992967 1 0 1627767180
WALL 44992967 1 0 1627767181
WALL 44992967 1 0 1627767182
WALL 44992967 1 0 1627767183
WALL 44992967 1 0 1627767184
WALL 44992967 1 0 1627767185
WALL 44992967 1 0 1627767186
WALL 44992967 1 0 1627767187
WALL 44992967 1 0 1627767188
WALL 44992967 1 0 1627767189
WALL 44992967 1 0 1627767190
WALL 44992967 1 0 1627767191
WALL 44992967 1 0 1627767192
WALL 44992967 1 0 1627767193
WALL 44992967 1 0 1627767194
WALL 44992967 1 0 1627767195
WALL 44992967 1 0 1627767196
WALL 44992967 1 0 1627767197
WALL 44992967 1 0 1627767198
WALL 44992967 1 0 1627767199
WALL 44992967 1 0 1627767200
WALL 44992967 1 0 1627767201
WALL 44992967 1 0 1627767202
WALL 44992967 1 0 1627767203
WALL 44992967 1 0 1627767204
WALL 44992967 1 0 1627767205
WALL 44992967 1 0 1627767206
WALL 44992967 1 0 1627767207
WALL 44992967 1 0 1627767208
WALL 44992967 1 0 1627767209
WALL 44992967 1 0 1627767210
WALL 44992967 1 0 1627767211
WALL 44992967 1 0 1627767212
WALL 44992967 1 0 1627767213
WALL 44992967 1 0 1627767214
WALL 44992967 1 0 1627767215
WALL 44992967 1 0 1627767216
WALL 44992967 1 0 1627767217
WALL 44992967 1 0 1627767218
WALL 44992967 1 0 1627767219
WALL 44992967 1 0 1627767220
WALL 44992967 1 0 1627767221
WALL 44992967 1 0 1627767222
WALL 44992967 1 0 1627767223
WALL 44992967 1 0 1627767224
WALL 44992967 1 0 1627767225
WALL 44992967 1 0 1627767226
WALL 44992967 1 0 1627767227
WALL 44992967 1 0 1627767228
WALL 44992967 1 0 1627767229
WALL 44992967 1 0 1627767230
WALL 44992967 1 0 1627767231
WALL 44992967 1 0 1627767232
WALL 44992967 1 0 1627767233
WALL 44992967 1 0 1627767234
WALL 44992967 1 0 1627767235
WALL 44992967 1 0 1627767236
WALL 44992967 1 0 1627767237
WALL 44992967 1 0 1627767238
WALL 44992967 1 0 1627767239
WALL 44992967 1 0 1627767240
WALL 44992967 1 0 1627767241
WALL 44992967 1 0 1627767242
WALL 44992967 1 0 1627767243
WALL 44992967 1 0 1627767244
WALL 44992967 1 0 1627767245
WALL 44992967 1 0 1627767246
WALL 44992967 1 0 1627767247
WALL 44992967 1 0 1627767248
WALL 44992967 1 0 1627767249
WALL 44992967 1 0 1627767250
WALL 44992967 1 0 1627767251
WALL 44992967 1 0 1627767252
WALL 44992967 1 0 1627767253
WALL 44992967 1 0 1627767254
WALL 44992967 1 0 1627767255
WALL 44992967 1 0 1627767256
WALL 44992967 1 0 1627767257
WALL 44992967 1 0 1627767258
WALL 44992967 1 0 1627767259
WALL 44992967 1 0 1627767260
WALL 44992967 1 0 1627767261
WALL 44992967 1 0 1627767262
WALL 44992967 1 0 1627767263
WALL 44992967 1 0 1627767264
WALL 44992967 1 0 1627767265
WALL 44992967 1 0 1627767266
WALL 44992967 1 0 1627767267
WALL 44992967 1 0 1627767268
WALL 44992967 1 0 1627767269
WALL 44992967 1 0 1627767270
WALL 44992967 1 0 1627767271
WALL 44992967 1 0 1627767272
WALL 44992967 1 0 1627767273
WALL 44992967 1 0 1627767274
WALL 44992967 1 0 1627767275
WALL 44992967 1 0 1627767276
WALL 44992967 1 0 1627767277
WALL 44992967 1 0 1627767278
WALL 44992967 1 0 1627767279
WALL 44992967 1 0 1627767280
WALL 44992967 1 0 1627767281
WALL 44992967 1 0 1627767282
WALL 44992967 1 0 1627767283
WALL 44992967 1 0 1627767284
WALL 44992967 1 0 1627767285
WALL 44992967 1 0 1627767286
WALL 44992967 1 0 1627767287
WALL 44992967 1 0 1627767288
WALL 44992967 1 0 1627767289
WALL 44992967 1 0 1627767290
WALL 44992967 1 0 1627767291
WALL 44992967 1 0 1627767292
WALL 44992967 1 0 1627767293
WALL 44992967 1 0 1627767294
WALL 44992967 1 0 1627767295
WALL 44992967 1 0 1627767296
WALL 44992967 1 0 1627767297
WALL 44992967 1 0 1627767298
WALL 44992967 1 0 1627767299
WALL 44992967 1 0 1627767300
WALL 44992967 1 0 1627767301
WALL 44992967 1 0 1627767302
WALL 44992967 1 0 1627767303
WALL 44992967 1 0 1627767304
WALL 44992967 1 0 1627767305
WALL 44992967 1 0 1627767306
WALL 44992967 1 0 1627767307
WALL 44992967 1 0 1627767308
WALL 44992967 1 0 1627767309
WALL 44992967 1 0 1627767310
WALL 44992967 1 0 1627767311
WALL 44992967 1 0 1627767312
WALL 44992967 1 0 1627767313
WALL 44992967 1 0 1627767314
WALL 44992967 1 0 1627767315
WALL 44992967 1 0 1627767316
WALL 44992967 1 0 1627767317
WALL 44992967 1 0 1627767318
WALL 44992967 1 0 1627767319
WALL 44992967 1 0 1627767320
WALL 44992967 1 0 1627767321
WALL 44992967 1 0 1627767322
WALL 44992967 1 0 1627767323
WALL 44992967 1 0 1627767324
WALL 44992967 1 0 1627767325
WALL 44992967 1 0 1627767326
WALL 44992967 1 0 1627767327
WALL 44992967 1 0 1627767328
WALL 44992967 1 0 1627767329
WALL 44992967 1 0 1627767330
WALL 44992967 1 0 1627767331
WALL 44992967 1 0 1627767332
WALL 44992967 1 0 1627767333
WALL 44992967 1 0 1627767334
WALL 44992967 1 0 1627767335
WALL 44992967 1 0 1627767336
WALL 44992967 1 0 1627767337
WALL 44992967 1 0 1627767338
WALL 44992967 1 0 1627767339
WALL 44992967 1 0 1627767340
WALL 44992967 1 0 1627767341
WALL 44992967 1 0 1627767342
WALL 44992967 1 0 1627767343
WALL 44992967 1 0 1627767344
WALL 44992967 1 0 1627767345
WALL 44992967 1 0 1627767346
WALL 44992967 1 0 1627767347
WALL 44992967 1 0 1627767348
WALL 44992967 1 0 1627767349
WALL 44992967 1 0 1627767350
WALL 44992967 1 0 1627767351
WALL 44992967 1 0 1627767352
WALL 44992967 1 0 1627767353
WALL 44992967 1 0 1627767354
WALL 44992967 1 0 1627767355
WALL 44992967 1 0 1627767356
WALL 44992967 1 0 1627767357
WALL 44992967 1 0 1627767358
WALL 44992967 1 0 1627767359
WALL 44992967 1 0 1627767360
WALL 44992967 1 0 1627767361
WALL 44992967 1 0 1627767362
WALL 44992967 1 0 1627767363
WALL 44992967 1 0 1627767364
WALL 44992967 1 0 1627767365
WALL 44992967 1 0 1627767366
WALL 44992967 1 0 1627767367
WALL 44992967 1 0 1627767368
WALL 44992967 1 0 1627767369
WALL 44992967 1 0 1627767370
WALL 44992967 1 0 1627767371
WALL 44992967 1 0 1627767372
WALL 44992967 1 0 1627767373
WALL 44992967 1 0 1627767374
WALL 44992967 1 0 1627767375
WALL 44992967 1 0 1627767376
WALL 44992967 1 0 1627767377
WALL 44992967 1 0 1627767378
WALL 44992967 1 0 1627767379
WALL 44992967 1 0 1627767380
WALL 44992967 1 0 1627767381
WALL 44992967 1 0 1627767382
WALL 44992967 1 0 1627767383
WALL 44992967 1 0 1627767384
WALL 44992967 1 0 1627767385
WALL 44992967 1 0 1627767386
WALL 44992967 1 0 1627767387
WALL 44992967 1 0 1627767388
WALL 44992967 1 0 1627767389
WALL 44992967 1 0 1627767390
WALL 44992967 1 0 1627767391
WALL 44992967 1 0 1627767392
WALL 44992967 1 0 1627767393
WALL 44992967 1 0 1627767394
WALL 44992967 1 0 1627767395
WALL 44992967 1 0 1627767396
WALL 44992967 1 0 1627767397
WALL 44992967 1 0 1627767398
WALL 44992967 1 0 1627767399
WALL 44992967 1 0 1627767400
WALL 44992967 1 0 1627767401
WALL 44992967 1 0 1627767402
WALL 44992967 1 0 1627767403
WALL 44992967 1 0 1627767404
WALL 44992967 1 0 1627767405
WALL 44992967 1 0 1627767406
WALL 44992967 1 0 1627767407
WALL 44992967 1 0 1627767408
WALL 44992967 1 0 1627767409
WALL 44992967 1 0 1627767410
WALL 44992967 1 0 1627767411
WALL 44992967 1 0 1627767412
WALL 44992967 1 0 1627767413
WALL 44992967 1 0 1627767414
WALL 44992967 1 0 1627767415
WALL 44992967 1 0 1627767416
WALL 44992967 1 0 1627767417
WALL 44992967 1 0 1627767418
WALL 44992967 1 0 1627767419
WALL 44992967 1 0 1627767420
WALL 44992967 1 0 1627767421
WALL 44992967 1 0 1627767422
WALL 44992967 1 0 1627767423
WALL 44992967 1 0 1627767424
WALL 44992967 1 0 1627767425
WALL 44992967 1 0 1627767426
WALL 44992967 1 0 1627767427
WALL 44992967 1 0 1627767428
WALL 44992967 1 0 1627767429
WALL 44992967 1 0 1627767430
WALL 44992967 1 0 1627767431
WALL 44992967 1 0 1627767432
WALL 44992967 1 0 1627767433
WALL 44992967 1 0 1627767434
WALL 44992967 1 0 1627767435
WALL 44992967 1 0 1627767436
WALL 44992967 1 0 1627767437
WALL 44992967 1 0 1627767438
WALL 44992967 1 0 1627767439
WALL 44992967 1 0 1627767440
WALL 44992967 1 0 1627767441
WALL 44992967 1 0 1627767442
WALL 44992967 1 0 1627767443
WALL 44992967 1 0 1627767444
WALL 44992967 1 0 1627767445
WALL 44992967 1 0 1627767446
WALL 44992967 1 0 1627767447
WALL 44992967 1 0 1627767448
WALL 44992967 1 0 1627767449
WALL 44992967 1 0 1627767450
WALL 44992967 1 0 1627767451
WALL 44992967 1 0 1627767452
WALL 44992967 1 0 1627767453
WALL 44992967 1 0 1627767454
WALL 44992967 1 0 1627767455
WALL 44992967 1 0 1627767456
WALL 44992967 1 0 1627767457
WALL 44992967 1 0 1627767458
WALL 44992967 1 0 1627767459
WALL 44992967 1 0 1627767460
WALL 44992967 1 0 1627767461
WALL 44992967 1 0 1627767462
WALL 44992967 1 0 1627767463
WALL 44992967 1 0 1627767464
WALL 44992967 1 0 1627767465
WALL 44992967 1 0 1627767466
WALL 44992967 1 0 1627767467
WALL 44992967 1 0 1627767468
WALL 44992967 1 0 1627767469
WALL 44992967 1 0 1627767470
WALL 44992967 1 0 1627767471
WALL 44992967 1 0 1627767472
WALL 44992967 1 0 1627767473
WALL 44992967 1 0 1627767474
WALL 44992967 1 0 1627767475
WALL 44992967 1 0 1627767476
WALL 44992967 1 0 1627767477
WALL 44992967 1 0 1627767478
WALL 44992967 1 0 1627767479
WALL 44992967 1 0 1627767480
WALL 44992967 1 0 1627767481
WALL 44992967 1 0 1627767482
WALL 44992967 1 0 1627767483
WALL 44992967 1 0 1627767484
WALL 44992967 1 0 1627767485
WALL 44992967 1 0 1627767486
WALL 44992967 1 0 1627767487
received SIGTERM 1627767487
WALL 44992967 1 0 1627767487
srun: got SIGCONT
received SIGCONT 1627767487
WALL 44992967 1 0 1627767487
srun: forcing job termination
received SIGTERM 1627767487
WALL 44992967 1 0 1627767487
