srun: Warning: can't run 1 processes on 4 nodes, setting nnodes to 1
WALL 44997316 1 0 1627778961
WALL 44997316 1 0 1627778962
WALL 44997316 1 0 1627778963
WALL 44997316 1 0 1627778964
WALL 44997316 1 0 1627778965
WALL 44997316 1 0 1627778966
WALL 44997316 1 0 1627778967
WALL 44997316 1 0 1627778968
WALL 44997316 1 0 1627778969
WALL 44997316 1 0 1627778970
WALL 44997316 1 0 1627778971
WALL 44997316 1 0 1627778972
WALL 44997316 1 0 1627778973
WALL 44997316 1 0 1627778974
WALL 44997316 1 0 1627778975
WALL 44997316 1 0 1627778976
WALL 44997316 1 0 1627778977
WALL 44997316 1 0 1627778978
WALL 44997316 1 0 1627778979
WALL 44997316 1 0 1627778980
WALL 44997316 1 0 1627778981
WALL 44997316 1 0 1627778982
WALL 44997316 1 0 1627778983
WALL 44997316 1 0 1627778984
WALL 44997316 1 0 1627778985
WALL 44997316 1 0 1627778986
WALL 44997316 1 0 1627778987
WALL 44997316 1 0 1627778988
WALL 44997316 1 0 1627778989
WALL 44997316 1 0 1627778990
WALL 44997316 1 0 1627778991
WALL 44997316 1 0 1627778992
WALL 44997316 1 0 1627778993
WALL 44997316 1 0 1627778994
WALL 44997316 1 0 1627778995
WALL 44997316 1 0 1627778996
WALL 44997316 1 0 1627778997
WALL 44997316 1 0 1627778998
WALL 44997316 1 0 1627778999
WALL 44997316 1 0 1627779000
WALL 44997316 1 0 1627779001
WALL 44997316 1 0 1627779002
WALL 44997316 1 0 1627779003
WALL 44997316 1 0 1627779004
WALL 44997316 1 0 1627779005
WALL 44997316 1 0 1627779006
WALL 44997316 1 0 1627779007
WALL 44997316 1 0 1627779008
WALL 44997316 1 0 1627779009
WALL 44997316 1 0 1627779010
WALL 44997316 1 0 1627779011
WALL 44997316 1 0 1627779012
WALL 44997316 1 0 1627779013
WALL 44997316 1 0 1627779014
WALL 44997316 1 0 1627779015
WALL 44997316 1 0 1627779016
WALL 44997316 1 0 1627779017
WALL 44997316 1 0 1627779018
WALL 44997316 1 0 1627779019
WALL 44997316 1 0 1627779020
WALL 44997316 1 0 1627779021
WALL 44997316 1 0 1627779022
WALL 44997316 1 0 1627779023
WALL 44997316 1 0 1627779024
WALL 44997316 1 0 1627779025
WALL 44997316 1 0 1627779026
WALL 44997316 1 0 1627779027
WALL 44997316 1 0 1627779028
WALL 44997316 1 0 1627779029
WALL 44997316 1 0 1627779030
WALL 44997316 1 0 1627779031
WALL 44997316 1 0 1627779032
WALL 44997316 1 0 1627779033
WALL 44997316 1 0 1627779034
WALL 44997316 1 0 1627779035
WALL 44997316 1 0 1627779036
WALL 44997316 1 0 1627779037
WALL 44997316 1 0 1627779038
WALL 44997316 1 0 1627779039
WALL 44997316 1 0 1627779040
WALL 44997316 1 0 1627779041
WALL 44997316 1 0 1627779042
WALL 44997316 1 0 1627779043
WALL 44997316 1 0 1627779044
WALL 44997316 1 0 1627779045
WALL 44997316 1 0 1627779046
WALL 44997316 1 0 1627779047
WALL 44997316 1 0 1627779048
WALL 44997316 1 0 1627779049
WALL 44997316 1 0 1627779050
WALL 44997316 1 0 1627779051
WALL 44997316 1 0 1627779052
WALL 44997316 1 0 1627779053
WALL 44997316 1 0 1627779054
WALL 44997316 1 0 1627779055
WALL 44997316 1 0 1627779056
WALL 44997316 1 0 1627779057
WALL 44997316 1 0 1627779058
WALL 44997316 1 0 1627779059
WALL 44997316 1 0 1627779060
WALL 44997316 1 0 1627779061
WALL 44997316 1 0 1627779062
WALL 44997316 1 0 1627779063
WALL 44997316 1 0 1627779064
WALL 44997316 1 0 1627779065
WALL 44997316 1 0 1627779066
WALL 44997316 1 0 1627779067
WALL 44997316 1 0 1627779068
WALL 44997316 1 0 1627779069
WALL 44997316 1 0 1627779070
WALL 44997316 1 0 1627779071
WALL 44997316 1 0 1627779072
WALL 44997316 1 0 1627779073
WALL 44997316 1 0 1627779074
WALL 44997316 1 0 1627779075
WALL 44997316 1 0 1627779076
WALL 44997316 1 0 1627779077
WALL 44997316 1 0 1627779078
WALL 44997316 1 0 1627779079
WALL 44997316 1 0 1627779080
WALL 44997316 1 0 1627779081
WALL 44997316 1 0 1627779082
WALL 44997316 1 0 1627779083
WALL 44997316 1 0 1627779084
WALL 44997316 1 0 1627779085
WALL 44997316 1 0 1627779086
WALL 44997316 1 0 1627779087
WALL 44997316 1 0 1627779088
WALL 44997316 1 0 1627779089
WALL 44997316 1 0 1627779090
WALL 44997316 1 0 1627779091
WALL 44997316 1 0 1627779092
WALL 44997316 1 0 1627779093
WALL 44997316 1 0 1627779094
WALL 44997316 1 0 1627779095
WALL 44997316 1 0 1627779096
WALL 44997316 1 0 1627779097
WALL 44997316 1 0 1627779098
WALL 44997316 1 0 1627779099
WALL 44997316 1 0 1627779100
WALL 44997316 1 0 1627779101
WALL 44997316 1 0 1627779102
WALL 44997316 1 0 1627779103
WALL 44997316 1 0 1627779104
WALL 44997316 1 0 1627779105
WALL 44997316 1 0 1627779106
WALL 44997316 1 0 1627779107
WALL 44997316 1 0 1627779108
WALL 44997316 1 0 1627779109
WALL 44997316 1 0 1627779110
WALL 44997316 1 0 1627779111
WALL 44997316 1 0 1627779112
WALL 44997316 1 0 1627779113
WALL 44997316 1 0 1627779114
WALL 44997316 1 0 1627779115
WALL 44997316 1 0 1627779116
WALL 44997316 1 0 1627779117
WALL 44997316 1 0 1627779118
WALL 44997316 1 0 1627779119
WALL 44997316 1 0 1627779120
WALL 44997316 1 0 1627779121
WALL 44997316 1 0 1627779122
WALL 44997316 1 0 1627779123
WALL 44997316 1 0 1627779124
WALL 44997316 1 0 1627779125
WALL 44997316 1 0 1627779126
WALL 44997316 1 0 1627779127
WALL 44997316 1 0 1627779128
WALL 44997316 1 0 1627779129
WALL 44997316 1 0 1627779130
WALL 44997316 1 0 1627779131
WALL 44997316 1 0 1627779132
WALL 44997316 1 0 1627779133
WALL 44997316 1 0 1627779134
WALL 44997316 1 0 1627779135
WALL 44997316 1 0 1627779136
WALL 44997316 1 0 1627779137
WALL 44997316 1 0 1627779138
WALL 44997316 1 0 1627779139
WALL 44997316 1 0 1627779140
WALL 44997316 1 0 1627779141
WALL 44997316 1 0 1627779142
WALL 44997316 1 0 1627779143
WALL 44997316 1 0 1627779144
WALL 44997316 1 0 1627779145
WALL 44997316 1 0 1627779146
WALL 44997316 1 0 1627779147
WALL 44997316 1 0 1627779148
WALL 44997316 1 0 1627779149
WALL 44997316 1 0 1627779150
WALL 44997316 1 0 1627779151
WALL 44997316 1 0 1627779152
WALL 44997316 1 0 1627779153
WALL 44997316 1 0 1627779154
WALL 44997316 1 0 1627779155
WALL 44997316 1 0 1627779156
WALL 44997316 1 0 1627779157
WALL 44997316 1 0 1627779158
WALL 44997316 1 0 1627779159
WALL 44997316 1 0 1627779160
WALL 44997316 1 0 1627779161
WALL 44997316 1 0 1627779162
WALL 44997316 1 0 1627779163
WALL 44997316 1 0 1627779164
WALL 44997316 1 0 1627779165
WALL 44997316 1 0 1627779166
WALL 44997316 1 0 1627779167
WALL 44997316 1 0 1627779168
WALL 44997316 1 0 1627779169
WALL 44997316 1 0 1627779170
WALL 44997316 1 0 1627779171
WALL 44997316 1 0 1627779172
WALL 44997316 1 0 1627779173
WALL 44997316 1 0 1627779174
WALL 44997316 1 0 1627779175
WALL 44997316 1 0 1627779176
WALL 44997316 1 0 1627779177
WALL 44997316 1 0 1627779178
WALL 44997316 1 0 1627779179
WALL 44997316 1 0 1627779180
WALL 44997316 1 0 1627779181
WALL 44997316 1 0 1627779182
WALL 44997316 1 0 1627779183
WALL 44997316 1 0 1627779184
WALL 44997316 1 0 1627779185
WALL 44997316 1 0 1627779186
WALL 44997316 1 0 1627779187
WALL 44997316 1 0 1627779188
WALL 44997316 1 0 1627779189
WALL 44997316 1 0 1627779190
WALL 44997316 1 0 1627779191
WALL 44997316 1 0 1627779192
WALL 44997316 1 0 1627779193
WALL 44997316 1 0 1627779194
WALL 44997316 1 0 1627779195
WALL 44997316 1 0 1627779196
WALL 44997316 1 0 1627779197
WALL 44997316 1 0 1627779198
WALL 44997316 1 0 1627779199
WALL 44997316 1 0 1627779200
WALL 44997316 1 0 1627779201
WALL 44997316 1 0 1627779202
WALL 44997316 1 0 1627779203
WALL 44997316 1 0 1627779204
WALL 44997316 1 0 1627779205
WALL 44997316 1 0 1627779206
WALL 44997316 1 0 1627779207
WALL 44997316 1 0 1627779208
WALL 44997316 1 0 1627779209
WALL 44997316 1 0 1627779210
WALL 44997316 1 0 1627779211
WALL 44997316 1 0 1627779212
WALL 44997316 1 0 1627779213
WALL 44997316 1 0 1627779214
WALL 44997316 1 0 1627779215
WALL 44997316 1 0 1627779216
WALL 44997316 1 0 1627779217
WALL 44997316 1 0 1627779218
WALL 44997316 1 0 1627779219
WALL 44997316 1 0 1627779220
WALL 44997316 1 0 1627779221
WALL 44997316 1 0 1627779222
WALL 44997316 1 0 1627779223
WALL 44997316 1 0 1627779224
WALL 44997316 1 0 1627779225
WALL 44997316 1 0 1627779226
WALL 44997316 1 0 1627779227
WALL 44997316 1 0 1627779228
WALL 44997316 1 0 1627779229
WALL 44997316 1 0 1627779230
WALL 44997316 1 0 1627779231
WALL 44997316 1 0 1627779232
WALL 44997316 1 0 1627779233
WALL 44997316 1 0 1627779234
WALL 44997316 1 0 1627779235
WALL 44997316 1 0 1627779236
WALL 44997316 1 0 1627779237
WALL 44997316 1 0 1627779238
WALL 44997316 1 0 1627779239
WALL 44997316 1 0 1627779240
WALL 44997316 1 0 1627779241
WALL 44997316 1 0 1627779242
WALL 44997316 1 0 1627779243
WALL 44997316 1 0 1627779244
WALL 44997316 1 0 1627779245
WALL 44997316 1 0 1627779246
WALL 44997316 1 0 1627779247
WALL 44997316 1 0 1627779248
WALL 44997316 1 0 1627779249
WALL 44997316 1 0 1627779250
WALL 44997316 1 0 1627779251
WALL 44997316 1 0 1627779252
WALL 44997316 1 0 1627779253
WALL 44997316 1 0 1627779254
WALL 44997316 1 0 1627779255
WALL 44997316 1 0 1627779256
WALL 44997316 1 0 1627779257
WALL 44997316 1 0 1627779258
WALL 44997316 1 0 1627779259
WALL 44997316 1 0 1627779260
WALL 44997316 1 0 1627779261
WALL 44997316 1 0 1627779262
WALL 44997316 1 0 1627779263
WALL 44997316 1 0 1627779264
WALL 44997316 1 0 1627779265
WALL 44997316 1 0 1627779266
WALL 44997316 1 0 1627779267
WALL 44997316 1 0 1627779268
WALL 44997316 1 0 1627779269
WALL 44997316 1 0 1627779270
WALL 44997316 1 0 1627779271
WALL 44997316 1 0 1627779272
WALL 44997316 1 0 1627779273
WALL 44997316 1 0 1627779274
WALL 44997316 1 0 1627779275
WALL 44997316 1 0 1627779276
WALL 44997316 1 0 1627779277
WALL 44997316 1 0 1627779278
WALL 44997316 1 0 1627779279
WALL 44997316 1 0 1627779280
WALL 44997316 1 0 1627779281
WALL 44997316 1 0 1627779282
WALL 44997316 1 0 1627779283
WALL 44997316 1 0 1627779284
WALL 44997316 1 0 1627779285
WALL 44997316 1 0 1627779286
WALL 44997316 1 0 1627779287
WALL 44997316 1 0 1627779288
WALL 44997316 1 0 1627779289
WALL 44997316 1 0 1627779290
WALL 44997316 1 0 1627779291
WALL 44997316 1 0 1627779292
WALL 44997316 1 0 1627779293
WALL 44997316 1 0 1627779294
WALL 44997316 1 0 1627779295
WALL 44997316 1 0 1627779296
WALL 44997316 1 0 1627779297
WALL 44997316 1 0 1627779298
WALL 44997316 1 0 1627779299
WALL 44997316 1 0 1627779300
WALL 44997316 1 0 1627779301
WALL 44997316 1 0 1627779302
WALL 44997316 1 0 1627779303
WALL 44997316 1 0 1627779304
WALL 44997316 1 0 1627779305
WALL 44997316 1 0 1627779306
WALL 44997316 1 0 1627779307
WALL 44997316 1 0 1627779308
WALL 44997316 1 0 1627779309
WALL 44997316 1 0 1627779310
WALL 44997316 1 0 1627779311
WALL 44997316 1 0 1627779312
WALL 44997316 1 0 1627779313
WALL 44997316 1 0 1627779314
WALL 44997316 1 0 1627779315
WALL 44997316 1 0 1627779316
WALL 44997316 1 0 1627779317
WALL 44997316 1 0 1627779318
WALL 44997316 1 0 1627779319
WALL 44997316 1 0 1627779320
WALL 44997316 1 0 1627779321
WALL 44997316 1 0 1627779322
WALL 44997316 1 0 1627779323
WALL 44997316 1 0 1627779324
WALL 44997316 1 0 1627779325
WALL 44997316 1 0 1627779326
WALL 44997316 1 0 1627779327
WALL 44997316 1 0 1627779328
WALL 44997316 1 0 1627779329
WALL 44997316 1 0 1627779330
WALL 44997316 1 0 1627779331
WALL 44997316 1 0 1627779332
WALL 44997316 1 0 1627779333
WALL 44997316 1 0 1627779334
WALL 44997316 1 0 1627779335
WALL 44997316 1 0 1627779336
WALL 44997316 1 0 1627779337
WALL 44997316 1 0 1627779338
WALL 44997316 1 0 1627779339
WALL 44997316 1 0 1627779340
WALL 44997316 1 0 1627779341
WALL 44997316 1 0 1627779342
WALL 44997316 1 0 1627779343
WALL 44997316 1 0 1627779344
WALL 44997316 1 0 1627779345
WALL 44997316 1 0 1627779346
WALL 44997316 1 0 1627779347
WALL 44997316 1 0 1627779348
WALL 44997316 1 0 1627779349
WALL 44997316 1 0 1627779350
WALL 44997316 1 0 1627779351
WALL 44997316 1 0 1627779352
WALL 44997316 1 0 1627779353
WALL 44997316 1 0 1627779354
WALL 44997316 1 0 1627779355
WALL 44997316 1 0 1627779356
WALL 44997316 1 0 1627779357
WALL 44997316 1 0 1627779358
WALL 44997316 1 0 1627779359
WALL 44997316 1 0 1627779360
WALL 44997316 1 0 1627779361
WALL 44997316 1 0 1627779362
WALL 44997316 1 0 1627779363
WALL 44997316 1 0 1627779364
WALL 44997316 1 0 1627779365
WALL 44997316 1 0 1627779366
WALL 44997316 1 0 1627779367
WALL 44997316 1 0 1627779368
WALL 44997316 1 0 1627779369
WALL 44997316 1 0 1627779370
WALL 44997316 1 0 1627779371
WALL 44997316 1 0 1627779372
WALL 44997316 1 0 1627779373
WALL 44997316 1 0 1627779374
WALL 44997316 1 0 1627779375
WALL 44997316 1 0 1627779376
WALL 44997316 1 0 1627779377
WALL 44997316 1 0 1627779378
WALL 44997316 1 0 1627779379
WALL 44997316 1 0 1627779380
WALL 44997316 1 0 1627779381
WALL 44997316 1 0 1627779382
WALL 44997316 1 0 1627779383
WALL 44997316 1 0 1627779384
WALL 44997316 1 0 1627779385
WALL 44997316 1 0 1627779386
WALL 44997316 1 0 1627779387
WALL 44997316 1 0 1627779388
WALL 44997316 1 0 1627779389
WALL 44997316 1 0 1627779390
WALL 44997316 1 0 1627779391
WALL 44997316 1 0 1627779392
WALL 44997316 1 0 1627779393
WALL 44997316 1 0 1627779394
WALL 44997316 1 0 1627779395
WALL 44997316 1 0 1627779396
WALL 44997316 1 0 1627779397
WALL 44997316 1 0 1627779398
WALL 44997316 1 0 1627779399
WALL 44997316 1 0 1627779400
WALL 44997316 1 0 1627779401
WALL 44997316 1 0 1627779402
WALL 44997316 1 0 1627779403
WALL 44997316 1 0 1627779404
WALL 44997316 1 0 1627779405
WALL 44997316 1 0 1627779406
WALL 44997316 1 0 1627779407
WALL 44997316 1 0 1627779408
WALL 44997316 1 0 1627779409
WALL 44997316 1 0 1627779410
WALL 44997316 1 0 1627779411
WALL 44997316 1 0 1627779412
WALL 44997316 1 0 1627779413
WALL 44997316 1 0 1627779414
WALL 44997316 1 0 1627779415
WALL 44997316 1 0 1627779416
WALL 44997316 1 0 1627779417
WALL 44997316 1 0 1627779418
WALL 44997316 1 0 1627779419
WALL 44997316 1 0 1627779420
WALL 44997316 1 0 1627779421
WALL 44997316 1 0 1627779422
WALL 44997316 1 0 1627779423
WALL 44997316 1 0 1627779424
WALL 44997316 1 0 1627779425
WALL 44997316 1 0 1627779426
WALL 44997316 1 0 1627779427
WALL 44997316 1 0 1627779428
WALL 44997316 1 0 1627779429
WALL 44997316 1 0 1627779430
WALL 44997316 1 0 1627779431
WALL 44997316 1 0 1627779432
WALL 44997316 1 0 1627779433
WALL 44997316 1 0 1627779434
WALL 44997316 1 0 1627779435
WALL 44997316 1 0 1627779436
WALL 44997316 1 0 1627779437
WALL 44997316 1 0 1627779438
WALL 44997316 1 0 1627779439
WALL 44997316 1 0 1627779440
WALL 44997316 1 0 1627779441
WALL 44997316 1 0 1627779442
WALL 44997316 1 0 1627779443
WALL 44997316 1 0 1627779444
WALL 44997316 1 0 1627779445
WALL 44997316 1 0 1627779446
WALL 44997316 1 0 1627779447
WALL 44997316 1 0 1627779448
WALL 44997316 1 0 1627779449
WALL 44997316 1 0 1627779450
WALL 44997316 1 0 1627779451
WALL 44997316 1 0 1627779452
WALL 44997316 1 0 1627779453
WALL 44997316 1 0 1627779454
WALL 44997316 1 0 1627779455
WALL 44997316 1 0 1627779456
WALL 44997316 1 0 1627779457
WALL 44997316 1 0 1627779458
WALL 44997316 1 0 1627779459
WALL 44997316 1 0 1627779460
WALL 44997316 1 0 1627779461
WALL 44997316 1 0 1627779462
WALL 44997316 1 0 1627779463
WALL 44997316 1 0 1627779464
WALL 44997316 1 0 1627779465
WALL 44997316 1 0 1627779466
WALL 44997316 1 0 1627779467
WALL 44997316 1 0 1627779468
WALL 44997316 1 0 1627779469
WALL 44997316 1 0 1627779470
WALL 44997316 1 0 1627779471
WALL 44997316 1 0 1627779472
WALL 44997316 1 0 1627779473
WALL 44997316 1 0 1627779474
WALL 44997316 1 0 1627779475
WALL 44997316 1 0 1627779476
WALL 44997316 1 0 1627779477
WALL 44997316 1 0 1627779478
WALL 44997316 1 0 1627779479
WALL 44997316 1 0 1627779480
WALL 44997316 1 0 1627779481
WALL 44997316 1 0 1627779482
WALL 44997316 1 0 1627779483
WALL 44997316 1 0 1627779484
WALL 44997316 1 0 1627779485
WALL 44997316 1 0 1627779486
WALL 44997316 1 0 1627779487
WALL 44997316 1 0 1627779488
WALL 44997316 1 0 1627779489
WALL 44997316 1 0 1627779490
WALL 44997316 1 0 1627779491
WALL 44997316 1 0 1627779492
WALL 44997316 1 0 1627779493
WALL 44997316 1 0 1627779494
WALL 44997316 1 0 1627779495
WALL 44997316 1 0 1627779496
WALL 44997316 1 0 1627779497
WALL 44997316 1 0 1627779498
WALL 44997316 1 0 1627779499
WALL 44997316 1 0 1627779500
WALL 44997316 1 0 1627779501
WALL 44997316 1 0 1627779502
WALL 44997316 1 0 1627779503
WALL 44997316 1 0 1627779504
WALL 44997316 1 0 1627779505
WALL 44997316 1 0 1627779506
WALL 44997316 1 0 1627779507
WALL 44997316 1 0 1627779508
WALL 44997316 1 0 1627779509
WALL 44997316 1 0 1627779510
WALL 44997316 1 0 1627779511
WALL 44997316 1 0 1627779512
WALL 44997316 1 0 1627779513
WALL 44997316 1 0 1627779514
WALL 44997316 1 0 1627779515
WALL 44997316 1 0 1627779516
WALL 44997316 1 0 1627779517
WALL 44997316 1 0 1627779518
WALL 44997316 1 0 1627779519
WALL 44997316 1 0 1627779520
WALL 44997316 1 0 1627779521
WALL 44997316 1 0 1627779522
WALL 44997316 1 0 1627779523
WALL 44997316 1 0 1627779524
WALL 44997316 1 0 1627779525
WALL 44997316 1 0 1627779526
WALL 44997316 1 0 1627779527
WALL 44997316 1 0 1627779528
WALL 44997316 1 0 1627779529
WALL 44997316 1 0 1627779530
WALL 44997316 1 0 1627779531
WALL 44997316 1 0 1627779532
WALL 44997316 1 0 1627779533
WALL 44997316 1 0 1627779534
WALL 44997316 1 0 1627779535
WALL 44997316 1 0 1627779536
WALL 44997316 1 0 1627779537
WALL 44997316 1 0 1627779538
WALL 44997316 1 0 1627779539
WALL 44997316 1 0 1627779540
WALL 44997316 1 0 1627779541
WALL 44997316 1 0 1627779542
WALL 44997316 1 0 1627779543
WALL 44997316 1 0 1627779544
WALL 44997316 1 0 1627779545
WALL 44997316 1 0 1627779546
WALL 44997316 1 0 1627779547
WALL 44997316 1 0 1627779548
WALL 44997316 1 0 1627779549
WALL 44997316 1 0 1627779550
WALL 44997316 1 0 1627779551
WALL 44997316 1 0 1627779552
WALL 44997316 1 0 1627779553
WALL 44997316 1 0 1627779554
WALL 44997316 1 0 1627779555
WALL 44997316 1 0 1627779556
WALL 44997316 1 0 1627779557
WALL 44997316 1 0 1627779558
WALL 44997316 1 0 1627779559
WALL 44997316 1 0 1627779560
WALL 44997316 1 0 1627779561
WALL 44997316 1 0 1627779562
WALL 44997316 1 0 1627779563
WALL 44997316 1 0 1627779564
WALL 44997316 1 0 1627779565
WALL 44997316 1 0 1627779566
WALL 44997316 1 0 1627779567
WALL 44997316 1 0 1627779568
WALL 44997316 1 0 1627779569
WALL 44997316 1 0 1627779570
WALL 44997316 1 0 1627779571
WALL 44997316 1 0 1627779572
WALL 44997316 1 0 1627779573
WALL 44997316 1 0 1627779574
WALL 44997316 1 0 1627779575
WALL 44997316 1 0 1627779576
WALL 44997316 1 0 1627779577
WALL 44997316 1 0 1627779578
WALL 44997316 1 0 1627779579
WALL 44997316 1 0 1627779580
WALL 44997316 1 0 1627779581
WALL 44997316 1 0 1627779582
WALL 44997316 1 0 1627779583
WALL 44997316 1 0 1627779584
WALL 44997316 1 0 1627779585
WALL 44997316 1 0 1627779586
WALL 44997316 1 0 1627779587
WALL 44997316 1 0 1627779588
WALL 44997316 1 0 1627779589
WALL 44997316 1 0 1627779590
WALL 44997316 1 0 1627779591
WALL 44997316 1 0 1627779592
WALL 44997316 1 0 1627779593
WALL 44997316 1 0 1627779594
WALL 44997316 1 0 1627779595
WALL 44997316 1 0 1627779596
WALL 44997316 1 0 1627779597
WALL 44997316 1 0 1627779598
WALL 44997316 1 0 1627779599
WALL 44997316 1 0 1627779600
WALL 44997316 1 0 1627779601
WALL 44997316 1 0 1627779602
WALL 44997316 1 0 1627779603
WALL 44997316 1 0 1627779604
WALL 44997316 1 0 1627779605
WALL 44997316 1 0 1627779606
WALL 44997316 1 0 1627779607
WALL 44997316 1 0 1627779608
WALL 44997316 1 0 1627779609
WALL 44997316 1 0 1627779610
WALL 44997316 1 0 1627779611
WALL 44997316 1 0 1627779612
WALL 44997316 1 0 1627779613
WALL 44997316 1 0 1627779614
WALL 44997316 1 0 1627779615
WALL 44997316 1 0 1627779616
WALL 44997316 1 0 1627779617
WALL 44997316 1 0 1627779618
WALL 44997316 1 0 1627779619
WALL 44997316 1 0 1627779620
WALL 44997316 1 0 1627779621
WALL 44997316 1 0 1627779622
WALL 44997316 1 0 1627779623
WALL 44997316 1 0 1627779624
WALL 44997316 1 0 1627779625
WALL 44997316 1 0 1627779626
WALL 44997316 1 0 1627779627
WALL 44997316 1 0 1627779628
WALL 44997316 1 0 1627779629
WALL 44997316 1 0 1627779630
WALL 44997316 1 0 1627779631
WALL 44997316 1 0 1627779632
WALL 44997316 1 0 1627779633
WALL 44997316 1 0 1627779634
WALL 44997316 1 0 1627779635
WALL 44997316 1 0 1627779636
WALL 44997316 1 0 1627779637
WALL 44997316 1 0 1627779638
WALL 44997316 1 0 1627779639
WALL 44997316 1 0 1627779640
WALL 44997316 1 0 1627779641
WALL 44997316 1 0 1627779642
WALL 44997316 1 0 1627779643
WALL 44997316 1 0 1627779644
WALL 44997316 1 0 1627779645
WALL 44997316 1 0 1627779646
WALL 44997316 1 0 1627779647
WALL 44997316 1 0 1627779648
WALL 44997316 1 0 1627779649
WALL 44997316 1 0 1627779650
WALL 44997316 1 0 1627779651
WALL 44997316 1 0 1627779652
WALL 44997316 1 0 1627779653
WALL 44997316 1 0 1627779654
WALL 44997316 1 0 1627779655
WALL 44997316 1 0 1627779656
WALL 44997316 1 0 1627779657
WALL 44997316 1 0 1627779658
WALL 44997316 1 0 1627779659
WALL 44997316 1 0 1627779660
WALL 44997316 1 0 1627779661
WALL 44997316 1 0 1627779662
WALL 44997316 1 0 1627779663
WALL 44997316 1 0 1627779664
WALL 44997316 1 0 1627779665
WALL 44997316 1 0 1627779666
WALL 44997316 1 0 1627779667
WALL 44997316 1 0 1627779668
WALL 44997316 1 0 1627779669
WALL 44997316 1 0 1627779670
WALL 44997316 1 0 1627779671
WALL 44997316 1 0 1627779672
WALL 44997316 1 0 1627779673
WALL 44997316 1 0 1627779674
WALL 44997316 1 0 1627779675
WALL 44997316 1 0 1627779676
WALL 44997316 1 0 1627779677
WALL 44997316 1 0 1627779678
WALL 44997316 1 0 1627779679
WALL 44997316 1 0 1627779680
WALL 44997316 1 0 1627779681
WALL 44997316 1 0 1627779682
WALL 44997316 1 0 1627779683
WALL 44997316 1 0 1627779684
WALL 44997316 1 0 1627779685
WALL 44997316 1 0 1627779686
WALL 44997316 1 0 1627779687
WALL 44997316 1 0 1627779688
WALL 44997316 1 0 1627779689
WALL 44997316 1 0 1627779690
WALL 44997316 1 0 1627779691
WALL 44997316 1 0 1627779692
WALL 44997316 1 0 1627779693
WALL 44997316 1 0 1627779694
WALL 44997316 1 0 1627779695
WALL 44997316 1 0 1627779696
WALL 44997316 1 0 1627779697
WALL 44997316 1 0 1627779698
WALL 44997316 1 0 1627779699
WALL 44997316 1 0 1627779700
WALL 44997316 1 0 1627779701
WALL 44997316 1 0 1627779702
WALL 44997316 1 0 1627779703
WALL 44997316 1 0 1627779704
WALL 44997316 1 0 1627779705
WALL 44997316 1 0 1627779706
WALL 44997316 1 0 1627779707
WALL 44997316 1 0 1627779708
WALL 44997316 1 0 1627779709
WALL 44997316 1 0 1627779710
WALL 44997316 1 0 1627779711
WALL 44997316 1 0 1627779712
WALL 44997316 1 0 1627779713
WALL 44997316 1 0 1627779714
WALL 44997316 1 0 1627779715
WALL 44997316 1 0 1627779716
WALL 44997316 1 0 1627779717
WALL 44997316 1 0 1627779718
WALL 44997316 1 0 1627779719
WALL 44997316 1 0 1627779720
WALL 44997316 1 0 1627779721
WALL 44997316 1 0 1627779722
WALL 44997316 1 0 1627779723
WALL 44997316 1 0 1627779724
WALL 44997316 1 0 1627779725
WALL 44997316 1 0 1627779726
WALL 44997316 1 0 1627779727
WALL 44997316 1 0 1627779728
WALL 44997316 1 0 1627779729
WALL 44997316 1 0 1627779730
WALL 44997316 1 0 1627779731
WALL 44997316 1 0 1627779732
WALL 44997316 1 0 1627779733
WALL 44997316 1 0 1627779734
WALL 44997316 1 0 1627779735
WALL 44997316 1 0 1627779736
WALL 44997316 1 0 1627779737
WALL 44997316 1 0 1627779738
WALL 44997316 1 0 1627779739
WALL 44997316 1 0 1627779740
WALL 44997316 1 0 1627779741
WALL 44997316 1 0 1627779742
WALL 44997316 1 0 1627779743
WALL 44997316 1 0 1627779744
WALL 44997316 1 0 1627779745
WALL 44997316 1 0 1627779746
WALL 44997316 1 0 1627779747
WALL 44997316 1 0 1627779748
WALL 44997316 1 0 1627779749
WALL 44997316 1 0 1627779750
WALL 44997316 1 0 1627779751
WALL 44997316 1 0 1627779752
WALL 44997316 1 0 1627779753
WALL 44997316 1 0 1627779754
WALL 44997316 1 0 1627779755
WALL 44997316 1 0 1627779756
WALL 44997316 1 0 1627779757
WALL 44997316 1 0 1627779758
WALL 44997316 1 0 1627779759
WALL 44997316 1 0 1627779760
WALL 44997316 1 0 1627779761
WALL 44997316 1 0 1627779762
WALL 44997316 1 0 1627779763
WALL 44997316 1 0 1627779764
WALL 44997316 1 0 1627779765
WALL 44997316 1 0 1627779766
WALL 44997316 1 0 1627779767
WALL 44997316 1 0 1627779768
WALL 44997316 1 0 1627779769
WALL 44997316 1 0 1627779770
WALL 44997316 1 0 1627779771
WALL 44997316 1 0 1627779772
WALL 44997316 1 0 1627779773
WALL 44997316 1 0 1627779774
WALL 44997316 1 0 1627779775
WALL 44997316 1 0 1627779776
WALL 44997316 1 0 1627779777
WALL 44997316 1 0 1627779778
WALL 44997316 1 0 1627779779
WALL 44997316 1 0 1627779780
WALL 44997316 1 0 1627779781
WALL 44997316 1 0 1627779782
WALL 44997316 1 0 1627779783
WALL 44997316 1 0 1627779784
WALL 44997316 1 0 1627779785
WALL 44997316 1 0 1627779786
WALL 44997316 1 0 1627779787
WALL 44997316 1 0 1627779788
WALL 44997316 1 0 1627779789
WALL 44997316 1 0 1627779790
WALL 44997316 1 0 1627779791
WALL 44997316 1 0 1627779792
WALL 44997316 1 0 1627779793
WALL 44997316 1 0 1627779794
WALL 44997316 1 0 1627779795
WALL 44997316 1 0 1627779796
WALL 44997316 1 0 1627779797
WALL 44997316 1 0 1627779798
WALL 44997316 1 0 1627779799
WALL 44997316 1 0 1627779800
WALL 44997316 1 0 1627779801
WALL 44997316 1 0 1627779802
WALL 44997316 1 0 1627779803
WALL 44997316 1 0 1627779804
WALL 44997316 1 0 1627779805
WALL 44997316 1 0 1627779806
WALL 44997316 1 0 1627779807
WALL 44997316 1 0 1627779808
WALL 44997316 1 0 1627779809
WALL 44997316 1 0 1627779810
WALL 44997316 1 0 1627779811
WALL 44997316 1 0 1627779812
WALL 44997316 1 0 1627779813
WALL 44997316 1 0 1627779814
WALL 44997316 1 0 1627779815
WALL 44997316 1 0 1627779816
WALL 44997316 1 0 1627779817
WALL 44997316 1 0 1627779818
WALL 44997316 1 0 1627779819
WALL 44997316 1 0 1627779820
WALL 44997316 1 0 1627779821
WALL 44997316 1 0 1627779822
WALL 44997316 1 0 1627779823
WALL 44997316 1 0 1627779824
WALL 44997316 1 0 1627779825
WALL 44997316 1 0 1627779826
WALL 44997316 1 0 1627779827
WALL 44997316 1 0 1627779828
WALL 44997316 1 0 1627779829
WALL 44997316 1 0 1627779830
WALL 44997316 1 0 1627779831
WALL 44997316 1 0 1627779832
WALL 44997316 1 0 1627779833
WALL 44997316 1 0 1627779834
WALL 44997316 1 0 1627779835
WALL 44997316 1 0 1627779836
WALL 44997316 1 0 1627779837
WALL 44997316 1 0 1627779838
WALL 44997316 1 0 1627779839
WALL 44997316 1 0 1627779840
WALL 44997316 1 0 1627779841
WALL 44997316 1 0 1627779842
WALL 44997316 1 0 1627779843
WALL 44997316 1 0 1627779844
WALL 44997316 1 0 1627779845
WALL 44997316 1 0 1627779846
WALL 44997316 1 0 1627779847
WALL 44997316 1 0 1627779848
WALL 44997316 1 0 1627779849
WALL 44997316 1 0 1627779850
WALL 44997316 1 0 1627779851
WALL 44997316 1 0 1627779852
WALL 44997316 1 0 1627779853
WALL 44997316 1 0 1627779854
WALL 44997316 1 0 1627779855
WALL 44997316 1 0 1627779856
WALL 44997316 1 0 1627779857
WALL 44997316 1 0 1627779858
WALL 44997316 1 0 1627779859
WALL 44997316 1 0 1627779860
WALL 44997316 1 0 1627779861
WALL 44997316 1 0 1627779862
WALL 44997316 1 0 1627779863
WALL 44997316 1 0 1627779864
WALL 44997316 1 0 1627779865
WALL 44997316 1 0 1627779866
WALL 44997316 1 0 1627779867
WALL 44997316 1 0 1627779868
WALL 44997316 1 0 1627779869
WALL 44997316 1 0 1627779870
WALL 44997316 1 0 1627779871
WALL 44997316 1 0 1627779872
WALL 44997316 1 0 1627779873
WALL 44997316 1 0 1627779874
WALL 44997316 1 0 1627779875
WALL 44997316 1 0 1627779876
WALL 44997316 1 0 1627779877
WALL 44997316 1 0 1627779878
WALL 44997316 1 0 1627779879
WALL 44997316 1 0 1627779880
WALL 44997316 1 0 1627779881
WALL 44997316 1 0 1627779882
WALL 44997316 1 0 1627779883
WALL 44997316 1 0 1627779884
WALL 44997316 1 0 1627779885
WALL 44997316 1 0 1627779886
WALL 44997316 1 0 1627779887
WALL 44997316 1 0 1627779888
WALL 44997316 1 0 1627779889
WALL 44997316 1 0 1627779890
WALL 44997316 1 0 1627779891
WALL 44997316 1 0 1627779892
WALL 44997316 1 0 1627779893
WALL 44997316 1 0 1627779894
WALL 44997316 1 0 1627779895
WALL 44997316 1 0 1627779896
WALL 44997316 1 0 1627779897
WALL 44997316 1 0 1627779898
WALL 44997316 1 0 1627779899
WALL 44997316 1 0 1627779900
WALL 44997316 1 0 1627779901
WALL 44997316 1 0 1627779902
WALL 44997316 1 0 1627779903
WALL 44997316 1 0 1627779904
WALL 44997316 1 0 1627779905
WALL 44997316 1 0 1627779906
WALL 44997316 1 0 1627779907
WALL 44997316 1 0 1627779908
WALL 44997316 1 0 1627779909
WALL 44997316 1 0 1627779910
WALL 44997316 1 0 1627779911
WALL 44997316 1 0 1627779912
WALL 44997316 1 0 1627779913
WALL 44997316 1 0 1627779914
WALL 44997316 1 0 1627779915
WALL 44997316 1 0 1627779916
WALL 44997316 1 0 1627779917
WALL 44997316 1 0 1627779918
WALL 44997316 1 0 1627779919
WALL 44997316 1 0 1627779920
WALL 44997316 1 0 1627779921
WALL 44997316 1 0 1627779922
WALL 44997316 1 0 1627779923
WALL 44997316 1 0 1627779924
WALL 44997316 1 0 1627779925
WALL 44997316 1 0 1627779926
WALL 44997316 1 0 1627779927
WALL 44997316 1 0 1627779928
WALL 44997316 1 0 1627779929
WALL 44997316 1 0 1627779930
WALL 44997316 1 0 1627779931
WALL 44997316 1 0 1627779932
WALL 44997316 1 0 1627779933
WALL 44997316 1 0 1627779934
WALL 44997316 1 0 1627779935
WALL 44997316 1 0 1627779936
WALL 44997316 1 0 1627779937
WALL 44997316 1 0 1627779938
WALL 44997316 1 0 1627779939
WALL 44997316 1 0 1627779940
WALL 44997316 1 0 1627779941
WALL 44997316 1 0 1627779942
WALL 44997316 1 0 1627779943
WALL 44997316 1 0 1627779944
WALL 44997316 1 0 1627779945
WALL 44997316 1 0 1627779946
WALL 44997316 1 0 1627779947
WALL 44997316 1 0 1627779948
WALL 44997316 1 0 1627779949
WALL 44997316 1 0 1627779950
WALL 44997316 1 0 1627779951
WALL 44997316 1 0 1627779952
WALL 44997316 1 0 1627779953
WALL 44997316 1 0 1627779954
WALL 44997316 1 0 1627779955
WALL 44997316 1 0 1627779956
WALL 44997316 1 0 1627779957
WALL 44997316 1 0 1627779958
WALL 44997316 1 0 1627779959
WALL 44997316 1 0 1627779960
WALL 44997316 1 0 1627779961
WALL 44997316 1 0 1627779962
WALL 44997316 1 0 1627779963
WALL 44997316 1 0 1627779964
WALL 44997316 1 0 1627779965
WALL 44997316 1 0 1627779966
WALL 44997316 1 0 1627779967
WALL 44997316 1 0 1627779968
WALL 44997316 1 0 1627779969
WALL 44997316 1 0 1627779970
WALL 44997316 1 0 1627779971
WALL 44997316 1 0 1627779972
WALL 44997316 1 0 1627779973
WALL 44997316 1 0 1627779974
WALL 44997316 1 0 1627779975
WALL 44997316 1 0 1627779976
WALL 44997316 1 0 1627779977
WALL 44997316 1 0 1627779978
WALL 44997316 1 0 1627779979
WALL 44997316 1 0 1627779980
WALL 44997316 1 0 1627779981
WALL 44997316 1 0 1627779982
WALL 44997316 1 0 1627779983
WALL 44997316 1 0 1627779984
WALL 44997316 1 0 1627779985
WALL 44997316 1 0 1627779986
WALL 44997316 1 0 1627779987
WALL 44997316 1 0 1627779988
WALL 44997316 1 0 1627779989
WALL 44997316 1 0 1627779990
WALL 44997316 1 0 1627779991
WALL 44997316 1 0 1627779992
WALL 44997316 1 0 1627779993
WALL 44997316 1 0 1627779994
WALL 44997316 1 0 1627779995
WALL 44997316 1 0 1627779996
WALL 44997316 1 0 1627779997
WALL 44997316 1 0 1627779998
WALL 44997316 1 0 1627779999
WALL 44997316 1 0 1627780000
WALL 44997316 1 0 1627780001
WALL 44997316 1 0 1627780002
WALL 44997316 1 0 1627780003
WALL 44997316 1 0 1627780004
WALL 44997316 1 0 1627780005
WALL 44997316 1 0 1627780006
WALL 44997316 1 0 1627780007
WALL 44997316 1 0 1627780008
WALL 44997316 1 0 1627780009
WALL 44997316 1 0 1627780010
WALL 44997316 1 0 1627780011
WALL 44997316 1 0 1627780012
WALL 44997316 1 0 1627780013
WALL 44997316 1 0 1627780014
WALL 44997316 1 0 1627780015
WALL 44997316 1 0 1627780016
WALL 44997316 1 0 1627780017
WALL 44997316 1 0 1627780018
WALL 44997316 1 0 1627780019
WALL 44997316 1 0 1627780020
WALL 44997316 1 0 1627780021
WALL 44997316 1 0 1627780022
WALL 44997316 1 0 1627780023
WALL 44997316 1 0 1627780024
WALL 44997316 1 0 1627780025
WALL 44997316 1 0 1627780026
WALL 44997316 1 0 1627780027
WALL 44997316 1 0 1627780028
WALL 44997316 1 0 1627780029
WALL 44997316 1 0 1627780030
WALL 44997316 1 0 1627780031
WALL 44997316 1 0 1627780032
WALL 44997316 1 0 1627780033
WALL 44997316 1 0 1627780034
WALL 44997316 1 0 1627780035
WALL 44997316 1 0 1627780036
WALL 44997316 1 0 1627780037
WALL 44997316 1 0 1627780038
WALL 44997316 1 0 1627780039
WALL 44997316 1 0 1627780040
WALL 44997316 1 0 1627780041
WALL 44997316 1 0 1627780042
WALL 44997316 1 0 1627780043
WALL 44997316 1 0 1627780044
WALL 44997316 1 0 1627780045
WALL 44997316 1 0 1627780046
WALL 44997316 1 0 1627780047
WALL 44997316 1 0 1627780048
WALL 44997316 1 0 1627780049
WALL 44997316 1 0 1627780050
WALL 44997316 1 0 1627780051
WALL 44997316 1 0 1627780052
WALL 44997316 1 0 1627780053
WALL 44997316 1 0 1627780054
WALL 44997316 1 0 1627780055
WALL 44997316 1 0 1627780056
WALL 44997316 1 0 1627780057
WALL 44997316 1 0 1627780058
WALL 44997316 1 0 1627780059
WALL 44997316 1 0 1627780060
WALL 44997316 1 0 1627780061
WALL 44997316 1 0 1627780062
WALL 44997316 1 0 1627780063
WALL 44997316 1 0 1627780064
WALL 44997316 1 0 1627780065
WALL 44997316 1 0 1627780066
WALL 44997316 1 0 1627780067
WALL 44997316 1 0 1627780068
WALL 44997316 1 0 1627780069
WALL 44997316 1 0 1627780070
WALL 44997316 1 0 1627780071
WALL 44997316 1 0 1627780072
WALL 44997316 1 0 1627780073
WALL 44997316 1 0 1627780074
WALL 44997316 1 0 1627780075
WALL 44997316 1 0 1627780076
WALL 44997316 1 0 1627780077
WALL 44997316 1 0 1627780078
WALL 44997316 1 0 1627780079
WALL 44997316 1 0 1627780080
WALL 44997316 1 0 1627780081
WALL 44997316 1 0 1627780082
WALL 44997316 1 0 1627780083
WALL 44997316 1 0 1627780084
WALL 44997316 1 0 1627780085
WALL 44997316 1 0 1627780086
WALL 44997316 1 0 1627780087
WALL 44997316 1 0 1627780088
WALL 44997316 1 0 1627780089
WALL 44997316 1 0 1627780090
WALL 44997316 1 0 1627780091
WALL 44997316 1 0 1627780092
WALL 44997316 1 0 1627780093
WALL 44997316 1 0 1627780094
WALL 44997316 1 0 1627780095
WALL 44997316 1 0 1627780096
WALL 44997316 1 0 1627780097
WALL 44997316 1 0 1627780098
WALL 44997316 1 0 1627780099
WALL 44997316 1 0 1627780100
WALL 44997316 1 0 1627780101
WALL 44997316 1 0 1627780102
WALL 44997316 1 0 1627780103
WALL 44997316 1 0 1627780104
WALL 44997316 1 0 1627780105
WALL 44997316 1 0 1627780106
WALL 44997316 1 0 1627780107
WALL 44997316 1 0 1627780108
WALL 44997316 1 0 1627780109
WALL 44997316 1 0 1627780110
WALL 44997316 1 0 1627780111
WALL 44997316 1 0 1627780112
WALL 44997316 1 0 1627780113
WALL 44997316 1 0 1627780114
WALL 44997316 1 0 1627780115
WALL 44997316 1 0 1627780116
WALL 44997316 1 0 1627780117
WALL 44997316 1 0 1627780118
WALL 44997316 1 0 1627780119
WALL 44997316 1 0 1627780120
WALL 44997316 1 0 1627780121
WALL 44997316 1 0 1627780122
WALL 44997316 1 0 1627780123
WALL 44997316 1 0 1627780124
WALL 44997316 1 0 1627780125
WALL 44997316 1 0 1627780126
WALL 44997316 1 0 1627780127
WALL 44997316 1 0 1627780128
WALL 44997316 1 0 1627780129
WALL 44997316 1 0 1627780130
WALL 44997316 1 0 1627780131
WALL 44997316 1 0 1627780132
WALL 44997316 1 0 1627780133
WALL 44997316 1 0 1627780134
WALL 44997316 1 0 1627780135
WALL 44997316 1 0 1627780136
WALL 44997316 1 0 1627780137
WALL 44997316 1 0 1627780138
WALL 44997316 1 0 1627780139
WALL 44997316 1 0 1627780140
WALL 44997316 1 0 1627780141
WALL 44997316 1 0 1627780142
WALL 44997316 1 0 1627780143
WALL 44997316 1 0 1627780144
WALL 44997316 1 0 1627780145
WALL 44997316 1 0 1627780146
WALL 44997316 1 0 1627780147
WALL 44997316 1 0 1627780148
WALL 44997316 1 0 1627780149
WALL 44997316 1 0 1627780150
WALL 44997316 1 0 1627780151
WALL 44997316 1 0 1627780152
WALL 44997316 1 0 1627780153
WALL 44997316 1 0 1627780154
WALL 44997316 1 0 1627780155
WALL 44997316 1 0 1627780156
WALL 44997316 1 0 1627780157
WALL 44997316 1 0 1627780158
WALL 44997316 1 0 1627780159
WALL 44997316 1 0 1627780160
WALL 44997316 1 0 1627780161
WALL 44997316 1 0 1627780162
WALL 44997316 1 0 1627780163
WALL 44997316 1 0 1627780164
WALL 44997316 1 0 1627780165
WALL 44997316 1 0 1627780166
WALL 44997316 1 0 1627780167
WALL 44997316 1 0 1627780168
WALL 44997316 1 0 1627780169
WALL 44997316 1 0 1627780170
WALL 44997316 1 0 1627780171
WALL 44997316 1 0 1627780172
WALL 44997316 1 0 1627780173
WALL 44997316 1 0 1627780174
WALL 44997316 1 0 1627780175
WALL 44997316 1 0 1627780176
WALL 44997316 1 0 1627780177
WALL 44997316 1 0 1627780178
WALL 44997316 1 0 1627780179
WALL 44997316 1 0 1627780180
WALL 44997316 1 0 1627780181
WALL 44997316 1 0 1627780182
WALL 44997316 1 0 1627780183
WALL 44997316 1 0 1627780184
WALL 44997316 1 0 1627780185
WALL 44997316 1 0 1627780186
WALL 44997316 1 0 1627780187
WALL 44997316 1 0 1627780188
WALL 44997316 1 0 1627780189
WALL 44997316 1 0 1627780190
WALL 44997316 1 0 1627780191
WALL 44997316 1 0 1627780192
WALL 44997316 1 0 1627780193
WALL 44997316 1 0 1627780194
WALL 44997316 1 0 1627780195
WALL 44997316 1 0 1627780196
WALL 44997316 1 0 1627780197
WALL 44997316 1 0 1627780198
WALL 44997316 1 0 1627780199
WALL 44997316 1 0 1627780200
WALL 44997316 1 0 1627780201
WALL 44997316 1 0 1627780202
WALL 44997316 1 0 1627780203
WALL 44997316 1 0 1627780204
WALL 44997316 1 0 1627780205
WALL 44997316 1 0 1627780206
WALL 44997316 1 0 1627780207
WALL 44997316 1 0 1627780208
WALL 44997316 1 0 1627780209
WALL 44997316 1 0 1627780210
WALL 44997316 1 0 1627780211
WALL 44997316 1 0 1627780212
WALL 44997316 1 0 1627780213
WALL 44997316 1 0 1627780214
WALL 44997316 1 0 1627780215
WALL 44997316 1 0 1627780216
WALL 44997316 1 0 1627780217
WALL 44997316 1 0 1627780218
WALL 44997316 1 0 1627780219
WALL 44997316 1 0 1627780220
WALL 44997316 1 0 1627780221
WALL 44997316 1 0 1627780222
WALL 44997316 1 0 1627780223
WALL 44997316 1 0 1627780224
WALL 44997316 1 0 1627780225
WALL 44997316 1 0 1627780226
WALL 44997316 1 0 1627780227
WALL 44997316 1 0 1627780228
WALL 44997316 1 0 1627780229
WALL 44997316 1 0 1627780230
WALL 44997316 1 0 1627780231
WALL 44997316 1 0 1627780232
WALL 44997316 1 0 1627780233
WALL 44997316 1 0 1627780234
WALL 44997316 1 0 1627780235
WALL 44997316 1 0 1627780236
WALL 44997316 1 0 1627780237
WALL 44997316 1 0 1627780238
WALL 44997316 1 0 1627780239
WALL 44997316 1 0 1627780240
WALL 44997316 1 0 1627780241
WALL 44997316 1 0 1627780242
WALL 44997316 1 0 1627780243
WALL 44997316 1 0 1627780244
WALL 44997316 1 0 1627780245
WALL 44997316 1 0 1627780246
WALL 44997316 1 0 1627780247
WALL 44997316 1 0 1627780248
WALL 44997316 1 0 1627780249
WALL 44997316 1 0 1627780250
WALL 44997316 1 0 1627780251
WALL 44997316 1 0 1627780252
WALL 44997316 1 0 1627780253
WALL 44997316 1 0 1627780254
WALL 44997316 1 0 1627780255
WALL 44997316 1 0 1627780256
WALL 44997316 1 0 1627780257
WALL 44997316 1 0 1627780258
WALL 44997316 1 0 1627780259
WALL 44997316 1 0 1627780260
WALL 44997316 1 0 1627780261
WALL 44997316 1 0 1627780262
WALL 44997316 1 0 1627780263
WALL 44997316 1 0 1627780264
WALL 44997316 1 0 1627780265
WALL 44997316 1 0 1627780266
WALL 44997316 1 0 1627780267
WALL 44997316 1 0 1627780268
WALL 44997316 1 0 1627780269
WALL 44997316 1 0 1627780270
WALL 44997316 1 0 1627780271
WALL 44997316 1 0 1627780272
WALL 44997316 1 0 1627780273
WALL 44997316 1 0 1627780274
WALL 44997316 1 0 1627780275
WALL 44997316 1 0 1627780276
WALL 44997316 1 0 1627780277
WALL 44997316 1 0 1627780278
WALL 44997316 1 0 1627780279
WALL 44997316 1 0 1627780280
WALL 44997316 1 0 1627780281
WALL 44997316 1 0 1627780282
WALL 44997316 1 0 1627780283
WALL 44997316 1 0 1627780284
WALL 44997316 1 0 1627780285
WALL 44997316 1 0 1627780286
WALL 44997316 1 0 1627780287
WALL 44997316 1 0 1627780288
WALL 44997316 1 0 1627780289
WALL 44997316 1 0 1627780290
WALL 44997316 1 0 1627780291
WALL 44997316 1 0 1627780292
WALL 44997316 1 0 1627780293
WALL 44997316 1 0 1627780294
WALL 44997316 1 0 1627780295
WALL 44997316 1 0 1627780296
WALL 44997316 1 0 1627780297
WALL 44997316 1 0 1627780298
WALL 44997316 1 0 1627780299
WALL 44997316 1 0 1627780300
WALL 44997316 1 0 1627780301
WALL 44997316 1 0 1627780302
WALL 44997316 1 0 1627780303
WALL 44997316 1 0 1627780304
WALL 44997316 1 0 1627780305
WALL 44997316 1 0 1627780306
WALL 44997316 1 0 1627780307
WALL 44997316 1 0 1627780308
WALL 44997316 1 0 1627780309
WALL 44997316 1 0 1627780310
WALL 44997316 1 0 1627780311
WALL 44997316 1 0 1627780312
WALL 44997316 1 0 1627780313
WALL 44997316 1 0 1627780314
WALL 44997316 1 0 1627780315
WALL 44997316 1 0 1627780316
WALL 44997316 1 0 1627780317
WALL 44997316 1 0 1627780318
WALL 44997316 1 0 1627780319
WALL 44997316 1 0 1627780320
WALL 44997316 1 0 1627780321
WALL 44997316 1 0 1627780322
WALL 44997316 1 0 1627780323
WALL 44997316 1 0 1627780324
WALL 44997316 1 0 1627780325
WALL 44997316 1 0 1627780326
WALL 44997316 1 0 1627780327
WALL 44997316 1 0 1627780328
WALL 44997316 1 0 1627780329
WALL 44997316 1 0 1627780330
WALL 44997316 1 0 1627780331
WALL 44997316 1 0 1627780332
WALL 44997316 1 0 1627780333
WALL 44997316 1 0 1627780334
WALL 44997316 1 0 1627780335
WALL 44997316 1 0 1627780336
WALL 44997316 1 0 1627780337
WALL 44997316 1 0 1627780338
WALL 44997316 1 0 1627780339
WALL 44997316 1 0 1627780340
WALL 44997316 1 0 1627780341
WALL 44997316 1 0 1627780342
WALL 44997316 1 0 1627780343
WALL 44997316 1 0 1627780344
WALL 44997316 1 0 1627780345
WALL 44997316 1 0 1627780346
WALL 44997316 1 0 1627780347
WALL 44997316 1 0 1627780348
WALL 44997316 1 0 1627780349
WALL 44997316 1 0 1627780350
WALL 44997316 1 0 1627780351
WALL 44997316 1 0 1627780352
WALL 44997316 1 0 1627780353
WALL 44997316 1 0 1627780354
WALL 44997316 1 0 1627780355
WALL 44997316 1 0 1627780356
WALL 44997316 1 0 1627780357
WALL 44997316 1 0 1627780358
WALL 44997316 1 0 1627780359
WALL 44997316 1 0 1627780360
WALL 44997316 1 0 1627780361
WALL 44997316 1 0 1627780362
WALL 44997316 1 0 1627780363
WALL 44997316 1 0 1627780364
WALL 44997316 1 0 1627780365
WALL 44997316 1 0 1627780366
WALL 44997316 1 0 1627780367
WALL 44997316 1 0 1627780368
WALL 44997316 1 0 1627780369
WALL 44997316 1 0 1627780370
WALL 44997316 1 0 1627780371
WALL 44997316 1 0 1627780372
WALL 44997316 1 0 1627780373
WALL 44997316 1 0 1627780374
WALL 44997316 1 0 1627780375
WALL 44997316 1 0 1627780376
WALL 44997316 1 0 1627780377
WALL 44997316 1 0 1627780378
WALL 44997316 1 0 1627780379
WALL 44997316 1 0 1627780380
WALL 44997316 1 0 1627780381
WALL 44997316 1 0 1627780382
WALL 44997316 1 0 1627780383
WALL 44997316 1 0 1627780384
WALL 44997316 1 0 1627780385
WALL 44997316 1 0 1627780386
WALL 44997316 1 0 1627780387
WALL 44997316 1 0 1627780388
WALL 44997316 1 0 1627780389
WALL 44997316 1 0 1627780390
WALL 44997316 1 0 1627780391
WALL 44997316 1 0 1627780392
WALL 44997316 1 0 1627780393
WALL 44997316 1 0 1627780394
WALL 44997316 1 0 1627780395
WALL 44997316 1 0 1627780396
WALL 44997316 1 0 1627780397
WALL 44997316 1 0 1627780398
WALL 44997316 1 0 1627780399
WALL 44997316 1 0 1627780400
WALL 44997316 1 0 1627780401
WALL 44997316 1 0 1627780402
WALL 44997316 1 0 1627780403
WALL 44997316 1 0 1627780404
WALL 44997316 1 0 1627780405
WALL 44997316 1 0 1627780406
WALL 44997316 1 0 1627780407
WALL 44997316 1 0 1627780408
WALL 44997316 1 0 1627780409
WALL 44997316 1 0 1627780410
WALL 44997316 1 0 1627780411
WALL 44997316 1 0 1627780412
WALL 44997316 1 0 1627780413
WALL 44997316 1 0 1627780414
WALL 44997316 1 0 1627780415
WALL 44997316 1 0 1627780416
WALL 44997316 1 0 1627780417
WALL 44997316 1 0 1627780418
WALL 44997316 1 0 1627780419
WALL 44997316 1 0 1627780420
WALL 44997316 1 0 1627780421
WALL 44997316 1 0 1627780422
WALL 44997316 1 0 1627780423
WALL 44997316 1 0 1627780424
WALL 44997316 1 0 1627780425
WALL 44997316 1 0 1627780426
WALL 44997316 1 0 1627780427
WALL 44997316 1 0 1627780428
WALL 44997316 1 0 1627780429
WALL 44997316 1 0 1627780430
WALL 44997316 1 0 1627780431
WALL 44997316 1 0 1627780432
WALL 44997316 1 0 1627780433
WALL 44997316 1 0 1627780434
WALL 44997316 1 0 1627780435
WALL 44997316 1 0 1627780436
WALL 44997316 1 0 1627780437
WALL 44997316 1 0 1627780438
WALL 44997316 1 0 1627780439
WALL 44997316 1 0 1627780440
WALL 44997316 1 0 1627780441
WALL 44997316 1 0 1627780442
WALL 44997316 1 0 1627780443
WALL 44997316 1 0 1627780444
WALL 44997316 1 0 1627780445
WALL 44997316 1 0 1627780446
WALL 44997316 1 0 1627780447
WALL 44997316 1 0 1627780448
WALL 44997316 1 0 1627780449
WALL 44997316 1 0 1627780450
WALL 44997316 1 0 1627780451
WALL 44997316 1 0 1627780452
WALL 44997316 1 0 1627780453
WALL 44997316 1 0 1627780454
WALL 44997316 1 0 1627780455
WALL 44997316 1 0 1627780456
WALL 44997316 1 0 1627780457
WALL 44997316 1 0 1627780458
WALL 44997316 1 0 1627780459
WALL 44997316 1 0 1627780460
WALL 44997316 1 0 1627780461
WALL 44997316 1 0 1627780462
WALL 44997316 1 0 1627780463
WALL 44997316 1 0 1627780464
WALL 44997316 1 0 1627780465
WALL 44997316 1 0 1627780466
WALL 44997316 1 0 1627780467
WALL 44997316 1 0 1627780468
WALL 44997316 1 0 1627780469
WALL 44997316 1 0 1627780470
WALL 44997316 1 0 1627780471
WALL 44997316 1 0 1627780472
WALL 44997316 1 0 1627780473
WALL 44997316 1 0 1627780474
WALL 44997316 1 0 1627780475
WALL 44997316 1 0 1627780476
WALL 44997316 1 0 1627780477
WALL 44997316 1 0 1627780478
WALL 44997316 1 0 1627780479
WALL 44997316 1 0 1627780480
WALL 44997316 1 0 1627780481
WALL 44997316 1 0 1627780482
WALL 44997316 1 0 1627780483
WALL 44997316 1 0 1627780484
WALL 44997316 1 0 1627780485
WALL 44997316 1 0 1627780486
WALL 44997316 1 0 1627780487
WALL 44997316 1 0 1627780488
WALL 44997316 1 0 1627780489
WALL 44997316 1 0 1627780490
WALL 44997316 1 0 1627780491
WALL 44997316 1 0 1627780492
WALL 44997316 1 0 1627780493
WALL 44997316 1 0 1627780494
WALL 44997316 1 0 1627780495
WALL 44997316 1 0 1627780496
WALL 44997316 1 0 1627780497
WALL 44997316 1 0 1627780498
WALL 44997316 1 0 1627780499
WALL 44997316 1 0 1627780500
WALL 44997316 1 0 1627780501
WALL 44997316 1 0 1627780502
WALL 44997316 1 0 1627780503
WALL 44997316 1 0 1627780504
WALL 44997316 1 0 1627780505
WALL 44997316 1 0 1627780506
WALL 44997316 1 0 1627780507
WALL 44997316 1 0 1627780508
WALL 44997316 1 0 1627780509
WALL 44997316 1 0 1627780510
WALL 44997316 1 0 1627780511
WALL 44997316 1 0 1627780512
WALL 44997316 1 0 1627780513
WALL 44997316 1 0 1627780514
WALL 44997316 1 0 1627780515
WALL 44997316 1 0 1627780516
WALL 44997316 1 0 1627780517
WALL 44997316 1 0 1627780518
WALL 44997316 1 0 1627780519
WALL 44997316 1 0 1627780520
WALL 44997316 1 0 1627780521
WALL 44997316 1 0 1627780522
WALL 44997316 1 0 1627780523
WALL 44997316 1 0 1627780524
WALL 44997316 1 0 1627780525
WALL 44997316 1 0 1627780526
WALL 44997316 1 0 1627780527
WALL 44997316 1 0 1627780528
WALL 44997316 1 0 1627780529
WALL 44997316 1 0 1627780530
WALL 44997316 1 0 1627780531
WALL 44997316 1 0 1627780532
WALL 44997316 1 0 1627780533
WALL 44997316 1 0 1627780534
WALL 44997316 1 0 1627780535
WALL 44997316 1 0 1627780536
WALL 44997316 1 0 1627780537
WALL 44997316 1 0 1627780538
WALL 44997316 1 0 1627780539
WALL 44997316 1 0 1627780540
WALL 44997316 1 0 1627780541
WALL 44997316 1 0 1627780542
WALL 44997316 1 0 1627780543
WALL 44997316 1 0 1627780544
WALL 44997316 1 0 1627780545
WALL 44997316 1 0 1627780546
WALL 44997316 1 0 1627780547
WALL 44997316 1 0 1627780548
WALL 44997316 1 0 1627780549
WALL 44997316 1 0 1627780550
WALL 44997316 1 0 1627780551
WALL 44997316 1 0 1627780552
WALL 44997316 1 0 1627780553
WALL 44997316 1 0 1627780554
WALL 44997316 1 0 1627780555
WALL 44997316 1 0 1627780556
WALL 44997316 1 0 1627780557
WALL 44997316 1 0 1627780558
WALL 44997316 1 0 1627780559
WALL 44997316 1 0 1627780560
WALL 44997316 1 0 1627780561
WALL 44997316 1 0 1627780562
WALL 44997316 1 0 1627780563
WALL 44997316 1 0 1627780564
WALL 44997316 1 0 1627780565
WALL 44997316 1 0 1627780566
WALL 44997316 1 0 1627780567
WALL 44997316 1 0 1627780568
WALL 44997316 1 0 1627780569
WALL 44997316 1 0 1627780570
WALL 44997316 1 0 1627780571
WALL 44997316 1 0 1627780572
WALL 44997316 1 0 1627780573
WALL 44997316 1 0 1627780574
WALL 44997316 1 0 1627780575
WALL 44997316 1 0 1627780576
WALL 44997316 1 0 1627780577
WALL 44997316 1 0 1627780578
WALL 44997316 1 0 1627780579
WALL 44997316 1 0 1627780580
WALL 44997316 1 0 1627780581
WALL 44997316 1 0 1627780582
WALL 44997316 1 0 1627780583
WALL 44997316 1 0 1627780584
WALL 44997316 1 0 1627780585
WALL 44997316 1 0 1627780586
WALL 44997316 1 0 1627780587
WALL 44997316 1 0 1627780588
WALL 44997316 1 0 1627780589
WALL 44997316 1 0 1627780590
WALL 44997316 1 0 1627780591
WALL 44997316 1 0 1627780592
WALL 44997316 1 0 1627780593
WALL 44997316 1 0 1627780594
WALL 44997316 1 0 1627780595
WALL 44997316 1 0 1627780596
WALL 44997316 1 0 1627780597
WALL 44997316 1 0 1627780598
WALL 44997316 1 0 1627780599
WALL 44997316 1 0 1627780600
WALL 44997316 1 0 1627780601
WALL 44997316 1 0 1627780602
WALL 44997316 1 0 1627780603
WALL 44997316 1 0 1627780604
WALL 44997316 1 0 1627780605
WALL 44997316 1 0 1627780606
WALL 44997316 1 0 1627780607
WALL 44997316 1 0 1627780608
WALL 44997316 1 0 1627780609
WALL 44997316 1 0 1627780610
WALL 44997316 1 0 1627780611
WALL 44997316 1 0 1627780612
WALL 44997316 1 0 1627780613
WALL 44997316 1 0 1627780614
WALL 44997316 1 0 1627780615
WALL 44997316 1 0 1627780616
WALL 44997316 1 0 1627780617
WALL 44997316 1 0 1627780618
WALL 44997316 1 0 1627780619
WALL 44997316 1 0 1627780620
WALL 44997316 1 0 1627780621
WALL 44997316 1 0 1627780622
WALL 44997316 1 0 1627780623
WALL 44997316 1 0 1627780624
WALL 44997316 1 0 1627780625
WALL 44997316 1 0 1627780626
WALL 44997316 1 0 1627780627
WALL 44997316 1 0 1627780628
WALL 44997316 1 0 1627780629
WALL 44997316 1 0 1627780630
WALL 44997316 1 0 1627780631
WALL 44997316 1 0 1627780632
WALL 44997316 1 0 1627780633
WALL 44997316 1 0 1627780634
WALL 44997316 1 0 1627780635
WALL 44997316 1 0 1627780636
WALL 44997316 1 0 1627780637
WALL 44997316 1 0 1627780638
WALL 44997316 1 0 1627780639
WALL 44997316 1 0 1627780640
WALL 44997316 1 0 1627780641
WALL 44997316 1 0 1627780642
WALL 44997316 1 0 1627780643
WALL 44997316 1 0 1627780644
WALL 44997316 1 0 1627780645
WALL 44997316 1 0 1627780646
WALL 44997316 1 0 1627780647
WALL 44997316 1 0 1627780648
WALL 44997316 1 0 1627780649
WALL 44997316 1 0 1627780650
WALL 44997316 1 0 1627780651
WALL 44997316 1 0 1627780652
WALL 44997316 1 0 1627780653
WALL 44997316 1 0 1627780654
WALL 44997316 1 0 1627780655
WALL 44997316 1 0 1627780656
WALL 44997316 1 0 1627780657
WALL 44997316 1 0 1627780658
WALL 44997316 1 0 1627780659
WALL 44997316 1 0 1627780660
WALL 44997316 1 0 1627780661
WALL 44997316 1 0 1627780662
WALL 44997316 1 0 1627780663
WALL 44997316 1 0 1627780664
WALL 44997316 1 0 1627780665
WALL 44997316 1 0 1627780666
WALL 44997316 1 0 1627780667
WALL 44997316 1 0 1627780668
WALL 44997316 1 0 1627780669
WALL 44997316 1 0 1627780670
WALL 44997316 1 0 1627780671
WALL 44997316 1 0 1627780672
WALL 44997316 1 0 1627780673
WALL 44997316 1 0 1627780674
WALL 44997316 1 0 1627780675
WALL 44997316 1 0 1627780676
WALL 44997316 1 0 1627780677
WALL 44997316 1 0 1627780678
WALL 44997316 1 0 1627780679
WALL 44997316 1 0 1627780680
WALL 44997316 1 0 1627780681
WALL 44997316 1 0 1627780682
WALL 44997316 1 0 1627780683
WALL 44997316 1 0 1627780684
WALL 44997316 1 0 1627780685
WALL 44997316 1 0 1627780686
WALL 44997316 1 0 1627780687
WALL 44997316 1 0 1627780688
WALL 44997316 1 0 1627780689
WALL 44997316 1 0 1627780690
WALL 44997316 1 0 1627780691
WALL 44997316 1 0 1627780692
WALL 44997316 1 0 1627780693
WALL 44997316 1 0 1627780694
WALL 44997316 1 0 1627780695
WALL 44997316 1 0 1627780696
WALL 44997316 1 0 1627780697
WALL 44997316 1 0 1627780698
WALL 44997316 1 0 1627780699
WALL 44997316 1 0 1627780700
WALL 44997316 1 0 1627780701
WALL 44997316 1 0 1627780702
WALL 44997316 1 0 1627780703
WALL 44997316 1 0 1627780704
WALL 44997316 1 0 1627780705
WALL 44997316 1 0 1627780706
WALL 44997316 1 0 1627780707
WALL 44997316 1 0 1627780708
WALL 44997316 1 0 1627780709
WALL 44997316 1 0 1627780710
WALL 44997316 1 0 1627780711
WALL 44997316 1 0 1627780712
WALL 44997316 1 0 1627780713
WALL 44997316 1 0 1627780714
WALL 44997316 1 0 1627780715
WALL 44997316 1 0 1627780716
WALL 44997316 1 0 1627780717
WALL 44997316 1 0 1627780718
slurmstepd: error: *** STEP 44997316.0 ON nid00808 CANCELLED AT 2021-07-31T18:18:39 ***
received SIGCONT 1627780719
received SIGTERM 1627780719
WALL 44997316 1 0 1627780719
WALL 44997316 1 0 1627780720
WALL 44997316 1 0 1627780721
WALL 44997316 1 0 1627780722
WALL 44997316 1 0 1627780723
WALL 44997316 1 0 1627780724
WALL 44997316 1 0 1627780725
WALL 44997316 1 0 1627780726
WALL 44997316 1 0 1627780727
WALL 44997316 1 0 1627780728
WALL 44997316 1 0 1627780729
WALL 44997316 1 0 1627780730
WALL 44997316 1 0 1627780731
WALL 44997316 1 0 1627780732
WALL 44997316 1 0 1627780733
WALL 44997316 1 0 1627780734
WALL 44997316 1 0 1627780735
WALL 44997316 1 0 1627780736
WALL 44997316 1 0 1627780737
WALL 44997316 1 0 1627780738
WALL 44997316 1 0 1627780739
WALL 44997316 1 0 1627780740
WALL 44997316 1 0 1627780741
WALL 44997316 1 0 1627780742
WALL 44997316 1 0 1627780743
WALL 44997316 1 0 1627780744
WALL 44997316 1 0 1627780745
WALL 44997316 1 0 1627780746
WALL 44997316 1 0 1627780747
WALL 44997316 1 0 1627780748
WALL 44997316 1 0 1627780749
WALL 44997316 1 0 1627780750
WALL 44997316 1 0 1627780751
WALL 44997316 1 0 1627780752
WALL 44997316 1 0 1627780753
WALL 44997316 1 0 1627780754
WALL 44997316 1 0 1627780755
WALL 44997316 1 0 1627780756
WALL 44997316 1 0 1627780757
WALL 44997316 1 0 1627780758
WALL 44997316 1 0 1627780759
WALL 44997316 1 0 1627780760
WALL 44997316 1 0 1627780761
WALL 44997316 1 0 1627780762
WALL 44997316 1 0 1627780763
WALL 44997316 1 0 1627780764
WALL 44997316 1 0 1627780765
WALL 44997316 1 0 1627780766
WALL 44997316 1 0 1627780767
WALL 44997316 1 0 1627780768
WALL 44997316 1 0 1627780769
WALL 44997316 1 0 1627780770
WALL 44997316 1 0 1627780771
WALL 44997316 1 0 1627780772
WALL 44997316 1 0 1627780773
WALL 44997316 1 0 1627780774
WALL 44997316 1 0 1627780775
WALL 44997316 1 0 1627780776
WALL 44997316 1 0 1627780777
WALL 44997316 1 0 1627780778
WALL 44997316 1 0 1627780779
WALL 44997316 1 0 1627780780
WALL 44997316 1 0 1627780781
WALL 44997316 1 0 1627780782
WALL 44997316 1 0 1627780783
WALL 44997316 1 0 1627780784
WALL 44997316 1 0 1627780785
WALL 44997316 1 0 1627780786
WALL 44997316 1 0 1627780787
WALL 44997316 1 0 1627780788
WALL 44997316 1 0 1627780789
WALL 44997316 1 0 1627780790
received SIGTERM 1627780791
WALL 44997316 1 0 1627780791
received SIGCONT 1627780791
WALL 44997316 1 0 1627780791
srun: got SIGCONT
received SIGTERM 1627780791
WALL 44997316 1 0 1627780791
srun: forcing job termination
