WALL 44997369 1 0 1627779957
WALL 44997369 1 0 1627779958
WALL 44997369 1 0 1627779959
WALL 44997369 1 0 1627779960
WALL 44997369 1 0 1627779961
WALL 44997369 1 0 1627779962
WALL 44997369 1 0 1627779963
WALL 44997369 1 0 1627779964
WALL 44997369 1 0 1627779965
WALL 44997369 1 0 1627779966
WALL 44997369 1 0 1627779967
WALL 44997369 1 0 1627779968
WALL 44997369 1 0 1627779969
WALL 44997369 1 0 1627779970
WALL 44997369 1 0 1627779971
WALL 44997369 1 0 1627779972
WALL 44997369 1 0 1627779973
WALL 44997369 1 0 1627779974
WALL 44997369 1 0 1627779975
WALL 44997369 1 0 1627779976
WALL 44997369 1 0 1627779977
WALL 44997369 1 0 1627779978
WALL 44997369 1 0 1627779979
WALL 44997369 1 0 1627779980
WALL 44997369 1 0 1627779981
WALL 44997369 1 0 1627779982
WALL 44997369 1 0 1627779983
WALL 44997369 1 0 1627779984
WALL 44997369 1 0 1627779985
WALL 44997369 1 0 1627779986
WALL 44997369 1 0 1627779987
WALL 44997369 1 0 1627779988
WALL 44997369 1 0 1627779989
WALL 44997369 1 0 1627779990
WALL 44997369 1 0 1627779991
WALL 44997369 1 0 1627779992
WALL 44997369 1 0 1627779993
WALL 44997369 1 0 1627779994
WALL 44997369 1 0 1627779995
WALL 44997369 1 0 1627779996
WALL 44997369 1 0 1627779997
WALL 44997369 1 0 1627779998
WALL 44997369 1 0 1627779999
WALL 44997369 1 0 1627780000
WALL 44997369 1 0 1627780001
WALL 44997369 1 0 1627780002
WALL 44997369 1 0 1627780003
WALL 44997369 1 0 1627780004
WALL 44997369 1 0 1627780005
WALL 44997369 1 0 1627780006
WALL 44997369 1 0 1627780007
WALL 44997369 1 0 1627780008
WALL 44997369 1 0 1627780009
WALL 44997369 1 0 1627780010
WALL 44997369 1 0 1627780011
WALL 44997369 1 0 1627780012
WALL 44997369 1 0 1627780013
WALL 44997369 1 0 1627780014
WALL 44997369 1 0 1627780015
WALL 44997369 1 0 1627780016
WALL 44997369 1 0 1627780017
WALL 44997369 1 0 1627780018
WALL 44997369 1 0 1627780019
WALL 44997369 1 0 1627780020
WALL 44997369 1 0 1627780021
WALL 44997369 1 0 1627780022
WALL 44997369 1 0 1627780023
WALL 44997369 1 0 1627780024
WALL 44997369 1 0 1627780025
WALL 44997369 1 0 1627780026
WALL 44997369 1 0 1627780027
WALL 44997369 1 0 1627780028
WALL 44997369 1 0 1627780029
WALL 44997369 1 0 1627780030
WALL 44997369 1 0 1627780031
WALL 44997369 1 0 1627780032
WALL 44997369 1 0 1627780033
WALL 44997369 1 0 1627780034
WALL 44997369 1 0 1627780035
WALL 44997369 1 0 1627780036
WALL 44997369 1 0 1627780037
WALL 44997369 1 0 1627780038
WALL 44997369 1 0 1627780039
WALL 44997369 1 0 1627780040
WALL 44997369 1 0 1627780041
WALL 44997369 1 0 1627780042
WALL 44997369 1 0 1627780043
WALL 44997369 1 0 1627780044
WALL 44997369 1 0 1627780045
WALL 44997369 1 0 1627780046
WALL 44997369 1 0 1627780047
WALL 44997369 1 0 1627780048
WALL 44997369 1 0 1627780049
WALL 44997369 1 0 1627780050
WALL 44997369 1 0 1627780051
WALL 44997369 1 0 1627780052
WALL 44997369 1 0 1627780053
WALL 44997369 1 0 1627780054
WALL 44997369 1 0 1627780055
WALL 44997369 1 0 1627780056
WALL 44997369 1 0 1627780057
WALL 44997369 1 0 1627780058
WALL 44997369 1 0 1627780059
WALL 44997369 1 0 1627780060
WALL 44997369 1 0 1627780061
WALL 44997369 1 0 1627780062
WALL 44997369 1 0 1627780063
WALL 44997369 1 0 1627780064
WALL 44997369 1 0 1627780065
WALL 44997369 1 0 1627780066
WALL 44997369 1 0 1627780067
WALL 44997369 1 0 1627780068
WALL 44997369 1 0 1627780069
WALL 44997369 1 0 1627780070
WALL 44997369 1 0 1627780071
WALL 44997369 1 0 1627780072
WALL 44997369 1 0 1627780073
WALL 44997369 1 0 1627780074
WALL 44997369 1 0 1627780075
WALL 44997369 1 0 1627780076
WALL 44997369 1 0 1627780077
WALL 44997369 1 0 1627780078
WALL 44997369 1 0 1627780079
WALL 44997369 1 0 1627780080
WALL 44997369 1 0 1627780081
WALL 44997369 1 0 1627780082
WALL 44997369 1 0 1627780083
WALL 44997369 1 0 1627780084
WALL 44997369 1 0 1627780085
WALL 44997369 1 0 1627780086
WALL 44997369 1 0 1627780087
WALL 44997369 1 0 1627780088
WALL 44997369 1 0 1627780089
WALL 44997369 1 0 1627780090
WALL 44997369 1 0 1627780091
WALL 44997369 1 0 1627780092
WALL 44997369 1 0 1627780093
WALL 44997369 1 0 1627780094
WALL 44997369 1 0 1627780095
WALL 44997369 1 0 1627780096
WALL 44997369 1 0 1627780097
WALL 44997369 1 0 1627780098
WALL 44997369 1 0 1627780099
WALL 44997369 1 0 1627780100
WALL 44997369 1 0 1627780101
WALL 44997369 1 0 1627780102
WALL 44997369 1 0 1627780103
WALL 44997369 1 0 1627780104
WALL 44997369 1 0 1627780105
WALL 44997369 1 0 1627780106
WALL 44997369 1 0 1627780107
WALL 44997369 1 0 1627780108
WALL 44997369 1 0 1627780109
WALL 44997369 1 0 1627780110
WALL 44997369 1 0 1627780111
WALL 44997369 1 0 1627780112
WALL 44997369 1 0 1627780113
WALL 44997369 1 0 1627780114
WALL 44997369 1 0 1627780115
WALL 44997369 1 0 1627780116
WALL 44997369 1 0 1627780117
WALL 44997369 1 0 1627780118
WALL 44997369 1 0 1627780119
WALL 44997369 1 0 1627780120
WALL 44997369 1 0 1627780121
WALL 44997369 1 0 1627780122
WALL 44997369 1 0 1627780123
WALL 44997369 1 0 1627780124
WALL 44997369 1 0 1627780125
WALL 44997369 1 0 1627780126
WALL 44997369 1 0 1627780127
WALL 44997369 1 0 1627780128
WALL 44997369 1 0 1627780129
WALL 44997369 1 0 1627780130
WALL 44997369 1 0 1627780131
WALL 44997369 1 0 1627780132
WALL 44997369 1 0 1627780133
WALL 44997369 1 0 1627780134
WALL 44997369 1 0 1627780135
WALL 44997369 1 0 1627780136
WALL 44997369 1 0 1627780137
WALL 44997369 1 0 1627780138
WALL 44997369 1 0 1627780139
WALL 44997369 1 0 1627780140
WALL 44997369 1 0 1627780141
WALL 44997369 1 0 1627780142
WALL 44997369 1 0 1627780143
WALL 44997369 1 0 1627780144
WALL 44997369 1 0 1627780145
WALL 44997369 1 0 1627780146
WALL 44997369 1 0 1627780147
WALL 44997369 1 0 1627780148
WALL 44997369 1 0 1627780149
WALL 44997369 1 0 1627780150
WALL 44997369 1 0 1627780151
WALL 44997369 1 0 1627780152
WALL 44997369 1 0 1627780153
WALL 44997369 1 0 1627780154
WALL 44997369 1 0 1627780155
WALL 44997369 1 0 1627780156
WALL 44997369 1 0 1627780157
WALL 44997369 1 0 1627780158
WALL 44997369 1 0 1627780159
WALL 44997369 1 0 1627780160
WALL 44997369 1 0 1627780161
WALL 44997369 1 0 1627780162
WALL 44997369 1 0 1627780163
WALL 44997369 1 0 1627780164
WALL 44997369 1 0 1627780165
WALL 44997369 1 0 1627780166
WALL 44997369 1 0 1627780167
WALL 44997369 1 0 1627780168
WALL 44997369 1 0 1627780169
WALL 44997369 1 0 1627780170
WALL 44997369 1 0 1627780171
WALL 44997369 1 0 1627780172
WALL 44997369 1 0 1627780173
WALL 44997369 1 0 1627780174
WALL 44997369 1 0 1627780175
WALL 44997369 1 0 1627780176
WALL 44997369 1 0 1627780177
WALL 44997369 1 0 1627780178
WALL 44997369 1 0 1627780179
WALL 44997369 1 0 1627780180
WALL 44997369 1 0 1627780181
WALL 44997369 1 0 1627780182
WALL 44997369 1 0 1627780183
WALL 44997369 1 0 1627780184
WALL 44997369 1 0 1627780185
WALL 44997369 1 0 1627780186
WALL 44997369 1 0 1627780187
WALL 44997369 1 0 1627780188
WALL 44997369 1 0 1627780189
WALL 44997369 1 0 1627780190
WALL 44997369 1 0 1627780191
WALL 44997369 1 0 1627780192
WALL 44997369 1 0 1627780193
WALL 44997369 1 0 1627780194
WALL 44997369 1 0 1627780195
WALL 44997369 1 0 1627780196
WALL 44997369 1 0 1627780197
WALL 44997369 1 0 1627780198
WALL 44997369 1 0 1627780199
WALL 44997369 1 0 1627780200
WALL 44997369 1 0 1627780201
WALL 44997369 1 0 1627780202
WALL 44997369 1 0 1627780203
WALL 44997369 1 0 1627780204
WALL 44997369 1 0 1627780205
WALL 44997369 1 0 1627780206
WALL 44997369 1 0 1627780207
WALL 44997369 1 0 1627780208
WALL 44997369 1 0 1627780209
WALL 44997369 1 0 1627780210
WALL 44997369 1 0 1627780211
WALL 44997369 1 0 1627780212
WALL 44997369 1 0 1627780213
WALL 44997369 1 0 1627780214
WALL 44997369 1 0 1627780215
WALL 44997369 1 0 1627780216
WALL 44997369 1 0 1627780217
WALL 44997369 1 0 1627780218
WALL 44997369 1 0 1627780219
WALL 44997369 1 0 1627780220
WALL 44997369 1 0 1627780221
WALL 44997369 1 0 1627780222
WALL 44997369 1 0 1627780223
WALL 44997369 1 0 1627780224
WALL 44997369 1 0 1627780225
WALL 44997369 1 0 1627780226
WALL 44997369 1 0 1627780227
WALL 44997369 1 0 1627780228
WALL 44997369 1 0 1627780229
WALL 44997369 1 0 1627780230
WALL 44997369 1 0 1627780231
WALL 44997369 1 0 1627780232
WALL 44997369 1 0 1627780233
WALL 44997369 1 0 1627780234
WALL 44997369 1 0 1627780235
WALL 44997369 1 0 1627780236
WALL 44997369 1 0 1627780237
WALL 44997369 1 0 1627780238
WALL 44997369 1 0 1627780239
WALL 44997369 1 0 1627780240
WALL 44997369 1 0 1627780241
WALL 44997369 1 0 1627780242
WALL 44997369 1 0 1627780243
WALL 44997369 1 0 1627780244
WALL 44997369 1 0 1627780245
WALL 44997369 1 0 1627780246
WALL 44997369 1 0 1627780247
WALL 44997369 1 0 1627780248
WALL 44997369 1 0 1627780249
WALL 44997369 1 0 1627780250
WALL 44997369 1 0 1627780251
WALL 44997369 1 0 1627780252
WALL 44997369 1 0 1627780253
WALL 44997369 1 0 1627780254
WALL 44997369 1 0 1627780255
WALL 44997369 1 0 1627780256
WALL 44997369 1 0 1627780257
WALL 44997369 1 0 1627780258
WALL 44997369 1 0 1627780259
WALL 44997369 1 0 1627780260
WALL 44997369 1 0 1627780261
WALL 44997369 1 0 1627780262
WALL 44997369 1 0 1627780263
WALL 44997369 1 0 1627780264
WALL 44997369 1 0 1627780265
WALL 44997369 1 0 1627780266
WALL 44997369 1 0 1627780267
WALL 44997369 1 0 1627780268
WALL 44997369 1 0 1627780269
WALL 44997369 1 0 1627780270
WALL 44997369 1 0 1627780271
WALL 44997369 1 0 1627780272
WALL 44997369 1 0 1627780273
WALL 44997369 1 0 1627780274
WALL 44997369 1 0 1627780275
WALL 44997369 1 0 1627780276
WALL 44997369 1 0 1627780277
WALL 44997369 1 0 1627780278
WALL 44997369 1 0 1627780279
WALL 44997369 1 0 1627780280
WALL 44997369 1 0 1627780281
WALL 44997369 1 0 1627780282
WALL 44997369 1 0 1627780283
WALL 44997369 1 0 1627780284
WALL 44997369 1 0 1627780285
WALL 44997369 1 0 1627780286
WALL 44997369 1 0 1627780287
WALL 44997369 1 0 1627780288
WALL 44997369 1 0 1627780289
WALL 44997369 1 0 1627780290
WALL 44997369 1 0 1627780291
WALL 44997369 1 0 1627780292
WALL 44997369 1 0 1627780293
WALL 44997369 1 0 1627780294
WALL 44997369 1 0 1627780295
WALL 44997369 1 0 1627780296
WALL 44997369 1 0 1627780297
WALL 44997369 1 0 1627780298
WALL 44997369 1 0 1627780299
WALL 44997369 1 0 1627780300
WALL 44997369 1 0 1627780301
WALL 44997369 1 0 1627780302
WALL 44997369 1 0 1627780303
WALL 44997369 1 0 1627780304
WALL 44997369 1 0 1627780305
WALL 44997369 1 0 1627780306
WALL 44997369 1 0 1627780307
WALL 44997369 1 0 1627780308
WALL 44997369 1 0 1627780309
WALL 44997369 1 0 1627780310
WALL 44997369 1 0 1627780311
WALL 44997369 1 0 1627780312
WALL 44997369 1 0 1627780313
WALL 44997369 1 0 1627780314
WALL 44997369 1 0 1627780315
WALL 44997369 1 0 1627780316
WALL 44997369 1 0 1627780317
WALL 44997369 1 0 1627780318
WALL 44997369 1 0 1627780319
WALL 44997369 1 0 1627780320
WALL 44997369 1 0 1627780321
WALL 44997369 1 0 1627780322
WALL 44997369 1 0 1627780323
WALL 44997369 1 0 1627780324
WALL 44997369 1 0 1627780325
WALL 44997369 1 0 1627780326
WALL 44997369 1 0 1627780327
WALL 44997369 1 0 1627780328
WALL 44997369 1 0 1627780329
WALL 44997369 1 0 1627780330
WALL 44997369 1 0 1627780331
WALL 44997369 1 0 1627780332
WALL 44997369 1 0 1627780333
WALL 44997369 1 0 1627780334
WALL 44997369 1 0 1627780335
WALL 44997369 1 0 1627780336
WALL 44997369 1 0 1627780337
WALL 44997369 1 0 1627780338
WALL 44997369 1 0 1627780339
WALL 44997369 1 0 1627780340
WALL 44997369 1 0 1627780341
WALL 44997369 1 0 1627780342
WALL 44997369 1 0 1627780343
WALL 44997369 1 0 1627780344
WALL 44997369 1 0 1627780345
WALL 44997369 1 0 1627780346
WALL 44997369 1 0 1627780347
WALL 44997369 1 0 1627780348
WALL 44997369 1 0 1627780349
WALL 44997369 1 0 1627780350
WALL 44997369 1 0 1627780351
WALL 44997369 1 0 1627780352
WALL 44997369 1 0 1627780353
WALL 44997369 1 0 1627780354
WALL 44997369 1 0 1627780355
WALL 44997369 1 0 1627780356
WALL 44997369 1 0 1627780357
WALL 44997369 1 0 1627780358
WALL 44997369 1 0 1627780359
WALL 44997369 1 0 1627780360
WALL 44997369 1 0 1627780361
WALL 44997369 1 0 1627780362
WALL 44997369 1 0 1627780363
WALL 44997369 1 0 1627780364
WALL 44997369 1 0 1627780365
WALL 44997369 1 0 1627780366
WALL 44997369 1 0 1627780367
WALL 44997369 1 0 1627780368
WALL 44997369 1 0 1627780369
WALL 44997369 1 0 1627780370
WALL 44997369 1 0 1627780371
WALL 44997369 1 0 1627780372
WALL 44997369 1 0 1627780373
WALL 44997369 1 0 1627780374
WALL 44997369 1 0 1627780375
WALL 44997369 1 0 1627780376
WALL 44997369 1 0 1627780377
WALL 44997369 1 0 1627780378
WALL 44997369 1 0 1627780379
WALL 44997369 1 0 1627780380
WALL 44997369 1 0 1627780381
WALL 44997369 1 0 1627780382
WALL 44997369 1 0 1627780383
WALL 44997369 1 0 1627780384
WALL 44997369 1 0 1627780385
WALL 44997369 1 0 1627780386
WALL 44997369 1 0 1627780387
WALL 44997369 1 0 1627780388
WALL 44997369 1 0 1627780389
WALL 44997369 1 0 1627780390
WALL 44997369 1 0 1627780391
WALL 44997369 1 0 1627780392
WALL 44997369 1 0 1627780393
WALL 44997369 1 0 1627780394
WALL 44997369 1 0 1627780395
WALL 44997369 1 0 1627780396
WALL 44997369 1 0 1627780397
WALL 44997369 1 0 1627780398
WALL 44997369 1 0 1627780399
WALL 44997369 1 0 1627780400
WALL 44997369 1 0 1627780401
WALL 44997369 1 0 1627780402
WALL 44997369 1 0 1627780403
WALL 44997369 1 0 1627780404
WALL 44997369 1 0 1627780405
WALL 44997369 1 0 1627780406
WALL 44997369 1 0 1627780407
WALL 44997369 1 0 1627780408
WALL 44997369 1 0 1627780409
WALL 44997369 1 0 1627780410
WALL 44997369 1 0 1627780411
WALL 44997369 1 0 1627780412
WALL 44997369 1 0 1627780413
WALL 44997369 1 0 1627780414
WALL 44997369 1 0 1627780415
WALL 44997369 1 0 1627780416
WALL 44997369 1 0 1627780417
WALL 44997369 1 0 1627780418
WALL 44997369 1 0 1627780419
WALL 44997369 1 0 1627780420
WALL 44997369 1 0 1627780421
WALL 44997369 1 0 1627780422
WALL 44997369 1 0 1627780423
WALL 44997369 1 0 1627780424
WALL 44997369 1 0 1627780425
WALL 44997369 1 0 1627780426
WALL 44997369 1 0 1627780427
WALL 44997369 1 0 1627780428
WALL 44997369 1 0 1627780429
WALL 44997369 1 0 1627780430
WALL 44997369 1 0 1627780431
WALL 44997369 1 0 1627780432
WALL 44997369 1 0 1627780433
WALL 44997369 1 0 1627780434
WALL 44997369 1 0 1627780435
WALL 44997369 1 0 1627780436
WALL 44997369 1 0 1627780437
WALL 44997369 1 0 1627780438
WALL 44997369 1 0 1627780439
WALL 44997369 1 0 1627780440
WALL 44997369 1 0 1627780441
WALL 44997369 1 0 1627780442
WALL 44997369 1 0 1627780443
WALL 44997369 1 0 1627780444
WALL 44997369 1 0 1627780445
WALL 44997369 1 0 1627780446
WALL 44997369 1 0 1627780447
WALL 44997369 1 0 1627780448
WALL 44997369 1 0 1627780449
WALL 44997369 1 0 1627780450
WALL 44997369 1 0 1627780451
WALL 44997369 1 0 1627780452
WALL 44997369 1 0 1627780453
WALL 44997369 1 0 1627780454
WALL 44997369 1 0 1627780455
WALL 44997369 1 0 1627780456
WALL 44997369 1 0 1627780457
WALL 44997369 1 0 1627780458
WALL 44997369 1 0 1627780459
WALL 44997369 1 0 1627780460
WALL 44997369 1 0 1627780461
WALL 44997369 1 0 1627780462
WALL 44997369 1 0 1627780463
WALL 44997369 1 0 1627780464
WALL 44997369 1 0 1627780465
WALL 44997369 1 0 1627780466
WALL 44997369 1 0 1627780467
WALL 44997369 1 0 1627780468
WALL 44997369 1 0 1627780469
WALL 44997369 1 0 1627780470
WALL 44997369 1 0 1627780471
WALL 44997369 1 0 1627780472
WALL 44997369 1 0 1627780473
WALL 44997369 1 0 1627780474
WALL 44997369 1 0 1627780475
WALL 44997369 1 0 1627780476
WALL 44997369 1 0 1627780477
WALL 44997369 1 0 1627780478
WALL 44997369 1 0 1627780479
WALL 44997369 1 0 1627780480
WALL 44997369 1 0 1627780481
WALL 44997369 1 0 1627780482
WALL 44997369 1 0 1627780483
WALL 44997369 1 0 1627780484
WALL 44997369 1 0 1627780485
WALL 44997369 1 0 1627780486
WALL 44997369 1 0 1627780487
WALL 44997369 1 0 1627780488
WALL 44997369 1 0 1627780489
WALL 44997369 1 0 1627780490
WALL 44997369 1 0 1627780491
WALL 44997369 1 0 1627780492
WALL 44997369 1 0 1627780493
WALL 44997369 1 0 1627780494
WALL 44997369 1 0 1627780495
WALL 44997369 1 0 1627780496
WALL 44997369 1 0 1627780497
WALL 44997369 1 0 1627780498
WALL 44997369 1 0 1627780499
WALL 44997369 1 0 1627780500
WALL 44997369 1 0 1627780501
WALL 44997369 1 0 1627780502
WALL 44997369 1 0 1627780503
WALL 44997369 1 0 1627780504
WALL 44997369 1 0 1627780505
WALL 44997369 1 0 1627780506
WALL 44997369 1 0 1627780507
WALL 44997369 1 0 1627780508
WALL 44997369 1 0 1627780509
WALL 44997369 1 0 1627780510
WALL 44997369 1 0 1627780511
WALL 44997369 1 0 1627780512
WALL 44997369 1 0 1627780513
WALL 44997369 1 0 1627780514
WALL 44997369 1 0 1627780515
WALL 44997369 1 0 1627780516
WALL 44997369 1 0 1627780517
WALL 44997369 1 0 1627780518
WALL 44997369 1 0 1627780519
WALL 44997369 1 0 1627780520
WALL 44997369 1 0 1627780521
WALL 44997369 1 0 1627780522
WALL 44997369 1 0 1627780523
WALL 44997369 1 0 1627780524
WALL 44997369 1 0 1627780525
WALL 44997369 1 0 1627780526
WALL 44997369 1 0 1627780527
WALL 44997369 1 0 1627780528
WALL 44997369 1 0 1627780529
WALL 44997369 1 0 1627780530
WALL 44997369 1 0 1627780531
WALL 44997369 1 0 1627780532
WALL 44997369 1 0 1627780533
WALL 44997369 1 0 1627780534
WALL 44997369 1 0 1627780535
WALL 44997369 1 0 1627780536
WALL 44997369 1 0 1627780537
WALL 44997369 1 0 1627780538
WALL 44997369 1 0 1627780539
WALL 44997369 1 0 1627780540
WALL 44997369 1 0 1627780541
WALL 44997369 1 0 1627780542
WALL 44997369 1 0 1627780543
WALL 44997369 1 0 1627780544
WALL 44997369 1 0 1627780545
WALL 44997369 1 0 1627780546
WALL 44997369 1 0 1627780547
WALL 44997369 1 0 1627780548
WALL 44997369 1 0 1627780549
WALL 44997369 1 0 1627780550
WALL 44997369 1 0 1627780551
WALL 44997369 1 0 1627780552
WALL 44997369 1 0 1627780553
WALL 44997369 1 0 1627780554
WALL 44997369 1 0 1627780555
WALL 44997369 1 0 1627780556
WALL 44997369 1 0 1627780557
WALL 44997369 1 0 1627780558
WALL 44997369 1 0 1627780559
WALL 44997369 1 0 1627780560
WALL 44997369 1 0 1627780561
WALL 44997369 1 0 1627780562
WALL 44997369 1 0 1627780563
WALL 44997369 1 0 1627780564
WALL 44997369 1 0 1627780565
WALL 44997369 1 0 1627780566
WALL 44997369 1 0 1627780567
WALL 44997369 1 0 1627780568
WALL 44997369 1 0 1627780569
WALL 44997369 1 0 1627780570
WALL 44997369 1 0 1627780571
WALL 44997369 1 0 1627780572
WALL 44997369 1 0 1627780573
WALL 44997369 1 0 1627780574
WALL 44997369 1 0 1627780575
WALL 44997369 1 0 1627780576
WALL 44997369 1 0 1627780577
WALL 44997369 1 0 1627780578
WALL 44997369 1 0 1627780579
WALL 44997369 1 0 1627780580
WALL 44997369 1 0 1627780581
WALL 44997369 1 0 1627780582
WALL 44997369 1 0 1627780583
WALL 44997369 1 0 1627780584
WALL 44997369 1 0 1627780585
WALL 44997369 1 0 1627780586
WALL 44997369 1 0 1627780587
WALL 44997369 1 0 1627780588
WALL 44997369 1 0 1627780589
WALL 44997369 1 0 1627780590
WALL 44997369 1 0 1627780591
WALL 44997369 1 0 1627780592
WALL 44997369 1 0 1627780593
WALL 44997369 1 0 1627780594
WALL 44997369 1 0 1627780595
WALL 44997369 1 0 1627780596
WALL 44997369 1 0 1627780597
WALL 44997369 1 0 1627780598
WALL 44997369 1 0 1627780599
WALL 44997369 1 0 1627780600
WALL 44997369 1 0 1627780601
WALL 44997369 1 0 1627780602
WALL 44997369 1 0 1627780603
WALL 44997369 1 0 1627780604
WALL 44997369 1 0 1627780605
WALL 44997369 1 0 1627780606
WALL 44997369 1 0 1627780607
WALL 44997369 1 0 1627780608
WALL 44997369 1 0 1627780609
WALL 44997369 1 0 1627780610
WALL 44997369 1 0 1627780611
WALL 44997369 1 0 1627780612
WALL 44997369 1 0 1627780613
WALL 44997369 1 0 1627780614
WALL 44997369 1 0 1627780615
WALL 44997369 1 0 1627780616
WALL 44997369 1 0 1627780617
WALL 44997369 1 0 1627780618
WALL 44997369 1 0 1627780619
WALL 44997369 1 0 1627780620
WALL 44997369 1 0 1627780621
WALL 44997369 1 0 1627780622
WALL 44997369 1 0 1627780623
WALL 44997369 1 0 1627780624
WALL 44997369 1 0 1627780625
WALL 44997369 1 0 1627780626
WALL 44997369 1 0 1627780627
WALL 44997369 1 0 1627780628
WALL 44997369 1 0 1627780629
WALL 44997369 1 0 1627780630
WALL 44997369 1 0 1627780631
WALL 44997369 1 0 1627780632
WALL 44997369 1 0 1627780633
WALL 44997369 1 0 1627780634
WALL 44997369 1 0 1627780635
WALL 44997369 1 0 1627780636
WALL 44997369 1 0 1627780637
WALL 44997369 1 0 1627780638
WALL 44997369 1 0 1627780639
WALL 44997369 1 0 1627780640
WALL 44997369 1 0 1627780641
WALL 44997369 1 0 1627780642
WALL 44997369 1 0 1627780643
WALL 44997369 1 0 1627780644
WALL 44997369 1 0 1627780645
WALL 44997369 1 0 1627780646
WALL 44997369 1 0 1627780647
WALL 44997369 1 0 1627780648
WALL 44997369 1 0 1627780649
WALL 44997369 1 0 1627780650
WALL 44997369 1 0 1627780651
WALL 44997369 1 0 1627780652
WALL 44997369 1 0 1627780653
WALL 44997369 1 0 1627780654
WALL 44997369 1 0 1627780655
WALL 44997369 1 0 1627780656
WALL 44997369 1 0 1627780657
WALL 44997369 1 0 1627780658
WALL 44997369 1 0 1627780659
WALL 44997369 1 0 1627780660
WALL 44997369 1 0 1627780661
WALL 44997369 1 0 1627780662
WALL 44997369 1 0 1627780663
WALL 44997369 1 0 1627780664
WALL 44997369 1 0 1627780665
WALL 44997369 1 0 1627780666
WALL 44997369 1 0 1627780667
WALL 44997369 1 0 1627780668
WALL 44997369 1 0 1627780669
WALL 44997369 1 0 1627780670
WALL 44997369 1 0 1627780671
WALL 44997369 1 0 1627780672
WALL 44997369 1 0 1627780673
WALL 44997369 1 0 1627780674
WALL 44997369 1 0 1627780675
WALL 44997369 1 0 1627780676
WALL 44997369 1 0 1627780677
WALL 44997369 1 0 1627780678
WALL 44997369 1 0 1627780679
WALL 44997369 1 0 1627780680
WALL 44997369 1 0 1627780681
WALL 44997369 1 0 1627780682
WALL 44997369 1 0 1627780683
WALL 44997369 1 0 1627780684
WALL 44997369 1 0 1627780685
WALL 44997369 1 0 1627780686
WALL 44997369 1 0 1627780687
WALL 44997369 1 0 1627780688
WALL 44997369 1 0 1627780689
WALL 44997369 1 0 1627780690
WALL 44997369 1 0 1627780691
WALL 44997369 1 0 1627780692
WALL 44997369 1 0 1627780693
WALL 44997369 1 0 1627780694
WALL 44997369 1 0 1627780695
WALL 44997369 1 0 1627780696
WALL 44997369 1 0 1627780697
WALL 44997369 1 0 1627780698
WALL 44997369 1 0 1627780699
WALL 44997369 1 0 1627780700
WALL 44997369 1 0 1627780701
WALL 44997369 1 0 1627780702
WALL 44997369 1 0 1627780703
WALL 44997369 1 0 1627780704
WALL 44997369 1 0 1627780705
WALL 44997369 1 0 1627780706
WALL 44997369 1 0 1627780707
WALL 44997369 1 0 1627780708
WALL 44997369 1 0 1627780709
WALL 44997369 1 0 1627780710
WALL 44997369 1 0 1627780711
WALL 44997369 1 0 1627780712
WALL 44997369 1 0 1627780713
WALL 44997369 1 0 1627780714
WALL 44997369 1 0 1627780715
WALL 44997369 1 0 1627780716
WALL 44997369 1 0 1627780717
WALL 44997369 1 0 1627780718
received SIGCONT 1627780719
WALL 44997369 1 0 1627780719
slurmstepd: error: *** STEP 44997369.0 ON nid00856 CANCELLED AT 2021-07-31T18:18:39 ***
received SIGTERM 1627780719
WALL 44997369 1 0 1627780719
WALL 44997369 1 0 1627780720
WALL 44997369 1 0 1627780721
WALL 44997369 1 0 1627780722
WALL 44997369 1 0 1627780723
WALL 44997369 1 0 1627780724
WALL 44997369 1 0 1627780725
WALL 44997369 1 0 1627780726
WALL 44997369 1 0 1627780727
WALL 44997369 1 0 1627780728
WALL 44997369 1 0 1627780729
WALL 44997369 1 0 1627780730
WALL 44997369 1 0 1627780731
WALL 44997369 1 0 1627780732
WALL 44997369 1 0 1627780733
WALL 44997369 1 0 1627780734
WALL 44997369 1 0 1627780735
WALL 44997369 1 0 1627780736
WALL 44997369 1 0 1627780737
WALL 44997369 1 0 1627780738
WALL 44997369 1 0 1627780739
WALL 44997369 1 0 1627780740
WALL 44997369 1 0 1627780741
WALL 44997369 1 0 1627780742
WALL 44997369 1 0 1627780743
WALL 44997369 1 0 1627780744
WALL 44997369 1 0 1627780745
WALL 44997369 1 0 1627780746
WALL 44997369 1 0 1627780747
WALL 44997369 1 0 1627780748
WALL 44997369 1 0 1627780749
WALL 44997369 1 0 1627780750
WALL 44997369 1 0 1627780751
WALL 44997369 1 0 1627780752
WALL 44997369 1 0 1627780753
WALL 44997369 1 0 1627780754
WALL 44997369 1 0 1627780755
WALL 44997369 1 0 1627780756
WALL 44997369 1 0 1627780757
WALL 44997369 1 0 1627780758
WALL 44997369 1 0 1627780759
WALL 44997369 1 0 1627780760
WALL 44997369 1 0 1627780761
WALL 44997369 1 0 1627780762
WALL 44997369 1 0 1627780763
WALL 44997369 1 0 1627780764
WALL 44997369 1 0 1627780765
WALL 44997369 1 0 1627780766
WALL 44997369 1 0 1627780767
WALL 44997369 1 0 1627780768
WALL 44997369 1 0 1627780769
WALL 44997369 1 0 1627780770
WALL 44997369 1 0 1627780771
WALL 44997369 1 0 1627780772
WALL 44997369 1 0 1627780773
WALL 44997369 1 0 1627780774
WALL 44997369 1 0 1627780775
WALL 44997369 1 0 1627780776
WALL 44997369 1 0 1627780777
WALL 44997369 1 0 1627780778
WALL 44997369 1 0 1627780779
WALL 44997369 1 0 1627780780
WALL 44997369 1 0 1627780781
WALL 44997369 1 0 1627780782
WALL 44997369 1 0 1627780783
WALL 44997369 1 0 1627780784
WALL 44997369 1 0 1627780785
WALL 44997369 1 0 1627780786
WALL 44997369 1 0 1627780787
WALL 44997369 1 0 1627780788
WALL 44997369 1 0 1627780789
WALL 44997369 1 0 1627780790
srun: Job step aborted: Waiting up to 32 seconds for job step to finish.
received SIGTERM 1627780791
WALL 44997369 1 0 1627780791
received SIGCONT 1627780791
WALL 44997369 1 0 1627780791
srun: got SIGCONT
received SIGTERM 1627780791
WALL 44997369 1 0 1627780791
srun: forcing job termination
