WALL 44992627 1 0 1627763997
WALL 44992627 1 0 1627763998
WALL 44992627 1 0 1627763999
WALL 44992627 1 0 1627764000
WALL 44992627 1 0 1627764001
WALL 44992627 1 0 1627764002
WALL 44992627 1 0 1627764003
WALL 44992627 1 0 1627764004
WALL 44992627 1 0 1627764005
WALL 44992627 1 0 1627764006
WALL 44992627 1 0 1627764007
WALL 44992627 1 0 1627764008
WALL 44992627 1 0 1627764009
WALL 44992627 1 0 1627764010
WALL 44992627 1 0 1627764011
WALL 44992627 1 0 1627764012
WALL 44992627 1 0 1627764013
WALL 44992627 1 0 1627764014
WALL 44992627 1 0 1627764015
WALL 44992627 1 0 1627764016
WALL 44992627 1 0 1627764017
WALL 44992627 1 0 1627764018
WALL 44992627 1 0 1627764019
WALL 44992627 1 0 1627764020
WALL 44992627 1 0 1627764021
WALL 44992627 1 0 1627764022
WALL 44992627 1 0 1627764023
WALL 44992627 1 0 1627764024
WALL 44992627 1 0 1627764025
WALL 44992627 1 0 1627764026
WALL 44992627 1 0 1627764027
WALL 44992627 1 0 1627764028
WALL 44992627 1 0 1627764029
WALL 44992627 1 0 1627764030
WALL 44992627 1 0 1627764031
WALL 44992627 1 0 1627764032
WALL 44992627 1 0 1627764033
WALL 44992627 1 0 1627764034
WALL 44992627 1 0 1627764035
WALL 44992627 1 0 1627764036
WALL 44992627 1 0 1627764037
WALL 44992627 1 0 1627764038
WALL 44992627 1 0 1627764039
WALL 44992627 1 0 1627764040
WALL 44992627 1 0 1627764041
WALL 44992627 1 0 1627764042
WALL 44992627 1 0 1627764043
WALL 44992627 1 0 1627764044
WALL 44992627 1 0 1627764045
WALL 44992627 1 0 1627764046
WALL 44992627 1 0 1627764047
WALL 44992627 1 0 1627764048
WALL 44992627 1 0 1627764049
WALL 44992627 1 0 1627764050
WALL 44992627 1 0 1627764051
WALL 44992627 1 0 1627764052
WALL 44992627 1 0 1627764053
WALL 44992627 1 0 1627764054
WALL 44992627 1 0 1627764055
WALL 44992627 1 0 1627764056
WALL 44992627 1 0 1627764057
WALL 44992627 1 0 1627764058
WALL 44992627 1 0 1627764059
WALL 44992627 1 0 1627764060
WALL 44992627 1 0 1627764061
WALL 44992627 1 0 1627764062
WALL 44992627 1 0 1627764063
WALL 44992627 1 0 1627764064
WALL 44992627 1 0 1627764065
WALL 44992627 1 0 1627764066
WALL 44992627 1 0 1627764067
WALL 44992627 1 0 1627764068
WALL 44992627 1 0 1627764069
WALL 44992627 1 0 1627764070
WALL 44992627 1 0 1627764071
WALL 44992627 1 0 1627764072
WALL 44992627 1 0 1627764073
WALL 44992627 1 0 1627764074
WALL 44992627 1 0 1627764075
WALL 44992627 1 0 1627764076
WALL 44992627 1 0 1627764077
WALL 44992627 1 0 1627764078
WALL 44992627 1 0 1627764079
WALL 44992627 1 0 1627764080
WALL 44992627 1 0 1627764081
WALL 44992627 1 0 1627764082
WALL 44992627 1 0 1627764083
WALL 44992627 1 0 1627764084
WALL 44992627 1 0 1627764085
WALL 44992627 1 0 1627764086
WALL 44992627 1 0 1627764087
WALL 44992627 1 0 1627764088
WALL 44992627 1 0 1627764089
WALL 44992627 1 0 1627764090
WALL 44992627 1 0 1627764091
WALL 44992627 1 0 1627764092
WALL 44992627 1 0 1627764093
WALL 44992627 1 0 1627764094
WALL 44992627 1 0 1627764095
WALL 44992627 1 0 1627764096
WALL 44992627 1 0 1627764097
WALL 44992627 1 0 1627764098
WALL 44992627 1 0 1627764099
WALL 44992627 1 0 1627764100
WALL 44992627 1 0 1627764101
WALL 44992627 1 0 1627764102
WALL 44992627 1 0 1627764103
WALL 44992627 1 0 1627764104
WALL 44992627 1 0 1627764105
WALL 44992627 1 0 1627764106
WALL 44992627 1 0 1627764107
WALL 44992627 1 0 1627764108
WALL 44992627 1 0 1627764109
WALL 44992627 1 0 1627764110
WALL 44992627 1 0 1627764111
WALL 44992627 1 0 1627764112
WALL 44992627 1 0 1627764113
WALL 44992627 1 0 1627764114
WALL 44992627 1 0 1627764115
WALL 44992627 1 0 1627764116
WALL 44992627 1 0 1627764117
WALL 44992627 1 0 1627764118
WALL 44992627 1 0 1627764119
WALL 44992627 1 0 1627764120
WALL 44992627 1 0 1627764121
WALL 44992627 1 0 1627764122
WALL 44992627 1 0 1627764123
WALL 44992627 1 0 1627764124
WALL 44992627 1 0 1627764125
WALL 44992627 1 0 1627764126
WALL 44992627 1 0 1627764127
WALL 44992627 1 0 1627764128
WALL 44992627 1 0 1627764129
WALL 44992627 1 0 1627764130
WALL 44992627 1 0 1627764131
WALL 44992627 1 0 1627764132
WALL 44992627 1 0 1627764133
WALL 44992627 1 0 1627764134
WALL 44992627 1 0 1627764135
WALL 44992627 1 0 1627764136
WALL 44992627 1 0 1627764137
WALL 44992627 1 0 1627764138
WALL 44992627 1 0 1627764139
WALL 44992627 1 0 1627764140
WALL 44992627 1 0 1627764141
WALL 44992627 1 0 1627764142
WALL 44992627 1 0 1627764143
WALL 44992627 1 0 1627764144
WALL 44992627 1 0 1627764145
WALL 44992627 1 0 1627764146
WALL 44992627 1 0 1627764147
WALL 44992627 1 0 1627764148
WALL 44992627 1 0 1627764149
WALL 44992627 1 0 1627764150
WALL 44992627 1 0 1627764151
WALL 44992627 1 0 1627764152
WALL 44992627 1 0 1627764153
WALL 44992627 1 0 1627764154
WALL 44992627 1 0 1627764155
WALL 44992627 1 0 1627764156
WALL 44992627 1 0 1627764157
WALL 44992627 1 0 1627764158
WALL 44992627 1 0 1627764159
WALL 44992627 1 0 1627764160
WALL 44992627 1 0 1627764161
WALL 44992627 1 0 1627764162
WALL 44992627 1 0 1627764163
WALL 44992627 1 0 1627764164
WALL 44992627 1 0 1627764165
WALL 44992627 1 0 1627764166
WALL 44992627 1 0 1627764167
WALL 44992627 1 0 1627764168
WALL 44992627 1 0 1627764169
WALL 44992627 1 0 1627764170
WALL 44992627 1 0 1627764171
WALL 44992627 1 0 1627764172
WALL 44992627 1 0 1627764173
WALL 44992627 1 0 1627764174
WALL 44992627 1 0 1627764175
WALL 44992627 1 0 1627764176
WALL 44992627 1 0 1627764177
WALL 44992627 1 0 1627764178
WALL 44992627 1 0 1627764179
WALL 44992627 1 0 1627764180
WALL 44992627 1 0 1627764181
WALL 44992627 1 0 1627764182
WALL 44992627 1 0 1627764183
WALL 44992627 1 0 1627764184
WALL 44992627 1 0 1627764185
WALL 44992627 1 0 1627764186
WALL 44992627 1 0 1627764187
WALL 44992627 1 0 1627764188
WALL 44992627 1 0 1627764189
WALL 44992627 1 0 1627764190
WALL 44992627 1 0 1627764191
WALL 44992627 1 0 1627764192
WALL 44992627 1 0 1627764193
WALL 44992627 1 0 1627764194
WALL 44992627 1 0 1627764195
WALL 44992627 1 0 1627764196
WALL 44992627 1 0 1627764197
WALL 44992627 1 0 1627764198
WALL 44992627 1 0 1627764199
WALL 44992627 1 0 1627764200
WALL 44992627 1 0 1627764201
WALL 44992627 1 0 1627764202
WALL 44992627 1 0 1627764203
WALL 44992627 1 0 1627764204
WALL 44992627 1 0 1627764205
WALL 44992627 1 0 1627764206
WALL 44992627 1 0 1627764207
WALL 44992627 1 0 1627764208
WALL 44992627 1 0 1627764209
WALL 44992627 1 0 1627764210
WALL 44992627 1 0 1627764211
WALL 44992627 1 0 1627764212
WALL 44992627 1 0 1627764213
WALL 44992627 1 0 1627764214
WALL 44992627 1 0 1627764215
WALL 44992627 1 0 1627764216
WALL 44992627 1 0 1627764217
WALL 44992627 1 0 1627764218
WALL 44992627 1 0 1627764219
WALL 44992627 1 0 1627764220
WALL 44992627 1 0 1627764221
WALL 44992627 1 0 1627764222
WALL 44992627 1 0 1627764223
WALL 44992627 1 0 1627764224
WALL 44992627 1 0 1627764225
WALL 44992627 1 0 1627764226
WALL 44992627 1 0 1627764227
WALL 44992627 1 0 1627764228
WALL 44992627 1 0 1627764229
WALL 44992627 1 0 1627764230
WALL 44992627 1 0 1627764231
WALL 44992627 1 0 1627764232
WALL 44992627 1 0 1627764233
WALL 44992627 1 0 1627764234
WALL 44992627 1 0 1627764235
WALL 44992627 1 0 1627764236
WALL 44992627 1 0 1627764237
WALL 44992627 1 0 1627764238
WALL 44992627 1 0 1627764239
WALL 44992627 1 0 1627764240
WALL 44992627 1 0 1627764241
WALL 44992627 1 0 1627764242
WALL 44992627 1 0 1627764243
WALL 44992627 1 0 1627764244
WALL 44992627 1 0 1627764245
WALL 44992627 1 0 1627764246
WALL 44992627 1 0 1627764247
WALL 44992627 1 0 1627764248
WALL 44992627 1 0 1627764249
WALL 44992627 1 0 1627764250
WALL 44992627 1 0 1627764251
WALL 44992627 1 0 1627764252
WALL 44992627 1 0 1627764253
WALL 44992627 1 0 1627764254
WALL 44992627 1 0 1627764255
WALL 44992627 1 0 1627764256
WALL 44992627 1 0 1627764257
WALL 44992627 1 0 1627764258
WALL 44992627 1 0 1627764259
WALL 44992627 1 0 1627764260
WALL 44992627 1 0 1627764261
WALL 44992627 1 0 1627764262
WALL 44992627 1 0 1627764263
WALL 44992627 1 0 1627764264
WALL 44992627 1 0 1627764265
WALL 44992627 1 0 1627764266
WALL 44992627 1 0 1627764267
WALL 44992627 1 0 1627764268
WALL 44992627 1 0 1627764269
WALL 44992627 1 0 1627764270
WALL 44992627 1 0 1627764271
WALL 44992627 1 0 1627764272
WALL 44992627 1 0 1627764273
WALL 44992627 1 0 1627764274
WALL 44992627 1 0 1627764275
WALL 44992627 1 0 1627764276
WALL 44992627 1 0 1627764277
WALL 44992627 1 0 1627764278
WALL 44992627 1 0 1627764279
WALL 44992627 1 0 1627764280
WALL 44992627 1 0 1627764281
WALL 44992627 1 0 1627764282
WALL 44992627 1 0 1627764283
WALL 44992627 1 0 1627764284
WALL 44992627 1 0 1627764285
WALL 44992627 1 0 1627764286
WALL 44992627 1 0 1627764287
WALL 44992627 1 0 1627764288
WALL 44992627 1 0 1627764289
WALL 44992627 1 0 1627764290
WALL 44992627 1 0 1627764291
WALL 44992627 1 0 1627764292
WALL 44992627 1 0 1627764293
WALL 44992627 1 0 1627764294
WALL 44992627 1 0 1627764295
WALL 44992627 1 0 1627764296
WALL 44992627 1 0 1627764297
WALL 44992627 1 0 1627764298
WALL 44992627 1 0 1627764299
WALL 44992627 1 0 1627764300
WALL 44992627 1 0 1627764301
WALL 44992627 1 0 1627764302
WALL 44992627 1 0 1627764303
WALL 44992627 1 0 1627764304
WALL 44992627 1 0 1627764305
WALL 44992627 1 0 1627764306
WALL 44992627 1 0 1627764307
WALL 44992627 1 0 1627764308
WALL 44992627 1 0 1627764309
WALL 44992627 1 0 1627764310
WALL 44992627 1 0 1627764311
WALL 44992627 1 0 1627764312
WALL 44992627 1 0 1627764313
WALL 44992627 1 0 1627764314
WALL 44992627 1 0 1627764315
WALL 44992627 1 0 1627764316
WALL 44992627 1 0 1627764317
WALL 44992627 1 0 1627764318
WALL 44992627 1 0 1627764319
WALL 44992627 1 0 1627764320
WALL 44992627 1 0 1627764321
WALL 44992627 1 0 1627764322
WALL 44992627 1 0 1627764323
WALL 44992627 1 0 1627764324
WALL 44992627 1 0 1627764325
WALL 44992627 1 0 1627764326
WALL 44992627 1 0 1627764327
WALL 44992627 1 0 1627764328
WALL 44992627 1 0 1627764329
WALL 44992627 1 0 1627764330
WALL 44992627 1 0 1627764331
WALL 44992627 1 0 1627764332
WALL 44992627 1 0 1627764333
WALL 44992627 1 0 1627764334
WALL 44992627 1 0 1627764335
WALL 44992627 1 0 1627764336
WALL 44992627 1 0 1627764337
WALL 44992627 1 0 1627764338
WALL 44992627 1 0 1627764339
WALL 44992627 1 0 1627764340
WALL 44992627 1 0 1627764341
WALL 44992627 1 0 1627764342
WALL 44992627 1 0 1627764343
WALL 44992627 1 0 1627764344
WALL 44992627 1 0 1627764345
WALL 44992627 1 0 1627764346
WALL 44992627 1 0 1627764347
WALL 44992627 1 0 1627764348
WALL 44992627 1 0 1627764349
WALL 44992627 1 0 1627764350
WALL 44992627 1 0 1627764351
WALL 44992627 1 0 1627764352
WALL 44992627 1 0 1627764353
WALL 44992627 1 0 1627764354
WALL 44992627 1 0 1627764355
WALL 44992627 1 0 1627764356
WALL 44992627 1 0 1627764357
WALL 44992627 1 0 1627764358
WALL 44992627 1 0 1627764359
WALL 44992627 1 0 1627764360
WALL 44992627 1 0 1627764361
WALL 44992627 1 0 1627764362
WALL 44992627 1 0 1627764363
WALL 44992627 1 0 1627764364
WALL 44992627 1 0 1627764365
WALL 44992627 1 0 1627764366
WALL 44992627 1 0 1627764367
WALL 44992627 1 0 1627764368
WALL 44992627 1 0 1627764369
WALL 44992627 1 0 1627764370
WALL 44992627 1 0 1627764371
WALL 44992627 1 0 1627764372
WALL 44992627 1 0 1627764373
WALL 44992627 1 0 1627764374
WALL 44992627 1 0 1627764375
WALL 44992627 1 0 1627764376
WALL 44992627 1 0 1627764377
WALL 44992627 1 0 1627764378
WALL 44992627 1 0 1627764379
WALL 44992627 1 0 1627764380
WALL 44992627 1 0 1627764381
WALL 44992627 1 0 1627764382
WALL 44992627 1 0 1627764383
WALL 44992627 1 0 1627764384
WALL 44992627 1 0 1627764385
WALL 44992627 1 0 1627764386
WALL 44992627 1 0 1627764387
WALL 44992627 1 0 1627764388
WALL 44992627 1 0 1627764389
WALL 44992627 1 0 1627764390
WALL 44992627 1 0 1627764391
WALL 44992627 1 0 1627764392
WALL 44992627 1 0 1627764393
WALL 44992627 1 0 1627764394
WALL 44992627 1 0 1627764395
WALL 44992627 1 0 1627764396
WALL 44992627 1 0 1627764397
WALL 44992627 1 0 1627764398
WALL 44992627 1 0 1627764399
WALL 44992627 1 0 1627764400
WALL 44992627 1 0 1627764401
WALL 44992627 1 0 1627764402
WALL 44992627 1 0 1627764403
WALL 44992627 1 0 1627764404
WALL 44992627 1 0 1627764405
WALL 44992627 1 0 1627764406
WALL 44992627 1 0 1627764407
WALL 44992627 1 0 1627764408
WALL 44992627 1 0 1627764409
WALL 44992627 1 0 1627764410
WALL 44992627 1 0 1627764411
WALL 44992627 1 0 1627764412
WALL 44992627 1 0 1627764413
WALL 44992627 1 0 1627764414
WALL 44992627 1 0 1627764415
WALL 44992627 1 0 1627764416
WALL 44992627 1 0 1627764417
WALL 44992627 1 0 1627764418
WALL 44992627 1 0 1627764419
WALL 44992627 1 0 1627764420
WALL 44992627 1 0 1627764421
WALL 44992627 1 0 1627764422
WALL 44992627 1 0 1627764423
WALL 44992627 1 0 1627764424
WALL 44992627 1 0 1627764425
WALL 44992627 1 0 1627764426
WALL 44992627 1 0 1627764427
WALL 44992627 1 0 1627764428
WALL 44992627 1 0 1627764429
WALL 44992627 1 0 1627764430
WALL 44992627 1 0 1627764431
WALL 44992627 1 0 1627764432
WALL 44992627 1 0 1627764433
WALL 44992627 1 0 1627764434
WALL 44992627 1 0 1627764435
WALL 44992627 1 0 1627764436
WALL 44992627 1 0 1627764437
WALL 44992627 1 0 1627764438
WALL 44992627 1 0 1627764439
WALL 44992627 1 0 1627764440
WALL 44992627 1 0 1627764441
WALL 44992627 1 0 1627764442
WALL 44992627 1 0 1627764443
WALL 44992627 1 0 1627764444
WALL 44992627 1 0 1627764445
WALL 44992627 1 0 1627764446
WALL 44992627 1 0 1627764447
WALL 44992627 1 0 1627764448
WALL 44992627 1 0 1627764449
WALL 44992627 1 0 1627764450
WALL 44992627 1 0 1627764451
WALL 44992627 1 0 1627764452
WALL 44992627 1 0 1627764453
WALL 44992627 1 0 1627764454
WALL 44992627 1 0 1627764455
WALL 44992627 1 0 1627764456
WALL 44992627 1 0 1627764457
WALL 44992627 1 0 1627764458
WALL 44992627 1 0 1627764459
WALL 44992627 1 0 1627764460
WALL 44992627 1 0 1627764461
WALL 44992627 1 0 1627764462
WALL 44992627 1 0 1627764463
WALL 44992627 1 0 1627764464
WALL 44992627 1 0 1627764465
WALL 44992627 1 0 1627764466
WALL 44992627 1 0 1627764467
WALL 44992627 1 0 1627764468
WALL 44992627 1 0 1627764469
WALL 44992627 1 0 1627764470
WALL 44992627 1 0 1627764471
WALL 44992627 1 0 1627764472
WALL 44992627 1 0 1627764473
WALL 44992627 1 0 1627764474
WALL 44992627 1 0 1627764475
WALL 44992627 1 0 1627764476
WALL 44992627 1 0 1627764477
WALL 44992627 1 0 1627764478
WALL 44992627 1 0 1627764479
WALL 44992627 1 0 1627764480
WALL 44992627 1 0 1627764481
WALL 44992627 1 0 1627764482
WALL 44992627 1 0 1627764483
WALL 44992627 1 0 1627764484
WALL 44992627 1 0 1627764485
WALL 44992627 1 0 1627764486
WALL 44992627 1 0 1627764487
WALL 44992627 1 0 1627764488
WALL 44992627 1 0 1627764489
WALL 44992627 1 0 1627764490
WALL 44992627 1 0 1627764491
WALL 44992627 1 0 1627764492
WALL 44992627 1 0 1627764493
WALL 44992627 1 0 1627764494
WALL 44992627 1 0 1627764495
WALL 44992627 1 0 1627764496
WALL 44992627 1 0 1627764497
WALL 44992627 1 0 1627764498
WALL 44992627 1 0 1627764499
WALL 44992627 1 0 1627764500
WALL 44992627 1 0 1627764501
WALL 44992627 1 0 1627764502
WALL 44992627 1 0 1627764503
WALL 44992627 1 0 1627764504
WALL 44992627 1 0 1627764505
WALL 44992627 1 0 1627764506
WALL 44992627 1 0 1627764507
WALL 44992627 1 0 1627764508
WALL 44992627 1 0 1627764509
WALL 44992627 1 0 1627764510
WALL 44992627 1 0 1627764511
WALL 44992627 1 0 1627764512
WALL 44992627 1 0 1627764513
WALL 44992627 1 0 1627764514
WALL 44992627 1 0 1627764515
WALL 44992627 1 0 1627764516
WALL 44992627 1 0 1627764517
WALL 44992627 1 0 1627764518
WALL 44992627 1 0 1627764519
WALL 44992627 1 0 1627764520
WALL 44992627 1 0 1627764521
WALL 44992627 1 0 1627764522
WALL 44992627 1 0 1627764523
WALL 44992627 1 0 1627764524
WALL 44992627 1 0 1627764525
WALL 44992627 1 0 1627764526
WALL 44992627 1 0 1627764527
WALL 44992627 1 0 1627764528
WALL 44992627 1 0 1627764529
WALL 44992627 1 0 1627764530
WALL 44992627 1 0 1627764531
WALL 44992627 1 0 1627764532
WALL 44992627 1 0 1627764533
WALL 44992627 1 0 1627764534
WALL 44992627 1 0 1627764535
WALL 44992627 1 0 1627764536
WALL 44992627 1 0 1627764537
WALL 44992627 1 0 1627764538
WALL 44992627 1 0 1627764539
WALL 44992627 1 0 1627764540
WALL 44992627 1 0 1627764541
WALL 44992627 1 0 1627764542
WALL 44992627 1 0 1627764543
WALL 44992627 1 0 1627764544
WALL 44992627 1 0 1627764545
WALL 44992627 1 0 1627764546
WALL 44992627 1 0 1627764547
WALL 44992627 1 0 1627764548
WALL 44992627 1 0 1627764549
WALL 44992627 1 0 1627764550
WALL 44992627 1 0 1627764551
WALL 44992627 1 0 1627764552
WALL 44992627 1 0 1627764553
WALL 44992627 1 0 1627764554
WALL 44992627 1 0 1627764555
WALL 44992627 1 0 1627764556
WALL 44992627 1 0 1627764557
WALL 44992627 1 0 1627764558
WALL 44992627 1 0 1627764559
WALL 44992627 1 0 1627764560
WALL 44992627 1 0 1627764561
WALL 44992627 1 0 1627764562
WALL 44992627 1 0 1627764563
WALL 44992627 1 0 1627764564
WALL 44992627 1 0 1627764565
WALL 44992627 1 0 1627764566
WALL 44992627 1 0 1627764567
WALL 44992627 1 0 1627764568
WALL 44992627 1 0 1627764569
WALL 44992627 1 0 1627764570
WALL 44992627 1 0 1627764571
WALL 44992627 1 0 1627764572
WALL 44992627 1 0 1627764573
WALL 44992627 1 0 1627764574
WALL 44992627 1 0 1627764575
WALL 44992627 1 0 1627764576
WALL 44992627 1 0 1627764577
WALL 44992627 1 0 1627764578
WALL 44992627 1 0 1627764579
WALL 44992627 1 0 1627764580
WALL 44992627 1 0 1627764581
WALL 44992627 1 0 1627764582
WALL 44992627 1 0 1627764583
WALL 44992627 1 0 1627764584
WALL 44992627 1 0 1627764585
WALL 44992627 1 0 1627764586
WALL 44992627 1 0 1627764587
WALL 44992627 1 0 1627764588
WALL 44992627 1 0 1627764589
WALL 44992627 1 0 1627764590
WALL 44992627 1 0 1627764591
WALL 44992627 1 0 1627764592
WALL 44992627 1 0 1627764593
WALL 44992627 1 0 1627764594
WALL 44992627 1 0 1627764595
WALL 44992627 1 0 1627764596
WALL 44992627 1 0 1627764597
WALL 44992627 1 0 1627764598
WALL 44992627 1 0 1627764599
WALL 44992627 1 0 1627764600
WALL 44992627 1 0 1627764601
WALL 44992627 1 0 1627764602
WALL 44992627 1 0 1627764603
WALL 44992627 1 0 1627764604
WALL 44992627 1 0 1627764605
WALL 44992627 1 0 1627764606
WALL 44992627 1 0 1627764607
WALL 44992627 1 0 1627764608
WALL 44992627 1 0 1627764609
WALL 44992627 1 0 1627764610
WALL 44992627 1 0 1627764611
WALL 44992627 1 0 1627764612
WALL 44992627 1 0 1627764613
WALL 44992627 1 0 1627764614
WALL 44992627 1 0 1627764615
WALL 44992627 1 0 1627764616
WALL 44992627 1 0 1627764617
WALL 44992627 1 0 1627764618
WALL 44992627 1 0 1627764619
WALL 44992627 1 0 1627764620
WALL 44992627 1 0 1627764621
WALL 44992627 1 0 1627764622
WALL 44992627 1 0 1627764623
WALL 44992627 1 0 1627764624
WALL 44992627 1 0 1627764625
WALL 44992627 1 0 1627764626
WALL 44992627 1 0 1627764627
WALL 44992627 1 0 1627764628
WALL 44992627 1 0 1627764629
WALL 44992627 1 0 1627764630
WALL 44992627 1 0 1627764631
WALL 44992627 1 0 1627764632
WALL 44992627 1 0 1627764633
WALL 44992627 1 0 1627764634
WALL 44992627 1 0 1627764635
WALL 44992627 1 0 1627764636
WALL 44992627 1 0 1627764637
WALL 44992627 1 0 1627764638
WALL 44992627 1 0 1627764639
WALL 44992627 1 0 1627764640
WALL 44992627 1 0 1627764641
WALL 44992627 1 0 1627764642
WALL 44992627 1 0 1627764643
WALL 44992627 1 0 1627764644
WALL 44992627 1 0 1627764645
WALL 44992627 1 0 1627764646
WALL 44992627 1 0 1627764647
WALL 44992627 1 0 1627764648
WALL 44992627 1 0 1627764649
WALL 44992627 1 0 1627764650
WALL 44992627 1 0 1627764651
WALL 44992627 1 0 1627764652
WALL 44992627 1 0 1627764653
WALL 44992627 1 0 1627764654
WALL 44992627 1 0 1627764655
WALL 44992627 1 0 1627764656
WALL 44992627 1 0 1627764657
WALL 44992627 1 0 1627764658
WALL 44992627 1 0 1627764659
WALL 44992627 1 0 1627764660
WALL 44992627 1 0 1627764661
WALL 44992627 1 0 1627764662
WALL 44992627 1 0 1627764663
WALL 44992627 1 0 1627764664
WALL 44992627 1 0 1627764665
WALL 44992627 1 0 1627764666
WALL 44992627 1 0 1627764667
WALL 44992627 1 0 1627764668
WALL 44992627 1 0 1627764669
WALL 44992627 1 0 1627764670
WALL 44992627 1 0 1627764671
WALL 44992627 1 0 1627764672
WALL 44992627 1 0 1627764673
WALL 44992627 1 0 1627764674
WALL 44992627 1 0 1627764675
WALL 44992627 1 0 1627764676
WALL 44992627 1 0 1627764677
WALL 44992627 1 0 1627764678
WALL 44992627 1 0 1627764679
WALL 44992627 1 0 1627764680
WALL 44992627 1 0 1627764681
WALL 44992627 1 0 1627764682
WALL 44992627 1 0 1627764683
WALL 44992627 1 0 1627764684
WALL 44992627 1 0 1627764685
WALL 44992627 1 0 1627764686
WALL 44992627 1 0 1627764687
WALL 44992627 1 0 1627764688
WALL 44992627 1 0 1627764689
WALL 44992627 1 0 1627764690
WALL 44992627 1 0 1627764691
WALL 44992627 1 0 1627764692
WALL 44992627 1 0 1627764693
WALL 44992627 1 0 1627764694
WALL 44992627 1 0 1627764695
WALL 44992627 1 0 1627764696
WALL 44992627 1 0 1627764697
WALL 44992627 1 0 1627764698
WALL 44992627 1 0 1627764699
WALL 44992627 1 0 1627764700
WALL 44992627 1 0 1627764701
WALL 44992627 1 0 1627764702
WALL 44992627 1 0 1627764703
WALL 44992627 1 0 1627764704
WALL 44992627 1 0 1627764705
WALL 44992627 1 0 1627764706
WALL 44992627 1 0 1627764707
WALL 44992627 1 0 1627764708
WALL 44992627 1 0 1627764709
WALL 44992627 1 0 1627764710
WALL 44992627 1 0 1627764711
WALL 44992627 1 0 1627764712
WALL 44992627 1 0 1627764713
WALL 44992627 1 0 1627764714
WALL 44992627 1 0 1627764715
WALL 44992627 1 0 1627764716
WALL 44992627 1 0 1627764717
WALL 44992627 1 0 1627764718
WALL 44992627 1 0 1627764719
WALL 44992627 1 0 1627764720
WALL 44992627 1 0 1627764721
WALL 44992627 1 0 1627764722
WALL 44992627 1 0 1627764723
WALL 44992627 1 0 1627764724
WALL 44992627 1 0 1627764725
WALL 44992627 1 0 1627764726
WALL 44992627 1 0 1627764727
WALL 44992627 1 0 1627764728
WALL 44992627 1 0 1627764729
WALL 44992627 1 0 1627764730
WALL 44992627 1 0 1627764731
WALL 44992627 1 0 1627764732
WALL 44992627 1 0 1627764733
WALL 44992627 1 0 1627764734
WALL 44992627 1 0 1627764735
WALL 44992627 1 0 1627764736
WALL 44992627 1 0 1627764737
WALL 44992627 1 0 1627764738
WALL 44992627 1 0 1627764739
WALL 44992627 1 0 1627764740
WALL 44992627 1 0 1627764741
WALL 44992627 1 0 1627764742
WALL 44992627 1 0 1627764743
WALL 44992627 1 0 1627764744
WALL 44992627 1 0 1627764745
WALL 44992627 1 0 1627764746
WALL 44992627 1 0 1627764747
WALL 44992627 1 0 1627764748
WALL 44992627 1 0 1627764749
WALL 44992627 1 0 1627764750
WALL 44992627 1 0 1627764751
WALL 44992627 1 0 1627764752
WALL 44992627 1 0 1627764753
WALL 44992627 1 0 1627764754
WALL 44992627 1 0 1627764755
received SIGCONT 1627764756
WALL 44992627 1 0 1627764756
slurmstepd: error: *** STEP 44992627.0 ON nid00795 CANCELLED AT 2021-07-31T13:52:36 ***
received SIGTERM 1627764756
srun: got SIGCONT
WALL 44992627 1 0 1627764756
srun: forcing job termination
srun: Job step aborted: Waiting up to 32 seconds for job step to finish.
