WALL 44994646 1 0 1627769955
WALL 44994646 1 0 1627769956
WALL 44994646 1 0 1627769957
WALL 44994646 1 0 1627769958
WALL 44994646 1 0 1627769959
WALL 44994646 1 0 1627769960
WALL 44994646 1 0 1627769961
WALL 44994646 1 0 1627769962
WALL 44994646 1 0 1627769963
WALL 44994646 1 0 1627769964
WALL 44994646 1 0 1627769965
WALL 44994646 1 0 1627769966
WALL 44994646 1 0 1627769967
WALL 44994646 1 0 1627769968
WALL 44994646 1 0 1627769969
WALL 44994646 1 0 1627769970
WALL 44994646 1 0 1627769971
WALL 44994646 1 0 1627769972
WALL 44994646 1 0 1627769973
WALL 44994646 1 0 1627769974
WALL 44994646 1 0 1627769975
WALL 44994646 1 0 1627769976
WALL 44994646 1 0 1627769977
WALL 44994646 1 0 1627769978
WALL 44994646 1 0 1627769979
WALL 44994646 1 0 1627769980
WALL 44994646 1 0 1627769981
WALL 44994646 1 0 1627769982
WALL 44994646 1 0 1627769983
WALL 44994646 1 0 1627769984
WALL 44994646 1 0 1627769985
WALL 44994646 1 0 1627769986
WALL 44994646 1 0 1627769987
WALL 44994646 1 0 1627769988
WALL 44994646 1 0 1627769989
WALL 44994646 1 0 1627769990
WALL 44994646 1 0 1627769991
WALL 44994646 1 0 1627769992
WALL 44994646 1 0 1627769993
WALL 44994646 1 0 1627769994
WALL 44994646 1 0 1627769995
WALL 44994646 1 0 1627769996
WALL 44994646 1 0 1627769997
WALL 44994646 1 0 1627769998
WALL 44994646 1 0 1627769999
WALL 44994646 1 0 1627770000
WALL 44994646 1 0 1627770001
WALL 44994646 1 0 1627770002
WALL 44994646 1 0 1627770003
WALL 44994646 1 0 1627770004
WALL 44994646 1 0 1627770005
WALL 44994646 1 0 1627770006
WALL 44994646 1 0 1627770007
WALL 44994646 1 0 1627770008
WALL 44994646 1 0 1627770009
WALL 44994646 1 0 1627770010
WALL 44994646 1 0 1627770011
WALL 44994646 1 0 1627770012
WALL 44994646 1 0 1627770013
WALL 44994646 1 0 1627770014
WALL 44994646 1 0 1627770015
WALL 44994646 1 0 1627770016
WALL 44994646 1 0 1627770017
WALL 44994646 1 0 1627770018
WALL 44994646 1 0 1627770019
WALL 44994646 1 0 1627770020
WALL 44994646 1 0 1627770021
WALL 44994646 1 0 1627770022
WALL 44994646 1 0 1627770023
WALL 44994646 1 0 1627770024
WALL 44994646 1 0 1627770025
WALL 44994646 1 0 1627770026
WALL 44994646 1 0 1627770027
WALL 44994646 1 0 1627770028
WALL 44994646 1 0 1627770029
WALL 44994646 1 0 1627770030
WALL 44994646 1 0 1627770031
WALL 44994646 1 0 1627770032
WALL 44994646 1 0 1627770033
WALL 44994646 1 0 1627770034
WALL 44994646 1 0 1627770035
WALL 44994646 1 0 1627770036
WALL 44994646 1 0 1627770037
WALL 44994646 1 0 1627770038
WALL 44994646 1 0 1627770039
WALL 44994646 1 0 1627770040
WALL 44994646 1 0 1627770041
WALL 44994646 1 0 1627770042
WALL 44994646 1 0 1627770043
WALL 44994646 1 0 1627770044
WALL 44994646 1 0 1627770045
WALL 44994646 1 0 1627770046
WALL 44994646 1 0 1627770047
WALL 44994646 1 0 1627770048
WALL 44994646 1 0 1627770049
WALL 44994646 1 0 1627770050
WALL 44994646 1 0 1627770051
WALL 44994646 1 0 1627770052
WALL 44994646 1 0 1627770053
WALL 44994646 1 0 1627770054
WALL 44994646 1 0 1627770055
WALL 44994646 1 0 1627770056
WALL 44994646 1 0 1627770057
WALL 44994646 1 0 1627770058
WALL 44994646 1 0 1627770059
WALL 44994646 1 0 1627770060
WALL 44994646 1 0 1627770061
WALL 44994646 1 0 1627770062
WALL 44994646 1 0 1627770063
WALL 44994646 1 0 1627770064
WALL 44994646 1 0 1627770065
WALL 44994646 1 0 1627770066
WALL 44994646 1 0 1627770067
WALL 44994646 1 0 1627770068
WALL 44994646 1 0 1627770069
WALL 44994646 1 0 1627770070
WALL 44994646 1 0 1627770071
WALL 44994646 1 0 1627770072
WALL 44994646 1 0 1627770073
WALL 44994646 1 0 1627770074
WALL 44994646 1 0 1627770075
WALL 44994646 1 0 1627770076
WALL 44994646 1 0 1627770077
WALL 44994646 1 0 1627770078
WALL 44994646 1 0 1627770079
WALL 44994646 1 0 1627770080
WALL 44994646 1 0 1627770081
WALL 44994646 1 0 1627770082
WALL 44994646 1 0 1627770083
WALL 44994646 1 0 1627770084
WALL 44994646 1 0 1627770085
WALL 44994646 1 0 1627770086
WALL 44994646 1 0 1627770087
WALL 44994646 1 0 1627770088
WALL 44994646 1 0 1627770089
WALL 44994646 1 0 1627770090
WALL 44994646 1 0 1627770091
WALL 44994646 1 0 1627770092
WALL 44994646 1 0 1627770093
WALL 44994646 1 0 1627770094
WALL 44994646 1 0 1627770095
WALL 44994646 1 0 1627770096
WALL 44994646 1 0 1627770097
WALL 44994646 1 0 1627770098
WALL 44994646 1 0 1627770099
WALL 44994646 1 0 1627770100
WALL 44994646 1 0 1627770101
WALL 44994646 1 0 1627770102
WALL 44994646 1 0 1627770103
WALL 44994646 1 0 1627770104
WALL 44994646 1 0 1627770105
WALL 44994646 1 0 1627770106
WALL 44994646 1 0 1627770107
WALL 44994646 1 0 1627770108
WALL 44994646 1 0 1627770109
WALL 44994646 1 0 1627770110
WALL 44994646 1 0 1627770111
WALL 44994646 1 0 1627770112
WALL 44994646 1 0 1627770113
WALL 44994646 1 0 1627770114
WALL 44994646 1 0 1627770115
WALL 44994646 1 0 1627770116
WALL 44994646 1 0 1627770117
WALL 44994646 1 0 1627770118
WALL 44994646 1 0 1627770119
WALL 44994646 1 0 1627770120
WALL 44994646 1 0 1627770121
WALL 44994646 1 0 1627770122
WALL 44994646 1 0 1627770123
WALL 44994646 1 0 1627770124
WALL 44994646 1 0 1627770125
WALL 44994646 1 0 1627770126
WALL 44994646 1 0 1627770127
WALL 44994646 1 0 1627770128
WALL 44994646 1 0 1627770129
WALL 44994646 1 0 1627770130
WALL 44994646 1 0 1627770131
WALL 44994646 1 0 1627770132
WALL 44994646 1 0 1627770133
WALL 44994646 1 0 1627770134
WALL 44994646 1 0 1627770135
WALL 44994646 1 0 1627770136
WALL 44994646 1 0 1627770137
WALL 44994646 1 0 1627770138
WALL 44994646 1 0 1627770139
WALL 44994646 1 0 1627770140
WALL 44994646 1 0 1627770141
WALL 44994646 1 0 1627770142
WALL 44994646 1 0 1627770143
WALL 44994646 1 0 1627770144
WALL 44994646 1 0 1627770145
WALL 44994646 1 0 1627770146
WALL 44994646 1 0 1627770147
WALL 44994646 1 0 1627770148
WALL 44994646 1 0 1627770149
WALL 44994646 1 0 1627770150
WALL 44994646 1 0 1627770151
WALL 44994646 1 0 1627770152
WALL 44994646 1 0 1627770153
WALL 44994646 1 0 1627770154
WALL 44994646 1 0 1627770155
WALL 44994646 1 0 1627770156
WALL 44994646 1 0 1627770157
WALL 44994646 1 0 1627770158
WALL 44994646 1 0 1627770159
WALL 44994646 1 0 1627770160
WALL 44994646 1 0 1627770161
WALL 44994646 1 0 1627770162
WALL 44994646 1 0 1627770163
WALL 44994646 1 0 1627770164
WALL 44994646 1 0 1627770165
WALL 44994646 1 0 1627770166
WALL 44994646 1 0 1627770167
WALL 44994646 1 0 1627770168
WALL 44994646 1 0 1627770169
WALL 44994646 1 0 1627770170
WALL 44994646 1 0 1627770171
WALL 44994646 1 0 1627770172
WALL 44994646 1 0 1627770173
WALL 44994646 1 0 1627770174
WALL 44994646 1 0 1627770175
WALL 44994646 1 0 1627770176
WALL 44994646 1 0 1627770177
WALL 44994646 1 0 1627770178
WALL 44994646 1 0 1627770179
WALL 44994646 1 0 1627770180
WALL 44994646 1 0 1627770181
WALL 44994646 1 0 1627770182
WALL 44994646 1 0 1627770183
WALL 44994646 1 0 1627770184
WALL 44994646 1 0 1627770185
WALL 44994646 1 0 1627770186
WALL 44994646 1 0 1627770187
WALL 44994646 1 0 1627770188
WALL 44994646 1 0 1627770189
WALL 44994646 1 0 1627770190
WALL 44994646 1 0 1627770191
WALL 44994646 1 0 1627770192
WALL 44994646 1 0 1627770193
WALL 44994646 1 0 1627770194
WALL 44994646 1 0 1627770195
WALL 44994646 1 0 1627770196
WALL 44994646 1 0 1627770197
WALL 44994646 1 0 1627770198
WALL 44994646 1 0 1627770199
WALL 44994646 1 0 1627770200
WALL 44994646 1 0 1627770201
WALL 44994646 1 0 1627770202
WALL 44994646 1 0 1627770203
WALL 44994646 1 0 1627770204
WALL 44994646 1 0 1627770205
WALL 44994646 1 0 1627770206
WALL 44994646 1 0 1627770207
WALL 44994646 1 0 1627770208
WALL 44994646 1 0 1627770209
WALL 44994646 1 0 1627770210
WALL 44994646 1 0 1627770211
WALL 44994646 1 0 1627770212
WALL 44994646 1 0 1627770213
WALL 44994646 1 0 1627770214
WALL 44994646 1 0 1627770215
WALL 44994646 1 0 1627770216
WALL 44994646 1 0 1627770217
WALL 44994646 1 0 1627770218
WALL 44994646 1 0 1627770219
WALL 44994646 1 0 1627770220
WALL 44994646 1 0 1627770221
WALL 44994646 1 0 1627770222
WALL 44994646 1 0 1627770223
WALL 44994646 1 0 1627770224
WALL 44994646 1 0 1627770225
WALL 44994646 1 0 1627770226
WALL 44994646 1 0 1627770227
WALL 44994646 1 0 1627770228
WALL 44994646 1 0 1627770229
WALL 44994646 1 0 1627770230
WALL 44994646 1 0 1627770231
WALL 44994646 1 0 1627770232
WALL 44994646 1 0 1627770233
WALL 44994646 1 0 1627770234
WALL 44994646 1 0 1627770235
WALL 44994646 1 0 1627770236
WALL 44994646 1 0 1627770237
WALL 44994646 1 0 1627770238
WALL 44994646 1 0 1627770239
WALL 44994646 1 0 1627770240
WALL 44994646 1 0 1627770241
WALL 44994646 1 0 1627770242
WALL 44994646 1 0 1627770243
WALL 44994646 1 0 1627770244
WALL 44994646 1 0 1627770245
WALL 44994646 1 0 1627770246
WALL 44994646 1 0 1627770247
WALL 44994646 1 0 1627770248
WALL 44994646 1 0 1627770249
WALL 44994646 1 0 1627770250
WALL 44994646 1 0 1627770251
WALL 44994646 1 0 1627770252
WALL 44994646 1 0 1627770253
WALL 44994646 1 0 1627770254
WALL 44994646 1 0 1627770255
WALL 44994646 1 0 1627770256
WALL 44994646 1 0 1627770257
WALL 44994646 1 0 1627770258
WALL 44994646 1 0 1627770259
WALL 44994646 1 0 1627770260
WALL 44994646 1 0 1627770261
WALL 44994646 1 0 1627770262
WALL 44994646 1 0 1627770263
WALL 44994646 1 0 1627770264
WALL 44994646 1 0 1627770265
WALL 44994646 1 0 1627770266
WALL 44994646 1 0 1627770267
WALL 44994646 1 0 1627770268
WALL 44994646 1 0 1627770269
WALL 44994646 1 0 1627770270
WALL 44994646 1 0 1627770271
WALL 44994646 1 0 1627770272
WALL 44994646 1 0 1627770273
WALL 44994646 1 0 1627770274
WALL 44994646 1 0 1627770275
WALL 44994646 1 0 1627770276
WALL 44994646 1 0 1627770277
WALL 44994646 1 0 1627770278
WALL 44994646 1 0 1627770279
WALL 44994646 1 0 1627770280
WALL 44994646 1 0 1627770281
WALL 44994646 1 0 1627770282
WALL 44994646 1 0 1627770283
WALL 44994646 1 0 1627770284
WALL 44994646 1 0 1627770285
WALL 44994646 1 0 1627770286
WALL 44994646 1 0 1627770287
WALL 44994646 1 0 1627770288
WALL 44994646 1 0 1627770289
WALL 44994646 1 0 1627770290
WALL 44994646 1 0 1627770291
WALL 44994646 1 0 1627770292
WALL 44994646 1 0 1627770293
WALL 44994646 1 0 1627770294
WALL 44994646 1 0 1627770295
WALL 44994646 1 0 1627770296
WALL 44994646 1 0 1627770297
WALL 44994646 1 0 1627770298
WALL 44994646 1 0 1627770299
WALL 44994646 1 0 1627770300
WALL 44994646 1 0 1627770301
WALL 44994646 1 0 1627770302
WALL 44994646 1 0 1627770303
WALL 44994646 1 0 1627770304
WALL 44994646 1 0 1627770305
WALL 44994646 1 0 1627770306
WALL 44994646 1 0 1627770307
WALL 44994646 1 0 1627770308
WALL 44994646 1 0 1627770309
WALL 44994646 1 0 1627770310
WALL 44994646 1 0 1627770311
WALL 44994646 1 0 1627770312
WALL 44994646 1 0 1627770313
WALL 44994646 1 0 1627770314
WALL 44994646 1 0 1627770315
WALL 44994646 1 0 1627770316
WALL 44994646 1 0 1627770317
WALL 44994646 1 0 1627770318
WALL 44994646 1 0 1627770319
WALL 44994646 1 0 1627770320
WALL 44994646 1 0 1627770321
WALL 44994646 1 0 1627770322
WALL 44994646 1 0 1627770323
WALL 44994646 1 0 1627770324
WALL 44994646 1 0 1627770325
WALL 44994646 1 0 1627770326
WALL 44994646 1 0 1627770327
WALL 44994646 1 0 1627770328
WALL 44994646 1 0 1627770329
WALL 44994646 1 0 1627770330
WALL 44994646 1 0 1627770331
WALL 44994646 1 0 1627770332
WALL 44994646 1 0 1627770333
WALL 44994646 1 0 1627770334
WALL 44994646 1 0 1627770335
WALL 44994646 1 0 1627770336
WALL 44994646 1 0 1627770337
WALL 44994646 1 0 1627770338
WALL 44994646 1 0 1627770339
WALL 44994646 1 0 1627770340
WALL 44994646 1 0 1627770341
WALL 44994646 1 0 1627770342
WALL 44994646 1 0 1627770343
WALL 44994646 1 0 1627770344
WALL 44994646 1 0 1627770345
WALL 44994646 1 0 1627770346
WALL 44994646 1 0 1627770347
WALL 44994646 1 0 1627770348
WALL 44994646 1 0 1627770349
WALL 44994646 1 0 1627770350
WALL 44994646 1 0 1627770351
WALL 44994646 1 0 1627770352
WALL 44994646 1 0 1627770353
WALL 44994646 1 0 1627770354
WALL 44994646 1 0 1627770355
WALL 44994646 1 0 1627770356
WALL 44994646 1 0 1627770357
WALL 44994646 1 0 1627770358
WALL 44994646 1 0 1627770359
WALL 44994646 1 0 1627770360
WALL 44994646 1 0 1627770361
WALL 44994646 1 0 1627770362
WALL 44994646 1 0 1627770363
WALL 44994646 1 0 1627770364
WALL 44994646 1 0 1627770365
WALL 44994646 1 0 1627770366
WALL 44994646 1 0 1627770367
WALL 44994646 1 0 1627770368
WALL 44994646 1 0 1627770369
WALL 44994646 1 0 1627770370
WALL 44994646 1 0 1627770371
WALL 44994646 1 0 1627770372
WALL 44994646 1 0 1627770373
WALL 44994646 1 0 1627770374
WALL 44994646 1 0 1627770375
WALL 44994646 1 0 1627770376
WALL 44994646 1 0 1627770377
WALL 44994646 1 0 1627770378
WALL 44994646 1 0 1627770379
WALL 44994646 1 0 1627770380
WALL 44994646 1 0 1627770381
WALL 44994646 1 0 1627770382
WALL 44994646 1 0 1627770383
WALL 44994646 1 0 1627770384
WALL 44994646 1 0 1627770385
WALL 44994646 1 0 1627770386
WALL 44994646 1 0 1627770387
WALL 44994646 1 0 1627770388
WALL 44994646 1 0 1627770389
WALL 44994646 1 0 1627770390
WALL 44994646 1 0 1627770391
WALL 44994646 1 0 1627770392
WALL 44994646 1 0 1627770393
WALL 44994646 1 0 1627770394
WALL 44994646 1 0 1627770395
WALL 44994646 1 0 1627770396
WALL 44994646 1 0 1627770397
WALL 44994646 1 0 1627770398
WALL 44994646 1 0 1627770399
WALL 44994646 1 0 1627770400
WALL 44994646 1 0 1627770401
WALL 44994646 1 0 1627770402
WALL 44994646 1 0 1627770403
WALL 44994646 1 0 1627770404
WALL 44994646 1 0 1627770405
WALL 44994646 1 0 1627770406
WALL 44994646 1 0 1627770407
WALL 44994646 1 0 1627770408
WALL 44994646 1 0 1627770409
WALL 44994646 1 0 1627770410
WALL 44994646 1 0 1627770411
WALL 44994646 1 0 1627770412
WALL 44994646 1 0 1627770413
WALL 44994646 1 0 1627770414
WALL 44994646 1 0 1627770415
WALL 44994646 1 0 1627770416
WALL 44994646 1 0 1627770417
WALL 44994646 1 0 1627770418
WALL 44994646 1 0 1627770419
WALL 44994646 1 0 1627770420
WALL 44994646 1 0 1627770421
WALL 44994646 1 0 1627770422
WALL 44994646 1 0 1627770423
WALL 44994646 1 0 1627770424
WALL 44994646 1 0 1627770425
WALL 44994646 1 0 1627770426
WALL 44994646 1 0 1627770427
WALL 44994646 1 0 1627770428
WALL 44994646 1 0 1627770429
WALL 44994646 1 0 1627770430
WALL 44994646 1 0 1627770431
WALL 44994646 1 0 1627770432
WALL 44994646 1 0 1627770433
WALL 44994646 1 0 1627770434
WALL 44994646 1 0 1627770435
WALL 44994646 1 0 1627770436
WALL 44994646 1 0 1627770437
WALL 44994646 1 0 1627770438
WALL 44994646 1 0 1627770439
WALL 44994646 1 0 1627770440
WALL 44994646 1 0 1627770441
WALL 44994646 1 0 1627770442
WALL 44994646 1 0 1627770443
WALL 44994646 1 0 1627770444
WALL 44994646 1 0 1627770445
WALL 44994646 1 0 1627770446
WALL 44994646 1 0 1627770447
WALL 44994646 1 0 1627770448
WALL 44994646 1 0 1627770449
WALL 44994646 1 0 1627770450
WALL 44994646 1 0 1627770451
WALL 44994646 1 0 1627770452
WALL 44994646 1 0 1627770453
WALL 44994646 1 0 1627770454
WALL 44994646 1 0 1627770455
WALL 44994646 1 0 1627770456
WALL 44994646 1 0 1627770457
WALL 44994646 1 0 1627770458
WALL 44994646 1 0 1627770459
WALL 44994646 1 0 1627770460
WALL 44994646 1 0 1627770461
WALL 44994646 1 0 1627770462
WALL 44994646 1 0 1627770463
WALL 44994646 1 0 1627770464
WALL 44994646 1 0 1627770465
WALL 44994646 1 0 1627770466
WALL 44994646 1 0 1627770467
WALL 44994646 1 0 1627770468
WALL 44994646 1 0 1627770469
WALL 44994646 1 0 1627770470
WALL 44994646 1 0 1627770471
WALL 44994646 1 0 1627770472
WALL 44994646 1 0 1627770473
WALL 44994646 1 0 1627770474
WALL 44994646 1 0 1627770475
WALL 44994646 1 0 1627770476
WALL 44994646 1 0 1627770477
WALL 44994646 1 0 1627770478
WALL 44994646 1 0 1627770479
WALL 44994646 1 0 1627770480
WALL 44994646 1 0 1627770481
WALL 44994646 1 0 1627770482
WALL 44994646 1 0 1627770483
WALL 44994646 1 0 1627770484
WALL 44994646 1 0 1627770485
WALL 44994646 1 0 1627770486
WALL 44994646 1 0 1627770487
WALL 44994646 1 0 1627770488
WALL 44994646 1 0 1627770489
WALL 44994646 1 0 1627770490
WALL 44994646 1 0 1627770491
WALL 44994646 1 0 1627770492
WALL 44994646 1 0 1627770493
WALL 44994646 1 0 1627770494
WALL 44994646 1 0 1627770495
WALL 44994646 1 0 1627770496
WALL 44994646 1 0 1627770497
WALL 44994646 1 0 1627770498
WALL 44994646 1 0 1627770499
WALL 44994646 1 0 1627770500
WALL 44994646 1 0 1627770501
WALL 44994646 1 0 1627770502
WALL 44994646 1 0 1627770503
WALL 44994646 1 0 1627770504
WALL 44994646 1 0 1627770505
WALL 44994646 1 0 1627770506
WALL 44994646 1 0 1627770507
WALL 44994646 1 0 1627770508
WALL 44994646 1 0 1627770509
WALL 44994646 1 0 1627770510
WALL 44994646 1 0 1627770511
WALL 44994646 1 0 1627770512
WALL 44994646 1 0 1627770513
WALL 44994646 1 0 1627770514
WALL 44994646 1 0 1627770515
WALL 44994646 1 0 1627770516
WALL 44994646 1 0 1627770517
WALL 44994646 1 0 1627770518
WALL 44994646 1 0 1627770519
WALL 44994646 1 0 1627770520
WALL 44994646 1 0 1627770521
WALL 44994646 1 0 1627770522
WALL 44994646 1 0 1627770523
WALL 44994646 1 0 1627770524
WALL 44994646 1 0 1627770525
WALL 44994646 1 0 1627770526
WALL 44994646 1 0 1627770527
WALL 44994646 1 0 1627770528
WALL 44994646 1 0 1627770529
WALL 44994646 1 0 1627770530
WALL 44994646 1 0 1627770531
WALL 44994646 1 0 1627770532
WALL 44994646 1 0 1627770533
WALL 44994646 1 0 1627770534
WALL 44994646 1 0 1627770535
WALL 44994646 1 0 1627770536
WALL 44994646 1 0 1627770537
WALL 44994646 1 0 1627770538
WALL 44994646 1 0 1627770539
WALL 44994646 1 0 1627770540
WALL 44994646 1 0 1627770541
WALL 44994646 1 0 1627770542
WALL 44994646 1 0 1627770543
WALL 44994646 1 0 1627770544
WALL 44994646 1 0 1627770545
WALL 44994646 1 0 1627770546
WALL 44994646 1 0 1627770547
WALL 44994646 1 0 1627770548
WALL 44994646 1 0 1627770549
WALL 44994646 1 0 1627770550
WALL 44994646 1 0 1627770551
WALL 44994646 1 0 1627770552
WALL 44994646 1 0 1627770553
WALL 44994646 1 0 1627770554
WALL 44994646 1 0 1627770555
WALL 44994646 1 0 1627770556
WALL 44994646 1 0 1627770557
WALL 44994646 1 0 1627770558
WALL 44994646 1 0 1627770559
WALL 44994646 1 0 1627770560
WALL 44994646 1 0 1627770561
WALL 44994646 1 0 1627770562
WALL 44994646 1 0 1627770563
WALL 44994646 1 0 1627770564
WALL 44994646 1 0 1627770565
WALL 44994646 1 0 1627770566
WALL 44994646 1 0 1627770567
WALL 44994646 1 0 1627770568
WALL 44994646 1 0 1627770569
WALL 44994646 1 0 1627770570
WALL 44994646 1 0 1627770571
WALL 44994646 1 0 1627770572
WALL 44994646 1 0 1627770573
WALL 44994646 1 0 1627770574
WALL 44994646 1 0 1627770575
WALL 44994646 1 0 1627770576
WALL 44994646 1 0 1627770577
WALL 44994646 1 0 1627770578
WALL 44994646 1 0 1627770579
WALL 44994646 1 0 1627770580
WALL 44994646 1 0 1627770581
WALL 44994646 1 0 1627770582
WALL 44994646 1 0 1627770583
WALL 44994646 1 0 1627770584
WALL 44994646 1 0 1627770585
WALL 44994646 1 0 1627770586
WALL 44994646 1 0 1627770587
WALL 44994646 1 0 1627770588
WALL 44994646 1 0 1627770589
WALL 44994646 1 0 1627770590
WALL 44994646 1 0 1627770591
WALL 44994646 1 0 1627770592
WALL 44994646 1 0 1627770593
WALL 44994646 1 0 1627770594
WALL 44994646 1 0 1627770595
WALL 44994646 1 0 1627770596
WALL 44994646 1 0 1627770597
WALL 44994646 1 0 1627770598
WALL 44994646 1 0 1627770599
WALL 44994646 1 0 1627770600
WALL 44994646 1 0 1627770601
WALL 44994646 1 0 1627770602
WALL 44994646 1 0 1627770603
WALL 44994646 1 0 1627770604
WALL 44994646 1 0 1627770605
WALL 44994646 1 0 1627770606
WALL 44994646 1 0 1627770607
WALL 44994646 1 0 1627770608
WALL 44994646 1 0 1627770609
WALL 44994646 1 0 1627770610
WALL 44994646 1 0 1627770611
WALL 44994646 1 0 1627770612
WALL 44994646 1 0 1627770613
WALL 44994646 1 0 1627770614
WALL 44994646 1 0 1627770615
WALL 44994646 1 0 1627770616
WALL 44994646 1 0 1627770617
WALL 44994646 1 0 1627770618
WALL 44994646 1 0 1627770619
WALL 44994646 1 0 1627770620
WALL 44994646 1 0 1627770621
WALL 44994646 1 0 1627770622
WALL 44994646 1 0 1627770623
WALL 44994646 1 0 1627770624
WALL 44994646 1 0 1627770625
WALL 44994646 1 0 1627770626
WALL 44994646 1 0 1627770627
WALL 44994646 1 0 1627770628
WALL 44994646 1 0 1627770629
WALL 44994646 1 0 1627770630
WALL 44994646 1 0 1627770631
WALL 44994646 1 0 1627770632
WALL 44994646 1 0 1627770633
WALL 44994646 1 0 1627770634
WALL 44994646 1 0 1627770635
WALL 44994646 1 0 1627770636
WALL 44994646 1 0 1627770637
WALL 44994646 1 0 1627770638
WALL 44994646 1 0 1627770639
WALL 44994646 1 0 1627770640
WALL 44994646 1 0 1627770641
WALL 44994646 1 0 1627770642
WALL 44994646 1 0 1627770643
WALL 44994646 1 0 1627770644
WALL 44994646 1 0 1627770645
WALL 44994646 1 0 1627770646
WALL 44994646 1 0 1627770647
WALL 44994646 1 0 1627770648
WALL 44994646 1 0 1627770649
WALL 44994646 1 0 1627770650
WALL 44994646 1 0 1627770651
WALL 44994646 1 0 1627770652
WALL 44994646 1 0 1627770653
WALL 44994646 1 0 1627770654
WALL 44994646 1 0 1627770655
WALL 44994646 1 0 1627770656
WALL 44994646 1 0 1627770657
WALL 44994646 1 0 1627770658
WALL 44994646 1 0 1627770659
WALL 44994646 1 0 1627770660
WALL 44994646 1 0 1627770661
WALL 44994646 1 0 1627770662
WALL 44994646 1 0 1627770663
WALL 44994646 1 0 1627770664
WALL 44994646 1 0 1627770665
WALL 44994646 1 0 1627770666
WALL 44994646 1 0 1627770667
WALL 44994646 1 0 1627770668
WALL 44994646 1 0 1627770669
WALL 44994646 1 0 1627770670
WALL 44994646 1 0 1627770671
WALL 44994646 1 0 1627770672
WALL 44994646 1 0 1627770673
WALL 44994646 1 0 1627770674
WALL 44994646 1 0 1627770675
WALL 44994646 1 0 1627770676
WALL 44994646 1 0 1627770677
WALL 44994646 1 0 1627770678
WALL 44994646 1 0 1627770679
WALL 44994646 1 0 1627770680
WALL 44994646 1 0 1627770681
WALL 44994646 1 0 1627770682
slurmstepd: error: *** STEP 44994646.0 ON nid00808 CANCELLED AT 2021-07-31T15:31:22 ***
received SIGCONT 1627770682
WALL 44994646 1 0 1627770682
received SIGTERM 1627770682
WALL 44994646 1 0 1627770682
WALL 44994646 1 0 1627770683
WALL 44994646 1 0 1627770684
WALL 44994646 1 0 1627770685
WALL 44994646 1 0 1627770686
WALL 44994646 1 0 1627770687
WALL 44994646 1 0 1627770688
WALL 44994646 1 0 1627770689
WALL 44994646 1 0 1627770690
WALL 44994646 1 0 1627770691
WALL 44994646 1 0 1627770692
WALL 44994646 1 0 1627770693
WALL 44994646 1 0 1627770694
WALL 44994646 1 0 1627770695
WALL 44994646 1 0 1627770696
WALL 44994646 1 0 1627770697
WALL 44994646 1 0 1627770698
WALL 44994646 1 0 1627770699
WALL 44994646 1 0 1627770700
WALL 44994646 1 0 1627770701
WALL 44994646 1 0 1627770702
WALL 44994646 1 0 1627770703
WALL 44994646 1 0 1627770704
WALL 44994646 1 0 1627770705
WALL 44994646 1 0 1627770706
WALL 44994646 1 0 1627770707
WALL 44994646 1 0 1627770708
WALL 44994646 1 0 1627770709
WALL 44994646 1 0 1627770710
WALL 44994646 1 0 1627770711
WALL 44994646 1 0 1627770712
WALL 44994646 1 0 1627770713
WALL 44994646 1 0 1627770714
WALL 44994646 1 0 1627770715
WALL 44994646 1 0 1627770716
WALL 44994646 1 0 1627770717
WALL 44994646 1 0 1627770718
WALL 44994646 1 0 1627770719
WALL 44994646 1 0 1627770720
WALL 44994646 1 0 1627770721
WALL 44994646 1 0 1627770722
WALL 44994646 1 0 1627770723
WALL 44994646 1 0 1627770724
WALL 44994646 1 0 1627770725
WALL 44994646 1 0 1627770726
WALL 44994646 1 0 1627770727
WALL 44994646 1 0 1627770728
WALL 44994646 1 0 1627770729
WALL 44994646 1 0 1627770730
WALL 44994646 1 0 1627770731
WALL 44994646 1 0 1627770732
WALL 44994646 1 0 1627770733
WALL 44994646 1 0 1627770734
WALL 44994646 1 0 1627770735
WALL 44994646 1 0 1627770736
WALL 44994646 1 0 1627770737
WALL 44994646 1 0 1627770738
WALL 44994646 1 0 1627770739
WALL 44994646 1 0 1627770740
WALL 44994646 1 0 1627770741
WALL 44994646 1 0 1627770742
WALL 44994646 1 0 1627770743
WALL 44994646 1 0 1627770744
WALL 44994646 1 0 1627770745
WALL 44994646 1 0 1627770746
WALL 44994646 1 0 1627770747
WALL 44994646 1 0 1627770748
WALL 44994646 1 0 1627770749
WALL 44994646 1 0 1627770750
WALL 44994646 1 0 1627770751
WALL 44994646 1 0 1627770752
WALL 44994646 1 0 1627770753
WALL 44994646 1 0 1627770754
WALL 44994646 1 0 1627770755
WALL 44994646 1 0 1627770756
WALL 44994646 1 0 1627770757
WALL 44994646 1 0 1627770758
WALL 44994646 1 0 1627770759
WALL 44994646 1 0 1627770760
WALL 44994646 1 0 1627770761
WALL 44994646 1 0 1627770762
WALL 44994646 1 0 1627770763
received SIGTERM 1627770763
WALL 44994646 1 0 1627770763
received SIGCONT 1627770763
WALL 44994646 1 0 1627770763
srun: got SIGCONT
received SIGTERM 1627770763
WALL 44994646 1 0 1627770763
srun: forcing job termination
