WALL 44992773 1 0 1627765201
WALL 44992773 1 0 1627765202
WALL 44992773 1 0 1627765203
WALL 44992773 1 0 1627765204
WALL 44992773 1 0 1627765205
WALL 44992773 1 0 1627765206
WALL 44992773 1 0 1627765207
WALL 44992773 1 0 1627765208
WALL 44992773 1 0 1627765209
WALL 44992773 1 0 1627765210
WALL 44992773 1 0 1627765211
WALL 44992773 1 0 1627765212
WALL 44992773 1 0 1627765213
WALL 44992773 1 0 1627765214
WALL 44992773 1 0 1627765215
WALL 44992773 1 0 1627765216
WALL 44992773 1 0 1627765217
WALL 44992773 1 0 1627765218
WALL 44992773 1 0 1627765219
WALL 44992773 1 0 1627765220
WALL 44992773 1 0 1627765221
WALL 44992773 1 0 1627765222
WALL 44992773 1 0 1627765223
WALL 44992773 1 0 1627765224
WALL 44992773 1 0 1627765225
WALL 44992773 1 0 1627765226
WALL 44992773 1 0 1627765227
WALL 44992773 1 0 1627765228
WALL 44992773 1 0 1627765229
WALL 44992773 1 0 1627765230
WALL 44992773 1 0 1627765231
WALL 44992773 1 0 1627765232
WALL 44992773 1 0 1627765233
WALL 44992773 1 0 1627765234
WALL 44992773 1 0 1627765235
WALL 44992773 1 0 1627765236
WALL 44992773 1 0 1627765237
WALL 44992773 1 0 1627765238
WALL 44992773 1 0 1627765239
WALL 44992773 1 0 1627765240
WALL 44992773 1 0 1627765241
WALL 44992773 1 0 1627765242
WALL 44992773 1 0 1627765243
WALL 44992773 1 0 1627765244
WALL 44992773 1 0 1627765245
WALL 44992773 1 0 1627765246
WALL 44992773 1 0 1627765247
WALL 44992773 1 0 1627765248
WALL 44992773 1 0 1627765249
WALL 44992773 1 0 1627765250
WALL 44992773 1 0 1627765251
WALL 44992773 1 0 1627765252
WALL 44992773 1 0 1627765253
WALL 44992773 1 0 1627765254
WALL 44992773 1 0 1627765255
WALL 44992773 1 0 1627765256
WALL 44992773 1 0 1627765257
WALL 44992773 1 0 1627765258
WALL 44992773 1 0 1627765259
WALL 44992773 1 0 1627765260
WALL 44992773 1 0 1627765261
WALL 44992773 1 0 1627765262
WALL 44992773 1 0 1627765263
WALL 44992773 1 0 1627765264
WALL 44992773 1 0 1627765265
WALL 44992773 1 0 1627765266
WALL 44992773 1 0 1627765267
WALL 44992773 1 0 1627765268
WALL 44992773 1 0 1627765269
WALL 44992773 1 0 1627765270
WALL 44992773 1 0 1627765271
WALL 44992773 1 0 1627765272
WALL 44992773 1 0 1627765273
WALL 44992773 1 0 1627765274
WALL 44992773 1 0 1627765275
WALL 44992773 1 0 1627765276
WALL 44992773 1 0 1627765277
WALL 44992773 1 0 1627765278
WALL 44992773 1 0 1627765279
WALL 44992773 1 0 1627765280
WALL 44992773 1 0 1627765281
WALL 44992773 1 0 1627765282
WALL 44992773 1 0 1627765283
WALL 44992773 1 0 1627765284
WALL 44992773 1 0 1627765285
WALL 44992773 1 0 1627765286
WALL 44992773 1 0 1627765287
WALL 44992773 1 0 1627765288
WALL 44992773 1 0 1627765289
WALL 44992773 1 0 1627765290
WALL 44992773 1 0 1627765291
WALL 44992773 1 0 1627765292
WALL 44992773 1 0 1627765293
WALL 44992773 1 0 1627765294
WALL 44992773 1 0 1627765295
WALL 44992773 1 0 1627765296
WALL 44992773 1 0 1627765297
WALL 44992773 1 0 1627765298
WALL 44992773 1 0 1627765299
WALL 44992773 1 0 1627765300
WALL 44992773 1 0 1627765301
WALL 44992773 1 0 1627765302
WALL 44992773 1 0 1627765303
WALL 44992773 1 0 1627765304
WALL 44992773 1 0 1627765305
WALL 44992773 1 0 1627765306
WALL 44992773 1 0 1627765307
WALL 44992773 1 0 1627765308
WALL 44992773 1 0 1627765309
WALL 44992773 1 0 1627765310
WALL 44992773 1 0 1627765311
WALL 44992773 1 0 1627765312
WALL 44992773 1 0 1627765313
WALL 44992773 1 0 1627765314
WALL 44992773 1 0 1627765315
WALL 44992773 1 0 1627765316
WALL 44992773 1 0 1627765317
WALL 44992773 1 0 1627765318
WALL 44992773 1 0 1627765319
WALL 44992773 1 0 1627765320
WALL 44992773 1 0 1627765321
WALL 44992773 1 0 1627765322
WALL 44992773 1 0 1627765323
WALL 44992773 1 0 1627765324
WALL 44992773 1 0 1627765325
WALL 44992773 1 0 1627765326
WALL 44992773 1 0 1627765327
WALL 44992773 1 0 1627765328
WALL 44992773 1 0 1627765329
WALL 44992773 1 0 1627765330
WALL 44992773 1 0 1627765331
WALL 44992773 1 0 1627765332
WALL 44992773 1 0 1627765333
WALL 44992773 1 0 1627765334
WALL 44992773 1 0 1627765335
WALL 44992773 1 0 1627765336
WALL 44992773 1 0 1627765337
WALL 44992773 1 0 1627765338
WALL 44992773 1 0 1627765339
WALL 44992773 1 0 1627765340
WALL 44992773 1 0 1627765341
WALL 44992773 1 0 1627765342
WALL 44992773 1 0 1627765343
WALL 44992773 1 0 1627765344
WALL 44992773 1 0 1627765345
WALL 44992773 1 0 1627765346
WALL 44992773 1 0 1627765347
WALL 44992773 1 0 1627765348
WALL 44992773 1 0 1627765349
WALL 44992773 1 0 1627765350
WALL 44992773 1 0 1627765351
WALL 44992773 1 0 1627765352
WALL 44992773 1 0 1627765353
WALL 44992773 1 0 1627765354
WALL 44992773 1 0 1627765355
WALL 44992773 1 0 1627765356
WALL 44992773 1 0 1627765357
WALL 44992773 1 0 1627765358
WALL 44992773 1 0 1627765359
WALL 44992773 1 0 1627765360
WALL 44992773 1 0 1627765361
WALL 44992773 1 0 1627765362
WALL 44992773 1 0 1627765363
WALL 44992773 1 0 1627765364
WALL 44992773 1 0 1627765365
WALL 44992773 1 0 1627765366
WALL 44992773 1 0 1627765367
WALL 44992773 1 0 1627765368
WALL 44992773 1 0 1627765369
WALL 44992773 1 0 1627765370
WALL 44992773 1 0 1627765371
WALL 44992773 1 0 1627765372
WALL 44992773 1 0 1627765373
WALL 44992773 1 0 1627765374
WALL 44992773 1 0 1627765375
WALL 44992773 1 0 1627765376
WALL 44992773 1 0 1627765377
WALL 44992773 1 0 1627765378
WALL 44992773 1 0 1627765379
WALL 44992773 1 0 1627765380
WALL 44992773 1 0 1627765381
WALL 44992773 1 0 1627765382
WALL 44992773 1 0 1627765383
WALL 44992773 1 0 1627765384
WALL 44992773 1 0 1627765385
WALL 44992773 1 0 1627765386
WALL 44992773 1 0 1627765387
WALL 44992773 1 0 1627765388
WALL 44992773 1 0 1627765389
WALL 44992773 1 0 1627765390
WALL 44992773 1 0 1627765391
WALL 44992773 1 0 1627765392
WALL 44992773 1 0 1627765393
WALL 44992773 1 0 1627765394
WALL 44992773 1 0 1627765395
WALL 44992773 1 0 1627765396
WALL 44992773 1 0 1627765397
WALL 44992773 1 0 1627765398
WALL 44992773 1 0 1627765399
WALL 44992773 1 0 1627765400
WALL 44992773 1 0 1627765401
WALL 44992773 1 0 1627765402
WALL 44992773 1 0 1627765403
WALL 44992773 1 0 1627765404
WALL 44992773 1 0 1627765405
WALL 44992773 1 0 1627765406
WALL 44992773 1 0 1627765407
WALL 44992773 1 0 1627765408
WALL 44992773 1 0 1627765409
WALL 44992773 1 0 1627765410
WALL 44992773 1 0 1627765411
WALL 44992773 1 0 1627765412
WALL 44992773 1 0 1627765413
WALL 44992773 1 0 1627765414
WALL 44992773 1 0 1627765415
WALL 44992773 1 0 1627765416
WALL 44992773 1 0 1627765417
WALL 44992773 1 0 1627765418
WALL 44992773 1 0 1627765419
WALL 44992773 1 0 1627765420
WALL 44992773 1 0 1627765421
WALL 44992773 1 0 1627765422
WALL 44992773 1 0 1627765423
WALL 44992773 1 0 1627765424
WALL 44992773 1 0 1627765425
WALL 44992773 1 0 1627765426
WALL 44992773 1 0 1627765427
WALL 44992773 1 0 1627765428
WALL 44992773 1 0 1627765429
WALL 44992773 1 0 1627765430
WALL 44992773 1 0 1627765431
WALL 44992773 1 0 1627765432
WALL 44992773 1 0 1627765433
WALL 44992773 1 0 1627765434
WALL 44992773 1 0 1627765435
WALL 44992773 1 0 1627765436
WALL 44992773 1 0 1627765437
WALL 44992773 1 0 1627765438
WALL 44992773 1 0 1627765439
WALL 44992773 1 0 1627765440
WALL 44992773 1 0 1627765441
WALL 44992773 1 0 1627765442
WALL 44992773 1 0 1627765443
WALL 44992773 1 0 1627765444
WALL 44992773 1 0 1627765445
WALL 44992773 1 0 1627765446
WALL 44992773 1 0 1627765447
WALL 44992773 1 0 1627765448
WALL 44992773 1 0 1627765449
WALL 44992773 1 0 1627765450
WALL 44992773 1 0 1627765451
WALL 44992773 1 0 1627765452
WALL 44992773 1 0 1627765453
WALL 44992773 1 0 1627765454
WALL 44992773 1 0 1627765455
WALL 44992773 1 0 1627765456
WALL 44992773 1 0 1627765457
WALL 44992773 1 0 1627765458
WALL 44992773 1 0 1627765459
WALL 44992773 1 0 1627765460
WALL 44992773 1 0 1627765461
WALL 44992773 1 0 1627765462
WALL 44992773 1 0 1627765463
WALL 44992773 1 0 1627765464
WALL 44992773 1 0 1627765465
WALL 44992773 1 0 1627765466
WALL 44992773 1 0 1627765467
WALL 44992773 1 0 1627765468
WALL 44992773 1 0 1627765469
WALL 44992773 1 0 1627765470
WALL 44992773 1 0 1627765471
WALL 44992773 1 0 1627765472
WALL 44992773 1 0 1627765473
WALL 44992773 1 0 1627765474
WALL 44992773 1 0 1627765475
WALL 44992773 1 0 1627765476
WALL 44992773 1 0 1627765477
WALL 44992773 1 0 1627765478
WALL 44992773 1 0 1627765479
WALL 44992773 1 0 1627765480
WALL 44992773 1 0 1627765481
WALL 44992773 1 0 1627765482
WALL 44992773 1 0 1627765483
WALL 44992773 1 0 1627765484
WALL 44992773 1 0 1627765485
WALL 44992773 1 0 1627765486
WALL 44992773 1 0 1627765487
WALL 44992773 1 0 1627765488
WALL 44992773 1 0 1627765489
WALL 44992773 1 0 1627765490
WALL 44992773 1 0 1627765491
WALL 44992773 1 0 1627765492
WALL 44992773 1 0 1627765493
WALL 44992773 1 0 1627765494
WALL 44992773 1 0 1627765495
WALL 44992773 1 0 1627765496
WALL 44992773 1 0 1627765497
WALL 44992773 1 0 1627765498
WALL 44992773 1 0 1627765499
WALL 44992773 1 0 1627765500
WALL 44992773 1 0 1627765501
WALL 44992773 1 0 1627765502
WALL 44992773 1 0 1627765503
WALL 44992773 1 0 1627765504
WALL 44992773 1 0 1627765505
WALL 44992773 1 0 1627765506
WALL 44992773 1 0 1627765507
WALL 44992773 1 0 1627765508
WALL 44992773 1 0 1627765509
WALL 44992773 1 0 1627765510
WALL 44992773 1 0 1627765511
WALL 44992773 1 0 1627765512
WALL 44992773 1 0 1627765513
WALL 44992773 1 0 1627765514
WALL 44992773 1 0 1627765515
WALL 44992773 1 0 1627765516
WALL 44992773 1 0 1627765517
WALL 44992773 1 0 1627765518
WALL 44992773 1 0 1627765519
WALL 44992773 1 0 1627765520
WALL 44992773 1 0 1627765521
WALL 44992773 1 0 1627765522
WALL 44992773 1 0 1627765523
WALL 44992773 1 0 1627765524
WALL 44992773 1 0 1627765525
WALL 44992773 1 0 1627765526
WALL 44992773 1 0 1627765527
WALL 44992773 1 0 1627765528
WALL 44992773 1 0 1627765529
WALL 44992773 1 0 1627765530
WALL 44992773 1 0 1627765531
WALL 44992773 1 0 1627765532
WALL 44992773 1 0 1627765533
WALL 44992773 1 0 1627765534
WALL 44992773 1 0 1627765535
WALL 44992773 1 0 1627765536
WALL 44992773 1 0 1627765537
WALL 44992773 1 0 1627765538
WALL 44992773 1 0 1627765539
WALL 44992773 1 0 1627765540
WALL 44992773 1 0 1627765541
WALL 44992773 1 0 1627765542
WALL 44992773 1 0 1627765543
WALL 44992773 1 0 1627765544
WALL 44992773 1 0 1627765545
WALL 44992773 1 0 1627765546
WALL 44992773 1 0 1627765547
WALL 44992773 1 0 1627765548
WALL 44992773 1 0 1627765549
WALL 44992773 1 0 1627765550
WALL 44992773 1 0 1627765551
WALL 44992773 1 0 1627765552
WALL 44992773 1 0 1627765553
WALL 44992773 1 0 1627765554
WALL 44992773 1 0 1627765555
WALL 44992773 1 0 1627765556
WALL 44992773 1 0 1627765557
WALL 44992773 1 0 1627765558
WALL 44992773 1 0 1627765559
WALL 44992773 1 0 1627765560
WALL 44992773 1 0 1627765561
WALL 44992773 1 0 1627765562
WALL 44992773 1 0 1627765563
WALL 44992773 1 0 1627765564
WALL 44992773 1 0 1627765565
WALL 44992773 1 0 1627765566
WALL 44992773 1 0 1627765567
WALL 44992773 1 0 1627765568
WALL 44992773 1 0 1627765569
WALL 44992773 1 0 1627765570
WALL 44992773 1 0 1627765571
WALL 44992773 1 0 1627765572
WALL 44992773 1 0 1627765573
WALL 44992773 1 0 1627765574
WALL 44992773 1 0 1627765575
WALL 44992773 1 0 1627765576
WALL 44992773 1 0 1627765577
WALL 44992773 1 0 1627765578
WALL 44992773 1 0 1627765579
WALL 44992773 1 0 1627765580
WALL 44992773 1 0 1627765581
WALL 44992773 1 0 1627765582
WALL 44992773 1 0 1627765583
WALL 44992773 1 0 1627765584
WALL 44992773 1 0 1627765585
WALL 44992773 1 0 1627765586
WALL 44992773 1 0 1627765587
WALL 44992773 1 0 1627765588
WALL 44992773 1 0 1627765589
WALL 44992773 1 0 1627765590
WALL 44992773 1 0 1627765591
WALL 44992773 1 0 1627765592
WALL 44992773 1 0 1627765593
WALL 44992773 1 0 1627765594
WALL 44992773 1 0 1627765595
WALL 44992773 1 0 1627765596
WALL 44992773 1 0 1627765597
WALL 44992773 1 0 1627765598
WALL 44992773 1 0 1627765599
WALL 44992773 1 0 1627765600
WALL 44992773 1 0 1627765601
WALL 44992773 1 0 1627765602
WALL 44992773 1 0 1627765603
WALL 44992773 1 0 1627765604
WALL 44992773 1 0 1627765605
WALL 44992773 1 0 1627765606
WALL 44992773 1 0 1627765607
WALL 44992773 1 0 1627765608
WALL 44992773 1 0 1627765609
WALL 44992773 1 0 1627765610
WALL 44992773 1 0 1627765611
WALL 44992773 1 0 1627765612
WALL 44992773 1 0 1627765613
WALL 44992773 1 0 1627765614
WALL 44992773 1 0 1627765615
WALL 44992773 1 0 1627765616
WALL 44992773 1 0 1627765617
WALL 44992773 1 0 1627765618
WALL 44992773 1 0 1627765619
WALL 44992773 1 0 1627765620
WALL 44992773 1 0 1627765621
WALL 44992773 1 0 1627765622
WALL 44992773 1 0 1627765623
WALL 44992773 1 0 1627765624
WALL 44992773 1 0 1627765625
WALL 44992773 1 0 1627765626
WALL 44992773 1 0 1627765627
WALL 44992773 1 0 1627765628
WALL 44992773 1 0 1627765629
WALL 44992773 1 0 1627765630
WALL 44992773 1 0 1627765631
WALL 44992773 1 0 1627765632
WALL 44992773 1 0 1627765633
WALL 44992773 1 0 1627765634
WALL 44992773 1 0 1627765635
WALL 44992773 1 0 1627765636
WALL 44992773 1 0 1627765637
WALL 44992773 1 0 1627765638
WALL 44992773 1 0 1627765639
WALL 44992773 1 0 1627765640
WALL 44992773 1 0 1627765641
WALL 44992773 1 0 1627765642
WALL 44992773 1 0 1627765643
WALL 44992773 1 0 1627765644
WALL 44992773 1 0 1627765645
WALL 44992773 1 0 1627765646
WALL 44992773 1 0 1627765647
WALL 44992773 1 0 1627765648
WALL 44992773 1 0 1627765649
WALL 44992773 1 0 1627765650
WALL 44992773 1 0 1627765651
WALL 44992773 1 0 1627765652
WALL 44992773 1 0 1627765653
WALL 44992773 1 0 1627765654
WALL 44992773 1 0 1627765655
WALL 44992773 1 0 1627765656
WALL 44992773 1 0 1627765657
WALL 44992773 1 0 1627765658
WALL 44992773 1 0 1627765659
WALL 44992773 1 0 1627765660
WALL 44992773 1 0 1627765661
WALL 44992773 1 0 1627765662
WALL 44992773 1 0 1627765663
WALL 44992773 1 0 1627765664
WALL 44992773 1 0 1627765665
WALL 44992773 1 0 1627765666
WALL 44992773 1 0 1627765667
WALL 44992773 1 0 1627765668
WALL 44992773 1 0 1627765669
WALL 44992773 1 0 1627765670
WALL 44992773 1 0 1627765671
WALL 44992773 1 0 1627765672
WALL 44992773 1 0 1627765673
WALL 44992773 1 0 1627765674
WALL 44992773 1 0 1627765675
WALL 44992773 1 0 1627765676
WALL 44992773 1 0 1627765677
WALL 44992773 1 0 1627765678
WALL 44992773 1 0 1627765679
WALL 44992773 1 0 1627765680
WALL 44992773 1 0 1627765681
WALL 44992773 1 0 1627765682
WALL 44992773 1 0 1627765683
WALL 44992773 1 0 1627765684
WALL 44992773 1 0 1627765685
WALL 44992773 1 0 1627765686
WALL 44992773 1 0 1627765687
WALL 44992773 1 0 1627765688
WALL 44992773 1 0 1627765689
WALL 44992773 1 0 1627765690
WALL 44992773 1 0 1627765691
WALL 44992773 1 0 1627765692
WALL 44992773 1 0 1627765693
WALL 44992773 1 0 1627765694
WALL 44992773 1 0 1627765695
WALL 44992773 1 0 1627765696
WALL 44992773 1 0 1627765697
WALL 44992773 1 0 1627765698
WALL 44992773 1 0 1627765699
WALL 44992773 1 0 1627765700
WALL 44992773 1 0 1627765701
WALL 44992773 1 0 1627765702
WALL 44992773 1 0 1627765703
WALL 44992773 1 0 1627765704
WALL 44992773 1 0 1627765705
WALL 44992773 1 0 1627765706
WALL 44992773 1 0 1627765707
WALL 44992773 1 0 1627765708
WALL 44992773 1 0 1627765709
WALL 44992773 1 0 1627765710
WALL 44992773 1 0 1627765711
WALL 44992773 1 0 1627765712
WALL 44992773 1 0 1627765713
WALL 44992773 1 0 1627765714
WALL 44992773 1 0 1627765715
WALL 44992773 1 0 1627765716
WALL 44992773 1 0 1627765717
WALL 44992773 1 0 1627765718
WALL 44992773 1 0 1627765719
WALL 44992773 1 0 1627765720
WALL 44992773 1 0 1627765721
WALL 44992773 1 0 1627765722
WALL 44992773 1 0 1627765723
WALL 44992773 1 0 1627765724
WALL 44992773 1 0 1627765725
WALL 44992773 1 0 1627765726
WALL 44992773 1 0 1627765727
WALL 44992773 1 0 1627765728
WALL 44992773 1 0 1627765729
WALL 44992773 1 0 1627765730
WALL 44992773 1 0 1627765731
WALL 44992773 1 0 1627765732
WALL 44992773 1 0 1627765733
WALL 44992773 1 0 1627765734
WALL 44992773 1 0 1627765735
WALL 44992773 1 0 1627765736
WALL 44992773 1 0 1627765737
WALL 44992773 1 0 1627765738
WALL 44992773 1 0 1627765739
WALL 44992773 1 0 1627765740
WALL 44992773 1 0 1627765741
WALL 44992773 1 0 1627765742
WALL 44992773 1 0 1627765743
WALL 44992773 1 0 1627765744
WALL 44992773 1 0 1627765745
WALL 44992773 1 0 1627765746
WALL 44992773 1 0 1627765747
WALL 44992773 1 0 1627765748
WALL 44992773 1 0 1627765749
WALL 44992773 1 0 1627765750
WALL 44992773 1 0 1627765751
WALL 44992773 1 0 1627765752
WALL 44992773 1 0 1627765753
WALL 44992773 1 0 1627765754
WALL 44992773 1 0 1627765755
WALL 44992773 1 0 1627765756
WALL 44992773 1 0 1627765757
WALL 44992773 1 0 1627765758
WALL 44992773 1 0 1627765759
WALL 44992773 1 0 1627765760
WALL 44992773 1 0 1627765761
WALL 44992773 1 0 1627765762
WALL 44992773 1 0 1627765763
WALL 44992773 1 0 1627765764
WALL 44992773 1 0 1627765765
WALL 44992773 1 0 1627765766
WALL 44992773 1 0 1627765767
WALL 44992773 1 0 1627765768
WALL 44992773 1 0 1627765769
WALL 44992773 1 0 1627765770
WALL 44992773 1 0 1627765771
WALL 44992773 1 0 1627765772
WALL 44992773 1 0 1627765773
WALL 44992773 1 0 1627765774
WALL 44992773 1 0 1627765775
WALL 44992773 1 0 1627765776
WALL 44992773 1 0 1627765777
WALL 44992773 1 0 1627765778
WALL 44992773 1 0 1627765779
WALL 44992773 1 0 1627765780
WALL 44992773 1 0 1627765781
WALL 44992773 1 0 1627765782
WALL 44992773 1 0 1627765783
WALL 44992773 1 0 1627765784
WALL 44992773 1 0 1627765785
WALL 44992773 1 0 1627765786
WALL 44992773 1 0 1627765787
WALL 44992773 1 0 1627765788
WALL 44992773 1 0 1627765789
WALL 44992773 1 0 1627765790
WALL 44992773 1 0 1627765791
WALL 44992773 1 0 1627765792
WALL 44992773 1 0 1627765793
WALL 44992773 1 0 1627765794
WALL 44992773 1 0 1627765795
WALL 44992773 1 0 1627765796
WALL 44992773 1 0 1627765797
WALL 44992773 1 0 1627765798
WALL 44992773 1 0 1627765799
WALL 44992773 1 0 1627765800
WALL 44992773 1 0 1627765801
WALL 44992773 1 0 1627765802
WALL 44992773 1 0 1627765803
WALL 44992773 1 0 1627765804
WALL 44992773 1 0 1627765805
WALL 44992773 1 0 1627765806
WALL 44992773 1 0 1627765807
WALL 44992773 1 0 1627765808
WALL 44992773 1 0 1627765809
WALL 44992773 1 0 1627765810
WALL 44992773 1 0 1627765811
WALL 44992773 1 0 1627765812
WALL 44992773 1 0 1627765813
WALL 44992773 1 0 1627765814
WALL 44992773 1 0 1627765815
WALL 44992773 1 0 1627765816
WALL 44992773 1 0 1627765817
WALL 44992773 1 0 1627765818
WALL 44992773 1 0 1627765819
WALL 44992773 1 0 1627765820
WALL 44992773 1 0 1627765821
WALL 44992773 1 0 1627765822
WALL 44992773 1 0 1627765823
WALL 44992773 1 0 1627765824
WALL 44992773 1 0 1627765825
WALL 44992773 1 0 1627765826
WALL 44992773 1 0 1627765827
WALL 44992773 1 0 1627765828
WALL 44992773 1 0 1627765829
WALL 44992773 1 0 1627765830
WALL 44992773 1 0 1627765831
WALL 44992773 1 0 1627765832
WALL 44992773 1 0 1627765833
WALL 44992773 1 0 1627765834
WALL 44992773 1 0 1627765835
WALL 44992773 1 0 1627765836
WALL 44992773 1 0 1627765837
WALL 44992773 1 0 1627765838
WALL 44992773 1 0 1627765839
WALL 44992773 1 0 1627765840
WALL 44992773 1 0 1627765841
WALL 44992773 1 0 1627765842
WALL 44992773 1 0 1627765843
WALL 44992773 1 0 1627765844
WALL 44992773 1 0 1627765845
WALL 44992773 1 0 1627765846
WALL 44992773 1 0 1627765847
WALL 44992773 1 0 1627765848
WALL 44992773 1 0 1627765849
WALL 44992773 1 0 1627765850
WALL 44992773 1 0 1627765851
WALL 44992773 1 0 1627765852
WALL 44992773 1 0 1627765853
WALL 44992773 1 0 1627765854
WALL 44992773 1 0 1627765855
WALL 44992773 1 0 1627765856
WALL 44992773 1 0 1627765857
WALL 44992773 1 0 1627765858
WALL 44992773 1 0 1627765859
WALL 44992773 1 0 1627765860
WALL 44992773 1 0 1627765861
WALL 44992773 1 0 1627765862
WALL 44992773 1 0 1627765863
WALL 44992773 1 0 1627765864
WALL 44992773 1 0 1627765865
WALL 44992773 1 0 1627765866
WALL 44992773 1 0 1627765867
WALL 44992773 1 0 1627765868
WALL 44992773 1 0 1627765869
WALL 44992773 1 0 1627765870
WALL 44992773 1 0 1627765871
WALL 44992773 1 0 1627765872
WALL 44992773 1 0 1627765873
WALL 44992773 1 0 1627765874
WALL 44992773 1 0 1627765875
WALL 44992773 1 0 1627765876
WALL 44992773 1 0 1627765877
WALL 44992773 1 0 1627765878
WALL 44992773 1 0 1627765879
WALL 44992773 1 0 1627765880
WALL 44992773 1 0 1627765881
WALL 44992773 1 0 1627765882
WALL 44992773 1 0 1627765883
WALL 44992773 1 0 1627765884
WALL 44992773 1 0 1627765885
WALL 44992773 1 0 1627765886
WALL 44992773 1 0 1627765887
WALL 44992773 1 0 1627765888
WALL 44992773 1 0 1627765889
WALL 44992773 1 0 1627765890
WALL 44992773 1 0 1627765891
WALL 44992773 1 0 1627765892
WALL 44992773 1 0 1627765893
WALL 44992773 1 0 1627765894
WALL 44992773 1 0 1627765895
WALL 44992773 1 0 1627765896
WALL 44992773 1 0 1627765897
WALL 44992773 1 0 1627765898
WALL 44992773 1 0 1627765899
WALL 44992773 1 0 1627765900
WALL 44992773 1 0 1627765901
WALL 44992773 1 0 1627765902
WALL 44992773 1 0 1627765903
WALL 44992773 1 0 1627765904
WALL 44992773 1 0 1627765905
WALL 44992773 1 0 1627765906
WALL 44992773 1 0 1627765907
WALL 44992773 1 0 1627765908
WALL 44992773 1 0 1627765909
WALL 44992773 1 0 1627765910
WALL 44992773 1 0 1627765911
WALL 44992773 1 0 1627765912
WALL 44992773 1 0 1627765913
WALL 44992773 1 0 1627765914
WALL 44992773 1 0 1627765915
WALL 44992773 1 0 1627765916
WALL 44992773 1 0 1627765917
WALL 44992773 1 0 1627765918
WALL 44992773 1 0 1627765919
WALL 44992773 1 0 1627765920
WALL 44992773 1 0 1627765921
WALL 44992773 1 0 1627765922
WALL 44992773 1 0 1627765923
WALL 44992773 1 0 1627765924
WALL 44992773 1 0 1627765925
WALL 44992773 1 0 1627765926
WALL 44992773 1 0 1627765927
WALL 44992773 1 0 1627765928
WALL 44992773 1 0 1627765929
WALL 44992773 1 0 1627765930
WALL 44992773 1 0 1627765931
WALL 44992773 1 0 1627765932
WALL 44992773 1 0 1627765933
WALL 44992773 1 0 1627765934
WALL 44992773 1 0 1627765935
WALL 44992773 1 0 1627765936
WALL 44992773 1 0 1627765937
WALL 44992773 1 0 1627765938
WALL 44992773 1 0 1627765939
WALL 44992773 1 0 1627765940
WALL 44992773 1 0 1627765941
WALL 44992773 1 0 1627765942
WALL 44992773 1 0 1627765943
WALL 44992773 1 0 1627765944
WALL 44992773 1 0 1627765945
WALL 44992773 1 0 1627765946
WALL 44992773 1 0 1627765947
WALL 44992773 1 0 1627765948
WALL 44992773 1 0 1627765949
WALL 44992773 1 0 1627765950
WALL 44992773 1 0 1627765951
WALL 44992773 1 0 1627765952
WALL 44992773 1 0 1627765953
WALL 44992773 1 0 1627765954
WALL 44992773 1 0 1627765955
WALL 44992773 1 0 1627765956
WALL 44992773 1 0 1627765957
WALL 44992773 1 0 1627765958
WALL 44992773 1 0 1627765959
WALL 44992773 1 0 1627765960
WALL 44992773 1 0 1627765961
WALL 44992773 1 0 1627765962
WALL 44992773 1 0 1627765963
WALL 44992773 1 0 1627765964
WALL 44992773 1 0 1627765965
WALL 44992773 1 0 1627765966
WALL 44992773 1 0 1627765967
WALL 44992773 1 0 1627765968
WALL 44992773 1 0 1627765969
WALL 44992773 1 0 1627765970
WALL 44992773 1 0 1627765971
WALL 44992773 1 0 1627765972
WALL 44992773 1 0 1627765973
WALL 44992773 1 0 1627765974
WALL 44992773 1 0 1627765975
WALL 44992773 1 0 1627765976
WALL 44992773 1 0 1627765977
WALL 44992773 1 0 1627765978
WALL 44992773 1 0 1627765979
WALL 44992773 1 0 1627765980
WALL 44992773 1 0 1627765981
WALL 44992773 1 0 1627765982
WALL 44992773 1 0 1627765983
WALL 44992773 1 0 1627765984
WALL 44992773 1 0 1627765985
WALL 44992773 1 0 1627765986
WALL 44992773 1 0 1627765987
WALL 44992773 1 0 1627765988
WALL 44992773 1 0 1627765989
WALL 44992773 1 0 1627765990
WALL 44992773 1 0 1627765991
WALL 44992773 1 0 1627765992
WALL 44992773 1 0 1627765993
WALL 44992773 1 0 1627765994
WALL 44992773 1 0 1627765995
WALL 44992773 1 0 1627765996
WALL 44992773 1 0 1627765997
WALL 44992773 1 0 1627765998
WALL 44992773 1 0 1627765999
WALL 44992773 1 0 1627766000
WALL 44992773 1 0 1627766001
WALL 44992773 1 0 1627766002
WALL 44992773 1 0 1627766003
WALL 44992773 1 0 1627766004
WALL 44992773 1 0 1627766005
WALL 44992773 1 0 1627766006
WALL 44992773 1 0 1627766007
WALL 44992773 1 0 1627766008
WALL 44992773 1 0 1627766009
WALL 44992773 1 0 1627766010
WALL 44992773 1 0 1627766011
WALL 44992773 1 0 1627766012
WALL 44992773 1 0 1627766013
WALL 44992773 1 0 1627766014
WALL 44992773 1 0 1627766015
WALL 44992773 1 0 1627766016
WALL 44992773 1 0 1627766017
WALL 44992773 1 0 1627766018
WALL 44992773 1 0 1627766019
WALL 44992773 1 0 1627766020
WALL 44992773 1 0 1627766021
WALL 44992773 1 0 1627766022
WALL 44992773 1 0 1627766023
WALL 44992773 1 0 1627766024
WALL 44992773 1 0 1627766025
WALL 44992773 1 0 1627766026
WALL 44992773 1 0 1627766027
WALL 44992773 1 0 1627766028
WALL 44992773 1 0 1627766029
WALL 44992773 1 0 1627766030
WALL 44992773 1 0 1627766031
WALL 44992773 1 0 1627766032
WALL 44992773 1 0 1627766033
WALL 44992773 1 0 1627766034
WALL 44992773 1 0 1627766035
WALL 44992773 1 0 1627766036
WALL 44992773 1 0 1627766037
WALL 44992773 1 0 1627766038
WALL 44992773 1 0 1627766039
WALL 44992773 1 0 1627766040
WALL 44992773 1 0 1627766041
WALL 44992773 1 0 1627766042
WALL 44992773 1 0 1627766043
WALL 44992773 1 0 1627766044
WALL 44992773 1 0 1627766045
WALL 44992773 1 0 1627766046
WALL 44992773 1 0 1627766047
WALL 44992773 1 0 1627766048
WALL 44992773 1 0 1627766049
WALL 44992773 1 0 1627766050
WALL 44992773 1 0 1627766051
WALL 44992773 1 0 1627766052
WALL 44992773 1 0 1627766053
WALL 44992773 1 0 1627766054
WALL 44992773 1 0 1627766055
WALL 44992773 1 0 1627766056
WALL 44992773 1 0 1627766057
WALL 44992773 1 0 1627766058
WALL 44992773 1 0 1627766059
WALL 44992773 1 0 1627766060
WALL 44992773 1 0 1627766061
WALL 44992773 1 0 1627766062
WALL 44992773 1 0 1627766063
WALL 44992773 1 0 1627766064
WALL 44992773 1 0 1627766065
WALL 44992773 1 0 1627766066
WALL 44992773 1 0 1627766067
WALL 44992773 1 0 1627766068
WALL 44992773 1 0 1627766069
WALL 44992773 1 0 1627766070
WALL 44992773 1 0 1627766071
WALL 44992773 1 0 1627766072
WALL 44992773 1 0 1627766073
WALL 44992773 1 0 1627766074
WALL 44992773 1 0 1627766075
WALL 44992773 1 0 1627766076
WALL 44992773 1 0 1627766077
WALL 44992773 1 0 1627766078
WALL 44992773 1 0 1627766079
WALL 44992773 1 0 1627766080
WALL 44992773 1 0 1627766081
WALL 44992773 1 0 1627766082
WALL 44992773 1 0 1627766083
WALL 44992773 1 0 1627766084
WALL 44992773 1 0 1627766085
WALL 44992773 1 0 1627766086
WALL 44992773 1 0 1627766087
WALL 44992773 1 0 1627766088
WALL 44992773 1 0 1627766089
WALL 44992773 1 0 1627766090
WALL 44992773 1 0 1627766091
WALL 44992773 1 0 1627766092
WALL 44992773 1 0 1627766093
WALL 44992773 1 0 1627766094
WALL 44992773 1 0 1627766095
WALL 44992773 1 0 1627766096
WALL 44992773 1 0 1627766097
WALL 44992773 1 0 1627766098
WALL 44992773 1 0 1627766099
WALL 44992773 1 0 1627766100
WALL 44992773 1 0 1627766101
WALL 44992773 1 0 1627766102
WALL 44992773 1 0 1627766103
WALL 44992773 1 0 1627766104
WALL 44992773 1 0 1627766105
WALL 44992773 1 0 1627766106
WALL 44992773 1 0 1627766107
WALL 44992773 1 0 1627766108
WALL 44992773 1 0 1627766109
WALL 44992773 1 0 1627766110
WALL 44992773 1 0 1627766111
WALL 44992773 1 0 1627766112
WALL 44992773 1 0 1627766113
WALL 44992773 1 0 1627766114
WALL 44992773 1 0 1627766115
WALL 44992773 1 0 1627766116
WALL 44992773 1 0 1627766117
WALL 44992773 1 0 1627766118
WALL 44992773 1 0 1627766119
WALL 44992773 1 0 1627766120
WALL 44992773 1 0 1627766121
WALL 44992773 1 0 1627766122
WALL 44992773 1 0 1627766123
WALL 44992773 1 0 1627766124
WALL 44992773 1 0 1627766125
WALL 44992773 1 0 1627766126
WALL 44992773 1 0 1627766127
WALL 44992773 1 0 1627766128
WALL 44992773 1 0 1627766129
WALL 44992773 1 0 1627766130
WALL 44992773 1 0 1627766131
WALL 44992773 1 0 1627766132
WALL 44992773 1 0 1627766133
WALL 44992773 1 0 1627766134
WALL 44992773 1 0 1627766135
WALL 44992773 1 0 1627766136
WALL 44992773 1 0 1627766137
WALL 44992773 1 0 1627766138
WALL 44992773 1 0 1627766139
WALL 44992773 1 0 1627766140
WALL 44992773 1 0 1627766141
WALL 44992773 1 0 1627766142
WALL 44992773 1 0 1627766143
WALL 44992773 1 0 1627766144
WALL 44992773 1 0 1627766145
WALL 44992773 1 0 1627766146
WALL 44992773 1 0 1627766147
WALL 44992773 1 0 1627766148
WALL 44992773 1 0 1627766149
WALL 44992773 1 0 1627766150
WALL 44992773 1 0 1627766151
WALL 44992773 1 0 1627766152
WALL 44992773 1 0 1627766153
WALL 44992773 1 0 1627766154
WALL 44992773 1 0 1627766155
WALL 44992773 1 0 1627766156
WALL 44992773 1 0 1627766157
WALL 44992773 1 0 1627766158
WALL 44992773 1 0 1627766159
WALL 44992773 1 0 1627766160
WALL 44992773 1 0 1627766161
WALL 44992773 1 0 1627766162
WALL 44992773 1 0 1627766163
WALL 44992773 1 0 1627766164
WALL 44992773 1 0 1627766165
WALL 44992773 1 0 1627766166
WALL 44992773 1 0 1627766167
WALL 44992773 1 0 1627766168
WALL 44992773 1 0 1627766169
WALL 44992773 1 0 1627766170
WALL 44992773 1 0 1627766171
WALL 44992773 1 0 1627766172
WALL 44992773 1 0 1627766173
WALL 44992773 1 0 1627766174
WALL 44992773 1 0 1627766175
WALL 44992773 1 0 1627766176
WALL 44992773 1 0 1627766177
WALL 44992773 1 0 1627766178
WALL 44992773 1 0 1627766179
WALL 44992773 1 0 1627766180
WALL 44992773 1 0 1627766181
WALL 44992773 1 0 1627766182
WALL 44992773 1 0 1627766183
WALL 44992773 1 0 1627766184
WALL 44992773 1 0 1627766185
WALL 44992773 1 0 1627766186
WALL 44992773 1 0 1627766187
WALL 44992773 1 0 1627766188
WALL 44992773 1 0 1627766189
WALL 44992773 1 0 1627766190
WALL 44992773 1 0 1627766191
WALL 44992773 1 0 1627766192
WALL 44992773 1 0 1627766193
WALL 44992773 1 0 1627766194
WALL 44992773 1 0 1627766195
WALL 44992773 1 0 1627766196
WALL 44992773 1 0 1627766197
WALL 44992773 1 0 1627766198
WALL 44992773 1 0 1627766199
WALL 44992773 1 0 1627766200
WALL 44992773 1 0 1627766201
WALL 44992773 1 0 1627766202
WALL 44992773 1 0 1627766203
WALL 44992773 1 0 1627766204
WALL 44992773 1 0 1627766205
WALL 44992773 1 0 1627766206
WALL 44992773 1 0 1627766207
WALL 44992773 1 0 1627766208
WALL 44992773 1 0 1627766209
WALL 44992773 1 0 1627766210
WALL 44992773 1 0 1627766211
WALL 44992773 1 0 1627766212
WALL 44992773 1 0 1627766213
WALL 44992773 1 0 1627766214
WALL 44992773 1 0 1627766215
WALL 44992773 1 0 1627766216
WALL 44992773 1 0 1627766217
WALL 44992773 1 0 1627766218
WALL 44992773 1 0 1627766219
WALL 44992773 1 0 1627766220
WALL 44992773 1 0 1627766221
WALL 44992773 1 0 1627766222
WALL 44992773 1 0 1627766223
WALL 44992773 1 0 1627766224
WALL 44992773 1 0 1627766225
WALL 44992773 1 0 1627766226
WALL 44992773 1 0 1627766227
WALL 44992773 1 0 1627766228
WALL 44992773 1 0 1627766229
WALL 44992773 1 0 1627766230
WALL 44992773 1 0 1627766231
WALL 44992773 1 0 1627766232
WALL 44992773 1 0 1627766233
WALL 44992773 1 0 1627766234
WALL 44992773 1 0 1627766235
WALL 44992773 1 0 1627766236
WALL 44992773 1 0 1627766237
WALL 44992773 1 0 1627766238
WALL 44992773 1 0 1627766239
WALL 44992773 1 0 1627766240
WALL 44992773 1 0 1627766241
WALL 44992773 1 0 1627766242
WALL 44992773 1 0 1627766243
WALL 44992773 1 0 1627766244
WALL 44992773 1 0 1627766245
WALL 44992773 1 0 1627766246
WALL 44992773 1 0 1627766247
WALL 44992773 1 0 1627766248
WALL 44992773 1 0 1627766249
WALL 44992773 1 0 1627766250
WALL 44992773 1 0 1627766251
WALL 44992773 1 0 1627766252
WALL 44992773 1 0 1627766253
WALL 44992773 1 0 1627766254
WALL 44992773 1 0 1627766255
WALL 44992773 1 0 1627766256
WALL 44992773 1 0 1627766258
WALL 44992773 1 0 1627766259
WALL 44992773 1 0 1627766260
WALL 44992773 1 0 1627766261
WALL 44992773 1 0 1627766262
WALL 44992773 1 0 1627766263
WALL 44992773 1 0 1627766264
WALL 44992773 1 0 1627766265
WALL 44992773 1 0 1627766266
WALL 44992773 1 0 1627766267
WALL 44992773 1 0 1627766268
WALL 44992773 1 0 1627766269
WALL 44992773 1 0 1627766270
WALL 44992773 1 0 1627766271
WALL 44992773 1 0 1627766272
WALL 44992773 1 0 1627766273
WALL 44992773 1 0 1627766274
WALL 44992773 1 0 1627766275
WALL 44992773 1 0 1627766276
WALL 44992773 1 0 1627766277
WALL 44992773 1 0 1627766278
WALL 44992773 1 0 1627766279
WALL 44992773 1 0 1627766280
WALL 44992773 1 0 1627766281
WALL 44992773 1 0 1627766282
WALL 44992773 1 0 1627766283
WALL 44992773 1 0 1627766284
WALL 44992773 1 0 1627766285
WALL 44992773 1 0 1627766286
WALL 44992773 1 0 1627766287
WALL 44992773 1 0 1627766288
WALL 44992773 1 0 1627766289
WALL 44992773 1 0 1627766290
WALL 44992773 1 0 1627766291
WALL 44992773 1 0 1627766292
WALL 44992773 1 0 1627766293
WALL 44992773 1 0 1627766294
WALL 44992773 1 0 1627766295
WALL 44992773 1 0 1627766296
WALL 44992773 1 0 1627766297
WALL 44992773 1 0 1627766298
WALL 44992773 1 0 1627766299
WALL 44992773 1 0 1627766300
WALL 44992773 1 0 1627766301
WALL 44992773 1 0 1627766302
WALL 44992773 1 0 1627766303
WALL 44992773 1 0 1627766304
WALL 44992773 1 0 1627766305
WALL 44992773 1 0 1627766306
WALL 44992773 1 0 1627766307
WALL 44992773 1 0 1627766308
WALL 44992773 1 0 1627766309
WALL 44992773 1 0 1627766310
WALL 44992773 1 0 1627766311
WALL 44992773 1 0 1627766312
WALL 44992773 1 0 1627766313
WALL 44992773 1 0 1627766314
WALL 44992773 1 0 1627766315
WALL 44992773 1 0 1627766316
WALL 44992773 1 0 1627766317
WALL 44992773 1 0 1627766318
WALL 44992773 1 0 1627766319
WALL 44992773 1 0 1627766320
WALL 44992773 1 0 1627766321
WALL 44992773 1 0 1627766322
WALL 44992773 1 0 1627766323
WALL 44992773 1 0 1627766324
WALL 44992773 1 0 1627766325
WALL 44992773 1 0 1627766326
WALL 44992773 1 0 1627766327
WALL 44992773 1 0 1627766328
WALL 44992773 1 0 1627766329
WALL 44992773 1 0 1627766330
WALL 44992773 1 0 1627766331
WALL 44992773 1 0 1627766332
WALL 44992773 1 0 1627766333
WALL 44992773 1 0 1627766334
WALL 44992773 1 0 1627766335
WALL 44992773 1 0 1627766336
WALL 44992773 1 0 1627766337
WALL 44992773 1 0 1627766338
WALL 44992773 1 0 1627766339
WALL 44992773 1 0 1627766340
WALL 44992773 1 0 1627766341
WALL 44992773 1 0 1627766342
WALL 44992773 1 0 1627766343
WALL 44992773 1 0 1627766344
WALL 44992773 1 0 1627766345
WALL 44992773 1 0 1627766346
WALL 44992773 1 0 1627766347
WALL 44992773 1 0 1627766348
WALL 44992773 1 0 1627766349
WALL 44992773 1 0 1627766350
WALL 44992773 1 0 1627766351
WALL 44992773 1 0 1627766352
WALL 44992773 1 0 1627766353
WALL 44992773 1 0 1627766354
WALL 44992773 1 0 1627766355
WALL 44992773 1 0 1627766356
WALL 44992773 1 0 1627766357
WALL 44992773 1 0 1627766358
WALL 44992773 1 0 1627766359
WALL 44992773 1 0 1627766360
WALL 44992773 1 0 1627766361
WALL 44992773 1 0 1627766362
WALL 44992773 1 0 1627766363
WALL 44992773 1 0 1627766364
WALL 44992773 1 0 1627766365
WALL 44992773 1 0 1627766366
WALL 44992773 1 0 1627766367
WALL 44992773 1 0 1627766368
WALL 44992773 1 0 1627766369
WALL 44992773 1 0 1627766370
WALL 44992773 1 0 1627766371
WALL 44992773 1 0 1627766372
WALL 44992773 1 0 1627766373
WALL 44992773 1 0 1627766374
WALL 44992773 1 0 1627766375
WALL 44992773 1 0 1627766376
WALL 44992773 1 0 1627766377
WALL 44992773 1 0 1627766378
WALL 44992773 1 0 1627766379
WALL 44992773 1 0 1627766380
WALL 44992773 1 0 1627766381
WALL 44992773 1 0 1627766382
WALL 44992773 1 0 1627766383
WALL 44992773 1 0 1627766384
WALL 44992773 1 0 1627766385
WALL 44992773 1 0 1627766386
WALL 44992773 1 0 1627766387
WALL 44992773 1 0 1627766388
WALL 44992773 1 0 1627766389
WALL 44992773 1 0 1627766390
WALL 44992773 1 0 1627766391
WALL 44992773 1 0 1627766392
WALL 44992773 1 0 1627766393
WALL 44992773 1 0 1627766394
WALL 44992773 1 0 1627766395
WALL 44992773 1 0 1627766396
WALL 44992773 1 0 1627766397
WALL 44992773 1 0 1627766398
WALL 44992773 1 0 1627766399
WALL 44992773 1 0 1627766400
WALL 44992773 1 0 1627766401
WALL 44992773 1 0 1627766402
WALL 44992773 1 0 1627766403
WALL 44992773 1 0 1627766404
WALL 44992773 1 0 1627766405
WALL 44992773 1 0 1627766406
WALL 44992773 1 0 1627766407
WALL 44992773 1 0 1627766408
WALL 44992773 1 0 1627766409
WALL 44992773 1 0 1627766410
WALL 44992773 1 0 1627766411
WALL 44992773 1 0 1627766412
WALL 44992773 1 0 1627766413
WALL 44992773 1 0 1627766414
WALL 44992773 1 0 1627766415
WALL 44992773 1 0 1627766416
WALL 44992773 1 0 1627766417
WALL 44992773 1 0 1627766418
WALL 44992773 1 0 1627766419
WALL 44992773 1 0 1627766420
WALL 44992773 1 0 1627766421
WALL 44992773 1 0 1627766422
WALL 44992773 1 0 1627766423
WALL 44992773 1 0 1627766424
WALL 44992773 1 0 1627766425
WALL 44992773 1 0 1627766426
WALL 44992773 1 0 1627766427
WALL 44992773 1 0 1627766428
WALL 44992773 1 0 1627766429
WALL 44992773 1 0 1627766430
WALL 44992773 1 0 1627766431
WALL 44992773 1 0 1627766432
WALL 44992773 1 0 1627766433
WALL 44992773 1 0 1627766434
WALL 44992773 1 0 1627766435
WALL 44992773 1 0 1627766436
WALL 44992773 1 0 1627766437
WALL 44992773 1 0 1627766438
WALL 44992773 1 0 1627766439
WALL 44992773 1 0 1627766440
WALL 44992773 1 0 1627766441
WALL 44992773 1 0 1627766442
WALL 44992773 1 0 1627766443
WALL 44992773 1 0 1627766444
WALL 44992773 1 0 1627766445
WALL 44992773 1 0 1627766446
WALL 44992773 1 0 1627766447
WALL 44992773 1 0 1627766448
WALL 44992773 1 0 1627766449
WALL 44992773 1 0 1627766450
WALL 44992773 1 0 1627766451
WALL 44992773 1 0 1627766452
WALL 44992773 1 0 1627766453
WALL 44992773 1 0 1627766454
WALL 44992773 1 0 1627766455
WALL 44992773 1 0 1627766456
WALL 44992773 1 0 1627766457
WALL 44992773 1 0 1627766458
WALL 44992773 1 0 1627766459
WALL 44992773 1 0 1627766460
WALL 44992773 1 0 1627766461
WALL 44992773 1 0 1627766462
WALL 44992773 1 0 1627766463
WALL 44992773 1 0 1627766464
WALL 44992773 1 0 1627766465
WALL 44992773 1 0 1627766466
WALL 44992773 1 0 1627766467
WALL 44992773 1 0 1627766468
WALL 44992773 1 0 1627766469
WALL 44992773 1 0 1627766470
WALL 44992773 1 0 1627766471
WALL 44992773 1 0 1627766472
WALL 44992773 1 0 1627766473
WALL 44992773 1 0 1627766474
WALL 44992773 1 0 1627766475
WALL 44992773 1 0 1627766476
WALL 44992773 1 0 1627766477
WALL 44992773 1 0 1627766478
WALL 44992773 1 0 1627766479
WALL 44992773 1 0 1627766480
WALL 44992773 1 0 1627766481
WALL 44992773 1 0 1627766482
WALL 44992773 1 0 1627766483
WALL 44992773 1 0 1627766484
WALL 44992773 1 0 1627766485
WALL 44992773 1 0 1627766486
WALL 44992773 1 0 1627766487
WALL 44992773 1 0 1627766488
WALL 44992773 1 0 1627766489
WALL 44992773 1 0 1627766490
WALL 44992773 1 0 1627766491
WALL 44992773 1 0 1627766492
WALL 44992773 1 0 1627766493
WALL 44992773 1 0 1627766494
WALL 44992773 1 0 1627766495
WALL 44992773 1 0 1627766496
WALL 44992773 1 0 1627766497
WALL 44992773 1 0 1627766498
WALL 44992773 1 0 1627766499
WALL 44992773 1 0 1627766500
WALL 44992773 1 0 1627766501
WALL 44992773 1 0 1627766502
WALL 44992773 1 0 1627766503
WALL 44992773 1 0 1627766504
WALL 44992773 1 0 1627766505
WALL 44992773 1 0 1627766506
WALL 44992773 1 0 1627766507
WALL 44992773 1 0 1627766508
WALL 44992773 1 0 1627766509
WALL 44992773 1 0 1627766510
WALL 44992773 1 0 1627766511
WALL 44992773 1 0 1627766512
WALL 44992773 1 0 1627766513
WALL 44992773 1 0 1627766514
WALL 44992773 1 0 1627766515
WALL 44992773 1 0 1627766516
WALL 44992773 1 0 1627766517
WALL 44992773 1 0 1627766518
WALL 44992773 1 0 1627766519
WALL 44992773 1 0 1627766520
WALL 44992773 1 0 1627766521
WALL 44992773 1 0 1627766522
WALL 44992773 1 0 1627766523
WALL 44992773 1 0 1627766524
WALL 44992773 1 0 1627766525
WALL 44992773 1 0 1627766526
WALL 44992773 1 0 1627766527
WALL 44992773 1 0 1627766528
WALL 44992773 1 0 1627766529
WALL 44992773 1 0 1627766530
WALL 44992773 1 0 1627766531
WALL 44992773 1 0 1627766532
WALL 44992773 1 0 1627766533
WALL 44992773 1 0 1627766534
WALL 44992773 1 0 1627766535
WALL 44992773 1 0 1627766536
WALL 44992773 1 0 1627766537
WALL 44992773 1 0 1627766538
WALL 44992773 1 0 1627766539
WALL 44992773 1 0 1627766540
WALL 44992773 1 0 1627766541
WALL 44992773 1 0 1627766542
WALL 44992773 1 0 1627766543
WALL 44992773 1 0 1627766544
WALL 44992773 1 0 1627766545
WALL 44992773 1 0 1627766546
WALL 44992773 1 0 1627766547
WALL 44992773 1 0 1627766548
WALL 44992773 1 0 1627766549
WALL 44992773 1 0 1627766550
WALL 44992773 1 0 1627766551
WALL 44992773 1 0 1627766552
WALL 44992773 1 0 1627766553
WALL 44992773 1 0 1627766554
WALL 44992773 1 0 1627766555
WALL 44992773 1 0 1627766556
WALL 44992773 1 0 1627766557
WALL 44992773 1 0 1627766558
WALL 44992773 1 0 1627766559
WALL 44992773 1 0 1627766560
WALL 44992773 1 0 1627766561
WALL 44992773 1 0 1627766562
WALL 44992773 1 0 1627766563
WALL 44992773 1 0 1627766564
WALL 44992773 1 0 1627766565
WALL 44992773 1 0 1627766566
WALL 44992773 1 0 1627766567
WALL 44992773 1 0 1627766568
WALL 44992773 1 0 1627766569
WALL 44992773 1 0 1627766570
WALL 44992773 1 0 1627766571
WALL 44992773 1 0 1627766572
WALL 44992773 1 0 1627766573
WALL 44992773 1 0 1627766574
WALL 44992773 1 0 1627766575
WALL 44992773 1 0 1627766576
WALL 44992773 1 0 1627766577
WALL 44992773 1 0 1627766578
WALL 44992773 1 0 1627766579
WALL 44992773 1 0 1627766580
WALL 44992773 1 0 1627766581
WALL 44992773 1 0 1627766582
WALL 44992773 1 0 1627766583
WALL 44992773 1 0 1627766584
WALL 44992773 1 0 1627766585
WALL 44992773 1 0 1627766586
WALL 44992773 1 0 1627766587
WALL 44992773 1 0 1627766588
WALL 44992773 1 0 1627766589
WALL 44992773 1 0 1627766590
WALL 44992773 1 0 1627766591
WALL 44992773 1 0 1627766592
WALL 44992773 1 0 1627766593
WALL 44992773 1 0 1627766594
WALL 44992773 1 0 1627766595
WALL 44992773 1 0 1627766596
WALL 44992773 1 0 1627766597
WALL 44992773 1 0 1627766598
WALL 44992773 1 0 1627766599
WALL 44992773 1 0 1627766600
WALL 44992773 1 0 1627766601
WALL 44992773 1 0 1627766602
WALL 44992773 1 0 1627766603
WALL 44992773 1 0 1627766604
WALL 44992773 1 0 1627766605
WALL 44992773 1 0 1627766606
WALL 44992773 1 0 1627766607
WALL 44992773 1 0 1627766608
WALL 44992773 1 0 1627766609
WALL 44992773 1 0 1627766610
WALL 44992773 1 0 1627766611
WALL 44992773 1 0 1627766612
WALL 44992773 1 0 1627766613
WALL 44992773 1 0 1627766614
WALL 44992773 1 0 1627766615
WALL 44992773 1 0 1627766616
WALL 44992773 1 0 1627766617
WALL 44992773 1 0 1627766618
WALL 44992773 1 0 1627766619
WALL 44992773 1 0 1627766620
WALL 44992773 1 0 1627766621
WALL 44992773 1 0 1627766622
WALL 44992773 1 0 1627766623
WALL 44992773 1 0 1627766624
WALL 44992773 1 0 1627766625
WALL 44992773 1 0 1627766626
WALL 44992773 1 0 1627766627
WALL 44992773 1 0 1627766628
WALL 44992773 1 0 1627766629
WALL 44992773 1 0 1627766630
WALL 44992773 1 0 1627766631
WALL 44992773 1 0 1627766632
WALL 44992773 1 0 1627766633
WALL 44992773 1 0 1627766634
WALL 44992773 1 0 1627766635
WALL 44992773 1 0 1627766636
WALL 44992773 1 0 1627766637
WALL 44992773 1 0 1627766638
WALL 44992773 1 0 1627766639
WALL 44992773 1 0 1627766640
WALL 44992773 1 0 1627766641
WALL 44992773 1 0 1627766642
WALL 44992773 1 0 1627766643
WALL 44992773 1 0 1627766644
WALL 44992773 1 0 1627766645
WALL 44992773 1 0 1627766646
WALL 44992773 1 0 1627766647
WALL 44992773 1 0 1627766648
WALL 44992773 1 0 1627766649
WALL 44992773 1 0 1627766650
WALL 44992773 1 0 1627766651
WALL 44992773 1 0 1627766652
WALL 44992773 1 0 1627766653
WALL 44992773 1 0 1627766654
WALL 44992773 1 0 1627766655
WALL 44992773 1 0 1627766656
WALL 44992773 1 0 1627766657
WALL 44992773 1 0 1627766658
WALL 44992773 1 0 1627766659
WALL 44992773 1 0 1627766660
WALL 44992773 1 0 1627766661
WALL 44992773 1 0 1627766662
WALL 44992773 1 0 1627766663
WALL 44992773 1 0 1627766664
WALL 44992773 1 0 1627766665
WALL 44992773 1 0 1627766666
WALL 44992773 1 0 1627766667
WALL 44992773 1 0 1627766668
WALL 44992773 1 0 1627766669
WALL 44992773 1 0 1627766670
WALL 44992773 1 0 1627766671
WALL 44992773 1 0 1627766672
WALL 44992773 1 0 1627766673
WALL 44992773 1 0 1627766674
WALL 44992773 1 0 1627766675
WALL 44992773 1 0 1627766676
WALL 44992773 1 0 1627766677
WALL 44992773 1 0 1627766678
WALL 44992773 1 0 1627766679
WALL 44992773 1 0 1627766680
WALL 44992773 1 0 1627766681
WALL 44992773 1 0 1627766682
WALL 44992773 1 0 1627766683
WALL 44992773 1 0 1627766684
WALL 44992773 1 0 1627766685
WALL 44992773 1 0 1627766686
WALL 44992773 1 0 1627766687
WALL 44992773 1 0 1627766688
WALL 44992773 1 0 1627766689
WALL 44992773 1 0 1627766690
WALL 44992773 1 0 1627766691
WALL 44992773 1 0 1627766692
WALL 44992773 1 0 1627766693
WALL 44992773 1 0 1627766694
WALL 44992773 1 0 1627766695
WALL 44992773 1 0 1627766696
WALL 44992773 1 0 1627766697
WALL 44992773 1 0 1627766698
WALL 44992773 1 0 1627766699
WALL 44992773 1 0 1627766700
WALL 44992773 1 0 1627766701
WALL 44992773 1 0 1627766702
WALL 44992773 1 0 1627766703
WALL 44992773 1 0 1627766704
WALL 44992773 1 0 1627766705
WALL 44992773 1 0 1627766706
WALL 44992773 1 0 1627766707
WALL 44992773 1 0 1627766708
WALL 44992773 1 0 1627766709
WALL 44992773 1 0 1627766710
WALL 44992773 1 0 1627766711
WALL 44992773 1 0 1627766712
WALL 44992773 1 0 1627766713
WALL 44992773 1 0 1627766714
WALL 44992773 1 0 1627766715
WALL 44992773 1 0 1627766716
WALL 44992773 1 0 1627766717
WALL 44992773 1 0 1627766718
WALL 44992773 1 0 1627766719
WALL 44992773 1 0 1627766720
WALL 44992773 1 0 1627766721
WALL 44992773 1 0 1627766722
WALL 44992773 1 0 1627766723
WALL 44992773 1 0 1627766724
WALL 44992773 1 0 1627766725
WALL 44992773 1 0 1627766726
WALL 44992773 1 0 1627766727
WALL 44992773 1 0 1627766728
WALL 44992773 1 0 1627766729
WALL 44992773 1 0 1627766730
WALL 44992773 1 0 1627766731
WALL 44992773 1 0 1627766732
WALL 44992773 1 0 1627766733
WALL 44992773 1 0 1627766734
WALL 44992773 1 0 1627766735
WALL 44992773 1 0 1627766736
WALL 44992773 1 0 1627766737
WALL 44992773 1 0 1627766738
WALL 44992773 1 0 1627766739
WALL 44992773 1 0 1627766740
WALL 44992773 1 0 1627766741
WALL 44992773 1 0 1627766742
WALL 44992773 1 0 1627766743
WALL 44992773 1 0 1627766744
WALL 44992773 1 0 1627766745
WALL 44992773 1 0 1627766746
WALL 44992773 1 0 1627766747
WALL 44992773 1 0 1627766748
WALL 44992773 1 0 1627766749
WALL 44992773 1 0 1627766750
WALL 44992773 1 0 1627766751
WALL 44992773 1 0 1627766752
WALL 44992773 1 0 1627766753
WALL 44992773 1 0 1627766754
WALL 44992773 1 0 1627766755
WALL 44992773 1 0 1627766756
WALL 44992773 1 0 1627766757
WALL 44992773 1 0 1627766758
WALL 44992773 1 0 1627766759
WALL 44992773 1 0 1627766760
WALL 44992773 1 0 1627766761
WALL 44992773 1 0 1627766762
WALL 44992773 1 0 1627766763
WALL 44992773 1 0 1627766764
WALL 44992773 1 0 1627766765
WALL 44992773 1 0 1627766766
WALL 44992773 1 0 1627766767
WALL 44992773 1 0 1627766768
WALL 44992773 1 0 1627766769
WALL 44992773 1 0 1627766770
WALL 44992773 1 0 1627766771
WALL 44992773 1 0 1627766772
WALL 44992773 1 0 1627766773
WALL 44992773 1 0 1627766774
WALL 44992773 1 0 1627766775
WALL 44992773 1 0 1627766776
WALL 44992773 1 0 1627766777
WALL 44992773 1 0 1627766778
WALL 44992773 1 0 1627766779
WALL 44992773 1 0 1627766780
WALL 44992773 1 0 1627766781
WALL 44992773 1 0 1627766782
WALL 44992773 1 0 1627766783
WALL 44992773 1 0 1627766784
WALL 44992773 1 0 1627766785
WALL 44992773 1 0 1627766786
WALL 44992773 1 0 1627766787
WALL 44992773 1 0 1627766788
WALL 44992773 1 0 1627766789
WALL 44992773 1 0 1627766790
WALL 44992773 1 0 1627766791
WALL 44992773 1 0 1627766792
WALL 44992773 1 0 1627766793
WALL 44992773 1 0 1627766794
WALL 44992773 1 0 1627766795
WALL 44992773 1 0 1627766796
WALL 44992773 1 0 1627766797
WALL 44992773 1 0 1627766798
WALL 44992773 1 0 1627766799
WALL 44992773 1 0 1627766800
WALL 44992773 1 0 1627766801
WALL 44992773 1 0 1627766802
WALL 44992773 1 0 1627766803
WALL 44992773 1 0 1627766804
WALL 44992773 1 0 1627766805
WALL 44992773 1 0 1627766806
WALL 44992773 1 0 1627766807
WALL 44992773 1 0 1627766808
WALL 44992773 1 0 1627766809
WALL 44992773 1 0 1627766810
WALL 44992773 1 0 1627766811
WALL 44992773 1 0 1627766812
WALL 44992773 1 0 1627766813
WALL 44992773 1 0 1627766814
WALL 44992773 1 0 1627766815
WALL 44992773 1 0 1627766816
WALL 44992773 1 0 1627766817
WALL 44992773 1 0 1627766818
WALL 44992773 1 0 1627766819
WALL 44992773 1 0 1627766820
WALL 44992773 1 0 1627766821
WALL 44992773 1 0 1627766822
WALL 44992773 1 0 1627766823
WALL 44992773 1 0 1627766824
WALL 44992773 1 0 1627766825
WALL 44992773 1 0 1627766826
WALL 44992773 1 0 1627766827
WALL 44992773 1 0 1627766828
WALL 44992773 1 0 1627766829
WALL 44992773 1 0 1627766830
WALL 44992773 1 0 1627766831
WALL 44992773 1 0 1627766832
WALL 44992773 1 0 1627766833
WALL 44992773 1 0 1627766834
WALL 44992773 1 0 1627766835
WALL 44992773 1 0 1627766836
WALL 44992773 1 0 1627766837
WALL 44992773 1 0 1627766838
WALL 44992773 1 0 1627766839
WALL 44992773 1 0 1627766840
WALL 44992773 1 0 1627766841
WALL 44992773 1 0 1627766842
WALL 44992773 1 0 1627766843
WALL 44992773 1 0 1627766844
WALL 44992773 1 0 1627766845
WALL 44992773 1 0 1627766846
WALL 44992773 1 0 1627766847
WALL 44992773 1 0 1627766848
WALL 44992773 1 0 1627766849
WALL 44992773 1 0 1627766850
WALL 44992773 1 0 1627766851
WALL 44992773 1 0 1627766852
WALL 44992773 1 0 1627766853
WALL 44992773 1 0 1627766854
WALL 44992773 1 0 1627766855
WALL 44992773 1 0 1627766856
WALL 44992773 1 0 1627766857
WALL 44992773 1 0 1627766858
WALL 44992773 1 0 1627766859
WALL 44992773 1 0 1627766860
WALL 44992773 1 0 1627766861
WALL 44992773 1 0 1627766862
WALL 44992773 1 0 1627766863
WALL 44992773 1 0 1627766864
WALL 44992773 1 0 1627766865
WALL 44992773 1 0 1627766866
WALL 44992773 1 0 1627766867
WALL 44992773 1 0 1627766868
WALL 44992773 1 0 1627766869
WALL 44992773 1 0 1627766870
WALL 44992773 1 0 1627766871
WALL 44992773 1 0 1627766872
WALL 44992773 1 0 1627766873
WALL 44992773 1 0 1627766874
WALL 44992773 1 0 1627766875
WALL 44992773 1 0 1627766876
WALL 44992773 1 0 1627766877
WALL 44992773 1 0 1627766878
WALL 44992773 1 0 1627766879
WALL 44992773 1 0 1627766880
WALL 44992773 1 0 1627766881
WALL 44992773 1 0 1627766882
WALL 44992773 1 0 1627766883
WALL 44992773 1 0 1627766884
WALL 44992773 1 0 1627766885
WALL 44992773 1 0 1627766886
WALL 44992773 1 0 1627766887
WALL 44992773 1 0 1627766888
WALL 44992773 1 0 1627766889
WALL 44992773 1 0 1627766890
WALL 44992773 1 0 1627766891
WALL 44992773 1 0 1627766892
WALL 44992773 1 0 1627766893
WALL 44992773 1 0 1627766894
WALL 44992773 1 0 1627766895
WALL 44992773 1 0 1627766896
WALL 44992773 1 0 1627766897
WALL 44992773 1 0 1627766898
WALL 44992773 1 0 1627766899
WALL 44992773 1 0 1627766900
WALL 44992773 1 0 1627766901
WALL 44992773 1 0 1627766902
WALL 44992773 1 0 1627766903
WALL 44992773 1 0 1627766904
WALL 44992773 1 0 1627766905
WALL 44992773 1 0 1627766906
WALL 44992773 1 0 1627766907
WALL 44992773 1 0 1627766908
WALL 44992773 1 0 1627766909
WALL 44992773 1 0 1627766910
WALL 44992773 1 0 1627766911
WALL 44992773 1 0 1627766912
WALL 44992773 1 0 1627766913
WALL 44992773 1 0 1627766914
WALL 44992773 1 0 1627766915
WALL 44992773 1 0 1627766916
WALL 44992773 1 0 1627766917
WALL 44992773 1 0 1627766918
WALL 44992773 1 0 1627766919
WALL 44992773 1 0 1627766920
WALL 44992773 1 0 1627766921
WALL 44992773 1 0 1627766922
WALL 44992773 1 0 1627766923
WALL 44992773 1 0 1627766924
WALL 44992773 1 0 1627766925
WALL 44992773 1 0 1627766926
WALL 44992773 1 0 1627766927
WALL 44992773 1 0 1627766928
WALL 44992773 1 0 1627766929
WALL 44992773 1 0 1627766930
WALL 44992773 1 0 1627766931
WALL 44992773 1 0 1627766932
WALL 44992773 1 0 1627766933
WALL 44992773 1 0 1627766934
WALL 44992773 1 0 1627766935
WALL 44992773 1 0 1627766936
WALL 44992773 1 0 1627766937
WALL 44992773 1 0 1627766938
WALL 44992773 1 0 1627766939
WALL 44992773 1 0 1627766940
WALL 44992773 1 0 1627766941
WALL 44992773 1 0 1627766942
WALL 44992773 1 0 1627766943
WALL 44992773 1 0 1627766944
WALL 44992773 1 0 1627766945
WALL 44992773 1 0 1627766946
WALL 44992773 1 0 1627766947
WALL 44992773 1 0 1627766948
WALL 44992773 1 0 1627766949
WALL 44992773 1 0 1627766950
WALL 44992773 1 0 1627766951
WALL 44992773 1 0 1627766952
WALL 44992773 1 0 1627766953
WALL 44992773 1 0 1627766954
WALL 44992773 1 0 1627766955
WALL 44992773 1 0 1627766956
WALL 44992773 1 0 1627766957
WALL 44992773 1 0 1627766958
WALL 44992773 1 0 1627766959
WALL 44992773 1 0 1627766960
WALL 44992773 1 0 1627766961
WALL 44992773 1 0 1627766962
WALL 44992773 1 0 1627766963
WALL 44992773 1 0 1627766964
WALL 44992773 1 0 1627766965
WALL 44992773 1 0 1627766966
WALL 44992773 1 0 1627766967
WALL 44992773 1 0 1627766968
WALL 44992773 1 0 1627766969
WALL 44992773 1 0 1627766970
WALL 44992773 1 0 1627766971
WALL 44992773 1 0 1627766972
WALL 44992773 1 0 1627766973
WALL 44992773 1 0 1627766974
WALL 44992773 1 0 1627766975
WALL 44992773 1 0 1627766976
WALL 44992773 1 0 1627766977
WALL 44992773 1 0 1627766978
WALL 44992773 1 0 1627766979
WALL 44992773 1 0 1627766980
WALL 44992773 1 0 1627766981
WALL 44992773 1 0 1627766982
WALL 44992773 1 0 1627766983
WALL 44992773 1 0 1627766984
WALL 44992773 1 0 1627766985
WALL 44992773 1 0 1627766986
WALL 44992773 1 0 1627766987
WALL 44992773 1 0 1627766988
WALL 44992773 1 0 1627766989
WALL 44992773 1 0 1627766990
WALL 44992773 1 0 1627766991
WALL 44992773 1 0 1627766992
WALL 44992773 1 0 1627766993
WALL 44992773 1 0 1627766994
WALL 44992773 1 0 1627766995
WALL 44992773 1 0 1627766996
WALL 44992773 1 0 1627766997
WALL 44992773 1 0 1627766998
WALL 44992773 1 0 1627766999
WALL 44992773 1 0 1627767000
WALL 44992773 1 0 1627767001
WALL 44992773 1 0 1627767002
WALL 44992773 1 0 1627767003
WALL 44992773 1 0 1627767004
WALL 44992773 1 0 1627767005
WALL 44992773 1 0 1627767006
WALL 44992773 1 0 1627767007
WALL 44992773 1 0 1627767008
WALL 44992773 1 0 1627767009
WALL 44992773 1 0 1627767010
WALL 44992773 1 0 1627767011
WALL 44992773 1 0 1627767012
WALL 44992773 1 0 1627767013
WALL 44992773 1 0 1627767014
WALL 44992773 1 0 1627767015
WALL 44992773 1 0 1627767016
WALL 44992773 1 0 1627767017
WALL 44992773 1 0 1627767018
WALL 44992773 1 0 1627767019
WALL 44992773 1 0 1627767020
WALL 44992773 1 0 1627767021
WALL 44992773 1 0 1627767022
WALL 44992773 1 0 1627767023
WALL 44992773 1 0 1627767024
WALL 44992773 1 0 1627767025
WALL 44992773 1 0 1627767026
WALL 44992773 1 0 1627767027
WALL 44992773 1 0 1627767028
WALL 44992773 1 0 1627767029
WALL 44992773 1 0 1627767030
WALL 44992773 1 0 1627767031
WALL 44992773 1 0 1627767032
WALL 44992773 1 0 1627767033
WALL 44992773 1 0 1627767034
WALL 44992773 1 0 1627767035
WALL 44992773 1 0 1627767036
WALL 44992773 1 0 1627767037
WALL 44992773 1 0 1627767038
WALL 44992773 1 0 1627767039
WALL 44992773 1 0 1627767040
WALL 44992773 1 0 1627767041
WALL 44992773 1 0 1627767042
WALL 44992773 1 0 1627767043
WALL 44992773 1 0 1627767044
WALL 44992773 1 0 1627767045
WALL 44992773 1 0 1627767046
WALL 44992773 1 0 1627767047
WALL 44992773 1 0 1627767048
WALL 44992773 1 0 1627767049
WALL 44992773 1 0 1627767050
WALL 44992773 1 0 1627767051
WALL 44992773 1 0 1627767052
WALL 44992773 1 0 1627767053
WALL 44992773 1 0 1627767054
WALL 44992773 1 0 1627767055
WALL 44992773 1 0 1627767056
WALL 44992773 1 0 1627767057
WALL 44992773 1 0 1627767058
WALL 44992773 1 0 1627767059
WALL 44992773 1 0 1627767060
WALL 44992773 1 0 1627767061
WALL 44992773 1 0 1627767062
WALL 44992773 1 0 1627767063
WALL 44992773 1 0 1627767064
WALL 44992773 1 0 1627767065
WALL 44992773 1 0 1627767066
WALL 44992773 1 0 1627767067
WALL 44992773 1 0 1627767068
WALL 44992773 1 0 1627767069
WALL 44992773 1 0 1627767070
WALL 44992773 1 0 1627767071
WALL 44992773 1 0 1627767072
WALL 44992773 1 0 1627767073
WALL 44992773 1 0 1627767074
WALL 44992773 1 0 1627767075
WALL 44992773 1 0 1627767076
WALL 44992773 1 0 1627767077
WALL 44992773 1 0 1627767078
WALL 44992773 1 0 1627767079
WALL 44992773 1 0 1627767080
WALL 44992773 1 0 1627767081
WALL 44992773 1 0 1627767082
WALL 44992773 1 0 1627767083
WALL 44992773 1 0 1627767084
WALL 44992773 1 0 1627767085
WALL 44992773 1 0 1627767086
WALL 44992773 1 0 1627767087
WALL 44992773 1 0 1627767088
WALL 44992773 1 0 1627767089
WALL 44992773 1 0 1627767090
WALL 44992773 1 0 1627767091
WALL 44992773 1 0 1627767092
WALL 44992773 1 0 1627767093
WALL 44992773 1 0 1627767094
WALL 44992773 1 0 1627767095
WALL 44992773 1 0 1627767096
WALL 44992773 1 0 1627767097
WALL 44992773 1 0 1627767098
WALL 44992773 1 0 1627767099
WALL 44992773 1 0 1627767100
WALL 44992773 1 0 1627767101
WALL 44992773 1 0 1627767102
WALL 44992773 1 0 1627767103
WALL 44992773 1 0 1627767104
WALL 44992773 1 0 1627767105
WALL 44992773 1 0 1627767106
WALL 44992773 1 0 1627767107
WALL 44992773 1 0 1627767108
WALL 44992773 1 0 1627767109
WALL 44992773 1 0 1627767110
WALL 44992773 1 0 1627767111
WALL 44992773 1 0 1627767112
WALL 44992773 1 0 1627767113
WALL 44992773 1 0 1627767114
WALL 44992773 1 0 1627767115
WALL 44992773 1 0 1627767116
WALL 44992773 1 0 1627767117
WALL 44992773 1 0 1627767118
WALL 44992773 1 0 1627767119
WALL 44992773 1 0 1627767120
WALL 44992773 1 0 1627767121
WALL 44992773 1 0 1627767122
WALL 44992773 1 0 1627767123
WALL 44992773 1 0 1627767124
WALL 44992773 1 0 1627767125
WALL 44992773 1 0 1627767126
WALL 44992773 1 0 1627767127
WALL 44992773 1 0 1627767128
WALL 44992773 1 0 1627767129
WALL 44992773 1 0 1627767130
WALL 44992773 1 0 1627767131
WALL 44992773 1 0 1627767132
WALL 44992773 1 0 1627767133
WALL 44992773 1 0 1627767134
WALL 44992773 1 0 1627767135
WALL 44992773 1 0 1627767136
WALL 44992773 1 0 1627767137
WALL 44992773 1 0 1627767138
WALL 44992773 1 0 1627767139
WALL 44992773 1 0 1627767140
WALL 44992773 1 0 1627767141
WALL 44992773 1 0 1627767142
WALL 44992773 1 0 1627767143
WALL 44992773 1 0 1627767144
WALL 44992773 1 0 1627767145
WALL 44992773 1 0 1627767146
WALL 44992773 1 0 1627767147
WALL 44992773 1 0 1627767148
WALL 44992773 1 0 1627767149
WALL 44992773 1 0 1627767150
WALL 44992773 1 0 1627767151
WALL 44992773 1 0 1627767152
WALL 44992773 1 0 1627767153
WALL 44992773 1 0 1627767154
WALL 44992773 1 0 1627767155
WALL 44992773 1 0 1627767156
WALL 44992773 1 0 1627767157
WALL 44992773 1 0 1627767158
WALL 44992773 1 0 1627767159
WALL 44992773 1 0 1627767160
WALL 44992773 1 0 1627767161
WALL 44992773 1 0 1627767162
WALL 44992773 1 0 1627767163
WALL 44992773 1 0 1627767164
WALL 44992773 1 0 1627767165
WALL 44992773 1 0 1627767166
WALL 44992773 1 0 1627767167
WALL 44992773 1 0 1627767168
WALL 44992773 1 0 1627767169
WALL 44992773 1 0 1627767170
WALL 44992773 1 0 1627767171
WALL 44992773 1 0 1627767172
WALL 44992773 1 0 1627767173
WALL 44992773 1 0 1627767174
WALL 44992773 1 0 1627767175
WALL 44992773 1 0 1627767176
WALL 44992773 1 0 1627767177
WALL 44992773 1 0 1627767178
WALL 44992773 1 0 1627767179
received SIGCONT 1627767179
WALL 44992773 1 0 1627767179
slurmstepd: error: *** STEP 44992773.0 ON nid00872 CANCELLED AT 2021-07-31T14:32:59 ***
received SIGTERM 1627767179
WALL 44992773 1 0 1627767179
WALL 44992773 1 0 1627767180
WALL 44992773 1 0 1627767181
WALL 44992773 1 0 1627767182
WALL 44992773 1 0 1627767183
WALL 44992773 1 0 1627767184
WALL 44992773 1 0 1627767185
WALL 44992773 1 0 1627767186
WALL 44992773 1 0 1627767187
WALL 44992773 1 0 1627767188
WALL 44992773 1 0 1627767189
WALL 44992773 1 0 1627767190
WALL 44992773 1 0 1627767191
WALL 44992773 1 0 1627767192
WALL 44992773 1 0 1627767193
WALL 44992773 1 0 1627767194
WALL 44992773 1 0 1627767195
WALL 44992773 1 0 1627767196
WALL 44992773 1 0 1627767197
WALL 44992773 1 0 1627767198
WALL 44992773 1 0 1627767199
WALL 44992773 1 0 1627767200
WALL 44992773 1 0 1627767201
WALL 44992773 1 0 1627767202
WALL 44992773 1 0 1627767203
WALL 44992773 1 0 1627767204
WALL 44992773 1 0 1627767205
WALL 44992773 1 0 1627767206
WALL 44992773 1 0 1627767207
WALL 44992773 1 0 1627767208
WALL 44992773 1 0 1627767209
WALL 44992773 1 0 1627767210
WALL 44992773 1 0 1627767211
WALL 44992773 1 0 1627767212
WALL 44992773 1 0 1627767213
WALL 44992773 1 0 1627767214
WALL 44992773 1 0 1627767215
WALL 44992773 1 0 1627767216
WALL 44992773 1 0 1627767217
WALL 44992773 1 0 1627767218
WALL 44992773 1 0 1627767219
WALL 44992773 1 0 1627767220
WALL 44992773 1 0 1627767221
WALL 44992773 1 0 1627767222
WALL 44992773 1 0 1627767223
WALL 44992773 1 0 1627767224
WALL 44992773 1 0 1627767225
WALL 44992773 1 0 1627767226
WALL 44992773 1 0 1627767227
WALL 44992773 1 0 1627767228
WALL 44992773 1 0 1627767229
WALL 44992773 1 0 1627767230
WALL 44992773 1 0 1627767231
WALL 44992773 1 0 1627767232
WALL 44992773 1 0 1627767233
WALL 44992773 1 0 1627767234
WALL 44992773 1 0 1627767235
WALL 44992773 1 0 1627767236
WALL 44992773 1 0 1627767237
WALL 44992773 1 0 1627767238
WALL 44992773 1 0 1627767239
WALL 44992773 1 0 1627767240
WALL 44992773 1 0 1627767241
WALL 44992773 1 0 1627767242
WALL 44992773 1 0 1627767243
WALL 44992773 1 0 1627767244
WALL 44992773 1 0 1627767245
WALL 44992773 1 0 1627767246
WALL 44992773 1 0 1627767247
WALL 44992773 1 0 1627767248
WALL 44992773 1 0 1627767249
WALL 44992773 1 0 1627767250
WALL 44992773 1 0 1627767251
WALL 44992773 1 0 1627767252
WALL 44992773 1 0 1627767253
WALL 44992773 1 0 1627767254
WALL 44992773 1 0 1627767255
WALL 44992773 1 0 1627767256
WALL 44992773 1 0 1627767257
WALL 44992773 1 0 1627767258
WALL 44992773 1 0 1627767259
WALL 44992773 1 0 1627767260
WALL 44992773 1 0 1627767261
WALL 44992773 1 0 1627767262
WALL 44992773 1 0 1627767263
WALL 44992773 1 0 1627767264
WALL 44992773 1 0 1627767265
WALL 44992773 1 0 1627767266
WALL 44992773 1 0 1627767267
WALL 44992773 1 0 1627767268
WALL 44992773 1 0 1627767269
WALL 44992773 1 0 1627767270
WALL 44992773 1 0 1627767271
WALL 44992773 1 0 1627767272
WALL 44992773 1 0 1627767273
WALL 44992773 1 0 1627767274
WALL 44992773 1 0 1627767275
WALL 44992773 1 0 1627767276
WALL 44992773 1 0 1627767277
WALL 44992773 1 0 1627767278
WALL 44992773 1 0 1627767279
WALL 44992773 1 0 1627767280
WALL 44992773 1 0 1627767281
WALL 44992773 1 0 1627767282
WALL 44992773 1 0 1627767283
WALL 44992773 1 0 1627767284
WALL 44992773 1 0 1627767285
WALL 44992773 1 0 1627767286
WALL 44992773 1 0 1627767287
WALL 44992773 1 0 1627767288
WALL 44992773 1 0 1627767289
WALL 44992773 1 0 1627767290
WALL 44992773 1 0 1627767291
WALL 44992773 1 0 1627767292
WALL 44992773 1 0 1627767293
WALL 44992773 1 0 1627767294
WALL 44992773 1 0 1627767295
WALL 44992773 1 0 1627767296
WALL 44992773 1 0 1627767297
WALL 44992773 1 0 1627767298
WALL 44992773 1 0 1627767299
WALL 44992773 1 0 1627767300
WALL 44992773 1 0 1627767301
WALL 44992773 1 0 1627767302
WALL 44992773 1 0 1627767303
WALL 44992773 1 0 1627767304
WALL 44992773 1 0 1627767305
WALL 44992773 1 0 1627767306
WALL 44992773 1 0 1627767307
WALL 44992773 1 0 1627767308
WALL 44992773 1 0 1627767309
WALL 44992773 1 0 1627767310
WALL 44992773 1 0 1627767311
WALL 44992773 1 0 1627767312
WALL 44992773 1 0 1627767313
WALL 44992773 1 0 1627767314
WALL 44992773 1 0 1627767315
WALL 44992773 1 0 1627767316
WALL 44992773 1 0 1627767317
WALL 44992773 1 0 1627767318
WALL 44992773 1 0 1627767319
WALL 44992773 1 0 1627767320
WALL 44992773 1 0 1627767321
WALL 44992773 1 0 1627767322
WALL 44992773 1 0 1627767323
WALL 44992773 1 0 1627767324
WALL 44992773 1 0 1627767325
WALL 44992773 1 0 1627767326
WALL 44992773 1 0 1627767327
WALL 44992773 1 0 1627767328
WALL 44992773 1 0 1627767329
WALL 44992773 1 0 1627767330
WALL 44992773 1 0 1627767331
WALL 44992773 1 0 1627767332
WALL 44992773 1 0 1627767333
WALL 44992773 1 0 1627767334
WALL 44992773 1 0 1627767335
WALL 44992773 1 0 1627767336
WALL 44992773 1 0 1627767337
WALL 44992773 1 0 1627767338
WALL 44992773 1 0 1627767339
WALL 44992773 1 0 1627767340
WALL 44992773 1 0 1627767341
WALL 44992773 1 0 1627767342
WALL 44992773 1 0 1627767343
WALL 44992773 1 0 1627767344
WALL 44992773 1 0 1627767345
WALL 44992773 1 0 1627767346
WALL 44992773 1 0 1627767347
WALL 44992773 1 0 1627767348
WALL 44992773 1 0 1627767349
WALL 44992773 1 0 1627767350
WALL 44992773 1 0 1627767351
WALL 44992773 1 0 1627767352
WALL 44992773 1 0 1627767353
WALL 44992773 1 0 1627767354
WALL 44992773 1 0 1627767355
WALL 44992773 1 0 1627767356
WALL 44992773 1 0 1627767357
WALL 44992773 1 0 1627767358
WALL 44992773 1 0 1627767359
WALL 44992773 1 0 1627767360
WALL 44992773 1 0 1627767361
WALL 44992773 1 0 1627767362
WALL 44992773 1 0 1627767363
WALL 44992773 1 0 1627767364
WALL 44992773 1 0 1627767365
WALL 44992773 1 0 1627767366
WALL 44992773 1 0 1627767367
WALL 44992773 1 0 1627767368
WALL 44992773 1 0 1627767369
WALL 44992773 1 0 1627767370
WALL 44992773 1 0 1627767371
WALL 44992773 1 0 1627767372
WALL 44992773 1 0 1627767373
WALL 44992773 1 0 1627767374
WALL 44992773 1 0 1627767375
WALL 44992773 1 0 1627767376
WALL 44992773 1 0 1627767377
WALL 44992773 1 0 1627767378
WALL 44992773 1 0 1627767379
WALL 44992773 1 0 1627767380
WALL 44992773 1 0 1627767381
WALL 44992773 1 0 1627767382
WALL 44992773 1 0 1627767383
WALL 44992773 1 0 1627767384
WALL 44992773 1 0 1627767385
WALL 44992773 1 0 1627767386
WALL 44992773 1 0 1627767387
WALL 44992773 1 0 1627767388
WALL 44992773 1 0 1627767389
WALL 44992773 1 0 1627767390
WALL 44992773 1 0 1627767391
WALL 44992773 1 0 1627767392
WALL 44992773 1 0 1627767393
WALL 44992773 1 0 1627767394
WALL 44992773 1 0 1627767395
WALL 44992773 1 0 1627767396
WALL 44992773 1 0 1627767397
WALL 44992773 1 0 1627767398
WALL 44992773 1 0 1627767399
WALL 44992773 1 0 1627767400
WALL 44992773 1 0 1627767401
WALL 44992773 1 0 1627767402
WALL 44992773 1 0 1627767403
WALL 44992773 1 0 1627767404
WALL 44992773 1 0 1627767405
WALL 44992773 1 0 1627767406
WALL 44992773 1 0 1627767407
WALL 44992773 1 0 1627767408
WALL 44992773 1 0 1627767409
WALL 44992773 1 0 1627767410
WALL 44992773 1 0 1627767411
WALL 44992773 1 0 1627767412
WALL 44992773 1 0 1627767413
WALL 44992773 1 0 1627767414
WALL 44992773 1 0 1627767415
WALL 44992773 1 0 1627767416
WALL 44992773 1 0 1627767417
WALL 44992773 1 0 1627767418
WALL 44992773 1 0 1627767419
WALL 44992773 1 0 1627767420
WALL 44992773 1 0 1627767421
WALL 44992773 1 0 1627767422
WALL 44992773 1 0 1627767423
WALL 44992773 1 0 1627767424
WALL 44992773 1 0 1627767425
WALL 44992773 1 0 1627767426
WALL 44992773 1 0 1627767427
WALL 44992773 1 0 1627767428
WALL 44992773 1 0 1627767429
WALL 44992773 1 0 1627767430
WALL 44992773 1 0 1627767431
WALL 44992773 1 0 1627767432
WALL 44992773 1 0 1627767433
WALL 44992773 1 0 1627767434
WALL 44992773 1 0 1627767435
WALL 44992773 1 0 1627767436
WALL 44992773 1 0 1627767437
WALL 44992773 1 0 1627767438
WALL 44992773 1 0 1627767439
WALL 44992773 1 0 1627767440
WALL 44992773 1 0 1627767441
WALL 44992773 1 0 1627767442
WALL 44992773 1 0 1627767443
WALL 44992773 1 0 1627767444
WALL 44992773 1 0 1627767445
WALL 44992773 1 0 1627767446
WALL 44992773 1 0 1627767447
WALL 44992773 1 0 1627767448
WALL 44992773 1 0 1627767449
WALL 44992773 1 0 1627767450
WALL 44992773 1 0 1627767451
WALL 44992773 1 0 1627767452
WALL 44992773 1 0 1627767453
WALL 44992773 1 0 1627767454
WALL 44992773 1 0 1627767455
WALL 44992773 1 0 1627767456
WALL 44992773 1 0 1627767457
WALL 44992773 1 0 1627767458
WALL 44992773 1 0 1627767459
WALL 44992773 1 0 1627767460
WALL 44992773 1 0 1627767461
WALL 44992773 1 0 1627767462
WALL 44992773 1 0 1627767463
WALL 44992773 1 0 1627767464
WALL 44992773 1 0 1627767465
WALL 44992773 1 0 1627767466
WALL 44992773 1 0 1627767467
WALL 44992773 1 0 1627767468
WALL 44992773 1 0 1627767469
WALL 44992773 1 0 1627767470
WALL 44992773 1 0 1627767471
WALL 44992773 1 0 1627767472
WALL 44992773 1 0 1627767473
WALL 44992773 1 0 1627767474
WALL 44992773 1 0 1627767475
WALL 44992773 1 0 1627767476
WALL 44992773 1 0 1627767477
WALL 44992773 1 0 1627767478
WALL 44992773 1 0 1627767479
WALL 44992773 1 0 1627767480
WALL 44992773 1 0 1627767481
WALL 44992773 1 0 1627767482
WALL 44992773 1 0 1627767483
WALL 44992773 1 0 1627767484
WALL 44992773 1 0 1627767485
WALL 44992773 1 0 1627767486
WALL 44992773 1 0 1627767487
srun: Job step aborted: Waiting up to 32 seconds for job step to finish.
received SIGTERM 1627767487
WALL 44992773 1 0 1627767487
srun: got SIGCONT
received SIGCONT 1627767487
srun: forcing job termination
WALL 44992773 1 0 1627767487
