WALL 44997509 1 0 1627782693
WALL 44997509 1 0 1627782694
WALL 44997509 1 0 1627782695
WALL 44997509 1 0 1627782696
WALL 44997509 1 0 1627782697
WALL 44997509 1 0 1627782698
WALL 44997509 1 0 1627782699
WALL 44997509 1 0 1627782700
WALL 44997509 1 0 1627782701
WALL 44997509 1 0 1627782702
WALL 44997509 1 0 1627782703
WALL 44997509 1 0 1627782704
WALL 44997509 1 0 1627782705
WALL 44997509 1 0 1627782706
WALL 44997509 1 0 1627782707
WALL 44997509 1 0 1627782708
WALL 44997509 1 0 1627782709
WALL 44997509 1 0 1627782710
WALL 44997509 1 0 1627782711
WALL 44997509 1 0 1627782712
WALL 44997509 1 0 1627782713
WALL 44997509 1 0 1627782714
WALL 44997509 1 0 1627782715
WALL 44997509 1 0 1627782716
WALL 44997509 1 0 1627782717
WALL 44997509 1 0 1627782718
WALL 44997509 1 0 1627782719
WALL 44997509 1 0 1627782720
WALL 44997509 1 0 1627782721
WALL 44997509 1 0 1627782722
WALL 44997509 1 0 1627782723
WALL 44997509 1 0 1627782724
WALL 44997509 1 0 1627782725
WALL 44997509 1 0 1627782726
WALL 44997509 1 0 1627782727
WALL 44997509 1 0 1627782728
WALL 44997509 1 0 1627782729
WALL 44997509 1 0 1627782730
WALL 44997509 1 0 1627782731
WALL 44997509 1 0 1627782732
WALL 44997509 1 0 1627782733
WALL 44997509 1 0 1627782734
WALL 44997509 1 0 1627782735
WALL 44997509 1 0 1627782736
WALL 44997509 1 0 1627782737
WALL 44997509 1 0 1627782738
WALL 44997509 1 0 1627782739
WALL 44997509 1 0 1627782740
WALL 44997509 1 0 1627782741
WALL 44997509 1 0 1627782742
WALL 44997509 1 0 1627782744
WALL 44997509 1 0 1627782745
WALL 44997509 1 0 1627782746
WALL 44997509 1 0 1627782747
WALL 44997509 1 0 1627782748
WALL 44997509 1 0 1627782749
WALL 44997509 1 0 1627782750
WALL 44997509 1 0 1627782751
WALL 44997509 1 0 1627782752
WALL 44997509 1 0 1627782753
WALL 44997509 1 0 1627782754
WALL 44997509 1 0 1627782755
WALL 44997509 1 0 1627782756
WALL 44997509 1 0 1627782757
WALL 44997509 1 0 1627782758
WALL 44997509 1 0 1627782759
WALL 44997509 1 0 1627782760
WALL 44997509 1 0 1627782761
WALL 44997509 1 0 1627782762
WALL 44997509 1 0 1627782763
WALL 44997509 1 0 1627782764
WALL 44997509 1 0 1627782765
WALL 44997509 1 0 1627782766
WALL 44997509 1 0 1627782767
WALL 44997509 1 0 1627782768
WALL 44997509 1 0 1627782769
WALL 44997509 1 0 1627782770
WALL 44997509 1 0 1627782771
WALL 44997509 1 0 1627782772
WALL 44997509 1 0 1627782773
WALL 44997509 1 0 1627782774
WALL 44997509 1 0 1627782775
WALL 44997509 1 0 1627782776
WALL 44997509 1 0 1627782777
WALL 44997509 1 0 1627782778
WALL 44997509 1 0 1627782779
WALL 44997509 1 0 1627782780
WALL 44997509 1 0 1627782781
WALL 44997509 1 0 1627782782
WALL 44997509 1 0 1627782783
WALL 44997509 1 0 1627782784
WALL 44997509 1 0 1627782785
WALL 44997509 1 0 1627782786
WALL 44997509 1 0 1627782787
WALL 44997509 1 0 1627782788
WALL 44997509 1 0 1627782789
WALL 44997509 1 0 1627782790
WALL 44997509 1 0 1627782791
WALL 44997509 1 0 1627782792
WALL 44997509 1 0 1627782793
WALL 44997509 1 0 1627782794
WALL 44997509 1 0 1627782795
WALL 44997509 1 0 1627782796
WALL 44997509 1 0 1627782797
WALL 44997509 1 0 1627782798
WALL 44997509 1 0 1627782799
WALL 44997509 1 0 1627782800
WALL 44997509 1 0 1627782801
WALL 44997509 1 0 1627782802
WALL 44997509 1 0 1627782803
WALL 44997509 1 0 1627782804
WALL 44997509 1 0 1627782805
WALL 44997509 1 0 1627782806
WALL 44997509 1 0 1627782807
WALL 44997509 1 0 1627782808
WALL 44997509 1 0 1627782809
WALL 44997509 1 0 1627782810
WALL 44997509 1 0 1627782811
WALL 44997509 1 0 1627782812
WALL 44997509 1 0 1627782813
WALL 44997509 1 0 1627782814
WALL 44997509 1 0 1627782815
WALL 44997509 1 0 1627782816
WALL 44997509 1 0 1627782817
WALL 44997509 1 0 1627782818
WALL 44997509 1 0 1627782819
WALL 44997509 1 0 1627782820
WALL 44997509 1 0 1627782821
WALL 44997509 1 0 1627782822
WALL 44997509 1 0 1627782823
WALL 44997509 1 0 1627782824
WALL 44997509 1 0 1627782825
WALL 44997509 1 0 1627782826
WALL 44997509 1 0 1627782827
WALL 44997509 1 0 1627782828
WALL 44997509 1 0 1627782829
WALL 44997509 1 0 1627782830
WALL 44997509 1 0 1627782831
WALL 44997509 1 0 1627782832
WALL 44997509 1 0 1627782833
WALL 44997509 1 0 1627782834
WALL 44997509 1 0 1627782835
WALL 44997509 1 0 1627782836
WALL 44997509 1 0 1627782837
WALL 44997509 1 0 1627782838
WALL 44997509 1 0 1627782839
WALL 44997509 1 0 1627782840
WALL 44997509 1 0 1627782841
WALL 44997509 1 0 1627782842
WALL 44997509 1 0 1627782843
WALL 44997509 1 0 1627782844
WALL 44997509 1 0 1627782845
WALL 44997509 1 0 1627782846
WALL 44997509 1 0 1627782847
WALL 44997509 1 0 1627782848
WALL 44997509 1 0 1627782849
WALL 44997509 1 0 1627782850
WALL 44997509 1 0 1627782851
WALL 44997509 1 0 1627782852
WALL 44997509 1 0 1627782853
WALL 44997509 1 0 1627782854
WALL 44997509 1 0 1627782855
WALL 44997509 1 0 1627782856
WALL 44997509 1 0 1627782857
WALL 44997509 1 0 1627782858
WALL 44997509 1 0 1627782859
WALL 44997509 1 0 1627782860
WALL 44997509 1 0 1627782861
WALL 44997509 1 0 1627782862
WALL 44997509 1 0 1627782863
WALL 44997509 1 0 1627782864
WALL 44997509 1 0 1627782865
WALL 44997509 1 0 1627782866
WALL 44997509 1 0 1627782867
WALL 44997509 1 0 1627782868
WALL 44997509 1 0 1627782869
WALL 44997509 1 0 1627782870
WALL 44997509 1 0 1627782871
WALL 44997509 1 0 1627782872
WALL 44997509 1 0 1627782873
WALL 44997509 1 0 1627782874
WALL 44997509 1 0 1627782875
WALL 44997509 1 0 1627782876
WALL 44997509 1 0 1627782877
WALL 44997509 1 0 1627782878
WALL 44997509 1 0 1627782879
WALL 44997509 1 0 1627782880
WALL 44997509 1 0 1627782881
WALL 44997509 1 0 1627782882
WALL 44997509 1 0 1627782883
WALL 44997509 1 0 1627782884
WALL 44997509 1 0 1627782885
WALL 44997509 1 0 1627782886
WALL 44997509 1 0 1627782887
WALL 44997509 1 0 1627782888
WALL 44997509 1 0 1627782889
WALL 44997509 1 0 1627782890
WALL 44997509 1 0 1627782891
WALL 44997509 1 0 1627782892
WALL 44997509 1 0 1627782893
WALL 44997509 1 0 1627782894
WALL 44997509 1 0 1627782895
WALL 44997509 1 0 1627782896
WALL 44997509 1 0 1627782897
WALL 44997509 1 0 1627782898
WALL 44997509 1 0 1627782899
WALL 44997509 1 0 1627782900
WALL 44997509 1 0 1627782901
WALL 44997509 1 0 1627782902
WALL 44997509 1 0 1627782903
WALL 44997509 1 0 1627782904
WALL 44997509 1 0 1627782905
WALL 44997509 1 0 1627782906
WALL 44997509 1 0 1627782907
WALL 44997509 1 0 1627782908
WALL 44997509 1 0 1627782909
WALL 44997509 1 0 1627782910
WALL 44997509 1 0 1627782911
WALL 44997509 1 0 1627782912
WALL 44997509 1 0 1627782913
WALL 44997509 1 0 1627782914
WALL 44997509 1 0 1627782915
WALL 44997509 1 0 1627782916
WALL 44997509 1 0 1627782917
WALL 44997509 1 0 1627782918
WALL 44997509 1 0 1627782919
WALL 44997509 1 0 1627782920
WALL 44997509 1 0 1627782921
WALL 44997509 1 0 1627782922
WALL 44997509 1 0 1627782923
WALL 44997509 1 0 1627782924
WALL 44997509 1 0 1627782925
WALL 44997509 1 0 1627782926
WALL 44997509 1 0 1627782927
WALL 44997509 1 0 1627782928
WALL 44997509 1 0 1627782929
WALL 44997509 1 0 1627782930
WALL 44997509 1 0 1627782931
WALL 44997509 1 0 1627782932
WALL 44997509 1 0 1627782933
WALL 44997509 1 0 1627782934
WALL 44997509 1 0 1627782935
WALL 44997509 1 0 1627782936
WALL 44997509 1 0 1627782937
WALL 44997509 1 0 1627782938
WALL 44997509 1 0 1627782939
WALL 44997509 1 0 1627782940
WALL 44997509 1 0 1627782941
WALL 44997509 1 0 1627782942
WALL 44997509 1 0 1627782943
WALL 44997509 1 0 1627782944
WALL 44997509 1 0 1627782945
WALL 44997509 1 0 1627782946
WALL 44997509 1 0 1627782947
WALL 44997509 1 0 1627782948
WALL 44997509 1 0 1627782949
WALL 44997509 1 0 1627782950
WALL 44997509 1 0 1627782951
WALL 44997509 1 0 1627782952
WALL 44997509 1 0 1627782953
WALL 44997509 1 0 1627782954
WALL 44997509 1 0 1627782955
WALL 44997509 1 0 1627782956
WALL 44997509 1 0 1627782957
WALL 44997509 1 0 1627782958
WALL 44997509 1 0 1627782959
WALL 44997509 1 0 1627782960
WALL 44997509 1 0 1627782961
WALL 44997509 1 0 1627782962
WALL 44997509 1 0 1627782963
WALL 44997509 1 0 1627782964
WALL 44997509 1 0 1627782965
WALL 44997509 1 0 1627782966
WALL 44997509 1 0 1627782967
WALL 44997509 1 0 1627782968
WALL 44997509 1 0 1627782969
WALL 44997509 1 0 1627782970
WALL 44997509 1 0 1627782971
WALL 44997509 1 0 1627782972
WALL 44997509 1 0 1627782973
WALL 44997509 1 0 1627782974
WALL 44997509 1 0 1627782975
WALL 44997509 1 0 1627782976
WALL 44997509 1 0 1627782977
WALL 44997509 1 0 1627782978
WALL 44997509 1 0 1627782979
WALL 44997509 1 0 1627782980
WALL 44997509 1 0 1627782981
WALL 44997509 1 0 1627782982
WALL 44997509 1 0 1627782983
WALL 44997509 1 0 1627782984
WALL 44997509 1 0 1627782985
WALL 44997509 1 0 1627782986
WALL 44997509 1 0 1627782987
WALL 44997509 1 0 1627782988
WALL 44997509 1 0 1627782989
WALL 44997509 1 0 1627782990
WALL 44997509 1 0 1627782991
WALL 44997509 1 0 1627782992
WALL 44997509 1 0 1627782993
WALL 44997509 1 0 1627782994
WALL 44997509 1 0 1627782995
WALL 44997509 1 0 1627782996
WALL 44997509 1 0 1627782997
WALL 44997509 1 0 1627782998
WALL 44997509 1 0 1627782999
WALL 44997509 1 0 1627783000
WALL 44997509 1 0 1627783001
WALL 44997509 1 0 1627783002
WALL 44997509 1 0 1627783003
WALL 44997509 1 0 1627783004
WALL 44997509 1 0 1627783005
WALL 44997509 1 0 1627783006
WALL 44997509 1 0 1627783007
WALL 44997509 1 0 1627783008
WALL 44997509 1 0 1627783009
WALL 44997509 1 0 1627783010
WALL 44997509 1 0 1627783011
WALL 44997509 1 0 1627783012
WALL 44997509 1 0 1627783013
WALL 44997509 1 0 1627783014
WALL 44997509 1 0 1627783015
WALL 44997509 1 0 1627783016
WALL 44997509 1 0 1627783017
WALL 44997509 1 0 1627783018
WALL 44997509 1 0 1627783019
WALL 44997509 1 0 1627783020
WALL 44997509 1 0 1627783021
WALL 44997509 1 0 1627783022
WALL 44997509 1 0 1627783023
WALL 44997509 1 0 1627783024
WALL 44997509 1 0 1627783025
WALL 44997509 1 0 1627783026
WALL 44997509 1 0 1627783027
WALL 44997509 1 0 1627783028
WALL 44997509 1 0 1627783029
WALL 44997509 1 0 1627783030
WALL 44997509 1 0 1627783031
WALL 44997509 1 0 1627783032
WALL 44997509 1 0 1627783033
WALL 44997509 1 0 1627783034
WALL 44997509 1 0 1627783035
WALL 44997509 1 0 1627783036
WALL 44997509 1 0 1627783037
WALL 44997509 1 0 1627783038
WALL 44997509 1 0 1627783039
WALL 44997509 1 0 1627783040
WALL 44997509 1 0 1627783041
WALL 44997509 1 0 1627783042
WALL 44997509 1 0 1627783043
WALL 44997509 1 0 1627783044
WALL 44997509 1 0 1627783045
WALL 44997509 1 0 1627783046
WALL 44997509 1 0 1627783047
WALL 44997509 1 0 1627783048
WALL 44997509 1 0 1627783049
WALL 44997509 1 0 1627783050
WALL 44997509 1 0 1627783051
WALL 44997509 1 0 1627783052
WALL 44997509 1 0 1627783053
WALL 44997509 1 0 1627783054
WALL 44997509 1 0 1627783055
WALL 44997509 1 0 1627783056
WALL 44997509 1 0 1627783057
WALL 44997509 1 0 1627783058
WALL 44997509 1 0 1627783059
WALL 44997509 1 0 1627783060
WALL 44997509 1 0 1627783061
WALL 44997509 1 0 1627783062
WALL 44997509 1 0 1627783063
WALL 44997509 1 0 1627783064
WALL 44997509 1 0 1627783065
WALL 44997509 1 0 1627783066
WALL 44997509 1 0 1627783067
WALL 44997509 1 0 1627783068
WALL 44997509 1 0 1627783069
WALL 44997509 1 0 1627783070
WALL 44997509 1 0 1627783071
WALL 44997509 1 0 1627783072
WALL 44997509 1 0 1627783073
WALL 44997509 1 0 1627783074
WALL 44997509 1 0 1627783075
WALL 44997509 1 0 1627783076
WALL 44997509 1 0 1627783077
WALL 44997509 1 0 1627783078
WALL 44997509 1 0 1627783079
WALL 44997509 1 0 1627783080
WALL 44997509 1 0 1627783081
WALL 44997509 1 0 1627783082
WALL 44997509 1 0 1627783083
WALL 44997509 1 0 1627783084
WALL 44997509 1 0 1627783085
WALL 44997509 1 0 1627783086
WALL 44997509 1 0 1627783087
WALL 44997509 1 0 1627783088
WALL 44997509 1 0 1627783089
WALL 44997509 1 0 1627783090
WALL 44997509 1 0 1627783091
WALL 44997509 1 0 1627783092
WALL 44997509 1 0 1627783093
WALL 44997509 1 0 1627783094
WALL 44997509 1 0 1627783095
WALL 44997509 1 0 1627783096
WALL 44997509 1 0 1627783097
WALL 44997509 1 0 1627783098
WALL 44997509 1 0 1627783099
WALL 44997509 1 0 1627783100
WALL 44997509 1 0 1627783101
WALL 44997509 1 0 1627783102
WALL 44997509 1 0 1627783103
WALL 44997509 1 0 1627783104
WALL 44997509 1 0 1627783105
WALL 44997509 1 0 1627783106
WALL 44997509 1 0 1627783107
WALL 44997509 1 0 1627783108
WALL 44997509 1 0 1627783109
WALL 44997509 1 0 1627783110
WALL 44997509 1 0 1627783111
WALL 44997509 1 0 1627783112
WALL 44997509 1 0 1627783113
WALL 44997509 1 0 1627783114
WALL 44997509 1 0 1627783115
WALL 44997509 1 0 1627783116
WALL 44997509 1 0 1627783117
WALL 44997509 1 0 1627783118
WALL 44997509 1 0 1627783119
WALL 44997509 1 0 1627783120
WALL 44997509 1 0 1627783121
WALL 44997509 1 0 1627783122
WALL 44997509 1 0 1627783123
WALL 44997509 1 0 1627783124
WALL 44997509 1 0 1627783125
WALL 44997509 1 0 1627783126
WALL 44997509 1 0 1627783127
WALL 44997509 1 0 1627783128
WALL 44997509 1 0 1627783129
WALL 44997509 1 0 1627783130
WALL 44997509 1 0 1627783131
WALL 44997509 1 0 1627783132
WALL 44997509 1 0 1627783133
WALL 44997509 1 0 1627783134
WALL 44997509 1 0 1627783135
WALL 44997509 1 0 1627783136
WALL 44997509 1 0 1627783137
WALL 44997509 1 0 1627783138
WALL 44997509 1 0 1627783139
WALL 44997509 1 0 1627783140
WALL 44997509 1 0 1627783141
WALL 44997509 1 0 1627783142
WALL 44997509 1 0 1627783143
WALL 44997509 1 0 1627783144
WALL 44997509 1 0 1627783145
WALL 44997509 1 0 1627783146
WALL 44997509 1 0 1627783147
WALL 44997509 1 0 1627783148
WALL 44997509 1 0 1627783149
WALL 44997509 1 0 1627783150
WALL 44997509 1 0 1627783151
WALL 44997509 1 0 1627783152
WALL 44997509 1 0 1627783153
WALL 44997509 1 0 1627783154
WALL 44997509 1 0 1627783155
WALL 44997509 1 0 1627783156
WALL 44997509 1 0 1627783157
WALL 44997509 1 0 1627783158
WALL 44997509 1 0 1627783159
WALL 44997509 1 0 1627783160
WALL 44997509 1 0 1627783161
WALL 44997509 1 0 1627783162
WALL 44997509 1 0 1627783163
WALL 44997509 1 0 1627783164
WALL 44997509 1 0 1627783165
WALL 44997509 1 0 1627783166
WALL 44997509 1 0 1627783167
WALL 44997509 1 0 1627783168
WALL 44997509 1 0 1627783169
WALL 44997509 1 0 1627783170
WALL 44997509 1 0 1627783171
WALL 44997509 1 0 1627783172
WALL 44997509 1 0 1627783173
WALL 44997509 1 0 1627783174
WALL 44997509 1 0 1627783175
WALL 44997509 1 0 1627783176
WALL 44997509 1 0 1627783177
WALL 44997509 1 0 1627783178
WALL 44997509 1 0 1627783179
WALL 44997509 1 0 1627783180
WALL 44997509 1 0 1627783181
WALL 44997509 1 0 1627783182
WALL 44997509 1 0 1627783183
WALL 44997509 1 0 1627783184
WALL 44997509 1 0 1627783185
WALL 44997509 1 0 1627783186
WALL 44997509 1 0 1627783187
WALL 44997509 1 0 1627783188
WALL 44997509 1 0 1627783189
WALL 44997509 1 0 1627783190
WALL 44997509 1 0 1627783191
WALL 44997509 1 0 1627783192
WALL 44997509 1 0 1627783193
WALL 44997509 1 0 1627783194
WALL 44997509 1 0 1627783195
WALL 44997509 1 0 1627783196
WALL 44997509 1 0 1627783197
WALL 44997509 1 0 1627783198
WALL 44997509 1 0 1627783199
WALL 44997509 1 0 1627783200
WALL 44997509 1 0 1627783201
WALL 44997509 1 0 1627783202
WALL 44997509 1 0 1627783203
WALL 44997509 1 0 1627783204
WALL 44997509 1 0 1627783205
WALL 44997509 1 0 1627783206
WALL 44997509 1 0 1627783207
WALL 44997509 1 0 1627783208
WALL 44997509 1 0 1627783209
WALL 44997509 1 0 1627783210
WALL 44997509 1 0 1627783211
WALL 44997509 1 0 1627783212
WALL 44997509 1 0 1627783213
WALL 44997509 1 0 1627783214
WALL 44997509 1 0 1627783215
WALL 44997509 1 0 1627783216
WALL 44997509 1 0 1627783217
WALL 44997509 1 0 1627783218
WALL 44997509 1 0 1627783219
WALL 44997509 1 0 1627783220
WALL 44997509 1 0 1627783221
WALL 44997509 1 0 1627783222
WALL 44997509 1 0 1627783223
WALL 44997509 1 0 1627783224
WALL 44997509 1 0 1627783225
WALL 44997509 1 0 1627783226
WALL 44997509 1 0 1627783227
WALL 44997509 1 0 1627783228
WALL 44997509 1 0 1627783229
WALL 44997509 1 0 1627783230
WALL 44997509 1 0 1627783231
WALL 44997509 1 0 1627783232
WALL 44997509 1 0 1627783233
WALL 44997509 1 0 1627783234
WALL 44997509 1 0 1627783235
WALL 44997509 1 0 1627783236
WALL 44997509 1 0 1627783237
WALL 44997509 1 0 1627783238
WALL 44997509 1 0 1627783239
WALL 44997509 1 0 1627783240
WALL 44997509 1 0 1627783241
WALL 44997509 1 0 1627783242
WALL 44997509 1 0 1627783243
WALL 44997509 1 0 1627783244
WALL 44997509 1 0 1627783245
WALL 44997509 1 0 1627783246
WALL 44997509 1 0 1627783247
WALL 44997509 1 0 1627783248
WALL 44997509 1 0 1627783249
WALL 44997509 1 0 1627783250
WALL 44997509 1 0 1627783251
WALL 44997509 1 0 1627783252
WALL 44997509 1 0 1627783253
WALL 44997509 1 0 1627783254
WALL 44997509 1 0 1627783255
WALL 44997509 1 0 1627783256
WALL 44997509 1 0 1627783257
WALL 44997509 1 0 1627783258
WALL 44997509 1 0 1627783259
WALL 44997509 1 0 1627783260
WALL 44997509 1 0 1627783261
WALL 44997509 1 0 1627783262
WALL 44997509 1 0 1627783263
WALL 44997509 1 0 1627783264
WALL 44997509 1 0 1627783265
WALL 44997509 1 0 1627783266
WALL 44997509 1 0 1627783267
WALL 44997509 1 0 1627783268
WALL 44997509 1 0 1627783269
WALL 44997509 1 0 1627783270
WALL 44997509 1 0 1627783271
WALL 44997509 1 0 1627783272
WALL 44997509 1 0 1627783273
WALL 44997509 1 0 1627783274
WALL 44997509 1 0 1627783275
WALL 44997509 1 0 1627783276
WALL 44997509 1 0 1627783277
WALL 44997509 1 0 1627783278
WALL 44997509 1 0 1627783279
WALL 44997509 1 0 1627783280
WALL 44997509 1 0 1627783281
WALL 44997509 1 0 1627783282
WALL 44997509 1 0 1627783283
WALL 44997509 1 0 1627783284
WALL 44997509 1 0 1627783285
WALL 44997509 1 0 1627783286
WALL 44997509 1 0 1627783287
WALL 44997509 1 0 1627783288
WALL 44997509 1 0 1627783289
WALL 44997509 1 0 1627783290
WALL 44997509 1 0 1627783291
WALL 44997509 1 0 1627783292
WALL 44997509 1 0 1627783293
WALL 44997509 1 0 1627783294
WALL 44997509 1 0 1627783295
WALL 44997509 1 0 1627783296
WALL 44997509 1 0 1627783297
WALL 44997509 1 0 1627783298
WALL 44997509 1 0 1627783299
WALL 44997509 1 0 1627783300
WALL 44997509 1 0 1627783301
WALL 44997509 1 0 1627783302
WALL 44997509 1 0 1627783303
WALL 44997509 1 0 1627783304
WALL 44997509 1 0 1627783305
WALL 44997509 1 0 1627783306
WALL 44997509 1 0 1627783307
WALL 44997509 1 0 1627783308
WALL 44997509 1 0 1627783309
WALL 44997509 1 0 1627783310
WALL 44997509 1 0 1627783311
WALL 44997509 1 0 1627783312
WALL 44997509 1 0 1627783313
WALL 44997509 1 0 1627783314
WALL 44997509 1 0 1627783315
WALL 44997509 1 0 1627783316
WALL 44997509 1 0 1627783317
WALL 44997509 1 0 1627783318
WALL 44997509 1 0 1627783319
WALL 44997509 1 0 1627783320
WALL 44997509 1 0 1627783321
WALL 44997509 1 0 1627783322
WALL 44997509 1 0 1627783323
WALL 44997509 1 0 1627783324
WALL 44997509 1 0 1627783325
WALL 44997509 1 0 1627783326
WALL 44997509 1 0 1627783327
WALL 44997509 1 0 1627783328
WALL 44997509 1 0 1627783329
WALL 44997509 1 0 1627783330
WALL 44997509 1 0 1627783331
WALL 44997509 1 0 1627783332
WALL 44997509 1 0 1627783333
WALL 44997509 1 0 1627783334
WALL 44997509 1 0 1627783335
WALL 44997509 1 0 1627783336
WALL 44997509 1 0 1627783337
WALL 44997509 1 0 1627783338
WALL 44997509 1 0 1627783339
WALL 44997509 1 0 1627783340
WALL 44997509 1 0 1627783341
WALL 44997509 1 0 1627783342
WALL 44997509 1 0 1627783343
WALL 44997509 1 0 1627783344
WALL 44997509 1 0 1627783345
WALL 44997509 1 0 1627783346
WALL 44997509 1 0 1627783347
WALL 44997509 1 0 1627783348
WALL 44997509 1 0 1627783349
WALL 44997509 1 0 1627783350
WALL 44997509 1 0 1627783351
WALL 44997509 1 0 1627783352
WALL 44997509 1 0 1627783353
WALL 44997509 1 0 1627783354
WALL 44997509 1 0 1627783355
WALL 44997509 1 0 1627783356
WALL 44997509 1 0 1627783357
WALL 44997509 1 0 1627783358
WALL 44997509 1 0 1627783359
WALL 44997509 1 0 1627783360
WALL 44997509 1 0 1627783361
WALL 44997509 1 0 1627783362
WALL 44997509 1 0 1627783363
WALL 44997509 1 0 1627783364
WALL 44997509 1 0 1627783365
WALL 44997509 1 0 1627783366
WALL 44997509 1 0 1627783367
WALL 44997509 1 0 1627783368
WALL 44997509 1 0 1627783369
WALL 44997509 1 0 1627783370
WALL 44997509 1 0 1627783371
WALL 44997509 1 0 1627783372
WALL 44997509 1 0 1627783373
WALL 44997509 1 0 1627783374
WALL 44997509 1 0 1627783375
WALL 44997509 1 0 1627783376
WALL 44997509 1 0 1627783377
WALL 44997509 1 0 1627783378
WALL 44997509 1 0 1627783379
WALL 44997509 1 0 1627783380
WALL 44997509 1 0 1627783381
WALL 44997509 1 0 1627783382
WALL 44997509 1 0 1627783383
WALL 44997509 1 0 1627783384
WALL 44997509 1 0 1627783385
WALL 44997509 1 0 1627783386
WALL 44997509 1 0 1627783387
WALL 44997509 1 0 1627783388
WALL 44997509 1 0 1627783389
WALL 44997509 1 0 1627783390
WALL 44997509 1 0 1627783391
WALL 44997509 1 0 1627783392
WALL 44997509 1 0 1627783393
WALL 44997509 1 0 1627783394
WALL 44997509 1 0 1627783395
WALL 44997509 1 0 1627783396
WALL 44997509 1 0 1627783397
WALL 44997509 1 0 1627783398
WALL 44997509 1 0 1627783399
WALL 44997509 1 0 1627783400
WALL 44997509 1 0 1627783401
WALL 44997509 1 0 1627783402
WALL 44997509 1 0 1627783403
WALL 44997509 1 0 1627783404
WALL 44997509 1 0 1627783405
WALL 44997509 1 0 1627783406
WALL 44997509 1 0 1627783407
WALL 44997509 1 0 1627783408
WALL 44997509 1 0 1627783409
WALL 44997509 1 0 1627783410
WALL 44997509 1 0 1627783411
WALL 44997509 1 0 1627783412
WALL 44997509 1 0 1627783413
WALL 44997509 1 0 1627783414
WALL 44997509 1 0 1627783415
WALL 44997509 1 0 1627783416
WALL 44997509 1 0 1627783417
WALL 44997509 1 0 1627783418
WALL 44997509 1 0 1627783419
WALL 44997509 1 0 1627783420
WALL 44997509 1 0 1627783421
WALL 44997509 1 0 1627783422
WALL 44997509 1 0 1627783423
WALL 44997509 1 0 1627783424
WALL 44997509 1 0 1627783425
WALL 44997509 1 0 1627783426
WALL 44997509 1 0 1627783427
WALL 44997509 1 0 1627783428
WALL 44997509 1 0 1627783429
WALL 44997509 1 0 1627783430
WALL 44997509 1 0 1627783431
WALL 44997509 1 0 1627783432
WALL 44997509 1 0 1627783433
WALL 44997509 1 0 1627783434
WALL 44997509 1 0 1627783435
WALL 44997509 1 0 1627783436
WALL 44997509 1 0 1627783437
WALL 44997509 1 0 1627783438
WALL 44997509 1 0 1627783439
WALL 44997509 1 0 1627783440
WALL 44997509 1 0 1627783441
WALL 44997509 1 0 1627783442
WALL 44997509 1 0 1627783443
WALL 44997509 1 0 1627783444
WALL 44997509 1 0 1627783445
WALL 44997509 1 0 1627783446
WALL 44997509 1 0 1627783447
WALL 44997509 1 0 1627783448
WALL 44997509 1 0 1627783449
WALL 44997509 1 0 1627783450
WALL 44997509 1 0 1627783451
WALL 44997509 1 0 1627783452
WALL 44997509 1 0 1627783453
WALL 44997509 1 0 1627783454
WALL 44997509 1 0 1627783455
WALL 44997509 1 0 1627783456
WALL 44997509 1 0 1627783457
WALL 44997509 1 0 1627783458
WALL 44997509 1 0 1627783459
WALL 44997509 1 0 1627783460
WALL 44997509 1 0 1627783461
WALL 44997509 1 0 1627783462
WALL 44997509 1 0 1627783463
WALL 44997509 1 0 1627783464
WALL 44997509 1 0 1627783465
WALL 44997509 1 0 1627783466
WALL 44997509 1 0 1627783467
WALL 44997509 1 0 1627783468
WALL 44997509 1 0 1627783469
WALL 44997509 1 0 1627783470
WALL 44997509 1 0 1627783471
WALL 44997509 1 0 1627783472
WALL 44997509 1 0 1627783473
WALL 44997509 1 0 1627783474
WALL 44997509 1 0 1627783475
WALL 44997509 1 0 1627783476
WALL 44997509 1 0 1627783477
WALL 44997509 1 0 1627783478
WALL 44997509 1 0 1627783479
WALL 44997509 1 0 1627783480
WALL 44997509 1 0 1627783481
WALL 44997509 1 0 1627783482
WALL 44997509 1 0 1627783483
WALL 44997509 1 0 1627783484
WALL 44997509 1 0 1627783485
WALL 44997509 1 0 1627783486
WALL 44997509 1 0 1627783487
WALL 44997509 1 0 1627783488
WALL 44997509 1 0 1627783489
WALL 44997509 1 0 1627783490
WALL 44997509 1 0 1627783491
WALL 44997509 1 0 1627783492
WALL 44997509 1 0 1627783493
WALL 44997509 1 0 1627783494
WALL 44997509 1 0 1627783495
WALL 44997509 1 0 1627783496
WALL 44997509 1 0 1627783497
WALL 44997509 1 0 1627783498
WALL 44997509 1 0 1627783499
WALL 44997509 1 0 1627783500
WALL 44997509 1 0 1627783501
WALL 44997509 1 0 1627783502
WALL 44997509 1 0 1627783503
WALL 44997509 1 0 1627783504
WALL 44997509 1 0 1627783505
WALL 44997509 1 0 1627783506
WALL 44997509 1 0 1627783507
WALL 44997509 1 0 1627783508
WALL 44997509 1 0 1627783509
WALL 44997509 1 0 1627783510
WALL 44997509 1 0 1627783511
WALL 44997509 1 0 1627783512
WALL 44997509 1 0 1627783513
WALL 44997509 1 0 1627783514
WALL 44997509 1 0 1627783515
WALL 44997509 1 0 1627783516
WALL 44997509 1 0 1627783517
WALL 44997509 1 0 1627783518
WALL 44997509 1 0 1627783519
WALL 44997509 1 0 1627783520
WALL 44997509 1 0 1627783521
WALL 44997509 1 0 1627783522
WALL 44997509 1 0 1627783523
WALL 44997509 1 0 1627783524
WALL 44997509 1 0 1627783525
WALL 44997509 1 0 1627783526
WALL 44997509 1 0 1627783527
WALL 44997509 1 0 1627783528
WALL 44997509 1 0 1627783529
WALL 44997509 1 0 1627783530
WALL 44997509 1 0 1627783531
WALL 44997509 1 0 1627783532
WALL 44997509 1 0 1627783533
WALL 44997509 1 0 1627783534
WALL 44997509 1 0 1627783535
WALL 44997509 1 0 1627783536
WALL 44997509 1 0 1627783537
WALL 44997509 1 0 1627783538
WALL 44997509 1 0 1627783539
WALL 44997509 1 0 1627783540
WALL 44997509 1 0 1627783541
WALL 44997509 1 0 1627783542
WALL 44997509 1 0 1627783543
WALL 44997509 1 0 1627783544
WALL 44997509 1 0 1627783545
WALL 44997509 1 0 1627783546
WALL 44997509 1 0 1627783547
WALL 44997509 1 0 1627783548
WALL 44997509 1 0 1627783549
WALL 44997509 1 0 1627783550
WALL 44997509 1 0 1627783551
WALL 44997509 1 0 1627783552
WALL 44997509 1 0 1627783553
WALL 44997509 1 0 1627783554
WALL 44997509 1 0 1627783555
WALL 44997509 1 0 1627783556
WALL 44997509 1 0 1627783557
WALL 44997509 1 0 1627783558
WALL 44997509 1 0 1627783559
WALL 44997509 1 0 1627783560
WALL 44997509 1 0 1627783561
WALL 44997509 1 0 1627783562
WALL 44997509 1 0 1627783563
WALL 44997509 1 0 1627783564
WALL 44997509 1 0 1627783565
WALL 44997509 1 0 1627783566
WALL 44997509 1 0 1627783567
WALL 44997509 1 0 1627783568
WALL 44997509 1 0 1627783569
WALL 44997509 1 0 1627783570
WALL 44997509 1 0 1627783571
WALL 44997509 1 0 1627783572
WALL 44997509 1 0 1627783573
WALL 44997509 1 0 1627783574
WALL 44997509 1 0 1627783575
WALL 44997509 1 0 1627783576
WALL 44997509 1 0 1627783577
WALL 44997509 1 0 1627783578
WALL 44997509 1 0 1627783579
WALL 44997509 1 0 1627783580
WALL 44997509 1 0 1627783581
WALL 44997509 1 0 1627783582
WALL 44997509 1 0 1627783583
WALL 44997509 1 0 1627783584
WALL 44997509 1 0 1627783585
WALL 44997509 1 0 1627783586
WALL 44997509 1 0 1627783587
WALL 44997509 1 0 1627783588
WALL 44997509 1 0 1627783589
WALL 44997509 1 0 1627783590
WALL 44997509 1 0 1627783591
WALL 44997509 1 0 1627783592
WALL 44997509 1 0 1627783593
WALL 44997509 1 0 1627783594
WALL 44997509 1 0 1627783595
WALL 44997509 1 0 1627783596
WALL 44997509 1 0 1627783597
WALL 44997509 1 0 1627783598
WALL 44997509 1 0 1627783599
WALL 44997509 1 0 1627783600
WALL 44997509 1 0 1627783601
WALL 44997509 1 0 1627783602
WALL 44997509 1 0 1627783603
WALL 44997509 1 0 1627783604
WALL 44997509 1 0 1627783605
WALL 44997509 1 0 1627783606
WALL 44997509 1 0 1627783607
WALL 44997509 1 0 1627783608
WALL 44997509 1 0 1627783609
WALL 44997509 1 0 1627783610
WALL 44997509 1 0 1627783611
WALL 44997509 1 0 1627783612
WALL 44997509 1 0 1627783613
WALL 44997509 1 0 1627783614
WALL 44997509 1 0 1627783615
WALL 44997509 1 0 1627783616
WALL 44997509 1 0 1627783617
WALL 44997509 1 0 1627783618
WALL 44997509 1 0 1627783619
WALL 44997509 1 0 1627783620
WALL 44997509 1 0 1627783621
WALL 44997509 1 0 1627783622
WALL 44997509 1 0 1627783623
WALL 44997509 1 0 1627783624
WALL 44997509 1 0 1627783625
WALL 44997509 1 0 1627783626
WALL 44997509 1 0 1627783627
WALL 44997509 1 0 1627783628
WALL 44997509 1 0 1627783629
WALL 44997509 1 0 1627783630
WALL 44997509 1 0 1627783631
WALL 44997509 1 0 1627783632
WALL 44997509 1 0 1627783633
WALL 44997509 1 0 1627783634
WALL 44997509 1 0 1627783635
WALL 44997509 1 0 1627783636
WALL 44997509 1 0 1627783637
received SIGCONT 1627783637
WALL 44997509 1 0 1627783637
slurmstepd: error: *** STEP 44997509.0 ON nid00848 CANCELLED AT 2021-07-31T19:07:17 ***
received SIGTERM 1627783637
WALL 44997509 1 0 1627783637
WALL 44997509 1 0 1627783638
WALL 44997509 1 0 1627783639
WALL 44997509 1 0 1627783640
WALL 44997509 1 0 1627783641
WALL 44997509 1 0 1627783642
WALL 44997509 1 0 1627783643
WALL 44997509 1 0 1627783644
WALL 44997509 1 0 1627783645
WALL 44997509 1 0 1627783646
WALL 44997509 1 0 1627783647
WALL 44997509 1 0 1627783648
WALL 44997509 1 0 1627783649
WALL 44997509 1 0 1627783650
WALL 44997509 1 0 1627783651
WALL 44997509 1 0 1627783652
WALL 44997509 1 0 1627783653
WALL 44997509 1 0 1627783654
WALL 44997509 1 0 1627783655
WALL 44997509 1 0 1627783656
WALL 44997509 1 0 1627783657
WALL 44997509 1 0 1627783658
WALL 44997509 1 0 1627783659
WALL 44997509 1 0 1627783660
WALL 44997509 1 0 1627783661
WALL 44997509 1 0 1627783662
WALL 44997509 1 0 1627783663
WALL 44997509 1 0 1627783664
WALL 44997509 1 0 1627783665
WALL 44997509 1 0 1627783666
WALL 44997509 1 0 1627783667
WALL 44997509 1 0 1627783668
WALL 44997509 1 0 1627783669
WALL 44997509 1 0 1627783670
WALL 44997509 1 0 1627783671
WALL 44997509 1 0 1627783672
WALL 44997509 1 0 1627783673
WALL 44997509 1 0 1627783674
WALL 44997509 1 0 1627783675
WALL 44997509 1 0 1627783676
WALL 44997509 1 0 1627783677
WALL 44997509 1 0 1627783678
WALL 44997509 1 0 1627783679
WALL 44997509 1 0 1627783680
WALL 44997509 1 0 1627783681
WALL 44997509 1 0 1627783682
WALL 44997509 1 0 1627783683
WALL 44997509 1 0 1627783684
WALL 44997509 1 0 1627783685
WALL 44997509 1 0 1627783686
WALL 44997509 1 0 1627783687
WALL 44997509 1 0 1627783688
WALL 44997509 1 0 1627783689
WALL 44997509 1 0 1627783690
WALL 44997509 1 0 1627783691
WALL 44997509 1 0 1627783692
WALL 44997509 1 0 1627783693
WALL 44997509 1 0 1627783694
WALL 44997509 1 0 1627783695
WALL 44997509 1 0 1627783696
WALL 44997509 1 0 1627783697
WALL 44997509 1 0 1627783698
WALL 44997509 1 0 1627783699
WALL 44997509 1 0 1627783700
WALL 44997509 1 0 1627783701
WALL 44997509 1 0 1627783702
WALL 44997509 1 0 1627783703
WALL 44997509 1 0 1627783704
WALL 44997509 1 0 1627783705
srun: Job step aborted: Waiting up to 32 seconds for job step to finish.
received SIGTERM 1627783706
WALL 44997509 1 0 1627783706
received SIGCONT 1627783706
WALL 44997509 1 0 1627783706
srun: got SIGCONT
received SIGTERM 1627783706
WALL 44997509 1 0 1627783706
srun: forcing job termination
