srun: Warning: can't run 1 processes on 4 nodes, setting nnodes to 1
WALL 44997322 1 0 1627779056
WALL 44997322 1 0 1627779057
WALL 44997322 1 0 1627779058
WALL 44997322 1 0 1627779059
WALL 44997322 1 0 1627779060
WALL 44997322 1 0 1627779061
WALL 44997322 1 0 1627779062
WALL 44997322 1 0 1627779063
WALL 44997322 1 0 1627779064
WALL 44997322 1 0 1627779065
WALL 44997322 1 0 1627779066
WALL 44997322 1 0 1627779067
WALL 44997322 1 0 1627779068
WALL 44997322 1 0 1627779069
WALL 44997322 1 0 1627779070
WALL 44997322 1 0 1627779071
WALL 44997322 1 0 1627779072
WALL 44997322 1 0 1627779073
WALL 44997322 1 0 1627779074
WALL 44997322 1 0 1627779075
WALL 44997322 1 0 1627779076
WALL 44997322 1 0 1627779077
WALL 44997322 1 0 1627779078
WALL 44997322 1 0 1627779079
WALL 44997322 1 0 1627779080
WALL 44997322 1 0 1627779081
WALL 44997322 1 0 1627779082
WALL 44997322 1 0 1627779083
WALL 44997322 1 0 1627779084
WALL 44997322 1 0 1627779085
WALL 44997322 1 0 1627779086
WALL 44997322 1 0 1627779087
WALL 44997322 1 0 1627779088
WALL 44997322 1 0 1627779089
WALL 44997322 1 0 1627779090
WALL 44997322 1 0 1627779091
WALL 44997322 1 0 1627779092
WALL 44997322 1 0 1627779093
WALL 44997322 1 0 1627779094
WALL 44997322 1 0 1627779095
WALL 44997322 1 0 1627779096
WALL 44997322 1 0 1627779097
WALL 44997322 1 0 1627779098
WALL 44997322 1 0 1627779099
WALL 44997322 1 0 1627779100
WALL 44997322 1 0 1627779101
WALL 44997322 1 0 1627779102
WALL 44997322 1 0 1627779103
WALL 44997322 1 0 1627779104
WALL 44997322 1 0 1627779105
WALL 44997322 1 0 1627779106
WALL 44997322 1 0 1627779107
WALL 44997322 1 0 1627779108
WALL 44997322 1 0 1627779109
WALL 44997322 1 0 1627779110
WALL 44997322 1 0 1627779111
WALL 44997322 1 0 1627779112
WALL 44997322 1 0 1627779113
WALL 44997322 1 0 1627779114
WALL 44997322 1 0 1627779115
WALL 44997322 1 0 1627779116
WALL 44997322 1 0 1627779117
WALL 44997322 1 0 1627779118
WALL 44997322 1 0 1627779119
WALL 44997322 1 0 1627779120
WALL 44997322 1 0 1627779121
WALL 44997322 1 0 1627779122
WALL 44997322 1 0 1627779123
WALL 44997322 1 0 1627779124
WALL 44997322 1 0 1627779125
WALL 44997322 1 0 1627779126
WALL 44997322 1 0 1627779127
WALL 44997322 1 0 1627779128
WALL 44997322 1 0 1627779129
WALL 44997322 1 0 1627779130
WALL 44997322 1 0 1627779131
WALL 44997322 1 0 1627779132
WALL 44997322 1 0 1627779133
WALL 44997322 1 0 1627779134
WALL 44997322 1 0 1627779135
WALL 44997322 1 0 1627779136
WALL 44997322 1 0 1627779137
WALL 44997322 1 0 1627779138
WALL 44997322 1 0 1627779139
WALL 44997322 1 0 1627779140
WALL 44997322 1 0 1627779141
WALL 44997322 1 0 1627779142
WALL 44997322 1 0 1627779143
WALL 44997322 1 0 1627779144
WALL 44997322 1 0 1627779145
WALL 44997322 1 0 1627779146
WALL 44997322 1 0 1627779147
WALL 44997322 1 0 1627779148
WALL 44997322 1 0 1627779149
WALL 44997322 1 0 1627779150
WALL 44997322 1 0 1627779151
WALL 44997322 1 0 1627779152
WALL 44997322 1 0 1627779153
WALL 44997322 1 0 1627779154
WALL 44997322 1 0 1627779155
WALL 44997322 1 0 1627779156
WALL 44997322 1 0 1627779157
WALL 44997322 1 0 1627779158
WALL 44997322 1 0 1627779159
WALL 44997322 1 0 1627779160
WALL 44997322 1 0 1627779161
WALL 44997322 1 0 1627779162
WALL 44997322 1 0 1627779163
WALL 44997322 1 0 1627779164
WALL 44997322 1 0 1627779165
WALL 44997322 1 0 1627779166
WALL 44997322 1 0 1627779167
WALL 44997322 1 0 1627779168
WALL 44997322 1 0 1627779169
WALL 44997322 1 0 1627779170
WALL 44997322 1 0 1627779171
WALL 44997322 1 0 1627779172
WALL 44997322 1 0 1627779173
WALL 44997322 1 0 1627779174
WALL 44997322 1 0 1627779175
WALL 44997322 1 0 1627779176
WALL 44997322 1 0 1627779177
WALL 44997322 1 0 1627779178
WALL 44997322 1 0 1627779179
WALL 44997322 1 0 1627779180
WALL 44997322 1 0 1627779181
WALL 44997322 1 0 1627779182
WALL 44997322 1 0 1627779183
WALL 44997322 1 0 1627779184
WALL 44997322 1 0 1627779185
WALL 44997322 1 0 1627779186
WALL 44997322 1 0 1627779187
WALL 44997322 1 0 1627779188
WALL 44997322 1 0 1627779189
WALL 44997322 1 0 1627779190
WALL 44997322 1 0 1627779191
WALL 44997322 1 0 1627779192
WALL 44997322 1 0 1627779193
WALL 44997322 1 0 1627779194
WALL 44997322 1 0 1627779195
WALL 44997322 1 0 1627779196
WALL 44997322 1 0 1627779197
WALL 44997322 1 0 1627779198
WALL 44997322 1 0 1627779199
WALL 44997322 1 0 1627779200
WALL 44997322 1 0 1627779201
WALL 44997322 1 0 1627779202
WALL 44997322 1 0 1627779203
WALL 44997322 1 0 1627779204
WALL 44997322 1 0 1627779205
WALL 44997322 1 0 1627779206
WALL 44997322 1 0 1627779207
WALL 44997322 1 0 1627779208
WALL 44997322 1 0 1627779209
WALL 44997322 1 0 1627779210
WALL 44997322 1 0 1627779211
WALL 44997322 1 0 1627779212
WALL 44997322 1 0 1627779213
WALL 44997322 1 0 1627779214
WALL 44997322 1 0 1627779215
WALL 44997322 1 0 1627779216
WALL 44997322 1 0 1627779217
WALL 44997322 1 0 1627779218
WALL 44997322 1 0 1627779219
WALL 44997322 1 0 1627779220
WALL 44997322 1 0 1627779221
WALL 44997322 1 0 1627779222
WALL 44997322 1 0 1627779223
WALL 44997322 1 0 1627779224
WALL 44997322 1 0 1627779225
WALL 44997322 1 0 1627779226
WALL 44997322 1 0 1627779227
WALL 44997322 1 0 1627779228
WALL 44997322 1 0 1627779229
WALL 44997322 1 0 1627779230
WALL 44997322 1 0 1627779231
WALL 44997322 1 0 1627779232
WALL 44997322 1 0 1627779233
WALL 44997322 1 0 1627779234
WALL 44997322 1 0 1627779235
WALL 44997322 1 0 1627779236
WALL 44997322 1 0 1627779237
WALL 44997322 1 0 1627779238
WALL 44997322 1 0 1627779239
WALL 44997322 1 0 1627779240
WALL 44997322 1 0 1627779241
WALL 44997322 1 0 1627779242
WALL 44997322 1 0 1627779243
WALL 44997322 1 0 1627779244
WALL 44997322 1 0 1627779245
WALL 44997322 1 0 1627779246
WALL 44997322 1 0 1627779247
WALL 44997322 1 0 1627779248
WALL 44997322 1 0 1627779249
WALL 44997322 1 0 1627779250
WALL 44997322 1 0 1627779251
WALL 44997322 1 0 1627779252
WALL 44997322 1 0 1627779253
WALL 44997322 1 0 1627779254
WALL 44997322 1 0 1627779255
WALL 44997322 1 0 1627779256
WALL 44997322 1 0 1627779257
WALL 44997322 1 0 1627779258
WALL 44997322 1 0 1627779259
WALL 44997322 1 0 1627779260
WALL 44997322 1 0 1627779261
WALL 44997322 1 0 1627779262
WALL 44997322 1 0 1627779263
WALL 44997322 1 0 1627779264
WALL 44997322 1 0 1627779265
WALL 44997322 1 0 1627779266
WALL 44997322 1 0 1627779267
WALL 44997322 1 0 1627779268
WALL 44997322 1 0 1627779269
WALL 44997322 1 0 1627779270
WALL 44997322 1 0 1627779271
WALL 44997322 1 0 1627779272
WALL 44997322 1 0 1627779273
WALL 44997322 1 0 1627779274
WALL 44997322 1 0 1627779275
WALL 44997322 1 0 1627779276
WALL 44997322 1 0 1627779277
WALL 44997322 1 0 1627779278
WALL 44997322 1 0 1627779279
WALL 44997322 1 0 1627779280
WALL 44997322 1 0 1627779281
WALL 44997322 1 0 1627779282
WALL 44997322 1 0 1627779283
WALL 44997322 1 0 1627779284
WALL 44997322 1 0 1627779285
WALL 44997322 1 0 1627779286
WALL 44997322 1 0 1627779287
WALL 44997322 1 0 1627779288
WALL 44997322 1 0 1627779289
WALL 44997322 1 0 1627779290
WALL 44997322 1 0 1627779291
WALL 44997322 1 0 1627779292
WALL 44997322 1 0 1627779293
WALL 44997322 1 0 1627779294
WALL 44997322 1 0 1627779295
WALL 44997322 1 0 1627779296
WALL 44997322 1 0 1627779297
WALL 44997322 1 0 1627779298
WALL 44997322 1 0 1627779299
WALL 44997322 1 0 1627779300
WALL 44997322 1 0 1627779301
WALL 44997322 1 0 1627779302
WALL 44997322 1 0 1627779303
WALL 44997322 1 0 1627779304
WALL 44997322 1 0 1627779305
WALL 44997322 1 0 1627779306
WALL 44997322 1 0 1627779307
WALL 44997322 1 0 1627779308
WALL 44997322 1 0 1627779309
WALL 44997322 1 0 1627779310
WALL 44997322 1 0 1627779311
WALL 44997322 1 0 1627779312
WALL 44997322 1 0 1627779313
WALL 44997322 1 0 1627779314
WALL 44997322 1 0 1627779315
WALL 44997322 1 0 1627779316
WALL 44997322 1 0 1627779317
WALL 44997322 1 0 1627779318
WALL 44997322 1 0 1627779319
WALL 44997322 1 0 1627779320
WALL 44997322 1 0 1627779321
WALL 44997322 1 0 1627779322
WALL 44997322 1 0 1627779323
WALL 44997322 1 0 1627779324
WALL 44997322 1 0 1627779325
WALL 44997322 1 0 1627779326
WALL 44997322 1 0 1627779327
WALL 44997322 1 0 1627779328
WALL 44997322 1 0 1627779329
WALL 44997322 1 0 1627779330
WALL 44997322 1 0 1627779331
WALL 44997322 1 0 1627779332
WALL 44997322 1 0 1627779333
WALL 44997322 1 0 1627779334
WALL 44997322 1 0 1627779335
WALL 44997322 1 0 1627779336
WALL 44997322 1 0 1627779337
WALL 44997322 1 0 1627779338
WALL 44997322 1 0 1627779339
WALL 44997322 1 0 1627779340
WALL 44997322 1 0 1627779341
WALL 44997322 1 0 1627779342
WALL 44997322 1 0 1627779343
WALL 44997322 1 0 1627779344
WALL 44997322 1 0 1627779345
WALL 44997322 1 0 1627779346
WALL 44997322 1 0 1627779347
WALL 44997322 1 0 1627779348
WALL 44997322 1 0 1627779349
WALL 44997322 1 0 1627779350
WALL 44997322 1 0 1627779351
WALL 44997322 1 0 1627779352
WALL 44997322 1 0 1627779353
WALL 44997322 1 0 1627779354
WALL 44997322 1 0 1627779355
WALL 44997322 1 0 1627779356
WALL 44997322 1 0 1627779357
WALL 44997322 1 0 1627779358
WALL 44997322 1 0 1627779359
WALL 44997322 1 0 1627779360
WALL 44997322 1 0 1627779361
WALL 44997322 1 0 1627779362
WALL 44997322 1 0 1627779363
WALL 44997322 1 0 1627779364
WALL 44997322 1 0 1627779365
WALL 44997322 1 0 1627779366
WALL 44997322 1 0 1627779367
WALL 44997322 1 0 1627779368
WALL 44997322 1 0 1627779369
WALL 44997322 1 0 1627779370
WALL 44997322 1 0 1627779371
WALL 44997322 1 0 1627779372
WALL 44997322 1 0 1627779373
WALL 44997322 1 0 1627779374
WALL 44997322 1 0 1627779375
WALL 44997322 1 0 1627779376
WALL 44997322 1 0 1627779377
WALL 44997322 1 0 1627779378
WALL 44997322 1 0 1627779379
WALL 44997322 1 0 1627779380
WALL 44997322 1 0 1627779381
WALL 44997322 1 0 1627779382
WALL 44997322 1 0 1627779383
WALL 44997322 1 0 1627779384
WALL 44997322 1 0 1627779385
WALL 44997322 1 0 1627779386
WALL 44997322 1 0 1627779387
WALL 44997322 1 0 1627779388
WALL 44997322 1 0 1627779389
WALL 44997322 1 0 1627779390
WALL 44997322 1 0 1627779391
WALL 44997322 1 0 1627779392
WALL 44997322 1 0 1627779393
WALL 44997322 1 0 1627779394
WALL 44997322 1 0 1627779395
WALL 44997322 1 0 1627779396
WALL 44997322 1 0 1627779397
WALL 44997322 1 0 1627779398
WALL 44997322 1 0 1627779399
WALL 44997322 1 0 1627779400
WALL 44997322 1 0 1627779401
WALL 44997322 1 0 1627779402
WALL 44997322 1 0 1627779403
WALL 44997322 1 0 1627779404
WALL 44997322 1 0 1627779405
WALL 44997322 1 0 1627779406
WALL 44997322 1 0 1627779407
WALL 44997322 1 0 1627779408
WALL 44997322 1 0 1627779409
WALL 44997322 1 0 1627779410
WALL 44997322 1 0 1627779411
WALL 44997322 1 0 1627779412
WALL 44997322 1 0 1627779413
WALL 44997322 1 0 1627779414
WALL 44997322 1 0 1627779415
WALL 44997322 1 0 1627779416
WALL 44997322 1 0 1627779417
WALL 44997322 1 0 1627779418
WALL 44997322 1 0 1627779419
WALL 44997322 1 0 1627779420
WALL 44997322 1 0 1627779421
WALL 44997322 1 0 1627779422
WALL 44997322 1 0 1627779423
WALL 44997322 1 0 1627779424
WALL 44997322 1 0 1627779425
WALL 44997322 1 0 1627779426
WALL 44997322 1 0 1627779427
WALL 44997322 1 0 1627779428
WALL 44997322 1 0 1627779429
WALL 44997322 1 0 1627779430
WALL 44997322 1 0 1627779431
WALL 44997322 1 0 1627779432
WALL 44997322 1 0 1627779433
WALL 44997322 1 0 1627779434
WALL 44997322 1 0 1627779435
WALL 44997322 1 0 1627779436
WALL 44997322 1 0 1627779437
WALL 44997322 1 0 1627779438
WALL 44997322 1 0 1627779439
WALL 44997322 1 0 1627779440
WALL 44997322 1 0 1627779441
WALL 44997322 1 0 1627779442
WALL 44997322 1 0 1627779443
WALL 44997322 1 0 1627779444
WALL 44997322 1 0 1627779445
WALL 44997322 1 0 1627779446
WALL 44997322 1 0 1627779447
WALL 44997322 1 0 1627779448
WALL 44997322 1 0 1627779449
WALL 44997322 1 0 1627779450
WALL 44997322 1 0 1627779451
WALL 44997322 1 0 1627779452
WALL 44997322 1 0 1627779453
WALL 44997322 1 0 1627779454
WALL 44997322 1 0 1627779455
WALL 44997322 1 0 1627779456
WALL 44997322 1 0 1627779457
WALL 44997322 1 0 1627779458
WALL 44997322 1 0 1627779459
WALL 44997322 1 0 1627779460
WALL 44997322 1 0 1627779461
WALL 44997322 1 0 1627779462
WALL 44997322 1 0 1627779463
WALL 44997322 1 0 1627779464
WALL 44997322 1 0 1627779465
WALL 44997322 1 0 1627779466
WALL 44997322 1 0 1627779467
WALL 44997322 1 0 1627779468
WALL 44997322 1 0 1627779469
WALL 44997322 1 0 1627779470
WALL 44997322 1 0 1627779471
WALL 44997322 1 0 1627779472
WALL 44997322 1 0 1627779473
WALL 44997322 1 0 1627779474
WALL 44997322 1 0 1627779475
WALL 44997322 1 0 1627779476
WALL 44997322 1 0 1627779477
WALL 44997322 1 0 1627779478
WALL 44997322 1 0 1627779479
WALL 44997322 1 0 1627779480
WALL 44997322 1 0 1627779481
WALL 44997322 1 0 1627779482
WALL 44997322 1 0 1627779483
WALL 44997322 1 0 1627779484
WALL 44997322 1 0 1627779485
WALL 44997322 1 0 1627779486
WALL 44997322 1 0 1627779487
WALL 44997322 1 0 1627779488
WALL 44997322 1 0 1627779489
WALL 44997322 1 0 1627779490
WALL 44997322 1 0 1627779491
WALL 44997322 1 0 1627779492
WALL 44997322 1 0 1627779493
WALL 44997322 1 0 1627779494
WALL 44997322 1 0 1627779495
WALL 44997322 1 0 1627779496
WALL 44997322 1 0 1627779497
WALL 44997322 1 0 1627779498
WALL 44997322 1 0 1627779499
WALL 44997322 1 0 1627779500
WALL 44997322 1 0 1627779501
WALL 44997322 1 0 1627779502
WALL 44997322 1 0 1627779503
WALL 44997322 1 0 1627779504
WALL 44997322 1 0 1627779505
WALL 44997322 1 0 1627779506
WALL 44997322 1 0 1627779507
WALL 44997322 1 0 1627779508
WALL 44997322 1 0 1627779509
WALL 44997322 1 0 1627779510
WALL 44997322 1 0 1627779511
WALL 44997322 1 0 1627779512
WALL 44997322 1 0 1627779513
WALL 44997322 1 0 1627779514
WALL 44997322 1 0 1627779515
WALL 44997322 1 0 1627779516
WALL 44997322 1 0 1627779517
WALL 44997322 1 0 1627779518
WALL 44997322 1 0 1627779519
WALL 44997322 1 0 1627779520
WALL 44997322 1 0 1627779521
WALL 44997322 1 0 1627779522
WALL 44997322 1 0 1627779523
WALL 44997322 1 0 1627779524
WALL 44997322 1 0 1627779525
WALL 44997322 1 0 1627779526
WALL 44997322 1 0 1627779527
WALL 44997322 1 0 1627779528
WALL 44997322 1 0 1627779529
WALL 44997322 1 0 1627779530
WALL 44997322 1 0 1627779531
WALL 44997322 1 0 1627779532
WALL 44997322 1 0 1627779533
WALL 44997322 1 0 1627779534
WALL 44997322 1 0 1627779535
WALL 44997322 1 0 1627779536
WALL 44997322 1 0 1627779537
WALL 44997322 1 0 1627779538
WALL 44997322 1 0 1627779539
WALL 44997322 1 0 1627779540
WALL 44997322 1 0 1627779541
WALL 44997322 1 0 1627779542
WALL 44997322 1 0 1627779543
WALL 44997322 1 0 1627779544
WALL 44997322 1 0 1627779545
WALL 44997322 1 0 1627779546
WALL 44997322 1 0 1627779547
WALL 44997322 1 0 1627779548
WALL 44997322 1 0 1627779549
WALL 44997322 1 0 1627779550
WALL 44997322 1 0 1627779551
WALL 44997322 1 0 1627779552
WALL 44997322 1 0 1627779553
WALL 44997322 1 0 1627779554
WALL 44997322 1 0 1627779555
WALL 44997322 1 0 1627779556
WALL 44997322 1 0 1627779557
WALL 44997322 1 0 1627779558
WALL 44997322 1 0 1627779559
WALL 44997322 1 0 1627779560
WALL 44997322 1 0 1627779561
WALL 44997322 1 0 1627779562
WALL 44997322 1 0 1627779563
WALL 44997322 1 0 1627779564
WALL 44997322 1 0 1627779565
WALL 44997322 1 0 1627779566
WALL 44997322 1 0 1627779567
WALL 44997322 1 0 1627779568
WALL 44997322 1 0 1627779569
WALL 44997322 1 0 1627779570
WALL 44997322 1 0 1627779571
WALL 44997322 1 0 1627779572
WALL 44997322 1 0 1627779573
WALL 44997322 1 0 1627779574
WALL 44997322 1 0 1627779575
WALL 44997322 1 0 1627779576
WALL 44997322 1 0 1627779577
WALL 44997322 1 0 1627779578
WALL 44997322 1 0 1627779579
WALL 44997322 1 0 1627779580
WALL 44997322 1 0 1627779581
WALL 44997322 1 0 1627779582
WALL 44997322 1 0 1627779583
WALL 44997322 1 0 1627779584
WALL 44997322 1 0 1627779585
WALL 44997322 1 0 1627779586
WALL 44997322 1 0 1627779587
WALL 44997322 1 0 1627779588
WALL 44997322 1 0 1627779589
WALL 44997322 1 0 1627779590
WALL 44997322 1 0 1627779591
WALL 44997322 1 0 1627779592
WALL 44997322 1 0 1627779593
WALL 44997322 1 0 1627779594
WALL 44997322 1 0 1627779595
WALL 44997322 1 0 1627779596
WALL 44997322 1 0 1627779597
WALL 44997322 1 0 1627779598
WALL 44997322 1 0 1627779599
WALL 44997322 1 0 1627779600
WALL 44997322 1 0 1627779601
WALL 44997322 1 0 1627779602
WALL 44997322 1 0 1627779603
WALL 44997322 1 0 1627779604
WALL 44997322 1 0 1627779605
WALL 44997322 1 0 1627779606
WALL 44997322 1 0 1627779607
WALL 44997322 1 0 1627779608
WALL 44997322 1 0 1627779609
WALL 44997322 1 0 1627779610
WALL 44997322 1 0 1627779611
WALL 44997322 1 0 1627779612
WALL 44997322 1 0 1627779613
WALL 44997322 1 0 1627779614
WALL 44997322 1 0 1627779615
WALL 44997322 1 0 1627779616
WALL 44997322 1 0 1627779617
WALL 44997322 1 0 1627779618
WALL 44997322 1 0 1627779619
WALL 44997322 1 0 1627779620
WALL 44997322 1 0 1627779621
WALL 44997322 1 0 1627779622
WALL 44997322 1 0 1627779623
WALL 44997322 1 0 1627779624
WALL 44997322 1 0 1627779625
WALL 44997322 1 0 1627779626
WALL 44997322 1 0 1627779627
WALL 44997322 1 0 1627779628
WALL 44997322 1 0 1627779629
WALL 44997322 1 0 1627779630
WALL 44997322 1 0 1627779631
WALL 44997322 1 0 1627779632
WALL 44997322 1 0 1627779633
WALL 44997322 1 0 1627779634
WALL 44997322 1 0 1627779635
WALL 44997322 1 0 1627779636
WALL 44997322 1 0 1627779637
WALL 44997322 1 0 1627779638
WALL 44997322 1 0 1627779639
WALL 44997322 1 0 1627779640
WALL 44997322 1 0 1627779641
WALL 44997322 1 0 1627779642
WALL 44997322 1 0 1627779643
WALL 44997322 1 0 1627779644
WALL 44997322 1 0 1627779645
WALL 44997322 1 0 1627779646
WALL 44997322 1 0 1627779647
WALL 44997322 1 0 1627779648
WALL 44997322 1 0 1627779649
WALL 44997322 1 0 1627779650
WALL 44997322 1 0 1627779651
WALL 44997322 1 0 1627779652
WALL 44997322 1 0 1627779653
WALL 44997322 1 0 1627779654
WALL 44997322 1 0 1627779655
WALL 44997322 1 0 1627779656
WALL 44997322 1 0 1627779657
WALL 44997322 1 0 1627779658
WALL 44997322 1 0 1627779659
WALL 44997322 1 0 1627779660
WALL 44997322 1 0 1627779661
WALL 44997322 1 0 1627779662
WALL 44997322 1 0 1627779663
WALL 44997322 1 0 1627779664
WALL 44997322 1 0 1627779665
WALL 44997322 1 0 1627779666
WALL 44997322 1 0 1627779667
WALL 44997322 1 0 1627779668
WALL 44997322 1 0 1627779669
WALL 44997322 1 0 1627779670
WALL 44997322 1 0 1627779671
WALL 44997322 1 0 1627779672
WALL 44997322 1 0 1627779673
WALL 44997322 1 0 1627779674
WALL 44997322 1 0 1627779675
WALL 44997322 1 0 1627779676
WALL 44997322 1 0 1627779677
WALL 44997322 1 0 1627779678
WALL 44997322 1 0 1627779679
WALL 44997322 1 0 1627779680
WALL 44997322 1 0 1627779681
WALL 44997322 1 0 1627779682
WALL 44997322 1 0 1627779683
WALL 44997322 1 0 1627779684
WALL 44997322 1 0 1627779685
WALL 44997322 1 0 1627779686
WALL 44997322 1 0 1627779687
WALL 44997322 1 0 1627779688
WALL 44997322 1 0 1627779689
WALL 44997322 1 0 1627779690
WALL 44997322 1 0 1627779691
WALL 44997322 1 0 1627779692
WALL 44997322 1 0 1627779693
WALL 44997322 1 0 1627779694
WALL 44997322 1 0 1627779695
WALL 44997322 1 0 1627779696
WALL 44997322 1 0 1627779697
WALL 44997322 1 0 1627779698
WALL 44997322 1 0 1627779699
WALL 44997322 1 0 1627779700
WALL 44997322 1 0 1627779701
WALL 44997322 1 0 1627779702
WALL 44997322 1 0 1627779703
WALL 44997322 1 0 1627779704
WALL 44997322 1 0 1627779705
WALL 44997322 1 0 1627779706
WALL 44997322 1 0 1627779707
WALL 44997322 1 0 1627779708
WALL 44997322 1 0 1627779709
WALL 44997322 1 0 1627779710
WALL 44997322 1 0 1627779711
WALL 44997322 1 0 1627779712
WALL 44997322 1 0 1627779713
WALL 44997322 1 0 1627779714
WALL 44997322 1 0 1627779715
WALL 44997322 1 0 1627779716
WALL 44997322 1 0 1627779717
WALL 44997322 1 0 1627779718
WALL 44997322 1 0 1627779719
WALL 44997322 1 0 1627779720
WALL 44997322 1 0 1627779721
WALL 44997322 1 0 1627779722
WALL 44997322 1 0 1627779723
WALL 44997322 1 0 1627779724
WALL 44997322 1 0 1627779725
WALL 44997322 1 0 1627779726
WALL 44997322 1 0 1627779727
WALL 44997322 1 0 1627779728
WALL 44997322 1 0 1627779729
WALL 44997322 1 0 1627779730
WALL 44997322 1 0 1627779731
WALL 44997322 1 0 1627779732
WALL 44997322 1 0 1627779733
WALL 44997322 1 0 1627779734
WALL 44997322 1 0 1627779735
WALL 44997322 1 0 1627779736
WALL 44997322 1 0 1627779737
WALL 44997322 1 0 1627779738
WALL 44997322 1 0 1627779739
WALL 44997322 1 0 1627779740
WALL 44997322 1 0 1627779741
WALL 44997322 1 0 1627779742
WALL 44997322 1 0 1627779743
WALL 44997322 1 0 1627779744
WALL 44997322 1 0 1627779745
WALL 44997322 1 0 1627779746
WALL 44997322 1 0 1627779747
WALL 44997322 1 0 1627779748
WALL 44997322 1 0 1627779749
WALL 44997322 1 0 1627779750
WALL 44997322 1 0 1627779751
WALL 44997322 1 0 1627779752
WALL 44997322 1 0 1627779753
WALL 44997322 1 0 1627779754
WALL 44997322 1 0 1627779755
WALL 44997322 1 0 1627779756
WALL 44997322 1 0 1627779757
WALL 44997322 1 0 1627779758
WALL 44997322 1 0 1627779759
WALL 44997322 1 0 1627779760
WALL 44997322 1 0 1627779761
WALL 44997322 1 0 1627779762
WALL 44997322 1 0 1627779763
WALL 44997322 1 0 1627779764
WALL 44997322 1 0 1627779765
WALL 44997322 1 0 1627779766
WALL 44997322 1 0 1627779767
WALL 44997322 1 0 1627779768
WALL 44997322 1 0 1627779769
WALL 44997322 1 0 1627779770
WALL 44997322 1 0 1627779771
WALL 44997322 1 0 1627779772
WALL 44997322 1 0 1627779773
WALL 44997322 1 0 1627779774
WALL 44997322 1 0 1627779775
WALL 44997322 1 0 1627779776
WALL 44997322 1 0 1627779777
WALL 44997322 1 0 1627779778
WALL 44997322 1 0 1627779779
WALL 44997322 1 0 1627779780
WALL 44997322 1 0 1627779781
WALL 44997322 1 0 1627779782
WALL 44997322 1 0 1627779783
WALL 44997322 1 0 1627779784
WALL 44997322 1 0 1627779785
WALL 44997322 1 0 1627779786
WALL 44997322 1 0 1627779787
WALL 44997322 1 0 1627779788
WALL 44997322 1 0 1627779789
WALL 44997322 1 0 1627779790
WALL 44997322 1 0 1627779791
WALL 44997322 1 0 1627779792
WALL 44997322 1 0 1627779793
WALL 44997322 1 0 1627779794
WALL 44997322 1 0 1627779795
WALL 44997322 1 0 1627779796
WALL 44997322 1 0 1627779797
WALL 44997322 1 0 1627779798
WALL 44997322 1 0 1627779799
WALL 44997322 1 0 1627779800
WALL 44997322 1 0 1627779801
WALL 44997322 1 0 1627779802
WALL 44997322 1 0 1627779803
WALL 44997322 1 0 1627779804
WALL 44997322 1 0 1627779805
WALL 44997322 1 0 1627779806
WALL 44997322 1 0 1627779807
WALL 44997322 1 0 1627779808
WALL 44997322 1 0 1627779809
WALL 44997322 1 0 1627779810
WALL 44997322 1 0 1627779811
WALL 44997322 1 0 1627779812
WALL 44997322 1 0 1627779813
WALL 44997322 1 0 1627779814
WALL 44997322 1 0 1627779815
WALL 44997322 1 0 1627779816
WALL 44997322 1 0 1627779817
WALL 44997322 1 0 1627779818
WALL 44997322 1 0 1627779819
WALL 44997322 1 0 1627779820
WALL 44997322 1 0 1627779821
WALL 44997322 1 0 1627779822
WALL 44997322 1 0 1627779823
WALL 44997322 1 0 1627779824
WALL 44997322 1 0 1627779825
WALL 44997322 1 0 1627779826
WALL 44997322 1 0 1627779827
WALL 44997322 1 0 1627779828
WALL 44997322 1 0 1627779829
WALL 44997322 1 0 1627779830
WALL 44997322 1 0 1627779831
WALL 44997322 1 0 1627779832
WALL 44997322 1 0 1627779833
WALL 44997322 1 0 1627779834
WALL 44997322 1 0 1627779835
WALL 44997322 1 0 1627779836
WALL 44997322 1 0 1627779837
WALL 44997322 1 0 1627779838
WALL 44997322 1 0 1627779839
WALL 44997322 1 0 1627779840
WALL 44997322 1 0 1627779841
WALL 44997322 1 0 1627779842
WALL 44997322 1 0 1627779843
WALL 44997322 1 0 1627779844
WALL 44997322 1 0 1627779845
WALL 44997322 1 0 1627779846
WALL 44997322 1 0 1627779847
WALL 44997322 1 0 1627779848
WALL 44997322 1 0 1627779849
WALL 44997322 1 0 1627779850
WALL 44997322 1 0 1627779851
WALL 44997322 1 0 1627779852
WALL 44997322 1 0 1627779853
WALL 44997322 1 0 1627779854
WALL 44997322 1 0 1627779855
WALL 44997322 1 0 1627779856
WALL 44997322 1 0 1627779857
WALL 44997322 1 0 1627779858
WALL 44997322 1 0 1627779859
WALL 44997322 1 0 1627779860
WALL 44997322 1 0 1627779861
WALL 44997322 1 0 1627779862
WALL 44997322 1 0 1627779863
WALL 44997322 1 0 1627779864
WALL 44997322 1 0 1627779865
WALL 44997322 1 0 1627779866
WALL 44997322 1 0 1627779867
WALL 44997322 1 0 1627779868
WALL 44997322 1 0 1627779869
WALL 44997322 1 0 1627779870
WALL 44997322 1 0 1627779871
WALL 44997322 1 0 1627779872
WALL 44997322 1 0 1627779873
WALL 44997322 1 0 1627779874
WALL 44997322 1 0 1627779875
WALL 44997322 1 0 1627779876
WALL 44997322 1 0 1627779877
WALL 44997322 1 0 1627779878
WALL 44997322 1 0 1627779879
WALL 44997322 1 0 1627779880
WALL 44997322 1 0 1627779881
WALL 44997322 1 0 1627779882
WALL 44997322 1 0 1627779883
WALL 44997322 1 0 1627779884
WALL 44997322 1 0 1627779885
WALL 44997322 1 0 1627779886
WALL 44997322 1 0 1627779887
WALL 44997322 1 0 1627779888
WALL 44997322 1 0 1627779889
WALL 44997322 1 0 1627779890
WALL 44997322 1 0 1627779891
WALL 44997322 1 0 1627779892
WALL 44997322 1 0 1627779893
WALL 44997322 1 0 1627779894
WALL 44997322 1 0 1627779895
WALL 44997322 1 0 1627779896
WALL 44997322 1 0 1627779897
WALL 44997322 1 0 1627779898
WALL 44997322 1 0 1627779899
WALL 44997322 1 0 1627779900
WALL 44997322 1 0 1627779901
WALL 44997322 1 0 1627779902
WALL 44997322 1 0 1627779903
WALL 44997322 1 0 1627779904
WALL 44997322 1 0 1627779905
WALL 44997322 1 0 1627779906
WALL 44997322 1 0 1627779907
WALL 44997322 1 0 1627779908
WALL 44997322 1 0 1627779909
WALL 44997322 1 0 1627779910
WALL 44997322 1 0 1627779911
WALL 44997322 1 0 1627779912
WALL 44997322 1 0 1627779913
WALL 44997322 1 0 1627779914
WALL 44997322 1 0 1627779915
WALL 44997322 1 0 1627779916
WALL 44997322 1 0 1627779917
WALL 44997322 1 0 1627779918
WALL 44997322 1 0 1627779919
WALL 44997322 1 0 1627779920
WALL 44997322 1 0 1627779921
WALL 44997322 1 0 1627779922
WALL 44997322 1 0 1627779923
WALL 44997322 1 0 1627779924
WALL 44997322 1 0 1627779925
WALL 44997322 1 0 1627779926
WALL 44997322 1 0 1627779927
WALL 44997322 1 0 1627779928
WALL 44997322 1 0 1627779929
WALL 44997322 1 0 1627779930
WALL 44997322 1 0 1627779931
WALL 44997322 1 0 1627779932
WALL 44997322 1 0 1627779933
WALL 44997322 1 0 1627779934
WALL 44997322 1 0 1627779935
WALL 44997322 1 0 1627779936
WALL 44997322 1 0 1627779937
WALL 44997322 1 0 1627779938
WALL 44997322 1 0 1627779939
WALL 44997322 1 0 1627779940
WALL 44997322 1 0 1627779941
WALL 44997322 1 0 1627779942
WALL 44997322 1 0 1627779943
WALL 44997322 1 0 1627779944
WALL 44997322 1 0 1627779945
WALL 44997322 1 0 1627779946
WALL 44997322 1 0 1627779947
WALL 44997322 1 0 1627779948
WALL 44997322 1 0 1627779949
WALL 44997322 1 0 1627779950
WALL 44997322 1 0 1627779951
WALL 44997322 1 0 1627779952
WALL 44997322 1 0 1627779953
WALL 44997322 1 0 1627779954
WALL 44997322 1 0 1627779955
WALL 44997322 1 0 1627779956
WALL 44997322 1 0 1627779957
WALL 44997322 1 0 1627779958
WALL 44997322 1 0 1627779959
WALL 44997322 1 0 1627779960
WALL 44997322 1 0 1627779961
WALL 44997322 1 0 1627779962
WALL 44997322 1 0 1627779963
WALL 44997322 1 0 1627779964
WALL 44997322 1 0 1627779965
WALL 44997322 1 0 1627779966
WALL 44997322 1 0 1627779967
WALL 44997322 1 0 1627779968
WALL 44997322 1 0 1627779969
WALL 44997322 1 0 1627779970
WALL 44997322 1 0 1627779971
WALL 44997322 1 0 1627779972
WALL 44997322 1 0 1627779973
WALL 44997322 1 0 1627779974
WALL 44997322 1 0 1627779975
WALL 44997322 1 0 1627779976
WALL 44997322 1 0 1627779977
WALL 44997322 1 0 1627779978
WALL 44997322 1 0 1627779979
WALL 44997322 1 0 1627779980
WALL 44997322 1 0 1627779981
WALL 44997322 1 0 1627779982
WALL 44997322 1 0 1627779983
WALL 44997322 1 0 1627779984
WALL 44997322 1 0 1627779985
WALL 44997322 1 0 1627779986
WALL 44997322 1 0 1627779987
WALL 44997322 1 0 1627779988
WALL 44997322 1 0 1627779989
WALL 44997322 1 0 1627779990
WALL 44997322 1 0 1627779991
WALL 44997322 1 0 1627779992
WALL 44997322 1 0 1627779993
WALL 44997322 1 0 1627779994
WALL 44997322 1 0 1627779995
WALL 44997322 1 0 1627779996
WALL 44997322 1 0 1627779997
WALL 44997322 1 0 1627779998
WALL 44997322 1 0 1627779999
WALL 44997322 1 0 1627780000
WALL 44997322 1 0 1627780001
WALL 44997322 1 0 1627780002
WALL 44997322 1 0 1627780003
WALL 44997322 1 0 1627780004
WALL 44997322 1 0 1627780005
WALL 44997322 1 0 1627780006
WALL 44997322 1 0 1627780007
WALL 44997322 1 0 1627780008
WALL 44997322 1 0 1627780009
WALL 44997322 1 0 1627780010
WALL 44997322 1 0 1627780011
WALL 44997322 1 0 1627780012
WALL 44997322 1 0 1627780013
WALL 44997322 1 0 1627780014
WALL 44997322 1 0 1627780015
WALL 44997322 1 0 1627780016
WALL 44997322 1 0 1627780017
WALL 44997322 1 0 1627780018
WALL 44997322 1 0 1627780019
WALL 44997322 1 0 1627780020
WALL 44997322 1 0 1627780021
WALL 44997322 1 0 1627780022
WALL 44997322 1 0 1627780023
WALL 44997322 1 0 1627780024
WALL 44997322 1 0 1627780025
WALL 44997322 1 0 1627780026
WALL 44997322 1 0 1627780027
WALL 44997322 1 0 1627780028
WALL 44997322 1 0 1627780029
WALL 44997322 1 0 1627780030
WALL 44997322 1 0 1627780031
WALL 44997322 1 0 1627780032
WALL 44997322 1 0 1627780033
WALL 44997322 1 0 1627780034
WALL 44997322 1 0 1627780035
WALL 44997322 1 0 1627780036
WALL 44997322 1 0 1627780037
WALL 44997322 1 0 1627780038
WALL 44997322 1 0 1627780039
WALL 44997322 1 0 1627780040
WALL 44997322 1 0 1627780041
WALL 44997322 1 0 1627780042
WALL 44997322 1 0 1627780043
WALL 44997322 1 0 1627780044
WALL 44997322 1 0 1627780045
WALL 44997322 1 0 1627780046
WALL 44997322 1 0 1627780047
WALL 44997322 1 0 1627780048
WALL 44997322 1 0 1627780049
WALL 44997322 1 0 1627780050
WALL 44997322 1 0 1627780051
WALL 44997322 1 0 1627780052
WALL 44997322 1 0 1627780053
WALL 44997322 1 0 1627780054
WALL 44997322 1 0 1627780055
WALL 44997322 1 0 1627780056
WALL 44997322 1 0 1627780057
WALL 44997322 1 0 1627780058
WALL 44997322 1 0 1627780059
WALL 44997322 1 0 1627780060
WALL 44997322 1 0 1627780061
WALL 44997322 1 0 1627780062
WALL 44997322 1 0 1627780063
WALL 44997322 1 0 1627780064
WALL 44997322 1 0 1627780065
WALL 44997322 1 0 1627780066
WALL 44997322 1 0 1627780067
WALL 44997322 1 0 1627780068
WALL 44997322 1 0 1627780069
WALL 44997322 1 0 1627780070
WALL 44997322 1 0 1627780071
WALL 44997322 1 0 1627780072
WALL 44997322 1 0 1627780073
WALL 44997322 1 0 1627780074
WALL 44997322 1 0 1627780075
WALL 44997322 1 0 1627780076
WALL 44997322 1 0 1627780077
WALL 44997322 1 0 1627780078
WALL 44997322 1 0 1627780079
WALL 44997322 1 0 1627780080
WALL 44997322 1 0 1627780081
WALL 44997322 1 0 1627780082
WALL 44997322 1 0 1627780083
WALL 44997322 1 0 1627780084
WALL 44997322 1 0 1627780085
WALL 44997322 1 0 1627780086
WALL 44997322 1 0 1627780087
WALL 44997322 1 0 1627780088
WALL 44997322 1 0 1627780089
WALL 44997322 1 0 1627780090
WALL 44997322 1 0 1627780091
WALL 44997322 1 0 1627780092
WALL 44997322 1 0 1627780093
WALL 44997322 1 0 1627780094
WALL 44997322 1 0 1627780095
WALL 44997322 1 0 1627780096
WALL 44997322 1 0 1627780097
WALL 44997322 1 0 1627780098
WALL 44997322 1 0 1627780099
WALL 44997322 1 0 1627780100
WALL 44997322 1 0 1627780101
WALL 44997322 1 0 1627780102
WALL 44997322 1 0 1627780103
WALL 44997322 1 0 1627780104
WALL 44997322 1 0 1627780105
WALL 44997322 1 0 1627780106
WALL 44997322 1 0 1627780107
WALL 44997322 1 0 1627780108
WALL 44997322 1 0 1627780109
WALL 44997322 1 0 1627780110
WALL 44997322 1 0 1627780111
WALL 44997322 1 0 1627780112
WALL 44997322 1 0 1627780113
WALL 44997322 1 0 1627780114
WALL 44997322 1 0 1627780115
WALL 44997322 1 0 1627780116
WALL 44997322 1 0 1627780117
WALL 44997322 1 0 1627780118
WALL 44997322 1 0 1627780119
WALL 44997322 1 0 1627780120
WALL 44997322 1 0 1627780121
WALL 44997322 1 0 1627780122
WALL 44997322 1 0 1627780123
WALL 44997322 1 0 1627780124
WALL 44997322 1 0 1627780125
WALL 44997322 1 0 1627780126
WALL 44997322 1 0 1627780127
WALL 44997322 1 0 1627780128
WALL 44997322 1 0 1627780129
WALL 44997322 1 0 1627780130
WALL 44997322 1 0 1627780131
WALL 44997322 1 0 1627780132
WALL 44997322 1 0 1627780133
WALL 44997322 1 0 1627780134
WALL 44997322 1 0 1627780135
WALL 44997322 1 0 1627780136
WALL 44997322 1 0 1627780137
WALL 44997322 1 0 1627780138
WALL 44997322 1 0 1627780139
WALL 44997322 1 0 1627780140
WALL 44997322 1 0 1627780141
WALL 44997322 1 0 1627780142
WALL 44997322 1 0 1627780143
WALL 44997322 1 0 1627780144
WALL 44997322 1 0 1627780145
WALL 44997322 1 0 1627780146
WALL 44997322 1 0 1627780147
WALL 44997322 1 0 1627780148
WALL 44997322 1 0 1627780149
WALL 44997322 1 0 1627780150
WALL 44997322 1 0 1627780151
WALL 44997322 1 0 1627780152
WALL 44997322 1 0 1627780153
WALL 44997322 1 0 1627780154
WALL 44997322 1 0 1627780155
WALL 44997322 1 0 1627780156
WALL 44997322 1 0 1627780157
WALL 44997322 1 0 1627780158
WALL 44997322 1 0 1627780159
WALL 44997322 1 0 1627780160
WALL 44997322 1 0 1627780161
WALL 44997322 1 0 1627780162
WALL 44997322 1 0 1627780163
WALL 44997322 1 0 1627780164
WALL 44997322 1 0 1627780165
WALL 44997322 1 0 1627780166
WALL 44997322 1 0 1627780167
WALL 44997322 1 0 1627780168
WALL 44997322 1 0 1627780169
WALL 44997322 1 0 1627780170
WALL 44997322 1 0 1627780171
WALL 44997322 1 0 1627780172
WALL 44997322 1 0 1627780173
WALL 44997322 1 0 1627780174
WALL 44997322 1 0 1627780175
WALL 44997322 1 0 1627780176
WALL 44997322 1 0 1627780177
WALL 44997322 1 0 1627780178
WALL 44997322 1 0 1627780179
WALL 44997322 1 0 1627780180
WALL 44997322 1 0 1627780181
WALL 44997322 1 0 1627780182
WALL 44997322 1 0 1627780183
WALL 44997322 1 0 1627780184
WALL 44997322 1 0 1627780185
WALL 44997322 1 0 1627780186
WALL 44997322 1 0 1627780187
WALL 44997322 1 0 1627780188
WALL 44997322 1 0 1627780189
WALL 44997322 1 0 1627780190
WALL 44997322 1 0 1627780191
WALL 44997322 1 0 1627780192
WALL 44997322 1 0 1627780193
WALL 44997322 1 0 1627780194
WALL 44997322 1 0 1627780195
WALL 44997322 1 0 1627780196
WALL 44997322 1 0 1627780197
WALL 44997322 1 0 1627780198
WALL 44997322 1 0 1627780199
WALL 44997322 1 0 1627780200
WALL 44997322 1 0 1627780201
WALL 44997322 1 0 1627780202
WALL 44997322 1 0 1627780203
WALL 44997322 1 0 1627780204
WALL 44997322 1 0 1627780205
WALL 44997322 1 0 1627780206
WALL 44997322 1 0 1627780207
WALL 44997322 1 0 1627780208
WALL 44997322 1 0 1627780209
WALL 44997322 1 0 1627780210
WALL 44997322 1 0 1627780211
WALL 44997322 1 0 1627780212
WALL 44997322 1 0 1627780213
WALL 44997322 1 0 1627780214
WALL 44997322 1 0 1627780215
WALL 44997322 1 0 1627780216
WALL 44997322 1 0 1627780217
WALL 44997322 1 0 1627780218
WALL 44997322 1 0 1627780219
WALL 44997322 1 0 1627780220
WALL 44997322 1 0 1627780221
WALL 44997322 1 0 1627780222
WALL 44997322 1 0 1627780223
WALL 44997322 1 0 1627780224
WALL 44997322 1 0 1627780225
WALL 44997322 1 0 1627780226
WALL 44997322 1 0 1627780227
WALL 44997322 1 0 1627780228
WALL 44997322 1 0 1627780229
WALL 44997322 1 0 1627780230
WALL 44997322 1 0 1627780231
WALL 44997322 1 0 1627780232
WALL 44997322 1 0 1627780233
WALL 44997322 1 0 1627780234
WALL 44997322 1 0 1627780235
WALL 44997322 1 0 1627780236
WALL 44997322 1 0 1627780237
WALL 44997322 1 0 1627780238
WALL 44997322 1 0 1627780239
WALL 44997322 1 0 1627780240
WALL 44997322 1 0 1627780241
WALL 44997322 1 0 1627780242
WALL 44997322 1 0 1627780243
WALL 44997322 1 0 1627780244
WALL 44997322 1 0 1627780245
WALL 44997322 1 0 1627780246
WALL 44997322 1 0 1627780247
WALL 44997322 1 0 1627780248
WALL 44997322 1 0 1627780249
WALL 44997322 1 0 1627780250
WALL 44997322 1 0 1627780251
WALL 44997322 1 0 1627780252
WALL 44997322 1 0 1627780253
WALL 44997322 1 0 1627780254
WALL 44997322 1 0 1627780255
WALL 44997322 1 0 1627780256
WALL 44997322 1 0 1627780257
WALL 44997322 1 0 1627780258
WALL 44997322 1 0 1627780259
WALL 44997322 1 0 1627780260
WALL 44997322 1 0 1627780261
WALL 44997322 1 0 1627780262
WALL 44997322 1 0 1627780263
WALL 44997322 1 0 1627780264
WALL 44997322 1 0 1627780265
WALL 44997322 1 0 1627780266
WALL 44997322 1 0 1627780267
WALL 44997322 1 0 1627780268
WALL 44997322 1 0 1627780269
WALL 44997322 1 0 1627780270
WALL 44997322 1 0 1627780271
WALL 44997322 1 0 1627780272
WALL 44997322 1 0 1627780273
WALL 44997322 1 0 1627780274
WALL 44997322 1 0 1627780275
WALL 44997322 1 0 1627780276
WALL 44997322 1 0 1627780277
WALL 44997322 1 0 1627780278
WALL 44997322 1 0 1627780279
WALL 44997322 1 0 1627780280
WALL 44997322 1 0 1627780281
WALL 44997322 1 0 1627780282
WALL 44997322 1 0 1627780283
WALL 44997322 1 0 1627780284
WALL 44997322 1 0 1627780285
WALL 44997322 1 0 1627780286
WALL 44997322 1 0 1627780287
WALL 44997322 1 0 1627780288
WALL 44997322 1 0 1627780289
WALL 44997322 1 0 1627780290
WALL 44997322 1 0 1627780291
WALL 44997322 1 0 1627780292
WALL 44997322 1 0 1627780293
WALL 44997322 1 0 1627780294
WALL 44997322 1 0 1627780295
WALL 44997322 1 0 1627780296
WALL 44997322 1 0 1627780297
WALL 44997322 1 0 1627780298
WALL 44997322 1 0 1627780299
WALL 44997322 1 0 1627780300
WALL 44997322 1 0 1627780301
WALL 44997322 1 0 1627780302
WALL 44997322 1 0 1627780303
WALL 44997322 1 0 1627780304
WALL 44997322 1 0 1627780305
WALL 44997322 1 0 1627780306
WALL 44997322 1 0 1627780307
WALL 44997322 1 0 1627780308
WALL 44997322 1 0 1627780309
WALL 44997322 1 0 1627780310
WALL 44997322 1 0 1627780311
WALL 44997322 1 0 1627780312
WALL 44997322 1 0 1627780313
WALL 44997322 1 0 1627780314
WALL 44997322 1 0 1627780315
WALL 44997322 1 0 1627780316
WALL 44997322 1 0 1627780317
WALL 44997322 1 0 1627780318
WALL 44997322 1 0 1627780319
WALL 44997322 1 0 1627780320
WALL 44997322 1 0 1627780321
WALL 44997322 1 0 1627780322
WALL 44997322 1 0 1627780323
WALL 44997322 1 0 1627780324
WALL 44997322 1 0 1627780325
WALL 44997322 1 0 1627780326
WALL 44997322 1 0 1627780327
WALL 44997322 1 0 1627780328
WALL 44997322 1 0 1627780329
WALL 44997322 1 0 1627780330
WALL 44997322 1 0 1627780331
WALL 44997322 1 0 1627780332
WALL 44997322 1 0 1627780333
WALL 44997322 1 0 1627780334
WALL 44997322 1 0 1627780335
WALL 44997322 1 0 1627780336
WALL 44997322 1 0 1627780337
WALL 44997322 1 0 1627780338
WALL 44997322 1 0 1627780339
WALL 44997322 1 0 1627780340
WALL 44997322 1 0 1627780341
WALL 44997322 1 0 1627780342
WALL 44997322 1 0 1627780343
WALL 44997322 1 0 1627780344
WALL 44997322 1 0 1627780345
WALL 44997322 1 0 1627780346
WALL 44997322 1 0 1627780347
WALL 44997322 1 0 1627780348
WALL 44997322 1 0 1627780349
WALL 44997322 1 0 1627780350
WALL 44997322 1 0 1627780351
WALL 44997322 1 0 1627780352
WALL 44997322 1 0 1627780353
WALL 44997322 1 0 1627780354
WALL 44997322 1 0 1627780355
WALL 44997322 1 0 1627780356
WALL 44997322 1 0 1627780357
WALL 44997322 1 0 1627780358
WALL 44997322 1 0 1627780359
WALL 44997322 1 0 1627780360
WALL 44997322 1 0 1627780361
WALL 44997322 1 0 1627780362
WALL 44997322 1 0 1627780363
WALL 44997322 1 0 1627780364
WALL 44997322 1 0 1627780365
WALL 44997322 1 0 1627780366
WALL 44997322 1 0 1627780367
WALL 44997322 1 0 1627780368
WALL 44997322 1 0 1627780369
WALL 44997322 1 0 1627780370
WALL 44997322 1 0 1627780371
WALL 44997322 1 0 1627780372
WALL 44997322 1 0 1627780373
WALL 44997322 1 0 1627780374
WALL 44997322 1 0 1627780375
WALL 44997322 1 0 1627780376
WALL 44997322 1 0 1627780377
WALL 44997322 1 0 1627780378
WALL 44997322 1 0 1627780379
WALL 44997322 1 0 1627780380
WALL 44997322 1 0 1627780381
WALL 44997322 1 0 1627780382
WALL 44997322 1 0 1627780383
WALL 44997322 1 0 1627780384
WALL 44997322 1 0 1627780385
WALL 44997322 1 0 1627780386
WALL 44997322 1 0 1627780387
WALL 44997322 1 0 1627780388
WALL 44997322 1 0 1627780389
WALL 44997322 1 0 1627780390
WALL 44997322 1 0 1627780391
WALL 44997322 1 0 1627780392
WALL 44997322 1 0 1627780393
WALL 44997322 1 0 1627780394
WALL 44997322 1 0 1627780395
WALL 44997322 1 0 1627780396
WALL 44997322 1 0 1627780397
WALL 44997322 1 0 1627780398
WALL 44997322 1 0 1627780399
WALL 44997322 1 0 1627780400
WALL 44997322 1 0 1627780401
WALL 44997322 1 0 1627780402
WALL 44997322 1 0 1627780403
WALL 44997322 1 0 1627780404
WALL 44997322 1 0 1627780405
WALL 44997322 1 0 1627780406
WALL 44997322 1 0 1627780407
WALL 44997322 1 0 1627780408
WALL 44997322 1 0 1627780409
WALL 44997322 1 0 1627780410
WALL 44997322 1 0 1627780411
WALL 44997322 1 0 1627780412
WALL 44997322 1 0 1627780413
WALL 44997322 1 0 1627780414
WALL 44997322 1 0 1627780415
WALL 44997322 1 0 1627780416
WALL 44997322 1 0 1627780417
WALL 44997322 1 0 1627780418
WALL 44997322 1 0 1627780419
WALL 44997322 1 0 1627780420
WALL 44997322 1 0 1627780421
WALL 44997322 1 0 1627780422
WALL 44997322 1 0 1627780423
WALL 44997322 1 0 1627780424
WALL 44997322 1 0 1627780425
WALL 44997322 1 0 1627780426
WALL 44997322 1 0 1627780427
WALL 44997322 1 0 1627780428
WALL 44997322 1 0 1627780429
WALL 44997322 1 0 1627780430
WALL 44997322 1 0 1627780431
WALL 44997322 1 0 1627780432
WALL 44997322 1 0 1627780433
WALL 44997322 1 0 1627780434
WALL 44997322 1 0 1627780435
WALL 44997322 1 0 1627780436
WALL 44997322 1 0 1627780437
WALL 44997322 1 0 1627780438
WALL 44997322 1 0 1627780439
WALL 44997322 1 0 1627780440
WALL 44997322 1 0 1627780441
WALL 44997322 1 0 1627780442
WALL 44997322 1 0 1627780443
WALL 44997322 1 0 1627780444
WALL 44997322 1 0 1627780445
WALL 44997322 1 0 1627780446
WALL 44997322 1 0 1627780447
WALL 44997322 1 0 1627780448
WALL 44997322 1 0 1627780449
WALL 44997322 1 0 1627780450
WALL 44997322 1 0 1627780451
WALL 44997322 1 0 1627780452
WALL 44997322 1 0 1627780453
WALL 44997322 1 0 1627780454
WALL 44997322 1 0 1627780455
WALL 44997322 1 0 1627780456
WALL 44997322 1 0 1627780457
WALL 44997322 1 0 1627780458
WALL 44997322 1 0 1627780459
WALL 44997322 1 0 1627780460
WALL 44997322 1 0 1627780461
WALL 44997322 1 0 1627780462
WALL 44997322 1 0 1627780463
WALL 44997322 1 0 1627780464
WALL 44997322 1 0 1627780465
WALL 44997322 1 0 1627780466
WALL 44997322 1 0 1627780467
WALL 44997322 1 0 1627780468
WALL 44997322 1 0 1627780469
WALL 44997322 1 0 1627780470
WALL 44997322 1 0 1627780471
WALL 44997322 1 0 1627780472
WALL 44997322 1 0 1627780473
WALL 44997322 1 0 1627780474
WALL 44997322 1 0 1627780475
WALL 44997322 1 0 1627780476
WALL 44997322 1 0 1627780477
WALL 44997322 1 0 1627780478
WALL 44997322 1 0 1627780479
WALL 44997322 1 0 1627780480
WALL 44997322 1 0 1627780481
WALL 44997322 1 0 1627780482
WALL 44997322 1 0 1627780483
WALL 44997322 1 0 1627780484
WALL 44997322 1 0 1627780485
WALL 44997322 1 0 1627780486
WALL 44997322 1 0 1627780487
WALL 44997322 1 0 1627780488
WALL 44997322 1 0 1627780489
WALL 44997322 1 0 1627780490
WALL 44997322 1 0 1627780491
WALL 44997322 1 0 1627780492
WALL 44997322 1 0 1627780493
WALL 44997322 1 0 1627780494
WALL 44997322 1 0 1627780495
WALL 44997322 1 0 1627780496
WALL 44997322 1 0 1627780497
WALL 44997322 1 0 1627780498
WALL 44997322 1 0 1627780499
WALL 44997322 1 0 1627780500
WALL 44997322 1 0 1627780501
WALL 44997322 1 0 1627780502
WALL 44997322 1 0 1627780503
WALL 44997322 1 0 1627780504
WALL 44997322 1 0 1627780505
WALL 44997322 1 0 1627780506
WALL 44997322 1 0 1627780507
WALL 44997322 1 0 1627780508
WALL 44997322 1 0 1627780509
WALL 44997322 1 0 1627780510
WALL 44997322 1 0 1627780511
WALL 44997322 1 0 1627780512
WALL 44997322 1 0 1627780513
WALL 44997322 1 0 1627780514
WALL 44997322 1 0 1627780515
WALL 44997322 1 0 1627780516
WALL 44997322 1 0 1627780517
WALL 44997322 1 0 1627780518
WALL 44997322 1 0 1627780519
WALL 44997322 1 0 1627780520
WALL 44997322 1 0 1627780521
WALL 44997322 1 0 1627780522
WALL 44997322 1 0 1627780523
WALL 44997322 1 0 1627780524
WALL 44997322 1 0 1627780525
WALL 44997322 1 0 1627780526
WALL 44997322 1 0 1627780527
WALL 44997322 1 0 1627780528
WALL 44997322 1 0 1627780529
WALL 44997322 1 0 1627780530
WALL 44997322 1 0 1627780531
WALL 44997322 1 0 1627780532
WALL 44997322 1 0 1627780533
WALL 44997322 1 0 1627780534
WALL 44997322 1 0 1627780535
WALL 44997322 1 0 1627780536
WALL 44997322 1 0 1627780537
WALL 44997322 1 0 1627780538
WALL 44997322 1 0 1627780539
WALL 44997322 1 0 1627780540
WALL 44997322 1 0 1627780541
WALL 44997322 1 0 1627780542
WALL 44997322 1 0 1627780543
WALL 44997322 1 0 1627780544
WALL 44997322 1 0 1627780545
WALL 44997322 1 0 1627780546
WALL 44997322 1 0 1627780547
WALL 44997322 1 0 1627780548
WALL 44997322 1 0 1627780549
WALL 44997322 1 0 1627780550
WALL 44997322 1 0 1627780551
WALL 44997322 1 0 1627780552
WALL 44997322 1 0 1627780553
WALL 44997322 1 0 1627780554
WALL 44997322 1 0 1627780555
WALL 44997322 1 0 1627780556
WALL 44997322 1 0 1627780557
WALL 44997322 1 0 1627780558
WALL 44997322 1 0 1627780559
WALL 44997322 1 0 1627780560
WALL 44997322 1 0 1627780561
WALL 44997322 1 0 1627780562
WALL 44997322 1 0 1627780563
WALL 44997322 1 0 1627780564
WALL 44997322 1 0 1627780565
WALL 44997322 1 0 1627780566
WALL 44997322 1 0 1627780567
WALL 44997322 1 0 1627780568
WALL 44997322 1 0 1627780569
WALL 44997322 1 0 1627780570
WALL 44997322 1 0 1627780571
WALL 44997322 1 0 1627780572
WALL 44997322 1 0 1627780573
WALL 44997322 1 0 1627780574
WALL 44997322 1 0 1627780575
WALL 44997322 1 0 1627780576
WALL 44997322 1 0 1627780577
WALL 44997322 1 0 1627780578
WALL 44997322 1 0 1627780579
WALL 44997322 1 0 1627780580
WALL 44997322 1 0 1627780581
WALL 44997322 1 0 1627780582
WALL 44997322 1 0 1627780583
WALL 44997322 1 0 1627780584
WALL 44997322 1 0 1627780585
WALL 44997322 1 0 1627780586
WALL 44997322 1 0 1627780587
WALL 44997322 1 0 1627780588
WALL 44997322 1 0 1627780589
WALL 44997322 1 0 1627780590
WALL 44997322 1 0 1627780591
WALL 44997322 1 0 1627780592
WALL 44997322 1 0 1627780593
WALL 44997322 1 0 1627780594
WALL 44997322 1 0 1627780595
WALL 44997322 1 0 1627780596
WALL 44997322 1 0 1627780597
WALL 44997322 1 0 1627780598
WALL 44997322 1 0 1627780599
WALL 44997322 1 0 1627780600
WALL 44997322 1 0 1627780601
WALL 44997322 1 0 1627780602
WALL 44997322 1 0 1627780603
WALL 44997322 1 0 1627780604
WALL 44997322 1 0 1627780605
WALL 44997322 1 0 1627780606
WALL 44997322 1 0 1627780607
WALL 44997322 1 0 1627780608
WALL 44997322 1 0 1627780609
WALL 44997322 1 0 1627780610
WALL 44997322 1 0 1627780611
WALL 44997322 1 0 1627780612
WALL 44997322 1 0 1627780613
WALL 44997322 1 0 1627780614
WALL 44997322 1 0 1627780615
WALL 44997322 1 0 1627780616
WALL 44997322 1 0 1627780617
WALL 44997322 1 0 1627780618
WALL 44997322 1 0 1627780619
WALL 44997322 1 0 1627780620
WALL 44997322 1 0 1627780621
WALL 44997322 1 0 1627780622
WALL 44997322 1 0 1627780623
WALL 44997322 1 0 1627780624
WALL 44997322 1 0 1627780625
WALL 44997322 1 0 1627780626
WALL 44997322 1 0 1627780627
WALL 44997322 1 0 1627780628
WALL 44997322 1 0 1627780629
WALL 44997322 1 0 1627780630
WALL 44997322 1 0 1627780631
WALL 44997322 1 0 1627780632
WALL 44997322 1 0 1627780633
WALL 44997322 1 0 1627780634
WALL 44997322 1 0 1627780635
WALL 44997322 1 0 1627780636
WALL 44997322 1 0 1627780637
WALL 44997322 1 0 1627780638
WALL 44997322 1 0 1627780639
WALL 44997322 1 0 1627780640
WALL 44997322 1 0 1627780641
WALL 44997322 1 0 1627780642
WALL 44997322 1 0 1627780643
WALL 44997322 1 0 1627780644
WALL 44997322 1 0 1627780645
WALL 44997322 1 0 1627780646
WALL 44997322 1 0 1627780647
WALL 44997322 1 0 1627780648
WALL 44997322 1 0 1627780649
WALL 44997322 1 0 1627780650
WALL 44997322 1 0 1627780651
WALL 44997322 1 0 1627780652
WALL 44997322 1 0 1627780653
WALL 44997322 1 0 1627780654
WALL 44997322 1 0 1627780655
WALL 44997322 1 0 1627780656
WALL 44997322 1 0 1627780657
WALL 44997322 1 0 1627780658
WALL 44997322 1 0 1627780659
WALL 44997322 1 0 1627780660
WALL 44997322 1 0 1627780661
WALL 44997322 1 0 1627780662
WALL 44997322 1 0 1627780663
WALL 44997322 1 0 1627780664
WALL 44997322 1 0 1627780665
WALL 44997322 1 0 1627780666
WALL 44997322 1 0 1627780667
WALL 44997322 1 0 1627780668
WALL 44997322 1 0 1627780669
WALL 44997322 1 0 1627780670
WALL 44997322 1 0 1627780671
WALL 44997322 1 0 1627780672
WALL 44997322 1 0 1627780673
WALL 44997322 1 0 1627780674
WALL 44997322 1 0 1627780675
WALL 44997322 1 0 1627780676
WALL 44997322 1 0 1627780677
WALL 44997322 1 0 1627780678
WALL 44997322 1 0 1627780679
WALL 44997322 1 0 1627780680
WALL 44997322 1 0 1627780681
WALL 44997322 1 0 1627780682
WALL 44997322 1 0 1627780683
WALL 44997322 1 0 1627780684
WALL 44997322 1 0 1627780685
WALL 44997322 1 0 1627780686
WALL 44997322 1 0 1627780687
WALL 44997322 1 0 1627780688
WALL 44997322 1 0 1627780689
WALL 44997322 1 0 1627780690
WALL 44997322 1 0 1627780691
WALL 44997322 1 0 1627780692
WALL 44997322 1 0 1627780693
WALL 44997322 1 0 1627780694
WALL 44997322 1 0 1627780695
WALL 44997322 1 0 1627780696
WALL 44997322 1 0 1627780697
WALL 44997322 1 0 1627780698
WALL 44997322 1 0 1627780699
WALL 44997322 1 0 1627780700
WALL 44997322 1 0 1627780701
WALL 44997322 1 0 1627780702
WALL 44997322 1 0 1627780703
WALL 44997322 1 0 1627780704
WALL 44997322 1 0 1627780705
WALL 44997322 1 0 1627780706
WALL 44997322 1 0 1627780707
WALL 44997322 1 0 1627780708
WALL 44997322 1 0 1627780709
WALL 44997322 1 0 1627780710
WALL 44997322 1 0 1627780711
WALL 44997322 1 0 1627780712
WALL 44997322 1 0 1627780713
WALL 44997322 1 0 1627780714
WALL 44997322 1 0 1627780715
WALL 44997322 1 0 1627780716
WALL 44997322 1 0 1627780717
WALL 44997322 1 0 1627780718
WALL 44997322 1 0 1627780719
WALL 44997322 1 0 1627780720
WALL 44997322 1 0 1627780721
WALL 44997322 1 0 1627780722
WALL 44997322 1 0 1627780723
WALL 44997322 1 0 1627780724
WALL 44997322 1 0 1627780725
WALL 44997322 1 0 1627780726
WALL 44997322 1 0 1627780727
WALL 44997322 1 0 1627780728
WALL 44997322 1 0 1627780729
WALL 44997322 1 0 1627780730
WALL 44997322 1 0 1627780731
WALL 44997322 1 0 1627780732
WALL 44997322 1 0 1627780733
WALL 44997322 1 0 1627780734
WALL 44997322 1 0 1627780735
WALL 44997322 1 0 1627780736
WALL 44997322 1 0 1627780737
WALL 44997322 1 0 1627780738
WALL 44997322 1 0 1627780739
WALL 44997322 1 0 1627780740
WALL 44997322 1 0 1627780741
WALL 44997322 1 0 1627780742
WALL 44997322 1 0 1627780743
WALL 44997322 1 0 1627780744
WALL 44997322 1 0 1627780745
WALL 44997322 1 0 1627780746
WALL 44997322 1 0 1627780747
WALL 44997322 1 0 1627780748
WALL 44997322 1 0 1627780749
WALL 44997322 1 0 1627780750
WALL 44997322 1 0 1627780751
WALL 44997322 1 0 1627780752
WALL 44997322 1 0 1627780753
WALL 44997322 1 0 1627780754
WALL 44997322 1 0 1627780755
WALL 44997322 1 0 1627780756
WALL 44997322 1 0 1627780757
WALL 44997322 1 0 1627780758
WALL 44997322 1 0 1627780759
WALL 44997322 1 0 1627780760
WALL 44997322 1 0 1627780761
WALL 44997322 1 0 1627780762
WALL 44997322 1 0 1627780763
WALL 44997322 1 0 1627780764
WALL 44997322 1 0 1627780765
WALL 44997322 1 0 1627780766
WALL 44997322 1 0 1627780767
WALL 44997322 1 0 1627780768
WALL 44997322 1 0 1627780769
WALL 44997322 1 0 1627780770
WALL 44997322 1 0 1627780771
WALL 44997322 1 0 1627780772
WALL 44997322 1 0 1627780773
WALL 44997322 1 0 1627780774
WALL 44997322 1 0 1627780775
WALL 44997322 1 0 1627780776
WALL 44997322 1 0 1627780777
WALL 44997322 1 0 1627780778
WALL 44997322 1 0 1627780779
WALL 44997322 1 0 1627780780
WALL 44997322 1 0 1627780781
WALL 44997322 1 0 1627780782
WALL 44997322 1 0 1627780783
WALL 44997322 1 0 1627780784
WALL 44997322 1 0 1627780785
WALL 44997322 1 0 1627780786
WALL 44997322 1 0 1627780787
WALL 44997322 1 0 1627780788
WALL 44997322 1 0 1627780789
WALL 44997322 1 0 1627780790
WALL 44997322 1 0 1627780791
WALL 44997322 1 0 1627780792
WALL 44997322 1 0 1627780793
WALL 44997322 1 0 1627780794
WALL 44997322 1 0 1627780795
WALL 44997322 1 0 1627780796
WALL 44997322 1 0 1627780797
WALL 44997322 1 0 1627780798
WALL 44997322 1 0 1627780799
WALL 44997322 1 0 1627780800
WALL 44997322 1 0 1627780801
WALL 44997322 1 0 1627780802
WALL 44997322 1 0 1627780803
WALL 44997322 1 0 1627780804
WALL 44997322 1 0 1627780805
WALL 44997322 1 0 1627780806
WALL 44997322 1 0 1627780807
WALL 44997322 1 0 1627780808
WALL 44997322 1 0 1627780809
WALL 44997322 1 0 1627780810
WALL 44997322 1 0 1627780811
WALL 44997322 1 0 1627780812
WALL 44997322 1 0 1627780813
WALL 44997322 1 0 1627780814
WALL 44997322 1 0 1627780815
WALL 44997322 1 0 1627780816
WALL 44997322 1 0 1627780817
WALL 44997322 1 0 1627780818
WALL 44997322 1 0 1627780819
WALL 44997322 1 0 1627780820
WALL 44997322 1 0 1627780821
WALL 44997322 1 0 1627780822
WALL 44997322 1 0 1627780823
WALL 44997322 1 0 1627780824
WALL 44997322 1 0 1627780825
WALL 44997322 1 0 1627780826
WALL 44997322 1 0 1627780827
WALL 44997322 1 0 1627780828
WALL 44997322 1 0 1627780829
WALL 44997322 1 0 1627780830
WALL 44997322 1 0 1627780831
WALL 44997322 1 0 1627780832
WALL 44997322 1 0 1627780833
WALL 44997322 1 0 1627780834
WALL 44997322 1 0 1627780835
WALL 44997322 1 0 1627780836
WALL 44997322 1 0 1627780837
WALL 44997322 1 0 1627780838
WALL 44997322 1 0 1627780839
WALL 44997322 1 0 1627780840
WALL 44997322 1 0 1627780841
WALL 44997322 1 0 1627780842
WALL 44997322 1 0 1627780843
WALL 44997322 1 0 1627780844
WALL 44997322 1 0 1627780845
WALL 44997322 1 0 1627780846
WALL 44997322 1 0 1627780847
WALL 44997322 1 0 1627780848
WALL 44997322 1 0 1627780849
WALL 44997322 1 0 1627780850
WALL 44997322 1 0 1627780851
WALL 44997322 1 0 1627780852
WALL 44997322 1 0 1627780853
WALL 44997322 1 0 1627780854
WALL 44997322 1 0 1627780855
WALL 44997322 1 0 1627780856
WALL 44997322 1 0 1627780857
WALL 44997322 1 0 1627780858
WALL 44997322 1 0 1627780859
WALL 44997322 1 0 1627780860
WALL 44997322 1 0 1627780861
WALL 44997322 1 0 1627780862
WALL 44997322 1 0 1627780863
WALL 44997322 1 0 1627780864
WALL 44997322 1 0 1627780865
WALL 44997322 1 0 1627780866
WALL 44997322 1 0 1627780867
WALL 44997322 1 0 1627780868
WALL 44997322 1 0 1627780869
WALL 44997322 1 0 1627780870
WALL 44997322 1 0 1627780871
WALL 44997322 1 0 1627780872
WALL 44997322 1 0 1627780873
WALL 44997322 1 0 1627780874
WALL 44997322 1 0 1627780875
WALL 44997322 1 0 1627780876
WALL 44997322 1 0 1627780877
WALL 44997322 1 0 1627780878
WALL 44997322 1 0 1627780879
WALL 44997322 1 0 1627780880
WALL 44997322 1 0 1627780881
WALL 44997322 1 0 1627780882
WALL 44997322 1 0 1627780883
WALL 44997322 1 0 1627780884
WALL 44997322 1 0 1627780885
WALL 44997322 1 0 1627780886
WALL 44997322 1 0 1627780887
WALL 44997322 1 0 1627780888
WALL 44997322 1 0 1627780889
WALL 44997322 1 0 1627780890
WALL 44997322 1 0 1627780891
WALL 44997322 1 0 1627780892
WALL 44997322 1 0 1627780893
WALL 44997322 1 0 1627780894
WALL 44997322 1 0 1627780895
WALL 44997322 1 0 1627780896
WALL 44997322 1 0 1627780897
WALL 44997322 1 0 1627780898
WALL 44997322 1 0 1627780899
WALL 44997322 1 0 1627780900
WALL 44997322 1 0 1627780901
WALL 44997322 1 0 1627780902
WALL 44997322 1 0 1627780903
WALL 44997322 1 0 1627780904
WALL 44997322 1 0 1627780905
WALL 44997322 1 0 1627780906
WALL 44997322 1 0 1627780907
WALL 44997322 1 0 1627780908
WALL 44997322 1 0 1627780909
WALL 44997322 1 0 1627780910
WALL 44997322 1 0 1627780911
WALL 44997322 1 0 1627780912
WALL 44997322 1 0 1627780913
WALL 44997322 1 0 1627780914
WALL 44997322 1 0 1627780915
WALL 44997322 1 0 1627780916
WALL 44997322 1 0 1627780917
WALL 44997322 1 0 1627780918
WALL 44997322 1 0 1627780919
WALL 44997322 1 0 1627780920
WALL 44997322 1 0 1627780921
WALL 44997322 1 0 1627780922
WALL 44997322 1 0 1627780923
WALL 44997322 1 0 1627780924
WALL 44997322 1 0 1627780925
WALL 44997322 1 0 1627780926
WALL 44997322 1 0 1627780927
WALL 44997322 1 0 1627780928
WALL 44997322 1 0 1627780929
WALL 44997322 1 0 1627780930
WALL 44997322 1 0 1627780931
WALL 44997322 1 0 1627780932
WALL 44997322 1 0 1627780933
WALL 44997322 1 0 1627780934
WALL 44997322 1 0 1627780935
WALL 44997322 1 0 1627780936
WALL 44997322 1 0 1627780937
WALL 44997322 1 0 1627780938
WALL 44997322 1 0 1627780939
WALL 44997322 1 0 1627780940
WALL 44997322 1 0 1627780941
WALL 44997322 1 0 1627780942
WALL 44997322 1 0 1627780943
WALL 44997322 1 0 1627780944
WALL 44997322 1 0 1627780945
WALL 44997322 1 0 1627780946
WALL 44997322 1 0 1627780947
WALL 44997322 1 0 1627780948
WALL 44997322 1 0 1627780949
WALL 44997322 1 0 1627780950
WALL 44997322 1 0 1627780951
WALL 44997322 1 0 1627780952
WALL 44997322 1 0 1627780953
WALL 44997322 1 0 1627780954
WALL 44997322 1 0 1627780955
WALL 44997322 1 0 1627780956
WALL 44997322 1 0 1627780957
WALL 44997322 1 0 1627780958
WALL 44997322 1 0 1627780959
WALL 44997322 1 0 1627780960
WALL 44997322 1 0 1627780961
WALL 44997322 1 0 1627780962
WALL 44997322 1 0 1627780963
WALL 44997322 1 0 1627780964
WALL 44997322 1 0 1627780965
WALL 44997322 1 0 1627780966
WALL 44997322 1 0 1627780967
WALL 44997322 1 0 1627780968
WALL 44997322 1 0 1627780969
WALL 44997322 1 0 1627780970
WALL 44997322 1 0 1627780971
WALL 44997322 1 0 1627780972
WALL 44997322 1 0 1627780973
WALL 44997322 1 0 1627780974
WALL 44997322 1 0 1627780975
WALL 44997322 1 0 1627780976
WALL 44997322 1 0 1627780977
WALL 44997322 1 0 1627780978
WALL 44997322 1 0 1627780979
WALL 44997322 1 0 1627780980
WALL 44997322 1 0 1627780981
WALL 44997322 1 0 1627780982
WALL 44997322 1 0 1627780983
WALL 44997322 1 0 1627780984
WALL 44997322 1 0 1627780985
WALL 44997322 1 0 1627780986
WALL 44997322 1 0 1627780987
WALL 44997322 1 0 1627780988
WALL 44997322 1 0 1627780989
WALL 44997322 1 0 1627780990
WALL 44997322 1 0 1627780991
WALL 44997322 1 0 1627780992
WALL 44997322 1 0 1627780993
WALL 44997322 1 0 1627780994
WALL 44997322 1 0 1627780995
WALL 44997322 1 0 1627780996
WALL 44997322 1 0 1627780997
WALL 44997322 1 0 1627780998
WALL 44997322 1 0 1627780999
WALL 44997322 1 0 1627781000
WALL 44997322 1 0 1627781001
WALL 44997322 1 0 1627781002
WALL 44997322 1 0 1627781003
WALL 44997322 1 0 1627781004
WALL 44997322 1 0 1627781005
WALL 44997322 1 0 1627781006
WALL 44997322 1 0 1627781007
WALL 44997322 1 0 1627781008
WALL 44997322 1 0 1627781009
WALL 44997322 1 0 1627781010
WALL 44997322 1 0 1627781011
WALL 44997322 1 0 1627781012
WALL 44997322 1 0 1627781013
WALL 44997322 1 0 1627781014
WALL 44997322 1 0 1627781015
WALL 44997322 1 0 1627781016
WALL 44997322 1 0 1627781017
WALL 44997322 1 0 1627781018
WALL 44997322 1 0 1627781019
WALL 44997322 1 0 1627781020
WALL 44997322 1 0 1627781021
WALL 44997322 1 0 1627781022
WALL 44997322 1 0 1627781023
WALL 44997322 1 0 1627781024
WALL 44997322 1 0 1627781025
WALL 44997322 1 0 1627781026
WALL 44997322 1 0 1627781027
WALL 44997322 1 0 1627781028
WALL 44997322 1 0 1627781029
WALL 44997322 1 0 1627781030
WALL 44997322 1 0 1627781031
WALL 44997322 1 0 1627781032
WALL 44997322 1 0 1627781033
WALL 44997322 1 0 1627781034
WALL 44997322 1 0 1627781035
WALL 44997322 1 0 1627781036
WALL 44997322 1 0 1627781037
WALL 44997322 1 0 1627781038
WALL 44997322 1 0 1627781039
WALL 44997322 1 0 1627781040
WALL 44997322 1 0 1627781041
WALL 44997322 1 0 1627781042
WALL 44997322 1 0 1627781043
WALL 44997322 1 0 1627781044
WALL 44997322 1 0 1627781045
WALL 44997322 1 0 1627781046
WALL 44997322 1 0 1627781047
WALL 44997322 1 0 1627781048
WALL 44997322 1 0 1627781049
WALL 44997322 1 0 1627781050
WALL 44997322 1 0 1627781051
WALL 44997322 1 0 1627781052
WALL 44997322 1 0 1627781053
WALL 44997322 1 0 1627781054
WALL 44997322 1 0 1627781055
WALL 44997322 1 0 1627781056
WALL 44997322 1 0 1627781057
WALL 44997322 1 0 1627781058
WALL 44997322 1 0 1627781059
WALL 44997322 1 0 1627781060
WALL 44997322 1 0 1627781061
WALL 44997322 1 0 1627781062
WALL 44997322 1 0 1627781063
WALL 44997322 1 0 1627781064
WALL 44997322 1 0 1627781065
WALL 44997322 1 0 1627781066
WALL 44997322 1 0 1627781067
WALL 44997322 1 0 1627781068
WALL 44997322 1 0 1627781069
WALL 44997322 1 0 1627781070
WALL 44997322 1 0 1627781071
WALL 44997322 1 0 1627781072
WALL 44997322 1 0 1627781073
WALL 44997322 1 0 1627781074
WALL 44997322 1 0 1627781075
WALL 44997322 1 0 1627781076
WALL 44997322 1 0 1627781077
WALL 44997322 1 0 1627781078
WALL 44997322 1 0 1627781079
WALL 44997322 1 0 1627781080
WALL 44997322 1 0 1627781081
WALL 44997322 1 0 1627781082
WALL 44997322 1 0 1627781083
WALL 44997322 1 0 1627781084
WALL 44997322 1 0 1627781085
WALL 44997322 1 0 1627781086
WALL 44997322 1 0 1627781087
WALL 44997322 1 0 1627781088
WALL 44997322 1 0 1627781089
WALL 44997322 1 0 1627781090
WALL 44997322 1 0 1627781091
WALL 44997322 1 0 1627781092
WALL 44997322 1 0 1627781093
WALL 44997322 1 0 1627781094
WALL 44997322 1 0 1627781095
WALL 44997322 1 0 1627781096
WALL 44997322 1 0 1627781097
WALL 44997322 1 0 1627781098
WALL 44997322 1 0 1627781099
WALL 44997322 1 0 1627781100
WALL 44997322 1 0 1627781101
WALL 44997322 1 0 1627781102
WALL 44997322 1 0 1627781103
WALL 44997322 1 0 1627781104
WALL 44997322 1 0 1627781105
WALL 44997322 1 0 1627781106
WALL 44997322 1 0 1627781107
WALL 44997322 1 0 1627781108
WALL 44997322 1 0 1627781109
WALL 44997322 1 0 1627781110
WALL 44997322 1 0 1627781111
WALL 44997322 1 0 1627781112
WALL 44997322 1 0 1627781113
WALL 44997322 1 0 1627781114
WALL 44997322 1 0 1627781115
WALL 44997322 1 0 1627781116
WALL 44997322 1 0 1627781117
WALL 44997322 1 0 1627781118
WALL 44997322 1 0 1627781119
WALL 44997322 1 0 1627781120
WALL 44997322 1 0 1627781121
WALL 44997322 1 0 1627781122
WALL 44997322 1 0 1627781123
WALL 44997322 1 0 1627781124
WALL 44997322 1 0 1627781125
WALL 44997322 1 0 1627781126
WALL 44997322 1 0 1627781127
WALL 44997322 1 0 1627781128
WALL 44997322 1 0 1627781129
WALL 44997322 1 0 1627781130
WALL 44997322 1 0 1627781131
WALL 44997322 1 0 1627781132
WALL 44997322 1 0 1627781133
WALL 44997322 1 0 1627781134
WALL 44997322 1 0 1627781135
WALL 44997322 1 0 1627781136
WALL 44997322 1 0 1627781137
WALL 44997322 1 0 1627781138
WALL 44997322 1 0 1627781139
WALL 44997322 1 0 1627781140
WALL 44997322 1 0 1627781141
WALL 44997322 1 0 1627781142
WALL 44997322 1 0 1627781143
WALL 44997322 1 0 1627781144
WALL 44997322 1 0 1627781145
WALL 44997322 1 0 1627781146
WALL 44997322 1 0 1627781147
WALL 44997322 1 0 1627781148
WALL 44997322 1 0 1627781149
WALL 44997322 1 0 1627781150
WALL 44997322 1 0 1627781151
WALL 44997322 1 0 1627781152
WALL 44997322 1 0 1627781153
WALL 44997322 1 0 1627781154
WALL 44997322 1 0 1627781155
WALL 44997322 1 0 1627781156
WALL 44997322 1 0 1627781157
WALL 44997322 1 0 1627781158
WALL 44997322 1 0 1627781159
WALL 44997322 1 0 1627781160
WALL 44997322 1 0 1627781161
WALL 44997322 1 0 1627781162
WALL 44997322 1 0 1627781163
WALL 44997322 1 0 1627781164
WALL 44997322 1 0 1627781165
WALL 44997322 1 0 1627781166
WALL 44997322 1 0 1627781167
WALL 44997322 1 0 1627781168
WALL 44997322 1 0 1627781169
WALL 44997322 1 0 1627781170
WALL 44997322 1 0 1627781171
WALL 44997322 1 0 1627781172
WALL 44997322 1 0 1627781173
WALL 44997322 1 0 1627781174
WALL 44997322 1 0 1627781175
WALL 44997322 1 0 1627781176
WALL 44997322 1 0 1627781177
WALL 44997322 1 0 1627781178
WALL 44997322 1 0 1627781179
WALL 44997322 1 0 1627781180
WALL 44997322 1 0 1627781181
WALL 44997322 1 0 1627781182
WALL 44997322 1 0 1627781183
WALL 44997322 1 0 1627781184
WALL 44997322 1 0 1627781185
WALL 44997322 1 0 1627781186
WALL 44997322 1 0 1627781187
WALL 44997322 1 0 1627781188
WALL 44997322 1 0 1627781189
WALL 44997322 1 0 1627781190
WALL 44997322 1 0 1627781191
WALL 44997322 1 0 1627781192
WALL 44997322 1 0 1627781193
WALL 44997322 1 0 1627781194
WALL 44997322 1 0 1627781195
WALL 44997322 1 0 1627781196
WALL 44997322 1 0 1627781197
WALL 44997322 1 0 1627781198
WALL 44997322 1 0 1627781199
WALL 44997322 1 0 1627781200
WALL 44997322 1 0 1627781201
WALL 44997322 1 0 1627781202
WALL 44997322 1 0 1627781203
WALL 44997322 1 0 1627781204
WALL 44997322 1 0 1627781205
WALL 44997322 1 0 1627781206
WALL 44997322 1 0 1627781207
WALL 44997322 1 0 1627781208
WALL 44997322 1 0 1627781209
WALL 44997322 1 0 1627781210
WALL 44997322 1 0 1627781211
WALL 44997322 1 0 1627781212
WALL 44997322 1 0 1627781213
WALL 44997322 1 0 1627781214
WALL 44997322 1 0 1627781215
WALL 44997322 1 0 1627781216
WALL 44997322 1 0 1627781217
WALL 44997322 1 0 1627781218
WALL 44997322 1 0 1627781219
WALL 44997322 1 0 1627781220
WALL 44997322 1 0 1627781221
WALL 44997322 1 0 1627781222
WALL 44997322 1 0 1627781223
WALL 44997322 1 0 1627781224
WALL 44997322 1 0 1627781225
WALL 44997322 1 0 1627781226
WALL 44997322 1 0 1627781227
WALL 44997322 1 0 1627781228
WALL 44997322 1 0 1627781229
WALL 44997322 1 0 1627781230
WALL 44997322 1 0 1627781231
WALL 44997322 1 0 1627781232
WALL 44997322 1 0 1627781233
WALL 44997322 1 0 1627781234
WALL 44997322 1 0 1627781235
WALL 44997322 1 0 1627781236
WALL 44997322 1 0 1627781237
WALL 44997322 1 0 1627781238
WALL 44997322 1 0 1627781239
WALL 44997322 1 0 1627781240
WALL 44997322 1 0 1627781241
WALL 44997322 1 0 1627781242
WALL 44997322 1 0 1627781243
WALL 44997322 1 0 1627781244
WALL 44997322 1 0 1627781245
WALL 44997322 1 0 1627781246
WALL 44997322 1 0 1627781247
WALL 44997322 1 0 1627781248
WALL 44997322 1 0 1627781249
WALL 44997322 1 0 1627781250
WALL 44997322 1 0 1627781251
WALL 44997322 1 0 1627781252
WALL 44997322 1 0 1627781253
WALL 44997322 1 0 1627781254
WALL 44997322 1 0 1627781255
WALL 44997322 1 0 1627781256
WALL 44997322 1 0 1627781257
WALL 44997322 1 0 1627781258
WALL 44997322 1 0 1627781259
WALL 44997322 1 0 1627781260
WALL 44997322 1 0 1627781261
WALL 44997322 1 0 1627781262
WALL 44997322 1 0 1627781263
WALL 44997322 1 0 1627781264
WALL 44997322 1 0 1627781265
WALL 44997322 1 0 1627781266
WALL 44997322 1 0 1627781267
WALL 44997322 1 0 1627781268
WALL 44997322 1 0 1627781269
WALL 44997322 1 0 1627781270
WALL 44997322 1 0 1627781271
WALL 44997322 1 0 1627781272
WALL 44997322 1 0 1627781273
WALL 44997322 1 0 1627781274
WALL 44997322 1 0 1627781275
WALL 44997322 1 0 1627781276
WALL 44997322 1 0 1627781277
WALL 44997322 1 0 1627781278
WALL 44997322 1 0 1627781279
WALL 44997322 1 0 1627781280
WALL 44997322 1 0 1627781281
WALL 44997322 1 0 1627781282
WALL 44997322 1 0 1627781283
WALL 44997322 1 0 1627781284
WALL 44997322 1 0 1627781285
WALL 44997322 1 0 1627781286
WALL 44997322 1 0 1627781287
WALL 44997322 1 0 1627781288
WALL 44997322 1 0 1627781289
WALL 44997322 1 0 1627781290
WALL 44997322 1 0 1627781291
WALL 44997322 1 0 1627781292
WALL 44997322 1 0 1627781293
WALL 44997322 1 0 1627781294
WALL 44997322 1 0 1627781295
WALL 44997322 1 0 1627781296
WALL 44997322 1 0 1627781297
WALL 44997322 1 0 1627781298
WALL 44997322 1 0 1627781299
WALL 44997322 1 0 1627781300
WALL 44997322 1 0 1627781301
WALL 44997322 1 0 1627781302
WALL 44997322 1 0 1627781303
WALL 44997322 1 0 1627781304
WALL 44997322 1 0 1627781305
WALL 44997322 1 0 1627781306
WALL 44997322 1 0 1627781307
WALL 44997322 1 0 1627781308
WALL 44997322 1 0 1627781309
WALL 44997322 1 0 1627781310
WALL 44997322 1 0 1627781311
WALL 44997322 1 0 1627781312
WALL 44997322 1 0 1627781313
WALL 44997322 1 0 1627781314
WALL 44997322 1 0 1627781315
WALL 44997322 1 0 1627781316
WALL 44997322 1 0 1627781317
WALL 44997322 1 0 1627781318
WALL 44997322 1 0 1627781319
WALL 44997322 1 0 1627781320
WALL 44997322 1 0 1627781321
WALL 44997322 1 0 1627781322
WALL 44997322 1 0 1627781323
WALL 44997322 1 0 1627781324
WALL 44997322 1 0 1627781325
WALL 44997322 1 0 1627781327
WALL 44997322 1 0 1627781328
WALL 44997322 1 0 1627781329
WALL 44997322 1 0 1627781330
WALL 44997322 1 0 1627781331
WALL 44997322 1 0 1627781332
WALL 44997322 1 0 1627781333
WALL 44997322 1 0 1627781334
WALL 44997322 1 0 1627781335
WALL 44997322 1 0 1627781336
WALL 44997322 1 0 1627781337
WALL 44997322 1 0 1627781338
WALL 44997322 1 0 1627781339
WALL 44997322 1 0 1627781340
WALL 44997322 1 0 1627781341
WALL 44997322 1 0 1627781342
WALL 44997322 1 0 1627781343
WALL 44997322 1 0 1627781344
WALL 44997322 1 0 1627781345
WALL 44997322 1 0 1627781346
WALL 44997322 1 0 1627781347
WALL 44997322 1 0 1627781348
WALL 44997322 1 0 1627781349
WALL 44997322 1 0 1627781350
WALL 44997322 1 0 1627781351
WALL 44997322 1 0 1627781352
WALL 44997322 1 0 1627781353
WALL 44997322 1 0 1627781354
WALL 44997322 1 0 1627781355
WALL 44997322 1 0 1627781356
WALL 44997322 1 0 1627781357
WALL 44997322 1 0 1627781358
WALL 44997322 1 0 1627781359
WALL 44997322 1 0 1627781360
WALL 44997322 1 0 1627781361
WALL 44997322 1 0 1627781362
WALL 44997322 1 0 1627781363
WALL 44997322 1 0 1627781364
WALL 44997322 1 0 1627781365
WALL 44997322 1 0 1627781366
WALL 44997322 1 0 1627781367
WALL 44997322 1 0 1627781368
WALL 44997322 1 0 1627781369
WALL 44997322 1 0 1627781370
WALL 44997322 1 0 1627781371
WALL 44997322 1 0 1627781372
WALL 44997322 1 0 1627781373
WALL 44997322 1 0 1627781374
WALL 44997322 1 0 1627781375
WALL 44997322 1 0 1627781376
WALL 44997322 1 0 1627781377
WALL 44997322 1 0 1627781378
WALL 44997322 1 0 1627781379
WALL 44997322 1 0 1627781380
WALL 44997322 1 0 1627781381
WALL 44997322 1 0 1627781382
WALL 44997322 1 0 1627781383
WALL 44997322 1 0 1627781384
WALL 44997322 1 0 1627781385
WALL 44997322 1 0 1627781386
WALL 44997322 1 0 1627781387
WALL 44997322 1 0 1627781388
WALL 44997322 1 0 1627781389
WALL 44997322 1 0 1627781390
WALL 44997322 1 0 1627781391
WALL 44997322 1 0 1627781392
WALL 44997322 1 0 1627781393
WALL 44997322 1 0 1627781394
WALL 44997322 1 0 1627781395
WALL 44997322 1 0 1627781396
WALL 44997322 1 0 1627781397
WALL 44997322 1 0 1627781398
WALL 44997322 1 0 1627781399
WALL 44997322 1 0 1627781400
WALL 44997322 1 0 1627781401
WALL 44997322 1 0 1627781402
WALL 44997322 1 0 1627781403
WALL 44997322 1 0 1627781404
WALL 44997322 1 0 1627781405
WALL 44997322 1 0 1627781406
WALL 44997322 1 0 1627781407
WALL 44997322 1 0 1627781408
WALL 44997322 1 0 1627781409
WALL 44997322 1 0 1627781410
WALL 44997322 1 0 1627781411
WALL 44997322 1 0 1627781412
WALL 44997322 1 0 1627781413
WALL 44997322 1 0 1627781414
WALL 44997322 1 0 1627781415
WALL 44997322 1 0 1627781416
WALL 44997322 1 0 1627781417
WALL 44997322 1 0 1627781418
WALL 44997322 1 0 1627781419
WALL 44997322 1 0 1627781420
WALL 44997322 1 0 1627781421
WALL 44997322 1 0 1627781422
WALL 44997322 1 0 1627781423
WALL 44997322 1 0 1627781424
WALL 44997322 1 0 1627781425
WALL 44997322 1 0 1627781426
WALL 44997322 1 0 1627781427
WALL 44997322 1 0 1627781428
WALL 44997322 1 0 1627781429
WALL 44997322 1 0 1627781430
WALL 44997322 1 0 1627781431
WALL 44997322 1 0 1627781432
WALL 44997322 1 0 1627781433
WALL 44997322 1 0 1627781434
WALL 44997322 1 0 1627781435
WALL 44997322 1 0 1627781436
WALL 44997322 1 0 1627781437
WALL 44997322 1 0 1627781438
WALL 44997322 1 0 1627781439
WALL 44997322 1 0 1627781440
WALL 44997322 1 0 1627781441
WALL 44997322 1 0 1627781442
WALL 44997322 1 0 1627781443
WALL 44997322 1 0 1627781444
WALL 44997322 1 0 1627781445
WALL 44997322 1 0 1627781446
WALL 44997322 1 0 1627781447
WALL 44997322 1 0 1627781448
WALL 44997322 1 0 1627781449
WALL 44997322 1 0 1627781450
WALL 44997322 1 0 1627781451
WALL 44997322 1 0 1627781452
WALL 44997322 1 0 1627781453
WALL 44997322 1 0 1627781454
WALL 44997322 1 0 1627781455
WALL 44997322 1 0 1627781456
WALL 44997322 1 0 1627781457
WALL 44997322 1 0 1627781458
WALL 44997322 1 0 1627781459
WALL 44997322 1 0 1627781460
WALL 44997322 1 0 1627781461
WALL 44997322 1 0 1627781462
WALL 44997322 1 0 1627781463
WALL 44997322 1 0 1627781464
WALL 44997322 1 0 1627781465
WALL 44997322 1 0 1627781466
WALL 44997322 1 0 1627781467
WALL 44997322 1 0 1627781468
WALL 44997322 1 0 1627781469
WALL 44997322 1 0 1627781470
WALL 44997322 1 0 1627781471
WALL 44997322 1 0 1627781472
WALL 44997322 1 0 1627781473
WALL 44997322 1 0 1627781474
WALL 44997322 1 0 1627781475
WALL 44997322 1 0 1627781476
WALL 44997322 1 0 1627781477
WALL 44997322 1 0 1627781478
WALL 44997322 1 0 1627781479
WALL 44997322 1 0 1627781480
WALL 44997322 1 0 1627781481
WALL 44997322 1 0 1627781482
WALL 44997322 1 0 1627781483
WALL 44997322 1 0 1627781484
WALL 44997322 1 0 1627781485
WALL 44997322 1 0 1627781486
WALL 44997322 1 0 1627781487
WALL 44997322 1 0 1627781488
WALL 44997322 1 0 1627781489
WALL 44997322 1 0 1627781490
WALL 44997322 1 0 1627781491
WALL 44997322 1 0 1627781492
WALL 44997322 1 0 1627781493
WALL 44997322 1 0 1627781494
WALL 44997322 1 0 1627781495
WALL 44997322 1 0 1627781496
WALL 44997322 1 0 1627781497
WALL 44997322 1 0 1627781498
WALL 44997322 1 0 1627781499
WALL 44997322 1 0 1627781500
WALL 44997322 1 0 1627781501
WALL 44997322 1 0 1627781502
WALL 44997322 1 0 1627781503
WALL 44997322 1 0 1627781504
WALL 44997322 1 0 1627781505
WALL 44997322 1 0 1627781506
WALL 44997322 1 0 1627781507
WALL 44997322 1 0 1627781508
WALL 44997322 1 0 1627781509
WALL 44997322 1 0 1627781510
WALL 44997322 1 0 1627781511
WALL 44997322 1 0 1627781512
WALL 44997322 1 0 1627781513
WALL 44997322 1 0 1627781514
WALL 44997322 1 0 1627781515
WALL 44997322 1 0 1627781516
WALL 44997322 1 0 1627781517
WALL 44997322 1 0 1627781518
WALL 44997322 1 0 1627781519
WALL 44997322 1 0 1627781520
WALL 44997322 1 0 1627781521
WALL 44997322 1 0 1627781522
WALL 44997322 1 0 1627781523
WALL 44997322 1 0 1627781524
WALL 44997322 1 0 1627781525
WALL 44997322 1 0 1627781526
WALL 44997322 1 0 1627781527
WALL 44997322 1 0 1627781528
WALL 44997322 1 0 1627781529
WALL 44997322 1 0 1627781530
WALL 44997322 1 0 1627781531
WALL 44997322 1 0 1627781532
WALL 44997322 1 0 1627781533
WALL 44997322 1 0 1627781534
WALL 44997322 1 0 1627781535
WALL 44997322 1 0 1627781536
WALL 44997322 1 0 1627781537
WALL 44997322 1 0 1627781538
WALL 44997322 1 0 1627781539
WALL 44997322 1 0 1627781540
WALL 44997322 1 0 1627781541
WALL 44997322 1 0 1627781542
WALL 44997322 1 0 1627781543
WALL 44997322 1 0 1627781544
WALL 44997322 1 0 1627781545
WALL 44997322 1 0 1627781546
WALL 44997322 1 0 1627781547
WALL 44997322 1 0 1627781548
WALL 44997322 1 0 1627781549
WALL 44997322 1 0 1627781550
WALL 44997322 1 0 1627781551
WALL 44997322 1 0 1627781552
WALL 44997322 1 0 1627781553
WALL 44997322 1 0 1627781554
WALL 44997322 1 0 1627781555
WALL 44997322 1 0 1627781556
WALL 44997322 1 0 1627781557
WALL 44997322 1 0 1627781558
WALL 44997322 1 0 1627781559
WALL 44997322 1 0 1627781560
WALL 44997322 1 0 1627781561
WALL 44997322 1 0 1627781562
WALL 44997322 1 0 1627781563
WALL 44997322 1 0 1627781564
WALL 44997322 1 0 1627781565
WALL 44997322 1 0 1627781566
WALL 44997322 1 0 1627781567
WALL 44997322 1 0 1627781568
WALL 44997322 1 0 1627781569
WALL 44997322 1 0 1627781570
WALL 44997322 1 0 1627781571
WALL 44997322 1 0 1627781572
WALL 44997322 1 0 1627781573
WALL 44997322 1 0 1627781574
WALL 44997322 1 0 1627781575
WALL 44997322 1 0 1627781576
WALL 44997322 1 0 1627781577
WALL 44997322 1 0 1627781578
WALL 44997322 1 0 1627781579
WALL 44997322 1 0 1627781580
WALL 44997322 1 0 1627781581
WALL 44997322 1 0 1627781582
WALL 44997322 1 0 1627781583
WALL 44997322 1 0 1627781584
WALL 44997322 1 0 1627781585
WALL 44997322 1 0 1627781586
WALL 44997322 1 0 1627781587
WALL 44997322 1 0 1627781588
WALL 44997322 1 0 1627781589
WALL 44997322 1 0 1627781590
WALL 44997322 1 0 1627781591
WALL 44997322 1 0 1627781592
WALL 44997322 1 0 1627781593
WALL 44997322 1 0 1627781594
WALL 44997322 1 0 1627781595
WALL 44997322 1 0 1627781596
WALL 44997322 1 0 1627781597
WALL 44997322 1 0 1627781598
WALL 44997322 1 0 1627781599
WALL 44997322 1 0 1627781600
WALL 44997322 1 0 1627781601
WALL 44997322 1 0 1627781602
WALL 44997322 1 0 1627781603
WALL 44997322 1 0 1627781604
WALL 44997322 1 0 1627781605
WALL 44997322 1 0 1627781606
WALL 44997322 1 0 1627781607
WALL 44997322 1 0 1627781608
WALL 44997322 1 0 1627781609
WALL 44997322 1 0 1627781610
WALL 44997322 1 0 1627781611
WALL 44997322 1 0 1627781612
WALL 44997322 1 0 1627781613
WALL 44997322 1 0 1627781614
WALL 44997322 1 0 1627781615
WALL 44997322 1 0 1627781616
WALL 44997322 1 0 1627781617
WALL 44997322 1 0 1627781618
WALL 44997322 1 0 1627781619
WALL 44997322 1 0 1627781620
WALL 44997322 1 0 1627781621
WALL 44997322 1 0 1627781622
WALL 44997322 1 0 1627781623
WALL 44997322 1 0 1627781624
WALL 44997322 1 0 1627781625
WALL 44997322 1 0 1627781626
WALL 44997322 1 0 1627781627
WALL 44997322 1 0 1627781628
WALL 44997322 1 0 1627781629
WALL 44997322 1 0 1627781630
WALL 44997322 1 0 1627781631
WALL 44997322 1 0 1627781632
WALL 44997322 1 0 1627781633
WALL 44997322 1 0 1627781634
WALL 44997322 1 0 1627781635
WALL 44997322 1 0 1627781636
WALL 44997322 1 0 1627781637
WALL 44997322 1 0 1627781638
WALL 44997322 1 0 1627781639
WALL 44997322 1 0 1627781640
WALL 44997322 1 0 1627781641
WALL 44997322 1 0 1627781642
WALL 44997322 1 0 1627781643
WALL 44997322 1 0 1627781644
WALL 44997322 1 0 1627781645
WALL 44997322 1 0 1627781646
WALL 44997322 1 0 1627781647
WALL 44997322 1 0 1627781648
WALL 44997322 1 0 1627781649
WALL 44997322 1 0 1627781650
WALL 44997322 1 0 1627781651
WALL 44997322 1 0 1627781652
WALL 44997322 1 0 1627781653
WALL 44997322 1 0 1627781654
WALL 44997322 1 0 1627781655
WALL 44997322 1 0 1627781656
WALL 44997322 1 0 1627781657
WALL 44997322 1 0 1627781658
WALL 44997322 1 0 1627781659
WALL 44997322 1 0 1627781660
WALL 44997322 1 0 1627781661
WALL 44997322 1 0 1627781662
WALL 44997322 1 0 1627781663
WALL 44997322 1 0 1627781664
WALL 44997322 1 0 1627781665
WALL 44997322 1 0 1627781666
WALL 44997322 1 0 1627781667
WALL 44997322 1 0 1627781668
WALL 44997322 1 0 1627781669
WALL 44997322 1 0 1627781670
WALL 44997322 1 0 1627781671
WALL 44997322 1 0 1627781672
WALL 44997322 1 0 1627781673
WALL 44997322 1 0 1627781674
WALL 44997322 1 0 1627781675
WALL 44997322 1 0 1627781676
WALL 44997322 1 0 1627781677
WALL 44997322 1 0 1627781678
WALL 44997322 1 0 1627781679
WALL 44997322 1 0 1627781680
WALL 44997322 1 0 1627781681
WALL 44997322 1 0 1627781682
WALL 44997322 1 0 1627781683
WALL 44997322 1 0 1627781684
WALL 44997322 1 0 1627781685
WALL 44997322 1 0 1627781686
WALL 44997322 1 0 1627781687
WALL 44997322 1 0 1627781688
WALL 44997322 1 0 1627781689
WALL 44997322 1 0 1627781690
WALL 44997322 1 0 1627781691
WALL 44997322 1 0 1627781692
WALL 44997322 1 0 1627781693
WALL 44997322 1 0 1627781694
WALL 44997322 1 0 1627781695
WALL 44997322 1 0 1627781696
WALL 44997322 1 0 1627781697
WALL 44997322 1 0 1627781698
WALL 44997322 1 0 1627781699
WALL 44997322 1 0 1627781700
WALL 44997322 1 0 1627781701
WALL 44997322 1 0 1627781702
WALL 44997322 1 0 1627781703
WALL 44997322 1 0 1627781704
WALL 44997322 1 0 1627781705
WALL 44997322 1 0 1627781706
WALL 44997322 1 0 1627781707
WALL 44997322 1 0 1627781708
WALL 44997322 1 0 1627781709
WALL 44997322 1 0 1627781710
WALL 44997322 1 0 1627781711
WALL 44997322 1 0 1627781712
WALL 44997322 1 0 1627781713
WALL 44997322 1 0 1627781714
WALL 44997322 1 0 1627781715
WALL 44997322 1 0 1627781716
WALL 44997322 1 0 1627781717
WALL 44997322 1 0 1627781718
WALL 44997322 1 0 1627781719
WALL 44997322 1 0 1627781720
WALL 44997322 1 0 1627781721
WALL 44997322 1 0 1627781722
WALL 44997322 1 0 1627781723
WALL 44997322 1 0 1627781724
WALL 44997322 1 0 1627781725
WALL 44997322 1 0 1627781726
WALL 44997322 1 0 1627781727
WALL 44997322 1 0 1627781728
WALL 44997322 1 0 1627781729
WALL 44997322 1 0 1627781730
WALL 44997322 1 0 1627781731
WALL 44997322 1 0 1627781732
WALL 44997322 1 0 1627781733
WALL 44997322 1 0 1627781734
WALL 44997322 1 0 1627781735
WALL 44997322 1 0 1627781736
WALL 44997322 1 0 1627781737
WALL 44997322 1 0 1627781738
WALL 44997322 1 0 1627781739
WALL 44997322 1 0 1627781740
WALL 44997322 1 0 1627781741
WALL 44997322 1 0 1627781742
WALL 44997322 1 0 1627781743
WALL 44997322 1 0 1627781744
WALL 44997322 1 0 1627781745
WALL 44997322 1 0 1627781746
WALL 44997322 1 0 1627781747
WALL 44997322 1 0 1627781748
WALL 44997322 1 0 1627781749
WALL 44997322 1 0 1627781750
WALL 44997322 1 0 1627781751
WALL 44997322 1 0 1627781752
WALL 44997322 1 0 1627781753
WALL 44997322 1 0 1627781754
WALL 44997322 1 0 1627781755
WALL 44997322 1 0 1627781756
WALL 44997322 1 0 1627781757
WALL 44997322 1 0 1627781758
WALL 44997322 1 0 1627781759
WALL 44997322 1 0 1627781760
WALL 44997322 1 0 1627781761
WALL 44997322 1 0 1627781762
WALL 44997322 1 0 1627781763
WALL 44997322 1 0 1627781764
WALL 44997322 1 0 1627781765
WALL 44997322 1 0 1627781766
WALL 44997322 1 0 1627781767
WALL 44997322 1 0 1627781768
WALL 44997322 1 0 1627781769
WALL 44997322 1 0 1627781770
WALL 44997322 1 0 1627781771
WALL 44997322 1 0 1627781772
WALL 44997322 1 0 1627781773
WALL 44997322 1 0 1627781774
WALL 44997322 1 0 1627781775
WALL 44997322 1 0 1627781776
WALL 44997322 1 0 1627781777
WALL 44997322 1 0 1627781778
WALL 44997322 1 0 1627781779
WALL 44997322 1 0 1627781780
WALL 44997322 1 0 1627781781
WALL 44997322 1 0 1627781782
WALL 44997322 1 0 1627781783
WALL 44997322 1 0 1627781784
WALL 44997322 1 0 1627781785
WALL 44997322 1 0 1627781786
WALL 44997322 1 0 1627781787
WALL 44997322 1 0 1627781788
WALL 44997322 1 0 1627781789
WALL 44997322 1 0 1627781790
WALL 44997322 1 0 1627781791
WALL 44997322 1 0 1627781792
WALL 44997322 1 0 1627781793
WALL 44997322 1 0 1627781794
WALL 44997322 1 0 1627781795
WALL 44997322 1 0 1627781796
WALL 44997322 1 0 1627781797
WALL 44997322 1 0 1627781798
WALL 44997322 1 0 1627781799
WALL 44997322 1 0 1627781800
WALL 44997322 1 0 1627781801
WALL 44997322 1 0 1627781802
WALL 44997322 1 0 1627781803
WALL 44997322 1 0 1627781804
WALL 44997322 1 0 1627781805
WALL 44997322 1 0 1627781806
WALL 44997322 1 0 1627781807
WALL 44997322 1 0 1627781808
WALL 44997322 1 0 1627781809
WALL 44997322 1 0 1627781810
WALL 44997322 1 0 1627781811
WALL 44997322 1 0 1627781812
WALL 44997322 1 0 1627781813
received SIGCONT 1627781813
WALL 44997322 1 0 1627781813
slurmstepd: error: *** STEP 44997322.0 ON nid00845 CANCELLED AT 2021-07-31T18:36:53 ***
received SIGTERM 1627781813
WALL 44997322 1 0 1627781813
WALL 44997322 1 0 1627781814
WALL 44997322 1 0 1627781815
WALL 44997322 1 0 1627781816
WALL 44997322 1 0 1627781817
WALL 44997322 1 0 1627781818
WALL 44997322 1 0 1627781819
WALL 44997322 1 0 1627781820
WALL 44997322 1 0 1627781821
WALL 44997322 1 0 1627781822
WALL 44997322 1 0 1627781823
WALL 44997322 1 0 1627781824
WALL 44997322 1 0 1627781825
WALL 44997322 1 0 1627781826
WALL 44997322 1 0 1627781827
WALL 44997322 1 0 1627781828
WALL 44997322 1 0 1627781829
WALL 44997322 1 0 1627781830
WALL 44997322 1 0 1627781831
WALL 44997322 1 0 1627781832
WALL 44997322 1 0 1627781833
WALL 44997322 1 0 1627781834
WALL 44997322 1 0 1627781835
WALL 44997322 1 0 1627781836
WALL 44997322 1 0 1627781837
WALL 44997322 1 0 1627781838
WALL 44997322 1 0 1627781839
WALL 44997322 1 0 1627781840
WALL 44997322 1 0 1627781841
WALL 44997322 1 0 1627781842
WALL 44997322 1 0 1627781843
WALL 44997322 1 0 1627781844
WALL 44997322 1 0 1627781845
WALL 44997322 1 0 1627781846
WALL 44997322 1 0 1627781847
WALL 44997322 1 0 1627781848
WALL 44997322 1 0 1627781849
WALL 44997322 1 0 1627781850
WALL 44997322 1 0 1627781851
WALL 44997322 1 0 1627781852
WALL 44997322 1 0 1627781853
WALL 44997322 1 0 1627781854
WALL 44997322 1 0 1627781855
WALL 44997322 1 0 1627781856
WALL 44997322 1 0 1627781857
WALL 44997322 1 0 1627781858
WALL 44997322 1 0 1627781859
WALL 44997322 1 0 1627781860
WALL 44997322 1 0 1627781861
WALL 44997322 1 0 1627781862
WALL 44997322 1 0 1627781863
WALL 44997322 1 0 1627781864
WALL 44997322 1 0 1627781865
WALL 44997322 1 0 1627781866
WALL 44997322 1 0 1627781867
WALL 44997322 1 0 1627781868
WALL 44997322 1 0 1627781869
WALL 44997322 1 0 1627781870
WALL 44997322 1 0 1627781871
WALL 44997322 1 0 1627781872
WALL 44997322 1 0 1627781873
WALL 44997322 1 0 1627781874
WALL 44997322 1 0 1627781875
WALL 44997322 1 0 1627781876
WALL 44997322 1 0 1627781877
WALL 44997322 1 0 1627781878
WALL 44997322 1 0 1627781879
WALL 44997322 1 0 1627781880
WALL 44997322 1 0 1627781881
WALL 44997322 1 0 1627781882
WALL 44997322 1 0 1627781883
received SIGTERM 1627781884
WALL 44997322 1 0 1627781884
received SIGCONT 1627781884
WALL 44997322 1 0 1627781884
received SIGTERM 1627781884
srun: got SIGCONT
WALL 44997322 1 0 1627781884
srun: Job step aborted: Waiting up to 32 seconds for job step to finish.
srun: forcing job termination
