WALL 44992982 1 0 1627766930
WALL 44992982 1 0 1627766931
WALL 44992982 1 0 1627766932
WALL 44992982 1 0 1627766933
WALL 44992982 1 0 1627766934
WALL 44992982 1 0 1627766935
WALL 44992982 1 0 1627766936
WALL 44992982 1 0 1627766937
WALL 44992982 1 0 1627766938
WALL 44992982 1 0 1627766939
WALL 44992982 1 0 1627766940
WALL 44992982 1 0 1627766941
WALL 44992982 1 0 1627766942
WALL 44992982 1 0 1627766943
WALL 44992982 1 0 1627766944
WALL 44992982 1 0 1627766945
WALL 44992982 1 0 1627766946
WALL 44992982 1 0 1627766947
WALL 44992982 1 0 1627766948
WALL 44992982 1 0 1627766949
WALL 44992982 1 0 1627766950
WALL 44992982 1 0 1627766951
WALL 44992982 1 0 1627766952
WALL 44992982 1 0 1627766953
WALL 44992982 1 0 1627766954
WALL 44992982 1 0 1627766955
WALL 44992982 1 0 1627766956
WALL 44992982 1 0 1627766957
WALL 44992982 1 0 1627766958
WALL 44992982 1 0 1627766959
WALL 44992982 1 0 1627766960
WALL 44992982 1 0 1627766961
WALL 44992982 1 0 1627766962
WALL 44992982 1 0 1627766963
WALL 44992982 1 0 1627766964
WALL 44992982 1 0 1627766965
WALL 44992982 1 0 1627766966
WALL 44992982 1 0 1627766967
WALL 44992982 1 0 1627766968
WALL 44992982 1 0 1627766969
WALL 44992982 1 0 1627766970
WALL 44992982 1 0 1627766971
WALL 44992982 1 0 1627766972
WALL 44992982 1 0 1627766973
WALL 44992982 1 0 1627766974
WALL 44992982 1 0 1627766975
WALL 44992982 1 0 1627766976
WALL 44992982 1 0 1627766977
WALL 44992982 1 0 1627766978
WALL 44992982 1 0 1627766979
WALL 44992982 1 0 1627766980
WALL 44992982 1 0 1627766981
WALL 44992982 1 0 1627766982
WALL 44992982 1 0 1627766983
WALL 44992982 1 0 1627766984
WALL 44992982 1 0 1627766985
WALL 44992982 1 0 1627766986
WALL 44992982 1 0 1627766987
WALL 44992982 1 0 1627766988
WALL 44992982 1 0 1627766989
WALL 44992982 1 0 1627766990
WALL 44992982 1 0 1627766991
WALL 44992982 1 0 1627766992
WALL 44992982 1 0 1627766993
WALL 44992982 1 0 1627766994
WALL 44992982 1 0 1627766995
WALL 44992982 1 0 1627766996
WALL 44992982 1 0 1627766997
WALL 44992982 1 0 1627766998
WALL 44992982 1 0 1627766999
WALL 44992982 1 0 1627767000
WALL 44992982 1 0 1627767001
WALL 44992982 1 0 1627767002
WALL 44992982 1 0 1627767003
WALL 44992982 1 0 1627767004
WALL 44992982 1 0 1627767005
WALL 44992982 1 0 1627767006
WALL 44992982 1 0 1627767007
WALL 44992982 1 0 1627767008
WALL 44992982 1 0 1627767009
WALL 44992982 1 0 1627767010
WALL 44992982 1 0 1627767011
WALL 44992982 1 0 1627767012
WALL 44992982 1 0 1627767013
WALL 44992982 1 0 1627767014
WALL 44992982 1 0 1627767015
WALL 44992982 1 0 1627767016
WALL 44992982 1 0 1627767017
WALL 44992982 1 0 1627767018
WALL 44992982 1 0 1627767019
WALL 44992982 1 0 1627767020
WALL 44992982 1 0 1627767021
WALL 44992982 1 0 1627767022
WALL 44992982 1 0 1627767023
WALL 44992982 1 0 1627767024
WALL 44992982 1 0 1627767025
WALL 44992982 1 0 1627767026
WALL 44992982 1 0 1627767027
WALL 44992982 1 0 1627767028
WALL 44992982 1 0 1627767029
WALL 44992982 1 0 1627767030
WALL 44992982 1 0 1627767031
WALL 44992982 1 0 1627767032
WALL 44992982 1 0 1627767033
WALL 44992982 1 0 1627767034
WALL 44992982 1 0 1627767035
WALL 44992982 1 0 1627767036
WALL 44992982 1 0 1627767037
WALL 44992982 1 0 1627767038
WALL 44992982 1 0 1627767039
WALL 44992982 1 0 1627767040
WALL 44992982 1 0 1627767041
WALL 44992982 1 0 1627767042
WALL 44992982 1 0 1627767043
WALL 44992982 1 0 1627767044
WALL 44992982 1 0 1627767045
WALL 44992982 1 0 1627767046
WALL 44992982 1 0 1627767047
WALL 44992982 1 0 1627767048
WALL 44992982 1 0 1627767049
WALL 44992982 1 0 1627767050
WALL 44992982 1 0 1627767051
WALL 44992982 1 0 1627767052
WALL 44992982 1 0 1627767053
WALL 44992982 1 0 1627767054
WALL 44992982 1 0 1627767055
WALL 44992982 1 0 1627767056
WALL 44992982 1 0 1627767057
WALL 44992982 1 0 1627767058
WALL 44992982 1 0 1627767059
WALL 44992982 1 0 1627767060
WALL 44992982 1 0 1627767061
WALL 44992982 1 0 1627767062
WALL 44992982 1 0 1627767063
WALL 44992982 1 0 1627767064
WALL 44992982 1 0 1627767065
WALL 44992982 1 0 1627767066
WALL 44992982 1 0 1627767067
WALL 44992982 1 0 1627767068
WALL 44992982 1 0 1627767069
WALL 44992982 1 0 1627767070
WALL 44992982 1 0 1627767071
WALL 44992982 1 0 1627767072
WALL 44992982 1 0 1627767073
WALL 44992982 1 0 1627767074
WALL 44992982 1 0 1627767075
WALL 44992982 1 0 1627767076
WALL 44992982 1 0 1627767077
WALL 44992982 1 0 1627767078
WALL 44992982 1 0 1627767079
WALL 44992982 1 0 1627767080
WALL 44992982 1 0 1627767081
WALL 44992982 1 0 1627767082
WALL 44992982 1 0 1627767083
WALL 44992982 1 0 1627767084
WALL 44992982 1 0 1627767085
WALL 44992982 1 0 1627767086
WALL 44992982 1 0 1627767087
WALL 44992982 1 0 1627767088
WALL 44992982 1 0 1627767089
WALL 44992982 1 0 1627767090
WALL 44992982 1 0 1627767091
WALL 44992982 1 0 1627767092
WALL 44992982 1 0 1627767093
WALL 44992982 1 0 1627767094
WALL 44992982 1 0 1627767095
WALL 44992982 1 0 1627767096
WALL 44992982 1 0 1627767097
WALL 44992982 1 0 1627767098
WALL 44992982 1 0 1627767099
WALL 44992982 1 0 1627767100
WALL 44992982 1 0 1627767101
WALL 44992982 1 0 1627767102
WALL 44992982 1 0 1627767103
WALL 44992982 1 0 1627767104
WALL 44992982 1 0 1627767105
WALL 44992982 1 0 1627767106
WALL 44992982 1 0 1627767107
WALL 44992982 1 0 1627767108
WALL 44992982 1 0 1627767109
WALL 44992982 1 0 1627767110
WALL 44992982 1 0 1627767111
WALL 44992982 1 0 1627767112
WALL 44992982 1 0 1627767113
WALL 44992982 1 0 1627767114
WALL 44992982 1 0 1627767115
WALL 44992982 1 0 1627767116
WALL 44992982 1 0 1627767117
WALL 44992982 1 0 1627767118
WALL 44992982 1 0 1627767119
WALL 44992982 1 0 1627767120
WALL 44992982 1 0 1627767121
WALL 44992982 1 0 1627767122
WALL 44992982 1 0 1627767123
WALL 44992982 1 0 1627767124
WALL 44992982 1 0 1627767125
WALL 44992982 1 0 1627767126
WALL 44992982 1 0 1627767127
WALL 44992982 1 0 1627767128
WALL 44992982 1 0 1627767129
WALL 44992982 1 0 1627767130
WALL 44992982 1 0 1627767131
WALL 44992982 1 0 1627767132
WALL 44992982 1 0 1627767133
WALL 44992982 1 0 1627767134
WALL 44992982 1 0 1627767135
WALL 44992982 1 0 1627767136
WALL 44992982 1 0 1627767137
WALL 44992982 1 0 1627767138
WALL 44992982 1 0 1627767139
WALL 44992982 1 0 1627767140
WALL 44992982 1 0 1627767141
WALL 44992982 1 0 1627767142
WALL 44992982 1 0 1627767143
WALL 44992982 1 0 1627767144
WALL 44992982 1 0 1627767145
WALL 44992982 1 0 1627767146
WALL 44992982 1 0 1627767147
WALL 44992982 1 0 1627767148
WALL 44992982 1 0 1627767149
WALL 44992982 1 0 1627767150
WALL 44992982 1 0 1627767151
WALL 44992982 1 0 1627767152
WALL 44992982 1 0 1627767153
WALL 44992982 1 0 1627767154
WALL 44992982 1 0 1627767155
WALL 44992982 1 0 1627767156
WALL 44992982 1 0 1627767157
WALL 44992982 1 0 1627767158
WALL 44992982 1 0 1627767159
WALL 44992982 1 0 1627767160
WALL 44992982 1 0 1627767161
WALL 44992982 1 0 1627767162
WALL 44992982 1 0 1627767163
WALL 44992982 1 0 1627767164
WALL 44992982 1 0 1627767165
WALL 44992982 1 0 1627767166
WALL 44992982 1 0 1627767167
WALL 44992982 1 0 1627767168
WALL 44992982 1 0 1627767169
WALL 44992982 1 0 1627767170
WALL 44992982 1 0 1627767171
WALL 44992982 1 0 1627767172
WALL 44992982 1 0 1627767173
WALL 44992982 1 0 1627767174
WALL 44992982 1 0 1627767175
WALL 44992982 1 0 1627767176
WALL 44992982 1 0 1627767177
WALL 44992982 1 0 1627767178
WALL 44992982 1 0 1627767179
WALL 44992982 1 0 1627767180
WALL 44992982 1 0 1627767181
WALL 44992982 1 0 1627767182
WALL 44992982 1 0 1627767183
WALL 44992982 1 0 1627767184
WALL 44992982 1 0 1627767185
WALL 44992982 1 0 1627767186
WALL 44992982 1 0 1627767187
WALL 44992982 1 0 1627767188
WALL 44992982 1 0 1627767189
WALL 44992982 1 0 1627767190
WALL 44992982 1 0 1627767191
WALL 44992982 1 0 1627767192
WALL 44992982 1 0 1627767193
WALL 44992982 1 0 1627767194
WALL 44992982 1 0 1627767195
WALL 44992982 1 0 1627767196
WALL 44992982 1 0 1627767197
WALL 44992982 1 0 1627767198
WALL 44992982 1 0 1627767199
WALL 44992982 1 0 1627767200
WALL 44992982 1 0 1627767201
WALL 44992982 1 0 1627767202
WALL 44992982 1 0 1627767203
WALL 44992982 1 0 1627767204
WALL 44992982 1 0 1627767205
WALL 44992982 1 0 1627767206
WALL 44992982 1 0 1627767207
WALL 44992982 1 0 1627767208
WALL 44992982 1 0 1627767209
WALL 44992982 1 0 1627767210
WALL 44992982 1 0 1627767211
WALL 44992982 1 0 1627767212
WALL 44992982 1 0 1627767213
WALL 44992982 1 0 1627767214
WALL 44992982 1 0 1627767215
WALL 44992982 1 0 1627767216
WALL 44992982 1 0 1627767217
WALL 44992982 1 0 1627767218
WALL 44992982 1 0 1627767219
WALL 44992982 1 0 1627767220
WALL 44992982 1 0 1627767221
WALL 44992982 1 0 1627767222
WALL 44992982 1 0 1627767223
WALL 44992982 1 0 1627767224
WALL 44992982 1 0 1627767225
WALL 44992982 1 0 1627767226
WALL 44992982 1 0 1627767227
WALL 44992982 1 0 1627767228
WALL 44992982 1 0 1627767229
WALL 44992982 1 0 1627767230
WALL 44992982 1 0 1627767231
WALL 44992982 1 0 1627767232
WALL 44992982 1 0 1627767233
WALL 44992982 1 0 1627767234
WALL 44992982 1 0 1627767235
WALL 44992982 1 0 1627767236
WALL 44992982 1 0 1627767237
WALL 44992982 1 0 1627767238
WALL 44992982 1 0 1627767239
WALL 44992982 1 0 1627767240
WALL 44992982 1 0 1627767241
WALL 44992982 1 0 1627767242
WALL 44992982 1 0 1627767243
WALL 44992982 1 0 1627767244
WALL 44992982 1 0 1627767245
WALL 44992982 1 0 1627767246
WALL 44992982 1 0 1627767247
WALL 44992982 1 0 1627767248
WALL 44992982 1 0 1627767249
WALL 44992982 1 0 1627767250
WALL 44992982 1 0 1627767251
WALL 44992982 1 0 1627767252
WALL 44992982 1 0 1627767253
WALL 44992982 1 0 1627767254
WALL 44992982 1 0 1627767255
WALL 44992982 1 0 1627767256
WALL 44992982 1 0 1627767257
WALL 44992982 1 0 1627767258
WALL 44992982 1 0 1627767259
WALL 44992982 1 0 1627767260
WALL 44992982 1 0 1627767261
WALL 44992982 1 0 1627767262
WALL 44992982 1 0 1627767263
WALL 44992982 1 0 1627767264
WALL 44992982 1 0 1627767265
WALL 44992982 1 0 1627767266
WALL 44992982 1 0 1627767267
WALL 44992982 1 0 1627767268
WALL 44992982 1 0 1627767269
WALL 44992982 1 0 1627767270
WALL 44992982 1 0 1627767271
WALL 44992982 1 0 1627767272
WALL 44992982 1 0 1627767273
WALL 44992982 1 0 1627767274
WALL 44992982 1 0 1627767275
WALL 44992982 1 0 1627767276
WALL 44992982 1 0 1627767277
WALL 44992982 1 0 1627767278
WALL 44992982 1 0 1627767279
WALL 44992982 1 0 1627767280
WALL 44992982 1 0 1627767281
WALL 44992982 1 0 1627767282
WALL 44992982 1 0 1627767283
WALL 44992982 1 0 1627767284
WALL 44992982 1 0 1627767285
WALL 44992982 1 0 1627767286
WALL 44992982 1 0 1627767287
WALL 44992982 1 0 1627767288
WALL 44992982 1 0 1627767289
WALL 44992982 1 0 1627767290
WALL 44992982 1 0 1627767291
WALL 44992982 1 0 1627767292
WALL 44992982 1 0 1627767293
WALL 44992982 1 0 1627767294
WALL 44992982 1 0 1627767295
WALL 44992982 1 0 1627767296
WALL 44992982 1 0 1627767297
WALL 44992982 1 0 1627767298
WALL 44992982 1 0 1627767299
WALL 44992982 1 0 1627767300
WALL 44992982 1 0 1627767301
WALL 44992982 1 0 1627767302
WALL 44992982 1 0 1627767303
WALL 44992982 1 0 1627767304
WALL 44992982 1 0 1627767305
WALL 44992982 1 0 1627767306
WALL 44992982 1 0 1627767307
WALL 44992982 1 0 1627767308
WALL 44992982 1 0 1627767309
WALL 44992982 1 0 1627767310
WALL 44992982 1 0 1627767311
WALL 44992982 1 0 1627767312
WALL 44992982 1 0 1627767313
WALL 44992982 1 0 1627767314
WALL 44992982 1 0 1627767315
WALL 44992982 1 0 1627767316
WALL 44992982 1 0 1627767317
WALL 44992982 1 0 1627767318
WALL 44992982 1 0 1627767319
WALL 44992982 1 0 1627767320
WALL 44992982 1 0 1627767321
WALL 44992982 1 0 1627767322
WALL 44992982 1 0 1627767323
WALL 44992982 1 0 1627767324
WALL 44992982 1 0 1627767325
WALL 44992982 1 0 1627767326
WALL 44992982 1 0 1627767327
WALL 44992982 1 0 1627767328
WALL 44992982 1 0 1627767329
WALL 44992982 1 0 1627767330
WALL 44992982 1 0 1627767331
WALL 44992982 1 0 1627767332
WALL 44992982 1 0 1627767333
WALL 44992982 1 0 1627767334
WALL 44992982 1 0 1627767335
WALL 44992982 1 0 1627767336
WALL 44992982 1 0 1627767337
WALL 44992982 1 0 1627767338
WALL 44992982 1 0 1627767339
WALL 44992982 1 0 1627767340
WALL 44992982 1 0 1627767341
WALL 44992982 1 0 1627767342
WALL 44992982 1 0 1627767343
WALL 44992982 1 0 1627767344
WALL 44992982 1 0 1627767345
WALL 44992982 1 0 1627767346
WALL 44992982 1 0 1627767347
WALL 44992982 1 0 1627767348
WALL 44992982 1 0 1627767349
WALL 44992982 1 0 1627767350
WALL 44992982 1 0 1627767351
WALL 44992982 1 0 1627767352
WALL 44992982 1 0 1627767353
WALL 44992982 1 0 1627767354
WALL 44992982 1 0 1627767355
WALL 44992982 1 0 1627767356
WALL 44992982 1 0 1627767357
WALL 44992982 1 0 1627767358
WALL 44992982 1 0 1627767359
WALL 44992982 1 0 1627767360
WALL 44992982 1 0 1627767361
WALL 44992982 1 0 1627767362
WALL 44992982 1 0 1627767363
WALL 44992982 1 0 1627767364
WALL 44992982 1 0 1627767365
WALL 44992982 1 0 1627767366
WALL 44992982 1 0 1627767367
WALL 44992982 1 0 1627767368
WALL 44992982 1 0 1627767369
WALL 44992982 1 0 1627767370
WALL 44992982 1 0 1627767371
WALL 44992982 1 0 1627767372
WALL 44992982 1 0 1627767373
WALL 44992982 1 0 1627767374
WALL 44992982 1 0 1627767375
WALL 44992982 1 0 1627767376
WALL 44992982 1 0 1627767377
WALL 44992982 1 0 1627767378
WALL 44992982 1 0 1627767379
WALL 44992982 1 0 1627767380
WALL 44992982 1 0 1627767381
WALL 44992982 1 0 1627767382
WALL 44992982 1 0 1627767383
WALL 44992982 1 0 1627767384
WALL 44992982 1 0 1627767385
WALL 44992982 1 0 1627767386
WALL 44992982 1 0 1627767387
WALL 44992982 1 0 1627767388
WALL 44992982 1 0 1627767389
WALL 44992982 1 0 1627767390
WALL 44992982 1 0 1627767391
WALL 44992982 1 0 1627767392
WALL 44992982 1 0 1627767393
WALL 44992982 1 0 1627767394
WALL 44992982 1 0 1627767395
WALL 44992982 1 0 1627767396
WALL 44992982 1 0 1627767397
WALL 44992982 1 0 1627767398
WALL 44992982 1 0 1627767399
WALL 44992982 1 0 1627767400
WALL 44992982 1 0 1627767401
WALL 44992982 1 0 1627767402
WALL 44992982 1 0 1627767403
WALL 44992982 1 0 1627767404
WALL 44992982 1 0 1627767405
WALL 44992982 1 0 1627767406
WALL 44992982 1 0 1627767407
WALL 44992982 1 0 1627767408
WALL 44992982 1 0 1627767409
WALL 44992982 1 0 1627767410
WALL 44992982 1 0 1627767411
WALL 44992982 1 0 1627767412
WALL 44992982 1 0 1627767413
WALL 44992982 1 0 1627767414
WALL 44992982 1 0 1627767415
WALL 44992982 1 0 1627767416
WALL 44992982 1 0 1627767417
WALL 44992982 1 0 1627767418
WALL 44992982 1 0 1627767419
WALL 44992982 1 0 1627767420
WALL 44992982 1 0 1627767421
WALL 44992982 1 0 1627767422
WALL 44992982 1 0 1627767423
WALL 44992982 1 0 1627767424
WALL 44992982 1 0 1627767425
WALL 44992982 1 0 1627767426
WALL 44992982 1 0 1627767427
WALL 44992982 1 0 1627767428
WALL 44992982 1 0 1627767429
WALL 44992982 1 0 1627767430
WALL 44992982 1 0 1627767431
WALL 44992982 1 0 1627767432
WALL 44992982 1 0 1627767433
WALL 44992982 1 0 1627767434
WALL 44992982 1 0 1627767435
WALL 44992982 1 0 1627767436
WALL 44992982 1 0 1627767437
WALL 44992982 1 0 1627767438
WALL 44992982 1 0 1627767439
WALL 44992982 1 0 1627767440
WALL 44992982 1 0 1627767441
WALL 44992982 1 0 1627767442
WALL 44992982 1 0 1627767443
WALL 44992982 1 0 1627767444
WALL 44992982 1 0 1627767445
WALL 44992982 1 0 1627767446
WALL 44992982 1 0 1627767447
WALL 44992982 1 0 1627767448
WALL 44992982 1 0 1627767449
WALL 44992982 1 0 1627767450
WALL 44992982 1 0 1627767451
WALL 44992982 1 0 1627767452
WALL 44992982 1 0 1627767453
WALL 44992982 1 0 1627767454
WALL 44992982 1 0 1627767455
WALL 44992982 1 0 1627767456
WALL 44992982 1 0 1627767457
WALL 44992982 1 0 1627767458
WALL 44992982 1 0 1627767459
WALL 44992982 1 0 1627767460
WALL 44992982 1 0 1627767461
WALL 44992982 1 0 1627767462
WALL 44992982 1 0 1627767463
WALL 44992982 1 0 1627767464
WALL 44992982 1 0 1627767465
WALL 44992982 1 0 1627767466
WALL 44992982 1 0 1627767467
WALL 44992982 1 0 1627767468
WALL 44992982 1 0 1627767469
WALL 44992982 1 0 1627767470
WALL 44992982 1 0 1627767471
WALL 44992982 1 0 1627767472
WALL 44992982 1 0 1627767473
WALL 44992982 1 0 1627767474
WALL 44992982 1 0 1627767475
WALL 44992982 1 0 1627767476
WALL 44992982 1 0 1627767477
WALL 44992982 1 0 1627767478
WALL 44992982 1 0 1627767479
WALL 44992982 1 0 1627767480
WALL 44992982 1 0 1627767481
WALL 44992982 1 0 1627767482
WALL 44992982 1 0 1627767483
WALL 44992982 1 0 1627767484
WALL 44992982 1 0 1627767485
WALL 44992982 1 0 1627767486
WALL 44992982 1 0 1627767487
WALL 44992982 1 0 1627767488
WALL 44992982 1 0 1627767489
WALL 44992982 1 0 1627767490
WALL 44992982 1 0 1627767491
WALL 44992982 1 0 1627767492
WALL 44992982 1 0 1627767493
WALL 44992982 1 0 1627767494
WALL 44992982 1 0 1627767495
WALL 44992982 1 0 1627767496
WALL 44992982 1 0 1627767497
WALL 44992982 1 0 1627767498
WALL 44992982 1 0 1627767499
WALL 44992982 1 0 1627767500
WALL 44992982 1 0 1627767501
WALL 44992982 1 0 1627767502
WALL 44992982 1 0 1627767503
WALL 44992982 1 0 1627767504
WALL 44992982 1 0 1627767505
WALL 44992982 1 0 1627767506
WALL 44992982 1 0 1627767507
WALL 44992982 1 0 1627767508
WALL 44992982 1 0 1627767509
WALL 44992982 1 0 1627767510
WALL 44992982 1 0 1627767511
WALL 44992982 1 0 1627767512
WALL 44992982 1 0 1627767513
WALL 44992982 1 0 1627767514
WALL 44992982 1 0 1627767515
WALL 44992982 1 0 1627767516
WALL 44992982 1 0 1627767517
WALL 44992982 1 0 1627767518
WALL 44992982 1 0 1627767519
WALL 44992982 1 0 1627767520
WALL 44992982 1 0 1627767521
WALL 44992982 1 0 1627767522
WALL 44992982 1 0 1627767523
WALL 44992982 1 0 1627767524
WALL 44992982 1 0 1627767525
WALL 44992982 1 0 1627767526
WALL 44992982 1 0 1627767527
WALL 44992982 1 0 1627767528
WALL 44992982 1 0 1627767529
WALL 44992982 1 0 1627767530
WALL 44992982 1 0 1627767531
WALL 44992982 1 0 1627767532
WALL 44992982 1 0 1627767533
WALL 44992982 1 0 1627767534
WALL 44992982 1 0 1627767535
WALL 44992982 1 0 1627767536
WALL 44992982 1 0 1627767537
WALL 44992982 1 0 1627767538
WALL 44992982 1 0 1627767539
WALL 44992982 1 0 1627767540
WALL 44992982 1 0 1627767541
WALL 44992982 1 0 1627767542
WALL 44992982 1 0 1627767543
WALL 44992982 1 0 1627767544
WALL 44992982 1 0 1627767545
WALL 44992982 1 0 1627767546
WALL 44992982 1 0 1627767547
WALL 44992982 1 0 1627767548
WALL 44992982 1 0 1627767549
WALL 44992982 1 0 1627767550
WALL 44992982 1 0 1627767551
WALL 44992982 1 0 1627767552
WALL 44992982 1 0 1627767553
WALL 44992982 1 0 1627767554
WALL 44992982 1 0 1627767555
WALL 44992982 1 0 1627767556
WALL 44992982 1 0 1627767557
WALL 44992982 1 0 1627767558
WALL 44992982 1 0 1627767559
WALL 44992982 1 0 1627767560
WALL 44992982 1 0 1627767561
WALL 44992982 1 0 1627767562
WALL 44992982 1 0 1627767563
WALL 44992982 1 0 1627767564
WALL 44992982 1 0 1627767565
WALL 44992982 1 0 1627767566
WALL 44992982 1 0 1627767567
WALL 44992982 1 0 1627767568
WALL 44992982 1 0 1627767569
WALL 44992982 1 0 1627767570
WALL 44992982 1 0 1627767571
WALL 44992982 1 0 1627767572
WALL 44992982 1 0 1627767573
WALL 44992982 1 0 1627767574
WALL 44992982 1 0 1627767575
WALL 44992982 1 0 1627767576
WALL 44992982 1 0 1627767577
WALL 44992982 1 0 1627767578
WALL 44992982 1 0 1627767579
WALL 44992982 1 0 1627767580
WALL 44992982 1 0 1627767581
WALL 44992982 1 0 1627767582
WALL 44992982 1 0 1627767583
WALL 44992982 1 0 1627767584
WALL 44992982 1 0 1627767585
WALL 44992982 1 0 1627767586
WALL 44992982 1 0 1627767587
WALL 44992982 1 0 1627767588
WALL 44992982 1 0 1627767589
WALL 44992982 1 0 1627767590
WALL 44992982 1 0 1627767591
WALL 44992982 1 0 1627767592
WALL 44992982 1 0 1627767593
WALL 44992982 1 0 1627767594
WALL 44992982 1 0 1627767595
WALL 44992982 1 0 1627767596
WALL 44992982 1 0 1627767597
WALL 44992982 1 0 1627767598
WALL 44992982 1 0 1627767599
WALL 44992982 1 0 1627767600
WALL 44992982 1 0 1627767601
WALL 44992982 1 0 1627767602
WALL 44992982 1 0 1627767603
WALL 44992982 1 0 1627767604
WALL 44992982 1 0 1627767605
WALL 44992982 1 0 1627767606
WALL 44992982 1 0 1627767607
WALL 44992982 1 0 1627767608
WALL 44992982 1 0 1627767609
WALL 44992982 1 0 1627767610
WALL 44992982 1 0 1627767611
WALL 44992982 1 0 1627767612
WALL 44992982 1 0 1627767613
WALL 44992982 1 0 1627767614
WALL 44992982 1 0 1627767615
WALL 44992982 1 0 1627767616
WALL 44992982 1 0 1627767617
WALL 44992982 1 0 1627767618
WALL 44992982 1 0 1627767619
WALL 44992982 1 0 1627767620
WALL 44992982 1 0 1627767621
WALL 44992982 1 0 1627767622
WALL 44992982 1 0 1627767623
WALL 44992982 1 0 1627767624
WALL 44992982 1 0 1627767625
WALL 44992982 1 0 1627767626
WALL 44992982 1 0 1627767627
WALL 44992982 1 0 1627767628
WALL 44992982 1 0 1627767629
WALL 44992982 1 0 1627767630
WALL 44992982 1 0 1627767631
WALL 44992982 1 0 1627767632
WALL 44992982 1 0 1627767633
WALL 44992982 1 0 1627767634
WALL 44992982 1 0 1627767635
WALL 44992982 1 0 1627767636
WALL 44992982 1 0 1627767637
WALL 44992982 1 0 1627767638
WALL 44992982 1 0 1627767639
WALL 44992982 1 0 1627767640
WALL 44992982 1 0 1627767641
WALL 44992982 1 0 1627767642
WALL 44992982 1 0 1627767643
WALL 44992982 1 0 1627767644
WALL 44992982 1 0 1627767645
WALL 44992982 1 0 1627767646
WALL 44992982 1 0 1627767647
WALL 44992982 1 0 1627767648
WALL 44992982 1 0 1627767649
WALL 44992982 1 0 1627767650
WALL 44992982 1 0 1627767651
WALL 44992982 1 0 1627767652
WALL 44992982 1 0 1627767653
WALL 44992982 1 0 1627767654
WALL 44992982 1 0 1627767655
WALL 44992982 1 0 1627767656
WALL 44992982 1 0 1627767657
WALL 44992982 1 0 1627767658
WALL 44992982 1 0 1627767659
WALL 44992982 1 0 1627767660
WALL 44992982 1 0 1627767661
WALL 44992982 1 0 1627767662
WALL 44992982 1 0 1627767663
WALL 44992982 1 0 1627767664
WALL 44992982 1 0 1627767665
WALL 44992982 1 0 1627767666
WALL 44992982 1 0 1627767667
WALL 44992982 1 0 1627767668
WALL 44992982 1 0 1627767669
WALL 44992982 1 0 1627767670
WALL 44992982 1 0 1627767671
WALL 44992982 1 0 1627767672
WALL 44992982 1 0 1627767673
WALL 44992982 1 0 1627767674
WALL 44992982 1 0 1627767675
WALL 44992982 1 0 1627767676
WALL 44992982 1 0 1627767677
WALL 44992982 1 0 1627767678
WALL 44992982 1 0 1627767679
WALL 44992982 1 0 1627767680
WALL 44992982 1 0 1627767681
WALL 44992982 1 0 1627767682
WALL 44992982 1 0 1627767683
WALL 44992982 1 0 1627767684
WALL 44992982 1 0 1627767685
WALL 44992982 1 0 1627767686
WALL 44992982 1 0 1627767687
WALL 44992982 1 0 1627767688
WALL 44992982 1 0 1627767689
WALL 44992982 1 0 1627767690
WALL 44992982 1 0 1627767691
WALL 44992982 1 0 1627767692
WALL 44992982 1 0 1627767693
WALL 44992982 1 0 1627767694
WALL 44992982 1 0 1627767695
WALL 44992982 1 0 1627767696
WALL 44992982 1 0 1627767697
WALL 44992982 1 0 1627767698
WALL 44992982 1 0 1627767699
WALL 44992982 1 0 1627767700
WALL 44992982 1 0 1627767701
WALL 44992982 1 0 1627767702
WALL 44992982 1 0 1627767703
WALL 44992982 1 0 1627767704
WALL 44992982 1 0 1627767705
WALL 44992982 1 0 1627767706
WALL 44992982 1 0 1627767707
WALL 44992982 1 0 1627767708
WALL 44992982 1 0 1627767709
WALL 44992982 1 0 1627767710
WALL 44992982 1 0 1627767711
WALL 44992982 1 0 1627767712
WALL 44992982 1 0 1627767713
WALL 44992982 1 0 1627767714
WALL 44992982 1 0 1627767715
WALL 44992982 1 0 1627767716
WALL 44992982 1 0 1627767717
WALL 44992982 1 0 1627767718
WALL 44992982 1 0 1627767719
WALL 44992982 1 0 1627767720
WALL 44992982 1 0 1627767721
WALL 44992982 1 0 1627767722
WALL 44992982 1 0 1627767723
WALL 44992982 1 0 1627767724
WALL 44992982 1 0 1627767725
WALL 44992982 1 0 1627767726
WALL 44992982 1 0 1627767727
WALL 44992982 1 0 1627767728
WALL 44992982 1 0 1627767729
WALL 44992982 1 0 1627767730
WALL 44992982 1 0 1627767731
WALL 44992982 1 0 1627767732
WALL 44992982 1 0 1627767733
WALL 44992982 1 0 1627767734
WALL 44992982 1 0 1627767735
WALL 44992982 1 0 1627767736
WALL 44992982 1 0 1627767737
WALL 44992982 1 0 1627767738
WALL 44992982 1 0 1627767739
WALL 44992982 1 0 1627767740
WALL 44992982 1 0 1627767741
WALL 44992982 1 0 1627767742
WALL 44992982 1 0 1627767743
WALL 44992982 1 0 1627767744
WALL 44992982 1 0 1627767745
WALL 44992982 1 0 1627767746
WALL 44992982 1 0 1627767747
WALL 44992982 1 0 1627767748
WALL 44992982 1 0 1627767749
WALL 44992982 1 0 1627767750
WALL 44992982 1 0 1627767751
WALL 44992982 1 0 1627767752
WALL 44992982 1 0 1627767753
WALL 44992982 1 0 1627767754
WALL 44992982 1 0 1627767755
WALL 44992982 1 0 1627767756
WALL 44992982 1 0 1627767757
WALL 44992982 1 0 1627767758
WALL 44992982 1 0 1627767759
WALL 44992982 1 0 1627767760
WALL 44992982 1 0 1627767761
WALL 44992982 1 0 1627767762
WALL 44992982 1 0 1627767763
WALL 44992982 1 0 1627767764
WALL 44992982 1 0 1627767765
WALL 44992982 1 0 1627767766
WALL 44992982 1 0 1627767767
WALL 44992982 1 0 1627767768
WALL 44992982 1 0 1627767769
WALL 44992982 1 0 1627767770
WALL 44992982 1 0 1627767771
WALL 44992982 1 0 1627767772
WALL 44992982 1 0 1627767773
WALL 44992982 1 0 1627767774
WALL 44992982 1 0 1627767775
WALL 44992982 1 0 1627767776
WALL 44992982 1 0 1627767777
WALL 44992982 1 0 1627767778
WALL 44992982 1 0 1627767779
WALL 44992982 1 0 1627767780
WALL 44992982 1 0 1627767781
WALL 44992982 1 0 1627767782
WALL 44992982 1 0 1627767783
WALL 44992982 1 0 1627767784
WALL 44992982 1 0 1627767785
WALL 44992982 1 0 1627767786
WALL 44992982 1 0 1627767787
WALL 44992982 1 0 1627767788
WALL 44992982 1 0 1627767789
WALL 44992982 1 0 1627767790
WALL 44992982 1 0 1627767791
WALL 44992982 1 0 1627767792
WALL 44992982 1 0 1627767793
WALL 44992982 1 0 1627767794
WALL 44992982 1 0 1627767795
WALL 44992982 1 0 1627767796
WALL 44992982 1 0 1627767797
WALL 44992982 1 0 1627767798
WALL 44992982 1 0 1627767799
WALL 44992982 1 0 1627767800
WALL 44992982 1 0 1627767801
WALL 44992982 1 0 1627767802
WALL 44992982 1 0 1627767803
WALL 44992982 1 0 1627767804
WALL 44992982 1 0 1627767805
WALL 44992982 1 0 1627767806
WALL 44992982 1 0 1627767807
WALL 44992982 1 0 1627767808
WALL 44992982 1 0 1627767809
WALL 44992982 1 0 1627767810
WALL 44992982 1 0 1627767811
WALL 44992982 1 0 1627767812
WALL 44992982 1 0 1627767813
WALL 44992982 1 0 1627767814
WALL 44992982 1 0 1627767815
WALL 44992982 1 0 1627767816
WALL 44992982 1 0 1627767817
WALL 44992982 1 0 1627767818
WALL 44992982 1 0 1627767819
WALL 44992982 1 0 1627767820
WALL 44992982 1 0 1627767821
WALL 44992982 1 0 1627767822
WALL 44992982 1 0 1627767823
WALL 44992982 1 0 1627767824
WALL 44992982 1 0 1627767825
WALL 44992982 1 0 1627767826
WALL 44992982 1 0 1627767827
WALL 44992982 1 0 1627767828
WALL 44992982 1 0 1627767829
WALL 44992982 1 0 1627767830
WALL 44992982 1 0 1627767831
WALL 44992982 1 0 1627767832
WALL 44992982 1 0 1627767833
WALL 44992982 1 0 1627767834
received SIGCONT 1627767834
WALL 44992982 1 0 1627767834
slurmstepd: error: *** STEP 44992982.0 ON nid00815 CANCELLED AT 2021-07-31T14:43:54 ***
received SIGTERM 1627767834
WALL 44992982 1 0 1627767834
WALL 44992982 1 0 1627767835
WALL 44992982 1 0 1627767836
WALL 44992982 1 0 1627767837
WALL 44992982 1 0 1627767838
WALL 44992982 1 0 1627767839
WALL 44992982 1 0 1627767840
WALL 44992982 1 0 1627767841
WALL 44992982 1 0 1627767842
WALL 44992982 1 0 1627767843
WALL 44992982 1 0 1627767844
WALL 44992982 1 0 1627767845
WALL 44992982 1 0 1627767846
WALL 44992982 1 0 1627767847
WALL 44992982 1 0 1627767848
WALL 44992982 1 0 1627767849
WALL 44992982 1 0 1627767850
WALL 44992982 1 0 1627767851
WALL 44992982 1 0 1627767852
WALL 44992982 1 0 1627767853
WALL 44992982 1 0 1627767854
WALL 44992982 1 0 1627767855
WALL 44992982 1 0 1627767856
WALL 44992982 1 0 1627767857
WALL 44992982 1 0 1627767858
WALL 44992982 1 0 1627767859
WALL 44992982 1 0 1627767860
WALL 44992982 1 0 1627767861
WALL 44992982 1 0 1627767862
WALL 44992982 1 0 1627767863
WALL 44992982 1 0 1627767864
WALL 44992982 1 0 1627767865
WALL 44992982 1 0 1627767866
WALL 44992982 1 0 1627767867
WALL 44992982 1 0 1627767868
WALL 44992982 1 0 1627767869
WALL 44992982 1 0 1627767870
WALL 44992982 1 0 1627767871
WALL 44992982 1 0 1627767872
WALL 44992982 1 0 1627767873
WALL 44992982 1 0 1627767874
WALL 44992982 1 0 1627767875
WALL 44992982 1 0 1627767876
WALL 44992982 1 0 1627767877
WALL 44992982 1 0 1627767878
WALL 44992982 1 0 1627767879
WALL 44992982 1 0 1627767880
WALL 44992982 1 0 1627767881
WALL 44992982 1 0 1627767882
WALL 44992982 1 0 1627767883
WALL 44992982 1 0 1627767884
WALL 44992982 1 0 1627767885
WALL 44992982 1 0 1627767886
WALL 44992982 1 0 1627767887
WALL 44992982 1 0 1627767888
WALL 44992982 1 0 1627767889
WALL 44992982 1 0 1627767890
WALL 44992982 1 0 1627767891
WALL 44992982 1 0 1627767892
WALL 44992982 1 0 1627767893
WALL 44992982 1 0 1627767894
WALL 44992982 1 0 1627767895
WALL 44992982 1 0 1627767896
WALL 44992982 1 0 1627767897
WALL 44992982 1 0 1627767898
WALL 44992982 1 0 1627767899
WALL 44992982 1 0 1627767900
WALL 44992982 1 0 1627767901
WALL 44992982 1 0 1627767902
WALL 44992982 1 0 1627767903
WALL 44992982 1 0 1627767904
WALL 44992982 1 0 1627767905
WALL 44992982 1 0 1627767906
WALL 44992982 1 0 1627767907
WALL 44992982 1 0 1627767908
WALL 44992982 1 0 1627767909
WALL 44992982 1 0 1627767910
WALL 44992982 1 0 1627767911
WALL 44992982 1 0 1627767912
WALL 44992982 1 0 1627767913
WALL 44992982 1 0 1627767914
WALL 44992982 1 0 1627767915
WALL 44992982 1 0 1627767916
WALL 44992982 1 0 1627767917
WALL 44992982 1 0 1627767918
WALL 44992982 1 0 1627767919
WALL 44992982 1 0 1627767920
WALL 44992982 1 0 1627767921
WALL 44992982 1 0 1627767922
WALL 44992982 1 0 1627767923
WALL 44992982 1 0 1627767924
WALL 44992982 1 0 1627767925
WALL 44992982 1 0 1627767926
WALL 44992982 1 0 1627767927
WALL 44992982 1 0 1627767928
WALL 44992982 1 0 1627767929
WALL 44992982 1 0 1627767930
WALL 44992982 1 0 1627767931
WALL 44992982 1 0 1627767932
WALL 44992982 1 0 1627767933
WALL 44992982 1 0 1627767934
WALL 44992982 1 0 1627767935
WALL 44992982 1 0 1627767936
WALL 44992982 1 0 1627767937
WALL 44992982 1 0 1627767938
WALL 44992982 1 0 1627767939
WALL 44992982 1 0 1627767940
WALL 44992982 1 0 1627767941
WALL 44992982 1 0 1627767942
WALL 44992982 1 0 1627767943
WALL 44992982 1 0 1627767944
WALL 44992982 1 0 1627767945
WALL 44992982 1 0 1627767946
WALL 44992982 1 0 1627767947
WALL 44992982 1 0 1627767948
WALL 44992982 1 0 1627767949
WALL 44992982 1 0 1627767950
WALL 44992982 1 0 1627767951
WALL 44992982 1 0 1627767952
WALL 44992982 1 0 1627767953
WALL 44992982 1 0 1627767954
WALL 44992982 1 0 1627767955
WALL 44992982 1 0 1627767956
WALL 44992982 1 0 1627767957
WALL 44992982 1 0 1627767958
WALL 44992982 1 0 1627767959
WALL 44992982 1 0 1627767960
WALL 44992982 1 0 1627767961
WALL 44992982 1 0 1627767962
WALL 44992982 1 0 1627767963
WALL 44992982 1 0 1627767964
WALL 44992982 1 0 1627767965
WALL 44992982 1 0 1627767966
WALL 44992982 1 0 1627767967
WALL 44992982 1 0 1627767968
WALL 44992982 1 0 1627767969
WALL 44992982 1 0 1627767970
WALL 44992982 1 0 1627767971
WALL 44992982 1 0 1627767972
WALL 44992982 1 0 1627767973
WALL 44992982 1 0 1627767974
WALL 44992982 1 0 1627767975
WALL 44992982 1 0 1627767976
WALL 44992982 1 0 1627767977
WALL 44992982 1 0 1627767978
WALL 44992982 1 0 1627767979
WALL 44992982 1 0 1627767980
WALL 44992982 1 0 1627767981
WALL 44992982 1 0 1627767982
WALL 44992982 1 0 1627767983
WALL 44992982 1 0 1627767984
WALL 44992982 1 0 1627767985
WALL 44992982 1 0 1627767986
WALL 44992982 1 0 1627767987
WALL 44992982 1 0 1627767988
WALL 44992982 1 0 1627767989
WALL 44992982 1 0 1627767990
WALL 44992982 1 0 1627767991
WALL 44992982 1 0 1627767992
WALL 44992982 1 0 1627767993
WALL 44992982 1 0 1627767994
WALL 44992982 1 0 1627767995
WALL 44992982 1 0 1627767996
WALL 44992982 1 0 1627767997
WALL 44992982 1 0 1627767998
WALL 44992982 1 0 1627767999
WALL 44992982 1 0 1627768000
WALL 44992982 1 0 1627768001
WALL 44992982 1 0 1627768002
WALL 44992982 1 0 1627768003
WALL 44992982 1 0 1627768004
WALL 44992982 1 0 1627768005
WALL 44992982 1 0 1627768006
WALL 44992982 1 0 1627768007
WALL 44992982 1 0 1627768008
WALL 44992982 1 0 1627768009
WALL 44992982 1 0 1627768010
WALL 44992982 1 0 1627768011
WALL 44992982 1 0 1627768012
WALL 44992982 1 0 1627768013
WALL 44992982 1 0 1627768014
WALL 44992982 1 0 1627768015
WALL 44992982 1 0 1627768016
WALL 44992982 1 0 1627768017
WALL 44992982 1 0 1627768018
WALL 44992982 1 0 1627768019
WALL 44992982 1 0 1627768020
WALL 44992982 1 0 1627768021
WALL 44992982 1 0 1627768022
WALL 44992982 1 0 1627768023
WALL 44992982 1 0 1627768024
WALL 44992982 1 0 1627768025
WALL 44992982 1 0 1627768026
WALL 44992982 1 0 1627768027
WALL 44992982 1 0 1627768028
WALL 44992982 1 0 1627768029
WALL 44992982 1 0 1627768030
WALL 44992982 1 0 1627768031
WALL 44992982 1 0 1627768032
WALL 44992982 1 0 1627768033
WALL 44992982 1 0 1627768034
WALL 44992982 1 0 1627768035
WALL 44992982 1 0 1627768036
WALL 44992982 1 0 1627768037
WALL 44992982 1 0 1627768038
WALL 44992982 1 0 1627768039
WALL 44992982 1 0 1627768040
WALL 44992982 1 0 1627768041
WALL 44992982 1 0 1627768042
WALL 44992982 1 0 1627768043
WALL 44992982 1 0 1627768044
WALL 44992982 1 0 1627768045
WALL 44992982 1 0 1627768046
WALL 44992982 1 0 1627768047
WALL 44992982 1 0 1627768048
WALL 44992982 1 0 1627768049
WALL 44992982 1 0 1627768050
WALL 44992982 1 0 1627768051
WALL 44992982 1 0 1627768052
WALL 44992982 1 0 1627768053
WALL 44992982 1 0 1627768054
WALL 44992982 1 0 1627768055
WALL 44992982 1 0 1627768056
WALL 44992982 1 0 1627768057
WALL 44992982 1 0 1627768058
WALL 44992982 1 0 1627768059
WALL 44992982 1 0 1627768060
WALL 44992982 1 0 1627768061
WALL 44992982 1 0 1627768062
WALL 44992982 1 0 1627768063
WALL 44992982 1 0 1627768064
WALL 44992982 1 0 1627768065
WALL 44992982 1 0 1627768066
WALL 44992982 1 0 1627768067
WALL 44992982 1 0 1627768068
WALL 44992982 1 0 1627768069
WALL 44992982 1 0 1627768070
WALL 44992982 1 0 1627768071
WALL 44992982 1 0 1627768072
WALL 44992982 1 0 1627768073
WALL 44992982 1 0 1627768074
WALL 44992982 1 0 1627768075
WALL 44992982 1 0 1627768076
WALL 44992982 1 0 1627768077
WALL 44992982 1 0 1627768078
WALL 44992982 1 0 1627768079
WALL 44992982 1 0 1627768080
WALL 44992982 1 0 1627768081
WALL 44992982 1 0 1627768082
WALL 44992982 1 0 1627768083
WALL 44992982 1 0 1627768084
WALL 44992982 1 0 1627768085
WALL 44992982 1 0 1627768086
WALL 44992982 1 0 1627768087
WALL 44992982 1 0 1627768088
WALL 44992982 1 0 1627768089
WALL 44992982 1 0 1627768090
WALL 44992982 1 0 1627768091
WALL 44992982 1 0 1627768092
WALL 44992982 1 0 1627768093
WALL 44992982 1 0 1627768094
WALL 44992982 1 0 1627768095
WALL 44992982 1 0 1627768096
WALL 44992982 1 0 1627768097
WALL 44992982 1 0 1627768098
WALL 44992982 1 0 1627768099
WALL 44992982 1 0 1627768100
WALL 44992982 1 0 1627768101
WALL 44992982 1 0 1627768102
WALL 44992982 1 0 1627768103
WALL 44992982 1 0 1627768104
WALL 44992982 1 0 1627768105
WALL 44992982 1 0 1627768106
WALL 44992982 1 0 1627768107
WALL 44992982 1 0 1627768108
WALL 44992982 1 0 1627768109
WALL 44992982 1 0 1627768110
WALL 44992982 1 0 1627768111
WALL 44992982 1 0 1627768112
WALL 44992982 1 0 1627768113
WALL 44992982 1 0 1627768114
WALL 44992982 1 0 1627768115
WALL 44992982 1 0 1627768116
WALL 44992982 1 0 1627768117
WALL 44992982 1 0 1627768118
WALL 44992982 1 0 1627768119
WALL 44992982 1 0 1627768120
WALL 44992982 1 0 1627768121
WALL 44992982 1 0 1627768122
WALL 44992982 1 0 1627768123
WALL 44992982 1 0 1627768124
WALL 44992982 1 0 1627768125
WALL 44992982 1 0 1627768126
WALL 44992982 1 0 1627768127
WALL 44992982 1 0 1627768128
WALL 44992982 1 0 1627768129
WALL 44992982 1 0 1627768130
WALL 44992982 1 0 1627768131
WALL 44992982 1 0 1627768132
WALL 44992982 1 0 1627768133
WALL 44992982 1 0 1627768134
WALL 44992982 1 0 1627768135
WALL 44992982 1 0 1627768136
WALL 44992982 1 0 1627768137
WALL 44992982 1 0 1627768138
WALL 44992982 1 0 1627768139
WALL 44992982 1 0 1627768140
WALL 44992982 1 0 1627768141
WALL 44992982 1 0 1627768142
WALL 44992982 1 0 1627768143
WALL 44992982 1 0 1627768144
WALL 44992982 1 0 1627768145
WALL 44992982 1 0 1627768146
WALL 44992982 1 0 1627768147
received SIGTERM 1627768147
WALL 44992982 1 0 1627768147
received SIGCONT 1627768147
WALL 44992982 1 0 1627768147
srun: got SIGCONT
received SIGTERM 1627768147
WALL 44992982 1 0 1627768147
srun: forcing job termination
