WALL 44967055 1 0 1627688445
WALL 44967055 1 0 1627688446
WALL 44967055 1 0 1627688447
WALL 44967055 1 0 1627688448
WALL 44967055 1 0 1627688449
WALL 44967055 1 0 1627688450
WALL 44967055 1 0 1627688451
WALL 44967055 1 0 1627688452
WALL 44967055 1 0 1627688453
WALL 44967055 1 0 1627688454
WALL 44967055 1 0 1627688455
WALL 44967055 1 0 1627688456
WALL 44967055 1 0 1627688457
WALL 44967055 1 0 1627688458
WALL 44967055 1 0 1627688459
WALL 44967055 1 0 1627688460
WALL 44967055 1 0 1627688461
WALL 44967055 1 0 1627688462
WALL 44967055 1 0 1627688463
WALL 44967055 1 0 1627688464
WALL 44967055 1 0 1627688465
WALL 44967055 1 0 1627688466
WALL 44967055 1 0 1627688467
WALL 44967055 1 0 1627688468
WALL 44967055 1 0 1627688469
WALL 44967055 1 0 1627688470
WALL 44967055 1 0 1627688471
WALL 44967055 1 0 1627688472
WALL 44967055 1 0 1627688473
WALL 44967055 1 0 1627688474
WALL 44967055 1 0 1627688475
WALL 44967055 1 0 1627688476
WALL 44967055 1 0 1627688477
WALL 44967055 1 0 1627688478
WALL 44967055 1 0 1627688479
WALL 44967055 1 0 1627688480
WALL 44967055 1 0 1627688481
WALL 44967055 1 0 1627688482
slurmstepd: error: *** STEP 44967055.0 ON nid00793 CANCELLED AT 2021-07-30T16:41:23 ***
received SIGTERM 1627688483
WALL 44967055 1 0 1627688483
received SIGCONT 1627688483
WALL 44967055 1 0 1627688483
WALL 44967055 1 0 1627688484
WALL 44967055 1 0 1627688485
WALL 44967055 1 0 1627688486
WALL 44967055 1 0 1627688487
WALL 44967055 1 0 1627688488
WALL 44967055 1 0 1627688489
WALL 44967055 1 0 1627688490
WALL 44967055 1 0 1627688491
WALL 44967055 1 0 1627688492
WALL 44967055 1 0 1627688493
WALL 44967055 1 0 1627688494
WALL 44967055 1 0 1627688495
WALL 44967055 1 0 1627688496
WALL 44967055 1 0 1627688497
WALL 44967055 1 0 1627688498
WALL 44967055 1 0 1627688499
WALL 44967055 1 0 1627688500
WALL 44967055 1 0 1627688501
WALL 44967055 1 0 1627688502
WALL 44967055 1 0 1627688503
WALL 44967055 1 0 1627688504
WALL 44967055 1 0 1627688505
WALL 44967055 1 0 1627688506
WALL 44967055 1 0 1627688507
WALL 44967055 1 0 1627688508
WALL 44967055 1 0 1627688509
WALL 44967055 1 0 1627688510
WALL 44967055 1 0 1627688511
WALL 44967055 1 0 1627688512
WALL 44967055 1 0 1627688513
WALL 44967055 1 0 1627688514
WALL 44967055 1 0 1627688515
WALL 44967055 1 0 1627688516
WALL 44967055 1 0 1627688517
WALL 44967055 1 0 1627688518
WALL 44967055 1 0 1627688519
WALL 44967055 1 0 1627688520
WALL 44967055 1 0 1627688521
WALL 44967055 1 0 1627688522
WALL 44967055 1 0 1627688523
WALL 44967055 1 0 1627688524
WALL 44967055 1 0 1627688525
WALL 44967055 1 0 1627688526
WALL 44967055 1 0 1627688527
WALL 44967055 1 0 1627688528
WALL 44967055 1 0 1627688529
WALL 44967055 1 0 1627688530
WALL 44967055 1 0 1627688531
WALL 44967055 1 0 1627688532
WALL 44967055 1 0 1627688533
WALL 44967055 1 0 1627688534
WALL 44967055 1 0 1627688535
WALL 44967055 1 0 1627688536
WALL 44967055 1 0 1627688537
WALL 44967055 1 0 1627688538
WALL 44967055 1 0 1627688539
WALL 44967055 1 0 1627688540
WALL 44967055 1 0 1627688541
WALL 44967055 1 0 1627688542
WALL 44967055 1 0 1627688543
WALL 44967055 1 0 1627688544
WALL 44967055 1 0 1627688545
WALL 44967055 1 0 1627688546
WALL 44967055 1 0 1627688547
WALL 44967055 1 0 1627688548
WALL 44967055 1 0 1627688549
WALL 44967055 1 0 1627688550
WALL 44967055 1 0 1627688551
WALL 44967055 1 0 1627688552
WALL 44967055 1 0 1627688553
WALL 44967055 1 0 1627688554
WALL 44967055 1 0 1627688555
WALL 44967055 1 0 1627688556
WALL 44967055 1 0 1627688557
WALL 44967055 1 0 1627688558
WALL 44967055 1 0 1627688559
WALL 44967055 1 0 1627688560
WALL 44967055 1 0 1627688561
WALL 44967055 1 0 1627688562
WALL 44967055 1 0 1627688563
WALL 44967055 1 0 1627688564
WALL 44967055 1 0 1627688565
WALL 44967055 1 0 1627688566
WALL 44967055 1 0 1627688567
WALL 44967055 1 0 1627688568
WALL 44967055 1 0 1627688569
WALL 44967055 1 0 1627688570
WALL 44967055 1 0 1627688571
WALL 44967055 1 0 1627688572
WALL 44967055 1 0 1627688573
WALL 44967055 1 0 1627688574
WALL 44967055 1 0 1627688575
WALL 44967055 1 0 1627688576
WALL 44967055 1 0 1627688577
WALL 44967055 1 0 1627688578
WALL 44967055 1 0 1627688579
WALL 44967055 1 0 1627688580
WALL 44967055 1 0 1627688581
WALL 44967055 1 0 1627688582
WALL 44967055 1 0 1627688583
WALL 44967055 1 0 1627688584
WALL 44967055 1 0 1627688585
WALL 44967055 1 0 1627688586
WALL 44967055 1 0 1627688587
WALL 44967055 1 0 1627688588
WALL 44967055 1 0 1627688589
WALL 44967055 1 0 1627688590
WALL 44967055 1 0 1627688591
WALL 44967055 1 0 1627688592
WALL 44967055 1 0 1627688593
WALL 44967055 1 0 1627688594
WALL 44967055 1 0 1627688595
WALL 44967055 1 0 1627688596
WALL 44967055 1 0 1627688597
WALL 44967055 1 0 1627688598
WALL 44967055 1 0 1627688599
WALL 44967055 1 0 1627688600
WALL 44967055 1 0 1627688601
WALL 44967055 1 0 1627688602
WALL 44967055 1 0 1627688603
WALL 44967055 1 0 1627688604
WALL 44967055 1 0 1627688605
WALL 44967055 1 0 1627688606
WALL 44967055 1 0 1627688607
WALL 44967055 1 0 1627688608
WALL 44967055 1 0 1627688609
WALL 44967055 1 0 1627688610
WALL 44967055 1 0 1627688611
WALL 44967055 1 0 1627688612
WALL 44967055 1 0 1627688613
WALL 44967055 1 0 1627688614
WALL 44967055 1 0 1627688615
WALL 44967055 1 0 1627688616
WALL 44967055 1 0 1627688617
WALL 44967055 1 0 1627688618
WALL 44967055 1 0 1627688619
WALL 44967055 1 0 1627688620
WALL 44967055 1 0 1627688621
WALL 44967055 1 0 1627688622
WALL 44967055 1 0 1627688623
WALL 44967055 1 0 1627688624
WALL 44967055 1 0 1627688625
WALL 44967055 1 0 1627688626
WALL 44967055 1 0 1627688627
WALL 44967055 1 0 1627688628
WALL 44967055 1 0 1627688629
WALL 44967055 1 0 1627688630
WALL 44967055 1 0 1627688631
WALL 44967055 1 0 1627688632
WALL 44967055 1 0 1627688633
WALL 44967055 1 0 1627688634
WALL 44967055 1 0 1627688635
WALL 44967055 1 0 1627688636
WALL 44967055 1 0 1627688637
WALL 44967055 1 0 1627688638
WALL 44967055 1 0 1627688639
WALL 44967055 1 0 1627688640
WALL 44967055 1 0 1627688641
WALL 44967055 1 0 1627688642
WALL 44967055 1 0 1627688643
WALL 44967055 1 0 1627688644
WALL 44967055 1 0 1627688645
WALL 44967055 1 0 1627688646
WALL 44967055 1 0 1627688647
WALL 44967055 1 0 1627688648
WALL 44967055 1 0 1627688649
WALL 44967055 1 0 1627688650
WALL 44967055 1 0 1627688651
WALL 44967055 1 0 1627688652
WALL 44967055 1 0 1627688653
WALL 44967055 1 0 1627688654
WALL 44967055 1 0 1627688655
WALL 44967055 1 0 1627688656
WALL 44967055 1 0 1627688657
WALL 44967055 1 0 1627688658
WALL 44967055 1 0 1627688659
WALL 44967055 1 0 1627688660
WALL 44967055 1 0 1627688661
WALL 44967055 1 0 1627688662
WALL 44967055 1 0 1627688663
WALL 44967055 1 0 1627688664
WALL 44967055 1 0 1627688665
WALL 44967055 1 0 1627688666
WALL 44967055 1 0 1627688667
WALL 44967055 1 0 1627688668
WALL 44967055 1 0 1627688669
WALL 44967055 1 0 1627688670
WALL 44967055 1 0 1627688671
WALL 44967055 1 0 1627688672
WALL 44967055 1 0 1627688673
WALL 44967055 1 0 1627688674
WALL 44967055 1 0 1627688675
WALL 44967055 1 0 1627688676
WALL 44967055 1 0 1627688677
WALL 44967055 1 0 1627688678
WALL 44967055 1 0 1627688679
WALL 44967055 1 0 1627688680
WALL 44967055 1 0 1627688681
WALL 44967055 1 0 1627688682
WALL 44967055 1 0 1627688683
WALL 44967055 1 0 1627688684
WALL 44967055 1 0 1627688685
WALL 44967055 1 0 1627688686
WALL 44967055 1 0 1627688687
WALL 44967055 1 0 1627688688
WALL 44967055 1 0 1627688689
WALL 44967055 1 0 1627688690
WALL 44967055 1 0 1627688691
WALL 44967055 1 0 1627688692
WALL 44967055 1 0 1627688693
WALL 44967055 1 0 1627688694
WALL 44967055 1 0 1627688695
WALL 44967055 1 0 1627688696
WALL 44967055 1 0 1627688697
WALL 44967055 1 0 1627688698
WALL 44967055 1 0 1627688699
WALL 44967055 1 0 1627688700
WALL 44967055 1 0 1627688701
WALL 44967055 1 0 1627688702
WALL 44967055 1 0 1627688703
WALL 44967055 1 0 1627688704
WALL 44967055 1 0 1627688705
WALL 44967055 1 0 1627688706
WALL 44967055 1 0 1627688707
WALL 44967055 1 0 1627688708
WALL 44967055 1 0 1627688709
WALL 44967055 1 0 1627688710
WALL 44967055 1 0 1627688711
WALL 44967055 1 0 1627688712
WALL 44967055 1 0 1627688713
WALL 44967055 1 0 1627688714
WALL 44967055 1 0 1627688715
WALL 44967055 1 0 1627688716
WALL 44967055 1 0 1627688717
WALL 44967055 1 0 1627688718
WALL 44967055 1 0 1627688719
WALL 44967055 1 0 1627688720
WALL 44967055 1 0 1627688721
WALL 44967055 1 0 1627688722
WALL 44967055 1 0 1627688723
WALL 44967055 1 0 1627688724
WALL 44967055 1 0 1627688725
WALL 44967055 1 0 1627688726
WALL 44967055 1 0 1627688727
WALL 44967055 1 0 1627688728
WALL 44967055 1 0 1627688729
WALL 44967055 1 0 1627688730
WALL 44967055 1 0 1627688731
WALL 44967055 1 0 1627688732
WALL 44967055 1 0 1627688733
WALL 44967055 1 0 1627688734
WALL 44967055 1 0 1627688735
WALL 44967055 1 0 1627688736
WALL 44967055 1 0 1627688737
WALL 44967055 1 0 1627688738
WALL 44967055 1 0 1627688739
WALL 44967055 1 0 1627688740
WALL 44967055 1 0 1627688741
WALL 44967055 1 0 1627688742
WALL 44967055 1 0 1627688743
WALL 44967055 1 0 1627688744
WALL 44967055 1 0 1627688745
WALL 44967055 1 0 1627688746
WALL 44967055 1 0 1627688747
WALL 44967055 1 0 1627688748
WALL 44967055 1 0 1627688749
WALL 44967055 1 0 1627688750
WALL 44967055 1 0 1627688751
WALL 44967055 1 0 1627688752
WALL 44967055 1 0 1627688753
WALL 44967055 1 0 1627688754
WALL 44967055 1 0 1627688755
WALL 44967055 1 0 1627688756
WALL 44967055 1 0 1627688757
WALL 44967055 1 0 1627688758
WALL 44967055 1 0 1627688759
WALL 44967055 1 0 1627688760
WALL 44967055 1 0 1627688761
WALL 44967055 1 0 1627688762
WALL 44967055 1 0 1627688763
WALL 44967055 1 0 1627688764
WALL 44967055 1 0 1627688765
WALL 44967055 1 0 1627688766
WALL 44967055 1 0 1627688767
WALL 44967055 1 0 1627688768
WALL 44967055 1 0 1627688769
WALL 44967055 1 0 1627688770
WALL 44967055 1 0 1627688771
WALL 44967055 1 0 1627688772
WALL 44967055 1 0 1627688773
WALL 44967055 1 0 1627688774
WALL 44967055 1 0 1627688775
WALL 44967055 1 0 1627688776
WALL 44967055 1 0 1627688777
WALL 44967055 1 0 1627688778
WALL 44967055 1 0 1627688779
WALL 44967055 1 0 1627688780
WALL 44967055 1 0 1627688781
WALL 44967055 1 0 1627688782
WALL 44967055 1 0 1627688783
WALL 44967055 1 0 1627688784
WALL 44967055 1 0 1627688785
WALL 44967055 1 0 1627688786
WALL 44967055 1 0 1627688787
WALL 44967055 1 0 1627688788
WALL 44967055 1 0 1627688789
WALL 44967055 1 0 1627688790
srun: Job step aborted: Waiting up to 32 seconds for job step to finish.
received SIGTERM 1627688791
WALL 44967055 1 0 1627688791
received SIGCONT 1627688791
WALL 44967055 1 0 1627688791
srun: got SIGCONT
received SIGTERM 1627688791
WALL 44967055 1 0 1627688791
srun: forcing job termination
srun: forcing job termination
