WALL 44997497 1 0 1627781050
WALL 44997497 1 0 1627781051
WALL 44997497 1 0 1627781052
WALL 44997497 1 0 1627781053
WALL 44997497 1 0 1627781054
WALL 44997497 1 0 1627781055
WALL 44997497 1 0 1627781056
WALL 44997497 1 0 1627781057
WALL 44997497 1 0 1627781058
WALL 44997497 1 0 1627781059
WALL 44997497 1 0 1627781060
WALL 44997497 1 0 1627781061
WALL 44997497 1 0 1627781062
WALL 44997497 1 0 1627781063
WALL 44997497 1 0 1627781064
WALL 44997497 1 0 1627781065
WALL 44997497 1 0 1627781066
WALL 44997497 1 0 1627781067
WALL 44997497 1 0 1627781068
WALL 44997497 1 0 1627781069
WALL 44997497 1 0 1627781070
WALL 44997497 1 0 1627781071
WALL 44997497 1 0 1627781072
WALL 44997497 1 0 1627781073
WALL 44997497 1 0 1627781074
WALL 44997497 1 0 1627781075
WALL 44997497 1 0 1627781076
WALL 44997497 1 0 1627781077
WALL 44997497 1 0 1627781078
WALL 44997497 1 0 1627781079
WALL 44997497 1 0 1627781080
WALL 44997497 1 0 1627781081
WALL 44997497 1 0 1627781082
WALL 44997497 1 0 1627781083
WALL 44997497 1 0 1627781084
WALL 44997497 1 0 1627781085
WALL 44997497 1 0 1627781086
WALL 44997497 1 0 1627781087
WALL 44997497 1 0 1627781088
WALL 44997497 1 0 1627781089
WALL 44997497 1 0 1627781090
WALL 44997497 1 0 1627781091
WALL 44997497 1 0 1627781092
WALL 44997497 1 0 1627781093
WALL 44997497 1 0 1627781094
WALL 44997497 1 0 1627781095
WALL 44997497 1 0 1627781096
WALL 44997497 1 0 1627781097
WALL 44997497 1 0 1627781098
WALL 44997497 1 0 1627781099
WALL 44997497 1 0 1627781100
WALL 44997497 1 0 1627781101
WALL 44997497 1 0 1627781102
WALL 44997497 1 0 1627781103
WALL 44997497 1 0 1627781104
WALL 44997497 1 0 1627781105
WALL 44997497 1 0 1627781106
WALL 44997497 1 0 1627781107
WALL 44997497 1 0 1627781108
WALL 44997497 1 0 1627781109
WALL 44997497 1 0 1627781110
WALL 44997497 1 0 1627781111
WALL 44997497 1 0 1627781112
WALL 44997497 1 0 1627781113
WALL 44997497 1 0 1627781114
WALL 44997497 1 0 1627781115
WALL 44997497 1 0 1627781116
WALL 44997497 1 0 1627781117
WALL 44997497 1 0 1627781118
WALL 44997497 1 0 1627781119
WALL 44997497 1 0 1627781120
WALL 44997497 1 0 1627781121
WALL 44997497 1 0 1627781122
WALL 44997497 1 0 1627781123
WALL 44997497 1 0 1627781124
WALL 44997497 1 0 1627781125
WALL 44997497 1 0 1627781126
WALL 44997497 1 0 1627781127
WALL 44997497 1 0 1627781128
WALL 44997497 1 0 1627781129
WALL 44997497 1 0 1627781130
WALL 44997497 1 0 1627781131
WALL 44997497 1 0 1627781132
WALL 44997497 1 0 1627781133
WALL 44997497 1 0 1627781134
WALL 44997497 1 0 1627781135
WALL 44997497 1 0 1627781136
WALL 44997497 1 0 1627781137
WALL 44997497 1 0 1627781138
WALL 44997497 1 0 1627781139
WALL 44997497 1 0 1627781140
WALL 44997497 1 0 1627781141
WALL 44997497 1 0 1627781142
WALL 44997497 1 0 1627781143
WALL 44997497 1 0 1627781144
WALL 44997497 1 0 1627781145
WALL 44997497 1 0 1627781146
WALL 44997497 1 0 1627781147
WALL 44997497 1 0 1627781148
WALL 44997497 1 0 1627781149
WALL 44997497 1 0 1627781150
WALL 44997497 1 0 1627781151
WALL 44997497 1 0 1627781152
WALL 44997497 1 0 1627781153
WALL 44997497 1 0 1627781154
WALL 44997497 1 0 1627781155
WALL 44997497 1 0 1627781156
WALL 44997497 1 0 1627781157
WALL 44997497 1 0 1627781158
WALL 44997497 1 0 1627781159
WALL 44997497 1 0 1627781160
WALL 44997497 1 0 1627781161
WALL 44997497 1 0 1627781162
WALL 44997497 1 0 1627781163
WALL 44997497 1 0 1627781164
WALL 44997497 1 0 1627781165
WALL 44997497 1 0 1627781166
WALL 44997497 1 0 1627781167
WALL 44997497 1 0 1627781168
WALL 44997497 1 0 1627781169
WALL 44997497 1 0 1627781170
WALL 44997497 1 0 1627781171
WALL 44997497 1 0 1627781172
WALL 44997497 1 0 1627781173
WALL 44997497 1 0 1627781174
WALL 44997497 1 0 1627781175
WALL 44997497 1 0 1627781176
WALL 44997497 1 0 1627781177
WALL 44997497 1 0 1627781178
WALL 44997497 1 0 1627781179
WALL 44997497 1 0 1627781180
WALL 44997497 1 0 1627781181
WALL 44997497 1 0 1627781182
WALL 44997497 1 0 1627781183
WALL 44997497 1 0 1627781184
WALL 44997497 1 0 1627781185
WALL 44997497 1 0 1627781186
WALL 44997497 1 0 1627781187
WALL 44997497 1 0 1627781188
WALL 44997497 1 0 1627781189
WALL 44997497 1 0 1627781190
WALL 44997497 1 0 1627781191
WALL 44997497 1 0 1627781192
WALL 44997497 1 0 1627781193
WALL 44997497 1 0 1627781194
WALL 44997497 1 0 1627781195
WALL 44997497 1 0 1627781196
WALL 44997497 1 0 1627781197
WALL 44997497 1 0 1627781198
WALL 44997497 1 0 1627781199
WALL 44997497 1 0 1627781200
WALL 44997497 1 0 1627781201
WALL 44997497 1 0 1627781202
WALL 44997497 1 0 1627781203
WALL 44997497 1 0 1627781204
WALL 44997497 1 0 1627781205
WALL 44997497 1 0 1627781206
WALL 44997497 1 0 1627781207
WALL 44997497 1 0 1627781208
WALL 44997497 1 0 1627781209
WALL 44997497 1 0 1627781210
WALL 44997497 1 0 1627781211
WALL 44997497 1 0 1627781212
WALL 44997497 1 0 1627781213
WALL 44997497 1 0 1627781214
WALL 44997497 1 0 1627781215
WALL 44997497 1 0 1627781216
WALL 44997497 1 0 1627781217
WALL 44997497 1 0 1627781218
WALL 44997497 1 0 1627781219
WALL 44997497 1 0 1627781220
WALL 44997497 1 0 1627781221
WALL 44997497 1 0 1627781222
WALL 44997497 1 0 1627781223
WALL 44997497 1 0 1627781224
WALL 44997497 1 0 1627781225
WALL 44997497 1 0 1627781226
WALL 44997497 1 0 1627781227
WALL 44997497 1 0 1627781228
WALL 44997497 1 0 1627781229
WALL 44997497 1 0 1627781230
WALL 44997497 1 0 1627781231
WALL 44997497 1 0 1627781232
WALL 44997497 1 0 1627781233
WALL 44997497 1 0 1627781234
WALL 44997497 1 0 1627781235
WALL 44997497 1 0 1627781236
WALL 44997497 1 0 1627781237
WALL 44997497 1 0 1627781238
WALL 44997497 1 0 1627781239
WALL 44997497 1 0 1627781240
WALL 44997497 1 0 1627781241
WALL 44997497 1 0 1627781242
WALL 44997497 1 0 1627781243
WALL 44997497 1 0 1627781244
WALL 44997497 1 0 1627781245
WALL 44997497 1 0 1627781246
WALL 44997497 1 0 1627781247
WALL 44997497 1 0 1627781248
WALL 44997497 1 0 1627781249
WALL 44997497 1 0 1627781250
WALL 44997497 1 0 1627781251
WALL 44997497 1 0 1627781252
WALL 44997497 1 0 1627781253
WALL 44997497 1 0 1627781254
WALL 44997497 1 0 1627781255
WALL 44997497 1 0 1627781256
WALL 44997497 1 0 1627781257
WALL 44997497 1 0 1627781258
WALL 44997497 1 0 1627781259
WALL 44997497 1 0 1627781260
WALL 44997497 1 0 1627781261
WALL 44997497 1 0 1627781262
WALL 44997497 1 0 1627781263
WALL 44997497 1 0 1627781264
WALL 44997497 1 0 1627781265
WALL 44997497 1 0 1627781266
WALL 44997497 1 0 1627781267
WALL 44997497 1 0 1627781268
WALL 44997497 1 0 1627781269
WALL 44997497 1 0 1627781270
WALL 44997497 1 0 1627781271
WALL 44997497 1 0 1627781272
WALL 44997497 1 0 1627781273
WALL 44997497 1 0 1627781274
WALL 44997497 1 0 1627781275
WALL 44997497 1 0 1627781276
WALL 44997497 1 0 1627781277
WALL 44997497 1 0 1627781278
WALL 44997497 1 0 1627781279
WALL 44997497 1 0 1627781280
WALL 44997497 1 0 1627781281
WALL 44997497 1 0 1627781282
WALL 44997497 1 0 1627781283
WALL 44997497 1 0 1627781284
WALL 44997497 1 0 1627781285
WALL 44997497 1 0 1627781286
WALL 44997497 1 0 1627781287
WALL 44997497 1 0 1627781288
WALL 44997497 1 0 1627781289
WALL 44997497 1 0 1627781290
WALL 44997497 1 0 1627781291
WALL 44997497 1 0 1627781292
WALL 44997497 1 0 1627781293
WALL 44997497 1 0 1627781294
WALL 44997497 1 0 1627781295
WALL 44997497 1 0 1627781296
WALL 44997497 1 0 1627781297
WALL 44997497 1 0 1627781298
WALL 44997497 1 0 1627781299
WALL 44997497 1 0 1627781300
WALL 44997497 1 0 1627781301
WALL 44997497 1 0 1627781302
WALL 44997497 1 0 1627781303
WALL 44997497 1 0 1627781304
WALL 44997497 1 0 1627781305
WALL 44997497 1 0 1627781306
WALL 44997497 1 0 1627781307
WALL 44997497 1 0 1627781308
WALL 44997497 1 0 1627781309
WALL 44997497 1 0 1627781310
WALL 44997497 1 0 1627781311
WALL 44997497 1 0 1627781312
WALL 44997497 1 0 1627781313
WALL 44997497 1 0 1627781314
WALL 44997497 1 0 1627781315
WALL 44997497 1 0 1627781316
WALL 44997497 1 0 1627781317
WALL 44997497 1 0 1627781318
WALL 44997497 1 0 1627781319
WALL 44997497 1 0 1627781320
WALL 44997497 1 0 1627781321
WALL 44997497 1 0 1627781322
WALL 44997497 1 0 1627781323
WALL 44997497 1 0 1627781324
WALL 44997497 1 0 1627781325
WALL 44997497 1 0 1627781326
WALL 44997497 1 0 1627781327
WALL 44997497 1 0 1627781328
WALL 44997497 1 0 1627781329
WALL 44997497 1 0 1627781330
WALL 44997497 1 0 1627781331
WALL 44997497 1 0 1627781332
WALL 44997497 1 0 1627781333
WALL 44997497 1 0 1627781334
WALL 44997497 1 0 1627781335
WALL 44997497 1 0 1627781336
WALL 44997497 1 0 1627781337
WALL 44997497 1 0 1627781338
WALL 44997497 1 0 1627781339
WALL 44997497 1 0 1627781340
WALL 44997497 1 0 1627781341
WALL 44997497 1 0 1627781342
WALL 44997497 1 0 1627781343
WALL 44997497 1 0 1627781344
WALL 44997497 1 0 1627781345
WALL 44997497 1 0 1627781346
WALL 44997497 1 0 1627781347
WALL 44997497 1 0 1627781348
WALL 44997497 1 0 1627781349
WALL 44997497 1 0 1627781350
WALL 44997497 1 0 1627781351
WALL 44997497 1 0 1627781352
WALL 44997497 1 0 1627781353
WALL 44997497 1 0 1627781354
WALL 44997497 1 0 1627781355
WALL 44997497 1 0 1627781356
WALL 44997497 1 0 1627781357
WALL 44997497 1 0 1627781358
WALL 44997497 1 0 1627781359
WALL 44997497 1 0 1627781360
WALL 44997497 1 0 1627781361
WALL 44997497 1 0 1627781362
WALL 44997497 1 0 1627781363
WALL 44997497 1 0 1627781364
WALL 44997497 1 0 1627781365
WALL 44997497 1 0 1627781366
WALL 44997497 1 0 1627781367
WALL 44997497 1 0 1627781368
WALL 44997497 1 0 1627781369
WALL 44997497 1 0 1627781370
WALL 44997497 1 0 1627781371
WALL 44997497 1 0 1627781372
WALL 44997497 1 0 1627781373
WALL 44997497 1 0 1627781374
WALL 44997497 1 0 1627781375
WALL 44997497 1 0 1627781376
WALL 44997497 1 0 1627781377
WALL 44997497 1 0 1627781378
WALL 44997497 1 0 1627781379
WALL 44997497 1 0 1627781380
WALL 44997497 1 0 1627781381
WALL 44997497 1 0 1627781382
WALL 44997497 1 0 1627781383
WALL 44997497 1 0 1627781384
WALL 44997497 1 0 1627781385
WALL 44997497 1 0 1627781386
WALL 44997497 1 0 1627781387
WALL 44997497 1 0 1627781388
WALL 44997497 1 0 1627781389
WALL 44997497 1 0 1627781390
WALL 44997497 1 0 1627781391
WALL 44997497 1 0 1627781392
WALL 44997497 1 0 1627781393
WALL 44997497 1 0 1627781394
WALL 44997497 1 0 1627781395
WALL 44997497 1 0 1627781396
WALL 44997497 1 0 1627781397
WALL 44997497 1 0 1627781398
WALL 44997497 1 0 1627781399
WALL 44997497 1 0 1627781400
WALL 44997497 1 0 1627781401
WALL 44997497 1 0 1627781402
WALL 44997497 1 0 1627781403
WALL 44997497 1 0 1627781404
WALL 44997497 1 0 1627781405
WALL 44997497 1 0 1627781406
WALL 44997497 1 0 1627781407
WALL 44997497 1 0 1627781408
WALL 44997497 1 0 1627781409
WALL 44997497 1 0 1627781410
WALL 44997497 1 0 1627781411
WALL 44997497 1 0 1627781412
WALL 44997497 1 0 1627781413
WALL 44997497 1 0 1627781414
WALL 44997497 1 0 1627781415
WALL 44997497 1 0 1627781416
WALL 44997497 1 0 1627781417
WALL 44997497 1 0 1627781418
WALL 44997497 1 0 1627781419
WALL 44997497 1 0 1627781420
WALL 44997497 1 0 1627781421
WALL 44997497 1 0 1627781422
WALL 44997497 1 0 1627781423
WALL 44997497 1 0 1627781424
WALL 44997497 1 0 1627781425
WALL 44997497 1 0 1627781426
WALL 44997497 1 0 1627781427
WALL 44997497 1 0 1627781428
WALL 44997497 1 0 1627781429
WALL 44997497 1 0 1627781430
WALL 44997497 1 0 1627781431
WALL 44997497 1 0 1627781432
WALL 44997497 1 0 1627781433
WALL 44997497 1 0 1627781434
WALL 44997497 1 0 1627781435
WALL 44997497 1 0 1627781436
WALL 44997497 1 0 1627781437
WALL 44997497 1 0 1627781438
WALL 44997497 1 0 1627781439
WALL 44997497 1 0 1627781440
WALL 44997497 1 0 1627781441
WALL 44997497 1 0 1627781442
WALL 44997497 1 0 1627781443
WALL 44997497 1 0 1627781444
WALL 44997497 1 0 1627781445
WALL 44997497 1 0 1627781446
WALL 44997497 1 0 1627781447
WALL 44997497 1 0 1627781448
WALL 44997497 1 0 1627781449
WALL 44997497 1 0 1627781450
WALL 44997497 1 0 1627781451
WALL 44997497 1 0 1627781452
WALL 44997497 1 0 1627781453
WALL 44997497 1 0 1627781454
WALL 44997497 1 0 1627781455
WALL 44997497 1 0 1627781456
WALL 44997497 1 0 1627781457
WALL 44997497 1 0 1627781458
WALL 44997497 1 0 1627781459
WALL 44997497 1 0 1627781460
WALL 44997497 1 0 1627781461
WALL 44997497 1 0 1627781462
WALL 44997497 1 0 1627781463
WALL 44997497 1 0 1627781464
WALL 44997497 1 0 1627781465
WALL 44997497 1 0 1627781466
WALL 44997497 1 0 1627781467
WALL 44997497 1 0 1627781468
WALL 44997497 1 0 1627781469
WALL 44997497 1 0 1627781470
WALL 44997497 1 0 1627781471
WALL 44997497 1 0 1627781472
WALL 44997497 1 0 1627781473
WALL 44997497 1 0 1627781474
WALL 44997497 1 0 1627781475
WALL 44997497 1 0 1627781476
WALL 44997497 1 0 1627781477
WALL 44997497 1 0 1627781478
WALL 44997497 1 0 1627781479
WALL 44997497 1 0 1627781480
WALL 44997497 1 0 1627781481
WALL 44997497 1 0 1627781482
WALL 44997497 1 0 1627781483
WALL 44997497 1 0 1627781484
WALL 44997497 1 0 1627781485
WALL 44997497 1 0 1627781486
WALL 44997497 1 0 1627781487
WALL 44997497 1 0 1627781488
WALL 44997497 1 0 1627781489
WALL 44997497 1 0 1627781490
WALL 44997497 1 0 1627781491
WALL 44997497 1 0 1627781492
WALL 44997497 1 0 1627781493
WALL 44997497 1 0 1627781494
WALL 44997497 1 0 1627781495
WALL 44997497 1 0 1627781496
WALL 44997497 1 0 1627781497
WALL 44997497 1 0 1627781498
WALL 44997497 1 0 1627781499
WALL 44997497 1 0 1627781500
WALL 44997497 1 0 1627781501
WALL 44997497 1 0 1627781502
WALL 44997497 1 0 1627781503
WALL 44997497 1 0 1627781504
WALL 44997497 1 0 1627781505
WALL 44997497 1 0 1627781506
WALL 44997497 1 0 1627781507
WALL 44997497 1 0 1627781508
WALL 44997497 1 0 1627781509
WALL 44997497 1 0 1627781510
WALL 44997497 1 0 1627781511
WALL 44997497 1 0 1627781512
WALL 44997497 1 0 1627781513
WALL 44997497 1 0 1627781514
WALL 44997497 1 0 1627781515
WALL 44997497 1 0 1627781516
WALL 44997497 1 0 1627781517
WALL 44997497 1 0 1627781518
WALL 44997497 1 0 1627781519
WALL 44997497 1 0 1627781520
WALL 44997497 1 0 1627781521
WALL 44997497 1 0 1627781522
WALL 44997497 1 0 1627781523
WALL 44997497 1 0 1627781524
WALL 44997497 1 0 1627781525
slurmstepd: error: *** STEP 44997497.0 ON nid00874 CANCELLED AT 2021-07-31T18:32:06 ***
received SIGCONT 1627781526
received SIGTERM 1627781526
WALL 44997497 1 0 1627781526
WALL 44997497 1 0 1627781527
WALL 44997497 1 0 1627781528
WALL 44997497 1 0 1627781529
WALL 44997497 1 0 1627781530
WALL 44997497 1 0 1627781531
WALL 44997497 1 0 1627781532
WALL 44997497 1 0 1627781533
WALL 44997497 1 0 1627781534
WALL 44997497 1 0 1627781535
WALL 44997497 1 0 1627781536
WALL 44997497 1 0 1627781537
WALL 44997497 1 0 1627781538
WALL 44997497 1 0 1627781539
WALL 44997497 1 0 1627781540
WALL 44997497 1 0 1627781541
WALL 44997497 1 0 1627781542
WALL 44997497 1 0 1627781543
WALL 44997497 1 0 1627781544
WALL 44997497 1 0 1627781545
WALL 44997497 1 0 1627781546
WALL 44997497 1 0 1627781547
WALL 44997497 1 0 1627781548
WALL 44997497 1 0 1627781549
WALL 44997497 1 0 1627781550
WALL 44997497 1 0 1627781551
WALL 44997497 1 0 1627781552
WALL 44997497 1 0 1627781553
WALL 44997497 1 0 1627781554
WALL 44997497 1 0 1627781555
WALL 44997497 1 0 1627781556
WALL 44997497 1 0 1627781557
WALL 44997497 1 0 1627781558
WALL 44997497 1 0 1627781559
WALL 44997497 1 0 1627781560
WALL 44997497 1 0 1627781561
WALL 44997497 1 0 1627781562
WALL 44997497 1 0 1627781563
WALL 44997497 1 0 1627781564
WALL 44997497 1 0 1627781565
WALL 44997497 1 0 1627781566
WALL 44997497 1 0 1627781567
WALL 44997497 1 0 1627781568
WALL 44997497 1 0 1627781569
WALL 44997497 1 0 1627781570
WALL 44997497 1 0 1627781571
WALL 44997497 1 0 1627781572
WALL 44997497 1 0 1627781573
WALL 44997497 1 0 1627781574
WALL 44997497 1 0 1627781575
WALL 44997497 1 0 1627781576
WALL 44997497 1 0 1627781577
WALL 44997497 1 0 1627781578
WALL 44997497 1 0 1627781579
WALL 44997497 1 0 1627781580
WALL 44997497 1 0 1627781581
WALL 44997497 1 0 1627781582
WALL 44997497 1 0 1627781583
WALL 44997497 1 0 1627781584
WALL 44997497 1 0 1627781585
WALL 44997497 1 0 1627781586
WALL 44997497 1 0 1627781587
WALL 44997497 1 0 1627781588
WALL 44997497 1 0 1627781589
WALL 44997497 1 0 1627781590
WALL 44997497 1 0 1627781591
WALL 44997497 1 0 1627781592
WALL 44997497 1 0 1627781593
WALL 44997497 1 0 1627781594
received SIGTERM 1627781594
WALL 44997497 1 0 1627781594
received SIGCONT 1627781594
WALL 44997497 1 0 1627781594
srun: got SIGCONT
received SIGTERM 1627781594
WALL 44997497 1 0 1627781594
srun: forcing job termination
