WALL 44994548 1 0 1627769368
WALL 44994548 1 0 1627769369
WALL 44994548 1 0 1627769370
WALL 44994548 1 0 1627769371
WALL 44994548 1 0 1627769372
WALL 44994548 1 0 1627769373
WALL 44994548 1 0 1627769374
WALL 44994548 1 0 1627769375
WALL 44994548 1 0 1627769376
WALL 44994548 1 0 1627769377
WALL 44994548 1 0 1627769378
WALL 44994548 1 0 1627769379
WALL 44994548 1 0 1627769380
WALL 44994548 1 0 1627769381
WALL 44994548 1 0 1627769382
WALL 44994548 1 0 1627769383
WALL 44994548 1 0 1627769384
WALL 44994548 1 0 1627769385
WALL 44994548 1 0 1627769386
WALL 44994548 1 0 1627769387
WALL 44994548 1 0 1627769388
WALL 44994548 1 0 1627769389
WALL 44994548 1 0 1627769390
WALL 44994548 1 0 1627769391
WALL 44994548 1 0 1627769392
WALL 44994548 1 0 1627769393
WALL 44994548 1 0 1627769394
WALL 44994548 1 0 1627769395
WALL 44994548 1 0 1627769396
WALL 44994548 1 0 1627769397
WALL 44994548 1 0 1627769398
WALL 44994548 1 0 1627769399
WALL 44994548 1 0 1627769400
WALL 44994548 1 0 1627769401
WALL 44994548 1 0 1627769402
WALL 44994548 1 0 1627769403
WALL 44994548 1 0 1627769404
WALL 44994548 1 0 1627769405
received SIGCONT 1627769406
WALL 44994548 1 0 1627769406
slurmstepd: error: *** STEP 44994548.0 ON nid00804 CANCELLED AT 2021-07-31T15:10:06 ***
received SIGTERM 1627769406
WALL 44994548 1 0 1627769406
WALL 44994548 1 0 1627769407
WALL 44994548 1 0 1627769408
WALL 44994548 1 0 1627769409
WALL 44994548 1 0 1627769410
WALL 44994548 1 0 1627769411
WALL 44994548 1 0 1627769412
WALL 44994548 1 0 1627769413
WALL 44994548 1 0 1627769414
WALL 44994548 1 0 1627769415
WALL 44994548 1 0 1627769416
WALL 44994548 1 0 1627769417
WALL 44994548 1 0 1627769418
WALL 44994548 1 0 1627769419
WALL 44994548 1 0 1627769420
WALL 44994548 1 0 1627769421
WALL 44994548 1 0 1627769422
WALL 44994548 1 0 1627769423
WALL 44994548 1 0 1627769424
WALL 44994548 1 0 1627769425
WALL 44994548 1 0 1627769426
WALL 44994548 1 0 1627769427
WALL 44994548 1 0 1627769428
WALL 44994548 1 0 1627769429
WALL 44994548 1 0 1627769430
WALL 44994548 1 0 1627769431
WALL 44994548 1 0 1627769432
WALL 44994548 1 0 1627769433
WALL 44994548 1 0 1627769434
WALL 44994548 1 0 1627769435
WALL 44994548 1 0 1627769436
WALL 44994548 1 0 1627769437
WALL 44994548 1 0 1627769438
WALL 44994548 1 0 1627769439
WALL 44994548 1 0 1627769440
WALL 44994548 1 0 1627769441
WALL 44994548 1 0 1627769442
WALL 44994548 1 0 1627769443
WALL 44994548 1 0 1627769444
WALL 44994548 1 0 1627769445
WALL 44994548 1 0 1627769446
WALL 44994548 1 0 1627769447
WALL 44994548 1 0 1627769448
WALL 44994548 1 0 1627769449
WALL 44994548 1 0 1627769450
WALL 44994548 1 0 1627769451
WALL 44994548 1 0 1627769452
WALL 44994548 1 0 1627769453
WALL 44994548 1 0 1627769454
WALL 44994548 1 0 1627769455
WALL 44994548 1 0 1627769456
WALL 44994548 1 0 1627769457
WALL 44994548 1 0 1627769458
WALL 44994548 1 0 1627769459
WALL 44994548 1 0 1627769460
WALL 44994548 1 0 1627769461
WALL 44994548 1 0 1627769462
WALL 44994548 1 0 1627769463
WALL 44994548 1 0 1627769464
WALL 44994548 1 0 1627769465
WALL 44994548 1 0 1627769466
WALL 44994548 1 0 1627769467
WALL 44994548 1 0 1627769468
WALL 44994548 1 0 1627769469
WALL 44994548 1 0 1627769470
WALL 44994548 1 0 1627769471
WALL 44994548 1 0 1627769472
WALL 44994548 1 0 1627769473
WALL 44994548 1 0 1627769474
WALL 44994548 1 0 1627769475
srun: Job step aborted: Waiting up to 32 seconds for job step to finish.
received SIGTERM 1627769475
WALL 44994548 1 0 1627769475
received SIGCONT 1627769475
WALL 44994548 1 0 1627769475
srun: got SIGCONT
received SIGTERM 1627769475
WALL 44994548 1 0 1627769475
srun: forcing job termination
