srun: Warning: can't run 1 processes on 4 nodes, setting nnodes to 1
WALL 44997492 1 0 1627782594
WALL 44997492 1 0 1627782595
WALL 44997492 1 0 1627782596
WALL 44997492 1 0 1627782597
WALL 44997492 1 0 1627782598
WALL 44997492 1 0 1627782599
WALL 44997492 1 0 1627782600
WALL 44997492 1 0 1627782601
WALL 44997492 1 0 1627782602
WALL 44997492 1 0 1627782603
WALL 44997492 1 0 1627782604
WALL 44997492 1 0 1627782605
WALL 44997492 1 0 1627782606
WALL 44997492 1 0 1627782607
WALL 44997492 1 0 1627782608
WALL 44997492 1 0 1627782609
WALL 44997492 1 0 1627782610
WALL 44997492 1 0 1627782611
WALL 44997492 1 0 1627782612
WALL 44997492 1 0 1627782613
WALL 44997492 1 0 1627782614
WALL 44997492 1 0 1627782615
WALL 44997492 1 0 1627782616
WALL 44997492 1 0 1627782617
WALL 44997492 1 0 1627782618
WALL 44997492 1 0 1627782619
WALL 44997492 1 0 1627782620
WALL 44997492 1 0 1627782621
WALL 44997492 1 0 1627782622
WALL 44997492 1 0 1627782623
WALL 44997492 1 0 1627782624
WALL 44997492 1 0 1627782625
WALL 44997492 1 0 1627782626
WALL 44997492 1 0 1627782627
WALL 44997492 1 0 1627782628
WALL 44997492 1 0 1627782629
WALL 44997492 1 0 1627782630
WALL 44997492 1 0 1627782631
WALL 44997492 1 0 1627782632
WALL 44997492 1 0 1627782633
WALL 44997492 1 0 1627782634
WALL 44997492 1 0 1627782635
WALL 44997492 1 0 1627782636
WALL 44997492 1 0 1627782637
WALL 44997492 1 0 1627782638
WALL 44997492 1 0 1627782639
WALL 44997492 1 0 1627782640
WALL 44997492 1 0 1627782641
WALL 44997492 1 0 1627782642
WALL 44997492 1 0 1627782643
WALL 44997492 1 0 1627782644
WALL 44997492 1 0 1627782645
WALL 44997492 1 0 1627782646
WALL 44997492 1 0 1627782647
WALL 44997492 1 0 1627782648
WALL 44997492 1 0 1627782649
WALL 44997492 1 0 1627782650
WALL 44997492 1 0 1627782651
WALL 44997492 1 0 1627782652
WALL 44997492 1 0 1627782653
WALL 44997492 1 0 1627782654
WALL 44997492 1 0 1627782655
WALL 44997492 1 0 1627782656
WALL 44997492 1 0 1627782657
WALL 44997492 1 0 1627782658
WALL 44997492 1 0 1627782659
WALL 44997492 1 0 1627782660
WALL 44997492 1 0 1627782661
WALL 44997492 1 0 1627782662
WALL 44997492 1 0 1627782663
WALL 44997492 1 0 1627782664
WALL 44997492 1 0 1627782665
WALL 44997492 1 0 1627782666
WALL 44997492 1 0 1627782667
WALL 44997492 1 0 1627782668
WALL 44997492 1 0 1627782669
WALL 44997492 1 0 1627782670
WALL 44997492 1 0 1627782671
WALL 44997492 1 0 1627782672
WALL 44997492 1 0 1627782673
WALL 44997492 1 0 1627782674
WALL 44997492 1 0 1627782675
WALL 44997492 1 0 1627782676
WALL 44997492 1 0 1627782677
WALL 44997492 1 0 1627782678
WALL 44997492 1 0 1627782679
WALL 44997492 1 0 1627782680
WALL 44997492 1 0 1627782681
WALL 44997492 1 0 1627782682
WALL 44997492 1 0 1627782683
WALL 44997492 1 0 1627782684
WALL 44997492 1 0 1627782685
WALL 44997492 1 0 1627782686
WALL 44997492 1 0 1627782687
WALL 44997492 1 0 1627782688
WALL 44997492 1 0 1627782689
WALL 44997492 1 0 1627782690
WALL 44997492 1 0 1627782691
WALL 44997492 1 0 1627782692
WALL 44997492 1 0 1627782693
WALL 44997492 1 0 1627782694
WALL 44997492 1 0 1627782695
WALL 44997492 1 0 1627782696
WALL 44997492 1 0 1627782697
WALL 44997492 1 0 1627782698
WALL 44997492 1 0 1627782699
WALL 44997492 1 0 1627782700
WALL 44997492 1 0 1627782701
WALL 44997492 1 0 1627782702
WALL 44997492 1 0 1627782703
WALL 44997492 1 0 1627782704
WALL 44997492 1 0 1627782705
WALL 44997492 1 0 1627782706
WALL 44997492 1 0 1627782707
WALL 44997492 1 0 1627782708
WALL 44997492 1 0 1627782709
WALL 44997492 1 0 1627782710
WALL 44997492 1 0 1627782711
WALL 44997492 1 0 1627782712
WALL 44997492 1 0 1627782713
WALL 44997492 1 0 1627782714
WALL 44997492 1 0 1627782715
WALL 44997492 1 0 1627782716
WALL 44997492 1 0 1627782717
WALL 44997492 1 0 1627782718
WALL 44997492 1 0 1627782719
WALL 44997492 1 0 1627782720
WALL 44997492 1 0 1627782721
WALL 44997492 1 0 1627782722
WALL 44997492 1 0 1627782723
WALL 44997492 1 0 1627782724
WALL 44997492 1 0 1627782725
WALL 44997492 1 0 1627782726
WALL 44997492 1 0 1627782727
WALL 44997492 1 0 1627782728
WALL 44997492 1 0 1627782729
WALL 44997492 1 0 1627782730
WALL 44997492 1 0 1627782731
WALL 44997492 1 0 1627782732
WALL 44997492 1 0 1627782733
WALL 44997492 1 0 1627782734
WALL 44997492 1 0 1627782735
WALL 44997492 1 0 1627782736
WALL 44997492 1 0 1627782737
WALL 44997492 1 0 1627782738
WALL 44997492 1 0 1627782739
WALL 44997492 1 0 1627782740
WALL 44997492 1 0 1627782741
WALL 44997492 1 0 1627782742
WALL 44997492 1 0 1627782743
WALL 44997492 1 0 1627782744
WALL 44997492 1 0 1627782745
WALL 44997492 1 0 1627782746
WALL 44997492 1 0 1627782747
WALL 44997492 1 0 1627782748
WALL 44997492 1 0 1627782749
WALL 44997492 1 0 1627782750
WALL 44997492 1 0 1627782751
WALL 44997492 1 0 1627782752
WALL 44997492 1 0 1627782753
WALL 44997492 1 0 1627782754
WALL 44997492 1 0 1627782755
WALL 44997492 1 0 1627782756
WALL 44997492 1 0 1627782757
WALL 44997492 1 0 1627782758
WALL 44997492 1 0 1627782759
WALL 44997492 1 0 1627782760
WALL 44997492 1 0 1627782761
WALL 44997492 1 0 1627782762
WALL 44997492 1 0 1627782763
WALL 44997492 1 0 1627782764
WALL 44997492 1 0 1627782765
WALL 44997492 1 0 1627782766
WALL 44997492 1 0 1627782767
WALL 44997492 1 0 1627782768
WALL 44997492 1 0 1627782769
WALL 44997492 1 0 1627782770
WALL 44997492 1 0 1627782771
WALL 44997492 1 0 1627782772
WALL 44997492 1 0 1627782773
WALL 44997492 1 0 1627782774
WALL 44997492 1 0 1627782775
WALL 44997492 1 0 1627782776
WALL 44997492 1 0 1627782777
WALL 44997492 1 0 1627782778
WALL 44997492 1 0 1627782779
WALL 44997492 1 0 1627782780
WALL 44997492 1 0 1627782781
WALL 44997492 1 0 1627782782
WALL 44997492 1 0 1627782783
WALL 44997492 1 0 1627782784
WALL 44997492 1 0 1627782785
WALL 44997492 1 0 1627782786
WALL 44997492 1 0 1627782787
WALL 44997492 1 0 1627782788
WALL 44997492 1 0 1627782789
WALL 44997492 1 0 1627782790
WALL 44997492 1 0 1627782791
WALL 44997492 1 0 1627782792
WALL 44997492 1 0 1627782793
WALL 44997492 1 0 1627782794
WALL 44997492 1 0 1627782795
WALL 44997492 1 0 1627782796
WALL 44997492 1 0 1627782797
WALL 44997492 1 0 1627782798
WALL 44997492 1 0 1627782799
WALL 44997492 1 0 1627782800
WALL 44997492 1 0 1627782801
WALL 44997492 1 0 1627782802
WALL 44997492 1 0 1627782803
WALL 44997492 1 0 1627782804
WALL 44997492 1 0 1627782805
WALL 44997492 1 0 1627782806
WALL 44997492 1 0 1627782807
WALL 44997492 1 0 1627782808
WALL 44997492 1 0 1627782809
WALL 44997492 1 0 1627782810
WALL 44997492 1 0 1627782811
WALL 44997492 1 0 1627782812
WALL 44997492 1 0 1627782813
WALL 44997492 1 0 1627782814
WALL 44997492 1 0 1627782815
WALL 44997492 1 0 1627782816
WALL 44997492 1 0 1627782817
WALL 44997492 1 0 1627782818
WALL 44997492 1 0 1627782819
WALL 44997492 1 0 1627782820
WALL 44997492 1 0 1627782821
WALL 44997492 1 0 1627782822
WALL 44997492 1 0 1627782823
WALL 44997492 1 0 1627782824
WALL 44997492 1 0 1627782825
WALL 44997492 1 0 1627782826
WALL 44997492 1 0 1627782827
WALL 44997492 1 0 1627782828
WALL 44997492 1 0 1627782829
WALL 44997492 1 0 1627782830
WALL 44997492 1 0 1627782831
WALL 44997492 1 0 1627782832
WALL 44997492 1 0 1627782833
WALL 44997492 1 0 1627782834
WALL 44997492 1 0 1627782835
WALL 44997492 1 0 1627782836
WALL 44997492 1 0 1627782837
WALL 44997492 1 0 1627782838
WALL 44997492 1 0 1627782839
WALL 44997492 1 0 1627782840
WALL 44997492 1 0 1627782841
WALL 44997492 1 0 1627782842
WALL 44997492 1 0 1627782843
WALL 44997492 1 0 1627782844
WALL 44997492 1 0 1627782845
WALL 44997492 1 0 1627782846
WALL 44997492 1 0 1627782847
WALL 44997492 1 0 1627782848
WALL 44997492 1 0 1627782849
WALL 44997492 1 0 1627782850
WALL 44997492 1 0 1627782851
WALL 44997492 1 0 1627782852
WALL 44997492 1 0 1627782853
WALL 44997492 1 0 1627782854
WALL 44997492 1 0 1627782855
WALL 44997492 1 0 1627782856
WALL 44997492 1 0 1627782857
WALL 44997492 1 0 1627782858
WALL 44997492 1 0 1627782859
WALL 44997492 1 0 1627782860
WALL 44997492 1 0 1627782861
WALL 44997492 1 0 1627782862
WALL 44997492 1 0 1627782863
WALL 44997492 1 0 1627782864
WALL 44997492 1 0 1627782865
WALL 44997492 1 0 1627782866
WALL 44997492 1 0 1627782867
WALL 44997492 1 0 1627782868
WALL 44997492 1 0 1627782869
WALL 44997492 1 0 1627782870
WALL 44997492 1 0 1627782871
WALL 44997492 1 0 1627782872
WALL 44997492 1 0 1627782873
WALL 44997492 1 0 1627782874
WALL 44997492 1 0 1627782875
WALL 44997492 1 0 1627782876
WALL 44997492 1 0 1627782877
WALL 44997492 1 0 1627782878
WALL 44997492 1 0 1627782879
WALL 44997492 1 0 1627782880
WALL 44997492 1 0 1627782881
WALL 44997492 1 0 1627782882
WALL 44997492 1 0 1627782883
WALL 44997492 1 0 1627782884
WALL 44997492 1 0 1627782885
WALL 44997492 1 0 1627782886
WALL 44997492 1 0 1627782887
WALL 44997492 1 0 1627782888
WALL 44997492 1 0 1627782889
WALL 44997492 1 0 1627782890
WALL 44997492 1 0 1627782891
WALL 44997492 1 0 1627782892
WALL 44997492 1 0 1627782893
WALL 44997492 1 0 1627782894
WALL 44997492 1 0 1627782895
WALL 44997492 1 0 1627782896
WALL 44997492 1 0 1627782897
WALL 44997492 1 0 1627782898
WALL 44997492 1 0 1627782899
WALL 44997492 1 0 1627782900
WALL 44997492 1 0 1627782901
WALL 44997492 1 0 1627782902
WALL 44997492 1 0 1627782903
WALL 44997492 1 0 1627782904
WALL 44997492 1 0 1627782905
WALL 44997492 1 0 1627782906
WALL 44997492 1 0 1627782907
WALL 44997492 1 0 1627782908
WALL 44997492 1 0 1627782909
WALL 44997492 1 0 1627782910
WALL 44997492 1 0 1627782911
WALL 44997492 1 0 1627782912
WALL 44997492 1 0 1627782913
WALL 44997492 1 0 1627782914
WALL 44997492 1 0 1627782915
WALL 44997492 1 0 1627782916
WALL 44997492 1 0 1627782917
WALL 44997492 1 0 1627782918
WALL 44997492 1 0 1627782919
WALL 44997492 1 0 1627782920
WALL 44997492 1 0 1627782921
WALL 44997492 1 0 1627782922
WALL 44997492 1 0 1627782923
WALL 44997492 1 0 1627782924
WALL 44997492 1 0 1627782925
WALL 44997492 1 0 1627782926
WALL 44997492 1 0 1627782927
WALL 44997492 1 0 1627782928
WALL 44997492 1 0 1627782929
WALL 44997492 1 0 1627782930
WALL 44997492 1 0 1627782931
WALL 44997492 1 0 1627782932
WALL 44997492 1 0 1627782933
WALL 44997492 1 0 1627782934
WALL 44997492 1 0 1627782935
WALL 44997492 1 0 1627782936
WALL 44997492 1 0 1627782937
WALL 44997492 1 0 1627782938
WALL 44997492 1 0 1627782939
WALL 44997492 1 0 1627782940
WALL 44997492 1 0 1627782941
WALL 44997492 1 0 1627782942
WALL 44997492 1 0 1627782943
WALL 44997492 1 0 1627782944
WALL 44997492 1 0 1627782945
WALL 44997492 1 0 1627782946
WALL 44997492 1 0 1627782947
WALL 44997492 1 0 1627782948
WALL 44997492 1 0 1627782949
WALL 44997492 1 0 1627782950
WALL 44997492 1 0 1627782951
WALL 44997492 1 0 1627782952
WALL 44997492 1 0 1627782953
WALL 44997492 1 0 1627782954
WALL 44997492 1 0 1627782955
WALL 44997492 1 0 1627782956
WALL 44997492 1 0 1627782957
WALL 44997492 1 0 1627782958
WALL 44997492 1 0 1627782959
WALL 44997492 1 0 1627782960
WALL 44997492 1 0 1627782961
WALL 44997492 1 0 1627782962
WALL 44997492 1 0 1627782963
WALL 44997492 1 0 1627782964
WALL 44997492 1 0 1627782965
WALL 44997492 1 0 1627782966
WALL 44997492 1 0 1627782967
WALL 44997492 1 0 1627782968
WALL 44997492 1 0 1627782969
WALL 44997492 1 0 1627782970
WALL 44997492 1 0 1627782971
WALL 44997492 1 0 1627782972
WALL 44997492 1 0 1627782973
WALL 44997492 1 0 1627782974
WALL 44997492 1 0 1627782975
WALL 44997492 1 0 1627782976
WALL 44997492 1 0 1627782977
WALL 44997492 1 0 1627782978
WALL 44997492 1 0 1627782979
WALL 44997492 1 0 1627782980
WALL 44997492 1 0 1627782981
WALL 44997492 1 0 1627782982
WALL 44997492 1 0 1627782983
WALL 44997492 1 0 1627782984
WALL 44997492 1 0 1627782985
WALL 44997492 1 0 1627782986
WALL 44997492 1 0 1627782987
WALL 44997492 1 0 1627782988
WALL 44997492 1 0 1627782989
WALL 44997492 1 0 1627782990
WALL 44997492 1 0 1627782991
WALL 44997492 1 0 1627782992
WALL 44997492 1 0 1627782993
WALL 44997492 1 0 1627782994
WALL 44997492 1 0 1627782995
WALL 44997492 1 0 1627782996
WALL 44997492 1 0 1627782997
WALL 44997492 1 0 1627782998
WALL 44997492 1 0 1627782999
WALL 44997492 1 0 1627783000
WALL 44997492 1 0 1627783001
WALL 44997492 1 0 1627783002
WALL 44997492 1 0 1627783003
WALL 44997492 1 0 1627783004
WALL 44997492 1 0 1627783005
WALL 44997492 1 0 1627783006
WALL 44997492 1 0 1627783007
WALL 44997492 1 0 1627783008
WALL 44997492 1 0 1627783009
WALL 44997492 1 0 1627783010
WALL 44997492 1 0 1627783011
WALL 44997492 1 0 1627783012
WALL 44997492 1 0 1627783013
WALL 44997492 1 0 1627783014
WALL 44997492 1 0 1627783015
WALL 44997492 1 0 1627783016
WALL 44997492 1 0 1627783017
WALL 44997492 1 0 1627783018
WALL 44997492 1 0 1627783019
WALL 44997492 1 0 1627783020
WALL 44997492 1 0 1627783021
WALL 44997492 1 0 1627783022
WALL 44997492 1 0 1627783023
WALL 44997492 1 0 1627783024
WALL 44997492 1 0 1627783025
WALL 44997492 1 0 1627783026
WALL 44997492 1 0 1627783027
WALL 44997492 1 0 1627783028
WALL 44997492 1 0 1627783029
WALL 44997492 1 0 1627783030
WALL 44997492 1 0 1627783031
WALL 44997492 1 0 1627783032
WALL 44997492 1 0 1627783033
WALL 44997492 1 0 1627783034
WALL 44997492 1 0 1627783035
WALL 44997492 1 0 1627783036
WALL 44997492 1 0 1627783037
WALL 44997492 1 0 1627783038
WALL 44997492 1 0 1627783039
WALL 44997492 1 0 1627783040
WALL 44997492 1 0 1627783041
WALL 44997492 1 0 1627783042
WALL 44997492 1 0 1627783043
WALL 44997492 1 0 1627783044
WALL 44997492 1 0 1627783045
WALL 44997492 1 0 1627783046
WALL 44997492 1 0 1627783047
WALL 44997492 1 0 1627783048
WALL 44997492 1 0 1627783049
WALL 44997492 1 0 1627783050
WALL 44997492 1 0 1627783051
WALL 44997492 1 0 1627783052
WALL 44997492 1 0 1627783053
WALL 44997492 1 0 1627783054
WALL 44997492 1 0 1627783055
WALL 44997492 1 0 1627783056
WALL 44997492 1 0 1627783057
WALL 44997492 1 0 1627783058
WALL 44997492 1 0 1627783059
WALL 44997492 1 0 1627783060
WALL 44997492 1 0 1627783061
WALL 44997492 1 0 1627783062
WALL 44997492 1 0 1627783063
WALL 44997492 1 0 1627783064
WALL 44997492 1 0 1627783065
WALL 44997492 1 0 1627783066
WALL 44997492 1 0 1627783067
WALL 44997492 1 0 1627783068
WALL 44997492 1 0 1627783069
WALL 44997492 1 0 1627783070
WALL 44997492 1 0 1627783071
WALL 44997492 1 0 1627783072
WALL 44997492 1 0 1627783073
WALL 44997492 1 0 1627783074
WALL 44997492 1 0 1627783075
WALL 44997492 1 0 1627783076
WALL 44997492 1 0 1627783077
WALL 44997492 1 0 1627783078
WALL 44997492 1 0 1627783079
WALL 44997492 1 0 1627783080
WALL 44997492 1 0 1627783081
WALL 44997492 1 0 1627783082
WALL 44997492 1 0 1627783083
WALL 44997492 1 0 1627783084
WALL 44997492 1 0 1627783085
WALL 44997492 1 0 1627783086
WALL 44997492 1 0 1627783087
WALL 44997492 1 0 1627783088
WALL 44997492 1 0 1627783089
WALL 44997492 1 0 1627783090
WALL 44997492 1 0 1627783091
WALL 44997492 1 0 1627783092
WALL 44997492 1 0 1627783093
WALL 44997492 1 0 1627783094
WALL 44997492 1 0 1627783095
WALL 44997492 1 0 1627783096
WALL 44997492 1 0 1627783097
WALL 44997492 1 0 1627783098
WALL 44997492 1 0 1627783099
WALL 44997492 1 0 1627783100
WALL 44997492 1 0 1627783101
WALL 44997492 1 0 1627783102
WALL 44997492 1 0 1627783103
WALL 44997492 1 0 1627783104
WALL 44997492 1 0 1627783105
WALL 44997492 1 0 1627783106
WALL 44997492 1 0 1627783107
WALL 44997492 1 0 1627783108
WALL 44997492 1 0 1627783109
WALL 44997492 1 0 1627783110
WALL 44997492 1 0 1627783111
WALL 44997492 1 0 1627783112
WALL 44997492 1 0 1627783113
WALL 44997492 1 0 1627783114
WALL 44997492 1 0 1627783115
WALL 44997492 1 0 1627783116
WALL 44997492 1 0 1627783117
WALL 44997492 1 0 1627783118
WALL 44997492 1 0 1627783119
WALL 44997492 1 0 1627783120
WALL 44997492 1 0 1627783121
WALL 44997492 1 0 1627783122
WALL 44997492 1 0 1627783123
WALL 44997492 1 0 1627783124
WALL 44997492 1 0 1627783125
WALL 44997492 1 0 1627783126
WALL 44997492 1 0 1627783127
WALL 44997492 1 0 1627783128
WALL 44997492 1 0 1627783129
WALL 44997492 1 0 1627783130
WALL 44997492 1 0 1627783131
WALL 44997492 1 0 1627783132
WALL 44997492 1 0 1627783133
WALL 44997492 1 0 1627783134
WALL 44997492 1 0 1627783135
WALL 44997492 1 0 1627783136
WALL 44997492 1 0 1627783137
WALL 44997492 1 0 1627783138
WALL 44997492 1 0 1627783139
WALL 44997492 1 0 1627783140
WALL 44997492 1 0 1627783141
WALL 44997492 1 0 1627783142
WALL 44997492 1 0 1627783143
WALL 44997492 1 0 1627783144
WALL 44997492 1 0 1627783145
WALL 44997492 1 0 1627783146
WALL 44997492 1 0 1627783147
WALL 44997492 1 0 1627783148
WALL 44997492 1 0 1627783149
WALL 44997492 1 0 1627783150
WALL 44997492 1 0 1627783151
WALL 44997492 1 0 1627783152
WALL 44997492 1 0 1627783153
WALL 44997492 1 0 1627783154
WALL 44997492 1 0 1627783155
WALL 44997492 1 0 1627783156
WALL 44997492 1 0 1627783157
WALL 44997492 1 0 1627783158
WALL 44997492 1 0 1627783159
WALL 44997492 1 0 1627783160
WALL 44997492 1 0 1627783161
WALL 44997492 1 0 1627783162
WALL 44997492 1 0 1627783163
WALL 44997492 1 0 1627783164
WALL 44997492 1 0 1627783165
WALL 44997492 1 0 1627783166
WALL 44997492 1 0 1627783167
WALL 44997492 1 0 1627783168
WALL 44997492 1 0 1627783169
WALL 44997492 1 0 1627783170
WALL 44997492 1 0 1627783171
WALL 44997492 1 0 1627783172
WALL 44997492 1 0 1627783173
WALL 44997492 1 0 1627783174
WALL 44997492 1 0 1627783175
WALL 44997492 1 0 1627783176
WALL 44997492 1 0 1627783177
WALL 44997492 1 0 1627783178
WALL 44997492 1 0 1627783179
WALL 44997492 1 0 1627783180
WALL 44997492 1 0 1627783181
WALL 44997492 1 0 1627783182
WALL 44997492 1 0 1627783183
WALL 44997492 1 0 1627783184
WALL 44997492 1 0 1627783185
WALL 44997492 1 0 1627783186
WALL 44997492 1 0 1627783187
WALL 44997492 1 0 1627783188
WALL 44997492 1 0 1627783189
WALL 44997492 1 0 1627783190
WALL 44997492 1 0 1627783191
WALL 44997492 1 0 1627783192
WALL 44997492 1 0 1627783193
WALL 44997492 1 0 1627783194
WALL 44997492 1 0 1627783195
WALL 44997492 1 0 1627783196
WALL 44997492 1 0 1627783197
WALL 44997492 1 0 1627783198
WALL 44997492 1 0 1627783199
WALL 44997492 1 0 1627783200
WALL 44997492 1 0 1627783201
WALL 44997492 1 0 1627783202
WALL 44997492 1 0 1627783203
WALL 44997492 1 0 1627783204
WALL 44997492 1 0 1627783205
WALL 44997492 1 0 1627783206
WALL 44997492 1 0 1627783207
WALL 44997492 1 0 1627783208
WALL 44997492 1 0 1627783209
WALL 44997492 1 0 1627783210
WALL 44997492 1 0 1627783211
WALL 44997492 1 0 1627783212
WALL 44997492 1 0 1627783213
WALL 44997492 1 0 1627783214
WALL 44997492 1 0 1627783215
WALL 44997492 1 0 1627783216
WALL 44997492 1 0 1627783217
WALL 44997492 1 0 1627783218
WALL 44997492 1 0 1627783219
WALL 44997492 1 0 1627783220
WALL 44997492 1 0 1627783221
WALL 44997492 1 0 1627783222
WALL 44997492 1 0 1627783223
WALL 44997492 1 0 1627783224
WALL 44997492 1 0 1627783225
WALL 44997492 1 0 1627783226
WALL 44997492 1 0 1627783227
WALL 44997492 1 0 1627783228
WALL 44997492 1 0 1627783229
WALL 44997492 1 0 1627783230
WALL 44997492 1 0 1627783231
WALL 44997492 1 0 1627783232
WALL 44997492 1 0 1627783233
WALL 44997492 1 0 1627783234
WALL 44997492 1 0 1627783235
WALL 44997492 1 0 1627783236
WALL 44997492 1 0 1627783237
WALL 44997492 1 0 1627783238
WALL 44997492 1 0 1627783239
WALL 44997492 1 0 1627783240
WALL 44997492 1 0 1627783241
WALL 44997492 1 0 1627783242
WALL 44997492 1 0 1627783243
WALL 44997492 1 0 1627783244
WALL 44997492 1 0 1627783245
WALL 44997492 1 0 1627783246
WALL 44997492 1 0 1627783247
WALL 44997492 1 0 1627783248
WALL 44997492 1 0 1627783249
WALL 44997492 1 0 1627783250
WALL 44997492 1 0 1627783251
WALL 44997492 1 0 1627783252
WALL 44997492 1 0 1627783253
WALL 44997492 1 0 1627783254
WALL 44997492 1 0 1627783255
WALL 44997492 1 0 1627783256
WALL 44997492 1 0 1627783257
WALL 44997492 1 0 1627783258
WALL 44997492 1 0 1627783259
WALL 44997492 1 0 1627783260
WALL 44997492 1 0 1627783261
WALL 44997492 1 0 1627783262
WALL 44997492 1 0 1627783263
WALL 44997492 1 0 1627783264
WALL 44997492 1 0 1627783265
WALL 44997492 1 0 1627783266
WALL 44997492 1 0 1627783267
WALL 44997492 1 0 1627783268
WALL 44997492 1 0 1627783269
WALL 44997492 1 0 1627783270
WALL 44997492 1 0 1627783271
WALL 44997492 1 0 1627783272
WALL 44997492 1 0 1627783273
WALL 44997492 1 0 1627783274
WALL 44997492 1 0 1627783275
WALL 44997492 1 0 1627783276
WALL 44997492 1 0 1627783277
WALL 44997492 1 0 1627783278
WALL 44997492 1 0 1627783279
WALL 44997492 1 0 1627783280
WALL 44997492 1 0 1627783281
WALL 44997492 1 0 1627783282
WALL 44997492 1 0 1627783283
WALL 44997492 1 0 1627783284
WALL 44997492 1 0 1627783285
WALL 44997492 1 0 1627783286
WALL 44997492 1 0 1627783287
WALL 44997492 1 0 1627783288
WALL 44997492 1 0 1627783289
WALL 44997492 1 0 1627783290
WALL 44997492 1 0 1627783291
WALL 44997492 1 0 1627783292
WALL 44997492 1 0 1627783293
WALL 44997492 1 0 1627783294
WALL 44997492 1 0 1627783295
WALL 44997492 1 0 1627783296
WALL 44997492 1 0 1627783297
WALL 44997492 1 0 1627783298
WALL 44997492 1 0 1627783299
WALL 44997492 1 0 1627783300
WALL 44997492 1 0 1627783301
WALL 44997492 1 0 1627783302
WALL 44997492 1 0 1627783303
WALL 44997492 1 0 1627783304
WALL 44997492 1 0 1627783305
WALL 44997492 1 0 1627783306
WALL 44997492 1 0 1627783307
WALL 44997492 1 0 1627783308
WALL 44997492 1 0 1627783309
WALL 44997492 1 0 1627783310
WALL 44997492 1 0 1627783311
WALL 44997492 1 0 1627783312
WALL 44997492 1 0 1627783313
WALL 44997492 1 0 1627783314
WALL 44997492 1 0 1627783315
WALL 44997492 1 0 1627783316
WALL 44997492 1 0 1627783317
WALL 44997492 1 0 1627783318
WALL 44997492 1 0 1627783319
WALL 44997492 1 0 1627783320
WALL 44997492 1 0 1627783321
WALL 44997492 1 0 1627783322
WALL 44997492 1 0 1627783323
WALL 44997492 1 0 1627783324
WALL 44997492 1 0 1627783325
WALL 44997492 1 0 1627783326
WALL 44997492 1 0 1627783327
WALL 44997492 1 0 1627783328
WALL 44997492 1 0 1627783329
WALL 44997492 1 0 1627783330
WALL 44997492 1 0 1627783331
WALL 44997492 1 0 1627783332
WALL 44997492 1 0 1627783333
WALL 44997492 1 0 1627783334
WALL 44997492 1 0 1627783335
WALL 44997492 1 0 1627783336
WALL 44997492 1 0 1627783337
WALL 44997492 1 0 1627783338
WALL 44997492 1 0 1627783339
WALL 44997492 1 0 1627783340
WALL 44997492 1 0 1627783341
WALL 44997492 1 0 1627783342
WALL 44997492 1 0 1627783343
WALL 44997492 1 0 1627783344
WALL 44997492 1 0 1627783345
WALL 44997492 1 0 1627783346
WALL 44997492 1 0 1627783347
WALL 44997492 1 0 1627783348
WALL 44997492 1 0 1627783349
WALL 44997492 1 0 1627783350
WALL 44997492 1 0 1627783351
WALL 44997492 1 0 1627783352
WALL 44997492 1 0 1627783353
WALL 44997492 1 0 1627783354
WALL 44997492 1 0 1627783355
WALL 44997492 1 0 1627783356
WALL 44997492 1 0 1627783357
WALL 44997492 1 0 1627783358
WALL 44997492 1 0 1627783359
WALL 44997492 1 0 1627783360
WALL 44997492 1 0 1627783361
WALL 44997492 1 0 1627783362
WALL 44997492 1 0 1627783363
WALL 44997492 1 0 1627783364
WALL 44997492 1 0 1627783365
WALL 44997492 1 0 1627783366
WALL 44997492 1 0 1627783367
WALL 44997492 1 0 1627783368
WALL 44997492 1 0 1627783369
WALL 44997492 1 0 1627783370
WALL 44997492 1 0 1627783371
WALL 44997492 1 0 1627783372
WALL 44997492 1 0 1627783373
WALL 44997492 1 0 1627783374
WALL 44997492 1 0 1627783375
WALL 44997492 1 0 1627783376
WALL 44997492 1 0 1627783377
WALL 44997492 1 0 1627783378
WALL 44997492 1 0 1627783379
WALL 44997492 1 0 1627783380
WALL 44997492 1 0 1627783381
WALL 44997492 1 0 1627783382
WALL 44997492 1 0 1627783383
WALL 44997492 1 0 1627783384
WALL 44997492 1 0 1627783385
WALL 44997492 1 0 1627783386
WALL 44997492 1 0 1627783387
WALL 44997492 1 0 1627783388
WALL 44997492 1 0 1627783389
WALL 44997492 1 0 1627783390
WALL 44997492 1 0 1627783391
WALL 44997492 1 0 1627783392
WALL 44997492 1 0 1627783393
WALL 44997492 1 0 1627783394
WALL 44997492 1 0 1627783395
WALL 44997492 1 0 1627783396
WALL 44997492 1 0 1627783397
WALL 44997492 1 0 1627783398
WALL 44997492 1 0 1627783399
WALL 44997492 1 0 1627783400
WALL 44997492 1 0 1627783401
WALL 44997492 1 0 1627783402
WALL 44997492 1 0 1627783403
WALL 44997492 1 0 1627783404
WALL 44997492 1 0 1627783405
WALL 44997492 1 0 1627783406
WALL 44997492 1 0 1627783407
WALL 44997492 1 0 1627783408
WALL 44997492 1 0 1627783409
WALL 44997492 1 0 1627783410
WALL 44997492 1 0 1627783411
WALL 44997492 1 0 1627783412
WALL 44997492 1 0 1627783413
WALL 44997492 1 0 1627783414
WALL 44997492 1 0 1627783415
WALL 44997492 1 0 1627783416
WALL 44997492 1 0 1627783417
WALL 44997492 1 0 1627783418
WALL 44997492 1 0 1627783419
WALL 44997492 1 0 1627783420
WALL 44997492 1 0 1627783421
WALL 44997492 1 0 1627783422
WALL 44997492 1 0 1627783423
WALL 44997492 1 0 1627783424
WALL 44997492 1 0 1627783425
WALL 44997492 1 0 1627783426
WALL 44997492 1 0 1627783427
WALL 44997492 1 0 1627783428
WALL 44997492 1 0 1627783429
WALL 44997492 1 0 1627783430
WALL 44997492 1 0 1627783431
WALL 44997492 1 0 1627783432
WALL 44997492 1 0 1627783433
WALL 44997492 1 0 1627783434
WALL 44997492 1 0 1627783435
WALL 44997492 1 0 1627783436
WALL 44997492 1 0 1627783437
WALL 44997492 1 0 1627783438
WALL 44997492 1 0 1627783439
WALL 44997492 1 0 1627783440
WALL 44997492 1 0 1627783441
WALL 44997492 1 0 1627783442
WALL 44997492 1 0 1627783443
WALL 44997492 1 0 1627783444
WALL 44997492 1 0 1627783445
WALL 44997492 1 0 1627783446
WALL 44997492 1 0 1627783447
WALL 44997492 1 0 1627783448
WALL 44997492 1 0 1627783449
WALL 44997492 1 0 1627783450
WALL 44997492 1 0 1627783451
WALL 44997492 1 0 1627783452
WALL 44997492 1 0 1627783453
WALL 44997492 1 0 1627783454
WALL 44997492 1 0 1627783455
WALL 44997492 1 0 1627783456
WALL 44997492 1 0 1627783457
WALL 44997492 1 0 1627783458
WALL 44997492 1 0 1627783459
WALL 44997492 1 0 1627783460
WALL 44997492 1 0 1627783461
WALL 44997492 1 0 1627783462
WALL 44997492 1 0 1627783463
WALL 44997492 1 0 1627783464
WALL 44997492 1 0 1627783465
WALL 44997492 1 0 1627783466
WALL 44997492 1 0 1627783467
WALL 44997492 1 0 1627783468
WALL 44997492 1 0 1627783469
WALL 44997492 1 0 1627783470
WALL 44997492 1 0 1627783471
WALL 44997492 1 0 1627783472
WALL 44997492 1 0 1627783473
WALL 44997492 1 0 1627783474
WALL 44997492 1 0 1627783475
WALL 44997492 1 0 1627783476
WALL 44997492 1 0 1627783477
WALL 44997492 1 0 1627783478
WALL 44997492 1 0 1627783479
WALL 44997492 1 0 1627783480
WALL 44997492 1 0 1627783481
WALL 44997492 1 0 1627783482
WALL 44997492 1 0 1627783483
WALL 44997492 1 0 1627783484
WALL 44997492 1 0 1627783485
WALL 44997492 1 0 1627783486
WALL 44997492 1 0 1627783487
WALL 44997492 1 0 1627783488
WALL 44997492 1 0 1627783489
WALL 44997492 1 0 1627783490
WALL 44997492 1 0 1627783491
WALL 44997492 1 0 1627783492
WALL 44997492 1 0 1627783493
WALL 44997492 1 0 1627783494
WALL 44997492 1 0 1627783495
WALL 44997492 1 0 1627783496
WALL 44997492 1 0 1627783497
WALL 44997492 1 0 1627783498
WALL 44997492 1 0 1627783499
WALL 44997492 1 0 1627783500
WALL 44997492 1 0 1627783501
WALL 44997492 1 0 1627783502
WALL 44997492 1 0 1627783503
WALL 44997492 1 0 1627783504
WALL 44997492 1 0 1627783505
WALL 44997492 1 0 1627783506
WALL 44997492 1 0 1627783507
WALL 44997492 1 0 1627783508
WALL 44997492 1 0 1627783509
WALL 44997492 1 0 1627783510
WALL 44997492 1 0 1627783511
WALL 44997492 1 0 1627783512
WALL 44997492 1 0 1627783513
WALL 44997492 1 0 1627783514
WALL 44997492 1 0 1627783515
WALL 44997492 1 0 1627783516
WALL 44997492 1 0 1627783517
WALL 44997492 1 0 1627783518
WALL 44997492 1 0 1627783519
WALL 44997492 1 0 1627783520
WALL 44997492 1 0 1627783521
WALL 44997492 1 0 1627783522
WALL 44997492 1 0 1627783523
WALL 44997492 1 0 1627783524
WALL 44997492 1 0 1627783525
WALL 44997492 1 0 1627783526
WALL 44997492 1 0 1627783527
WALL 44997492 1 0 1627783528
WALL 44997492 1 0 1627783529
WALL 44997492 1 0 1627783530
WALL 44997492 1 0 1627783531
WALL 44997492 1 0 1627783532
WALL 44997492 1 0 1627783533
WALL 44997492 1 0 1627783534
WALL 44997492 1 0 1627783535
WALL 44997492 1 0 1627783536
WALL 44997492 1 0 1627783537
WALL 44997492 1 0 1627783538
WALL 44997492 1 0 1627783539
WALL 44997492 1 0 1627783540
WALL 44997492 1 0 1627783541
WALL 44997492 1 0 1627783542
WALL 44997492 1 0 1627783543
WALL 44997492 1 0 1627783544
WALL 44997492 1 0 1627783545
WALL 44997492 1 0 1627783546
WALL 44997492 1 0 1627783547
WALL 44997492 1 0 1627783548
WALL 44997492 1 0 1627783549
WALL 44997492 1 0 1627783550
WALL 44997492 1 0 1627783551
WALL 44997492 1 0 1627783552
WALL 44997492 1 0 1627783553
WALL 44997492 1 0 1627783554
WALL 44997492 1 0 1627783555
WALL 44997492 1 0 1627783556
WALL 44997492 1 0 1627783557
WALL 44997492 1 0 1627783558
WALL 44997492 1 0 1627783559
WALL 44997492 1 0 1627783560
WALL 44997492 1 0 1627783561
WALL 44997492 1 0 1627783562
WALL 44997492 1 0 1627783563
WALL 44997492 1 0 1627783564
WALL 44997492 1 0 1627783565
WALL 44997492 1 0 1627783566
WALL 44997492 1 0 1627783567
WALL 44997492 1 0 1627783568
WALL 44997492 1 0 1627783569
WALL 44997492 1 0 1627783570
WALL 44997492 1 0 1627783571
WALL 44997492 1 0 1627783572
WALL 44997492 1 0 1627783573
WALL 44997492 1 0 1627783574
WALL 44997492 1 0 1627783575
WALL 44997492 1 0 1627783576
WALL 44997492 1 0 1627783577
WALL 44997492 1 0 1627783578
WALL 44997492 1 0 1627783579
WALL 44997492 1 0 1627783580
WALL 44997492 1 0 1627783581
WALL 44997492 1 0 1627783582
WALL 44997492 1 0 1627783583
WALL 44997492 1 0 1627783584
WALL 44997492 1 0 1627783585
WALL 44997492 1 0 1627783586
WALL 44997492 1 0 1627783587
WALL 44997492 1 0 1627783588
WALL 44997492 1 0 1627783589
WALL 44997492 1 0 1627783590
WALL 44997492 1 0 1627783591
WALL 44997492 1 0 1627783592
WALL 44997492 1 0 1627783593
WALL 44997492 1 0 1627783594
WALL 44997492 1 0 1627783595
WALL 44997492 1 0 1627783596
WALL 44997492 1 0 1627783597
WALL 44997492 1 0 1627783598
WALL 44997492 1 0 1627783599
WALL 44997492 1 0 1627783600
WALL 44997492 1 0 1627783601
WALL 44997492 1 0 1627783602
WALL 44997492 1 0 1627783603
WALL 44997492 1 0 1627783604
WALL 44997492 1 0 1627783605
WALL 44997492 1 0 1627783606
WALL 44997492 1 0 1627783607
WALL 44997492 1 0 1627783608
WALL 44997492 1 0 1627783609
WALL 44997492 1 0 1627783610
WALL 44997492 1 0 1627783611
WALL 44997492 1 0 1627783612
WALL 44997492 1 0 1627783613
WALL 44997492 1 0 1627783614
WALL 44997492 1 0 1627783615
WALL 44997492 1 0 1627783616
WALL 44997492 1 0 1627783617
WALL 44997492 1 0 1627783618
WALL 44997492 1 0 1627783619
WALL 44997492 1 0 1627783620
WALL 44997492 1 0 1627783621
WALL 44997492 1 0 1627783622
WALL 44997492 1 0 1627783623
WALL 44997492 1 0 1627783624
WALL 44997492 1 0 1627783625
WALL 44997492 1 0 1627783626
WALL 44997492 1 0 1627783627
WALL 44997492 1 0 1627783628
WALL 44997492 1 0 1627783629
WALL 44997492 1 0 1627783630
WALL 44997492 1 0 1627783631
WALL 44997492 1 0 1627783632
WALL 44997492 1 0 1627783633
WALL 44997492 1 0 1627783634
WALL 44997492 1 0 1627783635
WALL 44997492 1 0 1627783636
WALL 44997492 1 0 1627783637
WALL 44997492 1 0 1627783638
WALL 44997492 1 0 1627783639
WALL 44997492 1 0 1627783640
WALL 44997492 1 0 1627783641
WALL 44997492 1 0 1627783642
WALL 44997492 1 0 1627783643
WALL 44997492 1 0 1627783644
WALL 44997492 1 0 1627783645
WALL 44997492 1 0 1627783646
WALL 44997492 1 0 1627783647
WALL 44997492 1 0 1627783648
WALL 44997492 1 0 1627783649
WALL 44997492 1 0 1627783650
WALL 44997492 1 0 1627783651
WALL 44997492 1 0 1627783652
WALL 44997492 1 0 1627783653
WALL 44997492 1 0 1627783654
WALL 44997492 1 0 1627783655
WALL 44997492 1 0 1627783656
WALL 44997492 1 0 1627783657
WALL 44997492 1 0 1627783658
WALL 44997492 1 0 1627783659
WALL 44997492 1 0 1627783660
WALL 44997492 1 0 1627783661
WALL 44997492 1 0 1627783662
WALL 44997492 1 0 1627783663
WALL 44997492 1 0 1627783664
WALL 44997492 1 0 1627783665
WALL 44997492 1 0 1627783666
WALL 44997492 1 0 1627783667
WALL 44997492 1 0 1627783668
WALL 44997492 1 0 1627783669
WALL 44997492 1 0 1627783670
WALL 44997492 1 0 1627783671
WALL 44997492 1 0 1627783672
WALL 44997492 1 0 1627783673
WALL 44997492 1 0 1627783674
WALL 44997492 1 0 1627783675
WALL 44997492 1 0 1627783676
WALL 44997492 1 0 1627783677
WALL 44997492 1 0 1627783678
WALL 44997492 1 0 1627783679
WALL 44997492 1 0 1627783680
WALL 44997492 1 0 1627783681
WALL 44997492 1 0 1627783682
WALL 44997492 1 0 1627783683
WALL 44997492 1 0 1627783684
WALL 44997492 1 0 1627783685
WALL 44997492 1 0 1627783686
WALL 44997492 1 0 1627783687
WALL 44997492 1 0 1627783688
WALL 44997492 1 0 1627783689
WALL 44997492 1 0 1627783690
WALL 44997492 1 0 1627783691
WALL 44997492 1 0 1627783692
WALL 44997492 1 0 1627783693
WALL 44997492 1 0 1627783694
WALL 44997492 1 0 1627783695
WALL 44997492 1 0 1627783696
WALL 44997492 1 0 1627783697
WALL 44997492 1 0 1627783698
WALL 44997492 1 0 1627783699
WALL 44997492 1 0 1627783700
WALL 44997492 1 0 1627783701
WALL 44997492 1 0 1627783702
WALL 44997492 1 0 1627783703
WALL 44997492 1 0 1627783704
WALL 44997492 1 0 1627783705
WALL 44997492 1 0 1627783706
WALL 44997492 1 0 1627783707
WALL 44997492 1 0 1627783708
WALL 44997492 1 0 1627783709
WALL 44997492 1 0 1627783710
WALL 44997492 1 0 1627783711
WALL 44997492 1 0 1627783712
WALL 44997492 1 0 1627783713
WALL 44997492 1 0 1627783714
WALL 44997492 1 0 1627783715
WALL 44997492 1 0 1627783716
WALL 44997492 1 0 1627783717
WALL 44997492 1 0 1627783718
WALL 44997492 1 0 1627783719
WALL 44997492 1 0 1627783720
WALL 44997492 1 0 1627783721
WALL 44997492 1 0 1627783722
WALL 44997492 1 0 1627783723
WALL 44997492 1 0 1627783724
WALL 44997492 1 0 1627783725
WALL 44997492 1 0 1627783726
WALL 44997492 1 0 1627783727
WALL 44997492 1 0 1627783728
WALL 44997492 1 0 1627783729
WALL 44997492 1 0 1627783730
WALL 44997492 1 0 1627783731
WALL 44997492 1 0 1627783732
WALL 44997492 1 0 1627783733
WALL 44997492 1 0 1627783734
WALL 44997492 1 0 1627783735
WALL 44997492 1 0 1627783736
WALL 44997492 1 0 1627783737
WALL 44997492 1 0 1627783738
WALL 44997492 1 0 1627783739
WALL 44997492 1 0 1627783740
WALL 44997492 1 0 1627783741
WALL 44997492 1 0 1627783742
WALL 44997492 1 0 1627783743
WALL 44997492 1 0 1627783744
WALL 44997492 1 0 1627783745
WALL 44997492 1 0 1627783746
WALL 44997492 1 0 1627783747
WALL 44997492 1 0 1627783748
WALL 44997492 1 0 1627783749
WALL 44997492 1 0 1627783750
WALL 44997492 1 0 1627783751
WALL 44997492 1 0 1627783752
WALL 44997492 1 0 1627783753
WALL 44997492 1 0 1627783754
WALL 44997492 1 0 1627783755
WALL 44997492 1 0 1627783756
WALL 44997492 1 0 1627783757
WALL 44997492 1 0 1627783758
WALL 44997492 1 0 1627783759
WALL 44997492 1 0 1627783760
WALL 44997492 1 0 1627783761
WALL 44997492 1 0 1627783762
WALL 44997492 1 0 1627783763
WALL 44997492 1 0 1627783764
WALL 44997492 1 0 1627783765
WALL 44997492 1 0 1627783766
WALL 44997492 1 0 1627783767
WALL 44997492 1 0 1627783768
WALL 44997492 1 0 1627783769
WALL 44997492 1 0 1627783770
WALL 44997492 1 0 1627783771
WALL 44997492 1 0 1627783772
WALL 44997492 1 0 1627783773
WALL 44997492 1 0 1627783774
WALL 44997492 1 0 1627783775
WALL 44997492 1 0 1627783776
WALL 44997492 1 0 1627783777
WALL 44997492 1 0 1627783778
WALL 44997492 1 0 1627783779
WALL 44997492 1 0 1627783780
WALL 44997492 1 0 1627783781
WALL 44997492 1 0 1627783782
WALL 44997492 1 0 1627783783
WALL 44997492 1 0 1627783784
WALL 44997492 1 0 1627783785
WALL 44997492 1 0 1627783786
WALL 44997492 1 0 1627783787
WALL 44997492 1 0 1627783788
WALL 44997492 1 0 1627783789
WALL 44997492 1 0 1627783790
WALL 44997492 1 0 1627783791
WALL 44997492 1 0 1627783792
WALL 44997492 1 0 1627783793
WALL 44997492 1 0 1627783794
WALL 44997492 1 0 1627783795
WALL 44997492 1 0 1627783796
WALL 44997492 1 0 1627783797
WALL 44997492 1 0 1627783798
WALL 44997492 1 0 1627783799
WALL 44997492 1 0 1627783800
WALL 44997492 1 0 1627783801
WALL 44997492 1 0 1627783802
WALL 44997492 1 0 1627783803
WALL 44997492 1 0 1627783804
WALL 44997492 1 0 1627783805
WALL 44997492 1 0 1627783806
WALL 44997492 1 0 1627783807
WALL 44997492 1 0 1627783808
WALL 44997492 1 0 1627783809
WALL 44997492 1 0 1627783810
WALL 44997492 1 0 1627783811
WALL 44997492 1 0 1627783812
WALL 44997492 1 0 1627783813
WALL 44997492 1 0 1627783814
WALL 44997492 1 0 1627783815
WALL 44997492 1 0 1627783816
WALL 44997492 1 0 1627783817
WALL 44997492 1 0 1627783818
WALL 44997492 1 0 1627783819
WALL 44997492 1 0 1627783820
WALL 44997492 1 0 1627783821
WALL 44997492 1 0 1627783822
WALL 44997492 1 0 1627783823
WALL 44997492 1 0 1627783824
WALL 44997492 1 0 1627783825
WALL 44997492 1 0 1627783826
WALL 44997492 1 0 1627783827
WALL 44997492 1 0 1627783828
WALL 44997492 1 0 1627783829
WALL 44997492 1 0 1627783830
WALL 44997492 1 0 1627783831
WALL 44997492 1 0 1627783832
WALL 44997492 1 0 1627783833
WALL 44997492 1 0 1627783834
WALL 44997492 1 0 1627783835
WALL 44997492 1 0 1627783836
WALL 44997492 1 0 1627783837
WALL 44997492 1 0 1627783838
WALL 44997492 1 0 1627783839
WALL 44997492 1 0 1627783840
WALL 44997492 1 0 1627783841
WALL 44997492 1 0 1627783842
WALL 44997492 1 0 1627783843
WALL 44997492 1 0 1627783844
WALL 44997492 1 0 1627783845
WALL 44997492 1 0 1627783846
WALL 44997492 1 0 1627783847
WALL 44997492 1 0 1627783848
WALL 44997492 1 0 1627783849
WALL 44997492 1 0 1627783850
WALL 44997492 1 0 1627783851
WALL 44997492 1 0 1627783852
WALL 44997492 1 0 1627783853
WALL 44997492 1 0 1627783854
WALL 44997492 1 0 1627783855
WALL 44997492 1 0 1627783856
WALL 44997492 1 0 1627783857
WALL 44997492 1 0 1627783858
WALL 44997492 1 0 1627783859
WALL 44997492 1 0 1627783860
WALL 44997492 1 0 1627783861
WALL 44997492 1 0 1627783862
WALL 44997492 1 0 1627783863
WALL 44997492 1 0 1627783864
WALL 44997492 1 0 1627783865
WALL 44997492 1 0 1627783866
WALL 44997492 1 0 1627783867
WALL 44997492 1 0 1627783868
WALL 44997492 1 0 1627783869
WALL 44997492 1 0 1627783870
WALL 44997492 1 0 1627783871
WALL 44997492 1 0 1627783872
WALL 44997492 1 0 1627783873
WALL 44997492 1 0 1627783874
WALL 44997492 1 0 1627783875
WALL 44997492 1 0 1627783876
WALL 44997492 1 0 1627783877
WALL 44997492 1 0 1627783878
WALL 44997492 1 0 1627783879
WALL 44997492 1 0 1627783880
WALL 44997492 1 0 1627783881
WALL 44997492 1 0 1627783882
WALL 44997492 1 0 1627783883
WALL 44997492 1 0 1627783884
WALL 44997492 1 0 1627783885
WALL 44997492 1 0 1627783886
WALL 44997492 1 0 1627783887
WALL 44997492 1 0 1627783888
WALL 44997492 1 0 1627783889
WALL 44997492 1 0 1627783890
WALL 44997492 1 0 1627783891
WALL 44997492 1 0 1627783892
WALL 44997492 1 0 1627783893
WALL 44997492 1 0 1627783894
WALL 44997492 1 0 1627783895
WALL 44997492 1 0 1627783896
WALL 44997492 1 0 1627783897
WALL 44997492 1 0 1627783898
WALL 44997492 1 0 1627783899
WALL 44997492 1 0 1627783900
WALL 44997492 1 0 1627783901
WALL 44997492 1 0 1627783902
WALL 44997492 1 0 1627783903
WALL 44997492 1 0 1627783904
WALL 44997492 1 0 1627783905
WALL 44997492 1 0 1627783906
WALL 44997492 1 0 1627783907
WALL 44997492 1 0 1627783908
WALL 44997492 1 0 1627783909
WALL 44997492 1 0 1627783910
WALL 44997492 1 0 1627783911
WALL 44997492 1 0 1627783912
WALL 44997492 1 0 1627783913
WALL 44997492 1 0 1627783914
WALL 44997492 1 0 1627783915
WALL 44997492 1 0 1627783916
WALL 44997492 1 0 1627783917
WALL 44997492 1 0 1627783918
WALL 44997492 1 0 1627783919
WALL 44997492 1 0 1627783920
WALL 44997492 1 0 1627783921
WALL 44997492 1 0 1627783922
WALL 44997492 1 0 1627783923
WALL 44997492 1 0 1627783924
WALL 44997492 1 0 1627783925
WALL 44997492 1 0 1627783926
WALL 44997492 1 0 1627783927
WALL 44997492 1 0 1627783928
WALL 44997492 1 0 1627783929
WALL 44997492 1 0 1627783930
WALL 44997492 1 0 1627783931
WALL 44997492 1 0 1627783932
WALL 44997492 1 0 1627783933
WALL 44997492 1 0 1627783934
WALL 44997492 1 0 1627783935
WALL 44997492 1 0 1627783936
WALL 44997492 1 0 1627783937
WALL 44997492 1 0 1627783938
WALL 44997492 1 0 1627783939
WALL 44997492 1 0 1627783940
WALL 44997492 1 0 1627783941
WALL 44997492 1 0 1627783942
WALL 44997492 1 0 1627783943
WALL 44997492 1 0 1627783944
WALL 44997492 1 0 1627783945
WALL 44997492 1 0 1627783946
WALL 44997492 1 0 1627783947
WALL 44997492 1 0 1627783948
WALL 44997492 1 0 1627783949
WALL 44997492 1 0 1627783950
WALL 44997492 1 0 1627783951
WALL 44997492 1 0 1627783952
WALL 44997492 1 0 1627783953
WALL 44997492 1 0 1627783954
WALL 44997492 1 0 1627783955
WALL 44997492 1 0 1627783956
WALL 44997492 1 0 1627783957
WALL 44997492 1 0 1627783958
WALL 44997492 1 0 1627783959
WALL 44997492 1 0 1627783960
WALL 44997492 1 0 1627783961
WALL 44997492 1 0 1627783962
WALL 44997492 1 0 1627783963
WALL 44997492 1 0 1627783964
WALL 44997492 1 0 1627783965
WALL 44997492 1 0 1627783966
WALL 44997492 1 0 1627783967
WALL 44997492 1 0 1627783968
WALL 44997492 1 0 1627783969
WALL 44997492 1 0 1627783970
WALL 44997492 1 0 1627783971
WALL 44997492 1 0 1627783972
WALL 44997492 1 0 1627783973
WALL 44997492 1 0 1627783974
WALL 44997492 1 0 1627783975
WALL 44997492 1 0 1627783976
WALL 44997492 1 0 1627783977
WALL 44997492 1 0 1627783978
WALL 44997492 1 0 1627783979
WALL 44997492 1 0 1627783980
WALL 44997492 1 0 1627783981
WALL 44997492 1 0 1627783982
WALL 44997492 1 0 1627783983
WALL 44997492 1 0 1627783984
WALL 44997492 1 0 1627783985
WALL 44997492 1 0 1627783986
WALL 44997492 1 0 1627783987
WALL 44997492 1 0 1627783988
WALL 44997492 1 0 1627783989
WALL 44997492 1 0 1627783990
WALL 44997492 1 0 1627783991
WALL 44997492 1 0 1627783992
WALL 44997492 1 0 1627783993
WALL 44997492 1 0 1627783994
WALL 44997492 1 0 1627783995
WALL 44997492 1 0 1627783996
WALL 44997492 1 0 1627783997
WALL 44997492 1 0 1627783998
WALL 44997492 1 0 1627783999
WALL 44997492 1 0 1627784000
WALL 44997492 1 0 1627784001
WALL 44997492 1 0 1627784002
WALL 44997492 1 0 1627784003
WALL 44997492 1 0 1627784004
WALL 44997492 1 0 1627784005
WALL 44997492 1 0 1627784006
WALL 44997492 1 0 1627784007
WALL 44997492 1 0 1627784008
WALL 44997492 1 0 1627784009
WALL 44997492 1 0 1627784010
WALL 44997492 1 0 1627784011
WALL 44997492 1 0 1627784012
WALL 44997492 1 0 1627784013
WALL 44997492 1 0 1627784014
WALL 44997492 1 0 1627784015
WALL 44997492 1 0 1627784016
WALL 44997492 1 0 1627784017
WALL 44997492 1 0 1627784018
WALL 44997492 1 0 1627784019
WALL 44997492 1 0 1627784020
WALL 44997492 1 0 1627784021
WALL 44997492 1 0 1627784022
WALL 44997492 1 0 1627784023
WALL 44997492 1 0 1627784024
WALL 44997492 1 0 1627784025
WALL 44997492 1 0 1627784026
WALL 44997492 1 0 1627784027
WALL 44997492 1 0 1627784028
WALL 44997492 1 0 1627784029
WALL 44997492 1 0 1627784030
WALL 44997492 1 0 1627784031
WALL 44997492 1 0 1627784032
WALL 44997492 1 0 1627784033
WALL 44997492 1 0 1627784034
WALL 44997492 1 0 1627784035
WALL 44997492 1 0 1627784036
WALL 44997492 1 0 1627784037
WALL 44997492 1 0 1627784038
WALL 44997492 1 0 1627784039
WALL 44997492 1 0 1627784040
WALL 44997492 1 0 1627784041
WALL 44997492 1 0 1627784042
WALL 44997492 1 0 1627784043
WALL 44997492 1 0 1627784044
WALL 44997492 1 0 1627784045
WALL 44997492 1 0 1627784046
WALL 44997492 1 0 1627784047
WALL 44997492 1 0 1627784048
WALL 44997492 1 0 1627784049
WALL 44997492 1 0 1627784050
WALL 44997492 1 0 1627784051
WALL 44997492 1 0 1627784052
WALL 44997492 1 0 1627784053
WALL 44997492 1 0 1627784054
WALL 44997492 1 0 1627784055
WALL 44997492 1 0 1627784056
WALL 44997492 1 0 1627784057
WALL 44997492 1 0 1627784058
WALL 44997492 1 0 1627784059
WALL 44997492 1 0 1627784060
WALL 44997492 1 0 1627784061
WALL 44997492 1 0 1627784062
WALL 44997492 1 0 1627784063
WALL 44997492 1 0 1627784064
WALL 44997492 1 0 1627784065
WALL 44997492 1 0 1627784066
WALL 44997492 1 0 1627784067
WALL 44997492 1 0 1627784068
WALL 44997492 1 0 1627784069
WALL 44997492 1 0 1627784070
WALL 44997492 1 0 1627784071
WALL 44997492 1 0 1627784072
WALL 44997492 1 0 1627784073
WALL 44997492 1 0 1627784074
WALL 44997492 1 0 1627784075
WALL 44997492 1 0 1627784076
WALL 44997492 1 0 1627784077
WALL 44997492 1 0 1627784078
WALL 44997492 1 0 1627784079
WALL 44997492 1 0 1627784080
WALL 44997492 1 0 1627784081
WALL 44997492 1 0 1627784082
WALL 44997492 1 0 1627784083
WALL 44997492 1 0 1627784084
WALL 44997492 1 0 1627784085
WALL 44997492 1 0 1627784086
WALL 44997492 1 0 1627784087
WALL 44997492 1 0 1627784088
WALL 44997492 1 0 1627784089
WALL 44997492 1 0 1627784090
WALL 44997492 1 0 1627784091
WALL 44997492 1 0 1627784092
WALL 44997492 1 0 1627784093
WALL 44997492 1 0 1627784094
WALL 44997492 1 0 1627784095
WALL 44997492 1 0 1627784096
WALL 44997492 1 0 1627784097
WALL 44997492 1 0 1627784098
WALL 44997492 1 0 1627784099
WALL 44997492 1 0 1627784100
WALL 44997492 1 0 1627784101
WALL 44997492 1 0 1627784102
WALL 44997492 1 0 1627784103
WALL 44997492 1 0 1627784104
WALL 44997492 1 0 1627784105
WALL 44997492 1 0 1627784106
WALL 44997492 1 0 1627784107
WALL 44997492 1 0 1627784108
WALL 44997492 1 0 1627784109
WALL 44997492 1 0 1627784110
WALL 44997492 1 0 1627784111
WALL 44997492 1 0 1627784112
WALL 44997492 1 0 1627784113
WALL 44997492 1 0 1627784114
WALL 44997492 1 0 1627784115
WALL 44997492 1 0 1627784116
WALL 44997492 1 0 1627784117
WALL 44997492 1 0 1627784118
WALL 44997492 1 0 1627784119
WALL 44997492 1 0 1627784120
WALL 44997492 1 0 1627784121
WALL 44997492 1 0 1627784122
WALL 44997492 1 0 1627784123
WALL 44997492 1 0 1627784124
WALL 44997492 1 0 1627784125
WALL 44997492 1 0 1627784126
WALL 44997492 1 0 1627784127
WALL 44997492 1 0 1627784128
WALL 44997492 1 0 1627784129
WALL 44997492 1 0 1627784130
WALL 44997492 1 0 1627784131
WALL 44997492 1 0 1627784132
WALL 44997492 1 0 1627784133
WALL 44997492 1 0 1627784134
WALL 44997492 1 0 1627784135
WALL 44997492 1 0 1627784136
WALL 44997492 1 0 1627784137
WALL 44997492 1 0 1627784138
WALL 44997492 1 0 1627784139
WALL 44997492 1 0 1627784140
WALL 44997492 1 0 1627784141
WALL 44997492 1 0 1627784142
WALL 44997492 1 0 1627784143
WALL 44997492 1 0 1627784144
WALL 44997492 1 0 1627784145
WALL 44997492 1 0 1627784146
WALL 44997492 1 0 1627784147
WALL 44997492 1 0 1627784148
WALL 44997492 1 0 1627784149
WALL 44997492 1 0 1627784150
WALL 44997492 1 0 1627784151
WALL 44997492 1 0 1627784152
WALL 44997492 1 0 1627784153
WALL 44997492 1 0 1627784154
WALL 44997492 1 0 1627784155
WALL 44997492 1 0 1627784156
WALL 44997492 1 0 1627784157
WALL 44997492 1 0 1627784158
WALL 44997492 1 0 1627784159
WALL 44997492 1 0 1627784160
WALL 44997492 1 0 1627784161
WALL 44997492 1 0 1627784162
WALL 44997492 1 0 1627784163
WALL 44997492 1 0 1627784164
WALL 44997492 1 0 1627784165
WALL 44997492 1 0 1627784166
WALL 44997492 1 0 1627784167
WALL 44997492 1 0 1627784168
WALL 44997492 1 0 1627784169
WALL 44997492 1 0 1627784170
WALL 44997492 1 0 1627784171
WALL 44997492 1 0 1627784172
WALL 44997492 1 0 1627784173
WALL 44997492 1 0 1627784174
WALL 44997492 1 0 1627784175
WALL 44997492 1 0 1627784176
WALL 44997492 1 0 1627784177
WALL 44997492 1 0 1627784178
WALL 44997492 1 0 1627784179
WALL 44997492 1 0 1627784180
WALL 44997492 1 0 1627784181
WALL 44997492 1 0 1627784182
WALL 44997492 1 0 1627784183
WALL 44997492 1 0 1627784184
WALL 44997492 1 0 1627784185
WALL 44997492 1 0 1627784186
WALL 44997492 1 0 1627784187
WALL 44997492 1 0 1627784188
WALL 44997492 1 0 1627784189
WALL 44997492 1 0 1627784190
WALL 44997492 1 0 1627784191
WALL 44997492 1 0 1627784192
WALL 44997492 1 0 1627784193
WALL 44997492 1 0 1627784194
WALL 44997492 1 0 1627784195
WALL 44997492 1 0 1627784196
WALL 44997492 1 0 1627784197
WALL 44997492 1 0 1627784198
WALL 44997492 1 0 1627784199
WALL 44997492 1 0 1627784200
WALL 44997492 1 0 1627784201
WALL 44997492 1 0 1627784202
WALL 44997492 1 0 1627784203
WALL 44997492 1 0 1627784204
WALL 44997492 1 0 1627784205
WALL 44997492 1 0 1627784206
WALL 44997492 1 0 1627784207
WALL 44997492 1 0 1627784208
WALL 44997492 1 0 1627784209
WALL 44997492 1 0 1627784210
WALL 44997492 1 0 1627784211
WALL 44997492 1 0 1627784212
WALL 44997492 1 0 1627784213
WALL 44997492 1 0 1627784214
WALL 44997492 1 0 1627784215
WALL 44997492 1 0 1627784216
WALL 44997492 1 0 1627784217
WALL 44997492 1 0 1627784218
WALL 44997492 1 0 1627784219
WALL 44997492 1 0 1627784220
WALL 44997492 1 0 1627784221
WALL 44997492 1 0 1627784222
WALL 44997492 1 0 1627784223
WALL 44997492 1 0 1627784224
WALL 44997492 1 0 1627784225
WALL 44997492 1 0 1627784226
WALL 44997492 1 0 1627784227
WALL 44997492 1 0 1627784228
WALL 44997492 1 0 1627784229
WALL 44997492 1 0 1627784230
WALL 44997492 1 0 1627784231
WALL 44997492 1 0 1627784232
WALL 44997492 1 0 1627784233
WALL 44997492 1 0 1627784234
WALL 44997492 1 0 1627784235
WALL 44997492 1 0 1627784236
WALL 44997492 1 0 1627784237
WALL 44997492 1 0 1627784238
WALL 44997492 1 0 1627784239
WALL 44997492 1 0 1627784240
WALL 44997492 1 0 1627784241
WALL 44997492 1 0 1627784242
WALL 44997492 1 0 1627784243
WALL 44997492 1 0 1627784244
WALL 44997492 1 0 1627784245
WALL 44997492 1 0 1627784246
WALL 44997492 1 0 1627784247
WALL 44997492 1 0 1627784248
WALL 44997492 1 0 1627784249
WALL 44997492 1 0 1627784250
WALL 44997492 1 0 1627784251
WALL 44997492 1 0 1627784252
WALL 44997492 1 0 1627784253
WALL 44997492 1 0 1627784254
WALL 44997492 1 0 1627784255
WALL 44997492 1 0 1627784256
WALL 44997492 1 0 1627784257
WALL 44997492 1 0 1627784258
WALL 44997492 1 0 1627784259
WALL 44997492 1 0 1627784260
WALL 44997492 1 0 1627784261
WALL 44997492 1 0 1627784262
WALL 44997492 1 0 1627784263
WALL 44997492 1 0 1627784264
WALL 44997492 1 0 1627784265
WALL 44997492 1 0 1627784266
WALL 44997492 1 0 1627784267
WALL 44997492 1 0 1627784268
WALL 44997492 1 0 1627784269
WALL 44997492 1 0 1627784270
WALL 44997492 1 0 1627784271
WALL 44997492 1 0 1627784272
WALL 44997492 1 0 1627784273
WALL 44997492 1 0 1627784274
WALL 44997492 1 0 1627784275
WALL 44997492 1 0 1627784276
WALL 44997492 1 0 1627784277
WALL 44997492 1 0 1627784278
WALL 44997492 1 0 1627784279
WALL 44997492 1 0 1627784280
WALL 44997492 1 0 1627784281
WALL 44997492 1 0 1627784282
WALL 44997492 1 0 1627784283
WALL 44997492 1 0 1627784284
WALL 44997492 1 0 1627784285
WALL 44997492 1 0 1627784286
WALL 44997492 1 0 1627784287
WALL 44997492 1 0 1627784288
WALL 44997492 1 0 1627784289
WALL 44997492 1 0 1627784290
WALL 44997492 1 0 1627784291
WALL 44997492 1 0 1627784292
WALL 44997492 1 0 1627784293
WALL 44997492 1 0 1627784294
WALL 44997492 1 0 1627784295
WALL 44997492 1 0 1627784296
WALL 44997492 1 0 1627784297
WALL 44997492 1 0 1627784298
WALL 44997492 1 0 1627784299
WALL 44997492 1 0 1627784300
WALL 44997492 1 0 1627784301
WALL 44997492 1 0 1627784302
WALL 44997492 1 0 1627784303
WALL 44997492 1 0 1627784304
WALL 44997492 1 0 1627784305
WALL 44997492 1 0 1627784306
WALL 44997492 1 0 1627784307
WALL 44997492 1 0 1627784308
WALL 44997492 1 0 1627784309
WALL 44997492 1 0 1627784310
WALL 44997492 1 0 1627784311
WALL 44997492 1 0 1627784312
WALL 44997492 1 0 1627784313
WALL 44997492 1 0 1627784314
WALL 44997492 1 0 1627784315
WALL 44997492 1 0 1627784316
WALL 44997492 1 0 1627784317
WALL 44997492 1 0 1627784318
WALL 44997492 1 0 1627784319
WALL 44997492 1 0 1627784320
WALL 44997492 1 0 1627784321
WALL 44997492 1 0 1627784322
WALL 44997492 1 0 1627784323
WALL 44997492 1 0 1627784324
WALL 44997492 1 0 1627784325
WALL 44997492 1 0 1627784326
WALL 44997492 1 0 1627784327
WALL 44997492 1 0 1627784328
WALL 44997492 1 0 1627784329
WALL 44997492 1 0 1627784330
WALL 44997492 1 0 1627784331
WALL 44997492 1 0 1627784332
WALL 44997492 1 0 1627784333
WALL 44997492 1 0 1627784334
WALL 44997492 1 0 1627784335
WALL 44997492 1 0 1627784336
WALL 44997492 1 0 1627784337
WALL 44997492 1 0 1627784338
WALL 44997492 1 0 1627784339
WALL 44997492 1 0 1627784340
WALL 44997492 1 0 1627784341
WALL 44997492 1 0 1627784342
WALL 44997492 1 0 1627784343
WALL 44997492 1 0 1627784344
WALL 44997492 1 0 1627784345
WALL 44997492 1 0 1627784346
WALL 44997492 1 0 1627784347
WALL 44997492 1 0 1627784348
WALL 44997492 1 0 1627784349
WALL 44997492 1 0 1627784350
WALL 44997492 1 0 1627784351
WALL 44997492 1 0 1627784352
WALL 44997492 1 0 1627784353
WALL 44997492 1 0 1627784354
WALL 44997492 1 0 1627784355
WALL 44997492 1 0 1627784356
WALL 44997492 1 0 1627784357
WALL 44997492 1 0 1627784358
WALL 44997492 1 0 1627784359
WALL 44997492 1 0 1627784360
WALL 44997492 1 0 1627784361
WALL 44997492 1 0 1627784362
WALL 44997492 1 0 1627784363
WALL 44997492 1 0 1627784364
WALL 44997492 1 0 1627784365
WALL 44997492 1 0 1627784366
WALL 44997492 1 0 1627784367
WALL 44997492 1 0 1627784368
WALL 44997492 1 0 1627784369
WALL 44997492 1 0 1627784370
WALL 44997492 1 0 1627784371
WALL 44997492 1 0 1627784372
WALL 44997492 1 0 1627784373
WALL 44997492 1 0 1627784374
WALL 44997492 1 0 1627784375
WALL 44997492 1 0 1627784376
WALL 44997492 1 0 1627784377
WALL 44997492 1 0 1627784378
WALL 44997492 1 0 1627784379
WALL 44997492 1 0 1627784380
WALL 44997492 1 0 1627784381
WALL 44997492 1 0 1627784382
WALL 44997492 1 0 1627784383
WALL 44997492 1 0 1627784384
WALL 44997492 1 0 1627784385
WALL 44997492 1 0 1627784386
WALL 44997492 1 0 1627784387
WALL 44997492 1 0 1627784388
WALL 44997492 1 0 1627784389
WALL 44997492 1 0 1627784390
WALL 44997492 1 0 1627784391
WALL 44997492 1 0 1627784392
WALL 44997492 1 0 1627784393
WALL 44997492 1 0 1627784394
WALL 44997492 1 0 1627784395
WALL 44997492 1 0 1627784396
WALL 44997492 1 0 1627784397
WALL 44997492 1 0 1627784398
WALL 44997492 1 0 1627784399
WALL 44997492 1 0 1627784400
WALL 44997492 1 0 1627784401
WALL 44997492 1 0 1627784402
WALL 44997492 1 0 1627784403
WALL 44997492 1 0 1627784404
WALL 44997492 1 0 1627784405
WALL 44997492 1 0 1627784406
WALL 44997492 1 0 1627784407
WALL 44997492 1 0 1627784408
WALL 44997492 1 0 1627784409
WALL 44997492 1 0 1627784410
WALL 44997492 1 0 1627784411
WALL 44997492 1 0 1627784412
WALL 44997492 1 0 1627784413
WALL 44997492 1 0 1627784414
WALL 44997492 1 0 1627784415
WALL 44997492 1 0 1627784416
WALL 44997492 1 0 1627784417
WALL 44997492 1 0 1627784418
WALL 44997492 1 0 1627784419
WALL 44997492 1 0 1627784420
WALL 44997492 1 0 1627784421
WALL 44997492 1 0 1627784422
WALL 44997492 1 0 1627784423
WALL 44997492 1 0 1627784424
WALL 44997492 1 0 1627784425
WALL 44997492 1 0 1627784426
WALL 44997492 1 0 1627784427
WALL 44997492 1 0 1627784428
WALL 44997492 1 0 1627784429
WALL 44997492 1 0 1627784430
WALL 44997492 1 0 1627784431
WALL 44997492 1 0 1627784432
WALL 44997492 1 0 1627784433
WALL 44997492 1 0 1627784434
WALL 44997492 1 0 1627784435
WALL 44997492 1 0 1627784436
WALL 44997492 1 0 1627784437
WALL 44997492 1 0 1627784438
WALL 44997492 1 0 1627784439
WALL 44997492 1 0 1627784440
WALL 44997492 1 0 1627784441
WALL 44997492 1 0 1627784442
WALL 44997492 1 0 1627784443
WALL 44997492 1 0 1627784444
WALL 44997492 1 0 1627784445
WALL 44997492 1 0 1627784446
WALL 44997492 1 0 1627784447
WALL 44997492 1 0 1627784448
WALL 44997492 1 0 1627784449
WALL 44997492 1 0 1627784450
WALL 44997492 1 0 1627784451
WALL 44997492 1 0 1627784452
WALL 44997492 1 0 1627784453
WALL 44997492 1 0 1627784454
WALL 44997492 1 0 1627784455
WALL 44997492 1 0 1627784456
WALL 44997492 1 0 1627784457
WALL 44997492 1 0 1627784458
WALL 44997492 1 0 1627784459
WALL 44997492 1 0 1627784460
WALL 44997492 1 0 1627784461
WALL 44997492 1 0 1627784462
WALL 44997492 1 0 1627784463
WALL 44997492 1 0 1627784464
WALL 44997492 1 0 1627784465
WALL 44997492 1 0 1627784466
WALL 44997492 1 0 1627784467
WALL 44997492 1 0 1627784468
WALL 44997492 1 0 1627784469
WALL 44997492 1 0 1627784470
WALL 44997492 1 0 1627784471
WALL 44997492 1 0 1627784472
WALL 44997492 1 0 1627784473
WALL 44997492 1 0 1627784474
WALL 44997492 1 0 1627784475
WALL 44997492 1 0 1627784476
WALL 44997492 1 0 1627784477
WALL 44997492 1 0 1627784478
WALL 44997492 1 0 1627784479
WALL 44997492 1 0 1627784480
WALL 44997492 1 0 1627784481
WALL 44997492 1 0 1627784482
WALL 44997492 1 0 1627784483
WALL 44997492 1 0 1627784484
WALL 44997492 1 0 1627784485
WALL 44997492 1 0 1627784486
WALL 44997492 1 0 1627784487
WALL 44997492 1 0 1627784488
WALL 44997492 1 0 1627784489
WALL 44997492 1 0 1627784490
WALL 44997492 1 0 1627784491
WALL 44997492 1 0 1627784492
WALL 44997492 1 0 1627784493
WALL 44997492 1 0 1627784494
WALL 44997492 1 0 1627784495
WALL 44997492 1 0 1627784496
WALL 44997492 1 0 1627784497
WALL 44997492 1 0 1627784498
WALL 44997492 1 0 1627784499
WALL 44997492 1 0 1627784500
WALL 44997492 1 0 1627784501
WALL 44997492 1 0 1627784502
WALL 44997492 1 0 1627784503
WALL 44997492 1 0 1627784504
WALL 44997492 1 0 1627784505
WALL 44997492 1 0 1627784506
WALL 44997492 1 0 1627784507
WALL 44997492 1 0 1627784508
WALL 44997492 1 0 1627784509
WALL 44997492 1 0 1627784510
WALL 44997492 1 0 1627784511
WALL 44997492 1 0 1627784512
WALL 44997492 1 0 1627784513
WALL 44997492 1 0 1627784514
WALL 44997492 1 0 1627784515
WALL 44997492 1 0 1627784516
WALL 44997492 1 0 1627784517
WALL 44997492 1 0 1627784518
WALL 44997492 1 0 1627784519
WALL 44997492 1 0 1627784520
WALL 44997492 1 0 1627784521
WALL 44997492 1 0 1627784522
WALL 44997492 1 0 1627784523
WALL 44997492 1 0 1627784524
WALL 44997492 1 0 1627784525
WALL 44997492 1 0 1627784526
WALL 44997492 1 0 1627784527
WALL 44997492 1 0 1627784528
WALL 44997492 1 0 1627784529
WALL 44997492 1 0 1627784530
WALL 44997492 1 0 1627784531
WALL 44997492 1 0 1627784532
WALL 44997492 1 0 1627784533
WALL 44997492 1 0 1627784534
WALL 44997492 1 0 1627784535
WALL 44997492 1 0 1627784536
WALL 44997492 1 0 1627784537
WALL 44997492 1 0 1627784538
WALL 44997492 1 0 1627784539
WALL 44997492 1 0 1627784540
WALL 44997492 1 0 1627784541
WALL 44997492 1 0 1627784542
WALL 44997492 1 0 1627784543
WALL 44997492 1 0 1627784544
WALL 44997492 1 0 1627784545
WALL 44997492 1 0 1627784546
WALL 44997492 1 0 1627784547
WALL 44997492 1 0 1627784548
WALL 44997492 1 0 1627784549
WALL 44997492 1 0 1627784550
WALL 44997492 1 0 1627784551
WALL 44997492 1 0 1627784552
WALL 44997492 1 0 1627784553
WALL 44997492 1 0 1627784554
WALL 44997492 1 0 1627784555
WALL 44997492 1 0 1627784556
WALL 44997492 1 0 1627784557
WALL 44997492 1 0 1627784558
WALL 44997492 1 0 1627784559
WALL 44997492 1 0 1627784560
WALL 44997492 1 0 1627784561
WALL 44997492 1 0 1627784562
WALL 44997492 1 0 1627784563
WALL 44997492 1 0 1627784564
WALL 44997492 1 0 1627784565
WALL 44997492 1 0 1627784566
WALL 44997492 1 0 1627784567
WALL 44997492 1 0 1627784568
WALL 44997492 1 0 1627784569
WALL 44997492 1 0 1627784570
WALL 44997492 1 0 1627784571
WALL 44997492 1 0 1627784572
WALL 44997492 1 0 1627784573
WALL 44997492 1 0 1627784574
WALL 44997492 1 0 1627784575
WALL 44997492 1 0 1627784576
WALL 44997492 1 0 1627784577
WALL 44997492 1 0 1627784578
WALL 44997492 1 0 1627784579
WALL 44997492 1 0 1627784580
WALL 44997492 1 0 1627784581
WALL 44997492 1 0 1627784582
WALL 44997492 1 0 1627784583
WALL 44997492 1 0 1627784584
WALL 44997492 1 0 1627784585
WALL 44997492 1 0 1627784586
WALL 44997492 1 0 1627784587
WALL 44997492 1 0 1627784588
WALL 44997492 1 0 1627784589
WALL 44997492 1 0 1627784590
WALL 44997492 1 0 1627784591
WALL 44997492 1 0 1627784592
WALL 44997492 1 0 1627784593
WALL 44997492 1 0 1627784594
WALL 44997492 1 0 1627784595
WALL 44997492 1 0 1627784596
WALL 44997492 1 0 1627784597
WALL 44997492 1 0 1627784598
WALL 44997492 1 0 1627784599
WALL 44997492 1 0 1627784600
WALL 44997492 1 0 1627784601
WALL 44997492 1 0 1627784602
WALL 44997492 1 0 1627784603
WALL 44997492 1 0 1627784604
WALL 44997492 1 0 1627784605
WALL 44997492 1 0 1627784606
WALL 44997492 1 0 1627784607
WALL 44997492 1 0 1627784608
WALL 44997492 1 0 1627784609
WALL 44997492 1 0 1627784610
WALL 44997492 1 0 1627784611
WALL 44997492 1 0 1627784612
WALL 44997492 1 0 1627784613
WALL 44997492 1 0 1627784614
WALL 44997492 1 0 1627784615
WALL 44997492 1 0 1627784616
WALL 44997492 1 0 1627784617
WALL 44997492 1 0 1627784618
WALL 44997492 1 0 1627784619
WALL 44997492 1 0 1627784620
WALL 44997492 1 0 1627784621
WALL 44997492 1 0 1627784622
WALL 44997492 1 0 1627784623
WALL 44997492 1 0 1627784624
WALL 44997492 1 0 1627784625
WALL 44997492 1 0 1627784626
WALL 44997492 1 0 1627784627
WALL 44997492 1 0 1627784628
WALL 44997492 1 0 1627784629
WALL 44997492 1 0 1627784630
WALL 44997492 1 0 1627784631
WALL 44997492 1 0 1627784632
WALL 44997492 1 0 1627784633
WALL 44997492 1 0 1627784634
WALL 44997492 1 0 1627784635
WALL 44997492 1 0 1627784636
WALL 44997492 1 0 1627784637
WALL 44997492 1 0 1627784638
WALL 44997492 1 0 1627784639
WALL 44997492 1 0 1627784640
WALL 44997492 1 0 1627784641
WALL 44997492 1 0 1627784642
WALL 44997492 1 0 1627784643
WALL 44997492 1 0 1627784644
WALL 44997492 1 0 1627784645
WALL 44997492 1 0 1627784646
WALL 44997492 1 0 1627784647
WALL 44997492 1 0 1627784648
WALL 44997492 1 0 1627784649
WALL 44997492 1 0 1627784650
WALL 44997492 1 0 1627784651
WALL 44997492 1 0 1627784652
WALL 44997492 1 0 1627784653
WALL 44997492 1 0 1627784654
WALL 44997492 1 0 1627784655
WALL 44997492 1 0 1627784656
WALL 44997492 1 0 1627784657
WALL 44997492 1 0 1627784658
WALL 44997492 1 0 1627784659
WALL 44997492 1 0 1627784660
WALL 44997492 1 0 1627784661
WALL 44997492 1 0 1627784662
WALL 44997492 1 0 1627784663
WALL 44997492 1 0 1627784664
WALL 44997492 1 0 1627784665
WALL 44997492 1 0 1627784666
WALL 44997492 1 0 1627784667
WALL 44997492 1 0 1627784668
WALL 44997492 1 0 1627784669
WALL 44997492 1 0 1627784670
WALL 44997492 1 0 1627784671
WALL 44997492 1 0 1627784672
WALL 44997492 1 0 1627784673
WALL 44997492 1 0 1627784674
WALL 44997492 1 0 1627784675
WALL 44997492 1 0 1627784676
WALL 44997492 1 0 1627784677
WALL 44997492 1 0 1627784678
WALL 44997492 1 0 1627784679
WALL 44997492 1 0 1627784680
WALL 44997492 1 0 1627784681
WALL 44997492 1 0 1627784682
WALL 44997492 1 0 1627784683
WALL 44997492 1 0 1627784684
WALL 44997492 1 0 1627784685
WALL 44997492 1 0 1627784686
WALL 44997492 1 0 1627784687
WALL 44997492 1 0 1627784688
WALL 44997492 1 0 1627784689
WALL 44997492 1 0 1627784690
WALL 44997492 1 0 1627784691
WALL 44997492 1 0 1627784692
WALL 44997492 1 0 1627784693
WALL 44997492 1 0 1627784694
WALL 44997492 1 0 1627784695
WALL 44997492 1 0 1627784696
WALL 44997492 1 0 1627784697
WALL 44997492 1 0 1627784698
WALL 44997492 1 0 1627784699
WALL 44997492 1 0 1627784700
WALL 44997492 1 0 1627784701
WALL 44997492 1 0 1627784702
WALL 44997492 1 0 1627784703
WALL 44997492 1 0 1627784704
WALL 44997492 1 0 1627784705
WALL 44997492 1 0 1627784706
WALL 44997492 1 0 1627784707
WALL 44997492 1 0 1627784708
WALL 44997492 1 0 1627784709
WALL 44997492 1 0 1627784710
WALL 44997492 1 0 1627784711
WALL 44997492 1 0 1627784712
WALL 44997492 1 0 1627784713
WALL 44997492 1 0 1627784714
WALL 44997492 1 0 1627784715
WALL 44997492 1 0 1627784716
WALL 44997492 1 0 1627784717
WALL 44997492 1 0 1627784718
WALL 44997492 1 0 1627784719
WALL 44997492 1 0 1627784720
WALL 44997492 1 0 1627784721
WALL 44997492 1 0 1627784722
WALL 44997492 1 0 1627784723
WALL 44997492 1 0 1627784724
WALL 44997492 1 0 1627784725
WALL 44997492 1 0 1627784726
WALL 44997492 1 0 1627784727
WALL 44997492 1 0 1627784728
WALL 44997492 1 0 1627784729
WALL 44997492 1 0 1627784730
WALL 44997492 1 0 1627784731
WALL 44997492 1 0 1627784732
WALL 44997492 1 0 1627784733
WALL 44997492 1 0 1627784734
WALL 44997492 1 0 1627784735
WALL 44997492 1 0 1627784736
WALL 44997492 1 0 1627784737
WALL 44997492 1 0 1627784738
WALL 44997492 1 0 1627784739
WALL 44997492 1 0 1627784740
WALL 44997492 1 0 1627784741
WALL 44997492 1 0 1627784742
WALL 44997492 1 0 1627784743
WALL 44997492 1 0 1627784744
WALL 44997492 1 0 1627784745
WALL 44997492 1 0 1627784746
WALL 44997492 1 0 1627784747
WALL 44997492 1 0 1627784748
WALL 44997492 1 0 1627784749
WALL 44997492 1 0 1627784750
WALL 44997492 1 0 1627784751
WALL 44997492 1 0 1627784752
WALL 44997492 1 0 1627784753
WALL 44997492 1 0 1627784754
WALL 44997492 1 0 1627784755
WALL 44997492 1 0 1627784756
WALL 44997492 1 0 1627784757
WALL 44997492 1 0 1627784758
WALL 44997492 1 0 1627784759
WALL 44997492 1 0 1627784760
WALL 44997492 1 0 1627784761
WALL 44997492 1 0 1627784762
WALL 44997492 1 0 1627784763
WALL 44997492 1 0 1627784764
WALL 44997492 1 0 1627784765
WALL 44997492 1 0 1627784766
WALL 44997492 1 0 1627784767
WALL 44997492 1 0 1627784768
WALL 44997492 1 0 1627784769
WALL 44997492 1 0 1627784770
WALL 44997492 1 0 1627784771
WALL 44997492 1 0 1627784772
WALL 44997492 1 0 1627784773
WALL 44997492 1 0 1627784774
WALL 44997492 1 0 1627784775
WALL 44997492 1 0 1627784776
WALL 44997492 1 0 1627784777
WALL 44997492 1 0 1627784778
WALL 44997492 1 0 1627784779
WALL 44997492 1 0 1627784780
WALL 44997492 1 0 1627784781
WALL 44997492 1 0 1627784782
WALL 44997492 1 0 1627784783
WALL 44997492 1 0 1627784784
WALL 44997492 1 0 1627784785
WALL 44997492 1 0 1627784786
WALL 44997492 1 0 1627784787
WALL 44997492 1 0 1627784788
WALL 44997492 1 0 1627784789
WALL 44997492 1 0 1627784790
WALL 44997492 1 0 1627784791
WALL 44997492 1 0 1627784792
WALL 44997492 1 0 1627784793
WALL 44997492 1 0 1627784794
WALL 44997492 1 0 1627784795
WALL 44997492 1 0 1627784796
WALL 44997492 1 0 1627784797
WALL 44997492 1 0 1627784798
WALL 44997492 1 0 1627784799
WALL 44997492 1 0 1627784800
WALL 44997492 1 0 1627784801
WALL 44997492 1 0 1627784802
WALL 44997492 1 0 1627784803
WALL 44997492 1 0 1627784804
WALL 44997492 1 0 1627784805
WALL 44997492 1 0 1627784806
WALL 44997492 1 0 1627784807
WALL 44997492 1 0 1627784808
WALL 44997492 1 0 1627784809
WALL 44997492 1 0 1627784810
WALL 44997492 1 0 1627784811
WALL 44997492 1 0 1627784812
WALL 44997492 1 0 1627784813
WALL 44997492 1 0 1627784814
WALL 44997492 1 0 1627784815
WALL 44997492 1 0 1627784816
WALL 44997492 1 0 1627784817
WALL 44997492 1 0 1627784818
WALL 44997492 1 0 1627784819
WALL 44997492 1 0 1627784820
WALL 44997492 1 0 1627784821
WALL 44997492 1 0 1627784822
WALL 44997492 1 0 1627784823
WALL 44997492 1 0 1627784824
WALL 44997492 1 0 1627784825
WALL 44997492 1 0 1627784826
WALL 44997492 1 0 1627784827
WALL 44997492 1 0 1627784828
WALL 44997492 1 0 1627784829
WALL 44997492 1 0 1627784830
WALL 44997492 1 0 1627784831
WALL 44997492 1 0 1627784832
WALL 44997492 1 0 1627784833
WALL 44997492 1 0 1627784834
WALL 44997492 1 0 1627784835
WALL 44997492 1 0 1627784836
WALL 44997492 1 0 1627784837
WALL 44997492 1 0 1627784838
WALL 44997492 1 0 1627784839
WALL 44997492 1 0 1627784840
WALL 44997492 1 0 1627784841
WALL 44997492 1 0 1627784842
WALL 44997492 1 0 1627784843
WALL 44997492 1 0 1627784844
WALL 44997492 1 0 1627784845
WALL 44997492 1 0 1627784846
WALL 44997492 1 0 1627784847
WALL 44997492 1 0 1627784848
WALL 44997492 1 0 1627784849
WALL 44997492 1 0 1627784850
WALL 44997492 1 0 1627784851
WALL 44997492 1 0 1627784852
WALL 44997492 1 0 1627784853
WALL 44997492 1 0 1627784854
WALL 44997492 1 0 1627784855
WALL 44997492 1 0 1627784856
WALL 44997492 1 0 1627784857
WALL 44997492 1 0 1627784858
WALL 44997492 1 0 1627784859
WALL 44997492 1 0 1627784860
WALL 44997492 1 0 1627784861
WALL 44997492 1 0 1627784862
WALL 44997492 1 0 1627784863
WALL 44997492 1 0 1627784864
WALL 44997492 1 0 1627784865
WALL 44997492 1 0 1627784866
WALL 44997492 1 0 1627784867
WALL 44997492 1 0 1627784868
WALL 44997492 1 0 1627784869
WALL 44997492 1 0 1627784870
WALL 44997492 1 0 1627784871
WALL 44997492 1 0 1627784872
WALL 44997492 1 0 1627784873
WALL 44997492 1 0 1627784874
WALL 44997492 1 0 1627784875
WALL 44997492 1 0 1627784876
WALL 44997492 1 0 1627784877
WALL 44997492 1 0 1627784878
WALL 44997492 1 0 1627784879
WALL 44997492 1 0 1627784880
WALL 44997492 1 0 1627784881
WALL 44997492 1 0 1627784882
WALL 44997492 1 0 1627784883
WALL 44997492 1 0 1627784884
WALL 44997492 1 0 1627784885
WALL 44997492 1 0 1627784886
WALL 44997492 1 0 1627784887
WALL 44997492 1 0 1627784888
WALL 44997492 1 0 1627784889
WALL 44997492 1 0 1627784890
WALL 44997492 1 0 1627784891
WALL 44997492 1 0 1627784892
WALL 44997492 1 0 1627784893
WALL 44997492 1 0 1627784894
WALL 44997492 1 0 1627784895
WALL 44997492 1 0 1627784896
WALL 44997492 1 0 1627784897
WALL 44997492 1 0 1627784898
WALL 44997492 1 0 1627784899
WALL 44997492 1 0 1627784900
WALL 44997492 1 0 1627784901
WALL 44997492 1 0 1627784902
WALL 44997492 1 0 1627784903
WALL 44997492 1 0 1627784904
WALL 44997492 1 0 1627784905
WALL 44997492 1 0 1627784906
WALL 44997492 1 0 1627784907
WALL 44997492 1 0 1627784908
WALL 44997492 1 0 1627784909
WALL 44997492 1 0 1627784910
WALL 44997492 1 0 1627784911
WALL 44997492 1 0 1627784912
WALL 44997492 1 0 1627784913
WALL 44997492 1 0 1627784914
WALL 44997492 1 0 1627784915
WALL 44997492 1 0 1627784916
WALL 44997492 1 0 1627784917
WALL 44997492 1 0 1627784918
WALL 44997492 1 0 1627784919
WALL 44997492 1 0 1627784920
WALL 44997492 1 0 1627784921
WALL 44997492 1 0 1627784922
WALL 44997492 1 0 1627784923
WALL 44997492 1 0 1627784924
WALL 44997492 1 0 1627784925
WALL 44997492 1 0 1627784926
WALL 44997492 1 0 1627784927
WALL 44997492 1 0 1627784928
WALL 44997492 1 0 1627784929
WALL 44997492 1 0 1627784930
WALL 44997492 1 0 1627784931
WALL 44997492 1 0 1627784932
WALL 44997492 1 0 1627784933
WALL 44997492 1 0 1627784934
WALL 44997492 1 0 1627784935
WALL 44997492 1 0 1627784936
WALL 44997492 1 0 1627784937
WALL 44997492 1 0 1627784938
WALL 44997492 1 0 1627784939
WALL 44997492 1 0 1627784940
WALL 44997492 1 0 1627784941
WALL 44997492 1 0 1627784942
WALL 44997492 1 0 1627784943
WALL 44997492 1 0 1627784944
WALL 44997492 1 0 1627784945
WALL 44997492 1 0 1627784946
WALL 44997492 1 0 1627784947
WALL 44997492 1 0 1627784948
WALL 44997492 1 0 1627784949
WALL 44997492 1 0 1627784950
WALL 44997492 1 0 1627784951
WALL 44997492 1 0 1627784952
WALL 44997492 1 0 1627784953
WALL 44997492 1 0 1627784954
WALL 44997492 1 0 1627784955
WALL 44997492 1 0 1627784956
WALL 44997492 1 0 1627784957
WALL 44997492 1 0 1627784958
WALL 44997492 1 0 1627784959
WALL 44997492 1 0 1627784960
WALL 44997492 1 0 1627784961
WALL 44997492 1 0 1627784962
WALL 44997492 1 0 1627784963
WALL 44997492 1 0 1627784964
WALL 44997492 1 0 1627784965
WALL 44997492 1 0 1627784966
WALL 44997492 1 0 1627784967
WALL 44997492 1 0 1627784968
WALL 44997492 1 0 1627784969
WALL 44997492 1 0 1627784970
WALL 44997492 1 0 1627784971
WALL 44997492 1 0 1627784972
WALL 44997492 1 0 1627784973
WALL 44997492 1 0 1627784974
WALL 44997492 1 0 1627784975
WALL 44997492 1 0 1627784976
WALL 44997492 1 0 1627784977
WALL 44997492 1 0 1627784978
WALL 44997492 1 0 1627784979
WALL 44997492 1 0 1627784980
WALL 44997492 1 0 1627784981
WALL 44997492 1 0 1627784982
WALL 44997492 1 0 1627784983
WALL 44997492 1 0 1627784984
WALL 44997492 1 0 1627784985
WALL 44997492 1 0 1627784986
WALL 44997492 1 0 1627784987
WALL 44997492 1 0 1627784988
WALL 44997492 1 0 1627784989
WALL 44997492 1 0 1627784990
WALL 44997492 1 0 1627784991
WALL 44997492 1 0 1627784992
WALL 44997492 1 0 1627784993
WALL 44997492 1 0 1627784994
WALL 44997492 1 0 1627784995
WALL 44997492 1 0 1627784996
WALL 44997492 1 0 1627784997
WALL 44997492 1 0 1627784998
WALL 44997492 1 0 1627784999
WALL 44997492 1 0 1627785000
WALL 44997492 1 0 1627785001
WALL 44997492 1 0 1627785002
WALL 44997492 1 0 1627785003
WALL 44997492 1 0 1627785004
WALL 44997492 1 0 1627785005
WALL 44997492 1 0 1627785006
WALL 44997492 1 0 1627785007
WALL 44997492 1 0 1627785008
WALL 44997492 1 0 1627785009
WALL 44997492 1 0 1627785010
WALL 44997492 1 0 1627785011
WALL 44997492 1 0 1627785012
WALL 44997492 1 0 1627785013
WALL 44997492 1 0 1627785014
WALL 44997492 1 0 1627785015
WALL 44997492 1 0 1627785016
WALL 44997492 1 0 1627785017
WALL 44997492 1 0 1627785018
WALL 44997492 1 0 1627785019
WALL 44997492 1 0 1627785020
WALL 44997492 1 0 1627785021
WALL 44997492 1 0 1627785022
WALL 44997492 1 0 1627785023
WALL 44997492 1 0 1627785024
WALL 44997492 1 0 1627785025
WALL 44997492 1 0 1627785026
WALL 44997492 1 0 1627785027
WALL 44997492 1 0 1627785028
WALL 44997492 1 0 1627785029
WALL 44997492 1 0 1627785030
WALL 44997492 1 0 1627785031
WALL 44997492 1 0 1627785032
WALL 44997492 1 0 1627785033
WALL 44997492 1 0 1627785034
WALL 44997492 1 0 1627785035
WALL 44997492 1 0 1627785036
WALL 44997492 1 0 1627785037
WALL 44997492 1 0 1627785038
WALL 44997492 1 0 1627785039
WALL 44997492 1 0 1627785040
WALL 44997492 1 0 1627785041
WALL 44997492 1 0 1627785042
WALL 44997492 1 0 1627785043
WALL 44997492 1 0 1627785044
WALL 44997492 1 0 1627785045
WALL 44997492 1 0 1627785046
WALL 44997492 1 0 1627785047
WALL 44997492 1 0 1627785048
WALL 44997492 1 0 1627785049
WALL 44997492 1 0 1627785050
WALL 44997492 1 0 1627785051
WALL 44997492 1 0 1627785052
WALL 44997492 1 0 1627785053
WALL 44997492 1 0 1627785054
WALL 44997492 1 0 1627785055
WALL 44997492 1 0 1627785056
WALL 44997492 1 0 1627785057
WALL 44997492 1 0 1627785058
WALL 44997492 1 0 1627785059
WALL 44997492 1 0 1627785060
WALL 44997492 1 0 1627785061
WALL 44997492 1 0 1627785062
WALL 44997492 1 0 1627785063
WALL 44997492 1 0 1627785064
WALL 44997492 1 0 1627785065
WALL 44997492 1 0 1627785066
WALL 44997492 1 0 1627785067
WALL 44997492 1 0 1627785068
WALL 44997492 1 0 1627785069
WALL 44997492 1 0 1627785070
WALL 44997492 1 0 1627785071
WALL 44997492 1 0 1627785072
WALL 44997492 1 0 1627785073
WALL 44997492 1 0 1627785074
WALL 44997492 1 0 1627785075
WALL 44997492 1 0 1627785076
WALL 44997492 1 0 1627785077
WALL 44997492 1 0 1627785078
WALL 44997492 1 0 1627785079
WALL 44997492 1 0 1627785080
WALL 44997492 1 0 1627785081
WALL 44997492 1 0 1627785082
WALL 44997492 1 0 1627785083
WALL 44997492 1 0 1627785084
WALL 44997492 1 0 1627785085
WALL 44997492 1 0 1627785086
WALL 44997492 1 0 1627785087
WALL 44997492 1 0 1627785088
WALL 44997492 1 0 1627785089
WALL 44997492 1 0 1627785090
WALL 44997492 1 0 1627785091
WALL 44997492 1 0 1627785092
WALL 44997492 1 0 1627785093
WALL 44997492 1 0 1627785094
WALL 44997492 1 0 1627785095
WALL 44997492 1 0 1627785096
WALL 44997492 1 0 1627785097
WALL 44997492 1 0 1627785098
WALL 44997492 1 0 1627785099
WALL 44997492 1 0 1627785100
WALL 44997492 1 0 1627785101
WALL 44997492 1 0 1627785102
WALL 44997492 1 0 1627785103
WALL 44997492 1 0 1627785104
WALL 44997492 1 0 1627785105
WALL 44997492 1 0 1627785106
WALL 44997492 1 0 1627785107
WALL 44997492 1 0 1627785108
WALL 44997492 1 0 1627785109
WALL 44997492 1 0 1627785110
WALL 44997492 1 0 1627785111
WALL 44997492 1 0 1627785112
WALL 44997492 1 0 1627785113
WALL 44997492 1 0 1627785114
WALL 44997492 1 0 1627785115
WALL 44997492 1 0 1627785116
WALL 44997492 1 0 1627785117
WALL 44997492 1 0 1627785118
WALL 44997492 1 0 1627785119
WALL 44997492 1 0 1627785120
WALL 44997492 1 0 1627785121
WALL 44997492 1 0 1627785122
WALL 44997492 1 0 1627785123
WALL 44997492 1 0 1627785124
WALL 44997492 1 0 1627785125
WALL 44997492 1 0 1627785126
WALL 44997492 1 0 1627785127
WALL 44997492 1 0 1627785128
WALL 44997492 1 0 1627785129
WALL 44997492 1 0 1627785130
WALL 44997492 1 0 1627785131
WALL 44997492 1 0 1627785132
WALL 44997492 1 0 1627785133
WALL 44997492 1 0 1627785134
WALL 44997492 1 0 1627785135
WALL 44997492 1 0 1627785136
WALL 44997492 1 0 1627785137
WALL 44997492 1 0 1627785138
WALL 44997492 1 0 1627785139
WALL 44997492 1 0 1627785140
WALL 44997492 1 0 1627785141
WALL 44997492 1 0 1627785142
WALL 44997492 1 0 1627785143
WALL 44997492 1 0 1627785144
WALL 44997492 1 0 1627785145
WALL 44997492 1 0 1627785146
WALL 44997492 1 0 1627785147
WALL 44997492 1 0 1627785148
WALL 44997492 1 0 1627785149
WALL 44997492 1 0 1627785150
WALL 44997492 1 0 1627785151
WALL 44997492 1 0 1627785152
WALL 44997492 1 0 1627785153
WALL 44997492 1 0 1627785154
WALL 44997492 1 0 1627785155
WALL 44997492 1 0 1627785156
WALL 44997492 1 0 1627785157
WALL 44997492 1 0 1627785158
WALL 44997492 1 0 1627785159
WALL 44997492 1 0 1627785160
WALL 44997492 1 0 1627785161
WALL 44997492 1 0 1627785162
WALL 44997492 1 0 1627785163
WALL 44997492 1 0 1627785164
WALL 44997492 1 0 1627785165
WALL 44997492 1 0 1627785166
WALL 44997492 1 0 1627785167
WALL 44997492 1 0 1627785168
WALL 44997492 1 0 1627785169
WALL 44997492 1 0 1627785170
WALL 44997492 1 0 1627785171
WALL 44997492 1 0 1627785172
WALL 44997492 1 0 1627785173
WALL 44997492 1 0 1627785174
WALL 44997492 1 0 1627785175
WALL 44997492 1 0 1627785176
WALL 44997492 1 0 1627785177
WALL 44997492 1 0 1627785178
WALL 44997492 1 0 1627785179
WALL 44997492 1 0 1627785180
WALL 44997492 1 0 1627785181
WALL 44997492 1 0 1627785182
WALL 44997492 1 0 1627785183
WALL 44997492 1 0 1627785184
WALL 44997492 1 0 1627785185
WALL 44997492 1 0 1627785186
WALL 44997492 1 0 1627785187
WALL 44997492 1 0 1627785188
WALL 44997492 1 0 1627785189
WALL 44997492 1 0 1627785190
WALL 44997492 1 0 1627785191
WALL 44997492 1 0 1627785192
WALL 44997492 1 0 1627785193
WALL 44997492 1 0 1627785194
WALL 44997492 1 0 1627785195
WALL 44997492 1 0 1627785196
WALL 44997492 1 0 1627785197
WALL 44997492 1 0 1627785198
WALL 44997492 1 0 1627785199
WALL 44997492 1 0 1627785200
received SIGCONT 1627785200
WALL 44997492 1 0 1627785200
slurmstepd: error: *** STEP 44997492.0 ON nid00852 CANCELLED AT 2021-07-31T19:33:20 ***
received SIGTERM 1627785200
WALL 44997492 1 0 1627785200
WALL 44997492 1 0 1627785201
WALL 44997492 1 0 1627785202
WALL 44997492 1 0 1627785203
WALL 44997492 1 0 1627785204
WALL 44997492 1 0 1627785205
WALL 44997492 1 0 1627785206
WALL 44997492 1 0 1627785207
WALL 44997492 1 0 1627785208
WALL 44997492 1 0 1627785209
WALL 44997492 1 0 1627785210
WALL 44997492 1 0 1627785211
WALL 44997492 1 0 1627785212
WALL 44997492 1 0 1627785213
WALL 44997492 1 0 1627785214
WALL 44997492 1 0 1627785215
WALL 44997492 1 0 1627785216
WALL 44997492 1 0 1627785217
WALL 44997492 1 0 1627785218
WALL 44997492 1 0 1627785219
WALL 44997492 1 0 1627785220
WALL 44997492 1 0 1627785221
WALL 44997492 1 0 1627785222
WALL 44997492 1 0 1627785223
WALL 44997492 1 0 1627785224
WALL 44997492 1 0 1627785225
WALL 44997492 1 0 1627785226
WALL 44997492 1 0 1627785227
WALL 44997492 1 0 1627785228
WALL 44997492 1 0 1627785229
WALL 44997492 1 0 1627785230
WALL 44997492 1 0 1627785231
WALL 44997492 1 0 1627785232
WALL 44997492 1 0 1627785233
WALL 44997492 1 0 1627785234
WALL 44997492 1 0 1627785235
WALL 44997492 1 0 1627785236
WALL 44997492 1 0 1627785237
WALL 44997492 1 0 1627785238
WALL 44997492 1 0 1627785239
WALL 44997492 1 0 1627785240
WALL 44997492 1 0 1627785241
WALL 44997492 1 0 1627785242
WALL 44997492 1 0 1627785243
WALL 44997492 1 0 1627785244
WALL 44997492 1 0 1627785245
WALL 44997492 1 0 1627785246
WALL 44997492 1 0 1627785247
WALL 44997492 1 0 1627785248
WALL 44997492 1 0 1627785249
WALL 44997492 1 0 1627785250
WALL 44997492 1 0 1627785251
WALL 44997492 1 0 1627785252
WALL 44997492 1 0 1627785253
WALL 44997492 1 0 1627785254
WALL 44997492 1 0 1627785255
WALL 44997492 1 0 1627785256
WALL 44997492 1 0 1627785257
WALL 44997492 1 0 1627785258
WALL 44997492 1 0 1627785259
WALL 44997492 1 0 1627785260
WALL 44997492 1 0 1627785261
WALL 44997492 1 0 1627785262
WALL 44997492 1 0 1627785263
WALL 44997492 1 0 1627785264
WALL 44997492 1 0 1627785265
WALL 44997492 1 0 1627785266
WALL 44997492 1 0 1627785267
WALL 44997492 1 0 1627785268
WALL 44997492 1 0 1627785269
WALL 44997492 1 0 1627785270
WALL 44997492 1 0 1627785271
WALL 44997492 1 0 1627785272
WALL 44997492 1 0 1627785273
received SIGTERM 1627785274
WALL 44997492 1 0 1627785274
received SIGCONT 1627785274
WALL 44997492 1 0 1627785274
srun: got SIGCONT
received SIGTERM 1627785274
WALL 44997492 1 0 1627785274
srun: forcing job termination
