WALL 44997347 1 0 1627779646
WALL 44997347 1 0 1627779647
WALL 44997347 1 0 1627779648
WALL 44997347 1 0 1627779649
WALL 44997347 1 0 1627779650
WALL 44997347 1 0 1627779651
WALL 44997347 1 0 1627779652
WALL 44997347 1 0 1627779653
WALL 44997347 1 0 1627779654
WALL 44997347 1 0 1627779655
WALL 44997347 1 0 1627779656
WALL 44997347 1 0 1627779657
WALL 44997347 1 0 1627779658
WALL 44997347 1 0 1627779659
WALL 44997347 1 0 1627779660
WALL 44997347 1 0 1627779661
WALL 44997347 1 0 1627779662
WALL 44997347 1 0 1627779663
WALL 44997347 1 0 1627779664
WALL 44997347 1 0 1627779665
WALL 44997347 1 0 1627779666
WALL 44997347 1 0 1627779667
WALL 44997347 1 0 1627779668
WALL 44997347 1 0 1627779669
WALL 44997347 1 0 1627779670
WALL 44997347 1 0 1627779671
WALL 44997347 1 0 1627779672
WALL 44997347 1 0 1627779673
WALL 44997347 1 0 1627779674
WALL 44997347 1 0 1627779675
WALL 44997347 1 0 1627779676
WALL 44997347 1 0 1627779677
WALL 44997347 1 0 1627779678
WALL 44997347 1 0 1627779679
WALL 44997347 1 0 1627779680
WALL 44997347 1 0 1627779681
WALL 44997347 1 0 1627779682
WALL 44997347 1 0 1627779683
WALL 44997347 1 0 1627779684
WALL 44997347 1 0 1627779685
WALL 44997347 1 0 1627779686
WALL 44997347 1 0 1627779687
WALL 44997347 1 0 1627779688
WALL 44997347 1 0 1627779689
WALL 44997347 1 0 1627779690
WALL 44997347 1 0 1627779691
WALL 44997347 1 0 1627779692
WALL 44997347 1 0 1627779693
WALL 44997347 1 0 1627779694
WALL 44997347 1 0 1627779695
WALL 44997347 1 0 1627779696
received SIGCONT 1627779697
WALL 44997347 1 0 1627779697
slurmstepd: error: *** STEP 44997347.0 ON nid00871 CANCELLED AT 2021-07-31T18:01:37 ***
received SIGTERM 1627779697
WALL 44997347 1 0 1627779697
WALL 44997347 1 0 1627779698
WALL 44997347 1 0 1627779699
WALL 44997347 1 0 1627779700
WALL 44997347 1 0 1627779701
WALL 44997347 1 0 1627779702
WALL 44997347 1 0 1627779703
WALL 44997347 1 0 1627779704
WALL 44997347 1 0 1627779705
WALL 44997347 1 0 1627779706
WALL 44997347 1 0 1627779707
WALL 44997347 1 0 1627779708
WALL 44997347 1 0 1627779709
WALL 44997347 1 0 1627779710
WALL 44997347 1 0 1627779711
WALL 44997347 1 0 1627779712
WALL 44997347 1 0 1627779713
WALL 44997347 1 0 1627779714
WALL 44997347 1 0 1627779715
WALL 44997347 1 0 1627779716
WALL 44997347 1 0 1627779717
WALL 44997347 1 0 1627779718
WALL 44997347 1 0 1627779719
WALL 44997347 1 0 1627779720
WALL 44997347 1 0 1627779721
WALL 44997347 1 0 1627779722
WALL 44997347 1 0 1627779723
WALL 44997347 1 0 1627779724
WALL 44997347 1 0 1627779725
WALL 44997347 1 0 1627779726
WALL 44997347 1 0 1627779727
WALL 44997347 1 0 1627779728
WALL 44997347 1 0 1627779729
WALL 44997347 1 0 1627779730
WALL 44997347 1 0 1627779731
WALL 44997347 1 0 1627779732
WALL 44997347 1 0 1627779733
WALL 44997347 1 0 1627779734
WALL 44997347 1 0 1627779735
WALL 44997347 1 0 1627779736
WALL 44997347 1 0 1627779737
WALL 44997347 1 0 1627779738
WALL 44997347 1 0 1627779739
WALL 44997347 1 0 1627779740
WALL 44997347 1 0 1627779741
WALL 44997347 1 0 1627779742
WALL 44997347 1 0 1627779743
WALL 44997347 1 0 1627779744
WALL 44997347 1 0 1627779745
WALL 44997347 1 0 1627779746
WALL 44997347 1 0 1627779747
WALL 44997347 1 0 1627779748
WALL 44997347 1 0 1627779749
WALL 44997347 1 0 1627779750
WALL 44997347 1 0 1627779751
WALL 44997347 1 0 1627779752
WALL 44997347 1 0 1627779753
WALL 44997347 1 0 1627779754
WALL 44997347 1 0 1627779755
WALL 44997347 1 0 1627779756
WALL 44997347 1 0 1627779757
WALL 44997347 1 0 1627779758
WALL 44997347 1 0 1627779759
WALL 44997347 1 0 1627779760
WALL 44997347 1 0 1627779761
WALL 44997347 1 0 1627779762
WALL 44997347 1 0 1627779763
WALL 44997347 1 0 1627779764
WALL 44997347 1 0 1627779765
WALL 44997347 1 0 1627779766
WALL 44997347 1 0 1627779767
WALL 44997347 1 0 1627779768
WALL 44997347 1 0 1627779769
WALL 44997347 1 0 1627779770
WALL 44997347 1 0 1627779771
srun: Job step aborted: Waiting up to 32 seconds for job step to finish.
received SIGTERM 1627779772
WALL 44997347 1 0 1627779772
received SIGCONT 1627779772
srun: got SIGCONT
WALL 44997347 1 0 1627779772
received SIGTERM 1627779772
srun: forcing job termination
WALL 44997347 1 0 1627779772
