WALL 44997510 1 0 1627783190
WALL 44997510 1 0 1627783191
WALL 44997510 1 0 1627783192
WALL 44997510 1 0 1627783193
WALL 44997510 1 0 1627783194
WALL 44997510 1 0 1627783195
WALL 44997510 1 0 1627783196
WALL 44997510 1 0 1627783197
WALL 44997510 1 0 1627783198
WALL 44997510 1 0 1627783199
WALL 44997510 1 0 1627783200
WALL 44997510 1 0 1627783201
WALL 44997510 1 0 1627783202
WALL 44997510 1 0 1627783203
WALL 44997510 1 0 1627783204
WALL 44997510 1 0 1627783205
WALL 44997510 1 0 1627783206
WALL 44997510 1 0 1627783207
WALL 44997510 1 0 1627783208
WALL 44997510 1 0 1627783209
WALL 44997510 1 0 1627783210
WALL 44997510 1 0 1627783211
WALL 44997510 1 0 1627783212
WALL 44997510 1 0 1627783213
WALL 44997510 1 0 1627783214
WALL 44997510 1 0 1627783215
WALL 44997510 1 0 1627783216
WALL 44997510 1 0 1627783217
WALL 44997510 1 0 1627783218
WALL 44997510 1 0 1627783219
WALL 44997510 1 0 1627783220
WALL 44997510 1 0 1627783221
WALL 44997510 1 0 1627783222
WALL 44997510 1 0 1627783223
WALL 44997510 1 0 1627783224
WALL 44997510 1 0 1627783225
WALL 44997510 1 0 1627783226
WALL 44997510 1 0 1627783227
WALL 44997510 1 0 1627783228
WALL 44997510 1 0 1627783229
WALL 44997510 1 0 1627783230
WALL 44997510 1 0 1627783231
WALL 44997510 1 0 1627783232
WALL 44997510 1 0 1627783233
WALL 44997510 1 0 1627783234
WALL 44997510 1 0 1627783235
WALL 44997510 1 0 1627783236
WALL 44997510 1 0 1627783237
WALL 44997510 1 0 1627783238
WALL 44997510 1 0 1627783239
WALL 44997510 1 0 1627783240
WALL 44997510 1 0 1627783241
WALL 44997510 1 0 1627783242
WALL 44997510 1 0 1627783243
WALL 44997510 1 0 1627783244
WALL 44997510 1 0 1627783245
WALL 44997510 1 0 1627783246
WALL 44997510 1 0 1627783247
WALL 44997510 1 0 1627783248
WALL 44997510 1 0 1627783249
WALL 44997510 1 0 1627783250
WALL 44997510 1 0 1627783251
WALL 44997510 1 0 1627783252
WALL 44997510 1 0 1627783253
WALL 44997510 1 0 1627783254
WALL 44997510 1 0 1627783255
WALL 44997510 1 0 1627783256
WALL 44997510 1 0 1627783257
WALL 44997510 1 0 1627783258
WALL 44997510 1 0 1627783259
WALL 44997510 1 0 1627783260
WALL 44997510 1 0 1627783261
WALL 44997510 1 0 1627783262
WALL 44997510 1 0 1627783263
WALL 44997510 1 0 1627783264
WALL 44997510 1 0 1627783265
WALL 44997510 1 0 1627783266
WALL 44997510 1 0 1627783267
WALL 44997510 1 0 1627783268
WALL 44997510 1 0 1627783269
WALL 44997510 1 0 1627783270
WALL 44997510 1 0 1627783271
WALL 44997510 1 0 1627783272
WALL 44997510 1 0 1627783273
WALL 44997510 1 0 1627783274
WALL 44997510 1 0 1627783275
WALL 44997510 1 0 1627783276
WALL 44997510 1 0 1627783277
WALL 44997510 1 0 1627783278
WALL 44997510 1 0 1627783279
WALL 44997510 1 0 1627783280
WALL 44997510 1 0 1627783281
WALL 44997510 1 0 1627783282
WALL 44997510 1 0 1627783283
WALL 44997510 1 0 1627783284
WALL 44997510 1 0 1627783285
WALL 44997510 1 0 1627783286
WALL 44997510 1 0 1627783287
WALL 44997510 1 0 1627783288
WALL 44997510 1 0 1627783289
WALL 44997510 1 0 1627783290
WALL 44997510 1 0 1627783291
WALL 44997510 1 0 1627783292
WALL 44997510 1 0 1627783293
WALL 44997510 1 0 1627783294
WALL 44997510 1 0 1627783295
WALL 44997510 1 0 1627783296
WALL 44997510 1 0 1627783297
WALL 44997510 1 0 1627783298
WALL 44997510 1 0 1627783299
WALL 44997510 1 0 1627783300
WALL 44997510 1 0 1627783301
WALL 44997510 1 0 1627783302
WALL 44997510 1 0 1627783303
WALL 44997510 1 0 1627783304
WALL 44997510 1 0 1627783305
WALL 44997510 1 0 1627783306
WALL 44997510 1 0 1627783307
WALL 44997510 1 0 1627783308
WALL 44997510 1 0 1627783309
WALL 44997510 1 0 1627783310
WALL 44997510 1 0 1627783311
WALL 44997510 1 0 1627783312
WALL 44997510 1 0 1627783313
WALL 44997510 1 0 1627783314
WALL 44997510 1 0 1627783315
WALL 44997510 1 0 1627783316
WALL 44997510 1 0 1627783317
WALL 44997510 1 0 1627783318
WALL 44997510 1 0 1627783319
WALL 44997510 1 0 1627783320
WALL 44997510 1 0 1627783321
WALL 44997510 1 0 1627783322
WALL 44997510 1 0 1627783323
WALL 44997510 1 0 1627783324
WALL 44997510 1 0 1627783325
WALL 44997510 1 0 1627783326
WALL 44997510 1 0 1627783327
WALL 44997510 1 0 1627783328
WALL 44997510 1 0 1627783329
WALL 44997510 1 0 1627783330
WALL 44997510 1 0 1627783331
WALL 44997510 1 0 1627783332
WALL 44997510 1 0 1627783333
WALL 44997510 1 0 1627783334
WALL 44997510 1 0 1627783335
WALL 44997510 1 0 1627783336
WALL 44997510 1 0 1627783337
WALL 44997510 1 0 1627783338
WALL 44997510 1 0 1627783339
WALL 44997510 1 0 1627783340
WALL 44997510 1 0 1627783341
WALL 44997510 1 0 1627783342
WALL 44997510 1 0 1627783343
WALL 44997510 1 0 1627783344
WALL 44997510 1 0 1627783345
WALL 44997510 1 0 1627783346
WALL 44997510 1 0 1627783347
WALL 44997510 1 0 1627783348
WALL 44997510 1 0 1627783349
WALL 44997510 1 0 1627783350
WALL 44997510 1 0 1627783351
WALL 44997510 1 0 1627783352
WALL 44997510 1 0 1627783353
WALL 44997510 1 0 1627783354
WALL 44997510 1 0 1627783355
WALL 44997510 1 0 1627783356
WALL 44997510 1 0 1627783357
WALL 44997510 1 0 1627783358
WALL 44997510 1 0 1627783359
WALL 44997510 1 0 1627783360
WALL 44997510 1 0 1627783361
WALL 44997510 1 0 1627783362
WALL 44997510 1 0 1627783363
WALL 44997510 1 0 1627783364
WALL 44997510 1 0 1627783365
WALL 44997510 1 0 1627783366
WALL 44997510 1 0 1627783367
WALL 44997510 1 0 1627783368
WALL 44997510 1 0 1627783369
WALL 44997510 1 0 1627783370
WALL 44997510 1 0 1627783371
WALL 44997510 1 0 1627783372
WALL 44997510 1 0 1627783373
WALL 44997510 1 0 1627783374
WALL 44997510 1 0 1627783375
WALL 44997510 1 0 1627783376
WALL 44997510 1 0 1627783377
WALL 44997510 1 0 1627783378
WALL 44997510 1 0 1627783379
WALL 44997510 1 0 1627783380
WALL 44997510 1 0 1627783381
WALL 44997510 1 0 1627783382
WALL 44997510 1 0 1627783383
WALL 44997510 1 0 1627783384
WALL 44997510 1 0 1627783385
WALL 44997510 1 0 1627783386
WALL 44997510 1 0 1627783387
WALL 44997510 1 0 1627783388
WALL 44997510 1 0 1627783389
WALL 44997510 1 0 1627783390
WALL 44997510 1 0 1627783391
WALL 44997510 1 0 1627783392
WALL 44997510 1 0 1627783393
WALL 44997510 1 0 1627783394
WALL 44997510 1 0 1627783395
WALL 44997510 1 0 1627783396
WALL 44997510 1 0 1627783397
WALL 44997510 1 0 1627783398
WALL 44997510 1 0 1627783399
WALL 44997510 1 0 1627783400
WALL 44997510 1 0 1627783401
WALL 44997510 1 0 1627783402
WALL 44997510 1 0 1627783403
WALL 44997510 1 0 1627783404
WALL 44997510 1 0 1627783405
WALL 44997510 1 0 1627783406
WALL 44997510 1 0 1627783407
WALL 44997510 1 0 1627783408
WALL 44997510 1 0 1627783409
WALL 44997510 1 0 1627783410
WALL 44997510 1 0 1627783411
WALL 44997510 1 0 1627783412
WALL 44997510 1 0 1627783413
WALL 44997510 1 0 1627783414
WALL 44997510 1 0 1627783415
WALL 44997510 1 0 1627783416
WALL 44997510 1 0 1627783417
WALL 44997510 1 0 1627783418
WALL 44997510 1 0 1627783419
WALL 44997510 1 0 1627783420
WALL 44997510 1 0 1627783421
WALL 44997510 1 0 1627783422
WALL 44997510 1 0 1627783423
WALL 44997510 1 0 1627783424
WALL 44997510 1 0 1627783425
WALL 44997510 1 0 1627783426
WALL 44997510 1 0 1627783427
WALL 44997510 1 0 1627783428
WALL 44997510 1 0 1627783429
WALL 44997510 1 0 1627783430
WALL 44997510 1 0 1627783431
WALL 44997510 1 0 1627783432
WALL 44997510 1 0 1627783433
WALL 44997510 1 0 1627783434
WALL 44997510 1 0 1627783435
WALL 44997510 1 0 1627783436
WALL 44997510 1 0 1627783437
WALL 44997510 1 0 1627783438
WALL 44997510 1 0 1627783439
WALL 44997510 1 0 1627783440
WALL 44997510 1 0 1627783441
WALL 44997510 1 0 1627783442
WALL 44997510 1 0 1627783443
WALL 44997510 1 0 1627783444
WALL 44997510 1 0 1627783445
WALL 44997510 1 0 1627783446
WALL 44997510 1 0 1627783447
WALL 44997510 1 0 1627783448
WALL 44997510 1 0 1627783449
WALL 44997510 1 0 1627783450
WALL 44997510 1 0 1627783451
WALL 44997510 1 0 1627783452
WALL 44997510 1 0 1627783453
WALL 44997510 1 0 1627783454
WALL 44997510 1 0 1627783455
WALL 44997510 1 0 1627783456
WALL 44997510 1 0 1627783457
WALL 44997510 1 0 1627783458
WALL 44997510 1 0 1627783459
WALL 44997510 1 0 1627783460
WALL 44997510 1 0 1627783461
WALL 44997510 1 0 1627783462
WALL 44997510 1 0 1627783463
WALL 44997510 1 0 1627783464
WALL 44997510 1 0 1627783465
WALL 44997510 1 0 1627783466
WALL 44997510 1 0 1627783467
WALL 44997510 1 0 1627783468
WALL 44997510 1 0 1627783469
WALL 44997510 1 0 1627783470
WALL 44997510 1 0 1627783471
WALL 44997510 1 0 1627783472
WALL 44997510 1 0 1627783473
WALL 44997510 1 0 1627783474
WALL 44997510 1 0 1627783475
WALL 44997510 1 0 1627783476
WALL 44997510 1 0 1627783477
WALL 44997510 1 0 1627783478
WALL 44997510 1 0 1627783479
WALL 44997510 1 0 1627783480
WALL 44997510 1 0 1627783481
WALL 44997510 1 0 1627783482
WALL 44997510 1 0 1627783483
WALL 44997510 1 0 1627783484
WALL 44997510 1 0 1627783485
WALL 44997510 1 0 1627783486
WALL 44997510 1 0 1627783487
WALL 44997510 1 0 1627783488
WALL 44997510 1 0 1627783489
WALL 44997510 1 0 1627783490
WALL 44997510 1 0 1627783491
WALL 44997510 1 0 1627783492
WALL 44997510 1 0 1627783493
WALL 44997510 1 0 1627783494
WALL 44997510 1 0 1627783495
WALL 44997510 1 0 1627783496
WALL 44997510 1 0 1627783497
WALL 44997510 1 0 1627783498
WALL 44997510 1 0 1627783499
WALL 44997510 1 0 1627783500
WALL 44997510 1 0 1627783501
WALL 44997510 1 0 1627783502
WALL 44997510 1 0 1627783503
WALL 44997510 1 0 1627783504
WALL 44997510 1 0 1627783505
WALL 44997510 1 0 1627783506
WALL 44997510 1 0 1627783507
WALL 44997510 1 0 1627783508
WALL 44997510 1 0 1627783509
WALL 44997510 1 0 1627783510
WALL 44997510 1 0 1627783511
WALL 44997510 1 0 1627783512
WALL 44997510 1 0 1627783513
WALL 44997510 1 0 1627783514
WALL 44997510 1 0 1627783515
WALL 44997510 1 0 1627783516
WALL 44997510 1 0 1627783517
WALL 44997510 1 0 1627783518
WALL 44997510 1 0 1627783519
WALL 44997510 1 0 1627783520
WALL 44997510 1 0 1627783521
WALL 44997510 1 0 1627783522
WALL 44997510 1 0 1627783523
WALL 44997510 1 0 1627783524
WALL 44997510 1 0 1627783525
WALL 44997510 1 0 1627783526
WALL 44997510 1 0 1627783527
WALL 44997510 1 0 1627783528
WALL 44997510 1 0 1627783529
WALL 44997510 1 0 1627783530
WALL 44997510 1 0 1627783531
WALL 44997510 1 0 1627783532
WALL 44997510 1 0 1627783533
WALL 44997510 1 0 1627783534
WALL 44997510 1 0 1627783535
WALL 44997510 1 0 1627783536
WALL 44997510 1 0 1627783537
WALL 44997510 1 0 1627783538
WALL 44997510 1 0 1627783539
WALL 44997510 1 0 1627783540
WALL 44997510 1 0 1627783541
WALL 44997510 1 0 1627783542
WALL 44997510 1 0 1627783543
WALL 44997510 1 0 1627783544
WALL 44997510 1 0 1627783545
WALL 44997510 1 0 1627783546
WALL 44997510 1 0 1627783547
WALL 44997510 1 0 1627783548
WALL 44997510 1 0 1627783549
WALL 44997510 1 0 1627783550
WALL 44997510 1 0 1627783551
WALL 44997510 1 0 1627783552
WALL 44997510 1 0 1627783553
WALL 44997510 1 0 1627783554
WALL 44997510 1 0 1627783555
WALL 44997510 1 0 1627783556
WALL 44997510 1 0 1627783557
WALL 44997510 1 0 1627783558
WALL 44997510 1 0 1627783559
WALL 44997510 1 0 1627783560
WALL 44997510 1 0 1627783561
WALL 44997510 1 0 1627783562
WALL 44997510 1 0 1627783563
WALL 44997510 1 0 1627783564
WALL 44997510 1 0 1627783565
WALL 44997510 1 0 1627783566
WALL 44997510 1 0 1627783567
WALL 44997510 1 0 1627783568
WALL 44997510 1 0 1627783569
WALL 44997510 1 0 1627783570
WALL 44997510 1 0 1627783571
WALL 44997510 1 0 1627783572
WALL 44997510 1 0 1627783573
WALL 44997510 1 0 1627783574
WALL 44997510 1 0 1627783575
WALL 44997510 1 0 1627783576
WALL 44997510 1 0 1627783577
WALL 44997510 1 0 1627783578
WALL 44997510 1 0 1627783579
WALL 44997510 1 0 1627783580
WALL 44997510 1 0 1627783581
WALL 44997510 1 0 1627783582
WALL 44997510 1 0 1627783583
WALL 44997510 1 0 1627783584
WALL 44997510 1 0 1627783585
WALL 44997510 1 0 1627783586
WALL 44997510 1 0 1627783587
WALL 44997510 1 0 1627783588
WALL 44997510 1 0 1627783589
WALL 44997510 1 0 1627783590
WALL 44997510 1 0 1627783591
WALL 44997510 1 0 1627783592
WALL 44997510 1 0 1627783593
WALL 44997510 1 0 1627783594
WALL 44997510 1 0 1627783595
WALL 44997510 1 0 1627783596
WALL 44997510 1 0 1627783597
WALL 44997510 1 0 1627783598
WALL 44997510 1 0 1627783599
WALL 44997510 1 0 1627783600
WALL 44997510 1 0 1627783601
WALL 44997510 1 0 1627783602
WALL 44997510 1 0 1627783603
WALL 44997510 1 0 1627783604
WALL 44997510 1 0 1627783605
WALL 44997510 1 0 1627783606
WALL 44997510 1 0 1627783607
WALL 44997510 1 0 1627783608
WALL 44997510 1 0 1627783609
WALL 44997510 1 0 1627783610
WALL 44997510 1 0 1627783611
WALL 44997510 1 0 1627783612
WALL 44997510 1 0 1627783613
WALL 44997510 1 0 1627783614
WALL 44997510 1 0 1627783615
WALL 44997510 1 0 1627783616
WALL 44997510 1 0 1627783617
WALL 44997510 1 0 1627783618
WALL 44997510 1 0 1627783619
WALL 44997510 1 0 1627783620
WALL 44997510 1 0 1627783621
WALL 44997510 1 0 1627783622
WALL 44997510 1 0 1627783623
WALL 44997510 1 0 1627783624
WALL 44997510 1 0 1627783625
WALL 44997510 1 0 1627783626
WALL 44997510 1 0 1627783627
WALL 44997510 1 0 1627783628
WALL 44997510 1 0 1627783629
WALL 44997510 1 0 1627783630
WALL 44997510 1 0 1627783631
WALL 44997510 1 0 1627783632
WALL 44997510 1 0 1627783633
WALL 44997510 1 0 1627783634
WALL 44997510 1 0 1627783635
WALL 44997510 1 0 1627783636
WALL 44997510 1 0 1627783637
WALL 44997510 1 0 1627783638
WALL 44997510 1 0 1627783639
WALL 44997510 1 0 1627783640
WALL 44997510 1 0 1627783641
WALL 44997510 1 0 1627783642
WALL 44997510 1 0 1627783643
WALL 44997510 1 0 1627783644
WALL 44997510 1 0 1627783645
WALL 44997510 1 0 1627783646
WALL 44997510 1 0 1627783647
WALL 44997510 1 0 1627783648
WALL 44997510 1 0 1627783649
WALL 44997510 1 0 1627783650
WALL 44997510 1 0 1627783651
WALL 44997510 1 0 1627783652
WALL 44997510 1 0 1627783653
WALL 44997510 1 0 1627783654
WALL 44997510 1 0 1627783655
WALL 44997510 1 0 1627783656
WALL 44997510 1 0 1627783657
WALL 44997510 1 0 1627783658
WALL 44997510 1 0 1627783659
WALL 44997510 1 0 1627783660
WALL 44997510 1 0 1627783661
WALL 44997510 1 0 1627783662
WALL 44997510 1 0 1627783663
WALL 44997510 1 0 1627783664
WALL 44997510 1 0 1627783665
WALL 44997510 1 0 1627783666
WALL 44997510 1 0 1627783667
WALL 44997510 1 0 1627783668
WALL 44997510 1 0 1627783669
WALL 44997510 1 0 1627783670
WALL 44997510 1 0 1627783671
WALL 44997510 1 0 1627783672
WALL 44997510 1 0 1627783673
WALL 44997510 1 0 1627783674
WALL 44997510 1 0 1627783675
WALL 44997510 1 0 1627783676
WALL 44997510 1 0 1627783677
WALL 44997510 1 0 1627783678
WALL 44997510 1 0 1627783679
WALL 44997510 1 0 1627783680
WALL 44997510 1 0 1627783681
WALL 44997510 1 0 1627783682
WALL 44997510 1 0 1627783683
WALL 44997510 1 0 1627783684
WALL 44997510 1 0 1627783685
WALL 44997510 1 0 1627783686
WALL 44997510 1 0 1627783687
WALL 44997510 1 0 1627783688
WALL 44997510 1 0 1627783689
WALL 44997510 1 0 1627783690
WALL 44997510 1 0 1627783691
WALL 44997510 1 0 1627783692
WALL 44997510 1 0 1627783693
WALL 44997510 1 0 1627783694
WALL 44997510 1 0 1627783695
WALL 44997510 1 0 1627783696
WALL 44997510 1 0 1627783697
WALL 44997510 1 0 1627783698
WALL 44997510 1 0 1627783699
WALL 44997510 1 0 1627783700
WALL 44997510 1 0 1627783701
WALL 44997510 1 0 1627783702
WALL 44997510 1 0 1627783703
WALL 44997510 1 0 1627783704
WALL 44997510 1 0 1627783705
WALL 44997510 1 0 1627783706
WALL 44997510 1 0 1627783707
WALL 44997510 1 0 1627783708
WALL 44997510 1 0 1627783709
WALL 44997510 1 0 1627783710
WALL 44997510 1 0 1627783711
WALL 44997510 1 0 1627783712
WALL 44997510 1 0 1627783713
WALL 44997510 1 0 1627783714
WALL 44997510 1 0 1627783715
WALL 44997510 1 0 1627783716
WALL 44997510 1 0 1627783717
WALL 44997510 1 0 1627783718
WALL 44997510 1 0 1627783719
WALL 44997510 1 0 1627783720
WALL 44997510 1 0 1627783721
WALL 44997510 1 0 1627783722
WALL 44997510 1 0 1627783723
WALL 44997510 1 0 1627783724
WALL 44997510 1 0 1627783725
WALL 44997510 1 0 1627783726
WALL 44997510 1 0 1627783727
WALL 44997510 1 0 1627783728
WALL 44997510 1 0 1627783729
WALL 44997510 1 0 1627783730
WALL 44997510 1 0 1627783731
WALL 44997510 1 0 1627783732
WALL 44997510 1 0 1627783733
WALL 44997510 1 0 1627783734
WALL 44997510 1 0 1627783735
WALL 44997510 1 0 1627783736
WALL 44997510 1 0 1627783737
WALL 44997510 1 0 1627783738
WALL 44997510 1 0 1627783739
WALL 44997510 1 0 1627783740
WALL 44997510 1 0 1627783741
WALL 44997510 1 0 1627783742
WALL 44997510 1 0 1627783743
WALL 44997510 1 0 1627783744
WALL 44997510 1 0 1627783745
WALL 44997510 1 0 1627783746
WALL 44997510 1 0 1627783747
WALL 44997510 1 0 1627783748
WALL 44997510 1 0 1627783749
WALL 44997510 1 0 1627783750
WALL 44997510 1 0 1627783751
WALL 44997510 1 0 1627783752
WALL 44997510 1 0 1627783753
WALL 44997510 1 0 1627783754
WALL 44997510 1 0 1627783755
WALL 44997510 1 0 1627783756
WALL 44997510 1 0 1627783757
WALL 44997510 1 0 1627783758
WALL 44997510 1 0 1627783759
WALL 44997510 1 0 1627783760
WALL 44997510 1 0 1627783761
WALL 44997510 1 0 1627783762
WALL 44997510 1 0 1627783763
WALL 44997510 1 0 1627783764
WALL 44997510 1 0 1627783765
WALL 44997510 1 0 1627783766
WALL 44997510 1 0 1627783767
WALL 44997510 1 0 1627783768
WALL 44997510 1 0 1627783769
WALL 44997510 1 0 1627783770
WALL 44997510 1 0 1627783771
WALL 44997510 1 0 1627783772
WALL 44997510 1 0 1627783773
WALL 44997510 1 0 1627783774
WALL 44997510 1 0 1627783775
WALL 44997510 1 0 1627783776
WALL 44997510 1 0 1627783777
WALL 44997510 1 0 1627783778
WALL 44997510 1 0 1627783779
WALL 44997510 1 0 1627783780
WALL 44997510 1 0 1627783781
WALL 44997510 1 0 1627783782
WALL 44997510 1 0 1627783783
WALL 44997510 1 0 1627783784
WALL 44997510 1 0 1627783785
WALL 44997510 1 0 1627783786
WALL 44997510 1 0 1627783787
WALL 44997510 1 0 1627783788
WALL 44997510 1 0 1627783789
WALL 44997510 1 0 1627783790
WALL 44997510 1 0 1627783791
WALL 44997510 1 0 1627783792
WALL 44997510 1 0 1627783793
WALL 44997510 1 0 1627783794
WALL 44997510 1 0 1627783795
WALL 44997510 1 0 1627783796
WALL 44997510 1 0 1627783797
WALL 44997510 1 0 1627783798
WALL 44997510 1 0 1627783799
WALL 44997510 1 0 1627783800
WALL 44997510 1 0 1627783801
WALL 44997510 1 0 1627783802
WALL 44997510 1 0 1627783803
WALL 44997510 1 0 1627783804
WALL 44997510 1 0 1627783805
WALL 44997510 1 0 1627783806
WALL 44997510 1 0 1627783807
WALL 44997510 1 0 1627783808
WALL 44997510 1 0 1627783809
WALL 44997510 1 0 1627783810
WALL 44997510 1 0 1627783811
WALL 44997510 1 0 1627783812
WALL 44997510 1 0 1627783813
WALL 44997510 1 0 1627783814
WALL 44997510 1 0 1627783815
WALL 44997510 1 0 1627783816
WALL 44997510 1 0 1627783817
WALL 44997510 1 0 1627783818
WALL 44997510 1 0 1627783819
WALL 44997510 1 0 1627783820
WALL 44997510 1 0 1627783821
WALL 44997510 1 0 1627783822
WALL 44997510 1 0 1627783823
WALL 44997510 1 0 1627783824
WALL 44997510 1 0 1627783825
WALL 44997510 1 0 1627783826
WALL 44997510 1 0 1627783827
WALL 44997510 1 0 1627783828
WALL 44997510 1 0 1627783829
WALL 44997510 1 0 1627783830
WALL 44997510 1 0 1627783831
WALL 44997510 1 0 1627783832
WALL 44997510 1 0 1627783833
WALL 44997510 1 0 1627783834
WALL 44997510 1 0 1627783835
WALL 44997510 1 0 1627783836
WALL 44997510 1 0 1627783837
WALL 44997510 1 0 1627783838
WALL 44997510 1 0 1627783839
WALL 44997510 1 0 1627783840
WALL 44997510 1 0 1627783841
WALL 44997510 1 0 1627783842
WALL 44997510 1 0 1627783843
WALL 44997510 1 0 1627783844
WALL 44997510 1 0 1627783845
WALL 44997510 1 0 1627783846
WALL 44997510 1 0 1627783847
WALL 44997510 1 0 1627783848
WALL 44997510 1 0 1627783849
WALL 44997510 1 0 1627783850
WALL 44997510 1 0 1627783851
WALL 44997510 1 0 1627783852
WALL 44997510 1 0 1627783853
WALL 44997510 1 0 1627783854
WALL 44997510 1 0 1627783855
WALL 44997510 1 0 1627783856
WALL 44997510 1 0 1627783857
WALL 44997510 1 0 1627783858
WALL 44997510 1 0 1627783859
WALL 44997510 1 0 1627783860
WALL 44997510 1 0 1627783861
WALL 44997510 1 0 1627783862
WALL 44997510 1 0 1627783863
WALL 44997510 1 0 1627783864
WALL 44997510 1 0 1627783865
WALL 44997510 1 0 1627783866
WALL 44997510 1 0 1627783867
WALL 44997510 1 0 1627783868
WALL 44997510 1 0 1627783869
WALL 44997510 1 0 1627783870
WALL 44997510 1 0 1627783871
WALL 44997510 1 0 1627783872
WALL 44997510 1 0 1627783873
WALL 44997510 1 0 1627783874
WALL 44997510 1 0 1627783875
WALL 44997510 1 0 1627783876
WALL 44997510 1 0 1627783877
WALL 44997510 1 0 1627783878
WALL 44997510 1 0 1627783879
WALL 44997510 1 0 1627783880
WALL 44997510 1 0 1627783881
WALL 44997510 1 0 1627783882
received SIGCONT 1627783883
WALL 44997510 1 0 1627783883
slurmstepd: error: *** STEP 44997510.0 ON nid00795 CANCELLED AT 2021-07-31T19:11:23 ***
received SIGTERM 1627783883
WALL 44997510 1 0 1627783883
WALL 44997510 1 0 1627783884
WALL 44997510 1 0 1627783885
WALL 44997510 1 0 1627783886
WALL 44997510 1 0 1627783887
WALL 44997510 1 0 1627783888
WALL 44997510 1 0 1627783889
WALL 44997510 1 0 1627783890
WALL 44997510 1 0 1627783891
WALL 44997510 1 0 1627783892
WALL 44997510 1 0 1627783893
WALL 44997510 1 0 1627783894
WALL 44997510 1 0 1627783895
WALL 44997510 1 0 1627783896
WALL 44997510 1 0 1627783897
WALL 44997510 1 0 1627783898
WALL 44997510 1 0 1627783899
WALL 44997510 1 0 1627783900
WALL 44997510 1 0 1627783901
WALL 44997510 1 0 1627783902
WALL 44997510 1 0 1627783903
WALL 44997510 1 0 1627783904
WALL 44997510 1 0 1627783905
WALL 44997510 1 0 1627783906
WALL 44997510 1 0 1627783907
WALL 44997510 1 0 1627783908
WALL 44997510 1 0 1627783909
WALL 44997510 1 0 1627783910
WALL 44997510 1 0 1627783911
WALL 44997510 1 0 1627783912
WALL 44997510 1 0 1627783913
WALL 44997510 1 0 1627783914
WALL 44997510 1 0 1627783915
WALL 44997510 1 0 1627783916
WALL 44997510 1 0 1627783917
WALL 44997510 1 0 1627783918
WALL 44997510 1 0 1627783919
WALL 44997510 1 0 1627783920
WALL 44997510 1 0 1627783921
WALL 44997510 1 0 1627783922
WALL 44997510 1 0 1627783923
WALL 44997510 1 0 1627783924
WALL 44997510 1 0 1627783925
WALL 44997510 1 0 1627783926
WALL 44997510 1 0 1627783927
WALL 44997510 1 0 1627783928
WALL 44997510 1 0 1627783929
WALL 44997510 1 0 1627783930
WALL 44997510 1 0 1627783931
WALL 44997510 1 0 1627783932
WALL 44997510 1 0 1627783933
WALL 44997510 1 0 1627783934
WALL 44997510 1 0 1627783935
WALL 44997510 1 0 1627783936
WALL 44997510 1 0 1627783937
WALL 44997510 1 0 1627783938
WALL 44997510 1 0 1627783939
WALL 44997510 1 0 1627783940
WALL 44997510 1 0 1627783941
WALL 44997510 1 0 1627783942
WALL 44997510 1 0 1627783943
WALL 44997510 1 0 1627783944
WALL 44997510 1 0 1627783945
WALL 44997510 1 0 1627783946
WALL 44997510 1 0 1627783947
WALL 44997510 1 0 1627783948
WALL 44997510 1 0 1627783949
WALL 44997510 1 0 1627783950
WALL 44997510 1 0 1627783951
WALL 44997510 1 0 1627783952
WALL 44997510 1 0 1627783953
WALL 44997510 1 0 1627783954
WALL 44997510 1 0 1627783955
received SIGTERM 1627783955
WALL 44997510 1 0 1627783955
received SIGCONT 1627783955
WALL 44997510 1 0 1627783955
srun: Job step aborted: Waiting up to 32 seconds for job step to finish.
received SIGTERM 1627783955
WALL 44997510 1 0 1627783955
srun: got SIGCONT
srun: forcing job termination
