WALL 44994542 1 0 1627769368
WALL 44994542 1 0 1627769369
WALL 44994542 1 0 1627769370
WALL 44994542 1 0 1627769371
WALL 44994542 1 0 1627769372
WALL 44994542 1 0 1627769373
WALL 44994542 1 0 1627769374
WALL 44994542 1 0 1627769375
WALL 44994542 1 0 1627769376
WALL 44994542 1 0 1627769377
WALL 44994542 1 0 1627769378
WALL 44994542 1 0 1627769379
WALL 44994542 1 0 1627769380
WALL 44994542 1 0 1627769381
WALL 44994542 1 0 1627769382
WALL 44994542 1 0 1627769383
WALL 44994542 1 0 1627769384
WALL 44994542 1 0 1627769385
WALL 44994542 1 0 1627769386
WALL 44994542 1 0 1627769387
WALL 44994542 1 0 1627769388
WALL 44994542 1 0 1627769389
WALL 44994542 1 0 1627769390
WALL 44994542 1 0 1627769391
WALL 44994542 1 0 1627769392
WALL 44994542 1 0 1627769393
WALL 44994542 1 0 1627769394
WALL 44994542 1 0 1627769395
WALL 44994542 1 0 1627769396
WALL 44994542 1 0 1627769397
WALL 44994542 1 0 1627769398
WALL 44994542 1 0 1627769399
WALL 44994542 1 0 1627769400
WALL 44994542 1 0 1627769401
WALL 44994542 1 0 1627769402
WALL 44994542 1 0 1627769403
WALL 44994542 1 0 1627769404
WALL 44994542 1 0 1627769405
WALL 44994542 1 0 1627769406
WALL 44994542 1 0 1627769407
WALL 44994542 1 0 1627769408
WALL 44994542 1 0 1627769409
WALL 44994542 1 0 1627769410
WALL 44994542 1 0 1627769411
WALL 44994542 1 0 1627769412
WALL 44994542 1 0 1627769413
WALL 44994542 1 0 1627769414
WALL 44994542 1 0 1627769415
WALL 44994542 1 0 1627769416
WALL 44994542 1 0 1627769417
WALL 44994542 1 0 1627769418
WALL 44994542 1 0 1627769419
WALL 44994542 1 0 1627769420
WALL 44994542 1 0 1627769421
WALL 44994542 1 0 1627769422
WALL 44994542 1 0 1627769423
WALL 44994542 1 0 1627769424
WALL 44994542 1 0 1627769425
WALL 44994542 1 0 1627769426
WALL 44994542 1 0 1627769427
WALL 44994542 1 0 1627769428
WALL 44994542 1 0 1627769429
WALL 44994542 1 0 1627769430
WALL 44994542 1 0 1627769431
WALL 44994542 1 0 1627769432
WALL 44994542 1 0 1627769433
WALL 44994542 1 0 1627769434
WALL 44994542 1 0 1627769435
WALL 44994542 1 0 1627769436
WALL 44994542 1 0 1627769437
WALL 44994542 1 0 1627769438
WALL 44994542 1 0 1627769439
WALL 44994542 1 0 1627769440
WALL 44994542 1 0 1627769441
WALL 44994542 1 0 1627769442
WALL 44994542 1 0 1627769443
WALL 44994542 1 0 1627769444
WALL 44994542 1 0 1627769445
WALL 44994542 1 0 1627769446
WALL 44994542 1 0 1627769447
WALL 44994542 1 0 1627769448
WALL 44994542 1 0 1627769449
WALL 44994542 1 0 1627769450
WALL 44994542 1 0 1627769451
WALL 44994542 1 0 1627769452
WALL 44994542 1 0 1627769453
WALL 44994542 1 0 1627769454
WALL 44994542 1 0 1627769455
WALL 44994542 1 0 1627769456
WALL 44994542 1 0 1627769457
WALL 44994542 1 0 1627769458
WALL 44994542 1 0 1627769459
WALL 44994542 1 0 1627769460
WALL 44994542 1 0 1627769461
WALL 44994542 1 0 1627769462
WALL 44994542 1 0 1627769463
WALL 44994542 1 0 1627769464
WALL 44994542 1 0 1627769465
WALL 44994542 1 0 1627769466
WALL 44994542 1 0 1627769467
WALL 44994542 1 0 1627769468
WALL 44994542 1 0 1627769469
WALL 44994542 1 0 1627769470
WALL 44994542 1 0 1627769471
WALL 44994542 1 0 1627769472
WALL 44994542 1 0 1627769473
WALL 44994542 1 0 1627769474
WALL 44994542 1 0 1627769475
WALL 44994542 1 0 1627769476
WALL 44994542 1 0 1627769477
WALL 44994542 1 0 1627769478
WALL 44994542 1 0 1627769479
WALL 44994542 1 0 1627769480
WALL 44994542 1 0 1627769481
WALL 44994542 1 0 1627769482
WALL 44994542 1 0 1627769483
WALL 44994542 1 0 1627769484
WALL 44994542 1 0 1627769485
WALL 44994542 1 0 1627769486
WALL 44994542 1 0 1627769487
WALL 44994542 1 0 1627769488
WALL 44994542 1 0 1627769489
WALL 44994542 1 0 1627769490
WALL 44994542 1 0 1627769491
WALL 44994542 1 0 1627769492
WALL 44994542 1 0 1627769493
WALL 44994542 1 0 1627769494
WALL 44994542 1 0 1627769495
WALL 44994542 1 0 1627769496
WALL 44994542 1 0 1627769497
WALL 44994542 1 0 1627769498
WALL 44994542 1 0 1627769499
WALL 44994542 1 0 1627769500
WALL 44994542 1 0 1627769501
WALL 44994542 1 0 1627769502
WALL 44994542 1 0 1627769503
WALL 44994542 1 0 1627769504
WALL 44994542 1 0 1627769505
WALL 44994542 1 0 1627769506
WALL 44994542 1 0 1627769507
WALL 44994542 1 0 1627769508
WALL 44994542 1 0 1627769509
WALL 44994542 1 0 1627769510
WALL 44994542 1 0 1627769511
WALL 44994542 1 0 1627769512
WALL 44994542 1 0 1627769513
WALL 44994542 1 0 1627769514
WALL 44994542 1 0 1627769515
WALL 44994542 1 0 1627769516
WALL 44994542 1 0 1627769517
WALL 44994542 1 0 1627769518
WALL 44994542 1 0 1627769519
WALL 44994542 1 0 1627769520
WALL 44994542 1 0 1627769521
WALL 44994542 1 0 1627769522
WALL 44994542 1 0 1627769523
WALL 44994542 1 0 1627769524
WALL 44994542 1 0 1627769525
WALL 44994542 1 0 1627769526
WALL 44994542 1 0 1627769527
WALL 44994542 1 0 1627769528
WALL 44994542 1 0 1627769529
WALL 44994542 1 0 1627769530
WALL 44994542 1 0 1627769531
WALL 44994542 1 0 1627769532
WALL 44994542 1 0 1627769533
WALL 44994542 1 0 1627769534
WALL 44994542 1 0 1627769535
WALL 44994542 1 0 1627769536
WALL 44994542 1 0 1627769537
WALL 44994542 1 0 1627769538
WALL 44994542 1 0 1627769539
WALL 44994542 1 0 1627769540
WALL 44994542 1 0 1627769541
WALL 44994542 1 0 1627769542
WALL 44994542 1 0 1627769543
WALL 44994542 1 0 1627769544
WALL 44994542 1 0 1627769545
WALL 44994542 1 0 1627769546
WALL 44994542 1 0 1627769547
WALL 44994542 1 0 1627769548
WALL 44994542 1 0 1627769549
WALL 44994542 1 0 1627769550
WALL 44994542 1 0 1627769551
WALL 44994542 1 0 1627769552
WALL 44994542 1 0 1627769553
WALL 44994542 1 0 1627769554
WALL 44994542 1 0 1627769555
WALL 44994542 1 0 1627769556
WALL 44994542 1 0 1627769557
WALL 44994542 1 0 1627769558
WALL 44994542 1 0 1627769559
WALL 44994542 1 0 1627769560
WALL 44994542 1 0 1627769561
WALL 44994542 1 0 1627769562
WALL 44994542 1 0 1627769563
WALL 44994542 1 0 1627769564
WALL 44994542 1 0 1627769565
WALL 44994542 1 0 1627769566
WALL 44994542 1 0 1627769567
WALL 44994542 1 0 1627769568
WALL 44994542 1 0 1627769569
WALL 44994542 1 0 1627769570
WALL 44994542 1 0 1627769571
WALL 44994542 1 0 1627769572
WALL 44994542 1 0 1627769573
WALL 44994542 1 0 1627769574
WALL 44994542 1 0 1627769575
WALL 44994542 1 0 1627769576
WALL 44994542 1 0 1627769577
WALL 44994542 1 0 1627769578
WALL 44994542 1 0 1627769579
WALL 44994542 1 0 1627769580
WALL 44994542 1 0 1627769581
WALL 44994542 1 0 1627769582
WALL 44994542 1 0 1627769583
WALL 44994542 1 0 1627769584
WALL 44994542 1 0 1627769585
WALL 44994542 1 0 1627769586
WALL 44994542 1 0 1627769587
WALL 44994542 1 0 1627769588
WALL 44994542 1 0 1627769589
WALL 44994542 1 0 1627769590
WALL 44994542 1 0 1627769591
WALL 44994542 1 0 1627769592
WALL 44994542 1 0 1627769593
WALL 44994542 1 0 1627769594
WALL 44994542 1 0 1627769595
WALL 44994542 1 0 1627769596
WALL 44994542 1 0 1627769597
WALL 44994542 1 0 1627769598
WALL 44994542 1 0 1627769599
WALL 44994542 1 0 1627769600
WALL 44994542 1 0 1627769601
WALL 44994542 1 0 1627769602
WALL 44994542 1 0 1627769603
WALL 44994542 1 0 1627769604
WALL 44994542 1 0 1627769605
WALL 44994542 1 0 1627769606
WALL 44994542 1 0 1627769607
WALL 44994542 1 0 1627769608
WALL 44994542 1 0 1627769609
WALL 44994542 1 0 1627769610
WALL 44994542 1 0 1627769611
WALL 44994542 1 0 1627769612
WALL 44994542 1 0 1627769613
WALL 44994542 1 0 1627769614
WALL 44994542 1 0 1627769615
WALL 44994542 1 0 1627769616
WALL 44994542 1 0 1627769617
WALL 44994542 1 0 1627769618
WALL 44994542 1 0 1627769619
WALL 44994542 1 0 1627769620
WALL 44994542 1 0 1627769621
WALL 44994542 1 0 1627769622
WALL 44994542 1 0 1627769623
WALL 44994542 1 0 1627769624
WALL 44994542 1 0 1627769625
WALL 44994542 1 0 1627769626
WALL 44994542 1 0 1627769627
WALL 44994542 1 0 1627769628
WALL 44994542 1 0 1627769629
WALL 44994542 1 0 1627769630
WALL 44994542 1 0 1627769631
WALL 44994542 1 0 1627769632
WALL 44994542 1 0 1627769633
WALL 44994542 1 0 1627769634
WALL 44994542 1 0 1627769635
WALL 44994542 1 0 1627769636
WALL 44994542 1 0 1627769637
WALL 44994542 1 0 1627769638
WALL 44994542 1 0 1627769639
WALL 44994542 1 0 1627769640
WALL 44994542 1 0 1627769641
WALL 44994542 1 0 1627769642
WALL 44994542 1 0 1627769643
WALL 44994542 1 0 1627769644
WALL 44994542 1 0 1627769645
WALL 44994542 1 0 1627769646
WALL 44994542 1 0 1627769647
WALL 44994542 1 0 1627769648
WALL 44994542 1 0 1627769649
WALL 44994542 1 0 1627769650
WALL 44994542 1 0 1627769651
WALL 44994542 1 0 1627769652
WALL 44994542 1 0 1627769653
WALL 44994542 1 0 1627769654
WALL 44994542 1 0 1627769655
WALL 44994542 1 0 1627769656
WALL 44994542 1 0 1627769657
WALL 44994542 1 0 1627769658
WALL 44994542 1 0 1627769659
WALL 44994542 1 0 1627769660
WALL 44994542 1 0 1627769661
WALL 44994542 1 0 1627769662
WALL 44994542 1 0 1627769663
WALL 44994542 1 0 1627769664
WALL 44994542 1 0 1627769665
WALL 44994542 1 0 1627769666
WALL 44994542 1 0 1627769667
WALL 44994542 1 0 1627769668
WALL 44994542 1 0 1627769669
WALL 44994542 1 0 1627769670
WALL 44994542 1 0 1627769671
WALL 44994542 1 0 1627769672
WALL 44994542 1 0 1627769673
WALL 44994542 1 0 1627769674
WALL 44994542 1 0 1627769675
WALL 44994542 1 0 1627769676
WALL 44994542 1 0 1627769677
WALL 44994542 1 0 1627769678
WALL 44994542 1 0 1627769679
WALL 44994542 1 0 1627769680
WALL 44994542 1 0 1627769681
WALL 44994542 1 0 1627769682
WALL 44994542 1 0 1627769683
WALL 44994542 1 0 1627769684
WALL 44994542 1 0 1627769685
WALL 44994542 1 0 1627769686
WALL 44994542 1 0 1627769687
WALL 44994542 1 0 1627769688
WALL 44994542 1 0 1627769689
WALL 44994542 1 0 1627769690
WALL 44994542 1 0 1627769691
WALL 44994542 1 0 1627769692
WALL 44994542 1 0 1627769693
WALL 44994542 1 0 1627769694
WALL 44994542 1 0 1627769695
WALL 44994542 1 0 1627769696
WALL 44994542 1 0 1627769697
WALL 44994542 1 0 1627769698
WALL 44994542 1 0 1627769699
WALL 44994542 1 0 1627769700
WALL 44994542 1 0 1627769701
WALL 44994542 1 0 1627769702
WALL 44994542 1 0 1627769703
WALL 44994542 1 0 1627769704
WALL 44994542 1 0 1627769705
WALL 44994542 1 0 1627769706
WALL 44994542 1 0 1627769707
WALL 44994542 1 0 1627769708
WALL 44994542 1 0 1627769709
WALL 44994542 1 0 1627769710
WALL 44994542 1 0 1627769711
WALL 44994542 1 0 1627769712
WALL 44994542 1 0 1627769713
WALL 44994542 1 0 1627769714
WALL 44994542 1 0 1627769715
WALL 44994542 1 0 1627769716
WALL 44994542 1 0 1627769717
WALL 44994542 1 0 1627769718
WALL 44994542 1 0 1627769719
WALL 44994542 1 0 1627769720
WALL 44994542 1 0 1627769721
WALL 44994542 1 0 1627769722
WALL 44994542 1 0 1627769723
WALL 44994542 1 0 1627769724
WALL 44994542 1 0 1627769725
WALL 44994542 1 0 1627769726
WALL 44994542 1 0 1627769727
WALL 44994542 1 0 1627769728
WALL 44994542 1 0 1627769729
WALL 44994542 1 0 1627769730
WALL 44994542 1 0 1627769731
WALL 44994542 1 0 1627769732
WALL 44994542 1 0 1627769733
WALL 44994542 1 0 1627769734
WALL 44994542 1 0 1627769735
WALL 44994542 1 0 1627769736
WALL 44994542 1 0 1627769737
WALL 44994542 1 0 1627769738
WALL 44994542 1 0 1627769739
WALL 44994542 1 0 1627769740
WALL 44994542 1 0 1627769741
WALL 44994542 1 0 1627769742
WALL 44994542 1 0 1627769743
WALL 44994542 1 0 1627769744
WALL 44994542 1 0 1627769745
WALL 44994542 1 0 1627769746
WALL 44994542 1 0 1627769747
WALL 44994542 1 0 1627769748
WALL 44994542 1 0 1627769749
WALL 44994542 1 0 1627769750
WALL 44994542 1 0 1627769751
WALL 44994542 1 0 1627769752
WALL 44994542 1 0 1627769753
WALL 44994542 1 0 1627769754
WALL 44994542 1 0 1627769755
WALL 44994542 1 0 1627769756
WALL 44994542 1 0 1627769757
WALL 44994542 1 0 1627769758
WALL 44994542 1 0 1627769759
WALL 44994542 1 0 1627769760
WALL 44994542 1 0 1627769761
WALL 44994542 1 0 1627769762
WALL 44994542 1 0 1627769763
WALL 44994542 1 0 1627769764
WALL 44994542 1 0 1627769765
WALL 44994542 1 0 1627769766
WALL 44994542 1 0 1627769767
WALL 44994542 1 0 1627769768
WALL 44994542 1 0 1627769769
WALL 44994542 1 0 1627769770
WALL 44994542 1 0 1627769771
WALL 44994542 1 0 1627769772
WALL 44994542 1 0 1627769773
WALL 44994542 1 0 1627769774
WALL 44994542 1 0 1627769775
WALL 44994542 1 0 1627769776
WALL 44994542 1 0 1627769777
WALL 44994542 1 0 1627769778
WALL 44994542 1 0 1627769779
WALL 44994542 1 0 1627769780
WALL 44994542 1 0 1627769781
WALL 44994542 1 0 1627769782
WALL 44994542 1 0 1627769783
WALL 44994542 1 0 1627769784
WALL 44994542 1 0 1627769785
WALL 44994542 1 0 1627769786
WALL 44994542 1 0 1627769787
WALL 44994542 1 0 1627769788
WALL 44994542 1 0 1627769789
WALL 44994542 1 0 1627769790
WALL 44994542 1 0 1627769791
WALL 44994542 1 0 1627769792
WALL 44994542 1 0 1627769793
WALL 44994542 1 0 1627769794
WALL 44994542 1 0 1627769795
WALL 44994542 1 0 1627769796
WALL 44994542 1 0 1627769797
WALL 44994542 1 0 1627769798
WALL 44994542 1 0 1627769799
WALL 44994542 1 0 1627769800
WALL 44994542 1 0 1627769801
WALL 44994542 1 0 1627769802
WALL 44994542 1 0 1627769803
WALL 44994542 1 0 1627769804
WALL 44994542 1 0 1627769805
WALL 44994542 1 0 1627769806
WALL 44994542 1 0 1627769807
WALL 44994542 1 0 1627769808
WALL 44994542 1 0 1627769809
WALL 44994542 1 0 1627769810
WALL 44994542 1 0 1627769811
WALL 44994542 1 0 1627769812
WALL 44994542 1 0 1627769813
WALL 44994542 1 0 1627769814
WALL 44994542 1 0 1627769815
WALL 44994542 1 0 1627769816
WALL 44994542 1 0 1627769817
WALL 44994542 1 0 1627769818
WALL 44994542 1 0 1627769819
WALL 44994542 1 0 1627769820
WALL 44994542 1 0 1627769821
WALL 44994542 1 0 1627769822
WALL 44994542 1 0 1627769823
WALL 44994542 1 0 1627769824
WALL 44994542 1 0 1627769825
WALL 44994542 1 0 1627769826
WALL 44994542 1 0 1627769827
WALL 44994542 1 0 1627769828
WALL 44994542 1 0 1627769829
WALL 44994542 1 0 1627769830
WALL 44994542 1 0 1627769831
WALL 44994542 1 0 1627769832
WALL 44994542 1 0 1627769833
WALL 44994542 1 0 1627769834
WALL 44994542 1 0 1627769835
WALL 44994542 1 0 1627769836
WALL 44994542 1 0 1627769837
WALL 44994542 1 0 1627769838
WALL 44994542 1 0 1627769839
WALL 44994542 1 0 1627769840
WALL 44994542 1 0 1627769841
WALL 44994542 1 0 1627769842
WALL 44994542 1 0 1627769843
WALL 44994542 1 0 1627769844
WALL 44994542 1 0 1627769845
WALL 44994542 1 0 1627769846
WALL 44994542 1 0 1627769847
WALL 44994542 1 0 1627769848
WALL 44994542 1 0 1627769849
WALL 44994542 1 0 1627769850
WALL 44994542 1 0 1627769851
WALL 44994542 1 0 1627769852
WALL 44994542 1 0 1627769853
WALL 44994542 1 0 1627769854
WALL 44994542 1 0 1627769855
WALL 44994542 1 0 1627769856
WALL 44994542 1 0 1627769857
WALL 44994542 1 0 1627769858
WALL 44994542 1 0 1627769859
WALL 44994542 1 0 1627769860
WALL 44994542 1 0 1627769861
WALL 44994542 1 0 1627769862
WALL 44994542 1 0 1627769863
WALL 44994542 1 0 1627769864
WALL 44994542 1 0 1627769865
WALL 44994542 1 0 1627769866
WALL 44994542 1 0 1627769867
WALL 44994542 1 0 1627769868
WALL 44994542 1 0 1627769869
WALL 44994542 1 0 1627769870
WALL 44994542 1 0 1627769871
WALL 44994542 1 0 1627769872
WALL 44994542 1 0 1627769873
WALL 44994542 1 0 1627769874
WALL 44994542 1 0 1627769875
WALL 44994542 1 0 1627769876
WALL 44994542 1 0 1627769877
WALL 44994542 1 0 1627769878
WALL 44994542 1 0 1627769879
WALL 44994542 1 0 1627769880
WALL 44994542 1 0 1627769881
WALL 44994542 1 0 1627769882
WALL 44994542 1 0 1627769883
WALL 44994542 1 0 1627769884
WALL 44994542 1 0 1627769885
WALL 44994542 1 0 1627769886
WALL 44994542 1 0 1627769887
WALL 44994542 1 0 1627769888
WALL 44994542 1 0 1627769889
WALL 44994542 1 0 1627769890
WALL 44994542 1 0 1627769891
WALL 44994542 1 0 1627769892
WALL 44994542 1 0 1627769893
WALL 44994542 1 0 1627769894
WALL 44994542 1 0 1627769895
WALL 44994542 1 0 1627769896
WALL 44994542 1 0 1627769897
WALL 44994542 1 0 1627769898
WALL 44994542 1 0 1627769899
WALL 44994542 1 0 1627769900
WALL 44994542 1 0 1627769901
WALL 44994542 1 0 1627769902
WALL 44994542 1 0 1627769903
WALL 44994542 1 0 1627769904
WALL 44994542 1 0 1627769905
WALL 44994542 1 0 1627769906
WALL 44994542 1 0 1627769907
WALL 44994542 1 0 1627769908
WALL 44994542 1 0 1627769909
WALL 44994542 1 0 1627769910
WALL 44994542 1 0 1627769911
WALL 44994542 1 0 1627769912
WALL 44994542 1 0 1627769913
WALL 44994542 1 0 1627769914
WALL 44994542 1 0 1627769915
WALL 44994542 1 0 1627769916
WALL 44994542 1 0 1627769917
WALL 44994542 1 0 1627769918
WALL 44994542 1 0 1627769919
WALL 44994542 1 0 1627769920
WALL 44994542 1 0 1627769921
WALL 44994542 1 0 1627769922
WALL 44994542 1 0 1627769923
WALL 44994542 1 0 1627769924
WALL 44994542 1 0 1627769925
WALL 44994542 1 0 1627769926
WALL 44994542 1 0 1627769927
WALL 44994542 1 0 1627769928
WALL 44994542 1 0 1627769929
WALL 44994542 1 0 1627769930
WALL 44994542 1 0 1627769931
WALL 44994542 1 0 1627769932
WALL 44994542 1 0 1627769933
WALL 44994542 1 0 1627769934
WALL 44994542 1 0 1627769935
WALL 44994542 1 0 1627769936
WALL 44994542 1 0 1627769937
WALL 44994542 1 0 1627769938
WALL 44994542 1 0 1627769939
WALL 44994542 1 0 1627769940
WALL 44994542 1 0 1627769941
WALL 44994542 1 0 1627769942
WALL 44994542 1 0 1627769943
WALL 44994542 1 0 1627769944
WALL 44994542 1 0 1627769945
WALL 44994542 1 0 1627769946
WALL 44994542 1 0 1627769947
WALL 44994542 1 0 1627769948
WALL 44994542 1 0 1627769949
WALL 44994542 1 0 1627769950
WALL 44994542 1 0 1627769951
WALL 44994542 1 0 1627769952
WALL 44994542 1 0 1627769953
WALL 44994542 1 0 1627769954
WALL 44994542 1 0 1627769955
WALL 44994542 1 0 1627769956
WALL 44994542 1 0 1627769957
WALL 44994542 1 0 1627769958
WALL 44994542 1 0 1627769959
WALL 44994542 1 0 1627769960
WALL 44994542 1 0 1627769961
WALL 44994542 1 0 1627769962
WALL 44994542 1 0 1627769963
WALL 44994542 1 0 1627769964
WALL 44994542 1 0 1627769965
WALL 44994542 1 0 1627769966
WALL 44994542 1 0 1627769967
WALL 44994542 1 0 1627769968
WALL 44994542 1 0 1627769969
WALL 44994542 1 0 1627769970
WALL 44994542 1 0 1627769971
WALL 44994542 1 0 1627769972
WALL 44994542 1 0 1627769973
WALL 44994542 1 0 1627769974
WALL 44994542 1 0 1627769975
WALL 44994542 1 0 1627769976
WALL 44994542 1 0 1627769977
WALL 44994542 1 0 1627769978
WALL 44994542 1 0 1627769979
WALL 44994542 1 0 1627769980
WALL 44994542 1 0 1627769981
WALL 44994542 1 0 1627769982
WALL 44994542 1 0 1627769983
WALL 44994542 1 0 1627769984
WALL 44994542 1 0 1627769985
WALL 44994542 1 0 1627769986
WALL 44994542 1 0 1627769987
WALL 44994542 1 0 1627769988
WALL 44994542 1 0 1627769989
WALL 44994542 1 0 1627769990
WALL 44994542 1 0 1627769991
WALL 44994542 1 0 1627769992
WALL 44994542 1 0 1627769993
WALL 44994542 1 0 1627769994
WALL 44994542 1 0 1627769995
WALL 44994542 1 0 1627769996
WALL 44994542 1 0 1627769997
WALL 44994542 1 0 1627769998
WALL 44994542 1 0 1627769999
WALL 44994542 1 0 1627770000
WALL 44994542 1 0 1627770001
WALL 44994542 1 0 1627770002
WALL 44994542 1 0 1627770003
WALL 44994542 1 0 1627770004
WALL 44994542 1 0 1627770005
WALL 44994542 1 0 1627770006
WALL 44994542 1 0 1627770007
WALL 44994542 1 0 1627770008
WALL 44994542 1 0 1627770009
WALL 44994542 1 0 1627770010
WALL 44994542 1 0 1627770011
WALL 44994542 1 0 1627770012
WALL 44994542 1 0 1627770013
WALL 44994542 1 0 1627770014
WALL 44994542 1 0 1627770015
WALL 44994542 1 0 1627770016
WALL 44994542 1 0 1627770017
WALL 44994542 1 0 1627770018
WALL 44994542 1 0 1627770019
WALL 44994542 1 0 1627770020
WALL 44994542 1 0 1627770021
WALL 44994542 1 0 1627770022
WALL 44994542 1 0 1627770023
WALL 44994542 1 0 1627770024
WALL 44994542 1 0 1627770025
WALL 44994542 1 0 1627770026
WALL 44994542 1 0 1627770027
WALL 44994542 1 0 1627770028
WALL 44994542 1 0 1627770029
WALL 44994542 1 0 1627770030
WALL 44994542 1 0 1627770031
WALL 44994542 1 0 1627770032
WALL 44994542 1 0 1627770033
WALL 44994542 1 0 1627770034
WALL 44994542 1 0 1627770035
WALL 44994542 1 0 1627770036
WALL 44994542 1 0 1627770037
WALL 44994542 1 0 1627770038
WALL 44994542 1 0 1627770039
WALL 44994542 1 0 1627770040
WALL 44994542 1 0 1627770041
WALL 44994542 1 0 1627770042
WALL 44994542 1 0 1627770043
WALL 44994542 1 0 1627770044
WALL 44994542 1 0 1627770045
WALL 44994542 1 0 1627770046
WALL 44994542 1 0 1627770047
WALL 44994542 1 0 1627770048
WALL 44994542 1 0 1627770049
WALL 44994542 1 0 1627770050
WALL 44994542 1 0 1627770051
WALL 44994542 1 0 1627770052
WALL 44994542 1 0 1627770053
WALL 44994542 1 0 1627770054
WALL 44994542 1 0 1627770055
WALL 44994542 1 0 1627770056
WALL 44994542 1 0 1627770057
WALL 44994542 1 0 1627770058
WALL 44994542 1 0 1627770059
WALL 44994542 1 0 1627770060
WALL 44994542 1 0 1627770061
WALL 44994542 1 0 1627770062
WALL 44994542 1 0 1627770063
WALL 44994542 1 0 1627770064
WALL 44994542 1 0 1627770065
WALL 44994542 1 0 1627770066
WALL 44994542 1 0 1627770067
WALL 44994542 1 0 1627770068
WALL 44994542 1 0 1627770069
WALL 44994542 1 0 1627770070
WALL 44994542 1 0 1627770071
WALL 44994542 1 0 1627770072
WALL 44994542 1 0 1627770073
WALL 44994542 1 0 1627770074
WALL 44994542 1 0 1627770075
WALL 44994542 1 0 1627770076
WALL 44994542 1 0 1627770077
WALL 44994542 1 0 1627770078
WALL 44994542 1 0 1627770079
WALL 44994542 1 0 1627770080
WALL 44994542 1 0 1627770081
WALL 44994542 1 0 1627770082
WALL 44994542 1 0 1627770083
WALL 44994542 1 0 1627770084
WALL 44994542 1 0 1627770085
WALL 44994542 1 0 1627770086
WALL 44994542 1 0 1627770087
WALL 44994542 1 0 1627770088
WALL 44994542 1 0 1627770089
WALL 44994542 1 0 1627770090
WALL 44994542 1 0 1627770091
WALL 44994542 1 0 1627770092
WALL 44994542 1 0 1627770093
WALL 44994542 1 0 1627770094
WALL 44994542 1 0 1627770095
WALL 44994542 1 0 1627770096
WALL 44994542 1 0 1627770097
WALL 44994542 1 0 1627770098
WALL 44994542 1 0 1627770099
WALL 44994542 1 0 1627770100
WALL 44994542 1 0 1627770101
WALL 44994542 1 0 1627770102
WALL 44994542 1 0 1627770103
WALL 44994542 1 0 1627770104
WALL 44994542 1 0 1627770105
WALL 44994542 1 0 1627770106
WALL 44994542 1 0 1627770107
WALL 44994542 1 0 1627770108
WALL 44994542 1 0 1627770109
WALL 44994542 1 0 1627770110
WALL 44994542 1 0 1627770111
WALL 44994542 1 0 1627770112
WALL 44994542 1 0 1627770113
WALL 44994542 1 0 1627770114
WALL 44994542 1 0 1627770115
WALL 44994542 1 0 1627770116
WALL 44994542 1 0 1627770117
WALL 44994542 1 0 1627770118
WALL 44994542 1 0 1627770119
WALL 44994542 1 0 1627770120
WALL 44994542 1 0 1627770121
WALL 44994542 1 0 1627770122
WALL 44994542 1 0 1627770123
WALL 44994542 1 0 1627770124
WALL 44994542 1 0 1627770125
WALL 44994542 1 0 1627770126
WALL 44994542 1 0 1627770127
WALL 44994542 1 0 1627770128
WALL 44994542 1 0 1627770129
WALL 44994542 1 0 1627770130
WALL 44994542 1 0 1627770131
WALL 44994542 1 0 1627770132
WALL 44994542 1 0 1627770133
WALL 44994542 1 0 1627770134
WALL 44994542 1 0 1627770135
WALL 44994542 1 0 1627770136
WALL 44994542 1 0 1627770137
WALL 44994542 1 0 1627770138
WALL 44994542 1 0 1627770139
WALL 44994542 1 0 1627770140
WALL 44994542 1 0 1627770141
WALL 44994542 1 0 1627770142
WALL 44994542 1 0 1627770143
WALL 44994542 1 0 1627770144
WALL 44994542 1 0 1627770145
WALL 44994542 1 0 1627770146
WALL 44994542 1 0 1627770147
WALL 44994542 1 0 1627770148
WALL 44994542 1 0 1627770149
WALL 44994542 1 0 1627770150
WALL 44994542 1 0 1627770151
WALL 44994542 1 0 1627770152
WALL 44994542 1 0 1627770153
WALL 44994542 1 0 1627770154
WALL 44994542 1 0 1627770155
WALL 44994542 1 0 1627770156
WALL 44994542 1 0 1627770157
WALL 44994542 1 0 1627770158
WALL 44994542 1 0 1627770159
WALL 44994542 1 0 1627770160
WALL 44994542 1 0 1627770161
WALL 44994542 1 0 1627770162
WALL 44994542 1 0 1627770163
WALL 44994542 1 0 1627770164
WALL 44994542 1 0 1627770165
WALL 44994542 1 0 1627770166
WALL 44994542 1 0 1627770167
WALL 44994542 1 0 1627770168
WALL 44994542 1 0 1627770169
WALL 44994542 1 0 1627770170
WALL 44994542 1 0 1627770171
WALL 44994542 1 0 1627770172
WALL 44994542 1 0 1627770173
WALL 44994542 1 0 1627770174
WALL 44994542 1 0 1627770175
WALL 44994542 1 0 1627770176
WALL 44994542 1 0 1627770177
WALL 44994542 1 0 1627770178
WALL 44994542 1 0 1627770179
WALL 44994542 1 0 1627770180
WALL 44994542 1 0 1627770181
WALL 44994542 1 0 1627770182
WALL 44994542 1 0 1627770183
WALL 44994542 1 0 1627770184
WALL 44994542 1 0 1627770185
WALL 44994542 1 0 1627770186
WALL 44994542 1 0 1627770187
WALL 44994542 1 0 1627770188
WALL 44994542 1 0 1627770189
WALL 44994542 1 0 1627770190
WALL 44994542 1 0 1627770191
WALL 44994542 1 0 1627770192
WALL 44994542 1 0 1627770193
WALL 44994542 1 0 1627770194
WALL 44994542 1 0 1627770195
WALL 44994542 1 0 1627770196
WALL 44994542 1 0 1627770197
WALL 44994542 1 0 1627770198
WALL 44994542 1 0 1627770199
WALL 44994542 1 0 1627770200
WALL 44994542 1 0 1627770201
WALL 44994542 1 0 1627770202
WALL 44994542 1 0 1627770203
WALL 44994542 1 0 1627770204
WALL 44994542 1 0 1627770205
WALL 44994542 1 0 1627770206
WALL 44994542 1 0 1627770207
WALL 44994542 1 0 1627770208
WALL 44994542 1 0 1627770209
WALL 44994542 1 0 1627770210
WALL 44994542 1 0 1627770211
WALL 44994542 1 0 1627770212
WALL 44994542 1 0 1627770213
WALL 44994542 1 0 1627770214
WALL 44994542 1 0 1627770215
WALL 44994542 1 0 1627770216
WALL 44994542 1 0 1627770217
WALL 44994542 1 0 1627770218
WALL 44994542 1 0 1627770219
WALL 44994542 1 0 1627770220
WALL 44994542 1 0 1627770221
WALL 44994542 1 0 1627770222
WALL 44994542 1 0 1627770223
WALL 44994542 1 0 1627770224
WALL 44994542 1 0 1627770225
WALL 44994542 1 0 1627770226
WALL 44994542 1 0 1627770227
WALL 44994542 1 0 1627770228
WALL 44994542 1 0 1627770229
WALL 44994542 1 0 1627770230
WALL 44994542 1 0 1627770231
WALL 44994542 1 0 1627770232
WALL 44994542 1 0 1627770233
WALL 44994542 1 0 1627770234
WALL 44994542 1 0 1627770235
WALL 44994542 1 0 1627770236
WALL 44994542 1 0 1627770237
WALL 44994542 1 0 1627770238
WALL 44994542 1 0 1627770239
WALL 44994542 1 0 1627770240
WALL 44994542 1 0 1627770241
WALL 44994542 1 0 1627770242
WALL 44994542 1 0 1627770243
WALL 44994542 1 0 1627770244
WALL 44994542 1 0 1627770245
WALL 44994542 1 0 1627770246
WALL 44994542 1 0 1627770247
WALL 44994542 1 0 1627770248
WALL 44994542 1 0 1627770249
WALL 44994542 1 0 1627770250
WALL 44994542 1 0 1627770251
WALL 44994542 1 0 1627770252
WALL 44994542 1 0 1627770253
WALL 44994542 1 0 1627770254
WALL 44994542 1 0 1627770255
WALL 44994542 1 0 1627770256
WALL 44994542 1 0 1627770257
WALL 44994542 1 0 1627770258
WALL 44994542 1 0 1627770259
WALL 44994542 1 0 1627770260
WALL 44994542 1 0 1627770261
WALL 44994542 1 0 1627770262
WALL 44994542 1 0 1627770263
WALL 44994542 1 0 1627770264
WALL 44994542 1 0 1627770265
WALL 44994542 1 0 1627770266
WALL 44994542 1 0 1627770267
WALL 44994542 1 0 1627770268
WALL 44994542 1 0 1627770269
WALL 44994542 1 0 1627770270
WALL 44994542 1 0 1627770271
WALL 44994542 1 0 1627770272
WALL 44994542 1 0 1627770273
WALL 44994542 1 0 1627770274
WALL 44994542 1 0 1627770275
WALL 44994542 1 0 1627770276
WALL 44994542 1 0 1627770277
WALL 44994542 1 0 1627770278
WALL 44994542 1 0 1627770279
WALL 44994542 1 0 1627770280
WALL 44994542 1 0 1627770281
WALL 44994542 1 0 1627770282
WALL 44994542 1 0 1627770283
WALL 44994542 1 0 1627770284
WALL 44994542 1 0 1627770285
WALL 44994542 1 0 1627770286
WALL 44994542 1 0 1627770287
WALL 44994542 1 0 1627770288
WALL 44994542 1 0 1627770289
WALL 44994542 1 0 1627770290
WALL 44994542 1 0 1627770291
WALL 44994542 1 0 1627770292
WALL 44994542 1 0 1627770293
WALL 44994542 1 0 1627770294
WALL 44994542 1 0 1627770295
WALL 44994542 1 0 1627770296
WALL 44994542 1 0 1627770297
WALL 44994542 1 0 1627770298
WALL 44994542 1 0 1627770299
WALL 44994542 1 0 1627770300
WALL 44994542 1 0 1627770301
WALL 44994542 1 0 1627770302
WALL 44994542 1 0 1627770303
WALL 44994542 1 0 1627770304
WALL 44994542 1 0 1627770305
WALL 44994542 1 0 1627770306
WALL 44994542 1 0 1627770307
WALL 44994542 1 0 1627770308
WALL 44994542 1 0 1627770309
WALL 44994542 1 0 1627770310
WALL 44994542 1 0 1627770311
WALL 44994542 1 0 1627770312
WALL 44994542 1 0 1627770313
WALL 44994542 1 0 1627770314
WALL 44994542 1 0 1627770315
WALL 44994542 1 0 1627770316
WALL 44994542 1 0 1627770317
WALL 44994542 1 0 1627770318
WALL 44994542 1 0 1627770319
WALL 44994542 1 0 1627770320
WALL 44994542 1 0 1627770321
WALL 44994542 1 0 1627770322
WALL 44994542 1 0 1627770323
WALL 44994542 1 0 1627770324
WALL 44994542 1 0 1627770325
WALL 44994542 1 0 1627770326
WALL 44994542 1 0 1627770327
WALL 44994542 1 0 1627770328
WALL 44994542 1 0 1627770329
WALL 44994542 1 0 1627770330
WALL 44994542 1 0 1627770331
WALL 44994542 1 0 1627770332
WALL 44994542 1 0 1627770333
WALL 44994542 1 0 1627770334
WALL 44994542 1 0 1627770335
WALL 44994542 1 0 1627770336
WALL 44994542 1 0 1627770337
WALL 44994542 1 0 1627770338
WALL 44994542 1 0 1627770339
WALL 44994542 1 0 1627770340
WALL 44994542 1 0 1627770341
WALL 44994542 1 0 1627770342
WALL 44994542 1 0 1627770343
WALL 44994542 1 0 1627770344
WALL 44994542 1 0 1627770345
WALL 44994542 1 0 1627770346
WALL 44994542 1 0 1627770347
WALL 44994542 1 0 1627770348
WALL 44994542 1 0 1627770349
WALL 44994542 1 0 1627770350
WALL 44994542 1 0 1627770351
WALL 44994542 1 0 1627770352
WALL 44994542 1 0 1627770353
WALL 44994542 1 0 1627770354
WALL 44994542 1 0 1627770355
WALL 44994542 1 0 1627770356
WALL 44994542 1 0 1627770357
WALL 44994542 1 0 1627770358
WALL 44994542 1 0 1627770359
WALL 44994542 1 0 1627770360
WALL 44994542 1 0 1627770361
WALL 44994542 1 0 1627770362
WALL 44994542 1 0 1627770363
WALL 44994542 1 0 1627770364
WALL 44994542 1 0 1627770365
WALL 44994542 1 0 1627770366
WALL 44994542 1 0 1627770367
WALL 44994542 1 0 1627770368
WALL 44994542 1 0 1627770369
WALL 44994542 1 0 1627770370
WALL 44994542 1 0 1627770371
WALL 44994542 1 0 1627770372
WALL 44994542 1 0 1627770373
WALL 44994542 1 0 1627770374
WALL 44994542 1 0 1627770375
WALL 44994542 1 0 1627770376
WALL 44994542 1 0 1627770377
WALL 44994542 1 0 1627770378
WALL 44994542 1 0 1627770379
WALL 44994542 1 0 1627770380
WALL 44994542 1 0 1627770381
WALL 44994542 1 0 1627770382
WALL 44994542 1 0 1627770383
WALL 44994542 1 0 1627770384
WALL 44994542 1 0 1627770385
WALL 44994542 1 0 1627770386
WALL 44994542 1 0 1627770387
WALL 44994542 1 0 1627770388
WALL 44994542 1 0 1627770389
WALL 44994542 1 0 1627770390
WALL 44994542 1 0 1627770391
WALL 44994542 1 0 1627770392
WALL 44994542 1 0 1627770393
WALL 44994542 1 0 1627770394
WALL 44994542 1 0 1627770395
WALL 44994542 1 0 1627770396
WALL 44994542 1 0 1627770397
WALL 44994542 1 0 1627770398
WALL 44994542 1 0 1627770399
WALL 44994542 1 0 1627770400
WALL 44994542 1 0 1627770401
WALL 44994542 1 0 1627770402
WALL 44994542 1 0 1627770403
WALL 44994542 1 0 1627770404
WALL 44994542 1 0 1627770405
WALL 44994542 1 0 1627770406
WALL 44994542 1 0 1627770407
WALL 44994542 1 0 1627770408
WALL 44994542 1 0 1627770409
WALL 44994542 1 0 1627770410
WALL 44994542 1 0 1627770411
WALL 44994542 1 0 1627770412
WALL 44994542 1 0 1627770413
WALL 44994542 1 0 1627770414
WALL 44994542 1 0 1627770415
WALL 44994542 1 0 1627770416
WALL 44994542 1 0 1627770417
WALL 44994542 1 0 1627770418
WALL 44994542 1 0 1627770419
WALL 44994542 1 0 1627770420
WALL 44994542 1 0 1627770421
WALL 44994542 1 0 1627770422
WALL 44994542 1 0 1627770423
WALL 44994542 1 0 1627770424
WALL 44994542 1 0 1627770425
WALL 44994542 1 0 1627770426
WALL 44994542 1 0 1627770427
WALL 44994542 1 0 1627770428
WALL 44994542 1 0 1627770429
WALL 44994542 1 0 1627770430
WALL 44994542 1 0 1627770431
WALL 44994542 1 0 1627770432
WALL 44994542 1 0 1627770433
WALL 44994542 1 0 1627770434
WALL 44994542 1 0 1627770435
WALL 44994542 1 0 1627770436
received SIGCONT 1627770436
WALL 44994542 1 0 1627770436
slurmstepd: error: *** STEP 44994542.0 ON nid00829 CANCELLED AT 2021-07-31T15:27:16 ***
received SIGTERM 1627770436
WALL 44994542 1 0 1627770436
WALL 44994542 1 0 1627770437
WALL 44994542 1 0 1627770438
WALL 44994542 1 0 1627770439
WALL 44994542 1 0 1627770440
WALL 44994542 1 0 1627770441
WALL 44994542 1 0 1627770442
WALL 44994542 1 0 1627770443
WALL 44994542 1 0 1627770444
WALL 44994542 1 0 1627770445
WALL 44994542 1 0 1627770446
WALL 44994542 1 0 1627770447
WALL 44994542 1 0 1627770448
WALL 44994542 1 0 1627770449
WALL 44994542 1 0 1627770450
WALL 44994542 1 0 1627770451
WALL 44994542 1 0 1627770452
WALL 44994542 1 0 1627770453
WALL 44994542 1 0 1627770454
WALL 44994542 1 0 1627770455
WALL 44994542 1 0 1627770456
WALL 44994542 1 0 1627770458
WALL 44994542 1 0 1627770459
WALL 44994542 1 0 1627770460
WALL 44994542 1 0 1627770461
WALL 44994542 1 0 1627770462
WALL 44994542 1 0 1627770463
WALL 44994542 1 0 1627770464
WALL 44994542 1 0 1627770465
WALL 44994542 1 0 1627770466
WALL 44994542 1 0 1627770467
WALL 44994542 1 0 1627770468
WALL 44994542 1 0 1627770469
WALL 44994542 1 0 1627770470
WALL 44994542 1 0 1627770471
WALL 44994542 1 0 1627770472
WALL 44994542 1 0 1627770473
WALL 44994542 1 0 1627770474
WALL 44994542 1 0 1627770475
WALL 44994542 1 0 1627770476
WALL 44994542 1 0 1627770477
WALL 44994542 1 0 1627770478
WALL 44994542 1 0 1627770479
WALL 44994542 1 0 1627770480
WALL 44994542 1 0 1627770481
WALL 44994542 1 0 1627770482
WALL 44994542 1 0 1627770483
WALL 44994542 1 0 1627770484
WALL 44994542 1 0 1627770485
WALL 44994542 1 0 1627770486
WALL 44994542 1 0 1627770487
WALL 44994542 1 0 1627770488
WALL 44994542 1 0 1627770489
WALL 44994542 1 0 1627770490
WALL 44994542 1 0 1627770491
received SIGTERM 1627770491
WALL 44994542 1 0 1627770491
received SIGCONT 1627770491
WALL 44994542 1 0 1627770491
srun: got SIGCONT
received SIGTERM 1627770491
WALL 44994542 1 0 1627770491
srun: forcing job termination
