WALL 44994521 1 0 1627768511
WALL 44994521 1 0 1627768512
WALL 44994521 1 0 1627768513
WALL 44994521 1 0 1627768514
WALL 44994521 1 0 1627768515
WALL 44994521 1 0 1627768516
WALL 44994521 1 0 1627768517
WALL 44994521 1 0 1627768518
WALL 44994521 1 0 1627768519
WALL 44994521 1 0 1627768520
WALL 44994521 1 0 1627768521
WALL 44994521 1 0 1627768522
WALL 44994521 1 0 1627768523
WALL 44994521 1 0 1627768524
WALL 44994521 1 0 1627768525
WALL 44994521 1 0 1627768526
WALL 44994521 1 0 1627768527
WALL 44994521 1 0 1627768528
WALL 44994521 1 0 1627768529
WALL 44994521 1 0 1627768530
WALL 44994521 1 0 1627768531
WALL 44994521 1 0 1627768532
WALL 44994521 1 0 1627768533
WALL 44994521 1 0 1627768534
WALL 44994521 1 0 1627768535
WALL 44994521 1 0 1627768536
WALL 44994521 1 0 1627768537
WALL 44994521 1 0 1627768538
WALL 44994521 1 0 1627768539
WALL 44994521 1 0 1627768540
WALL 44994521 1 0 1627768541
WALL 44994521 1 0 1627768542
WALL 44994521 1 0 1627768543
WALL 44994521 1 0 1627768544
WALL 44994521 1 0 1627768545
WALL 44994521 1 0 1627768546
WALL 44994521 1 0 1627768547
WALL 44994521 1 0 1627768548
WALL 44994521 1 0 1627768549
WALL 44994521 1 0 1627768550
WALL 44994521 1 0 1627768551
WALL 44994521 1 0 1627768552
WALL 44994521 1 0 1627768553
WALL 44994521 1 0 1627768554
WALL 44994521 1 0 1627768555
WALL 44994521 1 0 1627768556
WALL 44994521 1 0 1627768557
WALL 44994521 1 0 1627768558
WALL 44994521 1 0 1627768559
WALL 44994521 1 0 1627768560
WALL 44994521 1 0 1627768561
WALL 44994521 1 0 1627768562
WALL 44994521 1 0 1627768563
WALL 44994521 1 0 1627768564
WALL 44994521 1 0 1627768565
WALL 44994521 1 0 1627768566
WALL 44994521 1 0 1627768567
WALL 44994521 1 0 1627768568
WALL 44994521 1 0 1627768569
WALL 44994521 1 0 1627768570
WALL 44994521 1 0 1627768571
WALL 44994521 1 0 1627768572
WALL 44994521 1 0 1627768573
WALL 44994521 1 0 1627768574
WALL 44994521 1 0 1627768575
WALL 44994521 1 0 1627768576
WALL 44994521 1 0 1627768577
WALL 44994521 1 0 1627768578
WALL 44994521 1 0 1627768579
WALL 44994521 1 0 1627768580
WALL 44994521 1 0 1627768581
WALL 44994521 1 0 1627768582
WALL 44994521 1 0 1627768583
WALL 44994521 1 0 1627768584
WALL 44994521 1 0 1627768585
WALL 44994521 1 0 1627768586
WALL 44994521 1 0 1627768587
WALL 44994521 1 0 1627768588
WALL 44994521 1 0 1627768589
WALL 44994521 1 0 1627768590
WALL 44994521 1 0 1627768591
WALL 44994521 1 0 1627768592
WALL 44994521 1 0 1627768593
WALL 44994521 1 0 1627768594
WALL 44994521 1 0 1627768595
WALL 44994521 1 0 1627768596
WALL 44994521 1 0 1627768597
WALL 44994521 1 0 1627768598
WALL 44994521 1 0 1627768599
WALL 44994521 1 0 1627768600
WALL 44994521 1 0 1627768601
WALL 44994521 1 0 1627768602
WALL 44994521 1 0 1627768603
WALL 44994521 1 0 1627768604
WALL 44994521 1 0 1627768605
WALL 44994521 1 0 1627768606
WALL 44994521 1 0 1627768607
WALL 44994521 1 0 1627768608
WALL 44994521 1 0 1627768609
WALL 44994521 1 0 1627768610
WALL 44994521 1 0 1627768611
WALL 44994521 1 0 1627768612
WALL 44994521 1 0 1627768613
WALL 44994521 1 0 1627768614
WALL 44994521 1 0 1627768615
WALL 44994521 1 0 1627768616
WALL 44994521 1 0 1627768617
WALL 44994521 1 0 1627768618
WALL 44994521 1 0 1627768619
WALL 44994521 1 0 1627768620
WALL 44994521 1 0 1627768621
WALL 44994521 1 0 1627768622
WALL 44994521 1 0 1627768623
WALL 44994521 1 0 1627768624
WALL 44994521 1 0 1627768625
WALL 44994521 1 0 1627768626
WALL 44994521 1 0 1627768627
WALL 44994521 1 0 1627768628
WALL 44994521 1 0 1627768629
WALL 44994521 1 0 1627768630
WALL 44994521 1 0 1627768631
WALL 44994521 1 0 1627768632
WALL 44994521 1 0 1627768633
WALL 44994521 1 0 1627768634
WALL 44994521 1 0 1627768635
WALL 44994521 1 0 1627768636
WALL 44994521 1 0 1627768637
WALL 44994521 1 0 1627768638
WALL 44994521 1 0 1627768639
WALL 44994521 1 0 1627768640
WALL 44994521 1 0 1627768641
WALL 44994521 1 0 1627768642
WALL 44994521 1 0 1627768643
WALL 44994521 1 0 1627768644
WALL 44994521 1 0 1627768645
WALL 44994521 1 0 1627768646
WALL 44994521 1 0 1627768647
WALL 44994521 1 0 1627768648
WALL 44994521 1 0 1627768649
WALL 44994521 1 0 1627768650
WALL 44994521 1 0 1627768651
WALL 44994521 1 0 1627768652
WALL 44994521 1 0 1627768653
WALL 44994521 1 0 1627768654
WALL 44994521 1 0 1627768655
WALL 44994521 1 0 1627768656
WALL 44994521 1 0 1627768657
WALL 44994521 1 0 1627768658
WALL 44994521 1 0 1627768659
WALL 44994521 1 0 1627768660
WALL 44994521 1 0 1627768661
WALL 44994521 1 0 1627768662
WALL 44994521 1 0 1627768663
WALL 44994521 1 0 1627768664
WALL 44994521 1 0 1627768665
WALL 44994521 1 0 1627768666
WALL 44994521 1 0 1627768667
WALL 44994521 1 0 1627768668
WALL 44994521 1 0 1627768669
WALL 44994521 1 0 1627768670
WALL 44994521 1 0 1627768671
WALL 44994521 1 0 1627768672
WALL 44994521 1 0 1627768673
WALL 44994521 1 0 1627768674
WALL 44994521 1 0 1627768675
WALL 44994521 1 0 1627768676
WALL 44994521 1 0 1627768677
WALL 44994521 1 0 1627768678
WALL 44994521 1 0 1627768679
WALL 44994521 1 0 1627768680
WALL 44994521 1 0 1627768681
WALL 44994521 1 0 1627768682
WALL 44994521 1 0 1627768683
WALL 44994521 1 0 1627768684
WALL 44994521 1 0 1627768685
WALL 44994521 1 0 1627768686
WALL 44994521 1 0 1627768687
WALL 44994521 1 0 1627768688
WALL 44994521 1 0 1627768689
WALL 44994521 1 0 1627768690
WALL 44994521 1 0 1627768691
WALL 44994521 1 0 1627768692
WALL 44994521 1 0 1627768693
WALL 44994521 1 0 1627768694
WALL 44994521 1 0 1627768695
WALL 44994521 1 0 1627768696
WALL 44994521 1 0 1627768697
WALL 44994521 1 0 1627768698
WALL 44994521 1 0 1627768699
WALL 44994521 1 0 1627768700
WALL 44994521 1 0 1627768701
WALL 44994521 1 0 1627768702
WALL 44994521 1 0 1627768703
WALL 44994521 1 0 1627768704
WALL 44994521 1 0 1627768705
WALL 44994521 1 0 1627768706
WALL 44994521 1 0 1627768707
WALL 44994521 1 0 1627768708
WALL 44994521 1 0 1627768709
WALL 44994521 1 0 1627768710
WALL 44994521 1 0 1627768711
WALL 44994521 1 0 1627768712
WALL 44994521 1 0 1627768713
WALL 44994521 1 0 1627768714
WALL 44994521 1 0 1627768715
WALL 44994521 1 0 1627768716
WALL 44994521 1 0 1627768717
WALL 44994521 1 0 1627768718
WALL 44994521 1 0 1627768719
WALL 44994521 1 0 1627768720
WALL 44994521 1 0 1627768721
WALL 44994521 1 0 1627768722
WALL 44994521 1 0 1627768723
WALL 44994521 1 0 1627768724
WALL 44994521 1 0 1627768725
WALL 44994521 1 0 1627768726
WALL 44994521 1 0 1627768727
WALL 44994521 1 0 1627768728
WALL 44994521 1 0 1627768729
WALL 44994521 1 0 1627768730
WALL 44994521 1 0 1627768731
WALL 44994521 1 0 1627768732
WALL 44994521 1 0 1627768733
WALL 44994521 1 0 1627768734
WALL 44994521 1 0 1627768735
WALL 44994521 1 0 1627768736
WALL 44994521 1 0 1627768737
WALL 44994521 1 0 1627768738
WALL 44994521 1 0 1627768739
WALL 44994521 1 0 1627768740
WALL 44994521 1 0 1627768741
WALL 44994521 1 0 1627768742
WALL 44994521 1 0 1627768743
WALL 44994521 1 0 1627768744
WALL 44994521 1 0 1627768745
WALL 44994521 1 0 1627768746
WALL 44994521 1 0 1627768747
WALL 44994521 1 0 1627768748
WALL 44994521 1 0 1627768749
WALL 44994521 1 0 1627768750
WALL 44994521 1 0 1627768751
WALL 44994521 1 0 1627768752
WALL 44994521 1 0 1627768753
WALL 44994521 1 0 1627768754
WALL 44994521 1 0 1627768755
WALL 44994521 1 0 1627768756
WALL 44994521 1 0 1627768757
WALL 44994521 1 0 1627768758
WALL 44994521 1 0 1627768759
WALL 44994521 1 0 1627768760
WALL 44994521 1 0 1627768761
WALL 44994521 1 0 1627768762
WALL 44994521 1 0 1627768763
WALL 44994521 1 0 1627768764
WALL 44994521 1 0 1627768765
WALL 44994521 1 0 1627768766
WALL 44994521 1 0 1627768767
WALL 44994521 1 0 1627768768
WALL 44994521 1 0 1627768769
WALL 44994521 1 0 1627768770
WALL 44994521 1 0 1627768771
WALL 44994521 1 0 1627768772
WALL 44994521 1 0 1627768773
WALL 44994521 1 0 1627768774
WALL 44994521 1 0 1627768775
WALL 44994521 1 0 1627768776
WALL 44994521 1 0 1627768777
WALL 44994521 1 0 1627768778
WALL 44994521 1 0 1627768779
WALL 44994521 1 0 1627768780
WALL 44994521 1 0 1627768781
WALL 44994521 1 0 1627768782
WALL 44994521 1 0 1627768783
WALL 44994521 1 0 1627768784
WALL 44994521 1 0 1627768785
WALL 44994521 1 0 1627768786
WALL 44994521 1 0 1627768787
WALL 44994521 1 0 1627768788
WALL 44994521 1 0 1627768789
WALL 44994521 1 0 1627768790
WALL 44994521 1 0 1627768791
WALL 44994521 1 0 1627768792
WALL 44994521 1 0 1627768793
WALL 44994521 1 0 1627768794
WALL 44994521 1 0 1627768795
WALL 44994521 1 0 1627768796
WALL 44994521 1 0 1627768797
WALL 44994521 1 0 1627768798
WALL 44994521 1 0 1627768799
WALL 44994521 1 0 1627768800
WALL 44994521 1 0 1627768801
WALL 44994521 1 0 1627768802
WALL 44994521 1 0 1627768803
WALL 44994521 1 0 1627768804
WALL 44994521 1 0 1627768805
WALL 44994521 1 0 1627768806
WALL 44994521 1 0 1627768807
WALL 44994521 1 0 1627768808
WALL 44994521 1 0 1627768809
WALL 44994521 1 0 1627768810
WALL 44994521 1 0 1627768811
WALL 44994521 1 0 1627768812
WALL 44994521 1 0 1627768813
WALL 44994521 1 0 1627768814
WALL 44994521 1 0 1627768815
WALL 44994521 1 0 1627768816
WALL 44994521 1 0 1627768817
WALL 44994521 1 0 1627768818
WALL 44994521 1 0 1627768819
WALL 44994521 1 0 1627768820
WALL 44994521 1 0 1627768821
WALL 44994521 1 0 1627768822
WALL 44994521 1 0 1627768823
WALL 44994521 1 0 1627768824
WALL 44994521 1 0 1627768825
WALL 44994521 1 0 1627768826
WALL 44994521 1 0 1627768827
WALL 44994521 1 0 1627768828
WALL 44994521 1 0 1627768829
WALL 44994521 1 0 1627768830
WALL 44994521 1 0 1627768831
WALL 44994521 1 0 1627768832
WALL 44994521 1 0 1627768833
WALL 44994521 1 0 1627768834
WALL 44994521 1 0 1627768835
WALL 44994521 1 0 1627768836
WALL 44994521 1 0 1627768837
WALL 44994521 1 0 1627768838
WALL 44994521 1 0 1627768839
WALL 44994521 1 0 1627768840
WALL 44994521 1 0 1627768841
WALL 44994521 1 0 1627768842
WALL 44994521 1 0 1627768843
WALL 44994521 1 0 1627768844
WALL 44994521 1 0 1627768845
WALL 44994521 1 0 1627768846
WALL 44994521 1 0 1627768847
WALL 44994521 1 0 1627768848
WALL 44994521 1 0 1627768849
WALL 44994521 1 0 1627768850
WALL 44994521 1 0 1627768851
WALL 44994521 1 0 1627768852
WALL 44994521 1 0 1627768853
WALL 44994521 1 0 1627768854
WALL 44994521 1 0 1627768855
WALL 44994521 1 0 1627768856
WALL 44994521 1 0 1627768857
WALL 44994521 1 0 1627768858
WALL 44994521 1 0 1627768859
WALL 44994521 1 0 1627768860
WALL 44994521 1 0 1627768861
WALL 44994521 1 0 1627768862
WALL 44994521 1 0 1627768863
WALL 44994521 1 0 1627768864
WALL 44994521 1 0 1627768865
WALL 44994521 1 0 1627768866
WALL 44994521 1 0 1627768867
WALL 44994521 1 0 1627768868
WALL 44994521 1 0 1627768869
WALL 44994521 1 0 1627768870
WALL 44994521 1 0 1627768871
WALL 44994521 1 0 1627768872
WALL 44994521 1 0 1627768873
WALL 44994521 1 0 1627768874
WALL 44994521 1 0 1627768875
WALL 44994521 1 0 1627768876
WALL 44994521 1 0 1627768877
WALL 44994521 1 0 1627768878
WALL 44994521 1 0 1627768879
WALL 44994521 1 0 1627768880
WALL 44994521 1 0 1627768881
WALL 44994521 1 0 1627768882
WALL 44994521 1 0 1627768883
WALL 44994521 1 0 1627768884
WALL 44994521 1 0 1627768885
WALL 44994521 1 0 1627768886
WALL 44994521 1 0 1627768887
WALL 44994521 1 0 1627768888
WALL 44994521 1 0 1627768889
WALL 44994521 1 0 1627768890
WALL 44994521 1 0 1627768891
WALL 44994521 1 0 1627768892
WALL 44994521 1 0 1627768893
WALL 44994521 1 0 1627768894
WALL 44994521 1 0 1627768895
WALL 44994521 1 0 1627768896
WALL 44994521 1 0 1627768897
WALL 44994521 1 0 1627768898
WALL 44994521 1 0 1627768899
WALL 44994521 1 0 1627768900
WALL 44994521 1 0 1627768901
WALL 44994521 1 0 1627768902
WALL 44994521 1 0 1627768903
WALL 44994521 1 0 1627768904
WALL 44994521 1 0 1627768905
WALL 44994521 1 0 1627768906
WALL 44994521 1 0 1627768907
WALL 44994521 1 0 1627768908
WALL 44994521 1 0 1627768909
WALL 44994521 1 0 1627768910
WALL 44994521 1 0 1627768911
WALL 44994521 1 0 1627768912
WALL 44994521 1 0 1627768913
WALL 44994521 1 0 1627768914
WALL 44994521 1 0 1627768915
WALL 44994521 1 0 1627768916
WALL 44994521 1 0 1627768917
WALL 44994521 1 0 1627768918
WALL 44994521 1 0 1627768919
WALL 44994521 1 0 1627768920
WALL 44994521 1 0 1627768921
WALL 44994521 1 0 1627768922
WALL 44994521 1 0 1627768923
WALL 44994521 1 0 1627768924
WALL 44994521 1 0 1627768925
WALL 44994521 1 0 1627768926
WALL 44994521 1 0 1627768927
WALL 44994521 1 0 1627768928
WALL 44994521 1 0 1627768929
WALL 44994521 1 0 1627768930
WALL 44994521 1 0 1627768931
WALL 44994521 1 0 1627768932
WALL 44994521 1 0 1627768933
WALL 44994521 1 0 1627768934
WALL 44994521 1 0 1627768935
WALL 44994521 1 0 1627768936
WALL 44994521 1 0 1627768937
WALL 44994521 1 0 1627768938
WALL 44994521 1 0 1627768939
WALL 44994521 1 0 1627768940
WALL 44994521 1 0 1627768941
WALL 44994521 1 0 1627768942
WALL 44994521 1 0 1627768943
WALL 44994521 1 0 1627768944
WALL 44994521 1 0 1627768945
WALL 44994521 1 0 1627768946
WALL 44994521 1 0 1627768947
WALL 44994521 1 0 1627768948
WALL 44994521 1 0 1627768949
WALL 44994521 1 0 1627768950
WALL 44994521 1 0 1627768951
WALL 44994521 1 0 1627768952
WALL 44994521 1 0 1627768953
WALL 44994521 1 0 1627768954
WALL 44994521 1 0 1627768955
WALL 44994521 1 0 1627768956
WALL 44994521 1 0 1627768957
WALL 44994521 1 0 1627768958
WALL 44994521 1 0 1627768959
WALL 44994521 1 0 1627768960
WALL 44994521 1 0 1627768961
WALL 44994521 1 0 1627768962
WALL 44994521 1 0 1627768963
WALL 44994521 1 0 1627768964
WALL 44994521 1 0 1627768965
WALL 44994521 1 0 1627768966
WALL 44994521 1 0 1627768967
WALL 44994521 1 0 1627768968
WALL 44994521 1 0 1627768969
WALL 44994521 1 0 1627768970
WALL 44994521 1 0 1627768971
WALL 44994521 1 0 1627768972
WALL 44994521 1 0 1627768973
WALL 44994521 1 0 1627768974
WALL 44994521 1 0 1627768975
WALL 44994521 1 0 1627768976
WALL 44994521 1 0 1627768977
WALL 44994521 1 0 1627768978
WALL 44994521 1 0 1627768979
WALL 44994521 1 0 1627768980
WALL 44994521 1 0 1627768981
WALL 44994521 1 0 1627768982
WALL 44994521 1 0 1627768983
WALL 44994521 1 0 1627768984
WALL 44994521 1 0 1627768985
WALL 44994521 1 0 1627768986
WALL 44994521 1 0 1627768987
WALL 44994521 1 0 1627768988
WALL 44994521 1 0 1627768989
WALL 44994521 1 0 1627768990
WALL 44994521 1 0 1627768991
WALL 44994521 1 0 1627768992
WALL 44994521 1 0 1627768993
WALL 44994521 1 0 1627768994
WALL 44994521 1 0 1627768995
WALL 44994521 1 0 1627768996
WALL 44994521 1 0 1627768997
WALL 44994521 1 0 1627768998
WALL 44994521 1 0 1627768999
WALL 44994521 1 0 1627769000
WALL 44994521 1 0 1627769001
WALL 44994521 1 0 1627769002
WALL 44994521 1 0 1627769003
WALL 44994521 1 0 1627769004
WALL 44994521 1 0 1627769005
WALL 44994521 1 0 1627769006
WALL 44994521 1 0 1627769007
WALL 44994521 1 0 1627769008
WALL 44994521 1 0 1627769009
WALL 44994521 1 0 1627769010
WALL 44994521 1 0 1627769011
WALL 44994521 1 0 1627769012
WALL 44994521 1 0 1627769013
WALL 44994521 1 0 1627769014
WALL 44994521 1 0 1627769015
WALL 44994521 1 0 1627769016
WALL 44994521 1 0 1627769017
WALL 44994521 1 0 1627769018
WALL 44994521 1 0 1627769019
WALL 44994521 1 0 1627769020
WALL 44994521 1 0 1627769021
WALL 44994521 1 0 1627769022
WALL 44994521 1 0 1627769023
WALL 44994521 1 0 1627769024
WALL 44994521 1 0 1627769025
WALL 44994521 1 0 1627769026
WALL 44994521 1 0 1627769027
WALL 44994521 1 0 1627769028
WALL 44994521 1 0 1627769029
WALL 44994521 1 0 1627769030
WALL 44994521 1 0 1627769031
WALL 44994521 1 0 1627769032
WALL 44994521 1 0 1627769033
WALL 44994521 1 0 1627769034
WALL 44994521 1 0 1627769035
WALL 44994521 1 0 1627769036
WALL 44994521 1 0 1627769037
WALL 44994521 1 0 1627769038
WALL 44994521 1 0 1627769039
WALL 44994521 1 0 1627769040
WALL 44994521 1 0 1627769041
WALL 44994521 1 0 1627769042
WALL 44994521 1 0 1627769043
WALL 44994521 1 0 1627769044
WALL 44994521 1 0 1627769045
WALL 44994521 1 0 1627769046
WALL 44994521 1 0 1627769047
WALL 44994521 1 0 1627769048
WALL 44994521 1 0 1627769049
WALL 44994521 1 0 1627769050
WALL 44994521 1 0 1627769051
WALL 44994521 1 0 1627769052
WALL 44994521 1 0 1627769053
WALL 44994521 1 0 1627769054
WALL 44994521 1 0 1627769055
WALL 44994521 1 0 1627769056
WALL 44994521 1 0 1627769057
WALL 44994521 1 0 1627769058
WALL 44994521 1 0 1627769059
WALL 44994521 1 0 1627769060
WALL 44994521 1 0 1627769061
WALL 44994521 1 0 1627769062
WALL 44994521 1 0 1627769063
WALL 44994521 1 0 1627769064
WALL 44994521 1 0 1627769065
WALL 44994521 1 0 1627769066
WALL 44994521 1 0 1627769067
WALL 44994521 1 0 1627769068
WALL 44994521 1 0 1627769069
WALL 44994521 1 0 1627769070
WALL 44994521 1 0 1627769071
WALL 44994521 1 0 1627769072
WALL 44994521 1 0 1627769073
WALL 44994521 1 0 1627769074
WALL 44994521 1 0 1627769075
WALL 44994521 1 0 1627769076
WALL 44994521 1 0 1627769077
WALL 44994521 1 0 1627769078
WALL 44994521 1 0 1627769079
WALL 44994521 1 0 1627769080
WALL 44994521 1 0 1627769081
WALL 44994521 1 0 1627769082
WALL 44994521 1 0 1627769083
WALL 44994521 1 0 1627769084
WALL 44994521 1 0 1627769085
WALL 44994521 1 0 1627769086
WALL 44994521 1 0 1627769087
WALL 44994521 1 0 1627769088
WALL 44994521 1 0 1627769089
WALL 44994521 1 0 1627769090
WALL 44994521 1 0 1627769091
WALL 44994521 1 0 1627769092
WALL 44994521 1 0 1627769093
WALL 44994521 1 0 1627769094
WALL 44994521 1 0 1627769095
WALL 44994521 1 0 1627769096
WALL 44994521 1 0 1627769097
WALL 44994521 1 0 1627769098
WALL 44994521 1 0 1627769099
WALL 44994521 1 0 1627769100
WALL 44994521 1 0 1627769101
WALL 44994521 1 0 1627769102
WALL 44994521 1 0 1627769103
WALL 44994521 1 0 1627769104
WALL 44994521 1 0 1627769105
WALL 44994521 1 0 1627769106
WALL 44994521 1 0 1627769107
WALL 44994521 1 0 1627769108
WALL 44994521 1 0 1627769109
WALL 44994521 1 0 1627769110
WALL 44994521 1 0 1627769111
WALL 44994521 1 0 1627769112
WALL 44994521 1 0 1627769113
WALL 44994521 1 0 1627769114
WALL 44994521 1 0 1627769115
WALL 44994521 1 0 1627769116
WALL 44994521 1 0 1627769117
WALL 44994521 1 0 1627769118
WALL 44994521 1 0 1627769119
WALL 44994521 1 0 1627769120
WALL 44994521 1 0 1627769121
WALL 44994521 1 0 1627769122
WALL 44994521 1 0 1627769123
WALL 44994521 1 0 1627769124
WALL 44994521 1 0 1627769125
WALL 44994521 1 0 1627769126
WALL 44994521 1 0 1627769127
WALL 44994521 1 0 1627769128
WALL 44994521 1 0 1627769129
WALL 44994521 1 0 1627769130
WALL 44994521 1 0 1627769131
WALL 44994521 1 0 1627769132
WALL 44994521 1 0 1627769133
WALL 44994521 1 0 1627769134
WALL 44994521 1 0 1627769135
WALL 44994521 1 0 1627769136
WALL 44994521 1 0 1627769137
WALL 44994521 1 0 1627769138
WALL 44994521 1 0 1627769139
WALL 44994521 1 0 1627769140
WALL 44994521 1 0 1627769141
WALL 44994521 1 0 1627769142
WALL 44994521 1 0 1627769143
WALL 44994521 1 0 1627769144
WALL 44994521 1 0 1627769145
WALL 44994521 1 0 1627769146
WALL 44994521 1 0 1627769147
WALL 44994521 1 0 1627769148
WALL 44994521 1 0 1627769149
WALL 44994521 1 0 1627769150
WALL 44994521 1 0 1627769151
WALL 44994521 1 0 1627769152
WALL 44994521 1 0 1627769153
WALL 44994521 1 0 1627769154
WALL 44994521 1 0 1627769155
WALL 44994521 1 0 1627769156
WALL 44994521 1 0 1627769157
WALL 44994521 1 0 1627769158
WALL 44994521 1 0 1627769159
WALL 44994521 1 0 1627769160
WALL 44994521 1 0 1627769161
WALL 44994521 1 0 1627769162
WALL 44994521 1 0 1627769163
WALL 44994521 1 0 1627769164
WALL 44994521 1 0 1627769165
WALL 44994521 1 0 1627769166
WALL 44994521 1 0 1627769167
WALL 44994521 1 0 1627769168
WALL 44994521 1 0 1627769169
WALL 44994521 1 0 1627769170
WALL 44994521 1 0 1627769171
WALL 44994521 1 0 1627769172
WALL 44994521 1 0 1627769173
WALL 44994521 1 0 1627769174
WALL 44994521 1 0 1627769175
WALL 44994521 1 0 1627769176
WALL 44994521 1 0 1627769177
WALL 44994521 1 0 1627769178
WALL 44994521 1 0 1627769179
WALL 44994521 1 0 1627769180
WALL 44994521 1 0 1627769181
WALL 44994521 1 0 1627769182
WALL 44994521 1 0 1627769183
WALL 44994521 1 0 1627769184
WALL 44994521 1 0 1627769185
WALL 44994521 1 0 1627769186
WALL 44994521 1 0 1627769187
WALL 44994521 1 0 1627769188
WALL 44994521 1 0 1627769189
WALL 44994521 1 0 1627769190
WALL 44994521 1 0 1627769191
WALL 44994521 1 0 1627769192
WALL 44994521 1 0 1627769193
WALL 44994521 1 0 1627769194
WALL 44994521 1 0 1627769195
WALL 44994521 1 0 1627769196
WALL 44994521 1 0 1627769197
WALL 44994521 1 0 1627769198
WALL 44994521 1 0 1627769199
WALL 44994521 1 0 1627769200
WALL 44994521 1 0 1627769201
WALL 44994521 1 0 1627769202
WALL 44994521 1 0 1627769203
WALL 44994521 1 0 1627769204
WALL 44994521 1 0 1627769205
WALL 44994521 1 0 1627769206
WALL 44994521 1 0 1627769207
WALL 44994521 1 0 1627769208
WALL 44994521 1 0 1627769209
WALL 44994521 1 0 1627769210
WALL 44994521 1 0 1627769211
WALL 44994521 1 0 1627769212
WALL 44994521 1 0 1627769213
WALL 44994521 1 0 1627769214
WALL 44994521 1 0 1627769215
WALL 44994521 1 0 1627769216
WALL 44994521 1 0 1627769217
WALL 44994521 1 0 1627769218
WALL 44994521 1 0 1627769219
WALL 44994521 1 0 1627769220
WALL 44994521 1 0 1627769221
WALL 44994521 1 0 1627769222
WALL 44994521 1 0 1627769223
WALL 44994521 1 0 1627769224
WALL 44994521 1 0 1627769225
WALL 44994521 1 0 1627769226
WALL 44994521 1 0 1627769227
WALL 44994521 1 0 1627769228
WALL 44994521 1 0 1627769229
WALL 44994521 1 0 1627769230
WALL 44994521 1 0 1627769231
WALL 44994521 1 0 1627769232
WALL 44994521 1 0 1627769233
WALL 44994521 1 0 1627769234
WALL 44994521 1 0 1627769235
WALL 44994521 1 0 1627769236
WALL 44994521 1 0 1627769237
WALL 44994521 1 0 1627769238
WALL 44994521 1 0 1627769239
WALL 44994521 1 0 1627769240
WALL 44994521 1 0 1627769241
WALL 44994521 1 0 1627769242
WALL 44994521 1 0 1627769243
WALL 44994521 1 0 1627769244
WALL 44994521 1 0 1627769245
WALL 44994521 1 0 1627769246
WALL 44994521 1 0 1627769247
WALL 44994521 1 0 1627769248
WALL 44994521 1 0 1627769249
WALL 44994521 1 0 1627769250
WALL 44994521 1 0 1627769251
WALL 44994521 1 0 1627769252
WALL 44994521 1 0 1627769253
WALL 44994521 1 0 1627769254
WALL 44994521 1 0 1627769255
WALL 44994521 1 0 1627769256
WALL 44994521 1 0 1627769257
WALL 44994521 1 0 1627769258
WALL 44994521 1 0 1627769259
WALL 44994521 1 0 1627769260
WALL 44994521 1 0 1627769261
WALL 44994521 1 0 1627769262
WALL 44994521 1 0 1627769263
WALL 44994521 1 0 1627769264
WALL 44994521 1 0 1627769265
WALL 44994521 1 0 1627769266
WALL 44994521 1 0 1627769267
WALL 44994521 1 0 1627769268
WALL 44994521 1 0 1627769269
WALL 44994521 1 0 1627769270
WALL 44994521 1 0 1627769271
WALL 44994521 1 0 1627769272
WALL 44994521 1 0 1627769273
WALL 44994521 1 0 1627769274
WALL 44994521 1 0 1627769275
WALL 44994521 1 0 1627769276
WALL 44994521 1 0 1627769277
WALL 44994521 1 0 1627769278
WALL 44994521 1 0 1627769279
WALL 44994521 1 0 1627769280
WALL 44994521 1 0 1627769281
WALL 44994521 1 0 1627769282
WALL 44994521 1 0 1627769283
WALL 44994521 1 0 1627769284
WALL 44994521 1 0 1627769285
WALL 44994521 1 0 1627769286
WALL 44994521 1 0 1627769287
WALL 44994521 1 0 1627769288
WALL 44994521 1 0 1627769289
WALL 44994521 1 0 1627769290
WALL 44994521 1 0 1627769291
WALL 44994521 1 0 1627769292
WALL 44994521 1 0 1627769293
WALL 44994521 1 0 1627769294
WALL 44994521 1 0 1627769295
WALL 44994521 1 0 1627769296
WALL 44994521 1 0 1627769297
WALL 44994521 1 0 1627769298
WALL 44994521 1 0 1627769299
WALL 44994521 1 0 1627769300
WALL 44994521 1 0 1627769301
WALL 44994521 1 0 1627769302
WALL 44994521 1 0 1627769303
WALL 44994521 1 0 1627769304
WALL 44994521 1 0 1627769305
WALL 44994521 1 0 1627769306
WALL 44994521 1 0 1627769307
WALL 44994521 1 0 1627769308
WALL 44994521 1 0 1627769309
WALL 44994521 1 0 1627769310
WALL 44994521 1 0 1627769311
WALL 44994521 1 0 1627769312
WALL 44994521 1 0 1627769313
WALL 44994521 1 0 1627769314
WALL 44994521 1 0 1627769315
WALL 44994521 1 0 1627769316
WALL 44994521 1 0 1627769317
WALL 44994521 1 0 1627769318
WALL 44994521 1 0 1627769319
WALL 44994521 1 0 1627769320
WALL 44994521 1 0 1627769321
WALL 44994521 1 0 1627769322
WALL 44994521 1 0 1627769323
WALL 44994521 1 0 1627769324
WALL 44994521 1 0 1627769325
WALL 44994521 1 0 1627769326
WALL 44994521 1 0 1627769327
WALL 44994521 1 0 1627769328
WALL 44994521 1 0 1627769329
WALL 44994521 1 0 1627769330
WALL 44994521 1 0 1627769331
WALL 44994521 1 0 1627769332
WALL 44994521 1 0 1627769333
WALL 44994521 1 0 1627769334
WALL 44994521 1 0 1627769335
WALL 44994521 1 0 1627769336
WALL 44994521 1 0 1627769337
WALL 44994521 1 0 1627769338
WALL 44994521 1 0 1627769339
WALL 44994521 1 0 1627769340
WALL 44994521 1 0 1627769341
WALL 44994521 1 0 1627769342
WALL 44994521 1 0 1627769343
WALL 44994521 1 0 1627769344
WALL 44994521 1 0 1627769345
WALL 44994521 1 0 1627769346
WALL 44994521 1 0 1627769347
WALL 44994521 1 0 1627769348
WALL 44994521 1 0 1627769349
WALL 44994521 1 0 1627769350
WALL 44994521 1 0 1627769351
WALL 44994521 1 0 1627769352
WALL 44994521 1 0 1627769353
WALL 44994521 1 0 1627769354
WALL 44994521 1 0 1627769355
WALL 44994521 1 0 1627769356
WALL 44994521 1 0 1627769357
WALL 44994521 1 0 1627769358
WALL 44994521 1 0 1627769359
WALL 44994521 1 0 1627769360
WALL 44994521 1 0 1627769361
WALL 44994521 1 0 1627769362
WALL 44994521 1 0 1627769363
WALL 44994521 1 0 1627769364
WALL 44994521 1 0 1627769365
WALL 44994521 1 0 1627769366
WALL 44994521 1 0 1627769367
WALL 44994521 1 0 1627769368
WALL 44994521 1 0 1627769369
WALL 44994521 1 0 1627769370
WALL 44994521 1 0 1627769371
WALL 44994521 1 0 1627769372
WALL 44994521 1 0 1627769373
WALL 44994521 1 0 1627769374
WALL 44994521 1 0 1627769375
WALL 44994521 1 0 1627769376
WALL 44994521 1 0 1627769377
WALL 44994521 1 0 1627769378
WALL 44994521 1 0 1627769379
WALL 44994521 1 0 1627769380
WALL 44994521 1 0 1627769381
WALL 44994521 1 0 1627769382
WALL 44994521 1 0 1627769383
WALL 44994521 1 0 1627769384
WALL 44994521 1 0 1627769385
WALL 44994521 1 0 1627769386
WALL 44994521 1 0 1627769387
WALL 44994521 1 0 1627769388
WALL 44994521 1 0 1627769389
WALL 44994521 1 0 1627769390
WALL 44994521 1 0 1627769391
WALL 44994521 1 0 1627769392
WALL 44994521 1 0 1627769393
WALL 44994521 1 0 1627769394
WALL 44994521 1 0 1627769395
WALL 44994521 1 0 1627769396
WALL 44994521 1 0 1627769397
WALL 44994521 1 0 1627769398
WALL 44994521 1 0 1627769399
WALL 44994521 1 0 1627769400
WALL 44994521 1 0 1627769401
WALL 44994521 1 0 1627769402
WALL 44994521 1 0 1627769403
WALL 44994521 1 0 1627769404
WALL 44994521 1 0 1627769405
WALL 44994521 1 0 1627769406
WALL 44994521 1 0 1627769407
WALL 44994521 1 0 1627769408
WALL 44994521 1 0 1627769409
WALL 44994521 1 0 1627769410
WALL 44994521 1 0 1627769411
WALL 44994521 1 0 1627769412
WALL 44994521 1 0 1627769413
WALL 44994521 1 0 1627769414
WALL 44994521 1 0 1627769415
WALL 44994521 1 0 1627769416
WALL 44994521 1 0 1627769417
WALL 44994521 1 0 1627769418
WALL 44994521 1 0 1627769419
WALL 44994521 1 0 1627769420
WALL 44994521 1 0 1627769421
WALL 44994521 1 0 1627769422
WALL 44994521 1 0 1627769423
WALL 44994521 1 0 1627769424
WALL 44994521 1 0 1627769425
WALL 44994521 1 0 1627769426
WALL 44994521 1 0 1627769427
WALL 44994521 1 0 1627769428
WALL 44994521 1 0 1627769429
WALL 44994521 1 0 1627769430
WALL 44994521 1 0 1627769431
WALL 44994521 1 0 1627769432
WALL 44994521 1 0 1627769433
WALL 44994521 1 0 1627769434
WALL 44994521 1 0 1627769435
WALL 44994521 1 0 1627769436
WALL 44994521 1 0 1627769437
WALL 44994521 1 0 1627769438
WALL 44994521 1 0 1627769439
WALL 44994521 1 0 1627769440
WALL 44994521 1 0 1627769441
WALL 44994521 1 0 1627769442
WALL 44994521 1 0 1627769443
WALL 44994521 1 0 1627769444
WALL 44994521 1 0 1627769445
WALL 44994521 1 0 1627769446
WALL 44994521 1 0 1627769447
WALL 44994521 1 0 1627769448
WALL 44994521 1 0 1627769449
WALL 44994521 1 0 1627769450
WALL 44994521 1 0 1627769451
WALL 44994521 1 0 1627769452
WALL 44994521 1 0 1627769453
WALL 44994521 1 0 1627769454
WALL 44994521 1 0 1627769455
WALL 44994521 1 0 1627769456
WALL 44994521 1 0 1627769457
WALL 44994521 1 0 1627769458
WALL 44994521 1 0 1627769459
WALL 44994521 1 0 1627769460
WALL 44994521 1 0 1627769461
WALL 44994521 1 0 1627769462
WALL 44994521 1 0 1627769463
WALL 44994521 1 0 1627769464
WALL 44994521 1 0 1627769465
WALL 44994521 1 0 1627769466
WALL 44994521 1 0 1627769467
WALL 44994521 1 0 1627769468
WALL 44994521 1 0 1627769469
WALL 44994521 1 0 1627769470
WALL 44994521 1 0 1627769471
WALL 44994521 1 0 1627769472
WALL 44994521 1 0 1627769473
WALL 44994521 1 0 1627769474
WALL 44994521 1 0 1627769475
WALL 44994521 1 0 1627769476
WALL 44994521 1 0 1627769477
WALL 44994521 1 0 1627769478
WALL 44994521 1 0 1627769479
WALL 44994521 1 0 1627769480
WALL 44994521 1 0 1627769481
WALL 44994521 1 0 1627769482
WALL 44994521 1 0 1627769483
WALL 44994521 1 0 1627769484
WALL 44994521 1 0 1627769485
WALL 44994521 1 0 1627769486
WALL 44994521 1 0 1627769487
WALL 44994521 1 0 1627769488
WALL 44994521 1 0 1627769489
WALL 44994521 1 0 1627769490
WALL 44994521 1 0 1627769491
WALL 44994521 1 0 1627769492
WALL 44994521 1 0 1627769493
WALL 44994521 1 0 1627769494
WALL 44994521 1 0 1627769495
WALL 44994521 1 0 1627769496
WALL 44994521 1 0 1627769497
WALL 44994521 1 0 1627769498
WALL 44994521 1 0 1627769499
WALL 44994521 1 0 1627769500
WALL 44994521 1 0 1627769501
WALL 44994521 1 0 1627769502
WALL 44994521 1 0 1627769503
WALL 44994521 1 0 1627769504
WALL 44994521 1 0 1627769505
WALL 44994521 1 0 1627769506
WALL 44994521 1 0 1627769507
WALL 44994521 1 0 1627769508
WALL 44994521 1 0 1627769509
WALL 44994521 1 0 1627769510
WALL 44994521 1 0 1627769511
WALL 44994521 1 0 1627769512
WALL 44994521 1 0 1627769513
WALL 44994521 1 0 1627769514
WALL 44994521 1 0 1627769515
WALL 44994521 1 0 1627769516
WALL 44994521 1 0 1627769517
WALL 44994521 1 0 1627769518
WALL 44994521 1 0 1627769519
WALL 44994521 1 0 1627769520
WALL 44994521 1 0 1627769521
WALL 44994521 1 0 1627769522
WALL 44994521 1 0 1627769523
WALL 44994521 1 0 1627769524
WALL 44994521 1 0 1627769525
WALL 44994521 1 0 1627769526
WALL 44994521 1 0 1627769527
WALL 44994521 1 0 1627769528
WALL 44994521 1 0 1627769529
WALL 44994521 1 0 1627769530
WALL 44994521 1 0 1627769531
WALL 44994521 1 0 1627769532
WALL 44994521 1 0 1627769533
WALL 44994521 1 0 1627769534
WALL 44994521 1 0 1627769535
WALL 44994521 1 0 1627769536
WALL 44994521 1 0 1627769537
WALL 44994521 1 0 1627769538
WALL 44994521 1 0 1627769539
WALL 44994521 1 0 1627769540
WALL 44994521 1 0 1627769541
WALL 44994521 1 0 1627769542
WALL 44994521 1 0 1627769543
WALL 44994521 1 0 1627769544
WALL 44994521 1 0 1627769545
WALL 44994521 1 0 1627769546
WALL 44994521 1 0 1627769547
WALL 44994521 1 0 1627769548
WALL 44994521 1 0 1627769549
WALL 44994521 1 0 1627769550
WALL 44994521 1 0 1627769551
WALL 44994521 1 0 1627769552
WALL 44994521 1 0 1627769553
WALL 44994521 1 0 1627769554
WALL 44994521 1 0 1627769555
WALL 44994521 1 0 1627769556
WALL 44994521 1 0 1627769557
WALL 44994521 1 0 1627769558
WALL 44994521 1 0 1627769559
WALL 44994521 1 0 1627769560
WALL 44994521 1 0 1627769561
WALL 44994521 1 0 1627769562
WALL 44994521 1 0 1627769563
WALL 44994521 1 0 1627769564
WALL 44994521 1 0 1627769565
WALL 44994521 1 0 1627769566
WALL 44994521 1 0 1627769567
WALL 44994521 1 0 1627769568
WALL 44994521 1 0 1627769569
WALL 44994521 1 0 1627769570
WALL 44994521 1 0 1627769571
WALL 44994521 1 0 1627769572
WALL 44994521 1 0 1627769573
WALL 44994521 1 0 1627769574
WALL 44994521 1 0 1627769575
WALL 44994521 1 0 1627769576
WALL 44994521 1 0 1627769577
WALL 44994521 1 0 1627769578
WALL 44994521 1 0 1627769579
WALL 44994521 1 0 1627769580
WALL 44994521 1 0 1627769581
WALL 44994521 1 0 1627769582
WALL 44994521 1 0 1627769583
WALL 44994521 1 0 1627769584
WALL 44994521 1 0 1627769585
WALL 44994521 1 0 1627769586
WALL 44994521 1 0 1627769587
WALL 44994521 1 0 1627769588
WALL 44994521 1 0 1627769589
WALL 44994521 1 0 1627769590
WALL 44994521 1 0 1627769591
WALL 44994521 1 0 1627769592
WALL 44994521 1 0 1627769593
WALL 44994521 1 0 1627769594
WALL 44994521 1 0 1627769595
WALL 44994521 1 0 1627769596
WALL 44994521 1 0 1627769597
WALL 44994521 1 0 1627769598
WALL 44994521 1 0 1627769599
WALL 44994521 1 0 1627769600
WALL 44994521 1 0 1627769601
WALL 44994521 1 0 1627769602
WALL 44994521 1 0 1627769603
WALL 44994521 1 0 1627769604
WALL 44994521 1 0 1627769605
WALL 44994521 1 0 1627769606
WALL 44994521 1 0 1627769607
WALL 44994521 1 0 1627769608
WALL 44994521 1 0 1627769609
WALL 44994521 1 0 1627769610
WALL 44994521 1 0 1627769611
WALL 44994521 1 0 1627769612
WALL 44994521 1 0 1627769613
WALL 44994521 1 0 1627769614
WALL 44994521 1 0 1627769615
WALL 44994521 1 0 1627769616
WALL 44994521 1 0 1627769617
WALL 44994521 1 0 1627769618
WALL 44994521 1 0 1627769619
WALL 44994521 1 0 1627769620
WALL 44994521 1 0 1627769621
WALL 44994521 1 0 1627769622
WALL 44994521 1 0 1627769623
WALL 44994521 1 0 1627769624
WALL 44994521 1 0 1627769625
WALL 44994521 1 0 1627769626
WALL 44994521 1 0 1627769627
WALL 44994521 1 0 1627769628
WALL 44994521 1 0 1627769629
WALL 44994521 1 0 1627769630
WALL 44994521 1 0 1627769631
WALL 44994521 1 0 1627769632
WALL 44994521 1 0 1627769633
WALL 44994521 1 0 1627769634
WALL 44994521 1 0 1627769635
WALL 44994521 1 0 1627769636
slurmstepd: error: *** STEP 44994521.0 ON nid00857 CANCELLED AT 2021-07-31T15:13:57 ***
received SIGTERM 1627769637
WALL 44994521 1 0 1627769637
received SIGCONT 1627769637
WALL 44994521 1 0 1627769637
WALL 44994521 1 0 1627769638
WALL 44994521 1 0 1627769639
WALL 44994521 1 0 1627769640
WALL 44994521 1 0 1627769641
WALL 44994521 1 0 1627769642
WALL 44994521 1 0 1627769643
WALL 44994521 1 0 1627769644
WALL 44994521 1 0 1627769645
WALL 44994521 1 0 1627769646
WALL 44994521 1 0 1627769647
WALL 44994521 1 0 1627769648
WALL 44994521 1 0 1627769649
WALL 44994521 1 0 1627769650
WALL 44994521 1 0 1627769651
WALL 44994521 1 0 1627769652
WALL 44994521 1 0 1627769653
WALL 44994521 1 0 1627769654
WALL 44994521 1 0 1627769655
WALL 44994521 1 0 1627769656
WALL 44994521 1 0 1627769657
WALL 44994521 1 0 1627769658
WALL 44994521 1 0 1627769659
WALL 44994521 1 0 1627769660
WALL 44994521 1 0 1627769661
WALL 44994521 1 0 1627769662
WALL 44994521 1 0 1627769663
WALL 44994521 1 0 1627769664
WALL 44994521 1 0 1627769665
WALL 44994521 1 0 1627769666
WALL 44994521 1 0 1627769667
WALL 44994521 1 0 1627769668
WALL 44994521 1 0 1627769669
WALL 44994521 1 0 1627769670
WALL 44994521 1 0 1627769671
WALL 44994521 1 0 1627769672
WALL 44994521 1 0 1627769673
WALL 44994521 1 0 1627769674
WALL 44994521 1 0 1627769675
WALL 44994521 1 0 1627769676
WALL 44994521 1 0 1627769677
WALL 44994521 1 0 1627769678
WALL 44994521 1 0 1627769679
WALL 44994521 1 0 1627769680
WALL 44994521 1 0 1627769681
WALL 44994521 1 0 1627769682
WALL 44994521 1 0 1627769683
WALL 44994521 1 0 1627769684
WALL 44994521 1 0 1627769685
WALL 44994521 1 0 1627769686
WALL 44994521 1 0 1627769687
WALL 44994521 1 0 1627769688
WALL 44994521 1 0 1627769689
WALL 44994521 1 0 1627769690
WALL 44994521 1 0 1627769691
WALL 44994521 1 0 1627769692
WALL 44994521 1 0 1627769693
WALL 44994521 1 0 1627769694
WALL 44994521 1 0 1627769695
WALL 44994521 1 0 1627769696
WALL 44994521 1 0 1627769697
received SIGTERM 1627769697
WALL 44994521 1 0 1627769697
received SIGCONT 1627769697
WALL 44994521 1 0 1627769697
received SIGTERM 1627769697
srun: got SIGCONT
WALL 44994521 1 0 1627769697
srun: forcing job termination
