WALL 44997502 1 0 1627782086
WALL 44997502 1 0 1627782087
WALL 44997502 1 0 1627782088
WALL 44997502 1 0 1627782089
WALL 44997502 1 0 1627782090
WALL 44997502 1 0 1627782091
WALL 44997502 1 0 1627782092
WALL 44997502 1 0 1627782093
WALL 44997502 1 0 1627782094
WALL 44997502 1 0 1627782095
WALL 44997502 1 0 1627782096
WALL 44997502 1 0 1627782097
WALL 44997502 1 0 1627782098
WALL 44997502 1 0 1627782099
WALL 44997502 1 0 1627782100
WALL 44997502 1 0 1627782101
WALL 44997502 1 0 1627782102
WALL 44997502 1 0 1627782103
WALL 44997502 1 0 1627782104
WALL 44997502 1 0 1627782105
WALL 44997502 1 0 1627782106
WALL 44997502 1 0 1627782107
WALL 44997502 1 0 1627782108
WALL 44997502 1 0 1627782109
WALL 44997502 1 0 1627782110
WALL 44997502 1 0 1627782111
WALL 44997502 1 0 1627782112
WALL 44997502 1 0 1627782113
WALL 44997502 1 0 1627782114
WALL 44997502 1 0 1627782115
WALL 44997502 1 0 1627782116
WALL 44997502 1 0 1627782117
WALL 44997502 1 0 1627782118
WALL 44997502 1 0 1627782119
WALL 44997502 1 0 1627782120
WALL 44997502 1 0 1627782121
WALL 44997502 1 0 1627782122
WALL 44997502 1 0 1627782123
WALL 44997502 1 0 1627782124
WALL 44997502 1 0 1627782125
WALL 44997502 1 0 1627782126
WALL 44997502 1 0 1627782127
WALL 44997502 1 0 1627782128
WALL 44997502 1 0 1627782129
WALL 44997502 1 0 1627782130
WALL 44997502 1 0 1627782131
WALL 44997502 1 0 1627782132
WALL 44997502 1 0 1627782133
WALL 44997502 1 0 1627782134
WALL 44997502 1 0 1627782135
WALL 44997502 1 0 1627782136
WALL 44997502 1 0 1627782137
WALL 44997502 1 0 1627782138
WALL 44997502 1 0 1627782139
WALL 44997502 1 0 1627782140
WALL 44997502 1 0 1627782141
WALL 44997502 1 0 1627782142
WALL 44997502 1 0 1627782143
WALL 44997502 1 0 1627782144
WALL 44997502 1 0 1627782145
WALL 44997502 1 0 1627782146
WALL 44997502 1 0 1627782147
WALL 44997502 1 0 1627782148
WALL 44997502 1 0 1627782149
WALL 44997502 1 0 1627782150
WALL 44997502 1 0 1627782151
WALL 44997502 1 0 1627782152
WALL 44997502 1 0 1627782153
WALL 44997502 1 0 1627782154
WALL 44997502 1 0 1627782155
WALL 44997502 1 0 1627782156
WALL 44997502 1 0 1627782157
WALL 44997502 1 0 1627782158
WALL 44997502 1 0 1627782159
WALL 44997502 1 0 1627782160
WALL 44997502 1 0 1627782161
WALL 44997502 1 0 1627782162
WALL 44997502 1 0 1627782163
WALL 44997502 1 0 1627782164
WALL 44997502 1 0 1627782165
WALL 44997502 1 0 1627782166
WALL 44997502 1 0 1627782167
WALL 44997502 1 0 1627782168
WALL 44997502 1 0 1627782169
WALL 44997502 1 0 1627782170
WALL 44997502 1 0 1627782171
WALL 44997502 1 0 1627782172
WALL 44997502 1 0 1627782173
WALL 44997502 1 0 1627782174
WALL 44997502 1 0 1627782175
WALL 44997502 1 0 1627782176
WALL 44997502 1 0 1627782177
WALL 44997502 1 0 1627782178
WALL 44997502 1 0 1627782179
WALL 44997502 1 0 1627782180
WALL 44997502 1 0 1627782181
WALL 44997502 1 0 1627782182
WALL 44997502 1 0 1627782183
WALL 44997502 1 0 1627782184
WALL 44997502 1 0 1627782185
WALL 44997502 1 0 1627782186
WALL 44997502 1 0 1627782187
WALL 44997502 1 0 1627782188
WALL 44997502 1 0 1627782189
WALL 44997502 1 0 1627782190
WALL 44997502 1 0 1627782191
WALL 44997502 1 0 1627782192
WALL 44997502 1 0 1627782193
WALL 44997502 1 0 1627782194
WALL 44997502 1 0 1627782195
WALL 44997502 1 0 1627782196
WALL 44997502 1 0 1627782197
WALL 44997502 1 0 1627782198
WALL 44997502 1 0 1627782199
WALL 44997502 1 0 1627782200
WALL 44997502 1 0 1627782201
WALL 44997502 1 0 1627782202
WALL 44997502 1 0 1627782203
WALL 44997502 1 0 1627782204
WALL 44997502 1 0 1627782205
WALL 44997502 1 0 1627782206
WALL 44997502 1 0 1627782207
WALL 44997502 1 0 1627782208
WALL 44997502 1 0 1627782209
WALL 44997502 1 0 1627782210
WALL 44997502 1 0 1627782211
WALL 44997502 1 0 1627782212
WALL 44997502 1 0 1627782213
WALL 44997502 1 0 1627782214
WALL 44997502 1 0 1627782215
WALL 44997502 1 0 1627782216
WALL 44997502 1 0 1627782217
WALL 44997502 1 0 1627782218
WALL 44997502 1 0 1627782219
WALL 44997502 1 0 1627782220
WALL 44997502 1 0 1627782221
WALL 44997502 1 0 1627782222
WALL 44997502 1 0 1627782223
WALL 44997502 1 0 1627782224
WALL 44997502 1 0 1627782225
WALL 44997502 1 0 1627782226
WALL 44997502 1 0 1627782227
WALL 44997502 1 0 1627782228
WALL 44997502 1 0 1627782229
WALL 44997502 1 0 1627782230
WALL 44997502 1 0 1627782231
WALL 44997502 1 0 1627782232
WALL 44997502 1 0 1627782233
WALL 44997502 1 0 1627782234
WALL 44997502 1 0 1627782235
WALL 44997502 1 0 1627782236
WALL 44997502 1 0 1627782237
WALL 44997502 1 0 1627782238
WALL 44997502 1 0 1627782239
WALL 44997502 1 0 1627782240
WALL 44997502 1 0 1627782241
WALL 44997502 1 0 1627782242
WALL 44997502 1 0 1627782243
WALL 44997502 1 0 1627782244
WALL 44997502 1 0 1627782245
WALL 44997502 1 0 1627782246
WALL 44997502 1 0 1627782247
WALL 44997502 1 0 1627782248
WALL 44997502 1 0 1627782249
WALL 44997502 1 0 1627782250
WALL 44997502 1 0 1627782251
WALL 44997502 1 0 1627782252
WALL 44997502 1 0 1627782253
WALL 44997502 1 0 1627782254
WALL 44997502 1 0 1627782255
WALL 44997502 1 0 1627782256
WALL 44997502 1 0 1627782257
WALL 44997502 1 0 1627782258
WALL 44997502 1 0 1627782259
WALL 44997502 1 0 1627782260
WALL 44997502 1 0 1627782261
WALL 44997502 1 0 1627782262
WALL 44997502 1 0 1627782263
WALL 44997502 1 0 1627782264
WALL 44997502 1 0 1627782265
WALL 44997502 1 0 1627782266
WALL 44997502 1 0 1627782267
WALL 44997502 1 0 1627782268
WALL 44997502 1 0 1627782269
WALL 44997502 1 0 1627782270
WALL 44997502 1 0 1627782271
WALL 44997502 1 0 1627782272
WALL 44997502 1 0 1627782273
WALL 44997502 1 0 1627782274
WALL 44997502 1 0 1627782275
WALL 44997502 1 0 1627782276
WALL 44997502 1 0 1627782277
WALL 44997502 1 0 1627782278
WALL 44997502 1 0 1627782279
WALL 44997502 1 0 1627782280
WALL 44997502 1 0 1627782281
WALL 44997502 1 0 1627782282
WALL 44997502 1 0 1627782283
WALL 44997502 1 0 1627782284
WALL 44997502 1 0 1627782285
WALL 44997502 1 0 1627782286
WALL 44997502 1 0 1627782287
WALL 44997502 1 0 1627782288
WALL 44997502 1 0 1627782289
WALL 44997502 1 0 1627782290
WALL 44997502 1 0 1627782291
WALL 44997502 1 0 1627782292
WALL 44997502 1 0 1627782293
WALL 44997502 1 0 1627782294
WALL 44997502 1 0 1627782295
WALL 44997502 1 0 1627782296
WALL 44997502 1 0 1627782297
WALL 44997502 1 0 1627782298
WALL 44997502 1 0 1627782299
WALL 44997502 1 0 1627782300
WALL 44997502 1 0 1627782301
WALL 44997502 1 0 1627782302
WALL 44997502 1 0 1627782303
WALL 44997502 1 0 1627782304
WALL 44997502 1 0 1627782305
WALL 44997502 1 0 1627782306
WALL 44997502 1 0 1627782307
WALL 44997502 1 0 1627782308
WALL 44997502 1 0 1627782309
WALL 44997502 1 0 1627782310
WALL 44997502 1 0 1627782311
WALL 44997502 1 0 1627782312
WALL 44997502 1 0 1627782313
WALL 44997502 1 0 1627782314
WALL 44997502 1 0 1627782315
WALL 44997502 1 0 1627782316
WALL 44997502 1 0 1627782317
WALL 44997502 1 0 1627782318
WALL 44997502 1 0 1627782319
WALL 44997502 1 0 1627782320
WALL 44997502 1 0 1627782321
WALL 44997502 1 0 1627782322
WALL 44997502 1 0 1627782323
WALL 44997502 1 0 1627782324
WALL 44997502 1 0 1627782325
WALL 44997502 1 0 1627782326
WALL 44997502 1 0 1627782327
WALL 44997502 1 0 1627782328
WALL 44997502 1 0 1627782329
WALL 44997502 1 0 1627782330
WALL 44997502 1 0 1627782331
WALL 44997502 1 0 1627782332
WALL 44997502 1 0 1627782333
WALL 44997502 1 0 1627782334
WALL 44997502 1 0 1627782335
WALL 44997502 1 0 1627782336
WALL 44997502 1 0 1627782337
WALL 44997502 1 0 1627782338
WALL 44997502 1 0 1627782339
WALL 44997502 1 0 1627782340
WALL 44997502 1 0 1627782341
WALL 44997502 1 0 1627782342
WALL 44997502 1 0 1627782343
WALL 44997502 1 0 1627782344
WALL 44997502 1 0 1627782345
WALL 44997502 1 0 1627782346
WALL 44997502 1 0 1627782347
WALL 44997502 1 0 1627782348
WALL 44997502 1 0 1627782349
WALL 44997502 1 0 1627782350
WALL 44997502 1 0 1627782351
WALL 44997502 1 0 1627782352
WALL 44997502 1 0 1627782353
WALL 44997502 1 0 1627782354
WALL 44997502 1 0 1627782355
WALL 44997502 1 0 1627782356
WALL 44997502 1 0 1627782357
WALL 44997502 1 0 1627782358
WALL 44997502 1 0 1627782359
WALL 44997502 1 0 1627782360
WALL 44997502 1 0 1627782361
WALL 44997502 1 0 1627782362
WALL 44997502 1 0 1627782363
WALL 44997502 1 0 1627782364
WALL 44997502 1 0 1627782365
WALL 44997502 1 0 1627782366
WALL 44997502 1 0 1627782367
WALL 44997502 1 0 1627782368
WALL 44997502 1 0 1627782369
WALL 44997502 1 0 1627782370
WALL 44997502 1 0 1627782371
WALL 44997502 1 0 1627782372
WALL 44997502 1 0 1627782373
WALL 44997502 1 0 1627782374
WALL 44997502 1 0 1627782375
WALL 44997502 1 0 1627782376
WALL 44997502 1 0 1627782377
WALL 44997502 1 0 1627782378
WALL 44997502 1 0 1627782379
WALL 44997502 1 0 1627782380
WALL 44997502 1 0 1627782381
WALL 44997502 1 0 1627782382
WALL 44997502 1 0 1627782383
WALL 44997502 1 0 1627782384
WALL 44997502 1 0 1627782385
WALL 44997502 1 0 1627782386
WALL 44997502 1 0 1627782387
WALL 44997502 1 0 1627782388
WALL 44997502 1 0 1627782389
WALL 44997502 1 0 1627782390
WALL 44997502 1 0 1627782391
WALL 44997502 1 0 1627782392
WALL 44997502 1 0 1627782393
WALL 44997502 1 0 1627782394
WALL 44997502 1 0 1627782395
WALL 44997502 1 0 1627782396
WALL 44997502 1 0 1627782397
WALL 44997502 1 0 1627782398
WALL 44997502 1 0 1627782399
WALL 44997502 1 0 1627782400
WALL 44997502 1 0 1627782401
WALL 44997502 1 0 1627782402
WALL 44997502 1 0 1627782403
WALL 44997502 1 0 1627782404
WALL 44997502 1 0 1627782405
WALL 44997502 1 0 1627782406
WALL 44997502 1 0 1627782407
WALL 44997502 1 0 1627782408
WALL 44997502 1 0 1627782409
WALL 44997502 1 0 1627782410
WALL 44997502 1 0 1627782411
WALL 44997502 1 0 1627782412
WALL 44997502 1 0 1627782413
WALL 44997502 1 0 1627782414
WALL 44997502 1 0 1627782415
WALL 44997502 1 0 1627782416
WALL 44997502 1 0 1627782417
WALL 44997502 1 0 1627782418
WALL 44997502 1 0 1627782419
WALL 44997502 1 0 1627782420
WALL 44997502 1 0 1627782421
WALL 44997502 1 0 1627782422
WALL 44997502 1 0 1627782423
WALL 44997502 1 0 1627782424
WALL 44997502 1 0 1627782425
WALL 44997502 1 0 1627782426
WALL 44997502 1 0 1627782427
WALL 44997502 1 0 1627782428
WALL 44997502 1 0 1627782429
WALL 44997502 1 0 1627782430
WALL 44997502 1 0 1627782431
WALL 44997502 1 0 1627782432
WALL 44997502 1 0 1627782433
WALL 44997502 1 0 1627782434
WALL 44997502 1 0 1627782435
WALL 44997502 1 0 1627782436
WALL 44997502 1 0 1627782437
WALL 44997502 1 0 1627782438
WALL 44997502 1 0 1627782439
WALL 44997502 1 0 1627782440
WALL 44997502 1 0 1627782441
WALL 44997502 1 0 1627782442
WALL 44997502 1 0 1627782443
WALL 44997502 1 0 1627782444
WALL 44997502 1 0 1627782445
WALL 44997502 1 0 1627782446
WALL 44997502 1 0 1627782447
WALL 44997502 1 0 1627782448
WALL 44997502 1 0 1627782449
WALL 44997502 1 0 1627782450
WALL 44997502 1 0 1627782451
WALL 44997502 1 0 1627782452
WALL 44997502 1 0 1627782453
WALL 44997502 1 0 1627782454
WALL 44997502 1 0 1627782455
WALL 44997502 1 0 1627782456
WALL 44997502 1 0 1627782457
WALL 44997502 1 0 1627782458
WALL 44997502 1 0 1627782459
WALL 44997502 1 0 1627782460
WALL 44997502 1 0 1627782461
WALL 44997502 1 0 1627782462
WALL 44997502 1 0 1627782463
WALL 44997502 1 0 1627782464
WALL 44997502 1 0 1627782465
WALL 44997502 1 0 1627782466
WALL 44997502 1 0 1627782467
WALL 44997502 1 0 1627782468
WALL 44997502 1 0 1627782469
WALL 44997502 1 0 1627782470
WALL 44997502 1 0 1627782471
WALL 44997502 1 0 1627782472
WALL 44997502 1 0 1627782473
WALL 44997502 1 0 1627782474
WALL 44997502 1 0 1627782475
WALL 44997502 1 0 1627782476
WALL 44997502 1 0 1627782477
WALL 44997502 1 0 1627782478
WALL 44997502 1 0 1627782479
WALL 44997502 1 0 1627782480
WALL 44997502 1 0 1627782481
WALL 44997502 1 0 1627782482
WALL 44997502 1 0 1627782483
WALL 44997502 1 0 1627782484
WALL 44997502 1 0 1627782485
WALL 44997502 1 0 1627782486
WALL 44997502 1 0 1627782487
WALL 44997502 1 0 1627782488
WALL 44997502 1 0 1627782489
WALL 44997502 1 0 1627782490
WALL 44997502 1 0 1627782491
WALL 44997502 1 0 1627782492
WALL 44997502 1 0 1627782493
WALL 44997502 1 0 1627782494
WALL 44997502 1 0 1627782495
WALL 44997502 1 0 1627782496
WALL 44997502 1 0 1627782497
WALL 44997502 1 0 1627782498
WALL 44997502 1 0 1627782499
WALL 44997502 1 0 1627782500
WALL 44997502 1 0 1627782501
WALL 44997502 1 0 1627782502
WALL 44997502 1 0 1627782503
WALL 44997502 1 0 1627782504
WALL 44997502 1 0 1627782505
WALL 44997502 1 0 1627782506
WALL 44997502 1 0 1627782507
WALL 44997502 1 0 1627782508
WALL 44997502 1 0 1627782509
WALL 44997502 1 0 1627782510
WALL 44997502 1 0 1627782511
WALL 44997502 1 0 1627782512
WALL 44997502 1 0 1627782513
WALL 44997502 1 0 1627782514
WALL 44997502 1 0 1627782515
WALL 44997502 1 0 1627782516
WALL 44997502 1 0 1627782517
WALL 44997502 1 0 1627782518
WALL 44997502 1 0 1627782519
WALL 44997502 1 0 1627782520
WALL 44997502 1 0 1627782521
WALL 44997502 1 0 1627782522
WALL 44997502 1 0 1627782523
WALL 44997502 1 0 1627782524
WALL 44997502 1 0 1627782525
WALL 44997502 1 0 1627782526
WALL 44997502 1 0 1627782527
WALL 44997502 1 0 1627782528
WALL 44997502 1 0 1627782529
WALL 44997502 1 0 1627782530
WALL 44997502 1 0 1627782531
WALL 44997502 1 0 1627782532
WALL 44997502 1 0 1627782533
WALL 44997502 1 0 1627782534
WALL 44997502 1 0 1627782535
WALL 44997502 1 0 1627782536
WALL 44997502 1 0 1627782537
WALL 44997502 1 0 1627782538
WALL 44997502 1 0 1627782539
WALL 44997502 1 0 1627782540
WALL 44997502 1 0 1627782541
WALL 44997502 1 0 1627782542
WALL 44997502 1 0 1627782543
WALL 44997502 1 0 1627782544
WALL 44997502 1 0 1627782545
WALL 44997502 1 0 1627782546
WALL 44997502 1 0 1627782547
WALL 44997502 1 0 1627782548
WALL 44997502 1 0 1627782549
WALL 44997502 1 0 1627782550
WALL 44997502 1 0 1627782551
WALL 44997502 1 0 1627782552
WALL 44997502 1 0 1627782553
WALL 44997502 1 0 1627782554
WALL 44997502 1 0 1627782555
WALL 44997502 1 0 1627782556
WALL 44997502 1 0 1627782557
WALL 44997502 1 0 1627782558
WALL 44997502 1 0 1627782559
WALL 44997502 1 0 1627782560
WALL 44997502 1 0 1627782561
WALL 44997502 1 0 1627782562
WALL 44997502 1 0 1627782563
WALL 44997502 1 0 1627782564
WALL 44997502 1 0 1627782565
WALL 44997502 1 0 1627782566
WALL 44997502 1 0 1627782567
WALL 44997502 1 0 1627782568
WALL 44997502 1 0 1627782569
WALL 44997502 1 0 1627782570
WALL 44997502 1 0 1627782571
WALL 44997502 1 0 1627782572
WALL 44997502 1 0 1627782573
WALL 44997502 1 0 1627782574
WALL 44997502 1 0 1627782575
WALL 44997502 1 0 1627782576
WALL 44997502 1 0 1627782577
WALL 44997502 1 0 1627782578
WALL 44997502 1 0 1627782579
WALL 44997502 1 0 1627782580
WALL 44997502 1 0 1627782581
WALL 44997502 1 0 1627782582
WALL 44997502 1 0 1627782583
WALL 44997502 1 0 1627782584
WALL 44997502 1 0 1627782585
WALL 44997502 1 0 1627782586
WALL 44997502 1 0 1627782587
WALL 44997502 1 0 1627782588
WALL 44997502 1 0 1627782589
WALL 44997502 1 0 1627782590
WALL 44997502 1 0 1627782591
WALL 44997502 1 0 1627782592
WALL 44997502 1 0 1627782593
WALL 44997502 1 0 1627782594
WALL 44997502 1 0 1627782595
WALL 44997502 1 0 1627782596
WALL 44997502 1 0 1627782597
WALL 44997502 1 0 1627782598
WALL 44997502 1 0 1627782599
WALL 44997502 1 0 1627782600
WALL 44997502 1 0 1627782601
WALL 44997502 1 0 1627782602
WALL 44997502 1 0 1627782603
WALL 44997502 1 0 1627782604
WALL 44997502 1 0 1627782605
WALL 44997502 1 0 1627782606
WALL 44997502 1 0 1627782607
WALL 44997502 1 0 1627782608
WALL 44997502 1 0 1627782609
WALL 44997502 1 0 1627782610
WALL 44997502 1 0 1627782611
WALL 44997502 1 0 1627782612
WALL 44997502 1 0 1627782613
WALL 44997502 1 0 1627782614
WALL 44997502 1 0 1627782615
WALL 44997502 1 0 1627782616
WALL 44997502 1 0 1627782617
WALL 44997502 1 0 1627782618
WALL 44997502 1 0 1627782619
WALL 44997502 1 0 1627782620
WALL 44997502 1 0 1627782621
WALL 44997502 1 0 1627782622
WALL 44997502 1 0 1627782623
WALL 44997502 1 0 1627782624
WALL 44997502 1 0 1627782625
WALL 44997502 1 0 1627782626
WALL 44997502 1 0 1627782627
WALL 44997502 1 0 1627782628
WALL 44997502 1 0 1627782629
WALL 44997502 1 0 1627782630
WALL 44997502 1 0 1627782631
WALL 44997502 1 0 1627782632
WALL 44997502 1 0 1627782633
WALL 44997502 1 0 1627782634
WALL 44997502 1 0 1627782635
WALL 44997502 1 0 1627782636
WALL 44997502 1 0 1627782637
WALL 44997502 1 0 1627782638
WALL 44997502 1 0 1627782639
WALL 44997502 1 0 1627782640
WALL 44997502 1 0 1627782641
WALL 44997502 1 0 1627782642
WALL 44997502 1 0 1627782643
WALL 44997502 1 0 1627782644
WALL 44997502 1 0 1627782645
WALL 44997502 1 0 1627782646
WALL 44997502 1 0 1627782647
WALL 44997502 1 0 1627782648
WALL 44997502 1 0 1627782649
WALL 44997502 1 0 1627782650
WALL 44997502 1 0 1627782651
WALL 44997502 1 0 1627782652
WALL 44997502 1 0 1627782653
WALL 44997502 1 0 1627782654
WALL 44997502 1 0 1627782655
WALL 44997502 1 0 1627782656
WALL 44997502 1 0 1627782657
WALL 44997502 1 0 1627782658
WALL 44997502 1 0 1627782659
WALL 44997502 1 0 1627782660
WALL 44997502 1 0 1627782661
WALL 44997502 1 0 1627782662
WALL 44997502 1 0 1627782663
WALL 44997502 1 0 1627782664
WALL 44997502 1 0 1627782665
WALL 44997502 1 0 1627782666
WALL 44997502 1 0 1627782667
WALL 44997502 1 0 1627782668
WALL 44997502 1 0 1627782669
WALL 44997502 1 0 1627782670
WALL 44997502 1 0 1627782671
WALL 44997502 1 0 1627782672
WALL 44997502 1 0 1627782673
WALL 44997502 1 0 1627782674
WALL 44997502 1 0 1627782675
WALL 44997502 1 0 1627782676
WALL 44997502 1 0 1627782677
WALL 44997502 1 0 1627782678
WALL 44997502 1 0 1627782679
WALL 44997502 1 0 1627782680
WALL 44997502 1 0 1627782681
WALL 44997502 1 0 1627782682
WALL 44997502 1 0 1627782683
WALL 44997502 1 0 1627782684
WALL 44997502 1 0 1627782685
WALL 44997502 1 0 1627782686
WALL 44997502 1 0 1627782687
WALL 44997502 1 0 1627782688
WALL 44997502 1 0 1627782689
WALL 44997502 1 0 1627782690
WALL 44997502 1 0 1627782691
WALL 44997502 1 0 1627782692
WALL 44997502 1 0 1627782693
WALL 44997502 1 0 1627782694
WALL 44997502 1 0 1627782695
WALL 44997502 1 0 1627782696
WALL 44997502 1 0 1627782697
WALL 44997502 1 0 1627782698
WALL 44997502 1 0 1627782699
WALL 44997502 1 0 1627782700
WALL 44997502 1 0 1627782701
WALL 44997502 1 0 1627782702
WALL 44997502 1 0 1627782703
WALL 44997502 1 0 1627782704
WALL 44997502 1 0 1627782705
WALL 44997502 1 0 1627782706
WALL 44997502 1 0 1627782707
WALL 44997502 1 0 1627782708
WALL 44997502 1 0 1627782709
WALL 44997502 1 0 1627782710
WALL 44997502 1 0 1627782711
WALL 44997502 1 0 1627782712
WALL 44997502 1 0 1627782713
WALL 44997502 1 0 1627782714
WALL 44997502 1 0 1627782715
WALL 44997502 1 0 1627782716
WALL 44997502 1 0 1627782717
WALL 44997502 1 0 1627782718
WALL 44997502 1 0 1627782719
WALL 44997502 1 0 1627782720
WALL 44997502 1 0 1627782721
WALL 44997502 1 0 1627782722
WALL 44997502 1 0 1627782723
WALL 44997502 1 0 1627782724
WALL 44997502 1 0 1627782725
WALL 44997502 1 0 1627782726
WALL 44997502 1 0 1627782727
WALL 44997502 1 0 1627782728
WALL 44997502 1 0 1627782729
WALL 44997502 1 0 1627782730
WALL 44997502 1 0 1627782731
WALL 44997502 1 0 1627782732
WALL 44997502 1 0 1627782733
WALL 44997502 1 0 1627782734
WALL 44997502 1 0 1627782735
WALL 44997502 1 0 1627782736
WALL 44997502 1 0 1627782737
WALL 44997502 1 0 1627782738
WALL 44997502 1 0 1627782739
WALL 44997502 1 0 1627782740
WALL 44997502 1 0 1627782741
WALL 44997502 1 0 1627782742
WALL 44997502 1 0 1627782743
WALL 44997502 1 0 1627782744
WALL 44997502 1 0 1627782745
WALL 44997502 1 0 1627782746
WALL 44997502 1 0 1627782747
WALL 44997502 1 0 1627782748
WALL 44997502 1 0 1627782749
WALL 44997502 1 0 1627782750
WALL 44997502 1 0 1627782751
WALL 44997502 1 0 1627782752
WALL 44997502 1 0 1627782753
WALL 44997502 1 0 1627782754
WALL 44997502 1 0 1627782755
WALL 44997502 1 0 1627782756
WALL 44997502 1 0 1627782757
WALL 44997502 1 0 1627782758
WALL 44997502 1 0 1627782759
WALL 44997502 1 0 1627782760
WALL 44997502 1 0 1627782761
WALL 44997502 1 0 1627782762
WALL 44997502 1 0 1627782763
WALL 44997502 1 0 1627782764
WALL 44997502 1 0 1627782765
WALL 44997502 1 0 1627782766
WALL 44997502 1 0 1627782767
WALL 44997502 1 0 1627782768
WALL 44997502 1 0 1627782769
WALL 44997502 1 0 1627782770
WALL 44997502 1 0 1627782771
WALL 44997502 1 0 1627782772
WALL 44997502 1 0 1627782773
WALL 44997502 1 0 1627782774
WALL 44997502 1 0 1627782775
WALL 44997502 1 0 1627782776
WALL 44997502 1 0 1627782777
WALL 44997502 1 0 1627782778
WALL 44997502 1 0 1627782779
WALL 44997502 1 0 1627782780
WALL 44997502 1 0 1627782781
WALL 44997502 1 0 1627782782
WALL 44997502 1 0 1627782783
WALL 44997502 1 0 1627782784
WALL 44997502 1 0 1627782785
WALL 44997502 1 0 1627782786
WALL 44997502 1 0 1627782787
WALL 44997502 1 0 1627782788
WALL 44997502 1 0 1627782789
WALL 44997502 1 0 1627782790
WALL 44997502 1 0 1627782791
WALL 44997502 1 0 1627782792
WALL 44997502 1 0 1627782793
WALL 44997502 1 0 1627782794
WALL 44997502 1 0 1627782795
WALL 44997502 1 0 1627782796
WALL 44997502 1 0 1627782797
WALL 44997502 1 0 1627782798
WALL 44997502 1 0 1627782799
WALL 44997502 1 0 1627782800
WALL 44997502 1 0 1627782801
WALL 44997502 1 0 1627782802
WALL 44997502 1 0 1627782803
WALL 44997502 1 0 1627782804
WALL 44997502 1 0 1627782805
WALL 44997502 1 0 1627782806
WALL 44997502 1 0 1627782807
WALL 44997502 1 0 1627782808
WALL 44997502 1 0 1627782809
WALL 44997502 1 0 1627782810
WALL 44997502 1 0 1627782811
WALL 44997502 1 0 1627782812
WALL 44997502 1 0 1627782813
WALL 44997502 1 0 1627782814
WALL 44997502 1 0 1627782815
WALL 44997502 1 0 1627782816
WALL 44997502 1 0 1627782817
WALL 44997502 1 0 1627782818
WALL 44997502 1 0 1627782819
WALL 44997502 1 0 1627782820
WALL 44997502 1 0 1627782821
WALL 44997502 1 0 1627782822
WALL 44997502 1 0 1627782823
WALL 44997502 1 0 1627782824
WALL 44997502 1 0 1627782825
WALL 44997502 1 0 1627782826
WALL 44997502 1 0 1627782827
WALL 44997502 1 0 1627782828
WALL 44997502 1 0 1627782829
WALL 44997502 1 0 1627782830
WALL 44997502 1 0 1627782831
WALL 44997502 1 0 1627782832
WALL 44997502 1 0 1627782833
WALL 44997502 1 0 1627782834
WALL 44997502 1 0 1627782835
WALL 44997502 1 0 1627782836
WALL 44997502 1 0 1627782837
WALL 44997502 1 0 1627782838
WALL 44997502 1 0 1627782839
WALL 44997502 1 0 1627782840
WALL 44997502 1 0 1627782841
WALL 44997502 1 0 1627782842
WALL 44997502 1 0 1627782843
WALL 44997502 1 0 1627782844
WALL 44997502 1 0 1627782845
WALL 44997502 1 0 1627782846
WALL 44997502 1 0 1627782847
WALL 44997502 1 0 1627782848
WALL 44997502 1 0 1627782849
WALL 44997502 1 0 1627782850
WALL 44997502 1 0 1627782851
WALL 44997502 1 0 1627782852
WALL 44997502 1 0 1627782853
WALL 44997502 1 0 1627782854
WALL 44997502 1 0 1627782855
WALL 44997502 1 0 1627782856
WALL 44997502 1 0 1627782857
WALL 44997502 1 0 1627782858
WALL 44997502 1 0 1627782859
WALL 44997502 1 0 1627782860
WALL 44997502 1 0 1627782861
WALL 44997502 1 0 1627782862
WALL 44997502 1 0 1627782863
WALL 44997502 1 0 1627782864
WALL 44997502 1 0 1627782865
WALL 44997502 1 0 1627782866
WALL 44997502 1 0 1627782867
WALL 44997502 1 0 1627782868
WALL 44997502 1 0 1627782869
WALL 44997502 1 0 1627782870
WALL 44997502 1 0 1627782871
WALL 44997502 1 0 1627782872
WALL 44997502 1 0 1627782873
WALL 44997502 1 0 1627782874
WALL 44997502 1 0 1627782875
WALL 44997502 1 0 1627782876
WALL 44997502 1 0 1627782877
WALL 44997502 1 0 1627782878
WALL 44997502 1 0 1627782879
WALL 44997502 1 0 1627782880
WALL 44997502 1 0 1627782881
WALL 44997502 1 0 1627782882
WALL 44997502 1 0 1627782883
WALL 44997502 1 0 1627782884
WALL 44997502 1 0 1627782885
WALL 44997502 1 0 1627782886
WALL 44997502 1 0 1627782887
WALL 44997502 1 0 1627782888
WALL 44997502 1 0 1627782889
WALL 44997502 1 0 1627782890
WALL 44997502 1 0 1627782891
WALL 44997502 1 0 1627782892
WALL 44997502 1 0 1627782893
WALL 44997502 1 0 1627782894
WALL 44997502 1 0 1627782895
WALL 44997502 1 0 1627782896
WALL 44997502 1 0 1627782897
WALL 44997502 1 0 1627782898
WALL 44997502 1 0 1627782899
WALL 44997502 1 0 1627782900
WALL 44997502 1 0 1627782901
WALL 44997502 1 0 1627782902
WALL 44997502 1 0 1627782903
WALL 44997502 1 0 1627782904
WALL 44997502 1 0 1627782905
WALL 44997502 1 0 1627782906
WALL 44997502 1 0 1627782907
WALL 44997502 1 0 1627782908
WALL 44997502 1 0 1627782909
WALL 44997502 1 0 1627782910
WALL 44997502 1 0 1627782911
WALL 44997502 1 0 1627782912
WALL 44997502 1 0 1627782913
WALL 44997502 1 0 1627782914
WALL 44997502 1 0 1627782915
WALL 44997502 1 0 1627782916
WALL 44997502 1 0 1627782917
WALL 44997502 1 0 1627782918
WALL 44997502 1 0 1627782919
WALL 44997502 1 0 1627782920
WALL 44997502 1 0 1627782921
WALL 44997502 1 0 1627782922
WALL 44997502 1 0 1627782923
WALL 44997502 1 0 1627782924
slurmstepd: error: *** STEP 44997502.0 ON nid00872 CANCELLED AT 2021-07-31T18:55:24 ***
received SIGCONT 1627782924
WALL 44997502 1 0 1627782924
WALL 44997502 1 0 1627782925
WALL 44997502 1 0 1627782926
WALL 44997502 1 0 1627782927
WALL 44997502 1 0 1627782928
WALL 44997502 1 0 1627782929
WALL 44997502 1 0 1627782930
WALL 44997502 1 0 1627782931
WALL 44997502 1 0 1627782932
WALL 44997502 1 0 1627782933
WALL 44997502 1 0 1627782934
WALL 44997502 1 0 1627782935
WALL 44997502 1 0 1627782936
WALL 44997502 1 0 1627782937
WALL 44997502 1 0 1627782938
WALL 44997502 1 0 1627782939
WALL 44997502 1 0 1627782940
WALL 44997502 1 0 1627782941
WALL 44997502 1 0 1627782942
WALL 44997502 1 0 1627782943
WALL 44997502 1 0 1627782944
WALL 44997502 1 0 1627782945
WALL 44997502 1 0 1627782946
WALL 44997502 1 0 1627782947
WALL 44997502 1 0 1627782948
WALL 44997502 1 0 1627782949
WALL 44997502 1 0 1627782950
WALL 44997502 1 0 1627782951
WALL 44997502 1 0 1627782952
WALL 44997502 1 0 1627782953
WALL 44997502 1 0 1627782954
WALL 44997502 1 0 1627782955
WALL 44997502 1 0 1627782956
WALL 44997502 1 0 1627782957
WALL 44997502 1 0 1627782958
WALL 44997502 1 0 1627782959
WALL 44997502 1 0 1627782960
WALL 44997502 1 0 1627782961
WALL 44997502 1 0 1627782962
WALL 44997502 1 0 1627782963
WALL 44997502 1 0 1627782964
WALL 44997502 1 0 1627782965
WALL 44997502 1 0 1627782966
WALL 44997502 1 0 1627782967
WALL 44997502 1 0 1627782968
WALL 44997502 1 0 1627782969
WALL 44997502 1 0 1627782970
WALL 44997502 1 0 1627782971
WALL 44997502 1 0 1627782972
WALL 44997502 1 0 1627782973
WALL 44997502 1 0 1627782974
WALL 44997502 1 0 1627782975
WALL 44997502 1 0 1627782976
WALL 44997502 1 0 1627782977
WALL 44997502 1 0 1627782978
WALL 44997502 1 0 1627782979
WALL 44997502 1 0 1627782980
WALL 44997502 1 0 1627782981
WALL 44997502 1 0 1627782982
WALL 44997502 1 0 1627782983
WALL 44997502 1 0 1627782984
WALL 44997502 1 0 1627782985
WALL 44997502 1 0 1627782986
WALL 44997502 1 0 1627782987
WALL 44997502 1 0 1627782988
WALL 44997502 1 0 1627782989
WALL 44997502 1 0 1627782990
WALL 44997502 1 0 1627782991
WALL 44997502 1 0 1627782992
WALL 44997502 1 0 1627782993
WALL 44997502 1 0 1627782994
WALL 44997502 1 0 1627782995
received SIGTERM 1627782996
WALL 44997502 1 0 1627782996
received SIGCONT 1627782996
WALL 44997502 1 0 1627782996
srun: got SIGCONT
received SIGTERM 1627782996
WALL 44997502 1 0 1627782996
srun: forcing job termination
