WALL 2230071 1 0 1653438968
WALL 2230071 1 0 1653438969
WALL 2230071 1 0 1653438970
WALL 2230071 1 0 1653438971
WALL 2230071 1 0 1653438972
WALL 2230071 1 0 1653438973
WALL 2230071 1 0 1653438974
WALL 2230071 1 0 1653438975
WALL 2230071 1 0 1653438976
WALL 2230071 1 0 1653438977
WALL 2230071 1 0 1653438978
WALL 2230071 1 0 1653438979
WALL 2230071 1 0 1653438980
WALL 2230071 1 0 1653438981
WALL 2230071 1 0 1653438982
WALL 2230071 1 0 1653438983
WALL 2230071 1 0 1653438984
WALL 2230071 1 0 1653438985
WALL 2230071 1 0 1653438986
WALL 2230071 1 0 1653438987
WALL 2230071 1 0 1653438988
WALL 2230071 1 0 1653438989
WALL 2230071 1 0 1653438990
slurmstepd: error: *** STEP 2230071.0 ON nid001516 CANCELLED AT 2022-05-25T00:36:31 ***
received SIGCONT 1653438991
WALL 2230071 1 0 1653438991
received SIGTERM 1653438991
WALL 2230071 1 0 1653438991
WALL 2230071 1 0 1653438992
WALL 2230071 1 0 1653438993
WALL 2230071 1 0 1653438994
WALL 2230071 1 0 1653438995
WALL 2230071 1 0 1653438996
WALL 2230071 1 0 1653438997
WALL 2230071 1 0 1653438998
WALL 2230071 1 0 1653438999
WALL 2230071 1 0 1653439000
WALL 2230071 1 0 1653439001
WALL 2230071 1 0 1653439002
WALL 2230071 1 0 1653439003
WALL 2230071 1 0 1653439004
WALL 2230071 1 0 1653439005
WALL 2230071 1 0 1653439006
WALL 2230071 1 0 1653439007
WALL 2230071 1 0 1653439008
WALL 2230071 1 0 1653439009
WALL 2230071 1 0 1653439010
WALL 2230071 1 0 1653439011
WALL 2230071 1 0 1653439012
WALL 2230071 1 0 1653439013
WALL 2230071 1 0 1653439014
WALL 2230071 1 0 1653439015
WALL 2230071 1 0 1653439016
WALL 2230071 1 0 1653439017
WALL 2230071 1 0 1653439018
WALL 2230071 1 0 1653439019
WALL 2230071 1 0 1653439020
WALL 2230071 1 0 1653439021
WALL 2230071 1 0 1653439022
WALL 2230071 1 0 1653439023
WALL 2230071 1 0 1653439024
WALL 2230071 1 0 1653439025
WALL 2230071 1 0 1653439026
WALL 2230071 1 0 1653439027
WALL 2230071 1 0 1653439028
WALL 2230071 1 0 1653439029
WALL 2230071 1 0 1653439030
WALL 2230071 1 0 1653439031
WALL 2230071 1 0 1653439032
WALL 2230071 1 0 1653439033
WALL 2230071 1 0 1653439034
WALL 2230071 1 0 1653439035
WALL 2230071 1 0 1653439036
WALL 2230071 1 0 1653439037
WALL 2230071 1 0 1653439038
WALL 2230071 1 0 1653439039
WALL 2230071 1 0 1653439040
WALL 2230071 1 0 1653439041
WALL 2230071 1 0 1653439042
WALL 2230071 1 0 1653439043
WALL 2230071 1 0 1653439044
WALL 2230071 1 0 1653439045
WALL 2230071 1 0 1653439046
WALL 2230071 1 0 1653439047
WALL 2230071 1 0 1653439048
WALL 2230071 1 0 1653439049
WALL 2230071 1 0 1653439050
WALL 2230071 1 0 1653439051
WALL 2230071 1 0 1653439052
WALL 2230071 1 0 1653439053
WALL 2230071 1 0 1653439054
WALL 2230071 1 0 1653439055
WALL 2230071 1 0 1653439056
WALL 2230071 1 0 1653439057
WALL 2230071 1 0 1653439058
WALL 2230071 1 0 1653439059
slurmstepd: error: *** JOB 2230071 ON nid001516 CANCELLED AT 2022-05-25T00:37:39 DUE TO PREEMPTION ***
received SIGTERM 1653439059
WALL 2230071 1 0 1653439059
received SIGCONT 1653439059
WALL 2230071 1 0 1653439059
received SIGTERM 1653439059
WALL 2230071 1 0 1653439059
