WALL 2230066 1 0 1653438771
WALL 2230066 1 0 1653438772
WALL 2230066 1 0 1653438773
WALL 2230066 1 0 1653438774
WALL 2230066 1 0 1653438775
WALL 2230066 1 0 1653438776
WALL 2230066 1 0 1653438777
WALL 2230066 1 0 1653438778
WALL 2230066 1 0 1653438779
WALL 2230066 1 0 1653438780
WALL 2230066 1 0 1653438781
WALL 2230066 1 0 1653438782
WALL 2230066 1 0 1653438783
WALL 2230066 1 0 1653438784
WALL 2230066 1 0 1653438785
WALL 2230066 1 0 1653438786
slurmstepd: error: *** STEP 2230066.0 ON nid001516 CANCELLED AT 2022-05-25T00:33:06 ***
received SIGTERM 1653438786
WALL 2230066 1 0 1653438786
received SIGCONT 1653438786
WALL 2230066 1 0 1653438786
WALL 2230066 1 0 1653438787
WALL 2230066 1 0 1653438788
WALL 2230066 1 0 1653438789
WALL 2230066 1 0 1653438790
WALL 2230066 1 0 1653438791
WALL 2230066 1 0 1653438792
WALL 2230066 1 0 1653438793
WALL 2230066 1 0 1653438794
WALL 2230066 1 0 1653438795
WALL 2230066 1 0 1653438796
WALL 2230066 1 0 1653438797
WALL 2230066 1 0 1653438798
WALL 2230066 1 0 1653438799
WALL 2230066 1 0 1653438800
WALL 2230066 1 0 1653438801
WALL 2230066 1 0 1653438802
WALL 2230066 1 0 1653438803
WALL 2230066 1 0 1653438804
WALL 2230066 1 0 1653438805
WALL 2230066 1 0 1653438806
WALL 2230066 1 0 1653438807
WALL 2230066 1 0 1653438808
WALL 2230066 1 0 1653438809
WALL 2230066 1 0 1653438810
WALL 2230066 1 0 1653438811
WALL 2230066 1 0 1653438812
WALL 2230066 1 0 1653438813
WALL 2230066 1 0 1653438814
WALL 2230066 1 0 1653438815
WALL 2230066 1 0 1653438816
WALL 2230066 1 0 1653438817
WALL 2230066 1 0 1653438818
WALL 2230066 1 0 1653438819
WALL 2230066 1 0 1653438820
WALL 2230066 1 0 1653438821
WALL 2230066 1 0 1653438822
WALL 2230066 1 0 1653438823
WALL 2230066 1 0 1653438824
WALL 2230066 1 0 1653438825
WALL 2230066 1 0 1653438826
WALL 2230066 1 0 1653438827
WALL 2230066 1 0 1653438828
WALL 2230066 1 0 1653438829
WALL 2230066 1 0 1653438830
WALL 2230066 1 0 1653438831
WALL 2230066 1 0 1653438832
WALL 2230066 1 0 1653438833
WALL 2230066 1 0 1653438834
WALL 2230066 1 0 1653438835
WALL 2230066 1 0 1653438836
WALL 2230066 1 0 1653438837
WALL 2230066 1 0 1653438838
WALL 2230066 1 0 1653438839
WALL 2230066 1 0 1653438840
WALL 2230066 1 0 1653438841
WALL 2230066 1 0 1653438842
WALL 2230066 1 0 1653438843
WALL 2230066 1 0 1653438844
WALL 2230066 1 0 1653438845
WALL 2230066 1 0 1653438846
WALL 2230066 1 0 1653438847
WALL 2230066 1 0 1653438848
srun: Job step aborted: Waiting up to 32 seconds for job step to finish.
slurmstepd: error: *** JOB 2230066 ON nid001516 CANCELLED AT 2022-05-25T00:34:08 DUE TO PREEMPTION ***
received SIGTERM 1653438848
WALL 2230066 1 0 1653438848
received SIGCONT 1653438848
WALL 2230066 1 0 1653438848
received SIGTERM 1653438848
WALL 2230066 1 0 1653438848
