srun: Warning: can't run 1 processes on 4 nodes, setting nnodes to 1
WALL 2230165 1 0 1653439452
WALL 2230165 1 0 1653439453
WALL 2230165 1 0 1653439454
WALL 2230165 1 0 1653439455
WALL 2230165 1 0 1653439456
WALL 2230165 1 0 1653439457
WALL 2230165 1 0 1653439458
WALL 2230165 1 0 1653439459
WALL 2230165 1 0 1653439460
WALL 2230165 1 0 1653439461
WALL 2230165 1 0 1653439462
WALL 2230165 1 0 1653439463
WALL 2230165 1 0 1653439464
WALL 2230165 1 0 1653439465
WALL 2230165 1 0 1653439466
WALL 2230165 1 0 1653439467
WALL 2230165 1 0 1653439468
WALL 2230165 1 0 1653439469
WALL 2230165 1 0 1653439470
srun: Job step aborted: Waiting up to 32 seconds for job step to finish.
received SIGCONT 1653439471
WALL 2230165 1 0 1653439471
slurmstepd: error: *** STEP 2230165.0 ON nid001512 CANCELLED AT 2022-05-25T00:44:31 ***
received SIGTERM 1653439471
WALL 2230165 1 0 1653439471
slurmstepd: error: *** JOB 2230165 ON nid001512 CANCELLED AT 2022-05-25T00:44:31 ***
