srun: Warning: can't run 1 processes on 4 nodes, setting nnodes to 1
WALL 2230199 1 0 1653440006
WALL 2230199 1 0 1653440007
WALL 2230199 1 0 1653440008
WALL 2230199 1 0 1653440009
WALL 2230199 1 0 1653440010
WALL 2230199 1 0 1653440011
WALL 2230199 1 0 1653440012
WALL 2230199 1 0 1653440013
WALL 2230199 1 0 1653440014
WALL 2230199 1 0 1653440015
WALL 2230199 1 0 1653440016
WALL 2230199 1 0 1653440017
WALL 2230199 1 0 1653440018
WALL 2230199 1 0 1653440019
WALL 2230199 1 0 1653440020
WALL 2230199 1 0 1653440021
WALL 2230199 1 0 1653440022
WALL 2230199 1 0 1653440023
WALL 2230199 1 0 1653440024
WALL 2230199 1 0 1653440025
WALL 2230199 1 0 1653440026
WALL 2230199 1 0 1653440027
WALL 2230199 1 0 1653440028
WALL 2230199 1 0 1653440029
WALL 2230199 1 0 1653440030
WALL 2230199 1 0 1653440031
WALL 2230199 1 0 1653440032
WALL 2230199 1 0 1653440033
WALL 2230199 1 0 1653440034
WALL 2230199 1 0 1653440035
WALL 2230199 1 0 1653440036
WALL 2230199 1 0 1653440037
WALL 2230199 1 0 1653440038
WALL 2230199 1 0 1653440039
WALL 2230199 1 0 1653440040
WALL 2230199 1 0 1653440041
WALL 2230199 1 0 1653440042
WALL 2230199 1 0 1653440043
WALL 2230199 1 0 1653440044
WALL 2230199 1 0 1653440045
slurmstepd: error: *** STEP 2230199.0 ON nid001512 CANCELLED AT 2022-05-25T00:54:05 ***
received SIGTERM 1653440045
WALL 2230199 1 0 1653440045
received SIGCONT 1653440045
WALL 2230199 1 0 1653440045
WALL 2230199 1 0 1653440046
WALL 2230199 1 0 1653440047
WALL 2230199 1 0 1653440048
WALL 2230199 1 0 1653440049
WALL 2230199 1 0 1653440050
WALL 2230199 1 0 1653440051
WALL 2230199 1 0 1653440052
WALL 2230199 1 0 1653440053
WALL 2230199 1 0 1653440054
WALL 2230199 1 0 1653440055
WALL 2230199 1 0 1653440056
WALL 2230199 1 0 1653440057
WALL 2230199 1 0 1653440058
WALL 2230199 1 0 1653440059
WALL 2230199 1 0 1653440060
WALL 2230199 1 0 1653440061
WALL 2230199 1 0 1653440062
WALL 2230199 1 0 1653440063
WALL 2230199 1 0 1653440064
WALL 2230199 1 0 1653440065
WALL 2230199 1 0 1653440066
WALL 2230199 1 0 1653440067
WALL 2230199 1 0 1653440068
WALL 2230199 1 0 1653440069
WALL 2230199 1 0 1653440070
WALL 2230199 1 0 1653440071
WALL 2230199 1 0 1653440072
WALL 2230199 1 0 1653440073
WALL 2230199 1 0 1653440074
WALL 2230199 1 0 1653440075
WALL 2230199 1 0 1653440076
WALL 2230199 1 0 1653440077
WALL 2230199 1 0 1653440078
WALL 2230199 1 0 1653440079
WALL 2230199 1 0 1653440080
WALL 2230199 1 0 1653440081
WALL 2230199 1 0 1653440082
WALL 2230199 1 0 1653440083
WALL 2230199 1 0 1653440084
WALL 2230199 1 0 1653440085
WALL 2230199 1 0 1653440086
WALL 2230199 1 0 1653440087
WALL 2230199 1 0 1653440088
WALL 2230199 1 0 1653440089
WALL 2230199 1 0 1653440090
WALL 2230199 1 0 1653440091
WALL 2230199 1 0 1653440092
WALL 2230199 1 0 1653440093
WALL 2230199 1 0 1653440094
WALL 2230199 1 0 1653440095
WALL 2230199 1 0 1653440096
WALL 2230199 1 0 1653440097
WALL 2230199 1 0 1653440098
WALL 2230199 1 0 1653440099
WALL 2230199 1 0 1653440100
WALL 2230199 1 0 1653440101
WALL 2230199 1 0 1653440102
WALL 2230199 1 0 1653440103
WALL 2230199 1 0 1653440104
WALL 2230199 1 0 1653440106
WALL 2230199 1 0 1653440107
WALL 2230199 1 0 1653440108
WALL 2230199 1 0 1653440109
WALL 2230199 1 0 1653440110
WALL 2230199 1 0 1653440111
WALL 2230199 1 0 1653440112
WALL 2230199 1 0 1653440113
WALL 2230199 1 0 1653440114
WALL 2230199 1 0 1653440115
WALL 2230199 1 0 1653440116
WALL 2230199 1 0 1653440117
WALL 2230199 1 0 1653440118
WALL 2230199 1 0 1653440119
WALL 2230199 1 0 1653440120
WALL 2230199 1 0 1653440121
WALL 2230199 1 0 1653440122
WALL 2230199 1 0 1653440123
slurmstepd: error: *** JOB 2230199 ON nid001512 CANCELLED AT 2022-05-25T00:55:23 DUE TO PREEMPTION ***
srun: Job step aborted: Waiting up to 32 seconds for job step to finish.
received SIGTERM 1653440123
WALL 2230199 1 0 1653440123
received SIGCONT 1653440123
WALL 2230199 1 0 1653440123
received SIGTERM 1653440123
WALL 2230199 1 0 1653440123
