WALL 2229985 1 0 1653436378
WALL 2229985 1 0 1653436379
WALL 2229985 1 0 1653436380
WALL 2229985 1 0 1653436381
WALL 2229985 1 0 1653436382
WALL 2229985 1 0 1653436383
WALL 2229985 1 0 1653436384
WALL 2229985 1 0 1653436385
WALL 2229985 1 0 1653436386
WALL 2229985 1 0 1653436387
WALL 2229985 1 0 1653436388
WALL 2229985 1 0 1653436389
WALL 2229985 1 0 1653436390
WALL 2229985 1 0 1653436391
WALL 2229985 1 0 1653436392
WALL 2229985 1 0 1653436393
WALL 2229985 1 0 1653436394
WALL 2229985 1 0 1653436395
WALL 2229985 1 0 1653436396
WALL 2229985 1 0 1653436397
WALL 2229985 1 0 1653436398
WALL 2229985 1 0 1653436399
WALL 2229985 1 0 1653436400
WALL 2229985 1 0 1653436401
WALL 2229985 1 0 1653436402
WALL 2229985 1 0 1653436403
WALL 2229985 1 0 1653436404
WALL 2229985 1 0 1653436405
WALL 2229985 1 0 1653436406
WALL 2229985 1 0 1653436407
WALL 2229985 1 0 1653436408
WALL 2229985 1 0 1653436409
WALL 2229985 1 0 1653436410
WALL 2229985 1 0 1653436411
WALL 2229985 1 0 1653436412
WALL 2229985 1 0 1653436413
WALL 2229985 1 0 1653436414
WALL 2229985 1 0 1653436415
WALL 2229985 1 0 1653436416
WALL 2229985 1 0 1653436417
WALL 2229985 1 0 1653436418
WALL 2229985 1 0 1653436419
WALL 2229985 1 0 1653436420
WALL 2229985 1 0 1653436421
WALL 2229985 1 0 1653436422
WALL 2229985 1 0 1653436423
WALL 2229985 1 0 1653436424
WALL 2229985 1 0 1653436425
WALL 2229985 1 0 1653436426
WALL 2229985 1 0 1653436427
WALL 2229985 1 0 1653436428
WALL 2229985 1 0 1653436429
WALL 2229985 1 0 1653436430
WALL 2229985 1 0 1653436431
WALL 2229985 1 0 1653436432
WALL 2229985 1 0 1653436433
WALL 2229985 1 0 1653436434
WALL 2229985 1 0 1653436435
WALL 2229985 1 0 1653436436
WALL 2229985 1 0 1653436437
WALL 2229985 1 0 1653436438
WALL 2229985 1 0 1653436439
WALL 2229985 1 0 1653436440
WALL 2229985 1 0 1653436441
WALL 2229985 1 0 1653436442
WALL 2229985 1 0 1653436443
WALL 2229985 1 0 1653436444
WALL 2229985 1 0 1653436445
WALL 2229985 1 0 1653436446
WALL 2229985 1 0 1653436447
WALL 2229985 1 0 1653436448
WALL 2229985 1 0 1653436449
WALL 2229985 1 0 1653436450
WALL 2229985 1 0 1653436451
WALL 2229985 1 0 1653436452
WALL 2229985 1 0 1653436453
WALL 2229985 1 0 1653436454
WALL 2229985 1 0 1653436455
WALL 2229985 1 0 1653436456
WALL 2229985 1 0 1653436457
WALL 2229985 1 0 1653436458
WALL 2229985 1 0 1653436459
WALL 2229985 1 0 1653436460
WALL 2229985 1 0 1653436461
WALL 2229985 1 0 1653436462
WALL 2229985 1 0 1653436463
WALL 2229985 1 0 1653436464
WALL 2229985 1 0 1653436465
WALL 2229985 1 0 1653436466
WALL 2229985 1 0 1653436467
WALL 2229985 1 0 1653436468
WALL 2229985 1 0 1653436469
WALL 2229985 1 0 1653436470
WALL 2229985 1 0 1653436471
WALL 2229985 1 0 1653436472
WALL 2229985 1 0 1653436473
WALL 2229985 1 0 1653436474
WALL 2229985 1 0 1653436475
WALL 2229985 1 0 1653436476
WALL 2229985 1 0 1653436477
WALL 2229985 1 0 1653436478
WALL 2229985 1 0 1653436479
WALL 2229985 1 0 1653436480
slurmstepd: error: *** STEP 2229985.0 ON nid001516 CANCELLED AT 2022-05-24T23:54:41 ***
received SIGCONT 1653436481
WALL 2229985 1 0 1653436481
received SIGTERM 1653436481
WALL 2229985 1 0 1653436481
WALL 2229985 1 0 1653436482
WALL 2229985 1 0 1653436483
WALL 2229985 1 0 1653436484
WALL 2229985 1 0 1653436485
WALL 2229985 1 0 1653436486
WALL 2229985 1 0 1653436487
WALL 2229985 1 0 1653436488
WALL 2229985 1 0 1653436489
WALL 2229985 1 0 1653436490
WALL 2229985 1 0 1653436491
WALL 2229985 1 0 1653436492
WALL 2229985 1 0 1653436493
WALL 2229985 1 0 1653436494
WALL 2229985 1 0 1653436495
WALL 2229985 1 0 1653436496
WALL 2229985 1 0 1653436497
WALL 2229985 1 0 1653436498
WALL 2229985 1 0 1653436499
WALL 2229985 1 0 1653436500
WALL 2229985 1 0 1653436501
WALL 2229985 1 0 1653436502
WALL 2229985 1 0 1653436503
WALL 2229985 1 0 1653436504
WALL 2229985 1 0 1653436505
WALL 2229985 1 0 1653436506
WALL 2229985 1 0 1653436507
WALL 2229985 1 0 1653436508
WALL 2229985 1 0 1653436509
WALL 2229985 1 0 1653436510
WALL 2229985 1 0 1653436511
WALL 2229985 1 0 1653436512
WALL 2229985 1 0 1653436513
WALL 2229985 1 0 1653436514
WALL 2229985 1 0 1653436515
WALL 2229985 1 0 1653436516
WALL 2229985 1 0 1653436517
WALL 2229985 1 0 1653436518
WALL 2229985 1 0 1653436519
WALL 2229985 1 0 1653436520
WALL 2229985 1 0 1653436521
WALL 2229985 1 0 1653436522
WALL 2229985 1 0 1653436523
WALL 2229985 1 0 1653436524
WALL 2229985 1 0 1653436525
WALL 2229985 1 0 1653436526
WALL 2229985 1 0 1653436527
WALL 2229985 1 0 1653436528
WALL 2229985 1 0 1653436529
WALL 2229985 1 0 1653436530
WALL 2229985 1 0 1653436531
WALL 2229985 1 0 1653436532
WALL 2229985 1 0 1653436533
WALL 2229985 1 0 1653436534
WALL 2229985 1 0 1653436535
WALL 2229985 1 0 1653436536
WALL 2229985 1 0 1653436537
WALL 2229985 1 0 1653436538
WALL 2229985 1 0 1653436539
WALL 2229985 1 0 1653436540
WALL 2229985 1 0 1653436541
WALL 2229985 1 0 1653436542
WALL 2229985 1 0 1653436543
WALL 2229985 1 0 1653436544
WALL 2229985 1 0 1653436545
WALL 2229985 1 0 1653436546
WALL 2229985 1 0 1653436547
WALL 2229985 1 0 1653436548
WALL 2229985 1 0 1653436549
WALL 2229985 1 0 1653436550
WALL 2229985 1 0 1653436551
WALL 2229985 1 0 1653436552
WALL 2229985 1 0 1653436553
WALL 2229985 1 0 1653436554
WALL 2229985 1 0 1653436555
WALL 2229985 1 0 1653436556
WALL 2229985 1 0 1653436557
WALL 2229985 1 0 1653436558
WALL 2229985 1 0 1653436559
WALL 2229985 1 0 1653436560
WALL 2229985 1 0 1653436561
WALL 2229985 1 0 1653436562
WALL 2229985 1 0 1653436563
WALL 2229985 1 0 1653436564
WALL 2229985 1 0 1653436565
WALL 2229985 1 0 1653436566
WALL 2229985 1 0 1653436567
WALL 2229985 1 0 1653436568
WALL 2229985 1 0 1653436569
WALL 2229985 1 0 1653436570
WALL 2229985 1 0 1653436571
WALL 2229985 1 0 1653436572
WALL 2229985 1 0 1653436573
WALL 2229985 1 0 1653436574
WALL 2229985 1 0 1653436575
WALL 2229985 1 0 1653436576
WALL 2229985 1 0 1653436577
WALL 2229985 1 0 1653436578
WALL 2229985 1 0 1653436579
WALL 2229985 1 0 1653436580
WALL 2229985 1 0 1653436581
WALL 2229985 1 0 1653436582
WALL 2229985 1 0 1653436583
WALL 2229985 1 0 1653436584
WALL 2229985 1 0 1653436585
WALL 2229985 1 0 1653436586
WALL 2229985 1 0 1653436587
WALL 2229985 1 0 1653436588
WALL 2229985 1 0 1653436589
WALL 2229985 1 0 1653436590
WALL 2229985 1 0 1653436591
WALL 2229985 1 0 1653436592
WALL 2229985 1 0 1653436593
WALL 2229985 1 0 1653436594
WALL 2229985 1 0 1653436595
WALL 2229985 1 0 1653436596
WALL 2229985 1 0 1653436597
WALL 2229985 1 0 1653436598
WALL 2229985 1 0 1653436599
WALL 2229985 1 0 1653436600
WALL 2229985 1 0 1653436601
WALL 2229985 1 0 1653436602
WALL 2229985 1 0 1653436603
WALL 2229985 1 0 1653436604
WALL 2229985 1 0 1653436605
WALL 2229985 1 0 1653436606
WALL 2229985 1 0 1653436607
WALL 2229985 1 0 1653436608
WALL 2229985 1 0 1653436609
WALL 2229985 1 0 1653436610
WALL 2229985 1 0 1653436611
WALL 2229985 1 0 1653436612
WALL 2229985 1 0 1653436613
WALL 2229985 1 0 1653436614
WALL 2229985 1 0 1653436615
WALL 2229985 1 0 1653436616
WALL 2229985 1 0 1653436617
WALL 2229985 1 0 1653436618
WALL 2229985 1 0 1653436619
WALL 2229985 1 0 1653436620
WALL 2229985 1 0 1653436621
WALL 2229985 1 0 1653436622
WALL 2229985 1 0 1653436623
WALL 2229985 1 0 1653436624
WALL 2229985 1 0 1653436625
WALL 2229985 1 0 1653436626
WALL 2229985 1 0 1653436627
WALL 2229985 1 0 1653436628
WALL 2229985 1 0 1653436629
WALL 2229985 1 0 1653436630
WALL 2229985 1 0 1653436631
WALL 2229985 1 0 1653436632
WALL 2229985 1 0 1653436633
WALL 2229985 1 0 1653436634
WALL 2229985 1 0 1653436635
WALL 2229985 1 0 1653436636
WALL 2229985 1 0 1653436637
WALL 2229985 1 0 1653436638
WALL 2229985 1 0 1653436639
WALL 2229985 1 0 1653436640
WALL 2229985 1 0 1653436641
WALL 2229985 1 0 1653436642
WALL 2229985 1 0 1653436643
WALL 2229985 1 0 1653436644
WALL 2229985 1 0 1653436645
WALL 2229985 1 0 1653436646
WALL 2229985 1 0 1653436647
WALL 2229985 1 0 1653436648
WALL 2229985 1 0 1653436649
WALL 2229985 1 0 1653436650
WALL 2229985 1 0 1653436651
WALL 2229985 1 0 1653436652
WALL 2229985 1 0 1653436653
WALL 2229985 1 0 1653436654
WALL 2229985 1 0 1653436655
WALL 2229985 1 0 1653436656
WALL 2229985 1 0 1653436657
WALL 2229985 1 0 1653436658
WALL 2229985 1 0 1653436659
WALL 2229985 1 0 1653436660
WALL 2229985 1 0 1653436661
WALL 2229985 1 0 1653436662
WALL 2229985 1 0 1653436663
WALL 2229985 1 0 1653436664
WALL 2229985 1 0 1653436665
WALL 2229985 1 0 1653436666
WALL 2229985 1 0 1653436667
WALL 2229985 1 0 1653436668
WALL 2229985 1 0 1653436669
WALL 2229985 1 0 1653436670
WALL 2229985 1 0 1653436671
WALL 2229985 1 0 1653436672
WALL 2229985 1 0 1653436673
WALL 2229985 1 0 1653436674
WALL 2229985 1 0 1653436675
WALL 2229985 1 0 1653436676
WALL 2229985 1 0 1653436677
WALL 2229985 1 0 1653436678
WALL 2229985 1 0 1653436679
WALL 2229985 1 0 1653436680
WALL 2229985 1 0 1653436681
WALL 2229985 1 0 1653436682
WALL 2229985 1 0 1653436683
WALL 2229985 1 0 1653436684
WALL 2229985 1 0 1653436685
WALL 2229985 1 0 1653436686
WALL 2229985 1 0 1653436687
WALL 2229985 1 0 1653436688
WALL 2229985 1 0 1653436689
WALL 2229985 1 0 1653436690
WALL 2229985 1 0 1653436691
WALL 2229985 1 0 1653436692
WALL 2229985 1 0 1653436693
WALL 2229985 1 0 1653436694
WALL 2229985 1 0 1653436695
WALL 2229985 1 0 1653436696
WALL 2229985 1 0 1653436697
WALL 2229985 1 0 1653436698
WALL 2229985 1 0 1653436699
WALL 2229985 1 0 1653436700
WALL 2229985 1 0 1653436701
WALL 2229985 1 0 1653436702
WALL 2229985 1 0 1653436703
WALL 2229985 1 0 1653436704
WALL 2229985 1 0 1653436705
WALL 2229985 1 0 1653436706
WALL 2229985 1 0 1653436707
WALL 2229985 1 0 1653436708
WALL 2229985 1 0 1653436709
WALL 2229985 1 0 1653436710
WALL 2229985 1 0 1653436711
WALL 2229985 1 0 1653436712
WALL 2229985 1 0 1653436713
WALL 2229985 1 0 1653436714
WALL 2229985 1 0 1653436715
WALL 2229985 1 0 1653436716
WALL 2229985 1 0 1653436717
WALL 2229985 1 0 1653436718
WALL 2229985 1 0 1653436719
WALL 2229985 1 0 1653436720
WALL 2229985 1 0 1653436721
WALL 2229985 1 0 1653436722
WALL 2229985 1 0 1653436723
WALL 2229985 1 0 1653436724
WALL 2229985 1 0 1653436725
WALL 2229985 1 0 1653436726
WALL 2229985 1 0 1653436727
WALL 2229985 1 0 1653436728
WALL 2229985 1 0 1653436729
WALL 2229985 1 0 1653436730
WALL 2229985 1 0 1653436731
WALL 2229985 1 0 1653436732
WALL 2229985 1 0 1653436733
WALL 2229985 1 0 1653436734
WALL 2229985 1 0 1653436735
WALL 2229985 1 0 1653436736
WALL 2229985 1 0 1653436737
WALL 2229985 1 0 1653436738
WALL 2229985 1 0 1653436739
WALL 2229985 1 0 1653436740
WALL 2229985 1 0 1653436741
WALL 2229985 1 0 1653436742
WALL 2229985 1 0 1653436743
WALL 2229985 1 0 1653436744
WALL 2229985 1 0 1653436745
WALL 2229985 1 0 1653436746
WALL 2229985 1 0 1653436747
WALL 2229985 1 0 1653436748
WALL 2229985 1 0 1653436749
WALL 2229985 1 0 1653436750
WALL 2229985 1 0 1653436751
WALL 2229985 1 0 1653436752
WALL 2229985 1 0 1653436753
WALL 2229985 1 0 1653436754
WALL 2229985 1 0 1653436755
WALL 2229985 1 0 1653436756
WALL 2229985 1 0 1653436757
WALL 2229985 1 0 1653436758
WALL 2229985 1 0 1653436759
WALL 2229985 1 0 1653436760
WALL 2229985 1 0 1653436761
WALL 2229985 1 0 1653436762
WALL 2229985 1 0 1653436763
WALL 2229985 1 0 1653436764
WALL 2229985 1 0 1653436765
WALL 2229985 1 0 1653436766
WALL 2229985 1 0 1653436767
WALL 2229985 1 0 1653436768
WALL 2229985 1 0 1653436769
WALL 2229985 1 0 1653436770
WALL 2229985 1 0 1653436771
WALL 2229985 1 0 1653436772
WALL 2229985 1 0 1653436773
WALL 2229985 1 0 1653436774
WALL 2229985 1 0 1653436775
WALL 2229985 1 0 1653436776
WALL 2229985 1 0 1653436777
WALL 2229985 1 0 1653436778
WALL 2229985 1 0 1653436779
WALL 2229985 1 0 1653436780
WALL 2229985 1 0 1653436781
WALL 2229985 1 0 1653436782
WALL 2229985 1 0 1653436783
WALL 2229985 1 0 1653436784
WALL 2229985 1 0 1653436785
WALL 2229985 1 0 1653436786
WALL 2229985 1 0 1653436787
WALL 2229985 1 0 1653436788
WALL 2229985 1 0 1653436789
WALL 2229985 1 0 1653436790
WALL 2229985 1 0 1653436791
WALL 2229985 1 0 1653436792
WALL 2229985 1 0 1653436793
WALL 2229985 1 0 1653436794
WALL 2229985 1 0 1653436795
WALL 2229985 1 0 1653436796
WALL 2229985 1 0 1653436797
WALL 2229985 1 0 1653436798
WALL 2229985 1 0 1653436799
WALL 2229985 1 0 1653436800
WALL 2229985 1 0 1653436801
WALL 2229985 1 0 1653436802
WALL 2229985 1 0 1653436803
WALL 2229985 1 0 1653436804
WALL 2229985 1 0 1653436805
WALL 2229985 1 0 1653436806
WALL 2229985 1 0 1653436807
WALL 2229985 1 0 1653436808
srun: Job step aborted: Waiting up to 32 seconds for job step to finish.
slurmstepd: error: *** JOB 2229985 ON nid001516 CANCELLED AT 2022-05-25T00:00:08 DUE TO PREEMPTION ***
received SIGTERM 1653436808
WALL 2229985 1 0 1653436808
received SIGCONT 1653436808
WALL 2229985 1 0 1653436808
received SIGTERM 1653436808
WALL 2229985 1 0 1653436808
