WALL 2229991 1 0 1653437496
WALL 2229991 1 0 1653437497
WALL 2229991 1 0 1653437498
WALL 2229991 1 0 1653437499
WALL 2229991 1 0 1653437500
WALL 2229991 1 0 1653437501
WALL 2229991 1 0 1653437502
WALL 2229991 1 0 1653437503
WALL 2229991 1 0 1653437504
WALL 2229991 1 0 1653437505
WALL 2229991 1 0 1653437506
WALL 2229991 1 0 1653437507
WALL 2229991 1 0 1653437508
WALL 2229991 1 0 1653437509
WALL 2229991 1 0 1653437510
WALL 2229991 1 0 1653437511
WALL 2229991 1 0 1653437512
WALL 2229991 1 0 1653437513
WALL 2229991 1 0 1653437514
WALL 2229991 1 0 1653437515
WALL 2229991 1 0 1653437516
WALL 2229991 1 0 1653437517
WALL 2229991 1 0 1653437518
WALL 2229991 1 0 1653437519
WALL 2229991 1 0 1653437520
WALL 2229991 1 0 1653437521
WALL 2229991 1 0 1653437522
WALL 2229991 1 0 1653437523
WALL 2229991 1 0 1653437524
WALL 2229991 1 0 1653437525
WALL 2229991 1 0 1653437526
WALL 2229991 1 0 1653437527
WALL 2229991 1 0 1653437528
WALL 2229991 1 0 1653437529
WALL 2229991 1 0 1653437530
WALL 2229991 1 0 1653437531
WALL 2229991 1 0 1653437532
WALL 2229991 1 0 1653437533
WALL 2229991 1 0 1653437534
WALL 2229991 1 0 1653437535
WALL 2229991 1 0 1653437536
WALL 2229991 1 0 1653437537
WALL 2229991 1 0 1653437538
WALL 2229991 1 0 1653437539
WALL 2229991 1 0 1653437540
WALL 2229991 1 0 1653437541
WALL 2229991 1 0 1653437542
WALL 2229991 1 0 1653437543
WALL 2229991 1 0 1653437544
WALL 2229991 1 0 1653437545
WALL 2229991 1 0 1653437546
WALL 2229991 1 0 1653437547
WALL 2229991 1 0 1653437548
WALL 2229991 1 0 1653437549
WALL 2229991 1 0 1653437550
WALL 2229991 1 0 1653437551
WALL 2229991 1 0 1653437552
WALL 2229991 1 0 1653437553
WALL 2229991 1 0 1653437554
WALL 2229991 1 0 1653437555
WALL 2229991 1 0 1653437556
WALL 2229991 1 0 1653437557
WALL 2229991 1 0 1653437558
WALL 2229991 1 0 1653437559
WALL 2229991 1 0 1653437560
WALL 2229991 1 0 1653437561
WALL 2229991 1 0 1653437562
WALL 2229991 1 0 1653437563
WALL 2229991 1 0 1653437564
WALL 2229991 1 0 1653437565
WALL 2229991 1 0 1653437566
WALL 2229991 1 0 1653437567
received SIGCONT 1653437567
WALL 2229991 1 0 1653437567
slurmstepd: error: *** STEP 2229991.0 ON nid001512 CANCELLED AT 2022-05-25T00:12:47 ***
received SIGTERM 1653437567
WALL 2229991 1 0 1653437567
WALL 2229991 1 0 1653437568
WALL 2229991 1 0 1653437569
WALL 2229991 1 0 1653437570
WALL 2229991 1 0 1653437571
WALL 2229991 1 0 1653437572
WALL 2229991 1 0 1653437573
WALL 2229991 1 0 1653437574
WALL 2229991 1 0 1653437575
WALL 2229991 1 0 1653437576
WALL 2229991 1 0 1653437577
WALL 2229991 1 0 1653437578
WALL 2229991 1 0 1653437579
WALL 2229991 1 0 1653437580
WALL 2229991 1 0 1653437581
WALL 2229991 1 0 1653437582
WALL 2229991 1 0 1653437583
WALL 2229991 1 0 1653437584
WALL 2229991 1 0 1653437585
WALL 2229991 1 0 1653437586
WALL 2229991 1 0 1653437587
WALL 2229991 1 0 1653437588
WALL 2229991 1 0 1653437589
WALL 2229991 1 0 1653437590
WALL 2229991 1 0 1653437591
WALL 2229991 1 0 1653437592
WALL 2229991 1 0 1653437593
WALL 2229991 1 0 1653437594
WALL 2229991 1 0 1653437595
WALL 2229991 1 0 1653437596
WALL 2229991 1 0 1653437597
WALL 2229991 1 0 1653437598
WALL 2229991 1 0 1653437599
WALL 2229991 1 0 1653437600
WALL 2229991 1 0 1653437601
WALL 2229991 1 0 1653437602
WALL 2229991 1 0 1653437603
WALL 2229991 1 0 1653437604
WALL 2229991 1 0 1653437605
WALL 2229991 1 0 1653437606
WALL 2229991 1 0 1653437607
WALL 2229991 1 0 1653437608
WALL 2229991 1 0 1653437609
WALL 2229991 1 0 1653437610
WALL 2229991 1 0 1653437611
WALL 2229991 1 0 1653437612
WALL 2229991 1 0 1653437613
WALL 2229991 1 0 1653437614
WALL 2229991 1 0 1653437615
WALL 2229991 1 0 1653437616
WALL 2229991 1 0 1653437617
WALL 2229991 1 0 1653437618
WALL 2229991 1 0 1653437619
WALL 2229991 1 0 1653437620
WALL 2229991 1 0 1653437621
WALL 2229991 1 0 1653437622
WALL 2229991 1 0 1653437623
WALL 2229991 1 0 1653437624
WALL 2229991 1 0 1653437625
WALL 2229991 1 0 1653437626
WALL 2229991 1 0 1653437627
WALL 2229991 1 0 1653437628
WALL 2229991 1 0 1653437629
WALL 2229991 1 0 1653437630
WALL 2229991 1 0 1653437631
WALL 2229991 1 0 1653437632
WALL 2229991 1 0 1653437633
WALL 2229991 1 0 1653437634
WALL 2229991 1 0 1653437635
WALL 2229991 1 0 1653437636
WALL 2229991 1 0 1653437637
WALL 2229991 1 0 1653437638
WALL 2229991 1 0 1653437639
WALL 2229991 1 0 1653437640
WALL 2229991 1 0 1653437641
WALL 2229991 1 0 1653437642
WALL 2229991 1 0 1653437643
WALL 2229991 1 0 1653437644
WALL 2229991 1 0 1653437645
WALL 2229991 1 0 1653437646
WALL 2229991 1 0 1653437647
WALL 2229991 1 0 1653437648
WALL 2229991 1 0 1653437649
WALL 2229991 1 0 1653437650
WALL 2229991 1 0 1653437651
WALL 2229991 1 0 1653437652
WALL 2229991 1 0 1653437653
WALL 2229991 1 0 1653437654
WALL 2229991 1 0 1653437655
WALL 2229991 1 0 1653437656
WALL 2229991 1 0 1653437657
WALL 2229991 1 0 1653437658
WALL 2229991 1 0 1653437659
WALL 2229991 1 0 1653437660
WALL 2229991 1 0 1653437661
WALL 2229991 1 0 1653437662
WALL 2229991 1 0 1653437663
WALL 2229991 1 0 1653437664
WALL 2229991 1 0 1653437665
WALL 2229991 1 0 1653437666
WALL 2229991 1 0 1653437667
WALL 2229991 1 0 1653437668
WALL 2229991 1 0 1653437669
WALL 2229991 1 0 1653437670
WALL 2229991 1 0 1653437671
WALL 2229991 1 0 1653437672
WALL 2229991 1 0 1653437673
WALL 2229991 1 0 1653437674
WALL 2229991 1 0 1653437675
WALL 2229991 1 0 1653437676
WALL 2229991 1 0 1653437677
WALL 2229991 1 0 1653437678
WALL 2229991 1 0 1653437679
WALL 2229991 1 0 1653437680
WALL 2229991 1 0 1653437681
WALL 2229991 1 0 1653437682
WALL 2229991 1 0 1653437683
WALL 2229991 1 0 1653437684
WALL 2229991 1 0 1653437685
WALL 2229991 1 0 1653437686
WALL 2229991 1 0 1653437687
WALL 2229991 1 0 1653437688
WALL 2229991 1 0 1653437689
WALL 2229991 1 0 1653437690
WALL 2229991 1 0 1653437691
WALL 2229991 1 0 1653437692
WALL 2229991 1 0 1653437693
WALL 2229991 1 0 1653437694
WALL 2229991 1 0 1653437695
WALL 2229991 1 0 1653437696
WALL 2229991 1 0 1653437697
WALL 2229991 1 0 1653437698
WALL 2229991 1 0 1653437699
WALL 2229991 1 0 1653437700
WALL 2229991 1 0 1653437701
WALL 2229991 1 0 1653437702
WALL 2229991 1 0 1653437703
WALL 2229991 1 0 1653437704
WALL 2229991 1 0 1653437705
WALL 2229991 1 0 1653437706
WALL 2229991 1 0 1653437707
WALL 2229991 1 0 1653437708
WALL 2229991 1 0 1653437709
WALL 2229991 1 0 1653437710
WALL 2229991 1 0 1653437711
WALL 2229991 1 0 1653437712
WALL 2229991 1 0 1653437713
WALL 2229991 1 0 1653437714
WALL 2229991 1 0 1653437715
WALL 2229991 1 0 1653437716
WALL 2229991 1 0 1653437717
WALL 2229991 1 0 1653437718
WALL 2229991 1 0 1653437719
WALL 2229991 1 0 1653437720
WALL 2229991 1 0 1653437721
WALL 2229991 1 0 1653437722
WALL 2229991 1 0 1653437723
WALL 2229991 1 0 1653437724
WALL 2229991 1 0 1653437725
WALL 2229991 1 0 1653437726
WALL 2229991 1 0 1653437727
WALL 2229991 1 0 1653437728
WALL 2229991 1 0 1653437729
WALL 2229991 1 0 1653437730
WALL 2229991 1 0 1653437731
WALL 2229991 1 0 1653437732
WALL 2229991 1 0 1653437733
WALL 2229991 1 0 1653437734
WALL 2229991 1 0 1653437735
WALL 2229991 1 0 1653437736
WALL 2229991 1 0 1653437737
WALL 2229991 1 0 1653437738
WALL 2229991 1 0 1653437739
WALL 2229991 1 0 1653437740
WALL 2229991 1 0 1653437741
WALL 2229991 1 0 1653437742
WALL 2229991 1 0 1653437743
WALL 2229991 1 0 1653437744
WALL 2229991 1 0 1653437745
WALL 2229991 1 0 1653437746
WALL 2229991 1 0 1653437747
WALL 2229991 1 0 1653437748
WALL 2229991 1 0 1653437749
WALL 2229991 1 0 1653437750
WALL 2229991 1 0 1653437751
WALL 2229991 1 0 1653437752
WALL 2229991 1 0 1653437753
WALL 2229991 1 0 1653437754
WALL 2229991 1 0 1653437755
WALL 2229991 1 0 1653437756
WALL 2229991 1 0 1653437757
WALL 2229991 1 0 1653437758
WALL 2229991 1 0 1653437759
WALL 2229991 1 0 1653437760
WALL 2229991 1 0 1653437761
WALL 2229991 1 0 1653437762
WALL 2229991 1 0 1653437763
WALL 2229991 1 0 1653437764
WALL 2229991 1 0 1653437765
WALL 2229991 1 0 1653437766
WALL 2229991 1 0 1653437767
WALL 2229991 1 0 1653437768
WALL 2229991 1 0 1653437769
WALL 2229991 1 0 1653437770
WALL 2229991 1 0 1653437771
WALL 2229991 1 0 1653437772
WALL 2229991 1 0 1653437773
WALL 2229991 1 0 1653437774
WALL 2229991 1 0 1653437775
WALL 2229991 1 0 1653437776
WALL 2229991 1 0 1653437777
WALL 2229991 1 0 1653437778
WALL 2229991 1 0 1653437779
WALL 2229991 1 0 1653437780
WALL 2229991 1 0 1653437781
WALL 2229991 1 0 1653437782
WALL 2229991 1 0 1653437783
WALL 2229991 1 0 1653437784
WALL 2229991 1 0 1653437785
WALL 2229991 1 0 1653437786
WALL 2229991 1 0 1653437787
WALL 2229991 1 0 1653437788
WALL 2229991 1 0 1653437789
WALL 2229991 1 0 1653437790
WALL 2229991 1 0 1653437791
WALL 2229991 1 0 1653437792
WALL 2229991 1 0 1653437793
WALL 2229991 1 0 1653437794
WALL 2229991 1 0 1653437795
WALL 2229991 1 0 1653437796
WALL 2229991 1 0 1653437797
WALL 2229991 1 0 1653437798
WALL 2229991 1 0 1653437799
WALL 2229991 1 0 1653437800
WALL 2229991 1 0 1653437801
WALL 2229991 1 0 1653437802
WALL 2229991 1 0 1653437803
WALL 2229991 1 0 1653437804
WALL 2229991 1 0 1653437805
WALL 2229991 1 0 1653437806
WALL 2229991 1 0 1653437807
WALL 2229991 1 0 1653437808
WALL 2229991 1 0 1653437809
WALL 2229991 1 0 1653437810
WALL 2229991 1 0 1653437811
WALL 2229991 1 0 1653437812
WALL 2229991 1 0 1653437813
WALL 2229991 1 0 1653437814
WALL 2229991 1 0 1653437815
WALL 2229991 1 0 1653437816
WALL 2229991 1 0 1653437817
WALL 2229991 1 0 1653437818
WALL 2229991 1 0 1653437819
WALL 2229991 1 0 1653437820
WALL 2229991 1 0 1653437821
WALL 2229991 1 0 1653437822
WALL 2229991 1 0 1653437823
WALL 2229991 1 0 1653437824
WALL 2229991 1 0 1653437825
WALL 2229991 1 0 1653437826
WALL 2229991 1 0 1653437827
WALL 2229991 1 0 1653437828
WALL 2229991 1 0 1653437829
WALL 2229991 1 0 1653437830
WALL 2229991 1 0 1653437831
WALL 2229991 1 0 1653437832
WALL 2229991 1 0 1653437833
WALL 2229991 1 0 1653437834
WALL 2229991 1 0 1653437835
WALL 2229991 1 0 1653437836
WALL 2229991 1 0 1653437837
WALL 2229991 1 0 1653437838
WALL 2229991 1 0 1653437839
WALL 2229991 1 0 1653437840
WALL 2229991 1 0 1653437841
WALL 2229991 1 0 1653437842
WALL 2229991 1 0 1653437843
WALL 2229991 1 0 1653437844
WALL 2229991 1 0 1653437845
WALL 2229991 1 0 1653437846
WALL 2229991 1 0 1653437847
WALL 2229991 1 0 1653437848
WALL 2229991 1 0 1653437849
WALL 2229991 1 0 1653437850
WALL 2229991 1 0 1653437851
WALL 2229991 1 0 1653437852
WALL 2229991 1 0 1653437853
WALL 2229991 1 0 1653437854
WALL 2229991 1 0 1653437855
WALL 2229991 1 0 1653437856
WALL 2229991 1 0 1653437857
WALL 2229991 1 0 1653437858
WALL 2229991 1 0 1653437859
WALL 2229991 1 0 1653437860
WALL 2229991 1 0 1653437861
WALL 2229991 1 0 1653437862
WALL 2229991 1 0 1653437863
WALL 2229991 1 0 1653437864
WALL 2229991 1 0 1653437865
WALL 2229991 1 0 1653437866
WALL 2229991 1 0 1653437867
WALL 2229991 1 0 1653437868
WALL 2229991 1 0 1653437869
WALL 2229991 1 0 1653437870
WALL 2229991 1 0 1653437871
WALL 2229991 1 0 1653437872
WALL 2229991 1 0 1653437873
WALL 2229991 1 0 1653437874
WALL 2229991 1 0 1653437875
WALL 2229991 1 0 1653437876
WALL 2229991 1 0 1653437877
WALL 2229991 1 0 1653437878
WALL 2229991 1 0 1653437879
slurmstepd: error: *** JOB 2229991 ON nid001512 CANCELLED AT 2022-05-25T00:18:00 DUE TO PREEMPTION ***
received SIGTERM 1653437880
WALL 2229991 1 0 1653437880
received SIGCONT 1653437880
WALL 2229991 1 0 1653437880
received SIGTERM 1653437880
WALL 2229991 1 0 1653437880
