WALL 2229998 1 0 1653437995
WALL 2229998 1 0 1653437996
WALL 2229998 1 0 1653437997
WALL 2229998 1 0 1653437998
WALL 2229998 1 0 1653437999
WALL 2229998 1 0 1653438000
WALL 2229998 1 0 1653438001
WALL 2229998 1 0 1653438002
WALL 2229998 1 0 1653438003
WALL 2229998 1 0 1653438004
WALL 2229998 1 0 1653438005
WALL 2229998 1 0 1653438006
WALL 2229998 1 0 1653438007
WALL 2229998 1 0 1653438008
WALL 2229998 1 0 1653438009
WALL 2229998 1 0 1653438010
WALL 2229998 1 0 1653438011
WALL 2229998 1 0 1653438012
WALL 2229998 1 0 1653438013
WALL 2229998 1 0 1653438014
WALL 2229998 1 0 1653438015
WALL 2229998 1 0 1653438016
WALL 2229998 1 0 1653438017
WALL 2229998 1 0 1653438018
WALL 2229998 1 0 1653438019
WALL 2229998 1 0 1653438020
WALL 2229998 1 0 1653438021
WALL 2229998 1 0 1653438022
WALL 2229998 1 0 1653438023
WALL 2229998 1 0 1653438024
WALL 2229998 1 0 1653438025
WALL 2229998 1 0 1653438026
WALL 2229998 1 0 1653438027
slurmstepd: error: *** STEP 2229998.0 ON nid001517 CANCELLED AT 2022-05-25T00:20:28 ***
received SIGCONT 1653438028
WALL 2229998 1 0 1653438028
received SIGTERM 1653438028
WALL 2229998 1 0 1653438028
WALL 2229998 1 0 1653438029
WALL 2229998 1 0 1653438030
WALL 2229998 1 0 1653438031
WALL 2229998 1 0 1653438032
WALL 2229998 1 0 1653438033
WALL 2229998 1 0 1653438034
WALL 2229998 1 0 1653438035
WALL 2229998 1 0 1653438036
WALL 2229998 1 0 1653438037
WALL 2229998 1 0 1653438038
WALL 2229998 1 0 1653438039
WALL 2229998 1 0 1653438040
WALL 2229998 1 0 1653438041
WALL 2229998 1 0 1653438042
WALL 2229998 1 0 1653438043
WALL 2229998 1 0 1653438044
WALL 2229998 1 0 1653438045
WALL 2229998 1 0 1653438046
WALL 2229998 1 0 1653438047
WALL 2229998 1 0 1653438048
WALL 2229998 1 0 1653438049
WALL 2229998 1 0 1653438050
WALL 2229998 1 0 1653438051
WALL 2229998 1 0 1653438052
WALL 2229998 1 0 1653438053
WALL 2229998 1 0 1653438054
WALL 2229998 1 0 1653438055
WALL 2229998 1 0 1653438056
WALL 2229998 1 0 1653438057
WALL 2229998 1 0 1653438058
WALL 2229998 1 0 1653438059
WALL 2229998 1 0 1653438060
WALL 2229998 1 0 1653438061
WALL 2229998 1 0 1653438062
WALL 2229998 1 0 1653438063
WALL 2229998 1 0 1653438064
WALL 2229998 1 0 1653438065
WALL 2229998 1 0 1653438066
WALL 2229998 1 0 1653438067
WALL 2229998 1 0 1653438068
WALL 2229998 1 0 1653438069
WALL 2229998 1 0 1653438070
WALL 2229998 1 0 1653438071
WALL 2229998 1 0 1653438072
WALL 2229998 1 0 1653438073
WALL 2229998 1 0 1653438074
WALL 2229998 1 0 1653438075
WALL 2229998 1 0 1653438076
WALL 2229998 1 0 1653438077
WALL 2229998 1 0 1653438078
WALL 2229998 1 0 1653438079
WALL 2229998 1 0 1653438080
WALL 2229998 1 0 1653438081
WALL 2229998 1 0 1653438082
WALL 2229998 1 0 1653438083
WALL 2229998 1 0 1653438084
WALL 2229998 1 0 1653438085
WALL 2229998 1 0 1653438086
WALL 2229998 1 0 1653438087
WALL 2229998 1 0 1653438088
WALL 2229998 1 0 1653438089
WALL 2229998 1 0 1653438090
WALL 2229998 1 0 1653438091
WALL 2229998 1 0 1653438092
WALL 2229998 1 0 1653438093
WALL 2229998 1 0 1653438094
WALL 2229998 1 0 1653438095
WALL 2229998 1 0 1653438096
WALL 2229998 1 0 1653438097
WALL 2229998 1 0 1653438098
WALL 2229998 1 0 1653438099
WALL 2229998 1 0 1653438100
WALL 2229998 1 0 1653438101
WALL 2229998 1 0 1653438102
WALL 2229998 1 0 1653438103
WALL 2229998 1 0 1653438104
WALL 2229998 1 0 1653438105
WALL 2229998 1 0 1653438106
WALL 2229998 1 0 1653438107
WALL 2229998 1 0 1653438108
WALL 2229998 1 0 1653438109
WALL 2229998 1 0 1653438110
WALL 2229998 1 0 1653438111
WALL 2229998 1 0 1653438112
WALL 2229998 1 0 1653438113
WALL 2229998 1 0 1653438114
WALL 2229998 1 0 1653438115
WALL 2229998 1 0 1653438116
WALL 2229998 1 0 1653438117
WALL 2229998 1 0 1653438118
WALL 2229998 1 0 1653438119
WALL 2229998 1 0 1653438120
WALL 2229998 1 0 1653438121
WALL 2229998 1 0 1653438122
WALL 2229998 1 0 1653438123
WALL 2229998 1 0 1653438124
WALL 2229998 1 0 1653438125
WALL 2229998 1 0 1653438126
WALL 2229998 1 0 1653438127
WALL 2229998 1 0 1653438128
WALL 2229998 1 0 1653438129
WALL 2229998 1 0 1653438130
WALL 2229998 1 0 1653438131
WALL 2229998 1 0 1653438132
WALL 2229998 1 0 1653438133
WALL 2229998 1 0 1653438134
WALL 2229998 1 0 1653438135
WALL 2229998 1 0 1653438136
WALL 2229998 1 0 1653438137
WALL 2229998 1 0 1653438138
WALL 2229998 1 0 1653438139
WALL 2229998 1 0 1653438140
WALL 2229998 1 0 1653438141
WALL 2229998 1 0 1653438142
WALL 2229998 1 0 1653438143
WALL 2229998 1 0 1653438144
WALL 2229998 1 0 1653438145
WALL 2229998 1 0 1653438146
WALL 2229998 1 0 1653438147
WALL 2229998 1 0 1653438148
WALL 2229998 1 0 1653438149
WALL 2229998 1 0 1653438150
WALL 2229998 1 0 1653438151
WALL 2229998 1 0 1653438152
WALL 2229998 1 0 1653438153
WALL 2229998 1 0 1653438154
WALL 2229998 1 0 1653438155
WALL 2229998 1 0 1653438156
WALL 2229998 1 0 1653438157
WALL 2229998 1 0 1653438158
WALL 2229998 1 0 1653438159
WALL 2229998 1 0 1653438160
WALL 2229998 1 0 1653438161
WALL 2229998 1 0 1653438162
WALL 2229998 1 0 1653438163
WALL 2229998 1 0 1653438164
WALL 2229998 1 0 1653438165
WALL 2229998 1 0 1653438166
WALL 2229998 1 0 1653438167
WALL 2229998 1 0 1653438168
WALL 2229998 1 0 1653438169
WALL 2229998 1 0 1653438170
WALL 2229998 1 0 1653438171
WALL 2229998 1 0 1653438172
WALL 2229998 1 0 1653438173
WALL 2229998 1 0 1653438174
WALL 2229998 1 0 1653438175
WALL 2229998 1 0 1653438176
WALL 2229998 1 0 1653438177
WALL 2229998 1 0 1653438178
WALL 2229998 1 0 1653438179
WALL 2229998 1 0 1653438180
WALL 2229998 1 0 1653438181
WALL 2229998 1 0 1653438182
WALL 2229998 1 0 1653438183
WALL 2229998 1 0 1653438184
WALL 2229998 1 0 1653438185
WALL 2229998 1 0 1653438186
WALL 2229998 1 0 1653438187
WALL 2229998 1 0 1653438188
WALL 2229998 1 0 1653438189
WALL 2229998 1 0 1653438190
WALL 2229998 1 0 1653438191
WALL 2229998 1 0 1653438192
WALL 2229998 1 0 1653438193
WALL 2229998 1 0 1653438194
WALL 2229998 1 0 1653438195
WALL 2229998 1 0 1653438196
WALL 2229998 1 0 1653438197
WALL 2229998 1 0 1653438198
WALL 2229998 1 0 1653438199
WALL 2229998 1 0 1653438200
WALL 2229998 1 0 1653438201
WALL 2229998 1 0 1653438202
WALL 2229998 1 0 1653438203
WALL 2229998 1 0 1653438204
WALL 2229998 1 0 1653438205
WALL 2229998 1 0 1653438206
WALL 2229998 1 0 1653438207
WALL 2229998 1 0 1653438208
WALL 2229998 1 0 1653438209
WALL 2229998 1 0 1653438210
WALL 2229998 1 0 1653438211
WALL 2229998 1 0 1653438212
WALL 2229998 1 0 1653438213
WALL 2229998 1 0 1653438214
WALL 2229998 1 0 1653438215
WALL 2229998 1 0 1653438216
WALL 2229998 1 0 1653438217
WALL 2229998 1 0 1653438218
WALL 2229998 1 0 1653438219
WALL 2229998 1 0 1653438220
WALL 2229998 1 0 1653438221
WALL 2229998 1 0 1653438222
WALL 2229998 1 0 1653438223
WALL 2229998 1 0 1653438224
WALL 2229998 1 0 1653438225
WALL 2229998 1 0 1653438226
WALL 2229998 1 0 1653438227
WALL 2229998 1 0 1653438228
WALL 2229998 1 0 1653438229
WALL 2229998 1 0 1653438230
WALL 2229998 1 0 1653438231
WALL 2229998 1 0 1653438232
WALL 2229998 1 0 1653438233
WALL 2229998 1 0 1653438234
WALL 2229998 1 0 1653438235
WALL 2229998 1 0 1653438236
WALL 2229998 1 0 1653438237
WALL 2229998 1 0 1653438238
WALL 2229998 1 0 1653438239
WALL 2229998 1 0 1653438240
WALL 2229998 1 0 1653438241
WALL 2229998 1 0 1653438242
WALL 2229998 1 0 1653438243
WALL 2229998 1 0 1653438244
WALL 2229998 1 0 1653438245
WALL 2229998 1 0 1653438246
WALL 2229998 1 0 1653438247
WALL 2229998 1 0 1653438248
WALL 2229998 1 0 1653438249
WALL 2229998 1 0 1653438250
WALL 2229998 1 0 1653438251
WALL 2229998 1 0 1653438252
WALL 2229998 1 0 1653438253
WALL 2229998 1 0 1653438254
WALL 2229998 1 0 1653438255
WALL 2229998 1 0 1653438256
WALL 2229998 1 0 1653438257
WALL 2229998 1 0 1653438258
WALL 2229998 1 0 1653438259
WALL 2229998 1 0 1653438260
WALL 2229998 1 0 1653438261
WALL 2229998 1 0 1653438262
WALL 2229998 1 0 1653438263
WALL 2229998 1 0 1653438264
WALL 2229998 1 0 1653438265
WALL 2229998 1 0 1653438266
WALL 2229998 1 0 1653438267
WALL 2229998 1 0 1653438268
WALL 2229998 1 0 1653438269
WALL 2229998 1 0 1653438270
WALL 2229998 1 0 1653438271
WALL 2229998 1 0 1653438272
WALL 2229998 1 0 1653438273
WALL 2229998 1 0 1653438274
WALL 2229998 1 0 1653438275
WALL 2229998 1 0 1653438276
WALL 2229998 1 0 1653438277
WALL 2229998 1 0 1653438278
WALL 2229998 1 0 1653438279
WALL 2229998 1 0 1653438280
WALL 2229998 1 0 1653438281
WALL 2229998 1 0 1653438282
WALL 2229998 1 0 1653438283
WALL 2229998 1 0 1653438284
WALL 2229998 1 0 1653438285
WALL 2229998 1 0 1653438286
WALL 2229998 1 0 1653438287
WALL 2229998 1 0 1653438288
WALL 2229998 1 0 1653438289
WALL 2229998 1 0 1653438290
WALL 2229998 1 0 1653438291
WALL 2229998 1 0 1653438292
WALL 2229998 1 0 1653438293
WALL 2229998 1 0 1653438294
WALL 2229998 1 0 1653438295
WALL 2229998 1 0 1653438296
WALL 2229998 1 0 1653438297
WALL 2229998 1 0 1653438298
WALL 2229998 1 0 1653438299
WALL 2229998 1 0 1653438300
WALL 2229998 1 0 1653438301
WALL 2229998 1 0 1653438302
WALL 2229998 1 0 1653438303
WALL 2229998 1 0 1653438304
WALL 2229998 1 0 1653438305
WALL 2229998 1 0 1653438306
WALL 2229998 1 0 1653438307
WALL 2229998 1 0 1653438308
WALL 2229998 1 0 1653438309
WALL 2229998 1 0 1653438310
WALL 2229998 1 0 1653438311
WALL 2229998 1 0 1653438312
WALL 2229998 1 0 1653438313
WALL 2229998 1 0 1653438314
WALL 2229998 1 0 1653438315
WALL 2229998 1 0 1653438316
WALL 2229998 1 0 1653438317
WALL 2229998 1 0 1653438318
WALL 2229998 1 0 1653438319
WALL 2229998 1 0 1653438320
WALL 2229998 1 0 1653438321
WALL 2229998 1 0 1653438322
WALL 2229998 1 0 1653438323
WALL 2229998 1 0 1653438324
WALL 2229998 1 0 1653438325
WALL 2229998 1 0 1653438326
WALL 2229998 1 0 1653438327
WALL 2229998 1 0 1653438328
WALL 2229998 1 0 1653438329
WALL 2229998 1 0 1653438330
WALL 2229998 1 0 1653438331
WALL 2229998 1 0 1653438332
WALL 2229998 1 0 1653438333
srun: Job step aborted: Waiting up to 32 seconds for job step to finish.
slurmstepd: error: *** JOB 2229998 ON nid001517 CANCELLED AT 2022-05-25T00:25:34 DUE TO PREEMPTION ***
received SIGTERM 1653438334
WALL 2229998 1 0 1653438334
received SIGCONT 1653438334
WALL 2229998 1 0 1653438334
received SIGTERM 1653438334
WALL 2229998 1 0 1653438334
