WALL 2230075 1 0 1653439221
WALL 2230075 1 0 1653439222
WALL 2230075 1 0 1653439223
WALL 2230075 1 0 1653439224
WALL 2230075 1 0 1653439225
WALL 2230075 1 0 1653439226
WALL 2230075 1 0 1653439227
WALL 2230075 1 0 1653439228
WALL 2230075 1 0 1653439229
WALL 2230075 1 0 1653439230
WALL 2230075 1 0 1653439231
WALL 2230075 1 0 1653439232
WALL 2230075 1 0 1653439233
WALL 2230075 1 0 1653439234
WALL 2230075 1 0 1653439235
WALL 2230075 1 0 1653439236
WALL 2230075 1 0 1653439237
WALL 2230075 1 0 1653439238
WALL 2230075 1 0 1653439239
WALL 2230075 1 0 1653439240
WALL 2230075 1 0 1653439241
WALL 2230075 1 0 1653439242
WALL 2230075 1 0 1653439243
slurmstepd: error: *** STEP 2230075.0 ON nid001513 CANCELLED AT 2022-05-25T00:40:44 ***
received SIGTERM 1653439244
WALL 2230075 1 0 1653439244
received SIGCONT 1653439244
WALL 2230075 1 0 1653439244
WALL 2230075 1 0 1653439245
WALL 2230075 1 0 1653439246
WALL 2230075 1 0 1653439247
WALL 2230075 1 0 1653439248
WALL 2230075 1 0 1653439249
WALL 2230075 1 0 1653439250
WALL 2230075 1 0 1653439251
WALL 2230075 1 0 1653439252
WALL 2230075 1 0 1653439253
WALL 2230075 1 0 1653439254
WALL 2230075 1 0 1653439255
WALL 2230075 1 0 1653439256
WALL 2230075 1 0 1653439257
WALL 2230075 1 0 1653439258
WALL 2230075 1 0 1653439259
WALL 2230075 1 0 1653439260
WALL 2230075 1 0 1653439261
WALL 2230075 1 0 1653439262
WALL 2230075 1 0 1653439263
WALL 2230075 1 0 1653439264
WALL 2230075 1 0 1653439265
WALL 2230075 1 0 1653439266
WALL 2230075 1 0 1653439267
WALL 2230075 1 0 1653439268
WALL 2230075 1 0 1653439269
WALL 2230075 1 0 1653439270
WALL 2230075 1 0 1653439271
WALL 2230075 1 0 1653439272
WALL 2230075 1 0 1653439273
WALL 2230075 1 0 1653439274
WALL 2230075 1 0 1653439275
WALL 2230075 1 0 1653439276
WALL 2230075 1 0 1653439277
WALL 2230075 1 0 1653439278
WALL 2230075 1 0 1653439279
WALL 2230075 1 0 1653439280
WALL 2230075 1 0 1653439281
WALL 2230075 1 0 1653439282
WALL 2230075 1 0 1653439283
WALL 2230075 1 0 1653439284
WALL 2230075 1 0 1653439285
WALL 2230075 1 0 1653439286
WALL 2230075 1 0 1653439287
WALL 2230075 1 0 1653439288
WALL 2230075 1 0 1653439289
WALL 2230075 1 0 1653439290
WALL 2230075 1 0 1653439291
WALL 2230075 1 0 1653439292
WALL 2230075 1 0 1653439293
WALL 2230075 1 0 1653439294
WALL 2230075 1 0 1653439295
WALL 2230075 1 0 1653439296
WALL 2230075 1 0 1653439297
WALL 2230075 1 0 1653439298
WALL 2230075 1 0 1653439299
WALL 2230075 1 0 1653439300
WALL 2230075 1 0 1653439301
WALL 2230075 1 0 1653439302
WALL 2230075 1 0 1653439303
WALL 2230075 1 0 1653439304
WALL 2230075 1 0 1653439305
WALL 2230075 1 0 1653439306
WALL 2230075 1 0 1653439307
WALL 2230075 1 0 1653439308
WALL 2230075 1 0 1653439309
WALL 2230075 1 0 1653439310
WALL 2230075 1 0 1653439311
WALL 2230075 1 0 1653439312
WALL 2230075 1 0 1653439313
WALL 2230075 1 0 1653439314
WALL 2230075 1 0 1653439315
WALL 2230075 1 0 1653439316
WALL 2230075 1 0 1653439317
WALL 2230075 1 0 1653439318
WALL 2230075 1 0 1653439319
WALL 2230075 1 0 1653439320
WALL 2230075 1 0 1653439321
WALL 2230075 1 0 1653439322
WALL 2230075 1 0 1653439323
WALL 2230075 1 0 1653439324
WALL 2230075 1 0 1653439325
WALL 2230075 1 0 1653439326
WALL 2230075 1 0 1653439327
WALL 2230075 1 0 1653439328
WALL 2230075 1 0 1653439329
WALL 2230075 1 0 1653439330
slurmstepd: error: *** JOB 2230075 ON nid001513 CANCELLED AT 2022-05-25T00:42:11 DUE TO PREEMPTION ***
received SIGTERM 1653439331
WALL 2230075 1 0 1653439331
received SIGCONT 1653439331
WALL 2230075 1 0 1653439331
received SIGTERM 1653439331
WALL 2230075 1 0 1653439331
