WALL 2230058 1 0 1653438494
WALL 2230058 1 0 1653438495
WALL 2230058 1 0 1653438496
WALL 2230058 1 0 1653438497
WALL 2230058 1 0 1653438498
WALL 2230058 1 0 1653438499
WALL 2230058 1 0 1653438500
WALL 2230058 1 0 1653438501
WALL 2230058 1 0 1653438502
WALL 2230058 1 0 1653438503
WALL 2230058 1 0 1653438504
WALL 2230058 1 0 1653438505
WALL 2230058 1 0 1653438506
WALL 2230058 1 0 1653438507
WALL 2230058 1 0 1653438508
WALL 2230058 1 0 1653438509
WALL 2230058 1 0 1653438510
WALL 2230058 1 0 1653438511
WALL 2230058 1 0 1653438512
WALL 2230058 1 0 1653438513
WALL 2230058 1 0 1653438514
WALL 2230058 1 0 1653438515
WALL 2230058 1 0 1653438516
WALL 2230058 1 0 1653438517
WALL 2230058 1 0 1653438518
WALL 2230058 1 0 1653438519
WALL 2230058 1 0 1653438520
WALL 2230058 1 0 1653438521
WALL 2230058 1 0 1653438522
WALL 2230058 1 0 1653438523
WALL 2230058 1 0 1653438524
WALL 2230058 1 0 1653438525
WALL 2230058 1 0 1653438526
WALL 2230058 1 0 1653438527
WALL 2230058 1 0 1653438528
WALL 2230058 1 0 1653438529
WALL 2230058 1 0 1653438530
WALL 2230058 1 0 1653438531
WALL 2230058 1 0 1653438532
WALL 2230058 1 0 1653438533
WALL 2230058 1 0 1653438534
WALL 2230058 1 0 1653438535
WALL 2230058 1 0 1653438536
WALL 2230058 1 0 1653438537
WALL 2230058 1 0 1653438538
WALL 2230058 1 0 1653438539
WALL 2230058 1 0 1653438540
WALL 2230058 1 0 1653438541
WALL 2230058 1 0 1653438542
WALL 2230058 1 0 1653438543
WALL 2230058 1 0 1653438544
WALL 2230058 1 0 1653438545
WALL 2230058 1 0 1653438546
WALL 2230058 1 0 1653438547
WALL 2230058 1 0 1653438548
WALL 2230058 1 0 1653438549
WALL 2230058 1 0 1653438550
WALL 2230058 1 0 1653438551
WALL 2230058 1 0 1653438552
WALL 2230058 1 0 1653438553
WALL 2230058 1 0 1653438554
WALL 2230058 1 0 1653438555
WALL 2230058 1 0 1653438556
WALL 2230058 1 0 1653438557
WALL 2230058 1 0 1653438558
slurmstepd: error: *** STEP 2230058.0 ON nid001512 CANCELLED AT 2022-05-25T00:29:19 ***
received SIGTERM 1653438559
WALL 2230058 1 0 1653438559
received SIGCONT 1653438559
WALL 2230058 1 0 1653438559
WALL 2230058 1 0 1653438560
WALL 2230058 1 0 1653438561
WALL 2230058 1 0 1653438562
WALL 2230058 1 0 1653438563
WALL 2230058 1 0 1653438564
WALL 2230058 1 0 1653438565
WALL 2230058 1 0 1653438566
WALL 2230058 1 0 1653438567
WALL 2230058 1 0 1653438568
WALL 2230058 1 0 1653438569
WALL 2230058 1 0 1653438570
WALL 2230058 1 0 1653438571
WALL 2230058 1 0 1653438572
WALL 2230058 1 0 1653438573
WALL 2230058 1 0 1653438574
WALL 2230058 1 0 1653438575
WALL 2230058 1 0 1653438576
WALL 2230058 1 0 1653438577
WALL 2230058 1 0 1653438578
WALL 2230058 1 0 1653438579
WALL 2230058 1 0 1653438580
WALL 2230058 1 0 1653438581
WALL 2230058 1 0 1653438582
WALL 2230058 1 0 1653438583
WALL 2230058 1 0 1653438584
WALL 2230058 1 0 1653438585
WALL 2230058 1 0 1653438586
WALL 2230058 1 0 1653438587
WALL 2230058 1 0 1653438588
WALL 2230058 1 0 1653438589
WALL 2230058 1 0 1653438590
WALL 2230058 1 0 1653438591
WALL 2230058 1 0 1653438592
WALL 2230058 1 0 1653438593
WALL 2230058 1 0 1653438594
WALL 2230058 1 0 1653438595
WALL 2230058 1 0 1653438596
WALL 2230058 1 0 1653438597
WALL 2230058 1 0 1653438598
WALL 2230058 1 0 1653438599
WALL 2230058 1 0 1653438600
WALL 2230058 1 0 1653438601
WALL 2230058 1 0 1653438602
WALL 2230058 1 0 1653438603
WALL 2230058 1 0 1653438604
WALL 2230058 1 0 1653438605
WALL 2230058 1 0 1653438606
WALL 2230058 1 0 1653438607
WALL 2230058 1 0 1653438608
WALL 2230058 1 0 1653438609
WALL 2230058 1 0 1653438610
WALL 2230058 1 0 1653438611
WALL 2230058 1 0 1653438612
WALL 2230058 1 0 1653438613
WALL 2230058 1 0 1653438614
WALL 2230058 1 0 1653438615
WALL 2230058 1 0 1653438616
WALL 2230058 1 0 1653438617
WALL 2230058 1 0 1653438618
WALL 2230058 1 0 1653438619
WALL 2230058 1 0 1653438620
WALL 2230058 1 0 1653438621
WALL 2230058 1 0 1653438622
WALL 2230058 1 0 1653438623
WALL 2230058 1 0 1653438624
WALL 2230058 1 0 1653438625
WALL 2230058 1 0 1653438626
WALL 2230058 1 0 1653438627
WALL 2230058 1 0 1653438628
WALL 2230058 1 0 1653438629
WALL 2230058 1 0 1653438630
WALL 2230058 1 0 1653438631
WALL 2230058 1 0 1653438632
WALL 2230058 1 0 1653438633
WALL 2230058 1 0 1653438634
WALL 2230058 1 0 1653438635
WALL 2230058 1 0 1653438636
slurmstepd: error: *** JOB 2230058 ON nid001512 CANCELLED AT 2022-05-25T00:30:36 DUE TO PREEMPTION ***
srun: Job step aborted: Waiting up to 32 seconds for job step to finish.
received SIGTERM 1653438636
WALL 2230058 1 0 1653438636
received SIGCONT 1653438636
WALL 2230058 1 0 1653438636
received SIGTERM 1653438636
WALL 2230058 1 0 1653438636
