srun: Warning: can't run 1 processes on 4 nodes, setting nnodes to 1
WALL 2230200 1 0 1653440246
WALL 2230200 1 0 1653440247
WALL 2230200 1 0 1653440248
WALL 2230200 1 0 1653440249
WALL 2230200 1 0 1653440250
WALL 2230200 1 0 1653440251
WALL 2230200 1 0 1653440252
WALL 2230200 1 0 1653440253
WALL 2230200 1 0 1653440254
WALL 2230200 1 0 1653440255
WALL 2230200 1 0 1653440256
WALL 2230200 1 0 1653440257
WALL 2230200 1 0 1653440258
WALL 2230200 1 0 1653440259
WALL 2230200 1 0 1653440260
WALL 2230200 1 0 1653440261
WALL 2230200 1 0 1653440262
WALL 2230200 1 0 1653440263
WALL 2230200 1 0 1653440264
WALL 2230200 1 0 1653440265
WALL 2230200 1 0 1653440266
WALL 2230200 1 0 1653440267
WALL 2230200 1 0 1653440268
WALL 2230200 1 0 1653440269
WALL 2230200 1 0 1653440270
WALL 2230200 1 0 1653440271
WALL 2230200 1 0 1653440272
received SIGCONT 1653440273
WALL 2230200 1 0 1653440273
slurmstepd: error: *** STEP 2230200.0 ON nid001512 CANCELLED AT 2022-05-25T00:57:53 ***
received SIGTERM 1653440273
WALL 2230200 1 0 1653440273
WALL 2230200 1 0 1653440274
WALL 2230200 1 0 1653440275
WALL 2230200 1 0 1653440276
WALL 2230200 1 0 1653440277
WALL 2230200 1 0 1653440278
WALL 2230200 1 0 1653440279
WALL 2230200 1 0 1653440280
WALL 2230200 1 0 1653440281
WALL 2230200 1 0 1653440282
WALL 2230200 1 0 1653440283
WALL 2230200 1 0 1653440284
WALL 2230200 1 0 1653440285
WALL 2230200 1 0 1653440286
WALL 2230200 1 0 1653440287
WALL 2230200 1 0 1653440288
WALL 2230200 1 0 1653440289
WALL 2230200 1 0 1653440290
WALL 2230200 1 0 1653440291
WALL 2230200 1 0 1653440292
WALL 2230200 1 0 1653440293
WALL 2230200 1 0 1653440294
WALL 2230200 1 0 1653440295
WALL 2230200 1 0 1653440296
WALL 2230200 1 0 1653440297
WALL 2230200 1 0 1653440298
WALL 2230200 1 0 1653440299
WALL 2230200 1 0 1653440300
WALL 2230200 1 0 1653440301
WALL 2230200 1 0 1653440302
WALL 2230200 1 0 1653440303
WALL 2230200 1 0 1653440304
WALL 2230200 1 0 1653440305
WALL 2230200 1 0 1653440306
WALL 2230200 1 0 1653440307
WALL 2230200 1 0 1653440308
WALL 2230200 1 0 1653440309
WALL 2230200 1 0 1653440310
WALL 2230200 1 0 1653440311
WALL 2230200 1 0 1653440312
WALL 2230200 1 0 1653440313
WALL 2230200 1 0 1653440314
WALL 2230200 1 0 1653440315
WALL 2230200 1 0 1653440316
WALL 2230200 1 0 1653440317
WALL 2230200 1 0 1653440318
WALL 2230200 1 0 1653440319
WALL 2230200 1 0 1653440320
WALL 2230200 1 0 1653440321
WALL 2230200 1 0 1653440322
WALL 2230200 1 0 1653440323
WALL 2230200 1 0 1653440324
WALL 2230200 1 0 1653440325
WALL 2230200 1 0 1653440326
WALL 2230200 1 0 1653440327
WALL 2230200 1 0 1653440328
WALL 2230200 1 0 1653440329
WALL 2230200 1 0 1653440330
WALL 2230200 1 0 1653440331
WALL 2230200 1 0 1653440332
WALL 2230200 1 0 1653440333
WALL 2230200 1 0 1653440334
WALL 2230200 1 0 1653440335
slurmstepd: error: *** JOB 2230200 ON nid001512 CANCELLED AT 2022-05-25T00:58:55 DUE TO PREEMPTION ***
srun: Job step aborted: Waiting up to 32 seconds for job step to finish.
received SIGTERM 1653440335
WALL 2230200 1 0 1653440335
received SIGCONT 1653440335
WALL 2230200 1 0 1653440335
received SIGTERM 1653440335
WALL 2230200 1 0 1653440335
