srun: Warning: can't run 1 processes on 4 nodes, setting nnodes to 1
WALL 2230197 1 0 1653439518
WALL 2230197 1 0 1653439519
WALL 2230197 1 0 1653439520
WALL 2230197 1 0 1653439521
WALL 2230197 1 0 1653439522
WALL 2230197 1 0 1653439523
WALL 2230197 1 0 1653439524
WALL 2230197 1 0 1653439525
WALL 2230197 1 0 1653439526
WALL 2230197 1 0 1653439527
WALL 2230197 1 0 1653439528
WALL 2230197 1 0 1653439529
received SIGCONT 1653439530
WALL 2230197 1 0 1653439530
slurmstepd: error: *** STEP 2230197.0 ON nid001512 CANCELLED AT 2022-05-25T00:45:30 ***
received SIGTERM 1653439530
WALL 2230197 1 0 1653439530
WALL 2230197 1 0 1653439531
WALL 2230197 1 0 1653439532
WALL 2230197 1 0 1653439533
WALL 2230197 1 0 1653439534
WALL 2230197 1 0 1653439535
WALL 2230197 1 0 1653439536
WALL 2230197 1 0 1653439537
WALL 2230197 1 0 1653439538
WALL 2230197 1 0 1653439539
WALL 2230197 1 0 1653439540
WALL 2230197 1 0 1653439541
WALL 2230197 1 0 1653439542
WALL 2230197 1 0 1653439543
WALL 2230197 1 0 1653439544
WALL 2230197 1 0 1653439545
WALL 2230197 1 0 1653439546
WALL 2230197 1 0 1653439547
WALL 2230197 1 0 1653439548
WALL 2230197 1 0 1653439549
WALL 2230197 1 0 1653439550
WALL 2230197 1 0 1653439551
WALL 2230197 1 0 1653439552
WALL 2230197 1 0 1653439553
WALL 2230197 1 0 1653439554
WALL 2230197 1 0 1653439555
WALL 2230197 1 0 1653439556
WALL 2230197 1 0 1653439557
WALL 2230197 1 0 1653439558
WALL 2230197 1 0 1653439559
WALL 2230197 1 0 1653439560
WALL 2230197 1 0 1653439561
WALL 2230197 1 0 1653439562
WALL 2230197 1 0 1653439563
WALL 2230197 1 0 1653439564
WALL 2230197 1 0 1653439565
WALL 2230197 1 0 1653439566
WALL 2230197 1 0 1653439567
WALL 2230197 1 0 1653439568
WALL 2230197 1 0 1653439569
WALL 2230197 1 0 1653439570
WALL 2230197 1 0 1653439571
WALL 2230197 1 0 1653439572
WALL 2230197 1 0 1653439573
WALL 2230197 1 0 1653439574
WALL 2230197 1 0 1653439575
WALL 2230197 1 0 1653439576
WALL 2230197 1 0 1653439577
WALL 2230197 1 0 1653439578
WALL 2230197 1 0 1653439579
WALL 2230197 1 0 1653439580
WALL 2230197 1 0 1653439581
WALL 2230197 1 0 1653439582
WALL 2230197 1 0 1653439583
WALL 2230197 1 0 1653439584
WALL 2230197 1 0 1653439585
WALL 2230197 1 0 1653439586
WALL 2230197 1 0 1653439587
WALL 2230197 1 0 1653439588
WALL 2230197 1 0 1653439589
WALL 2230197 1 0 1653439590
WALL 2230197 1 0 1653439591
WALL 2230197 1 0 1653439592
WALL 2230197 1 0 1653439593
WALL 2230197 1 0 1653439594
WALL 2230197 1 0 1653439595
WALL 2230197 1 0 1653439596
WALL 2230197 1 0 1653439597
WALL 2230197 1 0 1653439598
WALL 2230197 1 0 1653439599
WALL 2230197 1 0 1653439600
WALL 2230197 1 0 1653439601
slurmstepd: error: *** JOB 2230197 ON nid001512 CANCELLED AT 2022-05-25T00:46:42 DUE TO PREEMPTION ***
srun: Job step aborted: Waiting up to 32 seconds for job step to finish.
received SIGTERM 1653439602
WALL 2230197 1 0 1653439602
received SIGCONT 1653439602
WALL 2230197 1 0 1653439602
received SIGTERM 1653439602
WALL 2230197 1 0 1653439602
