WALL 2229987 1 0 1653436940
WALL 2229987 1 0 1653436941
WALL 2229987 1 0 1653436942
WALL 2229987 1 0 1653436943
WALL 2229987 1 0 1653436944
WALL 2229987 1 0 1653436945
WALL 2229987 1 0 1653436946
WALL 2229987 1 0 1653436947
WALL 2229987 1 0 1653436948
WALL 2229987 1 0 1653436949
WALL 2229987 1 0 1653436950
WALL 2229987 1 0 1653436951
WALL 2229987 1 0 1653436952
WALL 2229987 1 0 1653436953
WALL 2229987 1 0 1653436954
WALL 2229987 1 0 1653436955
WALL 2229987 1 0 1653436956
WALL 2229987 1 0 1653436957
WALL 2229987 1 0 1653436958
WALL 2229987 1 0 1653436959
WALL 2229987 1 0 1653436960
WALL 2229987 1 0 1653436961
WALL 2229987 1 0 1653436962
WALL 2229987 1 0 1653436963
WALL 2229987 1 0 1653436964
WALL 2229987 1 0 1653436965
WALL 2229987 1 0 1653436966
WALL 2229987 1 0 1653436967
WALL 2229987 1 0 1653436968
WALL 2229987 1 0 1653436969
WALL 2229987 1 0 1653436970
WALL 2229987 1 0 1653436971
WALL 2229987 1 0 1653436972
WALL 2229987 1 0 1653436973
WALL 2229987 1 0 1653436974
WALL 2229987 1 0 1653436975
WALL 2229987 1 0 1653436976
WALL 2229987 1 0 1653436977
WALL 2229987 1 0 1653436978
WALL 2229987 1 0 1653436979
WALL 2229987 1 0 1653436980
WALL 2229987 1 0 1653436981
WALL 2229987 1 0 1653436982
WALL 2229987 1 0 1653436983
WALL 2229987 1 0 1653436984
WALL 2229987 1 0 1653436985
WALL 2229987 1 0 1653436986
WALL 2229987 1 0 1653436987
WALL 2229987 1 0 1653436988
WALL 2229987 1 0 1653436989
WALL 2229987 1 0 1653436990
WALL 2229987 1 0 1653436991
WALL 2229987 1 0 1653436992
WALL 2229987 1 0 1653436993
WALL 2229987 1 0 1653436994
WALL 2229987 1 0 1653436995
WALL 2229987 1 0 1653436996
WALL 2229987 1 0 1653436997
WALL 2229987 1 0 1653436998
WALL 2229987 1 0 1653436999
WALL 2229987 1 0 1653437000
WALL 2229987 1 0 1653437001
WALL 2229987 1 0 1653437002
WALL 2229987 1 0 1653437003
WALL 2229987 1 0 1653437004
WALL 2229987 1 0 1653437005
WALL 2229987 1 0 1653437006
WALL 2229987 1 0 1653437007
WALL 2229987 1 0 1653437008
WALL 2229987 1 0 1653437009
WALL 2229987 1 0 1653437010
WALL 2229987 1 0 1653437011
WALL 2229987 1 0 1653437012
WALL 2229987 1 0 1653437013
WALL 2229987 1 0 1653437014
WALL 2229987 1 0 1653437015
WALL 2229987 1 0 1653437016
WALL 2229987 1 0 1653437017
WALL 2229987 1 0 1653437018
WALL 2229987 1 0 1653437019
WALL 2229987 1 0 1653437020
WALL 2229987 1 0 1653437021
WALL 2229987 1 0 1653437022
WALL 2229987 1 0 1653437023
WALL 2229987 1 0 1653437024
WALL 2229987 1 0 1653437025
WALL 2229987 1 0 1653437026
WALL 2229987 1 0 1653437027
WALL 2229987 1 0 1653437028
WALL 2229987 1 0 1653437029
WALL 2229987 1 0 1653437030
WALL 2229987 1 0 1653437031
WALL 2229987 1 0 1653437032
WALL 2229987 1 0 1653437033
WALL 2229987 1 0 1653437034
WALL 2229987 1 0 1653437035
WALL 2229987 1 0 1653437036
WALL 2229987 1 0 1653437037
WALL 2229987 1 0 1653437038
WALL 2229987 1 0 1653437039
WALL 2229987 1 0 1653437040
slurmstepd: error: *** STEP 2229987.0 ON nid001512 CANCELLED AT 2022-05-25T00:04:01 ***
received SIGTERM 1653437041
WALL 2229987 1 0 1653437041
received SIGCONT 1653437041
WALL 2229987 1 0 1653437041
WALL 2229987 1 0 1653437042
WALL 2229987 1 0 1653437043
WALL 2229987 1 0 1653437044
WALL 2229987 1 0 1653437045
WALL 2229987 1 0 1653437046
WALL 2229987 1 0 1653437047
WALL 2229987 1 0 1653437048
WALL 2229987 1 0 1653437049
WALL 2229987 1 0 1653437050
WALL 2229987 1 0 1653437051
WALL 2229987 1 0 1653437052
WALL 2229987 1 0 1653437053
WALL 2229987 1 0 1653437054
WALL 2229987 1 0 1653437055
WALL 2229987 1 0 1653437056
WALL 2229987 1 0 1653437057
WALL 2229987 1 0 1653437058
WALL 2229987 1 0 1653437059
WALL 2229987 1 0 1653437060
WALL 2229987 1 0 1653437061
WALL 2229987 1 0 1653437062
WALL 2229987 1 0 1653437063
WALL 2229987 1 0 1653437064
WALL 2229987 1 0 1653437065
WALL 2229987 1 0 1653437066
WALL 2229987 1 0 1653437067
WALL 2229987 1 0 1653437068
WALL 2229987 1 0 1653437069
WALL 2229987 1 0 1653437070
WALL 2229987 1 0 1653437071
WALL 2229987 1 0 1653437072
WALL 2229987 1 0 1653437073
WALL 2229987 1 0 1653437074
WALL 2229987 1 0 1653437075
WALL 2229987 1 0 1653437076
WALL 2229987 1 0 1653437077
WALL 2229987 1 0 1653437078
WALL 2229987 1 0 1653437079
WALL 2229987 1 0 1653437080
WALL 2229987 1 0 1653437081
WALL 2229987 1 0 1653437082
WALL 2229987 1 0 1653437083
WALL 2229987 1 0 1653437084
WALL 2229987 1 0 1653437085
WALL 2229987 1 0 1653437086
WALL 2229987 1 0 1653437087
WALL 2229987 1 0 1653437088
WALL 2229987 1 0 1653437089
WALL 2229987 1 0 1653437090
WALL 2229987 1 0 1653437091
WALL 2229987 1 0 1653437092
WALL 2229987 1 0 1653437093
WALL 2229987 1 0 1653437094
WALL 2229987 1 0 1653437095
WALL 2229987 1 0 1653437096
WALL 2229987 1 0 1653437097
WALL 2229987 1 0 1653437098
WALL 2229987 1 0 1653437099
WALL 2229987 1 0 1653437100
WALL 2229987 1 0 1653437101
WALL 2229987 1 0 1653437102
WALL 2229987 1 0 1653437103
WALL 2229987 1 0 1653437104
WALL 2229987 1 0 1653437105
WALL 2229987 1 0 1653437106
WALL 2229987 1 0 1653437107
WALL 2229987 1 0 1653437108
WALL 2229987 1 0 1653437109
WALL 2229987 1 0 1653437110
WALL 2229987 1 0 1653437111
WALL 2229987 1 0 1653437112
WALL 2229987 1 0 1653437113
WALL 2229987 1 0 1653437114
WALL 2229987 1 0 1653437115
WALL 2229987 1 0 1653437116
WALL 2229987 1 0 1653437117
WALL 2229987 1 0 1653437118
WALL 2229987 1 0 1653437119
WALL 2229987 1 0 1653437120
WALL 2229987 1 0 1653437121
WALL 2229987 1 0 1653437122
WALL 2229987 1 0 1653437123
WALL 2229987 1 0 1653437124
WALL 2229987 1 0 1653437125
WALL 2229987 1 0 1653437126
WALL 2229987 1 0 1653437127
WALL 2229987 1 0 1653437128
WALL 2229987 1 0 1653437129
WALL 2229987 1 0 1653437130
WALL 2229987 1 0 1653437131
WALL 2229987 1 0 1653437132
WALL 2229987 1 0 1653437133
WALL 2229987 1 0 1653437134
WALL 2229987 1 0 1653437135
WALL 2229987 1 0 1653437136
WALL 2229987 1 0 1653437137
WALL 2229987 1 0 1653437138
WALL 2229987 1 0 1653437139
WALL 2229987 1 0 1653437140
WALL 2229987 1 0 1653437141
WALL 2229987 1 0 1653437142
WALL 2229987 1 0 1653437143
WALL 2229987 1 0 1653437144
WALL 2229987 1 0 1653437145
WALL 2229987 1 0 1653437146
WALL 2229987 1 0 1653437147
WALL 2229987 1 0 1653437148
WALL 2229987 1 0 1653437149
WALL 2229987 1 0 1653437150
WALL 2229987 1 0 1653437151
WALL 2229987 1 0 1653437152
WALL 2229987 1 0 1653437153
WALL 2229987 1 0 1653437154
WALL 2229987 1 0 1653437155
WALL 2229987 1 0 1653437156
WALL 2229987 1 0 1653437157
WALL 2229987 1 0 1653437158
WALL 2229987 1 0 1653437159
WALL 2229987 1 0 1653437160
WALL 2229987 1 0 1653437161
WALL 2229987 1 0 1653437162
WALL 2229987 1 0 1653437163
WALL 2229987 1 0 1653437164
WALL 2229987 1 0 1653437165
WALL 2229987 1 0 1653437166
WALL 2229987 1 0 1653437167
WALL 2229987 1 0 1653437168
WALL 2229987 1 0 1653437169
WALL 2229987 1 0 1653437170
WALL 2229987 1 0 1653437171
WALL 2229987 1 0 1653437172
WALL 2229987 1 0 1653437173
WALL 2229987 1 0 1653437174
WALL 2229987 1 0 1653437175
WALL 2229987 1 0 1653437176
WALL 2229987 1 0 1653437177
WALL 2229987 1 0 1653437178
WALL 2229987 1 0 1653437179
WALL 2229987 1 0 1653437180
WALL 2229987 1 0 1653437181
WALL 2229987 1 0 1653437182
WALL 2229987 1 0 1653437183
WALL 2229987 1 0 1653437184
WALL 2229987 1 0 1653437185
WALL 2229987 1 0 1653437186
WALL 2229987 1 0 1653437187
WALL 2229987 1 0 1653437188
WALL 2229987 1 0 1653437189
WALL 2229987 1 0 1653437190
WALL 2229987 1 0 1653437191
WALL 2229987 1 0 1653437192
WALL 2229987 1 0 1653437193
WALL 2229987 1 0 1653437194
WALL 2229987 1 0 1653437195
WALL 2229987 1 0 1653437196
WALL 2229987 1 0 1653437197
WALL 2229987 1 0 1653437198
WALL 2229987 1 0 1653437199
WALL 2229987 1 0 1653437200
WALL 2229987 1 0 1653437201
WALL 2229987 1 0 1653437202
WALL 2229987 1 0 1653437203
WALL 2229987 1 0 1653437204
WALL 2229987 1 0 1653437205
WALL 2229987 1 0 1653437206
WALL 2229987 1 0 1653437207
WALL 2229987 1 0 1653437208
WALL 2229987 1 0 1653437209
WALL 2229987 1 0 1653437210
WALL 2229987 1 0 1653437211
WALL 2229987 1 0 1653437212
WALL 2229987 1 0 1653437213
WALL 2229987 1 0 1653437214
WALL 2229987 1 0 1653437215
WALL 2229987 1 0 1653437216
WALL 2229987 1 0 1653437217
WALL 2229987 1 0 1653437218
WALL 2229987 1 0 1653437219
WALL 2229987 1 0 1653437220
WALL 2229987 1 0 1653437221
WALL 2229987 1 0 1653437222
WALL 2229987 1 0 1653437223
WALL 2229987 1 0 1653437224
WALL 2229987 1 0 1653437225
WALL 2229987 1 0 1653437226
WALL 2229987 1 0 1653437227
WALL 2229987 1 0 1653437228
WALL 2229987 1 0 1653437229
WALL 2229987 1 0 1653437230
WALL 2229987 1 0 1653437231
WALL 2229987 1 0 1653437232
WALL 2229987 1 0 1653437233
WALL 2229987 1 0 1653437234
WALL 2229987 1 0 1653437235
WALL 2229987 1 0 1653437236
WALL 2229987 1 0 1653437237
WALL 2229987 1 0 1653437238
WALL 2229987 1 0 1653437239
WALL 2229987 1 0 1653437240
WALL 2229987 1 0 1653437241
WALL 2229987 1 0 1653437242
WALL 2229987 1 0 1653437243
WALL 2229987 1 0 1653437244
WALL 2229987 1 0 1653437245
WALL 2229987 1 0 1653437246
WALL 2229987 1 0 1653437247
WALL 2229987 1 0 1653437248
WALL 2229987 1 0 1653437249
WALL 2229987 1 0 1653437250
WALL 2229987 1 0 1653437251
WALL 2229987 1 0 1653437252
WALL 2229987 1 0 1653437253
WALL 2229987 1 0 1653437254
WALL 2229987 1 0 1653437255
WALL 2229987 1 0 1653437256
WALL 2229987 1 0 1653437257
WALL 2229987 1 0 1653437258
WALL 2229987 1 0 1653437259
WALL 2229987 1 0 1653437260
WALL 2229987 1 0 1653437261
WALL 2229987 1 0 1653437262
WALL 2229987 1 0 1653437263
WALL 2229987 1 0 1653437264
WALL 2229987 1 0 1653437265
WALL 2229987 1 0 1653437266
WALL 2229987 1 0 1653437267
WALL 2229987 1 0 1653437268
WALL 2229987 1 0 1653437269
WALL 2229987 1 0 1653437270
WALL 2229987 1 0 1653437271
WALL 2229987 1 0 1653437272
WALL 2229987 1 0 1653437273
WALL 2229987 1 0 1653437274
WALL 2229987 1 0 1653437275
WALL 2229987 1 0 1653437276
WALL 2229987 1 0 1653437277
WALL 2229987 1 0 1653437278
WALL 2229987 1 0 1653437279
WALL 2229987 1 0 1653437280
WALL 2229987 1 0 1653437281
WALL 2229987 1 0 1653437282
WALL 2229987 1 0 1653437283
WALL 2229987 1 0 1653437284
WALL 2229987 1 0 1653437285
WALL 2229987 1 0 1653437286
WALL 2229987 1 0 1653437287
WALL 2229987 1 0 1653437288
WALL 2229987 1 0 1653437289
WALL 2229987 1 0 1653437290
WALL 2229987 1 0 1653437291
WALL 2229987 1 0 1653437292
WALL 2229987 1 0 1653437293
WALL 2229987 1 0 1653437294
WALL 2229987 1 0 1653437295
WALL 2229987 1 0 1653437296
WALL 2229987 1 0 1653437297
WALL 2229987 1 0 1653437298
WALL 2229987 1 0 1653437299
WALL 2229987 1 0 1653437300
WALL 2229987 1 0 1653437301
WALL 2229987 1 0 1653437302
WALL 2229987 1 0 1653437303
WALL 2229987 1 0 1653437304
WALL 2229987 1 0 1653437305
WALL 2229987 1 0 1653437306
WALL 2229987 1 0 1653437307
WALL 2229987 1 0 1653437308
WALL 2229987 1 0 1653437309
WALL 2229987 1 0 1653437310
WALL 2229987 1 0 1653437311
WALL 2229987 1 0 1653437312
WALL 2229987 1 0 1653437313
WALL 2229987 1 0 1653437314
WALL 2229987 1 0 1653437315
WALL 2229987 1 0 1653437316
WALL 2229987 1 0 1653437317
WALL 2229987 1 0 1653437318
WALL 2229987 1 0 1653437319
WALL 2229987 1 0 1653437320
WALL 2229987 1 0 1653437321
WALL 2229987 1 0 1653437322
WALL 2229987 1 0 1653437323
WALL 2229987 1 0 1653437324
WALL 2229987 1 0 1653437325
WALL 2229987 1 0 1653437326
WALL 2229987 1 0 1653437327
WALL 2229987 1 0 1653437328
WALL 2229987 1 0 1653437329
WALL 2229987 1 0 1653437330
WALL 2229987 1 0 1653437331
WALL 2229987 1 0 1653437332
WALL 2229987 1 0 1653437333
WALL 2229987 1 0 1653437334
WALL 2229987 1 0 1653437335
WALL 2229987 1 0 1653437336
WALL 2229987 1 0 1653437337
WALL 2229987 1 0 1653437338
WALL 2229987 1 0 1653437339
WALL 2229987 1 0 1653437340
WALL 2229987 1 0 1653437341
WALL 2229987 1 0 1653437342
WALL 2229987 1 0 1653437343
WALL 2229987 1 0 1653437344
WALL 2229987 1 0 1653437345
WALL 2229987 1 0 1653437346
WALL 2229987 1 0 1653437347
WALL 2229987 1 0 1653437348
WALL 2229987 1 0 1653437349
WALL 2229987 1 0 1653437350
WALL 2229987 1 0 1653437351
WALL 2229987 1 0 1653437352
WALL 2229987 1 0 1653437353
WALL 2229987 1 0 1653437354
WALL 2229987 1 0 1653437355
WALL 2229987 1 0 1653437356
WALL 2229987 1 0 1653437357
WALL 2229987 1 0 1653437358
WALL 2229987 1 0 1653437359
WALL 2229987 1 0 1653437360
WALL 2229987 1 0 1653437361
WALL 2229987 1 0 1653437362
WALL 2229987 1 0 1653437363
WALL 2229987 1 0 1653437364
srun: Job step aborted: Waiting up to 32 seconds for job step to finish.
slurmstepd: error: *** JOB 2229987 ON nid001512 CANCELLED AT 2022-05-25T00:09:24 DUE TO PREEMPTION ***
received SIGTERM 1653437364
WALL 2229987 1 0 1653437364
received SIGCONT 1653437364
WALL 2229987 1 0 1653437364
received SIGTERM 1653437364
WALL 2229987 1 0 1653437364
