srun: Warning: can't run 1 processes on 4 nodes, setting nnodes to 1
WALL 2230208 1 0 1653440671
WALL 2230208 1 0 1653440672
WALL 2230208 1 0 1653440673
WALL 2230208 1 0 1653440674
WALL 2230208 1 0 1653440675
WALL 2230208 1 0 1653440676
WALL 2230208 1 0 1653440677
WALL 2230208 1 0 1653440678
WALL 2230208 1 0 1653440679
WALL 2230208 1 0 1653440680
WALL 2230208 1 0 1653440681
WALL 2230208 1 0 1653440682
WALL 2230208 1 0 1653440683
WALL 2230208 1 0 1653440684
WALL 2230208 1 0 1653440685
WALL 2230208 1 0 1653440686
WALL 2230208 1 0 1653440687
WALL 2230208 1 0 1653440688
WALL 2230208 1 0 1653440689
WALL 2230208 1 0 1653440690
WALL 2230208 1 0 1653440691
WALL 2230208 1 0 1653440692
WALL 2230208 1 0 1653440693
WALL 2230208 1 0 1653440694
WALL 2230208 1 0 1653440695
WALL 2230208 1 0 1653440696
WALL 2230208 1 0 1653440697
WALL 2230208 1 0 1653440698
WALL 2230208 1 0 1653440699
WALL 2230208 1 0 1653440700
WALL 2230208 1 0 1653440701
WALL 2230208 1 0 1653440702
WALL 2230208 1 0 1653440703
WALL 2230208 1 0 1653440704
WALL 2230208 1 0 1653440705
WALL 2230208 1 0 1653440706
WALL 2230208 1 0 1653440707
WALL 2230208 1 0 1653440708
WALL 2230208 1 0 1653440709
WALL 2230208 1 0 1653440710
WALL 2230208 1 0 1653440711
WALL 2230208 1 0 1653440712
WALL 2230208 1 0 1653440713
WALL 2230208 1 0 1653440714
WALL 2230208 1 0 1653440715
WALL 2230208 1 0 1653440716
WALL 2230208 1 0 1653440717
WALL 2230208 1 0 1653440718
WALL 2230208 1 0 1653440719
WALL 2230208 1 0 1653440720
WALL 2230208 1 0 1653440721
WALL 2230208 1 0 1653440722
WALL 2230208 1 0 1653440723
WALL 2230208 1 0 1653440724
WALL 2230208 1 0 1653440725
WALL 2230208 1 0 1653440726
WALL 2230208 1 0 1653440727
WALL 2230208 1 0 1653440728
WALL 2230208 1 0 1653440729
WALL 2230208 1 0 1653440730
WALL 2230208 1 0 1653440731
WALL 2230208 1 0 1653440732
WALL 2230208 1 0 1653440733
WALL 2230208 1 0 1653440734
WALL 2230208 1 0 1653440735
WALL 2230208 1 0 1653440736
WALL 2230208 1 0 1653440737
WALL 2230208 1 0 1653440738
WALL 2230208 1 0 1653440739
WALL 2230208 1 0 1653440740
WALL 2230208 1 0 1653440741
WALL 2230208 1 0 1653440742
WALL 2230208 1 0 1653440743
WALL 2230208 1 0 1653440744
WALL 2230208 1 0 1653440745
WALL 2230208 1 0 1653440746
WALL 2230208 1 0 1653440747
WALL 2230208 1 0 1653440748
WALL 2230208 1 0 1653440749
WALL 2230208 1 0 1653440750
WALL 2230208 1 0 1653440751
WALL 2230208 1 0 1653440752
WALL 2230208 1 0 1653440753
WALL 2230208 1 0 1653440754
WALL 2230208 1 0 1653440755
WALL 2230208 1 0 1653440756
WALL 2230208 1 0 1653440757
WALL 2230208 1 0 1653440758
WALL 2230208 1 0 1653440759
WALL 2230208 1 0 1653440760
WALL 2230208 1 0 1653440761
WALL 2230208 1 0 1653440762
WALL 2230208 1 0 1653440763
WALL 2230208 1 0 1653440764
WALL 2230208 1 0 1653440765
WALL 2230208 1 0 1653440766
WALL 2230208 1 0 1653440767
WALL 2230208 1 0 1653440768
WALL 2230208 1 0 1653440769
WALL 2230208 1 0 1653440770
WALL 2230208 1 0 1653440771
WALL 2230208 1 0 1653440772
WALL 2230208 1 0 1653440773
WALL 2230208 1 0 1653440774
WALL 2230208 1 0 1653440775
WALL 2230208 1 0 1653440776
WALL 2230208 1 0 1653440777
WALL 2230208 1 0 1653440778
WALL 2230208 1 0 1653440779
WALL 2230208 1 0 1653440780
WALL 2230208 1 0 1653440781
WALL 2230208 1 0 1653440782
WALL 2230208 1 0 1653440783
WALL 2230208 1 0 1653440784
WALL 2230208 1 0 1653440785
WALL 2230208 1 0 1653440786
WALL 2230208 1 0 1653440787
WALL 2230208 1 0 1653440788
WALL 2230208 1 0 1653440789
WALL 2230208 1 0 1653440790
WALL 2230208 1 0 1653440791
WALL 2230208 1 0 1653440792
WALL 2230208 1 0 1653440793
WALL 2230208 1 0 1653440794
WALL 2230208 1 0 1653440795
WALL 2230208 1 0 1653440796
WALL 2230208 1 0 1653440797
WALL 2230208 1 0 1653440798
WALL 2230208 1 0 1653440799
WALL 2230208 1 0 1653440800
WALL 2230208 1 0 1653440801
WALL 2230208 1 0 1653440802
WALL 2230208 1 0 1653440803
WALL 2230208 1 0 1653440804
WALL 2230208 1 0 1653440805
WALL 2230208 1 0 1653440806
WALL 2230208 1 0 1653440807
WALL 2230208 1 0 1653440808
WALL 2230208 1 0 1653440809
WALL 2230208 1 0 1653440810
WALL 2230208 1 0 1653440811
WALL 2230208 1 0 1653440812
WALL 2230208 1 0 1653440813
WALL 2230208 1 0 1653440814
WALL 2230208 1 0 1653440815
WALL 2230208 1 0 1653440816
WALL 2230208 1 0 1653440817
WALL 2230208 1 0 1653440818
WALL 2230208 1 0 1653440819
WALL 2230208 1 0 1653440820
WALL 2230208 1 0 1653440821
WALL 2230208 1 0 1653440822
WALL 2230208 1 0 1653440823
WALL 2230208 1 0 1653440824
WALL 2230208 1 0 1653440825
WALL 2230208 1 0 1653440826
WALL 2230208 1 0 1653440827
WALL 2230208 1 0 1653440828
WALL 2230208 1 0 1653440829
WALL 2230208 1 0 1653440830
WALL 2230208 1 0 1653440831
WALL 2230208 1 0 1653440832
WALL 2230208 1 0 1653440833
WALL 2230208 1 0 1653440834
WALL 2230208 1 0 1653440835
WALL 2230208 1 0 1653440836
WALL 2230208 1 0 1653440837
WALL 2230208 1 0 1653440838
WALL 2230208 1 0 1653440839
WALL 2230208 1 0 1653440840
WALL 2230208 1 0 1653440841
WALL 2230208 1 0 1653440842
WALL 2230208 1 0 1653440843
WALL 2230208 1 0 1653440844
WALL 2230208 1 0 1653440845
WALL 2230208 1 0 1653440846
WALL 2230208 1 0 1653440847
WALL 2230208 1 0 1653440848
WALL 2230208 1 0 1653440849
WALL 2230208 1 0 1653440850
WALL 2230208 1 0 1653440851
WALL 2230208 1 0 1653440852
WALL 2230208 1 0 1653440853
WALL 2230208 1 0 1653440854
WALL 2230208 1 0 1653440855
WALL 2230208 1 0 1653440856
WALL 2230208 1 0 1653440857
WALL 2230208 1 0 1653440858
WALL 2230208 1 0 1653440859
WALL 2230208 1 0 1653440860
WALL 2230208 1 0 1653440861
WALL 2230208 1 0 1653440862
WALL 2230208 1 0 1653440863
WALL 2230208 1 0 1653440864
WALL 2230208 1 0 1653440865
WALL 2230208 1 0 1653440866
WALL 2230208 1 0 1653440867
WALL 2230208 1 0 1653440868
WALL 2230208 1 0 1653440869
WALL 2230208 1 0 1653440870
WALL 2230208 1 0 1653440871
WALL 2230208 1 0 1653440872
WALL 2230208 1 0 1653440873
WALL 2230208 1 0 1653440874
WALL 2230208 1 0 1653440875
WALL 2230208 1 0 1653440876
WALL 2230208 1 0 1653440877
WALL 2230208 1 0 1653440878
WALL 2230208 1 0 1653440879
WALL 2230208 1 0 1653440880
WALL 2230208 1 0 1653440881
received SIGCONT 1653440881
WALL 2230208 1 0 1653440881
received SIGINT 1653440881
WALL 2230208 1 0 1653440881
WALL 2230208 1 0 1653440882
WALL 2230208 1 0 1653440883
WALL 2230208 1 0 1653440884
WALL 2230208 1 0 1653440885
WALL 2230208 1 0 1653440886
WALL 2230208 1 0 1653440887
WALL 2230208 1 0 1653440888
WALL 2230208 1 0 1653440889
WALL 2230208 1 0 1653440890
WALL 2230208 1 0 1653440891
WALL 2230208 1 0 1653440892
WALL 2230208 1 0 1653440893
WALL 2230208 1 0 1653440894
WALL 2230208 1 0 1653440895
WALL 2230208 1 0 1653440896
WALL 2230208 1 0 1653440897
WALL 2230208 1 0 1653440898
WALL 2230208 1 0 1653440899
WALL 2230208 1 0 1653440900
WALL 2230208 1 0 1653440901
WALL 2230208 1 0 1653440902
WALL 2230208 1 0 1653440903
WALL 2230208 1 0 1653440904
WALL 2230208 1 0 1653440905
WALL 2230208 1 0 1653440906
WALL 2230208 1 0 1653440907
WALL 2230208 1 0 1653440908
WALL 2230208 1 0 1653440909
WALL 2230208 1 0 1653440910
WALL 2230208 1 0 1653440911
WALL 2230208 1 0 1653440912
WALL 2230208 1 0 1653440913
WALL 2230208 1 0 1653440914
WALL 2230208 1 0 1653440915
WALL 2230208 1 0 1653440916
WALL 2230208 1 0 1653440917
WALL 2230208 1 0 1653440918
WALL 2230208 1 0 1653440919
WALL 2230208 1 0 1653440920
WALL 2230208 1 0 1653440921
WALL 2230208 1 0 1653440922
WALL 2230208 1 0 1653440923
WALL 2230208 1 0 1653440924
WALL 2230208 1 0 1653440925
WALL 2230208 1 0 1653440926
WALL 2230208 1 0 1653440927
WALL 2230208 1 0 1653440928
WALL 2230208 1 0 1653440929
WALL 2230208 1 0 1653440930
WALL 2230208 1 0 1653440931
WALL 2230208 1 0 1653440932
WALL 2230208 1 0 1653440933
WALL 2230208 1 0 1653440934
WALL 2230208 1 0 1653440935
WALL 2230208 1 0 1653440936
WALL 2230208 1 0 1653440937
WALL 2230208 1 0 1653440938
WALL 2230208 1 0 1653440939
WALL 2230208 1 0 1653440940
WALL 2230208 1 0 1653440941
WALL 2230208 1 0 1653440942
WALL 2230208 1 0 1653440943
WALL 2230208 1 0 1653440944
WALL 2230208 1 0 1653440945
WALL 2230208 1 0 1653440946
WALL 2230208 1 0 1653440947
WALL 2230208 1 0 1653440948
WALL 2230208 1 0 1653440949
WALL 2230208 1 0 1653440950
WALL 2230208 1 0 1653440951
WALL 2230208 1 0 1653440952
WALL 2230208 1 0 1653440953
WALL 2230208 1 0 1653440954
WALL 2230208 1 0 1653440955
WALL 2230208 1 0 1653440956
WALL 2230208 1 0 1653440957
WALL 2230208 1 0 1653440958
WALL 2230208 1 0 1653440959
WALL 2230208 1 0 1653440960
WALL 2230208 1 0 1653440961
WALL 2230208 1 0 1653440962
WALL 2230208 1 0 1653440963
WALL 2230208 1 0 1653440964
WALL 2230208 1 0 1653440965
WALL 2230208 1 0 1653440966
WALL 2230208 1 0 1653440967
WALL 2230208 1 0 1653440968
WALL 2230208 1 0 1653440969
WALL 2230208 1 0 1653440970
slurmstepd: error: *** STEP 2230208.0 ON nid003200 CANCELLED AT 2022-05-25T01:09:31 DUE TO TIME LIMIT ***
slurmstepd: error: *** JOB 2230208 ON nid003200 CANCELLED AT 2022-05-25T01:09:31 DUE TO TIME LIMIT ***
received SIGTERM 1653440971
WALL 2230208 1 0 1653440971
received SIGCONT 1653440971
WALL 2230208 1 0 1653440971
received SIGTERM 1653440971
WALL 2230208 1 0 1653440971
srun: Job step aborted: Waiting up to 32 seconds for job step to finish.
