WALL 13295194 1 0 1654704126
WALL 13295194 1 0 1654704127
WALL 13295194 1 0 1654704128
WALL 13295194 1 0 1654704129
WALL 13295194 1 0 1654704130
WALL 13295194 1 0 1654704131
WALL 13295194 1 0 1654704132
WALL 13295194 1 0 1654704133
WALL 13295194 1 0 1654704134
WALL 13295194 1 0 1654704135
WALL 13295194 1 0 1654704136
WALL 13295194 1 0 1654704137
WALL 13295194 1 0 1654704138
WALL 13295194 1 0 1654704139
WALL 13295194 1 0 1654704140
WALL 13295194 1 0 1654704141
WALL 13295194 1 0 1654704142
WALL 13295194 1 0 1654704143
WALL 13295194 1 0 1654704144
WALL 13295194 1 0 1654704145
WALL 13295194 1 0 1654704146
WALL 13295194 1 0 1654704147
WALL 13295194 1 0 1654704148
WALL 13295194 1 0 1654704149
WALL 13295194 1 0 1654704150
WALL 13295194 1 0 1654704151
WALL 13295194 1 0 1654704152
WALL 13295194 1 0 1654704153
WALL 13295194 1 0 1654704154
WALL 13295194 1 0 1654704155
WALL 13295194 1 0 1654704156
WALL 13295194 1 0 1654704157
WALL 13295194 1 0 1654704158
WALL 13295194 1 0 1654704159
WALL 13295194 1 0 1654704160
WALL 13295194 1 0 1654704161
WALL 13295194 1 0 1654704162
WALL 13295194 1 0 1654704163
WALL 13295194 1 0 1654704164
WALL 13295194 1 0 1654704165
WALL 13295194 1 0 1654704166
WALL 13295194 1 0 1654704167
WALL 13295194 1 0 1654704168
WALL 13295194 1 0 1654704169
WALL 13295194 1 0 1654704170
WALL 13295194 1 0 1654704171
WALL 13295194 1 0 1654704172
WALL 13295194 1 0 1654704173
WALL 13295194 1 0 1654704174
WALL 13295194 1 0 1654704175
WALL 13295194 1 0 1654704176
WALL 13295194 1 0 1654704177
WALL 13295194 1 0 1654704178
WALL 13295194 1 0 1654704179
WALL 13295194 1 0 1654704180
WALL 13295194 1 0 1654704181
WALL 13295194 1 0 1654704182
WALL 13295194 1 0 1654704183
WALL 13295194 1 0 1654704184
WALL 13295194 1 0 1654704185
WALL 13295194 1 0 1654704186
WALL 13295194 1 0 1654704187
WALL 13295194 1 0 1654704188
WALL 13295194 1 0 1654704189
WALL 13295194 1 0 1654704190
WALL 13295194 1 0 1654704191
WALL 13295194 1 0 1654704192
WALL 13295194 1 0 1654704193
WALL 13295194 1 0 1654704194
WALL 13295194 1 0 1654704195
WALL 13295194 1 0 1654704196
WALL 13295194 1 0 1654704197
WALL 13295194 1 0 1654704198
WALL 13295194 1 0 1654704199
WALL 13295194 1 0 1654704200
WALL 13295194 1 0 1654704201
WALL 13295194 1 0 1654704202
WALL 13295194 1 0 1654704203
WALL 13295194 1 0 1654704204
WALL 13295194 1 0 1654704205
WALL 13295194 1 0 1654704206
WALL 13295194 1 0 1654704207
WALL 13295194 1 0 1654704208
WALL 13295194 1 0 1654704209
WALL 13295194 1 0 1654704210
WALL 13295194 1 0 1654704211
WALL 13295194 1 0 1654704212
WALL 13295194 1 0 1654704213
WALL 13295194 1 0 1654704214
WALL 13295194 1 0 1654704215
WALL 13295194 1 0 1654704216
WALL 13295194 1 0 1654704217
WALL 13295194 1 0 1654704218
WALL 13295194 1 0 1654704219
WALL 13295194 1 0 1654704220
WALL 13295194 1 0 1654704221
WALL 13295194 1 0 1654704222
WALL 13295194 1 0 1654704223
WALL 13295194 1 0 1654704224
WALL 13295194 1 0 1654704225
WALL 13295194 1 0 1654704226
WALL 13295194 1 0 1654704227
WALL 13295194 1 0 1654704228
WALL 13295194 1 0 1654704229
WALL 13295194 1 0 1654704230
WALL 13295194 1 0 1654704231
WALL 13295194 1 0 1654704232
WALL 13295194 1 0 1654704233
WALL 13295194 1 0 1654704234
WALL 13295194 1 0 1654704235
WALL 13295194 1 0 1654704236
WALL 13295194 1 0 1654704237
WALL 13295194 1 0 1654704238
WALL 13295194 1 0 1654704239
WALL 13295194 1 0 1654704240
WALL 13295194 1 0 1654704241
WALL 13295194 1 0 1654704242
WALL 13295194 1 0 1654704243
WALL 13295194 1 0 1654704244
WALL 13295194 1 0 1654704245
WALL 13295194 1 0 1654704246
WALL 13295194 1 0 1654704247
WALL 13295194 1 0 1654704248
WALL 13295194 1 0 1654704249
WALL 13295194 1 0 1654704250
WALL 13295194 1 0 1654704251
WALL 13295194 1 0 1654704252
WALL 13295194 1 0 1654704253
WALL 13295194 1 0 1654704254
WALL 13295194 1 0 1654704255
WALL 13295194 1 0 1654704256
WALL 13295194 1 0 1654704257
WALL 13295194 1 0 1654704258
WALL 13295194 1 0 1654704259
WALL 13295194 1 0 1654704260
WALL 13295194 1 0 1654704261
WALL 13295194 1 0 1654704262
WALL 13295194 1 0 1654704263
WALL 13295194 1 0 1654704264
WALL 13295194 1 0 1654704265
WALL 13295194 1 0 1654704266
WALL 13295194 1 0 1654704267
WALL 13295194 1 0 1654704268
WALL 13295194 1 0 1654704269
WALL 13295194 1 0 1654704270
WALL 13295194 1 0 1654704271
WALL 13295194 1 0 1654704272
WALL 13295194 1 0 1654704273
WALL 13295194 1 0 1654704274
WALL 13295194 1 0 1654704275
WALL 13295194 1 0 1654704276
WALL 13295194 1 0 1654704277
WALL 13295194 1 0 1654704278
WALL 13295194 1 0 1654704279
WALL 13295194 1 0 1654704280
WALL 13295194 1 0 1654704281
WALL 13295194 1 0 1654704282
WALL 13295194 1 0 1654704283
WALL 13295194 1 0 1654704284
WALL 13295194 1 0 1654704285
WALL 13295194 1 0 1654704286
WALL 13295194 1 0 1654704287
WALL 13295194 1 0 1654704288
WALL 13295194 1 0 1654704289
WALL 13295194 1 0 1654704290
WALL 13295194 1 0 1654704291
WALL 13295194 1 0 1654704292
WALL 13295194 1 0 1654704293
WALL 13295194 1 0 1654704294
WALL 13295194 1 0 1654704295
WALL 13295194 1 0 1654704296
WALL 13295194 1 0 1654704297
WALL 13295194 1 0 1654704298
WALL 13295194 1 0 1654704299
WALL 13295194 1 0 1654704300
WALL 13295194 1 0 1654704301
WALL 13295194 1 0 1654704302
WALL 13295194 1 0 1654704303
WALL 13295194 1 0 1654704304
WALL 13295194 1 0 1654704305
WALL 13295194 1 0 1654704306
WALL 13295194 1 0 1654704307
WALL 13295194 1 0 1654704308
WALL 13295194 1 0 1654704309
WALL 13295194 1 0 1654704310
WALL 13295194 1 0 1654704311
WALL 13295194 1 0 1654704312
WALL 13295194 1 0 1654704313
WALL 13295194 1 0 1654704314
WALL 13295194 1 0 1654704315
WALL 13295194 1 0 1654704316
WALL 13295194 1 0 1654704317
WALL 13295194 1 0 1654704318
WALL 13295194 1 0 1654704319
WALL 13295194 1 0 1654704320
WALL 13295194 1 0 1654704321
WALL 13295194 1 0 1654704322
WALL 13295194 1 0 1654704323
WALL 13295194 1 0 1654704324
WALL 13295194 1 0 1654704325
WALL 13295194 1 0 1654704326
WALL 13295194 1 0 1654704327
WALL 13295194 1 0 1654704328
WALL 13295194 1 0 1654704329
WALL 13295194 1 0 1654704330
WALL 13295194 1 0 1654704331
WALL 13295194 1 0 1654704332
WALL 13295194 1 0 1654704333
WALL 13295194 1 0 1654704334
WALL 13295194 1 0 1654704335
WALL 13295194 1 0 1654704336
WALL 13295194 1 0 1654704337
WALL 13295194 1 0 1654704338
WALL 13295194 1 0 1654704339
WALL 13295194 1 0 1654704340
WALL 13295194 1 0 1654704341
WALL 13295194 1 0 1654704342
WALL 13295194 1 0 1654704343
WALL 13295194 1 0 1654704344
WALL 13295194 1 0 1654704345
WALL 13295194 1 0 1654704346
WALL 13295194 1 0 1654704347
WALL 13295194 1 0 1654704348
WALL 13295194 1 0 1654704349
WALL 13295194 1 0 1654704350
WALL 13295194 1 0 1654704351
WALL 13295194 1 0 1654704352
WALL 13295194 1 0 1654704353
WALL 13295194 1 0 1654704354
WALL 13295194 1 0 1654704355
WALL 13295194 1 0 1654704356
WALL 13295194 1 0 1654704357
WALL 13295194 1 0 1654704358
WALL 13295194 1 0 1654704359
WALL 13295194 1 0 1654704360
WALL 13295194 1 0 1654704361
WALL 13295194 1 0 1654704362
WALL 13295194 1 0 1654704363
WALL 13295194 1 0 1654704364
WALL 13295194 1 0 1654704365
WALL 13295194 1 0 1654704366
WALL 13295194 1 0 1654704367
WALL 13295194 1 0 1654704368
WALL 13295194 1 0 1654704369
WALL 13295194 1 0 1654704370
WALL 13295194 1 0 1654704371
WALL 13295194 1 0 1654704372
WALL 13295194 1 0 1654704373
WALL 13295194 1 0 1654704374
WALL 13295194 1 0 1654704375
WALL 13295194 1 0 1654704376
WALL 13295194 1 0 1654704377
WALL 13295194 1 0 1654704378
WALL 13295194 1 0 1654704379
WALL 13295194 1 0 1654704380
WALL 13295194 1 0 1654704381
WALL 13295194 1 0 1654704382
WALL 13295194 1 0 1654704383
WALL 13295194 1 0 1654704384
WALL 13295194 1 0 1654704385
WALL 13295194 1 0 1654704386
WALL 13295194 1 0 1654704387
WALL 13295194 1 0 1654704388
WALL 13295194 1 0 1654704389
WALL 13295194 1 0 1654704390
WALL 13295194 1 0 1654704391
WALL 13295194 1 0 1654704392
WALL 13295194 1 0 1654704393
WALL 13295194 1 0 1654704394
WALL 13295194 1 0 1654704395
WALL 13295194 1 0 1654704396
WALL 13295194 1 0 1654704397
WALL 13295194 1 0 1654704398
WALL 13295194 1 0 1654704399
WALL 13295194 1 0 1654704400
WALL 13295194 1 0 1654704401
WALL 13295194 1 0 1654704402
WALL 13295194 1 0 1654704403
WALL 13295194 1 0 1654704404
WALL 13295194 1 0 1654704405
WALL 13295194 1 0 1654704406
WALL 13295194 1 0 1654704407
WALL 13295194 1 0 1654704408
WALL 13295194 1 0 1654704409
WALL 13295194 1 0 1654704410
received SIGINT 1654704410
WALL 13295194 1 0 1654704410
WALL 13295194 1 0 1654704411
WALL 13295194 1 0 1654704412
WALL 13295194 1 0 1654704413
WALL 13295194 1 0 1654704414
WALL 13295194 1 0 1654704415
WALL 13295194 1 0 1654704416
WALL 13295194 1 0 1654704417
WALL 13295194 1 0 1654704418
WALL 13295194 1 0 1654704419
WALL 13295194 1 0 1654704420
WALL 13295194 1 0 1654704421
WALL 13295194 1 0 1654704422
WALL 13295194 1 0 1654704423
WALL 13295194 1 0 1654704424
WALL 13295194 1 0 1654704425
WALL 13295194 1 0 1654704426
WALL 13295194 1 0 1654704427
WALL 13295194 1 0 1654704428
WALL 13295194 1 0 1654704429
WALL 13295194 1 0 1654704430
WALL 13295194 1 0 1654704431
WALL 13295194 1 0 1654704432
WALL 13295194 1 0 1654704433
WALL 13295194 1 0 1654704434
WALL 13295194 1 0 1654704435
WALL 13295194 1 0 1654704436
WALL 13295194 1 0 1654704437
WALL 13295194 1 0 1654704438
WALL 13295194 1 0 1654704439
WALL 13295194 1 0 1654704440
WALL 13295194 1 0 1654704441
WALL 13295194 1 0 1654704442
WALL 13295194 1 0 1654704443
WALL 13295194 1 0 1654704444
WALL 13295194 1 0 1654704445
WALL 13295194 1 0 1654704446
WALL 13295194 1 0 1654704447
WALL 13295194 1 0 1654704448
WALL 13295194 1 0 1654704449
WALL 13295194 1 0 1654704450
WALL 13295194 1 0 1654704451
WALL 13295194 1 0 1654704452
WALL 13295194 1 0 1654704453
WALL 13295194 1 0 1654704454
WALL 13295194 1 0 1654704455
WALL 13295194 1 0 1654704456
WALL 13295194 1 0 1654704457
WALL 13295194 1 0 1654704458
WALL 13295194 1 0 1654704459
WALL 13295194 1 0 1654704460
WALL 13295194 1 0 1654704461
WALL 13295194 1 0 1654704462
WALL 13295194 1 0 1654704463
WALL 13295194 1 0 1654704464
WALL 13295194 1 0 1654704465
WALL 13295194 1 0 1654704466
WALL 13295194 1 0 1654704467
WALL 13295194 1 0 1654704468
WALL 13295194 1 0 1654704469
WALL 13295194 1 0 1654704470
WALL 13295194 1 0 1654704471
WALL 13295194 1 0 1654704472
WALL 13295194 1 0 1654704473
WALL 13295194 1 0 1654704474
WALL 13295194 1 0 1654704475
WALL 13295194 1 0 1654704476
WALL 13295194 1 0 1654704477
WALL 13295194 1 0 1654704478
WALL 13295194 1 0 1654704479
WALL 13295194 1 0 1654704480
WALL 13295194 1 0 1654704481
WALL 13295194 1 0 1654704482
WALL 13295194 1 0 1654704483
WALL 13295194 1 0 1654704484
WALL 13295194 1 0 1654704485
WALL 13295194 1 0 1654704486
WALL 13295194 1 0 1654704487
WALL 13295194 1 0 1654704488
WALL 13295194 1 0 1654704489
WALL 13295194 1 0 1654704490
WALL 13295194 1 0 1654704491
WALL 13295194 1 0 1654704492
WALL 13295194 1 0 1654704493
WALL 13295194 1 0 1654704494
WALL 13295194 1 0 1654704495
WALL 13295194 1 0 1654704496
WALL 13295194 1 0 1654704497
WALL 13295194 1 0 1654704498
WALL 13295194 1 0 1654704499
WALL 13295194 1 0 1654704500
WALL 13295194 1 0 1654704501
WALL 13295194 1 0 1654704502
WALL 13295194 1 0 1654704504
WALL 13295194 1 0 1654704505
WALL 13295194 1 0 1654704506
WALL 13295194 1 0 1654704507
WALL 13295194 1 0 1654704508
WALL 13295194 1 0 1654704509
WALL 13295194 1 0 1654704510
WALL 13295194 1 0 1654704511
WALL 13295194 1 0 1654704512
WALL 13295194 1 0 1654704513
WALL 13295194 1 0 1654704514
WALL 13295194 1 0 1654704515
WALL 13295194 1 0 1654704516
WALL 13295194 1 0 1654704517
WALL 13295194 1 0 1654704518
WALL 13295194 1 0 1654704519
WALL 13295194 1 0 1654704520
WALL 13295194 1 0 1654704521
WALL 13295194 1 0 1654704522
WALL 13295194 1 0 1654704523
WALL 13295194 1 0 1654704524
WALL 13295194 1 0 1654704525
WALL 13295194 1 0 1654704526
WALL 13295194 1 0 1654704527
WALL 13295194 1 0 1654704528
WALL 13295194 1 0 1654704529
WALL 13295194 1 0 1654704530
WALL 13295194 1 0 1654704531
WALL 13295194 1 0 1654704532
WALL 13295194 1 0 1654704533
WALL 13295194 1 0 1654704534
WALL 13295194 1 0 1654704535
WALL 13295194 1 0 1654704536
WALL 13295194 1 0 1654704537
WALL 13295194 1 0 1654704538
WALL 13295194 1 0 1654704539
WALL 13295194 1 0 1654704540
WALL 13295194 1 0 1654704541
WALL 13295194 1 0 1654704542
WALL 13295194 1 0 1654704543
WALL 13295194 1 0 1654704544
WALL 13295194 1 0 1654704545
WALL 13295194 1 0 1654704546
WALL 13295194 1 0 1654704547
WALL 13295194 1 0 1654704548
WALL 13295194 1 0 1654704549
WALL 13295194 1 0 1654704550
WALL 13295194 1 0 1654704551
WALL 13295194 1 0 1654704552
WALL 13295194 1 0 1654704553
WALL 13295194 1 0 1654704554
WALL 13295194 1 0 1654704555
WALL 13295194 1 0 1654704556
WALL 13295194 1 0 1654704557
WALL 13295194 1 0 1654704558
WALL 13295194 1 0 1654704559
WALL 13295194 1 0 1654704560
WALL 13295194 1 0 1654704561
WALL 13295194 1 0 1654704562
WALL 13295194 1 0 1654704563
WALL 13295194 1 0 1654704564
WALL 13295194 1 0 1654704565
WALL 13295194 1 0 1654704566
WALL 13295194 1 0 1654704567
WALL 13295194 1 0 1654704568
WALL 13295194 1 0 1654704569
WALL 13295194 1 0 1654704570
WALL 13295194 1 0 1654704571
WALL 13295194 1 0 1654704572
WALL 13295194 1 0 1654704573
WALL 13295194 1 0 1654704574
WALL 13295194 1 0 1654704575
WALL 13295194 1 0 1654704576
WALL 13295194 1 0 1654704577
WALL 13295194 1 0 1654704578
WALL 13295194 1 0 1654704579
WALL 13295194 1 0 1654704580
WALL 13295194 1 0 1654704581
WALL 13295194 1 0 1654704582
WALL 13295194 1 0 1654704583
WALL 13295194 1 0 1654704584
WALL 13295194 1 0 1654704585
WALL 13295194 1 0 1654704586
WALL 13295194 1 0 1654704587
WALL 13295194 1 0 1654704588
WALL 13295194 1 0 1654704589
WALL 13295194 1 0 1654704590
WALL 13295194 1 0 1654704591
WALL 13295194 1 0 1654704592
WALL 13295194 1 0 1654704593
WALL 13295194 1 0 1654704594
WALL 13295194 1 0 1654704595
WALL 13295194 1 0 1654704596
WALL 13295194 1 0 1654704597
WALL 13295194 1 0 1654704598
WALL 13295194 1 0 1654704599
WALL 13295194 1 0 1654704600
WALL 13295194 1 0 1654704601
WALL 13295194 1 0 1654704602
WALL 13295194 1 0 1654704603
WALL 13295194 1 0 1654704604
WALL 13295194 1 0 1654704605
WALL 13295194 1 0 1654704606
WALL 13295194 1 0 1654704607
WALL 13295194 1 0 1654704608
WALL 13295194 1 0 1654704609
WALL 13295194 1 0 1654704610
WALL 13295194 1 0 1654704611
WALL 13295194 1 0 1654704612
WALL 13295194 1 0 1654704613
WALL 13295194 1 0 1654704614
WALL 13295194 1 0 1654704615
WALL 13295194 1 0 1654704616
WALL 13295194 1 0 1654704617
WALL 13295194 1 0 1654704618
WALL 13295194 1 0 1654704619
WALL 13295194 1 0 1654704620
WALL 13295194 1 0 1654704621
WALL 13295194 1 0 1654704622
WALL 13295194 1 0 1654704623
WALL 13295194 1 0 1654704624
WALL 13295194 1 0 1654704625
WALL 13295194 1 0 1654704626
WALL 13295194 1 0 1654704627
WALL 13295194 1 0 1654704628
WALL 13295194 1 0 1654704629
WALL 13295194 1 0 1654704630
WALL 13295194 1 0 1654704631
WALL 13295194 1 0 1654704632
WALL 13295194 1 0 1654704633
WALL 13295194 1 0 1654704634
WALL 13295194 1 0 1654704635
WALL 13295194 1 0 1654704636
WALL 13295194 1 0 1654704637
WALL 13295194 1 0 1654704638
WALL 13295194 1 0 1654704639
WALL 13295194 1 0 1654704640
WALL 13295194 1 0 1654704641
WALL 13295194 1 0 1654704642
WALL 13295194 1 0 1654704643
WALL 13295194 1 0 1654704644
WALL 13295194 1 0 1654704645
WALL 13295194 1 0 1654704646
WALL 13295194 1 0 1654704647
WALL 13295194 1 0 1654704648
WALL 13295194 1 0 1654704649
WALL 13295194 1 0 1654704650
WALL 13295194 1 0 1654704651
WALL 13295194 1 0 1654704652
WALL 13295194 1 0 1654704653
WALL 13295194 1 0 1654704654
WALL 13295194 1 0 1654704655
WALL 13295194 1 0 1654704656
WALL 13295194 1 0 1654704657
WALL 13295194 1 0 1654704658
WALL 13295194 1 0 1654704659
WALL 13295194 1 0 1654704660
WALL 13295194 1 0 1654704661
WALL 13295194 1 0 1654704662
WALL 13295194 1 0 1654704663
WALL 13295194 1 0 1654704664
WALL 13295194 1 0 1654704665
WALL 13295194 1 0 1654704666
WALL 13295194 1 0 1654704667
WALL 13295194 1 0 1654704668
WALL 13295194 1 0 1654704669
WALL 13295194 1 0 1654704670
WALL 13295194 1 0 1654704671
WALL 13295194 1 0 1654704672
WALL 13295194 1 0 1654704673
WALL 13295194 1 0 1654704674
WALL 13295194 1 0 1654704675
WALL 13295194 1 0 1654704676
WALL 13295194 1 0 1654704677
WALL 13295194 1 0 1654704678
WALL 13295194 1 0 1654704679
WALL 13295194 1 0 1654704680
WALL 13295194 1 0 1654704681
WALL 13295194 1 0 1654704682
WALL 13295194 1 0 1654704683
WALL 13295194 1 0 1654704684
WALL 13295194 1 0 1654704685
WALL 13295194 1 0 1654704686
WALL 13295194 1 0 1654704687
WALL 13295194 1 0 1654704688
WALL 13295194 1 0 1654704689
WALL 13295194 1 0 1654704690
WALL 13295194 1 0 1654704691
WALL 13295194 1 0 1654704692
WALL 13295194 1 0 1654704693
WALL 13295194 1 0 1654704694
WALL 13295194 1 0 1654704695
WALL 13295194 1 0 1654704696
WALL 13295194 1 0 1654704697
WALL 13295194 1 0 1654704698
WALL 13295194 1 0 1654704699
WALL 13295194 1 0 1654704700
WALL 13295194 1 0 1654704701
WALL 13295194 1 0 1654704702
WALL 13295194 1 0 1654704703
WALL 13295194 1 0 1654704704
WALL 13295194 1 0 1654704705
WALL 13295194 1 0 1654704706
WALL 13295194 1 0 1654704707
WALL 13295194 1 0 1654704708
WALL 13295194 1 0 1654704709
WALL 13295194 1 0 1654704710
WALL 13295194 1 0 1654704711
WALL 13295194 1 0 1654704712
WALL 13295194 1 0 1654704713
WALL 13295194 1 0 1654704714
WALL 13295194 1 0 1654704715
WALL 13295194 1 0 1654704716
WALL 13295194 1 0 1654704717
WALL 13295194 1 0 1654704718
WALL 13295194 1 0 1654704719
WALL 13295194 1 0 1654704720
WALL 13295194 1 0 1654704721
WALL 13295194 1 0 1654704722
WALL 13295194 1 0 1654704723
WALL 13295194 1 0 1654704724
WALL 13295194 1 0 1654704725
WALL 13295194 1 0 1654704726
WALL 13295194 1 0 1654704727
WALL 13295194 1 0 1654704728
WALL 13295194 1 0 1654704729
WALL 13295194 1 0 1654704730
WALL 13295194 1 0 1654704731
WALL 13295194 1 0 1654704732
WALL 13295194 1 0 1654704733
WALL 13295194 1 0 1654704734
WALL 13295194 1 0 1654704735
WALL 13295194 1 0 1654704736
WALL 13295194 1 0 1654704737
WALL 13295194 1 0 1654704738
WALL 13295194 1 0 1654704739
WALL 13295194 1 0 1654704740
srun: Job step aborted: Waiting up to 32 seconds for job step to finish.
slurmstepd: error: *** STEP 13295194.0 ON nid00043 CANCELLED AT 2022-06-08T09:12:20 DUE TO TIME LIMIT ***
received SIGTERM 1654704740
WALL 13295194 1 0 1654704740
received SIGCONT 1654704740
WALL 13295194 1 0 1654704740
srun: got SIGCONT
received SIGTERM 1654704740
WALL 13295194 1 0 1654704740
srun: forcing job termination
