WALL 13295201 1 0 1654705447
WALL 13295201 1 0 1654705448
WALL 13295201 1 0 1654705449
WALL 13295201 1 0 1654705450
WALL 13295201 1 0 1654705451
WALL 13295201 1 0 1654705452
WALL 13295201 1 0 1654705453
WALL 13295201 1 0 1654705454
WALL 13295201 1 0 1654705455
WALL 13295201 1 0 1654705456
WALL 13295201 1 0 1654705457
WALL 13295201 1 0 1654705458
WALL 13295201 1 0 1654705459
WALL 13295201 1 0 1654705460
WALL 13295201 1 0 1654705461
WALL 13295201 1 0 1654705462
WALL 13295201 1 0 1654705463
WALL 13295201 1 0 1654705464
WALL 13295201 1 0 1654705465
WALL 13295201 1 0 1654705466
WALL 13295201 1 0 1654705467
WALL 13295201 1 0 1654705468
WALL 13295201 1 0 1654705469
WALL 13295201 1 0 1654705470
WALL 13295201 1 0 1654705471
WALL 13295201 1 0 1654705472
WALL 13295201 1 0 1654705473
WALL 13295201 1 0 1654705474
WALL 13295201 1 0 1654705475
WALL 13295201 1 0 1654705476
WALL 13295201 1 0 1654705477
WALL 13295201 1 0 1654705478
WALL 13295201 1 0 1654705479
WALL 13295201 1 0 1654705480
WALL 13295201 1 0 1654705481
WALL 13295201 1 0 1654705482
WALL 13295201 1 0 1654705483
WALL 13295201 1 0 1654705484
WALL 13295201 1 0 1654705485
WALL 13295201 1 0 1654705486
WALL 13295201 1 0 1654705487
WALL 13295201 1 0 1654705488
WALL 13295201 1 0 1654705489
WALL 13295201 1 0 1654705490
WALL 13295201 1 0 1654705491
WALL 13295201 1 0 1654705492
WALL 13295201 1 0 1654705493
WALL 13295201 1 0 1654705494
WALL 13295201 1 0 1654705495
WALL 13295201 1 0 1654705496
WALL 13295201 1 0 1654705497
WALL 13295201 1 0 1654705498
WALL 13295201 1 0 1654705499
WALL 13295201 1 0 1654705500
WALL 13295201 1 0 1654705501
WALL 13295201 1 0 1654705502
WALL 13295201 1 0 1654705503
WALL 13295201 1 0 1654705504
WALL 13295201 1 0 1654705505
WALL 13295201 1 0 1654705506
WALL 13295201 1 0 1654705507
WALL 13295201 1 0 1654705508
WALL 13295201 1 0 1654705509
WALL 13295201 1 0 1654705510
WALL 13295201 1 0 1654705511
WALL 13295201 1 0 1654705512
WALL 13295201 1 0 1654705513
WALL 13295201 1 0 1654705514
WALL 13295201 1 0 1654705515
WALL 13295201 1 0 1654705516
WALL 13295201 1 0 1654705517
WALL 13295201 1 0 1654705518
WALL 13295201 1 0 1654705519
WALL 13295201 1 0 1654705520
WALL 13295201 1 0 1654705521
WALL 13295201 1 0 1654705522
WALL 13295201 1 0 1654705523
WALL 13295201 1 0 1654705524
WALL 13295201 1 0 1654705525
WALL 13295201 1 0 1654705526
WALL 13295201 1 0 1654705527
WALL 13295201 1 0 1654705528
WALL 13295201 1 0 1654705529
WALL 13295201 1 0 1654705530
WALL 13295201 1 0 1654705531
WALL 13295201 1 0 1654705532
WALL 13295201 1 0 1654705533
WALL 13295201 1 0 1654705534
WALL 13295201 1 0 1654705535
WALL 13295201 1 0 1654705536
WALL 13295201 1 0 1654705537
WALL 13295201 1 0 1654705538
WALL 13295201 1 0 1654705539
WALL 13295201 1 0 1654705540
WALL 13295201 1 0 1654705541
WALL 13295201 1 0 1654705542
WALL 13295201 1 0 1654705543
WALL 13295201 1 0 1654705544
WALL 13295201 1 0 1654705545
WALL 13295201 1 0 1654705546
WALL 13295201 1 0 1654705547
WALL 13295201 1 0 1654705548
WALL 13295201 1 0 1654705549
WALL 13295201 1 0 1654705550
WALL 13295201 1 0 1654705551
WALL 13295201 1 0 1654705552
WALL 13295201 1 0 1654705553
WALL 13295201 1 0 1654705554
WALL 13295201 1 0 1654705555
WALL 13295201 1 0 1654705556
WALL 13295201 1 0 1654705557
WALL 13295201 1 0 1654705558
WALL 13295201 1 0 1654705559
WALL 13295201 1 0 1654705560
WALL 13295201 1 0 1654705561
WALL 13295201 1 0 1654705562
WALL 13295201 1 0 1654705563
WALL 13295201 1 0 1654705564
WALL 13295201 1 0 1654705565
WALL 13295201 1 0 1654705566
WALL 13295201 1 0 1654705567
WALL 13295201 1 0 1654705568
WALL 13295201 1 0 1654705569
WALL 13295201 1 0 1654705570
WALL 13295201 1 0 1654705571
WALL 13295201 1 0 1654705572
WALL 13295201 1 0 1654705573
WALL 13295201 1 0 1654705574
WALL 13295201 1 0 1654705575
WALL 13295201 1 0 1654705576
WALL 13295201 1 0 1654705577
WALL 13295201 1 0 1654705578
WALL 13295201 1 0 1654705579
WALL 13295201 1 0 1654705580
WALL 13295201 1 0 1654705581
WALL 13295201 1 0 1654705582
WALL 13295201 1 0 1654705583
WALL 13295201 1 0 1654705584
WALL 13295201 1 0 1654705585
WALL 13295201 1 0 1654705586
WALL 13295201 1 0 1654705587
WALL 13295201 1 0 1654705588
WALL 13295201 1 0 1654705589
WALL 13295201 1 0 1654705590
WALL 13295201 1 0 1654705591
WALL 13295201 1 0 1654705592
WALL 13295201 1 0 1654705593
WALL 13295201 1 0 1654705594
WALL 13295201 1 0 1654705595
WALL 13295201 1 0 1654705596
WALL 13295201 1 0 1654705597
WALL 13295201 1 0 1654705598
WALL 13295201 1 0 1654705599
WALL 13295201 1 0 1654705600
WALL 13295201 1 0 1654705601
WALL 13295201 1 0 1654705602
WALL 13295201 1 0 1654705603
WALL 13295201 1 0 1654705604
WALL 13295201 1 0 1654705605
WALL 13295201 1 0 1654705606
WALL 13295201 1 0 1654705607
WALL 13295201 1 0 1654705608
WALL 13295201 1 0 1654705609
WALL 13295201 1 0 1654705610
WALL 13295201 1 0 1654705611
WALL 13295201 1 0 1654705612
WALL 13295201 1 0 1654705613
WALL 13295201 1 0 1654705614
WALL 13295201 1 0 1654705615
WALL 13295201 1 0 1654705616
WALL 13295201 1 0 1654705617
WALL 13295201 1 0 1654705618
WALL 13295201 1 0 1654705619
WALL 13295201 1 0 1654705620
WALL 13295201 1 0 1654705621
WALL 13295201 1 0 1654705622
WALL 13295201 1 0 1654705623
WALL 13295201 1 0 1654705624
WALL 13295201 1 0 1654705625
WALL 13295201 1 0 1654705626
WALL 13295201 1 0 1654705627
WALL 13295201 1 0 1654705628
WALL 13295201 1 0 1654705629
WALL 13295201 1 0 1654705630
WALL 13295201 1 0 1654705631
WALL 13295201 1 0 1654705632
WALL 13295201 1 0 1654705633
WALL 13295201 1 0 1654705634
WALL 13295201 1 0 1654705635
WALL 13295201 1 0 1654705636
WALL 13295201 1 0 1654705637
WALL 13295201 1 0 1654705638
WALL 13295201 1 0 1654705639
WALL 13295201 1 0 1654705640
WALL 13295201 1 0 1654705641
WALL 13295201 1 0 1654705642
WALL 13295201 1 0 1654705643
WALL 13295201 1 0 1654705644
WALL 13295201 1 0 1654705645
WALL 13295201 1 0 1654705646
WALL 13295201 1 0 1654705647
WALL 13295201 1 0 1654705648
WALL 13295201 1 0 1654705649
WALL 13295201 1 0 1654705650
WALL 13295201 1 0 1654705651
WALL 13295201 1 0 1654705652
WALL 13295201 1 0 1654705653
WALL 13295201 1 0 1654705654
WALL 13295201 1 0 1654705655
WALL 13295201 1 0 1654705656
WALL 13295201 1 0 1654705657
WALL 13295201 1 0 1654705658
WALL 13295201 1 0 1654705659
WALL 13295201 1 0 1654705660
WALL 13295201 1 0 1654705661
WALL 13295201 1 0 1654705662
WALL 13295201 1 0 1654705663
WALL 13295201 1 0 1654705664
WALL 13295201 1 0 1654705665
WALL 13295201 1 0 1654705666
WALL 13295201 1 0 1654705667
WALL 13295201 1 0 1654705668
WALL 13295201 1 0 1654705669
WALL 13295201 1 0 1654705670
WALL 13295201 1 0 1654705671
WALL 13295201 1 0 1654705672
WALL 13295201 1 0 1654705673
WALL 13295201 1 0 1654705674
WALL 13295201 1 0 1654705675
WALL 13295201 1 0 1654705676
WALL 13295201 1 0 1654705677
WALL 13295201 1 0 1654705678
WALL 13295201 1 0 1654705679
WALL 13295201 1 0 1654705680
WALL 13295201 1 0 1654705681
WALL 13295201 1 0 1654705682
WALL 13295201 1 0 1654705683
WALL 13295201 1 0 1654705684
WALL 13295201 1 0 1654705685
WALL 13295201 1 0 1654705686
WALL 13295201 1 0 1654705687
WALL 13295201 1 0 1654705688
WALL 13295201 1 0 1654705689
WALL 13295201 1 0 1654705690
WALL 13295201 1 0 1654705691
WALL 13295201 1 0 1654705692
WALL 13295201 1 0 1654705693
WALL 13295201 1 0 1654705694
WALL 13295201 1 0 1654705695
WALL 13295201 1 0 1654705696
WALL 13295201 1 0 1654705697
WALL 13295201 1 0 1654705698
WALL 13295201 1 0 1654705699
WALL 13295201 1 0 1654705700
WALL 13295201 1 0 1654705701
WALL 13295201 1 0 1654705702
WALL 13295201 1 0 1654705703
WALL 13295201 1 0 1654705704
WALL 13295201 1 0 1654705705
WALL 13295201 1 0 1654705706
WALL 13295201 1 0 1654705707
WALL 13295201 1 0 1654705708
WALL 13295201 1 0 1654705709
WALL 13295201 1 0 1654705710
WALL 13295201 1 0 1654705711
WALL 13295201 1 0 1654705712
WALL 13295201 1 0 1654705713
WALL 13295201 1 0 1654705714
WALL 13295201 1 0 1654705715
WALL 13295201 1 0 1654705716
WALL 13295201 1 0 1654705717
WALL 13295201 1 0 1654705718
WALL 13295201 1 0 1654705719
WALL 13295201 1 0 1654705720
WALL 13295201 1 0 1654705721
WALL 13295201 1 0 1654705722
WALL 13295201 1 0 1654705723
WALL 13295201 1 0 1654705724
WALL 13295201 1 0 1654705725
WALL 13295201 1 0 1654705726
WALL 13295201 1 0 1654705727
WALL 13295201 1 0 1654705728
WALL 13295201 1 0 1654705729
WALL 13295201 1 0 1654705730
received SIGINT 1654705730
WALL 13295201 1 0 1654705730
received SIGCONT 1654705730
WALL 13295201 1 0 1654705730
WALL 13295201 1 0 1654705731
WALL 13295201 1 0 1654705732
WALL 13295201 1 0 1654705733
WALL 13295201 1 0 1654705734
WALL 13295201 1 0 1654705735
WALL 13295201 1 0 1654705736
WALL 13295201 1 0 1654705737
WALL 13295201 1 0 1654705738
WALL 13295201 1 0 1654705739
WALL 13295201 1 0 1654705740
WALL 13295201 1 0 1654705741
WALL 13295201 1 0 1654705742
WALL 13295201 1 0 1654705743
WALL 13295201 1 0 1654705744
WALL 13295201 1 0 1654705745
WALL 13295201 1 0 1654705746
WALL 13295201 1 0 1654705747
WALL 13295201 1 0 1654705748
WALL 13295201 1 0 1654705749
WALL 13295201 1 0 1654705750
WALL 13295201 1 0 1654705751
WALL 13295201 1 0 1654705752
WALL 13295201 1 0 1654705753
WALL 13295201 1 0 1654705754
WALL 13295201 1 0 1654705755
WALL 13295201 1 0 1654705756
WALL 13295201 1 0 1654705757
WALL 13295201 1 0 1654705758
WALL 13295201 1 0 1654705759
WALL 13295201 1 0 1654705760
WALL 13295201 1 0 1654705761
WALL 13295201 1 0 1654705762
WALL 13295201 1 0 1654705763
WALL 13295201 1 0 1654705764
WALL 13295201 1 0 1654705765
WALL 13295201 1 0 1654705766
WALL 13295201 1 0 1654705767
WALL 13295201 1 0 1654705768
WALL 13295201 1 0 1654705769
WALL 13295201 1 0 1654705770
WALL 13295201 1 0 1654705771
WALL 13295201 1 0 1654705772
WALL 13295201 1 0 1654705773
WALL 13295201 1 0 1654705774
WALL 13295201 1 0 1654705775
WALL 13295201 1 0 1654705776
WALL 13295201 1 0 1654705777
WALL 13295201 1 0 1654705778
WALL 13295201 1 0 1654705779
WALL 13295201 1 0 1654705780
WALL 13295201 1 0 1654705781
WALL 13295201 1 0 1654705782
WALL 13295201 1 0 1654705783
WALL 13295201 1 0 1654705784
WALL 13295201 1 0 1654705785
WALL 13295201 1 0 1654705786
WALL 13295201 1 0 1654705787
WALL 13295201 1 0 1654705788
WALL 13295201 1 0 1654705789
WALL 13295201 1 0 1654705790
WALL 13295201 1 0 1654705791
WALL 13295201 1 0 1654705792
WALL 13295201 1 0 1654705793
WALL 13295201 1 0 1654705794
WALL 13295201 1 0 1654705795
WALL 13295201 1 0 1654705796
WALL 13295201 1 0 1654705797
WALL 13295201 1 0 1654705798
WALL 13295201 1 0 1654705799
WALL 13295201 1 0 1654705800
WALL 13295201 1 0 1654705801
WALL 13295201 1 0 1654705802
WALL 13295201 1 0 1654705803
WALL 13295201 1 0 1654705804
WALL 13295201 1 0 1654705805
WALL 13295201 1 0 1654705806
WALL 13295201 1 0 1654705807
WALL 13295201 1 0 1654705808
WALL 13295201 1 0 1654705809
WALL 13295201 1 0 1654705810
WALL 13295201 1 0 1654705811
WALL 13295201 1 0 1654705812
WALL 13295201 1 0 1654705813
WALL 13295201 1 0 1654705814
WALL 13295201 1 0 1654705815
WALL 13295201 1 0 1654705816
WALL 13295201 1 0 1654705817
WALL 13295201 1 0 1654705818
WALL 13295201 1 0 1654705819
WALL 13295201 1 0 1654705820
WALL 13295201 1 0 1654705821
WALL 13295201 1 0 1654705822
WALL 13295201 1 0 1654705823
WALL 13295201 1 0 1654705824
WALL 13295201 1 0 1654705825
WALL 13295201 1 0 1654705826
WALL 13295201 1 0 1654705827
WALL 13295201 1 0 1654705828
WALL 13295201 1 0 1654705829
WALL 13295201 1 0 1654705830
WALL 13295201 1 0 1654705831
WALL 13295201 1 0 1654705832
WALL 13295201 1 0 1654705833
WALL 13295201 1 0 1654705834
WALL 13295201 1 0 1654705835
WALL 13295201 1 0 1654705836
WALL 13295201 1 0 1654705837
WALL 13295201 1 0 1654705838
WALL 13295201 1 0 1654705839
WALL 13295201 1 0 1654705840
WALL 13295201 1 0 1654705841
WALL 13295201 1 0 1654705842
WALL 13295201 1 0 1654705843
WALL 13295201 1 0 1654705844
WALL 13295201 1 0 1654705845
WALL 13295201 1 0 1654705846
WALL 13295201 1 0 1654705847
WALL 13295201 1 0 1654705848
WALL 13295201 1 0 1654705849
WALL 13295201 1 0 1654705850
WALL 13295201 1 0 1654705851
WALL 13295201 1 0 1654705852
WALL 13295201 1 0 1654705853
WALL 13295201 1 0 1654705854
WALL 13295201 1 0 1654705855
WALL 13295201 1 0 1654705856
WALL 13295201 1 0 1654705857
WALL 13295201 1 0 1654705858
WALL 13295201 1 0 1654705859
WALL 13295201 1 0 1654705860
WALL 13295201 1 0 1654705861
WALL 13295201 1 0 1654705862
WALL 13295201 1 0 1654705863
WALL 13295201 1 0 1654705864
WALL 13295201 1 0 1654705865
WALL 13295201 1 0 1654705866
WALL 13295201 1 0 1654705867
WALL 13295201 1 0 1654705868
WALL 13295201 1 0 1654705869
WALL 13295201 1 0 1654705870
WALL 13295201 1 0 1654705871
WALL 13295201 1 0 1654705872
WALL 13295201 1 0 1654705873
WALL 13295201 1 0 1654705874
WALL 13295201 1 0 1654705875
WALL 13295201 1 0 1654705876
WALL 13295201 1 0 1654705877
WALL 13295201 1 0 1654705878
WALL 13295201 1 0 1654705879
WALL 13295201 1 0 1654705880
WALL 13295201 1 0 1654705881
WALL 13295201 1 0 1654705882
WALL 13295201 1 0 1654705883
WALL 13295201 1 0 1654705884
WALL 13295201 1 0 1654705885
WALL 13295201 1 0 1654705886
WALL 13295201 1 0 1654705887
WALL 13295201 1 0 1654705888
WALL 13295201 1 0 1654705889
WALL 13295201 1 0 1654705890
WALL 13295201 1 0 1654705891
WALL 13295201 1 0 1654705892
WALL 13295201 1 0 1654705893
WALL 13295201 1 0 1654705894
WALL 13295201 1 0 1654705895
WALL 13295201 1 0 1654705896
WALL 13295201 1 0 1654705897
WALL 13295201 1 0 1654705898
WALL 13295201 1 0 1654705899
WALL 13295201 1 0 1654705900
WALL 13295201 1 0 1654705901
WALL 13295201 1 0 1654705902
WALL 13295201 1 0 1654705903
WALL 13295201 1 0 1654705904
WALL 13295201 1 0 1654705905
WALL 13295201 1 0 1654705906
WALL 13295201 1 0 1654705907
WALL 13295201 1 0 1654705908
WALL 13295201 1 0 1654705909
WALL 13295201 1 0 1654705910
WALL 13295201 1 0 1654705911
WALL 13295201 1 0 1654705912
WALL 13295201 1 0 1654705913
WALL 13295201 1 0 1654705914
WALL 13295201 1 0 1654705915
WALL 13295201 1 0 1654705916
WALL 13295201 1 0 1654705917
WALL 13295201 1 0 1654705918
WALL 13295201 1 0 1654705919
WALL 13295201 1 0 1654705920
WALL 13295201 1 0 1654705921
WALL 13295201 1 0 1654705922
WALL 13295201 1 0 1654705923
WALL 13295201 1 0 1654705924
WALL 13295201 1 0 1654705925
WALL 13295201 1 0 1654705926
WALL 13295201 1 0 1654705927
WALL 13295201 1 0 1654705928
WALL 13295201 1 0 1654705929
WALL 13295201 1 0 1654705930
WALL 13295201 1 0 1654705931
WALL 13295201 1 0 1654705932
WALL 13295201 1 0 1654705933
WALL 13295201 1 0 1654705934
WALL 13295201 1 0 1654705935
WALL 13295201 1 0 1654705936
WALL 13295201 1 0 1654705937
WALL 13295201 1 0 1654705938
WALL 13295201 1 0 1654705939
WALL 13295201 1 0 1654705940
WALL 13295201 1 0 1654705941
WALL 13295201 1 0 1654705942
WALL 13295201 1 0 1654705943
WALL 13295201 1 0 1654705944
WALL 13295201 1 0 1654705945
WALL 13295201 1 0 1654705946
WALL 13295201 1 0 1654705947
WALL 13295201 1 0 1654705948
WALL 13295201 1 0 1654705949
WALL 13295201 1 0 1654705950
WALL 13295201 1 0 1654705951
WALL 13295201 1 0 1654705952
WALL 13295201 1 0 1654705953
WALL 13295201 1 0 1654705954
WALL 13295201 1 0 1654705955
WALL 13295201 1 0 1654705956
WALL 13295201 1 0 1654705957
WALL 13295201 1 0 1654705958
WALL 13295201 1 0 1654705959
WALL 13295201 1 0 1654705960
WALL 13295201 1 0 1654705961
WALL 13295201 1 0 1654705962
WALL 13295201 1 0 1654705963
WALL 13295201 1 0 1654705964
WALL 13295201 1 0 1654705965
WALL 13295201 1 0 1654705966
WALL 13295201 1 0 1654705967
WALL 13295201 1 0 1654705968
WALL 13295201 1 0 1654705969
WALL 13295201 1 0 1654705970
WALL 13295201 1 0 1654705971
WALL 13295201 1 0 1654705972
WALL 13295201 1 0 1654705973
WALL 13295201 1 0 1654705974
WALL 13295201 1 0 1654705975
WALL 13295201 1 0 1654705976
WALL 13295201 1 0 1654705977
WALL 13295201 1 0 1654705978
WALL 13295201 1 0 1654705979
WALL 13295201 1 0 1654705980
WALL 13295201 1 0 1654705981
WALL 13295201 1 0 1654705982
WALL 13295201 1 0 1654705983
WALL 13295201 1 0 1654705984
WALL 13295201 1 0 1654705985
WALL 13295201 1 0 1654705986
WALL 13295201 1 0 1654705987
WALL 13295201 1 0 1654705988
WALL 13295201 1 0 1654705989
WALL 13295201 1 0 1654705990
WALL 13295201 1 0 1654705991
WALL 13295201 1 0 1654705992
WALL 13295201 1 0 1654705993
WALL 13295201 1 0 1654705994
WALL 13295201 1 0 1654705995
WALL 13295201 1 0 1654705996
WALL 13295201 1 0 1654705997
WALL 13295201 1 0 1654705998
WALL 13295201 1 0 1654705999
WALL 13295201 1 0 1654706000
WALL 13295201 1 0 1654706001
WALL 13295201 1 0 1654706002
WALL 13295201 1 0 1654706003
WALL 13295201 1 0 1654706004
WALL 13295201 1 0 1654706005
WALL 13295201 1 0 1654706006
WALL 13295201 1 0 1654706007
WALL 13295201 1 0 1654706008
WALL 13295201 1 0 1654706009
WALL 13295201 1 0 1654706010
WALL 13295201 1 0 1654706011
WALL 13295201 1 0 1654706012
WALL 13295201 1 0 1654706013
WALL 13295201 1 0 1654706014
WALL 13295201 1 0 1654706015
WALL 13295201 1 0 1654706016
WALL 13295201 1 0 1654706017
WALL 13295201 1 0 1654706018
WALL 13295201 1 0 1654706019
WALL 13295201 1 0 1654706020
WALL 13295201 1 0 1654706021
WALL 13295201 1 0 1654706022
WALL 13295201 1 0 1654706023
WALL 13295201 1 0 1654706024
WALL 13295201 1 0 1654706025
WALL 13295201 1 0 1654706026
WALL 13295201 1 0 1654706027
WALL 13295201 1 0 1654706028
WALL 13295201 1 0 1654706029
WALL 13295201 1 0 1654706030
WALL 13295201 1 0 1654706031
WALL 13295201 1 0 1654706032
WALL 13295201 1 0 1654706033
WALL 13295201 1 0 1654706034
WALL 13295201 1 0 1654706035
WALL 13295201 1 0 1654706036
WALL 13295201 1 0 1654706037
WALL 13295201 1 0 1654706038
WALL 13295201 1 0 1654706039
WALL 13295201 1 0 1654706040
WALL 13295201 1 0 1654706041
WALL 13295201 1 0 1654706042
WALL 13295201 1 0 1654706043
WALL 13295201 1 0 1654706044
WALL 13295201 1 0 1654706045
WALL 13295201 1 0 1654706046
WALL 13295201 1 0 1654706047
WALL 13295201 1 0 1654706048
WALL 13295201 1 0 1654706049
WALL 13295201 1 0 1654706050
WALL 13295201 1 0 1654706051
WALL 13295201 1 0 1654706052
WALL 13295201 1 0 1654706053
WALL 13295201 1 0 1654706054
WALL 13295201 1 0 1654706055
WALL 13295201 1 0 1654706056
WALL 13295201 1 0 1654706057
WALL 13295201 1 0 1654706058
WALL 13295201 1 0 1654706059
WALL 13295201 1 0 1654706060
srun: Job step aborted: Waiting up to 32 seconds for job step to finish.
slurmstepd: error: *** STEP 13295201.0 ON nid00040 CANCELLED AT 2022-06-08T09:34:20 DUE TO TIME LIMIT ***
received SIGTERM 1654706060
WALL 13295201 1 0 1654706060
received SIGCONT 1654706060
WALL 13295201 1 0 1654706060
srun: got SIGCONT
received SIGTERM 1654706060
WALL 13295201 1 0 1654706060
srun: forcing job termination
