WALL 13295198 1 0 1654704785
WALL 13295198 1 0 1654704786
WALL 13295198 1 0 1654704787
WALL 13295198 1 0 1654704788
WALL 13295198 1 0 1654704789
WALL 13295198 1 0 1654704790
WALL 13295198 1 0 1654704791
WALL 13295198 1 0 1654704792
WALL 13295198 1 0 1654704793
WALL 13295198 1 0 1654704794
WALL 13295198 1 0 1654704795
WALL 13295198 1 0 1654704796
WALL 13295198 1 0 1654704797
WALL 13295198 1 0 1654704798
WALL 13295198 1 0 1654704799
WALL 13295198 1 0 1654704800
WALL 13295198 1 0 1654704801
WALL 13295198 1 0 1654704802
WALL 13295198 1 0 1654704803
WALL 13295198 1 0 1654704804
WALL 13295198 1 0 1654704805
WALL 13295198 1 0 1654704806
WALL 13295198 1 0 1654704807
WALL 13295198 1 0 1654704808
WALL 13295198 1 0 1654704809
WALL 13295198 1 0 1654704810
WALL 13295198 1 0 1654704811
WALL 13295198 1 0 1654704812
WALL 13295198 1 0 1654704813
WALL 13295198 1 0 1654704814
WALL 13295198 1 0 1654704815
WALL 13295198 1 0 1654704816
WALL 13295198 1 0 1654704817
WALL 13295198 1 0 1654704818
WALL 13295198 1 0 1654704819
WALL 13295198 1 0 1654704820
WALL 13295198 1 0 1654704821
WALL 13295198 1 0 1654704822
WALL 13295198 1 0 1654704823
WALL 13295198 1 0 1654704824
WALL 13295198 1 0 1654704825
WALL 13295198 1 0 1654704826
WALL 13295198 1 0 1654704827
WALL 13295198 1 0 1654704828
WALL 13295198 1 0 1654704829
WALL 13295198 1 0 1654704830
WALL 13295198 1 0 1654704831
WALL 13295198 1 0 1654704832
WALL 13295198 1 0 1654704833
WALL 13295198 1 0 1654704834
WALL 13295198 1 0 1654704835
WALL 13295198 1 0 1654704836
WALL 13295198 1 0 1654704837
WALL 13295198 1 0 1654704838
WALL 13295198 1 0 1654704839
WALL 13295198 1 0 1654704840
WALL 13295198 1 0 1654704841
WALL 13295198 1 0 1654704842
WALL 13295198 1 0 1654704843
WALL 13295198 1 0 1654704844
WALL 13295198 1 0 1654704845
WALL 13295198 1 0 1654704846
WALL 13295198 1 0 1654704847
WALL 13295198 1 0 1654704848
WALL 13295198 1 0 1654704849
WALL 13295198 1 0 1654704850
WALL 13295198 1 0 1654704851
WALL 13295198 1 0 1654704852
WALL 13295198 1 0 1654704853
WALL 13295198 1 0 1654704854
WALL 13295198 1 0 1654704855
WALL 13295198 1 0 1654704856
WALL 13295198 1 0 1654704857
WALL 13295198 1 0 1654704858
WALL 13295198 1 0 1654704859
WALL 13295198 1 0 1654704860
WALL 13295198 1 0 1654704861
WALL 13295198 1 0 1654704862
WALL 13295198 1 0 1654704863
WALL 13295198 1 0 1654704864
WALL 13295198 1 0 1654704865
WALL 13295198 1 0 1654704866
WALL 13295198 1 0 1654704867
WALL 13295198 1 0 1654704868
WALL 13295198 1 0 1654704869
WALL 13295198 1 0 1654704870
WALL 13295198 1 0 1654704871
WALL 13295198 1 0 1654704872
WALL 13295198 1 0 1654704873
WALL 13295198 1 0 1654704874
WALL 13295198 1 0 1654704875
WALL 13295198 1 0 1654704876
WALL 13295198 1 0 1654704877
WALL 13295198 1 0 1654704878
WALL 13295198 1 0 1654704879
WALL 13295198 1 0 1654704880
WALL 13295198 1 0 1654704881
WALL 13295198 1 0 1654704882
WALL 13295198 1 0 1654704883
WALL 13295198 1 0 1654704884
WALL 13295198 1 0 1654704885
WALL 13295198 1 0 1654704886
WALL 13295198 1 0 1654704887
WALL 13295198 1 0 1654704888
WALL 13295198 1 0 1654704889
WALL 13295198 1 0 1654704890
WALL 13295198 1 0 1654704891
WALL 13295198 1 0 1654704892
WALL 13295198 1 0 1654704893
WALL 13295198 1 0 1654704894
WALL 13295198 1 0 1654704895
WALL 13295198 1 0 1654704896
WALL 13295198 1 0 1654704897
WALL 13295198 1 0 1654704898
WALL 13295198 1 0 1654704899
WALL 13295198 1 0 1654704900
WALL 13295198 1 0 1654704901
WALL 13295198 1 0 1654704902
WALL 13295198 1 0 1654704903
WALL 13295198 1 0 1654704904
WALL 13295198 1 0 1654704905
WALL 13295198 1 0 1654704906
WALL 13295198 1 0 1654704907
WALL 13295198 1 0 1654704908
WALL 13295198 1 0 1654704909
WALL 13295198 1 0 1654704910
WALL 13295198 1 0 1654704911
WALL 13295198 1 0 1654704912
WALL 13295198 1 0 1654704913
WALL 13295198 1 0 1654704914
WALL 13295198 1 0 1654704915
WALL 13295198 1 0 1654704916
WALL 13295198 1 0 1654704917
WALL 13295198 1 0 1654704918
WALL 13295198 1 0 1654704919
WALL 13295198 1 0 1654704920
WALL 13295198 1 0 1654704921
WALL 13295198 1 0 1654704922
WALL 13295198 1 0 1654704923
WALL 13295198 1 0 1654704924
WALL 13295198 1 0 1654704925
WALL 13295198 1 0 1654704926
WALL 13295198 1 0 1654704927
WALL 13295198 1 0 1654704928
WALL 13295198 1 0 1654704929
WALL 13295198 1 0 1654704930
WALL 13295198 1 0 1654704931
WALL 13295198 1 0 1654704932
WALL 13295198 1 0 1654704933
WALL 13295198 1 0 1654704934
WALL 13295198 1 0 1654704935
WALL 13295198 1 0 1654704936
WALL 13295198 1 0 1654704937
WALL 13295198 1 0 1654704938
WALL 13295198 1 0 1654704939
WALL 13295198 1 0 1654704940
WALL 13295198 1 0 1654704941
WALL 13295198 1 0 1654704942
WALL 13295198 1 0 1654704943
WALL 13295198 1 0 1654704944
WALL 13295198 1 0 1654704945
WALL 13295198 1 0 1654704946
WALL 13295198 1 0 1654704947
WALL 13295198 1 0 1654704948
WALL 13295198 1 0 1654704949
WALL 13295198 1 0 1654704950
WALL 13295198 1 0 1654704951
WALL 13295198 1 0 1654704952
WALL 13295198 1 0 1654704953
WALL 13295198 1 0 1654704954
WALL 13295198 1 0 1654704955
WALL 13295198 1 0 1654704956
WALL 13295198 1 0 1654704957
WALL 13295198 1 0 1654704958
WALL 13295198 1 0 1654704959
WALL 13295198 1 0 1654704960
WALL 13295198 1 0 1654704961
WALL 13295198 1 0 1654704962
WALL 13295198 1 0 1654704963
WALL 13295198 1 0 1654704964
WALL 13295198 1 0 1654704965
WALL 13295198 1 0 1654704966
WALL 13295198 1 0 1654704967
WALL 13295198 1 0 1654704968
WALL 13295198 1 0 1654704969
WALL 13295198 1 0 1654704970
WALL 13295198 1 0 1654704971
WALL 13295198 1 0 1654704972
WALL 13295198 1 0 1654704973
WALL 13295198 1 0 1654704974
WALL 13295198 1 0 1654704975
WALL 13295198 1 0 1654704976
WALL 13295198 1 0 1654704977
WALL 13295198 1 0 1654704978
WALL 13295198 1 0 1654704979
WALL 13295198 1 0 1654704980
WALL 13295198 1 0 1654704981
WALL 13295198 1 0 1654704982
WALL 13295198 1 0 1654704983
WALL 13295198 1 0 1654704984
WALL 13295198 1 0 1654704985
WALL 13295198 1 0 1654704986
WALL 13295198 1 0 1654704987
WALL 13295198 1 0 1654704988
WALL 13295198 1 0 1654704989
WALL 13295198 1 0 1654704990
WALL 13295198 1 0 1654704991
WALL 13295198 1 0 1654704992
WALL 13295198 1 0 1654704993
WALL 13295198 1 0 1654704994
WALL 13295198 1 0 1654704995
WALL 13295198 1 0 1654704996
WALL 13295198 1 0 1654704997
WALL 13295198 1 0 1654704998
WALL 13295198 1 0 1654704999
WALL 13295198 1 0 1654705000
WALL 13295198 1 0 1654705001
WALL 13295198 1 0 1654705002
WALL 13295198 1 0 1654705003
WALL 13295198 1 0 1654705004
WALL 13295198 1 0 1654705005
WALL 13295198 1 0 1654705006
WALL 13295198 1 0 1654705007
WALL 13295198 1 0 1654705008
WALL 13295198 1 0 1654705009
WALL 13295198 1 0 1654705010
WALL 13295198 1 0 1654705011
WALL 13295198 1 0 1654705012
WALL 13295198 1 0 1654705013
WALL 13295198 1 0 1654705014
WALL 13295198 1 0 1654705015
WALL 13295198 1 0 1654705016
WALL 13295198 1 0 1654705017
WALL 13295198 1 0 1654705018
WALL 13295198 1 0 1654705019
WALL 13295198 1 0 1654705020
WALL 13295198 1 0 1654705021
WALL 13295198 1 0 1654705022
WALL 13295198 1 0 1654705023
WALL 13295198 1 0 1654705024
WALL 13295198 1 0 1654705025
WALL 13295198 1 0 1654705026
WALL 13295198 1 0 1654705027
WALL 13295198 1 0 1654705028
WALL 13295198 1 0 1654705029
WALL 13295198 1 0 1654705030
WALL 13295198 1 0 1654705031
WALL 13295198 1 0 1654705032
WALL 13295198 1 0 1654705033
WALL 13295198 1 0 1654705034
WALL 13295198 1 0 1654705035
WALL 13295198 1 0 1654705036
WALL 13295198 1 0 1654705037
WALL 13295198 1 0 1654705038
WALL 13295198 1 0 1654705039
WALL 13295198 1 0 1654705040
WALL 13295198 1 0 1654705041
WALL 13295198 1 0 1654705042
WALL 13295198 1 0 1654705043
WALL 13295198 1 0 1654705044
WALL 13295198 1 0 1654705045
WALL 13295198 1 0 1654705046
WALL 13295198 1 0 1654705047
WALL 13295198 1 0 1654705048
WALL 13295198 1 0 1654705049
WALL 13295198 1 0 1654705050
WALL 13295198 1 0 1654705051
WALL 13295198 1 0 1654705052
WALL 13295198 1 0 1654705053
WALL 13295198 1 0 1654705054
WALL 13295198 1 0 1654705055
WALL 13295198 1 0 1654705056
WALL 13295198 1 0 1654705057
WALL 13295198 1 0 1654705058
WALL 13295198 1 0 1654705059
WALL 13295198 1 0 1654705060
WALL 13295198 1 0 1654705061
WALL 13295198 1 0 1654705062
WALL 13295198 1 0 1654705063
WALL 13295198 1 0 1654705064
WALL 13295198 1 0 1654705065
WALL 13295198 1 0 1654705066
WALL 13295198 1 0 1654705067
WALL 13295198 1 0 1654705068
WALL 13295198 1 0 1654705069
WALL 13295198 1 0 1654705070
received SIGCONT 1654705070
WALL 13295198 1 0 1654705070
received SIGINT 1654705070
WALL 13295198 1 0 1654705070
WALL 13295198 1 0 1654705071
WALL 13295198 1 0 1654705072
WALL 13295198 1 0 1654705073
WALL 13295198 1 0 1654705074
WALL 13295198 1 0 1654705075
WALL 13295198 1 0 1654705076
WALL 13295198 1 0 1654705077
WALL 13295198 1 0 1654705078
WALL 13295198 1 0 1654705079
WALL 13295198 1 0 1654705080
WALL 13295198 1 0 1654705081
WALL 13295198 1 0 1654705082
WALL 13295198 1 0 1654705083
WALL 13295198 1 0 1654705084
WALL 13295198 1 0 1654705085
WALL 13295198 1 0 1654705086
WALL 13295198 1 0 1654705087
WALL 13295198 1 0 1654705088
WALL 13295198 1 0 1654705089
WALL 13295198 1 0 1654705090
WALL 13295198 1 0 1654705091
WALL 13295198 1 0 1654705092
WALL 13295198 1 0 1654705093
WALL 13295198 1 0 1654705094
WALL 13295198 1 0 1654705095
WALL 13295198 1 0 1654705096
WALL 13295198 1 0 1654705097
WALL 13295198 1 0 1654705098
WALL 13295198 1 0 1654705099
WALL 13295198 1 0 1654705100
WALL 13295198 1 0 1654705101
WALL 13295198 1 0 1654705102
WALL 13295198 1 0 1654705103
WALL 13295198 1 0 1654705104
WALL 13295198 1 0 1654705105
WALL 13295198 1 0 1654705106
WALL 13295198 1 0 1654705107
WALL 13295198 1 0 1654705108
WALL 13295198 1 0 1654705109
WALL 13295198 1 0 1654705110
WALL 13295198 1 0 1654705111
WALL 13295198 1 0 1654705112
WALL 13295198 1 0 1654705113
WALL 13295198 1 0 1654705114
WALL 13295198 1 0 1654705115
WALL 13295198 1 0 1654705116
WALL 13295198 1 0 1654705117
WALL 13295198 1 0 1654705118
WALL 13295198 1 0 1654705119
WALL 13295198 1 0 1654705120
WALL 13295198 1 0 1654705121
WALL 13295198 1 0 1654705122
WALL 13295198 1 0 1654705123
WALL 13295198 1 0 1654705124
WALL 13295198 1 0 1654705125
WALL 13295198 1 0 1654705126
WALL 13295198 1 0 1654705127
WALL 13295198 1 0 1654705128
WALL 13295198 1 0 1654705129
WALL 13295198 1 0 1654705130
WALL 13295198 1 0 1654705131
WALL 13295198 1 0 1654705132
WALL 13295198 1 0 1654705133
WALL 13295198 1 0 1654705134
WALL 13295198 1 0 1654705135
WALL 13295198 1 0 1654705136
WALL 13295198 1 0 1654705137
WALL 13295198 1 0 1654705138
WALL 13295198 1 0 1654705139
WALL 13295198 1 0 1654705140
WALL 13295198 1 0 1654705141
WALL 13295198 1 0 1654705142
WALL 13295198 1 0 1654705143
WALL 13295198 1 0 1654705144
WALL 13295198 1 0 1654705145
WALL 13295198 1 0 1654705146
WALL 13295198 1 0 1654705147
WALL 13295198 1 0 1654705148
WALL 13295198 1 0 1654705149
WALL 13295198 1 0 1654705150
WALL 13295198 1 0 1654705151
WALL 13295198 1 0 1654705152
WALL 13295198 1 0 1654705153
WALL 13295198 1 0 1654705154
WALL 13295198 1 0 1654705155
WALL 13295198 1 0 1654705156
WALL 13295198 1 0 1654705157
WALL 13295198 1 0 1654705158
WALL 13295198 1 0 1654705159
WALL 13295198 1 0 1654705160
WALL 13295198 1 0 1654705161
WALL 13295198 1 0 1654705162
WALL 13295198 1 0 1654705163
WALL 13295198 1 0 1654705164
WALL 13295198 1 0 1654705165
WALL 13295198 1 0 1654705166
WALL 13295198 1 0 1654705167
WALL 13295198 1 0 1654705168
WALL 13295198 1 0 1654705169
WALL 13295198 1 0 1654705170
WALL 13295198 1 0 1654705171
WALL 13295198 1 0 1654705172
WALL 13295198 1 0 1654705173
WALL 13295198 1 0 1654705174
WALL 13295198 1 0 1654705175
WALL 13295198 1 0 1654705176
WALL 13295198 1 0 1654705177
WALL 13295198 1 0 1654705178
WALL 13295198 1 0 1654705179
WALL 13295198 1 0 1654705180
WALL 13295198 1 0 1654705181
WALL 13295198 1 0 1654705182
WALL 13295198 1 0 1654705183
WALL 13295198 1 0 1654705184
WALL 13295198 1 0 1654705185
WALL 13295198 1 0 1654705186
WALL 13295198 1 0 1654705187
WALL 13295198 1 0 1654705188
WALL 13295198 1 0 1654705189
WALL 13295198 1 0 1654705190
WALL 13295198 1 0 1654705191
WALL 13295198 1 0 1654705192
WALL 13295198 1 0 1654705193
WALL 13295198 1 0 1654705194
WALL 13295198 1 0 1654705195
WALL 13295198 1 0 1654705196
WALL 13295198 1 0 1654705197
WALL 13295198 1 0 1654705198
WALL 13295198 1 0 1654705199
WALL 13295198 1 0 1654705200
WALL 13295198 1 0 1654705201
WALL 13295198 1 0 1654705202
WALL 13295198 1 0 1654705203
WALL 13295198 1 0 1654705204
WALL 13295198 1 0 1654705205
WALL 13295198 1 0 1654705206
WALL 13295198 1 0 1654705207
WALL 13295198 1 0 1654705208
WALL 13295198 1 0 1654705209
WALL 13295198 1 0 1654705210
WALL 13295198 1 0 1654705211
WALL 13295198 1 0 1654705212
WALL 13295198 1 0 1654705213
WALL 13295198 1 0 1654705214
WALL 13295198 1 0 1654705215
WALL 13295198 1 0 1654705216
WALL 13295198 1 0 1654705217
WALL 13295198 1 0 1654705218
WALL 13295198 1 0 1654705219
WALL 13295198 1 0 1654705220
WALL 13295198 1 0 1654705221
WALL 13295198 1 0 1654705222
WALL 13295198 1 0 1654705223
WALL 13295198 1 0 1654705224
WALL 13295198 1 0 1654705225
WALL 13295198 1 0 1654705226
WALL 13295198 1 0 1654705227
WALL 13295198 1 0 1654705228
WALL 13295198 1 0 1654705229
WALL 13295198 1 0 1654705230
WALL 13295198 1 0 1654705231
WALL 13295198 1 0 1654705232
WALL 13295198 1 0 1654705233
WALL 13295198 1 0 1654705234
WALL 13295198 1 0 1654705235
WALL 13295198 1 0 1654705236
WALL 13295198 1 0 1654705237
WALL 13295198 1 0 1654705238
WALL 13295198 1 0 1654705239
WALL 13295198 1 0 1654705240
WALL 13295198 1 0 1654705241
WALL 13295198 1 0 1654705242
WALL 13295198 1 0 1654705243
WALL 13295198 1 0 1654705244
WALL 13295198 1 0 1654705245
WALL 13295198 1 0 1654705246
WALL 13295198 1 0 1654705247
WALL 13295198 1 0 1654705248
WALL 13295198 1 0 1654705249
WALL 13295198 1 0 1654705250
WALL 13295198 1 0 1654705251
WALL 13295198 1 0 1654705252
WALL 13295198 1 0 1654705253
WALL 13295198 1 0 1654705254
WALL 13295198 1 0 1654705255
WALL 13295198 1 0 1654705256
WALL 13295198 1 0 1654705257
WALL 13295198 1 0 1654705258
WALL 13295198 1 0 1654705259
WALL 13295198 1 0 1654705260
WALL 13295198 1 0 1654705261
WALL 13295198 1 0 1654705262
WALL 13295198 1 0 1654705263
WALL 13295198 1 0 1654705264
WALL 13295198 1 0 1654705265
WALL 13295198 1 0 1654705266
WALL 13295198 1 0 1654705267
WALL 13295198 1 0 1654705268
WALL 13295198 1 0 1654705269
WALL 13295198 1 0 1654705270
WALL 13295198 1 0 1654705271
WALL 13295198 1 0 1654705272
WALL 13295198 1 0 1654705273
WALL 13295198 1 0 1654705274
WALL 13295198 1 0 1654705275
WALL 13295198 1 0 1654705276
WALL 13295198 1 0 1654705277
WALL 13295198 1 0 1654705278
WALL 13295198 1 0 1654705279
WALL 13295198 1 0 1654705280
WALL 13295198 1 0 1654705281
WALL 13295198 1 0 1654705282
WALL 13295198 1 0 1654705283
WALL 13295198 1 0 1654705284
WALL 13295198 1 0 1654705285
WALL 13295198 1 0 1654705286
WALL 13295198 1 0 1654705287
WALL 13295198 1 0 1654705288
WALL 13295198 1 0 1654705289
WALL 13295198 1 0 1654705290
WALL 13295198 1 0 1654705291
WALL 13295198 1 0 1654705292
WALL 13295198 1 0 1654705293
WALL 13295198 1 0 1654705294
WALL 13295198 1 0 1654705295
WALL 13295198 1 0 1654705296
WALL 13295198 1 0 1654705297
WALL 13295198 1 0 1654705298
WALL 13295198 1 0 1654705299
WALL 13295198 1 0 1654705300
WALL 13295198 1 0 1654705301
WALL 13295198 1 0 1654705302
WALL 13295198 1 0 1654705303
WALL 13295198 1 0 1654705304
WALL 13295198 1 0 1654705305
WALL 13295198 1 0 1654705306
WALL 13295198 1 0 1654705307
WALL 13295198 1 0 1654705308
WALL 13295198 1 0 1654705309
WALL 13295198 1 0 1654705310
WALL 13295198 1 0 1654705311
WALL 13295198 1 0 1654705312
WALL 13295198 1 0 1654705313
WALL 13295198 1 0 1654705314
WALL 13295198 1 0 1654705315
WALL 13295198 1 0 1654705316
WALL 13295198 1 0 1654705317
WALL 13295198 1 0 1654705318
WALL 13295198 1 0 1654705319
WALL 13295198 1 0 1654705320
WALL 13295198 1 0 1654705321
WALL 13295198 1 0 1654705322
WALL 13295198 1 0 1654705323
WALL 13295198 1 0 1654705324
WALL 13295198 1 0 1654705325
WALL 13295198 1 0 1654705326
WALL 13295198 1 0 1654705327
WALL 13295198 1 0 1654705328
WALL 13295198 1 0 1654705329
WALL 13295198 1 0 1654705330
WALL 13295198 1 0 1654705331
WALL 13295198 1 0 1654705332
WALL 13295198 1 0 1654705333
WALL 13295198 1 0 1654705334
WALL 13295198 1 0 1654705335
WALL 13295198 1 0 1654705336
WALL 13295198 1 0 1654705337
WALL 13295198 1 0 1654705338
WALL 13295198 1 0 1654705339
WALL 13295198 1 0 1654705340
WALL 13295198 1 0 1654705341
WALL 13295198 1 0 1654705342
WALL 13295198 1 0 1654705343
WALL 13295198 1 0 1654705344
WALL 13295198 1 0 1654705345
WALL 13295198 1 0 1654705346
WALL 13295198 1 0 1654705347
WALL 13295198 1 0 1654705348
WALL 13295198 1 0 1654705349
WALL 13295198 1 0 1654705350
WALL 13295198 1 0 1654705351
WALL 13295198 1 0 1654705352
WALL 13295198 1 0 1654705353
WALL 13295198 1 0 1654705354
WALL 13295198 1 0 1654705355
WALL 13295198 1 0 1654705356
WALL 13295198 1 0 1654705357
WALL 13295198 1 0 1654705358
WALL 13295198 1 0 1654705359
WALL 13295198 1 0 1654705360
WALL 13295198 1 0 1654705361
WALL 13295198 1 0 1654705362
WALL 13295198 1 0 1654705363
WALL 13295198 1 0 1654705364
WALL 13295198 1 0 1654705365
WALL 13295198 1 0 1654705366
WALL 13295198 1 0 1654705367
WALL 13295198 1 0 1654705368
WALL 13295198 1 0 1654705369
WALL 13295198 1 0 1654705370
WALL 13295198 1 0 1654705371
WALL 13295198 1 0 1654705372
WALL 13295198 1 0 1654705373
WALL 13295198 1 0 1654705374
WALL 13295198 1 0 1654705375
WALL 13295198 1 0 1654705376
WALL 13295198 1 0 1654705377
WALL 13295198 1 0 1654705378
WALL 13295198 1 0 1654705379
WALL 13295198 1 0 1654705380
WALL 13295198 1 0 1654705381
WALL 13295198 1 0 1654705382
WALL 13295198 1 0 1654705383
WALL 13295198 1 0 1654705384
WALL 13295198 1 0 1654705385
WALL 13295198 1 0 1654705386
WALL 13295198 1 0 1654705387
WALL 13295198 1 0 1654705388
WALL 13295198 1 0 1654705389
WALL 13295198 1 0 1654705390
WALL 13295198 1 0 1654705391
WALL 13295198 1 0 1654705392
WALL 13295198 1 0 1654705393
WALL 13295198 1 0 1654705394
WALL 13295198 1 0 1654705395
WALL 13295198 1 0 1654705396
WALL 13295198 1 0 1654705397
WALL 13295198 1 0 1654705398
WALL 13295198 1 0 1654705399
WALL 13295198 1 0 1654705400
srun: Job step aborted: Waiting up to 32 seconds for job step to finish.
slurmstepd: error: *** STEP 13295198.0 ON nid00043 CANCELLED AT 2022-06-08T09:23:21 DUE TO TIME LIMIT ***
received SIGTERM 1654705401
WALL 13295198 1 0 1654705401
received SIGCONT 1654705401
WALL 13295198 1 0 1654705401
srun: got SIGCONT
received SIGTERM 1654705401
WALL 13295198 1 0 1654705401
srun: forcing job termination
