WALL 13295190 1 0 1654703440
WALL 13295190 1 0 1654703441
WALL 13295190 1 0 1654703442
WALL 13295190 1 0 1654703443
WALL 13295190 1 0 1654703444
WALL 13295190 1 0 1654703445
WALL 13295190 1 0 1654703446
WALL 13295190 1 0 1654703447
WALL 13295190 1 0 1654703448
WALL 13295190 1 0 1654703449
WALL 13295190 1 0 1654703450
WALL 13295190 1 0 1654703451
WALL 13295190 1 0 1654703452
WALL 13295190 1 0 1654703453
WALL 13295190 1 0 1654703454
WALL 13295190 1 0 1654703455
WALL 13295190 1 0 1654703456
WALL 13295190 1 0 1654703457
WALL 13295190 1 0 1654703458
WALL 13295190 1 0 1654703459
WALL 13295190 1 0 1654703460
WALL 13295190 1 0 1654703461
WALL 13295190 1 0 1654703462
WALL 13295190 1 0 1654703463
WALL 13295190 1 0 1654703464
WALL 13295190 1 0 1654703465
WALL 13295190 1 0 1654703466
WALL 13295190 1 0 1654703467
WALL 13295190 1 0 1654703468
WALL 13295190 1 0 1654703469
WALL 13295190 1 0 1654703470
WALL 13295190 1 0 1654703471
WALL 13295190 1 0 1654703472
WALL 13295190 1 0 1654703473
WALL 13295190 1 0 1654703474
WALL 13295190 1 0 1654703475
WALL 13295190 1 0 1654703476
WALL 13295190 1 0 1654703477
WALL 13295190 1 0 1654703478
WALL 13295190 1 0 1654703479
WALL 13295190 1 0 1654703480
WALL 13295190 1 0 1654703481
WALL 13295190 1 0 1654703482
WALL 13295190 1 0 1654703483
WALL 13295190 1 0 1654703484
WALL 13295190 1 0 1654703485
WALL 13295190 1 0 1654703486
WALL 13295190 1 0 1654703487
WALL 13295190 1 0 1654703488
WALL 13295190 1 0 1654703489
WALL 13295190 1 0 1654703490
WALL 13295190 1 0 1654703491
WALL 13295190 1 0 1654703492
WALL 13295190 1 0 1654703493
WALL 13295190 1 0 1654703494
WALL 13295190 1 0 1654703495
WALL 13295190 1 0 1654703496
WALL 13295190 1 0 1654703497
WALL 13295190 1 0 1654703498
WALL 13295190 1 0 1654703499
WALL 13295190 1 0 1654703500
WALL 13295190 1 0 1654703501
WALL 13295190 1 0 1654703502
WALL 13295190 1 0 1654703503
WALL 13295190 1 0 1654703504
WALL 13295190 1 0 1654703505
WALL 13295190 1 0 1654703506
WALL 13295190 1 0 1654703507
WALL 13295190 1 0 1654703508
WALL 13295190 1 0 1654703509
WALL 13295190 1 0 1654703510
WALL 13295190 1 0 1654703511
WALL 13295190 1 0 1654703512
WALL 13295190 1 0 1654703513
WALL 13295190 1 0 1654703514
WALL 13295190 1 0 1654703515
WALL 13295190 1 0 1654703516
WALL 13295190 1 0 1654703517
WALL 13295190 1 0 1654703518
WALL 13295190 1 0 1654703519
WALL 13295190 1 0 1654703520
WALL 13295190 1 0 1654703521
WALL 13295190 1 0 1654703522
WALL 13295190 1 0 1654703523
WALL 13295190 1 0 1654703524
WALL 13295190 1 0 1654703525
WALL 13295190 1 0 1654703526
WALL 13295190 1 0 1654703527
WALL 13295190 1 0 1654703528
WALL 13295190 1 0 1654703529
WALL 13295190 1 0 1654703530
WALL 13295190 1 0 1654703531
WALL 13295190 1 0 1654703532
WALL 13295190 1 0 1654703533
WALL 13295190 1 0 1654703534
WALL 13295190 1 0 1654703535
WALL 13295190 1 0 1654703536
WALL 13295190 1 0 1654703537
WALL 13295190 1 0 1654703538
WALL 13295190 1 0 1654703539
WALL 13295190 1 0 1654703540
WALL 13295190 1 0 1654703541
WALL 13295190 1 0 1654703542
WALL 13295190 1 0 1654703543
WALL 13295190 1 0 1654703544
WALL 13295190 1 0 1654703545
WALL 13295190 1 0 1654703546
WALL 13295190 1 0 1654703547
WALL 13295190 1 0 1654703548
WALL 13295190 1 0 1654703549
WALL 13295190 1 0 1654703550
WALL 13295190 1 0 1654703551
WALL 13295190 1 0 1654703552
WALL 13295190 1 0 1654703553
WALL 13295190 1 0 1654703554
WALL 13295190 1 0 1654703555
WALL 13295190 1 0 1654703556
WALL 13295190 1 0 1654703557
WALL 13295190 1 0 1654703558
WALL 13295190 1 0 1654703559
WALL 13295190 1 0 1654703560
WALL 13295190 1 0 1654703561
WALL 13295190 1 0 1654703562
WALL 13295190 1 0 1654703563
WALL 13295190 1 0 1654703564
WALL 13295190 1 0 1654703565
WALL 13295190 1 0 1654703566
WALL 13295190 1 0 1654703567
WALL 13295190 1 0 1654703568
WALL 13295190 1 0 1654703569
WALL 13295190 1 0 1654703570
WALL 13295190 1 0 1654703571
WALL 13295190 1 0 1654703572
WALL 13295190 1 0 1654703573
WALL 13295190 1 0 1654703574
WALL 13295190 1 0 1654703575
WALL 13295190 1 0 1654703576
WALL 13295190 1 0 1654703577
WALL 13295190 1 0 1654703578
WALL 13295190 1 0 1654703579
WALL 13295190 1 0 1654703580
WALL 13295190 1 0 1654703581
WALL 13295190 1 0 1654703582
WALL 13295190 1 0 1654703583
WALL 13295190 1 0 1654703584
WALL 13295190 1 0 1654703585
WALL 13295190 1 0 1654703586
WALL 13295190 1 0 1654703587
WALL 13295190 1 0 1654703588
WALL 13295190 1 0 1654703589
WALL 13295190 1 0 1654703590
WALL 13295190 1 0 1654703591
WALL 13295190 1 0 1654703592
WALL 13295190 1 0 1654703593
WALL 13295190 1 0 1654703594
WALL 13295190 1 0 1654703595
WALL 13295190 1 0 1654703596
WALL 13295190 1 0 1654703597
WALL 13295190 1 0 1654703598
WALL 13295190 1 0 1654703599
WALL 13295190 1 0 1654703600
WALL 13295190 1 0 1654703601
WALL 13295190 1 0 1654703602
WALL 13295190 1 0 1654703603
WALL 13295190 1 0 1654703604
WALL 13295190 1 0 1654703605
WALL 13295190 1 0 1654703606
WALL 13295190 1 0 1654703607
WALL 13295190 1 0 1654703608
WALL 13295190 1 0 1654703609
WALL 13295190 1 0 1654703610
WALL 13295190 1 0 1654703611
WALL 13295190 1 0 1654703612
WALL 13295190 1 0 1654703613
WALL 13295190 1 0 1654703614
WALL 13295190 1 0 1654703615
WALL 13295190 1 0 1654703616
WALL 13295190 1 0 1654703617
WALL 13295190 1 0 1654703618
WALL 13295190 1 0 1654703619
WALL 13295190 1 0 1654703620
WALL 13295190 1 0 1654703621
WALL 13295190 1 0 1654703622
WALL 13295190 1 0 1654703623
WALL 13295190 1 0 1654703624
WALL 13295190 1 0 1654703625
WALL 13295190 1 0 1654703626
WALL 13295190 1 0 1654703627
WALL 13295190 1 0 1654703628
WALL 13295190 1 0 1654703629
WALL 13295190 1 0 1654703630
WALL 13295190 1 0 1654703631
WALL 13295190 1 0 1654703632
WALL 13295190 1 0 1654703633
WALL 13295190 1 0 1654703634
WALL 13295190 1 0 1654703635
WALL 13295190 1 0 1654703636
WALL 13295190 1 0 1654703637
WALL 13295190 1 0 1654703638
WALL 13295190 1 0 1654703639
WALL 13295190 1 0 1654703640
WALL 13295190 1 0 1654703641
WALL 13295190 1 0 1654703642
WALL 13295190 1 0 1654703643
WALL 13295190 1 0 1654703644
WALL 13295190 1 0 1654703645
WALL 13295190 1 0 1654703646
WALL 13295190 1 0 1654703647
WALL 13295190 1 0 1654703648
WALL 13295190 1 0 1654703649
WALL 13295190 1 0 1654703650
WALL 13295190 1 0 1654703651
WALL 13295190 1 0 1654703652
WALL 13295190 1 0 1654703653
WALL 13295190 1 0 1654703654
WALL 13295190 1 0 1654703655
WALL 13295190 1 0 1654703656
WALL 13295190 1 0 1654703657
WALL 13295190 1 0 1654703658
WALL 13295190 1 0 1654703659
WALL 13295190 1 0 1654703660
WALL 13295190 1 0 1654703661
WALL 13295190 1 0 1654703662
WALL 13295190 1 0 1654703663
WALL 13295190 1 0 1654703664
WALL 13295190 1 0 1654703665
WALL 13295190 1 0 1654703666
WALL 13295190 1 0 1654703667
WALL 13295190 1 0 1654703668
WALL 13295190 1 0 1654703669
WALL 13295190 1 0 1654703670
WALL 13295190 1 0 1654703671
WALL 13295190 1 0 1654703672
WALL 13295190 1 0 1654703673
WALL 13295190 1 0 1654703674
WALL 13295190 1 0 1654703675
WALL 13295190 1 0 1654703676
WALL 13295190 1 0 1654703677
WALL 13295190 1 0 1654703678
WALL 13295190 1 0 1654703679
WALL 13295190 1 0 1654703680
WALL 13295190 1 0 1654703681
WALL 13295190 1 0 1654703682
WALL 13295190 1 0 1654703683
WALL 13295190 1 0 1654703684
WALL 13295190 1 0 1654703685
WALL 13295190 1 0 1654703686
WALL 13295190 1 0 1654703687
WALL 13295190 1 0 1654703688
WALL 13295190 1 0 1654703689
WALL 13295190 1 0 1654703690
WALL 13295190 1 0 1654703691
WALL 13295190 1 0 1654703692
WALL 13295190 1 0 1654703693
WALL 13295190 1 0 1654703694
WALL 13295190 1 0 1654703695
WALL 13295190 1 0 1654703696
WALL 13295190 1 0 1654703697
WALL 13295190 1 0 1654703698
WALL 13295190 1 0 1654703699
WALL 13295190 1 0 1654703700
WALL 13295190 1 0 1654703701
WALL 13295190 1 0 1654703702
WALL 13295190 1 0 1654703703
WALL 13295190 1 0 1654703704
WALL 13295190 1 0 1654703705
WALL 13295190 1 0 1654703706
WALL 13295190 1 0 1654703707
WALL 13295190 1 0 1654703708
WALL 13295190 1 0 1654703709
WALL 13295190 1 0 1654703710
WALL 13295190 1 0 1654703711
WALL 13295190 1 0 1654703712
WALL 13295190 1 0 1654703713
WALL 13295190 1 0 1654703714
WALL 13295190 1 0 1654703715
WALL 13295190 1 0 1654703716
WALL 13295190 1 0 1654703717
WALL 13295190 1 0 1654703718
WALL 13295190 1 0 1654703719
received SIGCONT 1654703720
WALL 13295190 1 0 1654703720
received SIGINT 1654703720
WALL 13295190 1 0 1654703720
WALL 13295190 1 0 1654703721
WALL 13295190 1 0 1654703722
WALL 13295190 1 0 1654703723
WALL 13295190 1 0 1654703724
WALL 13295190 1 0 1654703725
WALL 13295190 1 0 1654703726
WALL 13295190 1 0 1654703727
WALL 13295190 1 0 1654703728
WALL 13295190 1 0 1654703729
WALL 13295190 1 0 1654703730
WALL 13295190 1 0 1654703731
WALL 13295190 1 0 1654703732
WALL 13295190 1 0 1654703733
WALL 13295190 1 0 1654703734
WALL 13295190 1 0 1654703735
WALL 13295190 1 0 1654703736
WALL 13295190 1 0 1654703737
WALL 13295190 1 0 1654703738
WALL 13295190 1 0 1654703739
WALL 13295190 1 0 1654703740
WALL 13295190 1 0 1654703741
WALL 13295190 1 0 1654703742
WALL 13295190 1 0 1654703743
WALL 13295190 1 0 1654703744
WALL 13295190 1 0 1654703745
WALL 13295190 1 0 1654703746
WALL 13295190 1 0 1654703747
WALL 13295190 1 0 1654703748
WALL 13295190 1 0 1654703749
WALL 13295190 1 0 1654703750
WALL 13295190 1 0 1654703751
WALL 13295190 1 0 1654703752
WALL 13295190 1 0 1654703753
WALL 13295190 1 0 1654703754
WALL 13295190 1 0 1654703755
WALL 13295190 1 0 1654703756
WALL 13295190 1 0 1654703757
WALL 13295190 1 0 1654703758
WALL 13295190 1 0 1654703759
WALL 13295190 1 0 1654703760
WALL 13295190 1 0 1654703761
WALL 13295190 1 0 1654703762
WALL 13295190 1 0 1654703763
WALL 13295190 1 0 1654703764
WALL 13295190 1 0 1654703765
WALL 13295190 1 0 1654703766
WALL 13295190 1 0 1654703767
WALL 13295190 1 0 1654703768
WALL 13295190 1 0 1654703769
WALL 13295190 1 0 1654703770
WALL 13295190 1 0 1654703771
WALL 13295190 1 0 1654703772
WALL 13295190 1 0 1654703773
WALL 13295190 1 0 1654703774
WALL 13295190 1 0 1654703775
WALL 13295190 1 0 1654703776
WALL 13295190 1 0 1654703777
WALL 13295190 1 0 1654703778
WALL 13295190 1 0 1654703779
WALL 13295190 1 0 1654703780
WALL 13295190 1 0 1654703781
WALL 13295190 1 0 1654703782
WALL 13295190 1 0 1654703783
WALL 13295190 1 0 1654703784
WALL 13295190 1 0 1654703785
WALL 13295190 1 0 1654703786
WALL 13295190 1 0 1654703787
WALL 13295190 1 0 1654703788
WALL 13295190 1 0 1654703789
WALL 13295190 1 0 1654703790
WALL 13295190 1 0 1654703791
WALL 13295190 1 0 1654703792
WALL 13295190 1 0 1654703793
WALL 13295190 1 0 1654703794
WALL 13295190 1 0 1654703795
WALL 13295190 1 0 1654703796
WALL 13295190 1 0 1654703797
WALL 13295190 1 0 1654703798
WALL 13295190 1 0 1654703799
WALL 13295190 1 0 1654703800
WALL 13295190 1 0 1654703801
WALL 13295190 1 0 1654703802
WALL 13295190 1 0 1654703803
WALL 13295190 1 0 1654703804
WALL 13295190 1 0 1654703805
WALL 13295190 1 0 1654703806
WALL 13295190 1 0 1654703807
WALL 13295190 1 0 1654703808
WALL 13295190 1 0 1654703809
WALL 13295190 1 0 1654703810
WALL 13295190 1 0 1654703811
WALL 13295190 1 0 1654703812
WALL 13295190 1 0 1654703813
WALL 13295190 1 0 1654703814
WALL 13295190 1 0 1654703815
WALL 13295190 1 0 1654703816
WALL 13295190 1 0 1654703817
WALL 13295190 1 0 1654703818
WALL 13295190 1 0 1654703819
WALL 13295190 1 0 1654703820
WALL 13295190 1 0 1654703821
WALL 13295190 1 0 1654703822
WALL 13295190 1 0 1654703823
WALL 13295190 1 0 1654703824
WALL 13295190 1 0 1654703825
WALL 13295190 1 0 1654703826
WALL 13295190 1 0 1654703827
WALL 13295190 1 0 1654703828
WALL 13295190 1 0 1654703829
WALL 13295190 1 0 1654703830
WALL 13295190 1 0 1654703831
WALL 13295190 1 0 1654703832
WALL 13295190 1 0 1654703833
WALL 13295190 1 0 1654703834
WALL 13295190 1 0 1654703835
WALL 13295190 1 0 1654703836
WALL 13295190 1 0 1654703837
WALL 13295190 1 0 1654703838
WALL 13295190 1 0 1654703839
WALL 13295190 1 0 1654703840
WALL 13295190 1 0 1654703841
WALL 13295190 1 0 1654703842
WALL 13295190 1 0 1654703843
WALL 13295190 1 0 1654703844
WALL 13295190 1 0 1654703845
WALL 13295190 1 0 1654703846
WALL 13295190 1 0 1654703847
WALL 13295190 1 0 1654703848
WALL 13295190 1 0 1654703849
WALL 13295190 1 0 1654703850
WALL 13295190 1 0 1654703851
WALL 13295190 1 0 1654703852
WALL 13295190 1 0 1654703853
WALL 13295190 1 0 1654703854
WALL 13295190 1 0 1654703855
WALL 13295190 1 0 1654703856
WALL 13295190 1 0 1654703857
WALL 13295190 1 0 1654703858
WALL 13295190 1 0 1654703859
WALL 13295190 1 0 1654703860
WALL 13295190 1 0 1654703861
WALL 13295190 1 0 1654703862
WALL 13295190 1 0 1654703863
WALL 13295190 1 0 1654703864
WALL 13295190 1 0 1654703865
WALL 13295190 1 0 1654703866
WALL 13295190 1 0 1654703867
WALL 13295190 1 0 1654703868
WALL 13295190 1 0 1654703869
WALL 13295190 1 0 1654703870
WALL 13295190 1 0 1654703871
WALL 13295190 1 0 1654703872
WALL 13295190 1 0 1654703873
WALL 13295190 1 0 1654703874
WALL 13295190 1 0 1654703875
WALL 13295190 1 0 1654703876
WALL 13295190 1 0 1654703877
WALL 13295190 1 0 1654703878
WALL 13295190 1 0 1654703879
WALL 13295190 1 0 1654703880
WALL 13295190 1 0 1654703881
WALL 13295190 1 0 1654703882
WALL 13295190 1 0 1654703883
WALL 13295190 1 0 1654703884
WALL 13295190 1 0 1654703885
WALL 13295190 1 0 1654703886
WALL 13295190 1 0 1654703887
WALL 13295190 1 0 1654703888
WALL 13295190 1 0 1654703889
WALL 13295190 1 0 1654703890
WALL 13295190 1 0 1654703891
WALL 13295190 1 0 1654703892
WALL 13295190 1 0 1654703893
WALL 13295190 1 0 1654703894
WALL 13295190 1 0 1654703895
WALL 13295190 1 0 1654703896
WALL 13295190 1 0 1654703897
WALL 13295190 1 0 1654703898
WALL 13295190 1 0 1654703899
WALL 13295190 1 0 1654703900
WALL 13295190 1 0 1654703901
WALL 13295190 1 0 1654703902
WALL 13295190 1 0 1654703903
WALL 13295190 1 0 1654703904
WALL 13295190 1 0 1654703905
WALL 13295190 1 0 1654703906
WALL 13295190 1 0 1654703907
WALL 13295190 1 0 1654703908
WALL 13295190 1 0 1654703909
WALL 13295190 1 0 1654703910
WALL 13295190 1 0 1654703911
WALL 13295190 1 0 1654703912
WALL 13295190 1 0 1654703913
WALL 13295190 1 0 1654703914
WALL 13295190 1 0 1654703915
WALL 13295190 1 0 1654703916
WALL 13295190 1 0 1654703917
WALL 13295190 1 0 1654703918
WALL 13295190 1 0 1654703919
WALL 13295190 1 0 1654703920
WALL 13295190 1 0 1654703921
WALL 13295190 1 0 1654703922
WALL 13295190 1 0 1654703923
WALL 13295190 1 0 1654703924
WALL 13295190 1 0 1654703925
WALL 13295190 1 0 1654703926
WALL 13295190 1 0 1654703927
WALL 13295190 1 0 1654703928
WALL 13295190 1 0 1654703929
WALL 13295190 1 0 1654703930
WALL 13295190 1 0 1654703931
WALL 13295190 1 0 1654703932
WALL 13295190 1 0 1654703933
WALL 13295190 1 0 1654703934
WALL 13295190 1 0 1654703935
WALL 13295190 1 0 1654703936
WALL 13295190 1 0 1654703937
WALL 13295190 1 0 1654703938
WALL 13295190 1 0 1654703939
WALL 13295190 1 0 1654703940
WALL 13295190 1 0 1654703941
WALL 13295190 1 0 1654703942
WALL 13295190 1 0 1654703943
WALL 13295190 1 0 1654703944
WALL 13295190 1 0 1654703945
WALL 13295190 1 0 1654703946
WALL 13295190 1 0 1654703947
WALL 13295190 1 0 1654703948
WALL 13295190 1 0 1654703949
WALL 13295190 1 0 1654703950
WALL 13295190 1 0 1654703951
WALL 13295190 1 0 1654703952
WALL 13295190 1 0 1654703953
WALL 13295190 1 0 1654703954
WALL 13295190 1 0 1654703955
WALL 13295190 1 0 1654703956
WALL 13295190 1 0 1654703957
WALL 13295190 1 0 1654703958
WALL 13295190 1 0 1654703959
WALL 13295190 1 0 1654703960
WALL 13295190 1 0 1654703961
WALL 13295190 1 0 1654703962
WALL 13295190 1 0 1654703963
WALL 13295190 1 0 1654703964
WALL 13295190 1 0 1654703965
WALL 13295190 1 0 1654703966
WALL 13295190 1 0 1654703967
WALL 13295190 1 0 1654703968
WALL 13295190 1 0 1654703969
WALL 13295190 1 0 1654703970
WALL 13295190 1 0 1654703971
WALL 13295190 1 0 1654703972
WALL 13295190 1 0 1654703973
WALL 13295190 1 0 1654703974
WALL 13295190 1 0 1654703975
WALL 13295190 1 0 1654703976
WALL 13295190 1 0 1654703977
WALL 13295190 1 0 1654703978
WALL 13295190 1 0 1654703979
WALL 13295190 1 0 1654703980
WALL 13295190 1 0 1654703981
WALL 13295190 1 0 1654703982
WALL 13295190 1 0 1654703983
WALL 13295190 1 0 1654703984
WALL 13295190 1 0 1654703985
WALL 13295190 1 0 1654703986
WALL 13295190 1 0 1654703987
WALL 13295190 1 0 1654703988
WALL 13295190 1 0 1654703989
WALL 13295190 1 0 1654703990
WALL 13295190 1 0 1654703991
WALL 13295190 1 0 1654703992
WALL 13295190 1 0 1654703993
WALL 13295190 1 0 1654703994
WALL 13295190 1 0 1654703995
WALL 13295190 1 0 1654703996
WALL 13295190 1 0 1654703997
WALL 13295190 1 0 1654703998
WALL 13295190 1 0 1654703999
WALL 13295190 1 0 1654704000
WALL 13295190 1 0 1654704001
WALL 13295190 1 0 1654704002
WALL 13295190 1 0 1654704003
WALL 13295190 1 0 1654704004
WALL 13295190 1 0 1654704005
WALL 13295190 1 0 1654704006
WALL 13295190 1 0 1654704007
WALL 13295190 1 0 1654704008
WALL 13295190 1 0 1654704009
WALL 13295190 1 0 1654704010
WALL 13295190 1 0 1654704011
WALL 13295190 1 0 1654704012
WALL 13295190 1 0 1654704013
WALL 13295190 1 0 1654704014
WALL 13295190 1 0 1654704015
WALL 13295190 1 0 1654704016
WALL 13295190 1 0 1654704017
WALL 13295190 1 0 1654704018
WALL 13295190 1 0 1654704019
WALL 13295190 1 0 1654704020
WALL 13295190 1 0 1654704021
WALL 13295190 1 0 1654704022
WALL 13295190 1 0 1654704023
WALL 13295190 1 0 1654704024
WALL 13295190 1 0 1654704025
WALL 13295190 1 0 1654704026
WALL 13295190 1 0 1654704027
WALL 13295190 1 0 1654704028
WALL 13295190 1 0 1654704029
WALL 13295190 1 0 1654704030
WALL 13295190 1 0 1654704031
WALL 13295190 1 0 1654704032
WALL 13295190 1 0 1654704033
WALL 13295190 1 0 1654704034
WALL 13295190 1 0 1654704035
WALL 13295190 1 0 1654704036
WALL 13295190 1 0 1654704037
WALL 13295190 1 0 1654704038
WALL 13295190 1 0 1654704039
WALL 13295190 1 0 1654704040
WALL 13295190 1 0 1654704041
WALL 13295190 1 0 1654704042
WALL 13295190 1 0 1654704043
WALL 13295190 1 0 1654704044
WALL 13295190 1 0 1654704045
WALL 13295190 1 0 1654704046
WALL 13295190 1 0 1654704047
WALL 13295190 1 0 1654704048
WALL 13295190 1 0 1654704049
WALL 13295190 1 0 1654704050
slurmstepd: error: *** STEP 13295190.0 ON nid00043 CANCELLED AT 2022-06-08T09:00:50 DUE TO TIME LIMIT ***
srun: Job step aborted: Waiting up to 32 seconds for job step to finish.
received SIGTERM 1654704050
WALL 13295190 1 0 1654704050
received SIGCONT 1654704050
WALL 13295190 1 0 1654704050
srun: got SIGCONT
received SIGTERM 1654704050
WALL 13295190 1 0 1654704050
srun: forcing job termination
