srun: warning: can't run 1 processes on 4 nodes, setting nnodes to 1
WALL 21025596 1 0 1706553159
WALL 21025596 1 0 1706553160
WALL 21025596 1 0 1706553161
WALL 21025596 1 0 1706553162
WALL 21025596 1 0 1706553163
WALL 21025596 1 0 1706553164
WALL 21025596 1 0 1706553165
WALL 21025596 1 0 1706553166
WALL 21025596 1 0 1706553167
WALL 21025596 1 0 1706553168
WALL 21025596 1 0 1706553169
WALL 21025596 1 0 1706553170
WALL 21025596 1 0 1706553171
WALL 21025596 1 0 1706553172
WALL 21025596 1 0 1706553173
WALL 21025596 1 0 1706553174
WALL 21025596 1 0 1706553175
WALL 21025596 1 0 1706553176
WALL 21025596 1 0 1706553177
WALL 21025596 1 0 1706553178
WALL 21025596 1 0 1706553179
WALL 21025596 1 0 1706553180
WALL 21025596 1 0 1706553181
WALL 21025596 1 0 1706553182
WALL 21025596 1 0 1706553183
WALL 21025596 1 0 1706553184
WALL 21025596 1 0 1706553185
WALL 21025596 1 0 1706553186
WALL 21025596 1 0 1706553187
WALL 21025596 1 0 1706553188
WALL 21025596 1 0 1706553189
WALL 21025596 1 0 1706553190
WALL 21025596 1 0 1706553191
WALL 21025596 1 0 1706553192
WALL 21025596 1 0 1706553193
WALL 21025596 1 0 1706553194
WALL 21025596 1 0 1706553195
WALL 21025596 1 0 1706553196
WALL 21025596 1 0 1706553197
WALL 21025596 1 0 1706553198
WALL 21025596 1 0 1706553199
WALL 21025596 1 0 1706553200
WALL 21025596 1 0 1706553201
WALL 21025596 1 0 1706553202
WALL 21025596 1 0 1706553203
WALL 21025596 1 0 1706553204
WALL 21025596 1 0 1706553205
WALL 21025596 1 0 1706553206
WALL 21025596 1 0 1706553207
WALL 21025596 1 0 1706553208
WALL 21025596 1 0 1706553209
WALL 21025596 1 0 1706553210
WALL 21025596 1 0 1706553211
WALL 21025596 1 0 1706553212
WALL 21025596 1 0 1706553213
WALL 21025596 1 0 1706553214
WALL 21025596 1 0 1706553215
WALL 21025596 1 0 1706553216
WALL 21025596 1 0 1706553217
WALL 21025596 1 0 1706553218
WALL 21025596 1 0 1706553219
WALL 21025596 1 0 1706553220
WALL 21025596 1 0 1706553221
WALL 21025596 1 0 1706553222
WALL 21025596 1 0 1706553223
WALL 21025596 1 0 1706553224
WALL 21025596 1 0 1706553225
WALL 21025596 1 0 1706553226
WALL 21025596 1 0 1706553227
WALL 21025596 1 0 1706553228
WALL 21025596 1 0 1706553229
WALL 21025596 1 0 1706553230
WALL 21025596 1 0 1706553231
WALL 21025596 1 0 1706553232
WALL 21025596 1 0 1706553233
WALL 21025596 1 0 1706553234
WALL 21025596 1 0 1706553235
WALL 21025596 1 0 1706553236
WALL 21025596 1 0 1706553237
WALL 21025596 1 0 1706553238
WALL 21025596 1 0 1706553239
WALL 21025596 1 0 1706553240
WALL 21025596 1 0 1706553241
WALL 21025596 1 0 1706553242
WALL 21025596 1 0 1706553243
WALL 21025596 1 0 1706553244
WALL 21025596 1 0 1706553245
WALL 21025596 1 0 1706553246
WALL 21025596 1 0 1706553247
WALL 21025596 1 0 1706553248
WALL 21025596 1 0 1706553249
WALL 21025596 1 0 1706553250
WALL 21025596 1 0 1706553251
WALL 21025596 1 0 1706553252
WALL 21025596 1 0 1706553253
WALL 21025596 1 0 1706553254
WALL 21025596 1 0 1706553255
WALL 21025596 1 0 1706553256
WALL 21025596 1 0 1706553257
WALL 21025596 1 0 1706553258
WALL 21025596 1 0 1706553259
WALL 21025596 1 0 1706553260
WALL 21025596 1 0 1706553261
WALL 21025596 1 0 1706553262
WALL 21025596 1 0 1706553263
WALL 21025596 1 0 1706553264
WALL 21025596 1 0 1706553265
WALL 21025596 1 0 1706553266
WALL 21025596 1 0 1706553267
WALL 21025596 1 0 1706553268
WALL 21025596 1 0 1706553269
WALL 21025596 1 0 1706553270
WALL 21025596 1 0 1706553271
WALL 21025596 1 0 1706553272
WALL 21025596 1 0 1706553273
WALL 21025596 1 0 1706553274
WALL 21025596 1 0 1706553275
WALL 21025596 1 0 1706553276
WALL 21025596 1 0 1706553277
WALL 21025596 1 0 1706553278
WALL 21025596 1 0 1706553279
WALL 21025596 1 0 1706553280
WALL 21025596 1 0 1706553281
WALL 21025596 1 0 1706553282
WALL 21025596 1 0 1706553283
WALL 21025596 1 0 1706553284
WALL 21025596 1 0 1706553285
WALL 21025596 1 0 1706553286
WALL 21025596 1 0 1706553287
WALL 21025596 1 0 1706553288
WALL 21025596 1 0 1706553289
WALL 21025596 1 0 1706553290
WALL 21025596 1 0 1706553291
WALL 21025596 1 0 1706553292
WALL 21025596 1 0 1706553293
WALL 21025596 1 0 1706553294
WALL 21025596 1 0 1706553295
WALL 21025596 1 0 1706553296
WALL 21025596 1 0 1706553297
WALL 21025596 1 0 1706553298
WALL 21025596 1 0 1706553299
WALL 21025596 1 0 1706553300
WALL 21025596 1 0 1706553301
WALL 21025596 1 0 1706553302
WALL 21025596 1 0 1706553303
WALL 21025596 1 0 1706553304
WALL 21025596 1 0 1706553305
WALL 21025596 1 0 1706553306
WALL 21025596 1 0 1706553307
WALL 21025596 1 0 1706553308
WALL 21025596 1 0 1706553309
WALL 21025596 1 0 1706553310
WALL 21025596 1 0 1706553311
WALL 21025596 1 0 1706553312
WALL 21025596 1 0 1706553313
WALL 21025596 1 0 1706553314
WALL 21025596 1 0 1706553315
WALL 21025596 1 0 1706553316
WALL 21025596 1 0 1706553317
WALL 21025596 1 0 1706553318
WALL 21025596 1 0 1706553319
WALL 21025596 1 0 1706553320
WALL 21025596 1 0 1706553321
WALL 21025596 1 0 1706553322
WALL 21025596 1 0 1706553323
WALL 21025596 1 0 1706553324
WALL 21025596 1 0 1706553325
WALL 21025596 1 0 1706553326
WALL 21025596 1 0 1706553327
WALL 21025596 1 0 1706553328
WALL 21025596 1 0 1706553329
WALL 21025596 1 0 1706553330
WALL 21025596 1 0 1706553331
WALL 21025596 1 0 1706553332
WALL 21025596 1 0 1706553333
WALL 21025596 1 0 1706553334
WALL 21025596 1 0 1706553335
WALL 21025596 1 0 1706553336
WALL 21025596 1 0 1706553337
WALL 21025596 1 0 1706553338
WALL 21025596 1 0 1706553339
WALL 21025596 1 0 1706553340
WALL 21025596 1 0 1706553341
WALL 21025596 1 0 1706553342
WALL 21025596 1 0 1706553343
WALL 21025596 1 0 1706553344
WALL 21025596 1 0 1706553345
WALL 21025596 1 0 1706553346
WALL 21025596 1 0 1706553347
WALL 21025596 1 0 1706553348
WALL 21025596 1 0 1706553349
WALL 21025596 1 0 1706553350
WALL 21025596 1 0 1706553351
WALL 21025596 1 0 1706553352
WALL 21025596 1 0 1706553353
WALL 21025596 1 0 1706553354
WALL 21025596 1 0 1706553355
WALL 21025596 1 0 1706553356
WALL 21025596 1 0 1706553357
WALL 21025596 1 0 1706553358
WALL 21025596 1 0 1706553359
WALL 21025596 1 0 1706553360
WALL 21025596 1 0 1706553361
WALL 21025596 1 0 1706553362
WALL 21025596 1 0 1706553363
WALL 21025596 1 0 1706553364
WALL 21025596 1 0 1706553365
WALL 21025596 1 0 1706553366
WALL 21025596 1 0 1706553367
WALL 21025596 1 0 1706553368
WALL 21025596 1 0 1706553369
WALL 21025596 1 0 1706553370
WALL 21025596 1 0 1706553371
WALL 21025596 1 0 1706553372
WALL 21025596 1 0 1706553373
WALL 21025596 1 0 1706553374
received SIGINT 1706553375
WALL 21025596 1 0 1706553375
received SIGCONT 1706553375
WALL 21025596 1 0 1706553375
WALL 21025596 1 0 1706553376
WALL 21025596 1 0 1706553377
WALL 21025596 1 0 1706553378
WALL 21025596 1 0 1706553379
WALL 21025596 1 0 1706553380
WALL 21025596 1 0 1706553381
WALL 21025596 1 0 1706553382
WALL 21025596 1 0 1706553383
WALL 21025596 1 0 1706553384
WALL 21025596 1 0 1706553385
WALL 21025596 1 0 1706553386
WALL 21025596 1 0 1706553387
WALL 21025596 1 0 1706553388
WALL 21025596 1 0 1706553389
WALL 21025596 1 0 1706553390
WALL 21025596 1 0 1706553391
WALL 21025596 1 0 1706553392
WALL 21025596 1 0 1706553393
WALL 21025596 1 0 1706553394
WALL 21025596 1 0 1706553395
WALL 21025596 1 0 1706553396
WALL 21025596 1 0 1706553397
WALL 21025596 1 0 1706553398
WALL 21025596 1 0 1706553399
WALL 21025596 1 0 1706553400
WALL 21025596 1 0 1706553401
WALL 21025596 1 0 1706553402
WALL 21025596 1 0 1706553403
WALL 21025596 1 0 1706553404
WALL 21025596 1 0 1706553405
WALL 21025596 1 0 1706553406
WALL 21025596 1 0 1706553407
WALL 21025596 1 0 1706553408
WALL 21025596 1 0 1706553409
WALL 21025596 1 0 1706553410
WALL 21025596 1 0 1706553411
WALL 21025596 1 0 1706553412
WALL 21025596 1 0 1706553413
WALL 21025596 1 0 1706553414
WALL 21025596 1 0 1706553415
WALL 21025596 1 0 1706553416
WALL 21025596 1 0 1706553417
WALL 21025596 1 0 1706553418
WALL 21025596 1 0 1706553419
WALL 21025596 1 0 1706553420
WALL 21025596 1 0 1706553421
WALL 21025596 1 0 1706553422
WALL 21025596 1 0 1706553423
WALL 21025596 1 0 1706553424
WALL 21025596 1 0 1706553425
WALL 21025596 1 0 1706553426
WALL 21025596 1 0 1706553427
WALL 21025596 1 0 1706553428
WALL 21025596 1 0 1706553429
WALL 21025596 1 0 1706553430
WALL 21025596 1 0 1706553431
WALL 21025596 1 0 1706553432
WALL 21025596 1 0 1706553433
WALL 21025596 1 0 1706553434
WALL 21025596 1 0 1706553435
WALL 21025596 1 0 1706553436
WALL 21025596 1 0 1706553437
WALL 21025596 1 0 1706553438
WALL 21025596 1 0 1706553439
slurmstepd: error: *** STEP 21025596.0 ON nid002196 CANCELLED AT 2024-01-29T18:37:19 DUE TO TIME LIMIT ***
slurmstepd: error: *** JOB 21025596 ON nid002196 CANCELLED AT 2024-01-29T18:37:19 DUE TO TIME LIMIT ***
received SIGTERM 1706553439
WALL 21025596 1 0 1706553439
received SIGCONT 1706553439
WALL 21025596 1 0 1706553439
received SIGTERM 1706553439
WALL 21025596 1 0 1706553439
