srun: warning: can't run 1 processes on 4 nodes, setting nnodes to 1
WALL 21025955 1 0 1706553814
WALL 21025955 1 0 1706553815
WALL 21025955 1 0 1706553816
WALL 21025955 1 0 1706553817
WALL 21025955 1 0 1706553818
WALL 21025955 1 0 1706553819
WALL 21025955 1 0 1706553820
WALL 21025955 1 0 1706553821
WALL 21025955 1 0 1706553822
WALL 21025955 1 0 1706553823
WALL 21025955 1 0 1706553824
WALL 21025955 1 0 1706553825
WALL 21025955 1 0 1706553826
WALL 21025955 1 0 1706553827
WALL 21025955 1 0 1706553828
WALL 21025955 1 0 1706553829
WALL 21025955 1 0 1706553830
WALL 21025955 1 0 1706553831
WALL 21025955 1 0 1706553832
WALL 21025955 1 0 1706553833
WALL 21025955 1 0 1706553834
WALL 21025955 1 0 1706553835
WALL 21025955 1 0 1706553836
WALL 21025955 1 0 1706553837
WALL 21025955 1 0 1706553838
WALL 21025955 1 0 1706553839
WALL 21025955 1 0 1706553840
WALL 21025955 1 0 1706553841
WALL 21025955 1 0 1706553842
WALL 21025955 1 0 1706553843
WALL 21025955 1 0 1706553844
WALL 21025955 1 0 1706553845
WALL 21025955 1 0 1706553846
WALL 21025955 1 0 1706553847
WALL 21025955 1 0 1706553848
WALL 21025955 1 0 1706553849
WALL 21025955 1 0 1706553850
WALL 21025955 1 0 1706553851
WALL 21025955 1 0 1706553852
WALL 21025955 1 0 1706553853
WALL 21025955 1 0 1706553854
WALL 21025955 1 0 1706553855
WALL 21025955 1 0 1706553856
WALL 21025955 1 0 1706553857
WALL 21025955 1 0 1706553858
WALL 21025955 1 0 1706553859
WALL 21025955 1 0 1706553860
WALL 21025955 1 0 1706553861
WALL 21025955 1 0 1706553862
WALL 21025955 1 0 1706553863
WALL 21025955 1 0 1706553864
WALL 21025955 1 0 1706553865
WALL 21025955 1 0 1706553866
WALL 21025955 1 0 1706553867
WALL 21025955 1 0 1706553868
WALL 21025955 1 0 1706553869
WALL 21025955 1 0 1706553870
WALL 21025955 1 0 1706553871
WALL 21025955 1 0 1706553872
WALL 21025955 1 0 1706553873
WALL 21025955 1 0 1706553874
WALL 21025955 1 0 1706553875
WALL 21025955 1 0 1706553876
WALL 21025955 1 0 1706553877
WALL 21025955 1 0 1706553878
WALL 21025955 1 0 1706553879
WALL 21025955 1 0 1706553880
WALL 21025955 1 0 1706553881
WALL 21025955 1 0 1706553882
WALL 21025955 1 0 1706553883
WALL 21025955 1 0 1706553884
WALL 21025955 1 0 1706553885
WALL 21025955 1 0 1706553886
WALL 21025955 1 0 1706553887
WALL 21025955 1 0 1706553888
WALL 21025955 1 0 1706553889
WALL 21025955 1 0 1706553890
WALL 21025955 1 0 1706553891
WALL 21025955 1 0 1706553892
WALL 21025955 1 0 1706553893
WALL 21025955 1 0 1706553894
WALL 21025955 1 0 1706553895
WALL 21025955 1 0 1706553896
WALL 21025955 1 0 1706553897
WALL 21025955 1 0 1706553898
WALL 21025955 1 0 1706553899
WALL 21025955 1 0 1706553900
WALL 21025955 1 0 1706553901
WALL 21025955 1 0 1706553902
WALL 21025955 1 0 1706553903
WALL 21025955 1 0 1706553904
WALL 21025955 1 0 1706553905
WALL 21025955 1 0 1706553906
WALL 21025955 1 0 1706553907
WALL 21025955 1 0 1706553908
WALL 21025955 1 0 1706553909
WALL 21025955 1 0 1706553910
WALL 21025955 1 0 1706553911
WALL 21025955 1 0 1706553912
WALL 21025955 1 0 1706553913
WALL 21025955 1 0 1706553914
WALL 21025955 1 0 1706553915
WALL 21025955 1 0 1706553916
WALL 21025955 1 0 1706553917
WALL 21025955 1 0 1706553918
WALL 21025955 1 0 1706553919
WALL 21025955 1 0 1706553920
WALL 21025955 1 0 1706553921
WALL 21025955 1 0 1706553922
WALL 21025955 1 0 1706553923
WALL 21025955 1 0 1706553924
WALL 21025955 1 0 1706553925
WALL 21025955 1 0 1706553926
WALL 21025955 1 0 1706553927
WALL 21025955 1 0 1706553928
WALL 21025955 1 0 1706553929
WALL 21025955 1 0 1706553930
WALL 21025955 1 0 1706553931
WALL 21025955 1 0 1706553932
WALL 21025955 1 0 1706553933
WALL 21025955 1 0 1706553934
WALL 21025955 1 0 1706553935
WALL 21025955 1 0 1706553936
WALL 21025955 1 0 1706553937
WALL 21025955 1 0 1706553938
WALL 21025955 1 0 1706553939
WALL 21025955 1 0 1706553940
WALL 21025955 1 0 1706553941
WALL 21025955 1 0 1706553942
WALL 21025955 1 0 1706553943
WALL 21025955 1 0 1706553944
WALL 21025955 1 0 1706553945
WALL 21025955 1 0 1706553946
WALL 21025955 1 0 1706553947
WALL 21025955 1 0 1706553948
WALL 21025955 1 0 1706553949
WALL 21025955 1 0 1706553950
WALL 21025955 1 0 1706553951
WALL 21025955 1 0 1706553952
WALL 21025955 1 0 1706553953
WALL 21025955 1 0 1706553954
WALL 21025955 1 0 1706553955
WALL 21025955 1 0 1706553956
WALL 21025955 1 0 1706553957
WALL 21025955 1 0 1706553958
WALL 21025955 1 0 1706553959
WALL 21025955 1 0 1706553960
WALL 21025955 1 0 1706553961
WALL 21025955 1 0 1706553962
WALL 21025955 1 0 1706553963
WALL 21025955 1 0 1706553964
WALL 21025955 1 0 1706553965
WALL 21025955 1 0 1706553966
WALL 21025955 1 0 1706553967
WALL 21025955 1 0 1706553968
WALL 21025955 1 0 1706553969
WALL 21025955 1 0 1706553970
WALL 21025955 1 0 1706553971
WALL 21025955 1 0 1706553972
WALL 21025955 1 0 1706553973
WALL 21025955 1 0 1706553974
WALL 21025955 1 0 1706553975
WALL 21025955 1 0 1706553976
WALL 21025955 1 0 1706553977
WALL 21025955 1 0 1706553978
WALL 21025955 1 0 1706553979
WALL 21025955 1 0 1706553980
WALL 21025955 1 0 1706553981
WALL 21025955 1 0 1706553982
WALL 21025955 1 0 1706553983
WALL 21025955 1 0 1706553984
WALL 21025955 1 0 1706553985
WALL 21025955 1 0 1706553986
WALL 21025955 1 0 1706553987
WALL 21025955 1 0 1706553988
WALL 21025955 1 0 1706553989
WALL 21025955 1 0 1706553990
WALL 21025955 1 0 1706553991
WALL 21025955 1 0 1706553992
WALL 21025955 1 0 1706553993
WALL 21025955 1 0 1706553994
WALL 21025955 1 0 1706553995
WALL 21025955 1 0 1706553996
WALL 21025955 1 0 1706553997
WALL 21025955 1 0 1706553998
WALL 21025955 1 0 1706553999
WALL 21025955 1 0 1706554000
WALL 21025955 1 0 1706554001
WALL 21025955 1 0 1706554002
WALL 21025955 1 0 1706554003
WALL 21025955 1 0 1706554004
WALL 21025955 1 0 1706554005
WALL 21025955 1 0 1706554006
WALL 21025955 1 0 1706554007
WALL 21025955 1 0 1706554008
WALL 21025955 1 0 1706554009
WALL 21025955 1 0 1706554010
WALL 21025955 1 0 1706554011
WALL 21025955 1 0 1706554012
WALL 21025955 1 0 1706554013
WALL 21025955 1 0 1706554014
WALL 21025955 1 0 1706554015
WALL 21025955 1 0 1706554016
WALL 21025955 1 0 1706554017
WALL 21025955 1 0 1706554018
WALL 21025955 1 0 1706554019
WALL 21025955 1 0 1706554020
WALL 21025955 1 0 1706554021
WALL 21025955 1 0 1706554022
WALL 21025955 1 0 1706554023
WALL 21025955 1 0 1706554024
WALL 21025955 1 0 1706554025
WALL 21025955 1 0 1706554026
WALL 21025955 1 0 1706554027
received SIGCONT 1706554027
WALL 21025955 1 0 1706554027
received SIGINT 1706554027
WALL 21025955 1 0 1706554027
WALL 21025955 1 0 1706554028
WALL 21025955 1 0 1706554029
WALL 21025955 1 0 1706554030
WALL 21025955 1 0 1706554031
WALL 21025955 1 0 1706554032
WALL 21025955 1 0 1706554033
WALL 21025955 1 0 1706554034
WALL 21025955 1 0 1706554035
WALL 21025955 1 0 1706554036
WALL 21025955 1 0 1706554037
WALL 21025955 1 0 1706554038
WALL 21025955 1 0 1706554039
WALL 21025955 1 0 1706554040
WALL 21025955 1 0 1706554041
WALL 21025955 1 0 1706554042
WALL 21025955 1 0 1706554043
WALL 21025955 1 0 1706554044
WALL 21025955 1 0 1706554045
WALL 21025955 1 0 1706554046
WALL 21025955 1 0 1706554047
WALL 21025955 1 0 1706554048
WALL 21025955 1 0 1706554049
WALL 21025955 1 0 1706554050
WALL 21025955 1 0 1706554051
WALL 21025955 1 0 1706554052
WALL 21025955 1 0 1706554053
WALL 21025955 1 0 1706554054
WALL 21025955 1 0 1706554055
WALL 21025955 1 0 1706554056
WALL 21025955 1 0 1706554057
WALL 21025955 1 0 1706554058
WALL 21025955 1 0 1706554059
WALL 21025955 1 0 1706554060
WALL 21025955 1 0 1706554061
WALL 21025955 1 0 1706554062
WALL 21025955 1 0 1706554063
WALL 21025955 1 0 1706554064
WALL 21025955 1 0 1706554065
WALL 21025955 1 0 1706554066
WALL 21025955 1 0 1706554067
WALL 21025955 1 0 1706554068
WALL 21025955 1 0 1706554069
WALL 21025955 1 0 1706554070
WALL 21025955 1 0 1706554071
WALL 21025955 1 0 1706554072
WALL 21025955 1 0 1706554073
WALL 21025955 1 0 1706554074
WALL 21025955 1 0 1706554075
WALL 21025955 1 0 1706554076
WALL 21025955 1 0 1706554077
WALL 21025955 1 0 1706554078
WALL 21025955 1 0 1706554079
WALL 21025955 1 0 1706554080
WALL 21025955 1 0 1706554081
WALL 21025955 1 0 1706554082
WALL 21025955 1 0 1706554083
WALL 21025955 1 0 1706554084
WALL 21025955 1 0 1706554085
WALL 21025955 1 0 1706554086
WALL 21025955 1 0 1706554087
WALL 21025955 1 0 1706554088
WALL 21025955 1 0 1706554089
WALL 21025955 1 0 1706554090
WALL 21025955 1 0 1706554091
WALL 21025955 1 0 1706554092
WALL 21025955 1 0 1706554093
WALL 21025955 1 0 1706554094
WALL 21025955 1 0 1706554095
WALL 21025955 1 0 1706554096
WALL 21025955 1 0 1706554097
WALL 21025955 1 0 1706554098
WALL 21025955 1 0 1706554099
WALL 21025955 1 0 1706554100
WALL 21025955 1 0 1706554101
WALL 21025955 1 0 1706554102
WALL 21025955 1 0 1706554103
WALL 21025955 1 0 1706554104
WALL 21025955 1 0 1706554105
WALL 21025955 1 0 1706554106
WALL 21025955 1 0 1706554107
WALL 21025955 1 0 1706554108
WALL 21025955 1 0 1706554109
WALL 21025955 1 0 1706554110
WALL 21025955 1 0 1706554111
WALL 21025955 1 0 1706554112
WALL 21025955 1 0 1706554113
WALL 21025955 1 0 1706554114
WALL 21025955 1 0 1706554115
WALL 21025955 1 0 1706554116
WALL 21025955 1 0 1706554117
WALL 21025955 1 0 1706554118
slurmstepd: error: *** STEP 21025955.0 ON nid001404 CANCELLED AT 2024-01-29T18:48:38 DUE TO TIME LIMIT ***
slurmstepd: error: *** JOB 21025955 ON nid001404 CANCELLED AT 2024-01-29T18:48:38 DUE TO TIME LIMIT ***
received SIGTERM 1706554118
WALL 21025955 1 0 1706554118
received SIGCONT 1706554118
WALL 21025955 1 0 1706554118
received SIGTERM 1706554118
WALL 21025955 1 0 1706554118
