WALL 59398593 1 0 1653438664
WALL 59398593 1 0 1653438665
WALL 59398593 1 0 1653438666
WALL 59398593 1 0 1653438667
WALL 59398593 1 0 1653438668
WALL 59398593 1 0 1653438669
WALL 59398593 1 0 1653438670
WALL 59398593 1 0 1653438671
WALL 59398593 1 0 1653438672
WALL 59398593 1 0 1653438673
WALL 59398593 1 0 1653438674
WALL 59398593 1 0 1653438675
WALL 59398593 1 0 1653438676
WALL 59398593 1 0 1653438677
WALL 59398593 1 0 1653438678
WALL 59398593 1 0 1653438679
WALL 59398593 1 0 1653438680
WALL 59398593 1 0 1653438681
WALL 59398593 1 0 1653438682
WALL 59398593 1 0 1653438683
WALL 59398593 1 0 1653438684
WALL 59398593 1 0 1653438685
WALL 59398593 1 0 1653438686
WALL 59398593 1 0 1653438687
WALL 59398593 1 0 1653438688
WALL 59398593 1 0 1653438689
WALL 59398593 1 0 1653438690
WALL 59398593 1 0 1653438691
WALL 59398593 1 0 1653438692
WALL 59398593 1 0 1653438693
WALL 59398593 1 0 1653438694
WALL 59398593 1 0 1653438695
WALL 59398593 1 0 1653438696
WALL 59398593 1 0 1653438697
WALL 59398593 1 0 1653438698
WALL 59398593 1 0 1653438699
WALL 59398593 1 0 1653438700
WALL 59398593 1 0 1653438701
WALL 59398593 1 0 1653438702
WALL 59398593 1 0 1653438703
WALL 59398593 1 0 1653438704
WALL 59398593 1 0 1653438705
WALL 59398593 1 0 1653438706
WALL 59398593 1 0 1653438707
WALL 59398593 1 0 1653438708
WALL 59398593 1 0 1653438709
WALL 59398593 1 0 1653438710
WALL 59398593 1 0 1653438711
WALL 59398593 1 0 1653438712
WALL 59398593 1 0 1653438713
WALL 59398593 1 0 1653438714
WALL 59398593 1 0 1653438715
WALL 59398593 1 0 1653438716
WALL 59398593 1 0 1653438717
WALL 59398593 1 0 1653438718
WALL 59398593 1 0 1653438719
WALL 59398593 1 0 1653438720
WALL 59398593 1 0 1653438721
WALL 59398593 1 0 1653438722
WALL 59398593 1 0 1653438723
WALL 59398593 1 0 1653438724
WALL 59398593 1 0 1653438725
WALL 59398593 1 0 1653438726
WALL 59398593 1 0 1653438727
WALL 59398593 1 0 1653438728
WALL 59398593 1 0 1653438729
WALL 59398593 1 0 1653438730
WALL 59398593 1 0 1653438731
WALL 59398593 1 0 1653438732
WALL 59398593 1 0 1653438733
WALL 59398593 1 0 1653438734
WALL 59398593 1 0 1653438735
WALL 59398593 1 0 1653438736
WALL 59398593 1 0 1653438737
WALL 59398593 1 0 1653438738
WALL 59398593 1 0 1653438739
WALL 59398593 1 0 1653438740
WALL 59398593 1 0 1653438741
WALL 59398593 1 0 1653438742
WALL 59398593 1 0 1653438743
WALL 59398593 1 0 1653438744
WALL 59398593 1 0 1653438745
WALL 59398593 1 0 1653438746
WALL 59398593 1 0 1653438747
WALL 59398593 1 0 1653438748
WALL 59398593 1 0 1653438749
WALL 59398593 1 0 1653438750
WALL 59398593 1 0 1653438751
WALL 59398593 1 0 1653438752
WALL 59398593 1 0 1653438753
WALL 59398593 1 0 1653438754
WALL 59398593 1 0 1653438755
WALL 59398593 1 0 1653438756
WALL 59398593 1 0 1653438757
WALL 59398593 1 0 1653438758
WALL 59398593 1 0 1653438759
WALL 59398593 1 0 1653438760
WALL 59398593 1 0 1653438761
WALL 59398593 1 0 1653438762
WALL 59398593 1 0 1653438763
WALL 59398593 1 0 1653438764
WALL 59398593 1 0 1653438765
WALL 59398593 1 0 1653438766
WALL 59398593 1 0 1653438767
WALL 59398593 1 0 1653438768
WALL 59398593 1 0 1653438769
WALL 59398593 1 0 1653438770
WALL 59398593 1 0 1653438771
WALL 59398593 1 0 1653438772
WALL 59398593 1 0 1653438773
WALL 59398593 1 0 1653438774
WALL 59398593 1 0 1653438775
WALL 59398593 1 0 1653438776
WALL 59398593 1 0 1653438777
WALL 59398593 1 0 1653438778
WALL 59398593 1 0 1653438779
WALL 59398593 1 0 1653438780
WALL 59398593 1 0 1653438781
WALL 59398593 1 0 1653438782
WALL 59398593 1 0 1653438783
WALL 59398593 1 0 1653438784
WALL 59398593 1 0 1653438785
WALL 59398593 1 0 1653438786
WALL 59398593 1 0 1653438787
WALL 59398593 1 0 1653438788
WALL 59398593 1 0 1653438789
WALL 59398593 1 0 1653438790
WALL 59398593 1 0 1653438791
WALL 59398593 1 0 1653438792
WALL 59398593 1 0 1653438793
WALL 59398593 1 0 1653438794
WALL 59398593 1 0 1653438795
WALL 59398593 1 0 1653438796
WALL 59398593 1 0 1653438797
WALL 59398593 1 0 1653438798
WALL 59398593 1 0 1653438799
WALL 59398593 1 0 1653438800
WALL 59398593 1 0 1653438801
WALL 59398593 1 0 1653438802
WALL 59398593 1 0 1653438803
WALL 59398593 1 0 1653438804
WALL 59398593 1 0 1653438805
WALL 59398593 1 0 1653438806
WALL 59398593 1 0 1653438807
WALL 59398593 1 0 1653438808
WALL 59398593 1 0 1653438809
WALL 59398593 1 0 1653438810
WALL 59398593 1 0 1653438811
WALL 59398593 1 0 1653438812
WALL 59398593 1 0 1653438813
WALL 59398593 1 0 1653438814
WALL 59398593 1 0 1653438815
WALL 59398593 1 0 1653438816
WALL 59398593 1 0 1653438817
WALL 59398593 1 0 1653438818
WALL 59398593 1 0 1653438819
WALL 59398593 1 0 1653438820
WALL 59398593 1 0 1653438821
WALL 59398593 1 0 1653438822
WALL 59398593 1 0 1653438823
WALL 59398593 1 0 1653438824
WALL 59398593 1 0 1653438825
WALL 59398593 1 0 1653438826
WALL 59398593 1 0 1653438827
WALL 59398593 1 0 1653438828
WALL 59398593 1 0 1653438829
WALL 59398593 1 0 1653438830
WALL 59398593 1 0 1653438831
WALL 59398593 1 0 1653438832
WALL 59398593 1 0 1653438833
WALL 59398593 1 0 1653438834
WALL 59398593 1 0 1653438835
WALL 59398593 1 0 1653438836
WALL 59398593 1 0 1653438837
WALL 59398593 1 0 1653438838
WALL 59398593 1 0 1653438839
WALL 59398593 1 0 1653438840
WALL 59398593 1 0 1653438841
WALL 59398593 1 0 1653438842
WALL 59398593 1 0 1653438843
WALL 59398593 1 0 1653438844
WALL 59398593 1 0 1653438845
WALL 59398593 1 0 1653438846
WALL 59398593 1 0 1653438847
WALL 59398593 1 0 1653438848
WALL 59398593 1 0 1653438849
WALL 59398593 1 0 1653438850
WALL 59398593 1 0 1653438851
WALL 59398593 1 0 1653438852
WALL 59398593 1 0 1653438853
WALL 59398593 1 0 1653438854
WALL 59398593 1 0 1653438855
WALL 59398593 1 0 1653438856
WALL 59398593 1 0 1653438857
WALL 59398593 1 0 1653438858
WALL 59398593 1 0 1653438859
WALL 59398593 1 0 1653438860
WALL 59398593 1 0 1653438861
WALL 59398593 1 0 1653438862
WALL 59398593 1 0 1653438863
WALL 59398593 1 0 1653438864
WALL 59398593 1 0 1653438865
WALL 59398593 1 0 1653438866
WALL 59398593 1 0 1653438867
WALL 59398593 1 0 1653438868
WALL 59398593 1 0 1653438869
WALL 59398593 1 0 1653438870
WALL 59398593 1 0 1653438871
WALL 59398593 1 0 1653438872
WALL 59398593 1 0 1653438873
WALL 59398593 1 0 1653438874
WALL 59398593 1 0 1653438875
WALL 59398593 1 0 1653438876
WALL 59398593 1 0 1653438877
WALL 59398593 1 0 1653438878
WALL 59398593 1 0 1653438879
WALL 59398593 1 0 1653438880
WALL 59398593 1 0 1653438881
WALL 59398593 1 0 1653438882
WALL 59398593 1 0 1653438883
WALL 59398593 1 0 1653438884
WALL 59398593 1 0 1653438885
WALL 59398593 1 0 1653438886
WALL 59398593 1 0 1653438887
WALL 59398593 1 0 1653438888
WALL 59398593 1 0 1653438889
WALL 59398593 1 0 1653438890
WALL 59398593 1 0 1653438891
WALL 59398593 1 0 1653438892
WALL 59398593 1 0 1653438893
WALL 59398593 1 0 1653438894
WALL 59398593 1 0 1653438895
WALL 59398593 1 0 1653438896
WALL 59398593 1 0 1653438897
WALL 59398593 1 0 1653438898
WALL 59398593 1 0 1653438899
WALL 59398593 1 0 1653438900
WALL 59398593 1 0 1653438901
WALL 59398593 1 0 1653438902
WALL 59398593 1 0 1653438903
WALL 59398593 1 0 1653438904
WALL 59398593 1 0 1653438905
WALL 59398593 1 0 1653438906
WALL 59398593 1 0 1653438907
WALL 59398593 1 0 1653438908
WALL 59398593 1 0 1653438909
WALL 59398593 1 0 1653438910
WALL 59398593 1 0 1653438911
WALL 59398593 1 0 1653438912
WALL 59398593 1 0 1653438913
WALL 59398593 1 0 1653438914
WALL 59398593 1 0 1653438915
WALL 59398593 1 0 1653438916
WALL 59398593 1 0 1653438917
WALL 59398593 1 0 1653438918
WALL 59398593 1 0 1653438919
WALL 59398593 1 0 1653438920
WALL 59398593 1 0 1653438921
WALL 59398593 1 0 1653438922
WALL 59398593 1 0 1653438923
WALL 59398593 1 0 1653438924
WALL 59398593 1 0 1653438925
WALL 59398593 1 0 1653438926
WALL 59398593 1 0 1653438927
WALL 59398593 1 0 1653438928
WALL 59398593 1 0 1653438929
WALL 59398593 1 0 1653438930
WALL 59398593 1 0 1653438931
WALL 59398593 1 0 1653438932
WALL 59398593 1 0 1653438933
WALL 59398593 1 0 1653438934
WALL 59398593 1 0 1653438935
WALL 59398593 1 0 1653438936
WALL 59398593 1 0 1653438937
WALL 59398593 1 0 1653438938
received SIGCONT 1653438938
WALL 59398593 1 0 1653438938
WALL 59398593 1 0 1653438939
WALL 59398593 1 0 1653438940
received SIGINT 1653438941
WALL 59398593 1 0 1653438941
WALL 59398593 1 0 1653438942
WALL 59398593 1 0 1653438943
WALL 59398593 1 0 1653438944
WALL 59398593 1 0 1653438945
WALL 59398593 1 0 1653438946
WALL 59398593 1 0 1653438947
WALL 59398593 1 0 1653438948
WALL 59398593 1 0 1653438949
WALL 59398593 1 0 1653438950
WALL 59398593 1 0 1653438951
WALL 59398593 1 0 1653438952
WALL 59398593 1 0 1653438953
WALL 59398593 1 0 1653438954
WALL 59398593 1 0 1653438955
WALL 59398593 1 0 1653438956
WALL 59398593 1 0 1653438957
WALL 59398593 1 0 1653438958
WALL 59398593 1 0 1653438959
WALL 59398593 1 0 1653438960
WALL 59398593 1 0 1653438961
WALL 59398593 1 0 1653438962
WALL 59398593 1 0 1653438963
WALL 59398593 1 0 1653438964
WALL 59398593 1 0 1653438965
WALL 59398593 1 0 1653438966
WALL 59398593 1 0 1653438967
WALL 59398593 1 0 1653438968
WALL 59398593 1 0 1653438969
WALL 59398593 1 0 1653438970
WALL 59398593 1 0 1653438971
WALL 59398593 1 0 1653438972
WALL 59398593 1 0 1653438973
WALL 59398593 1 0 1653438974
WALL 59398593 1 0 1653438975
WALL 59398593 1 0 1653438976
WALL 59398593 1 0 1653438977
WALL 59398593 1 0 1653438978
WALL 59398593 1 0 1653438979
WALL 59398593 1 0 1653438980
WALL 59398593 1 0 1653438981
WALL 59398593 1 0 1653438982
WALL 59398593 1 0 1653438983
WALL 59398593 1 0 1653438984
WALL 59398593 1 0 1653438985
WALL 59398593 1 0 1653438986
WALL 59398593 1 0 1653438987
WALL 59398593 1 0 1653438988
WALL 59398593 1 0 1653438989
WALL 59398593 1 0 1653438990
WALL 59398593 1 0 1653438991
WALL 59398593 1 0 1653438992
WALL 59398593 1 0 1653438993
WALL 59398593 1 0 1653438994
WALL 59398593 1 0 1653438995
WALL 59398593 1 0 1653438996
WALL 59398593 1 0 1653438997
WALL 59398593 1 0 1653438998
WALL 59398593 1 0 1653438999
WALL 59398593 1 0 1653439000
WALL 59398593 1 0 1653439001
WALL 59398593 1 0 1653439002
WALL 59398593 1 0 1653439003
WALL 59398593 1 0 1653439004
WALL 59398593 1 0 1653439005
WALL 59398593 1 0 1653439006
WALL 59398593 1 0 1653439007
WALL 59398593 1 0 1653439008
WALL 59398593 1 0 1653439009
WALL 59398593 1 0 1653439010
WALL 59398593 1 0 1653439011
WALL 59398593 1 0 1653439012
WALL 59398593 1 0 1653439013
WALL 59398593 1 0 1653439014
WALL 59398593 1 0 1653439015
WALL 59398593 1 0 1653439016
WALL 59398593 1 0 1653439017
WALL 59398593 1 0 1653439018
WALL 59398593 1 0 1653439019
WALL 59398593 1 0 1653439020
WALL 59398593 1 0 1653439021
WALL 59398593 1 0 1653439022
WALL 59398593 1 0 1653439023
WALL 59398593 1 0 1653439024
WALL 59398593 1 0 1653439025
WALL 59398593 1 0 1653439026
WALL 59398593 1 0 1653439027
WALL 59398593 1 0 1653439028
WALL 59398593 1 0 1653439029
WALL 59398593 1 0 1653439030
WALL 59398593 1 0 1653439031
WALL 59398593 1 0 1653439032
WALL 59398593 1 0 1653439033
WALL 59398593 1 0 1653439034
WALL 59398593 1 0 1653439035
WALL 59398593 1 0 1653439036
WALL 59398593 1 0 1653439037
WALL 59398593 1 0 1653439038
WALL 59398593 1 0 1653439039
WALL 59398593 1 0 1653439040
WALL 59398593 1 0 1653439041
WALL 59398593 1 0 1653439042
WALL 59398593 1 0 1653439043
WALL 59398593 1 0 1653439044
WALL 59398593 1 0 1653439045
WALL 59398593 1 0 1653439046
WALL 59398593 1 0 1653439047
WALL 59398593 1 0 1653439048
WALL 59398593 1 0 1653439049
WALL 59398593 1 0 1653439050
WALL 59398593 1 0 1653439051
WALL 59398593 1 0 1653439052
WALL 59398593 1 0 1653439053
WALL 59398593 1 0 1653439054
WALL 59398593 1 0 1653439055
WALL 59398593 1 0 1653439056
WALL 59398593 1 0 1653439057
WALL 59398593 1 0 1653439058
WALL 59398593 1 0 1653439059
WALL 59398593 1 0 1653439060
WALL 59398593 1 0 1653439061
WALL 59398593 1 0 1653439062
WALL 59398593 1 0 1653439063
WALL 59398593 1 0 1653439064
WALL 59398593 1 0 1653439065
WALL 59398593 1 0 1653439066
WALL 59398593 1 0 1653439067
WALL 59398593 1 0 1653439068
WALL 59398593 1 0 1653439069
WALL 59398593 1 0 1653439070
WALL 59398593 1 0 1653439071
WALL 59398593 1 0 1653439072
WALL 59398593 1 0 1653439073
WALL 59398593 1 0 1653439074
WALL 59398593 1 0 1653439075
WALL 59398593 1 0 1653439076
WALL 59398593 1 0 1653439077
WALL 59398593 1 0 1653439078
WALL 59398593 1 0 1653439079
WALL 59398593 1 0 1653439080
WALL 59398593 1 0 1653439081
WALL 59398593 1 0 1653439082
WALL 59398593 1 0 1653439083
WALL 59398593 1 0 1653439084
WALL 59398593 1 0 1653439085
WALL 59398593 1 0 1653439086
WALL 59398593 1 0 1653439087
WALL 59398593 1 0 1653439088
WALL 59398593 1 0 1653439089
WALL 59398593 1 0 1653439090
WALL 59398593 1 0 1653439091
WALL 59398593 1 0 1653439092
WALL 59398593 1 0 1653439093
WALL 59398593 1 0 1653439094
WALL 59398593 1 0 1653439095
WALL 59398593 1 0 1653439096
WALL 59398593 1 0 1653439097
WALL 59398593 1 0 1653439098
WALL 59398593 1 0 1653439099
WALL 59398593 1 0 1653439100
WALL 59398593 1 0 1653439101
WALL 59398593 1 0 1653439102
WALL 59398593 1 0 1653439103
WALL 59398593 1 0 1653439104
WALL 59398593 1 0 1653439105
WALL 59398593 1 0 1653439106
WALL 59398593 1 0 1653439107
WALL 59398593 1 0 1653439108
WALL 59398593 1 0 1653439109
WALL 59398593 1 0 1653439110
WALL 59398593 1 0 1653439111
WALL 59398593 1 0 1653439112
WALL 59398593 1 0 1653439113
WALL 59398593 1 0 1653439114
WALL 59398593 1 0 1653439115
WALL 59398593 1 0 1653439116
WALL 59398593 1 0 1653439117
WALL 59398593 1 0 1653439118
WALL 59398593 1 0 1653439119
WALL 59398593 1 0 1653439120
WALL 59398593 1 0 1653439121
WALL 59398593 1 0 1653439122
WALL 59398593 1 0 1653439123
WALL 59398593 1 0 1653439124
WALL 59398593 1 0 1653439125
WALL 59398593 1 0 1653439126
WALL 59398593 1 0 1653439127
WALL 59398593 1 0 1653439128
WALL 59398593 1 0 1653439129
WALL 59398593 1 0 1653439130
WALL 59398593 1 0 1653439131
WALL 59398593 1 0 1653439132
WALL 59398593 1 0 1653439133
WALL 59398593 1 0 1653439134
WALL 59398593 1 0 1653439135
WALL 59398593 1 0 1653439136
WALL 59398593 1 0 1653439137
WALL 59398593 1 0 1653439138
WALL 59398593 1 0 1653439139
WALL 59398593 1 0 1653439140
WALL 59398593 1 0 1653439141
WALL 59398593 1 0 1653439142
WALL 59398593 1 0 1653439143
WALL 59398593 1 0 1653439144
WALL 59398593 1 0 1653439145
WALL 59398593 1 0 1653439146
WALL 59398593 1 0 1653439147
WALL 59398593 1 0 1653439148
WALL 59398593 1 0 1653439149
WALL 59398593 1 0 1653439150
WALL 59398593 1 0 1653439151
WALL 59398593 1 0 1653439152
WALL 59398593 1 0 1653439153
WALL 59398593 1 0 1653439154
WALL 59398593 1 0 1653439155
WALL 59398593 1 0 1653439156
WALL 59398593 1 0 1653439157
WALL 59398593 1 0 1653439158
WALL 59398593 1 0 1653439159
WALL 59398593 1 0 1653439160
WALL 59398593 1 0 1653439161
WALL 59398593 1 0 1653439162
WALL 59398593 1 0 1653439163
WALL 59398593 1 0 1653439164
WALL 59398593 1 0 1653439165
WALL 59398593 1 0 1653439166
WALL 59398593 1 0 1653439167
WALL 59398593 1 0 1653439168
WALL 59398593 1 0 1653439169
WALL 59398593 1 0 1653439170
WALL 59398593 1 0 1653439171
WALL 59398593 1 0 1653439172
WALL 59398593 1 0 1653439173
WALL 59398593 1 0 1653439174
WALL 59398593 1 0 1653439175
WALL 59398593 1 0 1653439176
WALL 59398593 1 0 1653439177
WALL 59398593 1 0 1653439178
WALL 59398593 1 0 1653439179
WALL 59398593 1 0 1653439180
WALL 59398593 1 0 1653439181
WALL 59398593 1 0 1653439182
WALL 59398593 1 0 1653439183
WALL 59398593 1 0 1653439184
WALL 59398593 1 0 1653439185
WALL 59398593 1 0 1653439186
WALL 59398593 1 0 1653439187
WALL 59398593 1 0 1653439188
WALL 59398593 1 0 1653439189
WALL 59398593 1 0 1653439190
WALL 59398593 1 0 1653439191
WALL 59398593 1 0 1653439192
WALL 59398593 1 0 1653439193
WALL 59398593 1 0 1653439194
WALL 59398593 1 0 1653439195
WALL 59398593 1 0 1653439196
WALL 59398593 1 0 1653439197
WALL 59398593 1 0 1653439198
WALL 59398593 1 0 1653439199
WALL 59398593 1 0 1653439200
WALL 59398593 1 0 1653439201
WALL 59398593 1 0 1653439202
WALL 59398593 1 0 1653439203
WALL 59398593 1 0 1653439204
WALL 59398593 1 0 1653439205
WALL 59398593 1 0 1653439206
WALL 59398593 1 0 1653439207
WALL 59398593 1 0 1653439208
WALL 59398593 1 0 1653439209
WALL 59398593 1 0 1653439210
WALL 59398593 1 0 1653439211
WALL 59398593 1 0 1653439212
WALL 59398593 1 0 1653439213
WALL 59398593 1 0 1653439214
WALL 59398593 1 0 1653439215
WALL 59398593 1 0 1653439216
WALL 59398593 1 0 1653439217
WALL 59398593 1 0 1653439218
WALL 59398593 1 0 1653439219
WALL 59398593 1 0 1653439220
WALL 59398593 1 0 1653439221
WALL 59398593 1 0 1653439222
WALL 59398593 1 0 1653439223
WALL 59398593 1 0 1653439224
WALL 59398593 1 0 1653439225
WALL 59398593 1 0 1653439226
WALL 59398593 1 0 1653439227
WALL 59398593 1 0 1653439228
WALL 59398593 1 0 1653439229
WALL 59398593 1 0 1653439230
WALL 59398593 1 0 1653439231
WALL 59398593 1 0 1653439232
WALL 59398593 1 0 1653439233
WALL 59398593 1 0 1653439234
WALL 59398593 1 0 1653439235
WALL 59398593 1 0 1653439236
WALL 59398593 1 0 1653439237
WALL 59398593 1 0 1653439238
WALL 59398593 1 0 1653439239
WALL 59398593 1 0 1653439240
WALL 59398593 1 0 1653439241
WALL 59398593 1 0 1653439242
WALL 59398593 1 0 1653439243
WALL 59398593 1 0 1653439244
WALL 59398593 1 0 1653439245
WALL 59398593 1 0 1653439246
WALL 59398593 1 0 1653439247
WALL 59398593 1 0 1653439248
WALL 59398593 1 0 1653439249
WALL 59398593 1 0 1653439250
WALL 59398593 1 0 1653439251
WALL 59398593 1 0 1653439252
WALL 59398593 1 0 1653439253
WALL 59398593 1 0 1653439254
WALL 59398593 1 0 1653439255
WALL 59398593 1 0 1653439256
WALL 59398593 1 0 1653439257
slurmstepd: error: *** STEP 59398593.0 ON nid12017 CANCELLED AT 2022-05-24T17:40:58 DUE TO TIME LIMIT ***
received SIGTERM 1653439258
WALL 59398593 1 0 1653439258
received SIGCONT 1653439258
WALL 59398593 1 0 1653439258
srun: got SIGCONT
received SIGTERM 1653439258
WALL 59398593 1 0 1653439258
srun: forcing job termination
