WALL 59400169 1 0 1653439728
WALL 59400169 1 0 1653439729
WALL 59400169 1 0 1653439730
WALL 59400169 1 0 1653439731
WALL 59400169 1 0 1653439732
WALL 59400169 1 0 1653439733
WALL 59400169 1 0 1653439734
WALL 59400169 1 0 1653439735
WALL 59400169 1 0 1653439736
WALL 59400169 1 0 1653439737
WALL 59400169 1 0 1653439738
WALL 59400169 1 0 1653439739
WALL 59400169 1 0 1653439740
WALL 59400169 1 0 1653439741
WALL 59400169 1 0 1653439742
WALL 59400169 1 0 1653439743
WALL 59400169 1 0 1653439744
WALL 59400169 1 0 1653439745
WALL 59400169 1 0 1653439746
WALL 59400169 1 0 1653439747
WALL 59400169 1 0 1653439748
WALL 59400169 1 0 1653439749
WALL 59400169 1 0 1653439750
WALL 59400169 1 0 1653439751
WALL 59400169 1 0 1653439752
WALL 59400169 1 0 1653439753
WALL 59400169 1 0 1653439754
WALL 59400169 1 0 1653439755
WALL 59400169 1 0 1653439756
WALL 59400169 1 0 1653439757
WALL 59400169 1 0 1653439758
WALL 59400169 1 0 1653439759
WALL 59400169 1 0 1653439760
WALL 59400169 1 0 1653439761
WALL 59400169 1 0 1653439762
WALL 59400169 1 0 1653439763
WALL 59400169 1 0 1653439764
WALL 59400169 1 0 1653439765
WALL 59400169 1 0 1653439766
WALL 59400169 1 0 1653439767
WALL 59400169 1 0 1653439768
WALL 59400169 1 0 1653439769
WALL 59400169 1 0 1653439770
WALL 59400169 1 0 1653439771
WALL 59400169 1 0 1653439772
WALL 59400169 1 0 1653439773
WALL 59400169 1 0 1653439774
WALL 59400169 1 0 1653439775
WALL 59400169 1 0 1653439776
WALL 59400169 1 0 1653439777
WALL 59400169 1 0 1653439778
WALL 59400169 1 0 1653439779
WALL 59400169 1 0 1653439780
WALL 59400169 1 0 1653439781
WALL 59400169 1 0 1653439782
WALL 59400169 1 0 1653439783
WALL 59400169 1 0 1653439784
WALL 59400169 1 0 1653439785
WALL 59400169 1 0 1653439786
WALL 59400169 1 0 1653439787
WALL 59400169 1 0 1653439788
WALL 59400169 1 0 1653439789
WALL 59400169 1 0 1653439790
WALL 59400169 1 0 1653439791
WALL 59400169 1 0 1653439792
WALL 59400169 1 0 1653439793
WALL 59400169 1 0 1653439794
WALL 59400169 1 0 1653439795
WALL 59400169 1 0 1653439796
WALL 59400169 1 0 1653439797
WALL 59400169 1 0 1653439798
WALL 59400169 1 0 1653439799
WALL 59400169 1 0 1653439800
WALL 59400169 1 0 1653439801
WALL 59400169 1 0 1653439802
WALL 59400169 1 0 1653439803
WALL 59400169 1 0 1653439804
WALL 59400169 1 0 1653439805
WALL 59400169 1 0 1653439806
WALL 59400169 1 0 1653439807
WALL 59400169 1 0 1653439808
WALL 59400169 1 0 1653439809
WALL 59400169 1 0 1653439810
WALL 59400169 1 0 1653439811
WALL 59400169 1 0 1653439812
WALL 59400169 1 0 1653439813
WALL 59400169 1 0 1653439814
WALL 59400169 1 0 1653439815
WALL 59400169 1 0 1653439816
WALL 59400169 1 0 1653439817
WALL 59400169 1 0 1653439818
WALL 59400169 1 0 1653439819
WALL 59400169 1 0 1653439820
WALL 59400169 1 0 1653439821
WALL 59400169 1 0 1653439822
WALL 59400169 1 0 1653439823
WALL 59400169 1 0 1653439824
WALL 59400169 1 0 1653439825
WALL 59400169 1 0 1653439826
WALL 59400169 1 0 1653439827
WALL 59400169 1 0 1653439828
WALL 59400169 1 0 1653439829
WALL 59400169 1 0 1653439830
WALL 59400169 1 0 1653439831
WALL 59400169 1 0 1653439832
WALL 59400169 1 0 1653439833
WALL 59400169 1 0 1653439834
WALL 59400169 1 0 1653439835
WALL 59400169 1 0 1653439836
WALL 59400169 1 0 1653439837
WALL 59400169 1 0 1653439838
WALL 59400169 1 0 1653439839
WALL 59400169 1 0 1653439840
WALL 59400169 1 0 1653439841
WALL 59400169 1 0 1653439842
WALL 59400169 1 0 1653439843
WALL 59400169 1 0 1653439844
WALL 59400169 1 0 1653439845
WALL 59400169 1 0 1653439846
WALL 59400169 1 0 1653439847
WALL 59400169 1 0 1653439848
WALL 59400169 1 0 1653439849
WALL 59400169 1 0 1653439850
WALL 59400169 1 0 1653439851
WALL 59400169 1 0 1653439852
WALL 59400169 1 0 1653439853
WALL 59400169 1 0 1653439854
WALL 59400169 1 0 1653439855
WALL 59400169 1 0 1653439856
WALL 59400169 1 0 1653439857
WALL 59400169 1 0 1653439858
WALL 59400169 1 0 1653439859
WALL 59400169 1 0 1653439860
WALL 59400169 1 0 1653439861
WALL 59400169 1 0 1653439862
WALL 59400169 1 0 1653439863
WALL 59400169 1 0 1653439864
WALL 59400169 1 0 1653439865
WALL 59400169 1 0 1653439866
received SIGCONT 1653439867
WALL 59400169 1 0 1653439867
slurmstepd: error: *** STEP 59400169.0 ON nid07220 CANCELLED AT 2022-05-24T17:51:07 ***
srun: got SIGCONT
received SIGTERM 1653439867
WALL 59400169 1 0 1653439867
srun: forcing job termination
