WALL 59398606 1 0 1653439276
WALL 59398606 1 0 1653439277
WALL 59398606 1 0 1653439278
WALL 59398606 1 0 1653439279
WALL 59398606 1 0 1653439280
WALL 59398606 1 0 1653439281
WALL 59398606 1 0 1653439282
WALL 59398606 1 0 1653439283
WALL 59398606 1 0 1653439284
WALL 59398606 1 0 1653439285
WALL 59398606 1 0 1653439286
WALL 59398606 1 0 1653439287
WALL 59398606 1 0 1653439288
WALL 59398606 1 0 1653439289
WALL 59398606 1 0 1653439290
WALL 59398606 1 0 1653439291
WALL 59398606 1 0 1653439292
WALL 59398606 1 0 1653439293
WALL 59398606 1 0 1653439294
WALL 59398606 1 0 1653439295
WALL 59398606 1 0 1653439296
WALL 59398606 1 0 1653439297
WALL 59398606 1 0 1653439298
WALL 59398606 1 0 1653439299
WALL 59398606 1 0 1653439300
WALL 59398606 1 0 1653439301
WALL 59398606 1 0 1653439302
WALL 59398606 1 0 1653439303
WALL 59398606 1 0 1653439304
WALL 59398606 1 0 1653439305
WALL 59398606 1 0 1653439306
WALL 59398606 1 0 1653439307
WALL 59398606 1 0 1653439308
WALL 59398606 1 0 1653439309
WALL 59398606 1 0 1653439310
WALL 59398606 1 0 1653439311
WALL 59398606 1 0 1653439312
WALL 59398606 1 0 1653439313
WALL 59398606 1 0 1653439314
WALL 59398606 1 0 1653439315
WALL 59398606 1 0 1653439316
WALL 59398606 1 0 1653439317
WALL 59398606 1 0 1653439318
WALL 59398606 1 0 1653439319
WALL 59398606 1 0 1653439320
WALL 59398606 1 0 1653439321
WALL 59398606 1 0 1653439322
WALL 59398606 1 0 1653439323
WALL 59398606 1 0 1653439324
WALL 59398606 1 0 1653439325
WALL 59398606 1 0 1653439326
WALL 59398606 1 0 1653439327
WALL 59398606 1 0 1653439328
WALL 59398606 1 0 1653439329
WALL 59398606 1 0 1653439330
WALL 59398606 1 0 1653439331
WALL 59398606 1 0 1653439332
WALL 59398606 1 0 1653439333
WALL 59398606 1 0 1653439334
WALL 59398606 1 0 1653439335
WALL 59398606 1 0 1653439336
WALL 59398606 1 0 1653439337
WALL 59398606 1 0 1653439338
WALL 59398606 1 0 1653439339
WALL 59398606 1 0 1653439340
WALL 59398606 1 0 1653439341
WALL 59398606 1 0 1653439342
WALL 59398606 1 0 1653439343
WALL 59398606 1 0 1653439344
WALL 59398606 1 0 1653439345
WALL 59398606 1 0 1653439346
WALL 59398606 1 0 1653439347
WALL 59398606 1 0 1653439348
WALL 59398606 1 0 1653439349
WALL 59398606 1 0 1653439350
WALL 59398606 1 0 1653439351
WALL 59398606 1 0 1653439352
WALL 59398606 1 0 1653439353
WALL 59398606 1 0 1653439354
WALL 59398606 1 0 1653439355
WALL 59398606 1 0 1653439356
WALL 59398606 1 0 1653439357
WALL 59398606 1 0 1653439358
WALL 59398606 1 0 1653439359
WALL 59398606 1 0 1653439360
WALL 59398606 1 0 1653439361
WALL 59398606 1 0 1653439362
WALL 59398606 1 0 1653439363
WALL 59398606 1 0 1653439364
WALL 59398606 1 0 1653439365
WALL 59398606 1 0 1653439366
WALL 59398606 1 0 1653439367
WALL 59398606 1 0 1653439368
WALL 59398606 1 0 1653439369
WALL 59398606 1 0 1653439370
WALL 59398606 1 0 1653439371
WALL 59398606 1 0 1653439372
WALL 59398606 1 0 1653439373
WALL 59398606 1 0 1653439374
WALL 59398606 1 0 1653439375
WALL 59398606 1 0 1653439376
WALL 59398606 1 0 1653439377
WALL 59398606 1 0 1653439378
WALL 59398606 1 0 1653439379
WALL 59398606 1 0 1653439380
WALL 59398606 1 0 1653439381
WALL 59398606 1 0 1653439382
WALL 59398606 1 0 1653439383
WALL 59398606 1 0 1653439384
WALL 59398606 1 0 1653439385
WALL 59398606 1 0 1653439386
WALL 59398606 1 0 1653439387
WALL 59398606 1 0 1653439388
WALL 59398606 1 0 1653439389
WALL 59398606 1 0 1653439390
WALL 59398606 1 0 1653439391
WALL 59398606 1 0 1653439392
WALL 59398606 1 0 1653439393
WALL 59398606 1 0 1653439394
WALL 59398606 1 0 1653439395
WALL 59398606 1 0 1653439396
WALL 59398606 1 0 1653439397
WALL 59398606 1 0 1653439398
WALL 59398606 1 0 1653439399
WALL 59398606 1 0 1653439400
WALL 59398606 1 0 1653439401
WALL 59398606 1 0 1653439402
WALL 59398606 1 0 1653439403
WALL 59398606 1 0 1653439404
WALL 59398606 1 0 1653439405
WALL 59398606 1 0 1653439406
WALL 59398606 1 0 1653439407
WALL 59398606 1 0 1653439408
WALL 59398606 1 0 1653439409
WALL 59398606 1 0 1653439410
WALL 59398606 1 0 1653439411
WALL 59398606 1 0 1653439412
WALL 59398606 1 0 1653439413
WALL 59398606 1 0 1653439414
WALL 59398606 1 0 1653439415
WALL 59398606 1 0 1653439416
WALL 59398606 1 0 1653439417
WALL 59398606 1 0 1653439418
WALL 59398606 1 0 1653439419
WALL 59398606 1 0 1653439420
WALL 59398606 1 0 1653439421
WALL 59398606 1 0 1653439422
WALL 59398606 1 0 1653439423
WALL 59398606 1 0 1653439424
WALL 59398606 1 0 1653439425
WALL 59398606 1 0 1653439426
WALL 59398606 1 0 1653439427
WALL 59398606 1 0 1653439428
WALL 59398606 1 0 1653439429
WALL 59398606 1 0 1653439430
WALL 59398606 1 0 1653439431
WALL 59398606 1 0 1653439432
WALL 59398606 1 0 1653439433
WALL 59398606 1 0 1653439434
WALL 59398606 1 0 1653439435
WALL 59398606 1 0 1653439436
WALL 59398606 1 0 1653439437
WALL 59398606 1 0 1653439438
WALL 59398606 1 0 1653439439
WALL 59398606 1 0 1653439440
WALL 59398606 1 0 1653439441
WALL 59398606 1 0 1653439442
WALL 59398606 1 0 1653439443
WALL 59398606 1 0 1653439444
WALL 59398606 1 0 1653439445
WALL 59398606 1 0 1653439446
WALL 59398606 1 0 1653439447
WALL 59398606 1 0 1653439448
WALL 59398606 1 0 1653439449
WALL 59398606 1 0 1653439450
WALL 59398606 1 0 1653439451
WALL 59398606 1 0 1653439452
WALL 59398606 1 0 1653439453
WALL 59398606 1 0 1653439454
WALL 59398606 1 0 1653439455
WALL 59398606 1 0 1653439456
WALL 59398606 1 0 1653439457
WALL 59398606 1 0 1653439458
WALL 59398606 1 0 1653439459
WALL 59398606 1 0 1653439460
WALL 59398606 1 0 1653439461
WALL 59398606 1 0 1653439462
WALL 59398606 1 0 1653439463
WALL 59398606 1 0 1653439464
WALL 59398606 1 0 1653439465
WALL 59398606 1 0 1653439466
WALL 59398606 1 0 1653439467
WALL 59398606 1 0 1653439468
WALL 59398606 1 0 1653439469
WALL 59398606 1 0 1653439470
WALL 59398606 1 0 1653439471
WALL 59398606 1 0 1653439472
WALL 59398606 1 0 1653439473
WALL 59398606 1 0 1653439474
WALL 59398606 1 0 1653439475
WALL 59398606 1 0 1653439476
WALL 59398606 1 0 1653439477
WALL 59398606 1 0 1653439478
WALL 59398606 1 0 1653439479
WALL 59398606 1 0 1653439480
WALL 59398606 1 0 1653439481
WALL 59398606 1 0 1653439482
WALL 59398606 1 0 1653439483
WALL 59398606 1 0 1653439484
WALL 59398606 1 0 1653439485
WALL 59398606 1 0 1653439486
WALL 59398606 1 0 1653439487
WALL 59398606 1 0 1653439488
WALL 59398606 1 0 1653439489
WALL 59398606 1 0 1653439490
WALL 59398606 1 0 1653439491
WALL 59398606 1 0 1653439492
WALL 59398606 1 0 1653439493
WALL 59398606 1 0 1653439494
WALL 59398606 1 0 1653439495
WALL 59398606 1 0 1653439496
WALL 59398606 1 0 1653439497
WALL 59398606 1 0 1653439498
WALL 59398606 1 0 1653439499
WALL 59398606 1 0 1653439500
WALL 59398606 1 0 1653439501
WALL 59398606 1 0 1653439502
WALL 59398606 1 0 1653439503
WALL 59398606 1 0 1653439504
WALL 59398606 1 0 1653439505
WALL 59398606 1 0 1653439506
WALL 59398606 1 0 1653439507
WALL 59398606 1 0 1653439508
WALL 59398606 1 0 1653439509
WALL 59398606 1 0 1653439510
WALL 59398606 1 0 1653439511
WALL 59398606 1 0 1653439512
WALL 59398606 1 0 1653439513
WALL 59398606 1 0 1653439514
WALL 59398606 1 0 1653439515
WALL 59398606 1 0 1653439516
WALL 59398606 1 0 1653439517
WALL 59398606 1 0 1653439518
WALL 59398606 1 0 1653439519
WALL 59398606 1 0 1653439520
WALL 59398606 1 0 1653439521
WALL 59398606 1 0 1653439522
WALL 59398606 1 0 1653439523
WALL 59398606 1 0 1653439524
WALL 59398606 1 0 1653439525
WALL 59398606 1 0 1653439526
WALL 59398606 1 0 1653439527
WALL 59398606 1 0 1653439528
WALL 59398606 1 0 1653439529
WALL 59398606 1 0 1653439530
WALL 59398606 1 0 1653439531
WALL 59398606 1 0 1653439532
WALL 59398606 1 0 1653439533
WALL 59398606 1 0 1653439534
WALL 59398606 1 0 1653439535
WALL 59398606 1 0 1653439536
WALL 59398606 1 0 1653439537
WALL 59398606 1 0 1653439538
received SIGCONT 1653439539
WALL 59398606 1 0 1653439539
received SIGINT 1653439539
WALL 59398606 1 0 1653439539
WALL 59398606 1 0 1653439540
WALL 59398606 1 0 1653439541
WALL 59398606 1 0 1653439542
WALL 59398606 1 0 1653439543
WALL 59398606 1 0 1653439544
WALL 59398606 1 0 1653439545
WALL 59398606 1 0 1653439546
WALL 59398606 1 0 1653439547
WALL 59398606 1 0 1653439548
WALL 59398606 1 0 1653439549
WALL 59398606 1 0 1653439550
WALL 59398606 1 0 1653439551
WALL 59398606 1 0 1653439552
WALL 59398606 1 0 1653439553
WALL 59398606 1 0 1653439554
WALL 59398606 1 0 1653439555
WALL 59398606 1 0 1653439556
WALL 59398606 1 0 1653439557
WALL 59398606 1 0 1653439558
WALL 59398606 1 0 1653439559
WALL 59398606 1 0 1653439560
WALL 59398606 1 0 1653439561
WALL 59398606 1 0 1653439562
WALL 59398606 1 0 1653439563
WALL 59398606 1 0 1653439564
WALL 59398606 1 0 1653439565
WALL 59398606 1 0 1653439566
WALL 59398606 1 0 1653439567
WALL 59398606 1 0 1653439568
WALL 59398606 1 0 1653439569
WALL 59398606 1 0 1653439570
WALL 59398606 1 0 1653439571
WALL 59398606 1 0 1653439572
WALL 59398606 1 0 1653439573
WALL 59398606 1 0 1653439574
WALL 59398606 1 0 1653439575
WALL 59398606 1 0 1653439576
WALL 59398606 1 0 1653439577
WALL 59398606 1 0 1653439578
WALL 59398606 1 0 1653439579
WALL 59398606 1 0 1653439580
WALL 59398606 1 0 1653439581
WALL 59398606 1 0 1653439582
WALL 59398606 1 0 1653439583
WALL 59398606 1 0 1653439584
WALL 59398606 1 0 1653439585
WALL 59398606 1 0 1653439586
WALL 59398606 1 0 1653439587
WALL 59398606 1 0 1653439588
WALL 59398606 1 0 1653439589
WALL 59398606 1 0 1653439590
WALL 59398606 1 0 1653439591
WALL 59398606 1 0 1653439592
WALL 59398606 1 0 1653439593
WALL 59398606 1 0 1653439594
WALL 59398606 1 0 1653439595
WALL 59398606 1 0 1653439596
WALL 59398606 1 0 1653439597
WALL 59398606 1 0 1653439598
WALL 59398606 1 0 1653439599
WALL 59398606 1 0 1653439600
WALL 59398606 1 0 1653439601
WALL 59398606 1 0 1653439602
WALL 59398606 1 0 1653439603
WALL 59398606 1 0 1653439604
WALL 59398606 1 0 1653439605
WALL 59398606 1 0 1653439606
WALL 59398606 1 0 1653439607
WALL 59398606 1 0 1653439608
WALL 59398606 1 0 1653439609
WALL 59398606 1 0 1653439610
WALL 59398606 1 0 1653439611
WALL 59398606 1 0 1653439612
WALL 59398606 1 0 1653439613
WALL 59398606 1 0 1653439614
WALL 59398606 1 0 1653439615
WALL 59398606 1 0 1653439616
WALL 59398606 1 0 1653439617
WALL 59398606 1 0 1653439618
WALL 59398606 1 0 1653439619
WALL 59398606 1 0 1653439620
WALL 59398606 1 0 1653439621
WALL 59398606 1 0 1653439622
WALL 59398606 1 0 1653439623
WALL 59398606 1 0 1653439624
WALL 59398606 1 0 1653439625
WALL 59398606 1 0 1653439626
WALL 59398606 1 0 1653439627
WALL 59398606 1 0 1653439628
WALL 59398606 1 0 1653439629
WALL 59398606 1 0 1653439630
WALL 59398606 1 0 1653439631
WALL 59398606 1 0 1653439632
WALL 59398606 1 0 1653439633
WALL 59398606 1 0 1653439634
WALL 59398606 1 0 1653439635
WALL 59398606 1 0 1653439636
WALL 59398606 1 0 1653439637
WALL 59398606 1 0 1653439638
WALL 59398606 1 0 1653439639
WALL 59398606 1 0 1653439640
WALL 59398606 1 0 1653439641
WALL 59398606 1 0 1653439642
WALL 59398606 1 0 1653439643
WALL 59398606 1 0 1653439644
WALL 59398606 1 0 1653439645
WALL 59398606 1 0 1653439646
WALL 59398606 1 0 1653439647
WALL 59398606 1 0 1653439648
WALL 59398606 1 0 1653439649
WALL 59398606 1 0 1653439650
WALL 59398606 1 0 1653439651
WALL 59398606 1 0 1653439652
WALL 59398606 1 0 1653439653
WALL 59398606 1 0 1653439654
WALL 59398606 1 0 1653439655
WALL 59398606 1 0 1653439656
WALL 59398606 1 0 1653439657
WALL 59398606 1 0 1653439658
WALL 59398606 1 0 1653439659
WALL 59398606 1 0 1653439660
WALL 59398606 1 0 1653439661
WALL 59398606 1 0 1653439662
WALL 59398606 1 0 1653439663
WALL 59398606 1 0 1653439664
WALL 59398606 1 0 1653439665
WALL 59398606 1 0 1653439666
WALL 59398606 1 0 1653439667
WALL 59398606 1 0 1653439668
WALL 59398606 1 0 1653439669
WALL 59398606 1 0 1653439670
WALL 59398606 1 0 1653439671
WALL 59398606 1 0 1653439672
WALL 59398606 1 0 1653439673
WALL 59398606 1 0 1653439674
WALL 59398606 1 0 1653439675
WALL 59398606 1 0 1653439676
WALL 59398606 1 0 1653439677
WALL 59398606 1 0 1653439678
WALL 59398606 1 0 1653439679
WALL 59398606 1 0 1653439680
WALL 59398606 1 0 1653439681
WALL 59398606 1 0 1653439682
WALL 59398606 1 0 1653439683
WALL 59398606 1 0 1653439684
WALL 59398606 1 0 1653439685
WALL 59398606 1 0 1653439686
WALL 59398606 1 0 1653439687
WALL 59398606 1 0 1653439688
WALL 59398606 1 0 1653439689
WALL 59398606 1 0 1653439690
WALL 59398606 1 0 1653439691
WALL 59398606 1 0 1653439692
WALL 59398606 1 0 1653439693
WALL 59398606 1 0 1653439694
WALL 59398606 1 0 1653439695
WALL 59398606 1 0 1653439696
WALL 59398606 1 0 1653439697
WALL 59398606 1 0 1653439698
WALL 59398606 1 0 1653439699
WALL 59398606 1 0 1653439700
WALL 59398606 1 0 1653439701
WALL 59398606 1 0 1653439702
WALL 59398606 1 0 1653439703
WALL 59398606 1 0 1653439704
WALL 59398606 1 0 1653439705
WALL 59398606 1 0 1653439706
WALL 59398606 1 0 1653439707
WALL 59398606 1 0 1653439708
WALL 59398606 1 0 1653439709
WALL 59398606 1 0 1653439710
WALL 59398606 1 0 1653439711
WALL 59398606 1 0 1653439712
WALL 59398606 1 0 1653439713
WALL 59398606 1 0 1653439714
WALL 59398606 1 0 1653439715
WALL 59398606 1 0 1653439716
WALL 59398606 1 0 1653439717
WALL 59398606 1 0 1653439718
WALL 59398606 1 0 1653439719
WALL 59398606 1 0 1653439720
WALL 59398606 1 0 1653439721
WALL 59398606 1 0 1653439722
WALL 59398606 1 0 1653439723
WALL 59398606 1 0 1653439724
WALL 59398606 1 0 1653439725
WALL 59398606 1 0 1653439726
WALL 59398606 1 0 1653439727
WALL 59398606 1 0 1653439728
WALL 59398606 1 0 1653439729
WALL 59398606 1 0 1653439730
WALL 59398606 1 0 1653439731
WALL 59398606 1 0 1653439732
WALL 59398606 1 0 1653439733
WALL 59398606 1 0 1653439734
WALL 59398606 1 0 1653439735
WALL 59398606 1 0 1653439736
WALL 59398606 1 0 1653439737
WALL 59398606 1 0 1653439738
WALL 59398606 1 0 1653439739
WALL 59398606 1 0 1653439740
WALL 59398606 1 0 1653439741
WALL 59398606 1 0 1653439742
WALL 59398606 1 0 1653439743
WALL 59398606 1 0 1653439744
WALL 59398606 1 0 1653439745
WALL 59398606 1 0 1653439746
WALL 59398606 1 0 1653439747
WALL 59398606 1 0 1653439748
WALL 59398606 1 0 1653439749
WALL 59398606 1 0 1653439750
WALL 59398606 1 0 1653439751
WALL 59398606 1 0 1653439752
WALL 59398606 1 0 1653439753
WALL 59398606 1 0 1653439754
WALL 59398606 1 0 1653439755
WALL 59398606 1 0 1653439756
WALL 59398606 1 0 1653439757
WALL 59398606 1 0 1653439758
WALL 59398606 1 0 1653439759
WALL 59398606 1 0 1653439760
WALL 59398606 1 0 1653439761
WALL 59398606 1 0 1653439762
WALL 59398606 1 0 1653439763
WALL 59398606 1 0 1653439764
WALL 59398606 1 0 1653439765
WALL 59398606 1 0 1653439766
WALL 59398606 1 0 1653439767
WALL 59398606 1 0 1653439768
WALL 59398606 1 0 1653439769
WALL 59398606 1 0 1653439770
WALL 59398606 1 0 1653439771
WALL 59398606 1 0 1653439772
WALL 59398606 1 0 1653439773
WALL 59398606 1 0 1653439774
WALL 59398606 1 0 1653439775
WALL 59398606 1 0 1653439776
WALL 59398606 1 0 1653439777
WALL 59398606 1 0 1653439778
WALL 59398606 1 0 1653439779
WALL 59398606 1 0 1653439780
WALL 59398606 1 0 1653439781
WALL 59398606 1 0 1653439782
WALL 59398606 1 0 1653439783
WALL 59398606 1 0 1653439784
WALL 59398606 1 0 1653439785
WALL 59398606 1 0 1653439786
WALL 59398606 1 0 1653439787
WALL 59398606 1 0 1653439788
WALL 59398606 1 0 1653439789
WALL 59398606 1 0 1653439790
WALL 59398606 1 0 1653439791
WALL 59398606 1 0 1653439792
WALL 59398606 1 0 1653439793
WALL 59398606 1 0 1653439794
WALL 59398606 1 0 1653439795
WALL 59398606 1 0 1653439796
WALL 59398606 1 0 1653439797
WALL 59398606 1 0 1653439798
WALL 59398606 1 0 1653439799
WALL 59398606 1 0 1653439800
WALL 59398606 1 0 1653439801
WALL 59398606 1 0 1653439802
WALL 59398606 1 0 1653439803
WALL 59398606 1 0 1653439804
WALL 59398606 1 0 1653439805
WALL 59398606 1 0 1653439806
WALL 59398606 1 0 1653439807
WALL 59398606 1 0 1653439808
WALL 59398606 1 0 1653439809
WALL 59398606 1 0 1653439810
WALL 59398606 1 0 1653439811
WALL 59398606 1 0 1653439812
WALL 59398606 1 0 1653439813
WALL 59398606 1 0 1653439814
WALL 59398606 1 0 1653439815
WALL 59398606 1 0 1653439816
WALL 59398606 1 0 1653439817
WALL 59398606 1 0 1653439818
WALL 59398606 1 0 1653439819
WALL 59398606 1 0 1653439820
WALL 59398606 1 0 1653439821
WALL 59398606 1 0 1653439822
WALL 59398606 1 0 1653439823
WALL 59398606 1 0 1653439824
WALL 59398606 1 0 1653439825
WALL 59398606 1 0 1653439826
WALL 59398606 1 0 1653439827
WALL 59398606 1 0 1653439828
WALL 59398606 1 0 1653439829
WALL 59398606 1 0 1653439830
WALL 59398606 1 0 1653439831
WALL 59398606 1 0 1653439832
WALL 59398606 1 0 1653439833
WALL 59398606 1 0 1653439834
WALL 59398606 1 0 1653439835
WALL 59398606 1 0 1653439836
WALL 59398606 1 0 1653439837
WALL 59398606 1 0 1653439838
WALL 59398606 1 0 1653439839
WALL 59398606 1 0 1653439840
WALL 59398606 1 0 1653439841
WALL 59398606 1 0 1653439842
WALL 59398606 1 0 1653439843
WALL 59398606 1 0 1653439844
WALL 59398606 1 0 1653439845
WALL 59398606 1 0 1653439846
WALL 59398606 1 0 1653439847
WALL 59398606 1 0 1653439848
WALL 59398606 1 0 1653439849
WALL 59398606 1 0 1653439850
WALL 59398606 1 0 1653439851
WALL 59398606 1 0 1653439852
WALL 59398606 1 0 1653439853
WALL 59398606 1 0 1653439854
WALL 59398606 1 0 1653439855
WALL 59398606 1 0 1653439856
WALL 59398606 1 0 1653439857
WALL 59398606 1 0 1653439858
WALL 59398606 1 0 1653439859
WALL 59398606 1 0 1653439860
WALL 59398606 1 0 1653439861
WALL 59398606 1 0 1653439862
WALL 59398606 1 0 1653439863
WALL 59398606 1 0 1653439864
WALL 59398606 1 0 1653439865
WALL 59398606 1 0 1653439866
WALL 59398606 1 0 1653439867
WALL 59398606 1 0 1653439868
WALL 59398606 1 0 1653439869
WALL 59398606 1 0 1653439870
WALL 59398606 1 0 1653439871
WALL 59398606 1 0 1653439872
WALL 59398606 1 0 1653439873
WALL 59398606 1 0 1653439874
WALL 59398606 1 0 1653439875
WALL 59398606 1 0 1653439876
WALL 59398606 1 0 1653439877
WALL 59398606 1 0 1653439878
WALL 59398606 1 0 1653439879
WALL 59398606 1 0 1653439880
WALL 59398606 1 0 1653439881
WALL 59398606 1 0 1653439882
WALL 59398606 1 0 1653439883
WALL 59398606 1 0 1653439884
WALL 59398606 1 0 1653439885
WALL 59398606 1 0 1653439886
WALL 59398606 1 0 1653439887
WALL 59398606 1 0 1653439888
WALL 59398606 1 0 1653439889
WALL 59398606 1 0 1653439890
slurmstepd: error: *** STEP 59398606.0 ON nid04602 CANCELLED AT 2022-05-24T17:51:31 DUE TO TIME LIMIT ***
received SIGTERM 1653439891
WALL 59398606 1 0 1653439891
received SIGCONT 1653439891
WALL 59398606 1 0 1653439891
srun: got SIGCONT
received SIGTERM 1653439891
WALL 59398606 1 0 1653439891
srun: forcing job termination
