WALL 59400622 1 0 1653440173
WALL 59400622 1 0 1653440174
WALL 59400622 1 0 1653440175
WALL 59400622 1 0 1653440176
WALL 59400622 1 0 1653440177
WALL 59400622 1 0 1653440178
WALL 59400622 1 0 1653440179
WALL 59400622 1 0 1653440180
WALL 59400622 1 0 1653440181
WALL 59400622 1 0 1653440182
WALL 59400622 1 0 1653440183
WALL 59400622 1 0 1653440184
WALL 59400622 1 0 1653440185
WALL 59400622 1 0 1653440186
WALL 59400622 1 0 1653440187
WALL 59400622 1 0 1653440188
WALL 59400622 1 0 1653440189
WALL 59400622 1 0 1653440190
WALL 59400622 1 0 1653440191
WALL 59400622 1 0 1653440192
WALL 59400622 1 0 1653440193
WALL 59400622 1 0 1653440194
WALL 59400622 1 0 1653440195
WALL 59400622 1 0 1653440196
WALL 59400622 1 0 1653440197
WALL 59400622 1 0 1653440198
WALL 59400622 1 0 1653440199
WALL 59400622 1 0 1653440200
WALL 59400622 1 0 1653440201
WALL 59400622 1 0 1653440202
WALL 59400622 1 0 1653440203
WALL 59400622 1 0 1653440204
WALL 59400622 1 0 1653440205
WALL 59400622 1 0 1653440206
WALL 59400622 1 0 1653440207
WALL 59400622 1 0 1653440208
WALL 59400622 1 0 1653440209
WALL 59400622 1 0 1653440210
WALL 59400622 1 0 1653440211
WALL 59400622 1 0 1653440212
WALL 59400622 1 0 1653440213
WALL 59400622 1 0 1653440214
WALL 59400622 1 0 1653440215
WALL 59400622 1 0 1653440216
WALL 59400622 1 0 1653440217
WALL 59400622 1 0 1653440218
WALL 59400622 1 0 1653440219
WALL 59400622 1 0 1653440220
WALL 59400622 1 0 1653440221
WALL 59400622 1 0 1653440222
WALL 59400622 1 0 1653440223
WALL 59400622 1 0 1653440224
WALL 59400622 1 0 1653440225
WALL 59400622 1 0 1653440226
WALL 59400622 1 0 1653440227
WALL 59400622 1 0 1653440228
WALL 59400622 1 0 1653440229
WALL 59400622 1 0 1653440230
WALL 59400622 1 0 1653440231
WALL 59400622 1 0 1653440232
WALL 59400622 1 0 1653440233
WALL 59400622 1 0 1653440234
WALL 59400622 1 0 1653440235
WALL 59400622 1 0 1653440236
WALL 59400622 1 0 1653440237
WALL 59400622 1 0 1653440238
WALL 59400622 1 0 1653440239
WALL 59400622 1 0 1653440240
WALL 59400622 1 0 1653440241
WALL 59400622 1 0 1653440242
WALL 59400622 1 0 1653440243
WALL 59400622 1 0 1653440244
WALL 59400622 1 0 1653440245
WALL 59400622 1 0 1653440246
WALL 59400622 1 0 1653440247
WALL 59400622 1 0 1653440248
WALL 59400622 1 0 1653440249
WALL 59400622 1 0 1653440250
WALL 59400622 1 0 1653440251
WALL 59400622 1 0 1653440252
WALL 59400622 1 0 1653440253
WALL 59400622 1 0 1653440254
WALL 59400622 1 0 1653440255
WALL 59400622 1 0 1653440256
WALL 59400622 1 0 1653440257
WALL 59400622 1 0 1653440258
WALL 59400622 1 0 1653440259
WALL 59400622 1 0 1653440260
WALL 59400622 1 0 1653440261
WALL 59400622 1 0 1653440262
WALL 59400622 1 0 1653440263
WALL 59400622 1 0 1653440264
WALL 59400622 1 0 1653440265
WALL 59400622 1 0 1653440266
WALL 59400622 1 0 1653440267
srun: Job step aborted: Waiting up to 32 seconds for job step to finish.
received SIGCONT 1653440268
WALL 59400622 1 0 1653440268
srun: got SIGCONT
slurmstepd: error: *** STEP 59400622.0 ON nid11814 CANCELLED AT 2022-05-24T17:57:48 ***
received SIGTERM 1653440268
WALL 59400622 1 0 1653440268
srun: forcing job termination
