WALL 59400162 1 0 1653439728
WALL 59400162 1 0 1653439729
WALL 59400162 1 0 1653439730
WALL 59400162 1 0 1653439731
WALL 59400162 1 0 1653439732
WALL 59400162 1 0 1653439733
WALL 59400162 1 0 1653439734
WALL 59400162 1 0 1653439735
WALL 59400162 1 0 1653439736
WALL 59400162 1 0 1653439737
WALL 59400162 1 0 1653439738
WALL 59400162 1 0 1653439739
WALL 59400162 1 0 1653439740
WALL 59400162 1 0 1653439741
WALL 59400162 1 0 1653439742
WALL 59400162 1 0 1653439743
WALL 59400162 1 0 1653439744
WALL 59400162 1 0 1653439745
WALL 59400162 1 0 1653439746
WALL 59400162 1 0 1653439747
WALL 59400162 1 0 1653439748
WALL 59400162 1 0 1653439749
WALL 59400162 1 0 1653439750
WALL 59400162 1 0 1653439751
WALL 59400162 1 0 1653439752
WALL 59400162 1 0 1653439753
WALL 59400162 1 0 1653439754
WALL 59400162 1 0 1653439755
WALL 59400162 1 0 1653439756
WALL 59400162 1 0 1653439757
WALL 59400162 1 0 1653439758
WALL 59400162 1 0 1653439759
WALL 59400162 1 0 1653439760
WALL 59400162 1 0 1653439761
WALL 59400162 1 0 1653439762
WALL 59400162 1 0 1653439763
WALL 59400162 1 0 1653439764
WALL 59400162 1 0 1653439765
WALL 59400162 1 0 1653439766
WALL 59400162 1 0 1653439767
WALL 59400162 1 0 1653439768
WALL 59400162 1 0 1653439769
WALL 59400162 1 0 1653439770
WALL 59400162 1 0 1653439771
WALL 59400162 1 0 1653439772
WALL 59400162 1 0 1653439773
WALL 59400162 1 0 1653439774
WALL 59400162 1 0 1653439775
WALL 59400162 1 0 1653439776
WALL 59400162 1 0 1653439777
WALL 59400162 1 0 1653439778
WALL 59400162 1 0 1653439779
WALL 59400162 1 0 1653439780
WALL 59400162 1 0 1653439781
WALL 59400162 1 0 1653439782
WALL 59400162 1 0 1653439783
WALL 59400162 1 0 1653439784
WALL 59400162 1 0 1653439785
WALL 59400162 1 0 1653439786
WALL 59400162 1 0 1653439787
WALL 59400162 1 0 1653439788
WALL 59400162 1 0 1653439789
WALL 59400162 1 0 1653439790
WALL 59400162 1 0 1653439791
WALL 59400162 1 0 1653439792
WALL 59400162 1 0 1653439793
WALL 59400162 1 0 1653439794
WALL 59400162 1 0 1653439795
WALL 59400162 1 0 1653439796
WALL 59400162 1 0 1653439797
WALL 59400162 1 0 1653439798
WALL 59400162 1 0 1653439799
WALL 59400162 1 0 1653439800
WALL 59400162 1 0 1653439801
WALL 59400162 1 0 1653439802
WALL 59400162 1 0 1653439803
WALL 59400162 1 0 1653439804
WALL 59400162 1 0 1653439805
WALL 59400162 1 0 1653439806
WALL 59400162 1 0 1653439807
WALL 59400162 1 0 1653439808
WALL 59400162 1 0 1653439809
WALL 59400162 1 0 1653439810
WALL 59400162 1 0 1653439811
WALL 59400162 1 0 1653439812
WALL 59400162 1 0 1653439813
WALL 59400162 1 0 1653439814
WALL 59400162 1 0 1653439815
WALL 59400162 1 0 1653439816
WALL 59400162 1 0 1653439817
WALL 59400162 1 0 1653439818
WALL 59400162 1 0 1653439819
WALL 59400162 1 0 1653439820
WALL 59400162 1 0 1653439821
WALL 59400162 1 0 1653439822
WALL 59400162 1 0 1653439823
WALL 59400162 1 0 1653439824
WALL 59400162 1 0 1653439825
WALL 59400162 1 0 1653439826
WALL 59400162 1 0 1653439827
WALL 59400162 1 0 1653439828
WALL 59400162 1 0 1653439829
WALL 59400162 1 0 1653439830
WALL 59400162 1 0 1653439831
WALL 59400162 1 0 1653439832
WALL 59400162 1 0 1653439833
WALL 59400162 1 0 1653439834
WALL 59400162 1 0 1653439835
WALL 59400162 1 0 1653439836
WALL 59400162 1 0 1653439837
WALL 59400162 1 0 1653439838
WALL 59400162 1 0 1653439839
WALL 59400162 1 0 1653439840
WALL 59400162 1 0 1653439841
WALL 59400162 1 0 1653439842
WALL 59400162 1 0 1653439843
WALL 59400162 1 0 1653439844
WALL 59400162 1 0 1653439845
WALL 59400162 1 0 1653439846
WALL 59400162 1 0 1653439847
WALL 59400162 1 0 1653439848
WALL 59400162 1 0 1653439849
WALL 59400162 1 0 1653439850
WALL 59400162 1 0 1653439851
WALL 59400162 1 0 1653439852
WALL 59400162 1 0 1653439853
WALL 59400162 1 0 1653439854
WALL 59400162 1 0 1653439855
WALL 59400162 1 0 1653439856
WALL 59400162 1 0 1653439857
WALL 59400162 1 0 1653439858
WALL 59400162 1 0 1653439859
WALL 59400162 1 0 1653439860
WALL 59400162 1 0 1653439861
WALL 59400162 1 0 1653439862
WALL 59400162 1 0 1653439863
WALL 59400162 1 0 1653439864
WALL 59400162 1 0 1653439865
WALL 59400162 1 0 1653439866
WALL 59400162 1 0 1653439867
WALL 59400162 1 0 1653439868
WALL 59400162 1 0 1653439869
WALL 59400162 1 0 1653439870
WALL 59400162 1 0 1653439871
WALL 59400162 1 0 1653439872
WALL 59400162 1 0 1653439873
WALL 59400162 1 0 1653439874
WALL 59400162 1 0 1653439875
WALL 59400162 1 0 1653439876
WALL 59400162 1 0 1653439877
WALL 59400162 1 0 1653439878
WALL 59400162 1 0 1653439879
WALL 59400162 1 0 1653439880
WALL 59400162 1 0 1653439881
WALL 59400162 1 0 1653439882
WALL 59400162 1 0 1653439883
WALL 59400162 1 0 1653439884
WALL 59400162 1 0 1653439885
WALL 59400162 1 0 1653439886
WALL 59400162 1 0 1653439887
WALL 59400162 1 0 1653439888
WALL 59400162 1 0 1653439889
WALL 59400162 1 0 1653439890
WALL 59400162 1 0 1653439891
WALL 59400162 1 0 1653439892
WALL 59400162 1 0 1653439893
WALL 59400162 1 0 1653439894
WALL 59400162 1 0 1653439895
WALL 59400162 1 0 1653439896
WALL 59400162 1 0 1653439897
WALL 59400162 1 0 1653439898
WALL 59400162 1 0 1653439899
WALL 59400162 1 0 1653439900
WALL 59400162 1 0 1653439901
WALL 59400162 1 0 1653439902
WALL 59400162 1 0 1653439903
WALL 59400162 1 0 1653439904
WALL 59400162 1 0 1653439905
WALL 59400162 1 0 1653439906
WALL 59400162 1 0 1653439907
WALL 59400162 1 0 1653439908
WALL 59400162 1 0 1653439909
WALL 59400162 1 0 1653439910
WALL 59400162 1 0 1653439911
WALL 59400162 1 0 1653439912
WALL 59400162 1 0 1653439913
WALL 59400162 1 0 1653439914
WALL 59400162 1 0 1653439915
WALL 59400162 1 0 1653439916
WALL 59400162 1 0 1653439917
WALL 59400162 1 0 1653439918
WALL 59400162 1 0 1653439919
WALL 59400162 1 0 1653439920
WALL 59400162 1 0 1653439921
WALL 59400162 1 0 1653439922
WALL 59400162 1 0 1653439923
received SIGCONT 1653439924
WALL 59400162 1 0 1653439924
srun: Job step aborted: Waiting up to 32 seconds for job step to finish.
srun: got SIGCONT
slurmstepd: error: *** STEP 59400162.0 ON nid06849 CANCELLED AT 2022-05-24T17:52:04 ***
received SIGTERM 1653439924
WALL 59400162 1 0 1653439924
srun: forcing job termination
