WALL 59398589 1 0 1653437912
WALL 59398589 1 0 1653437913
WALL 59398589 1 0 1653437914
WALL 59398589 1 0 1653437915
WALL 59398589 1 0 1653437916
WALL 59398589 1 0 1653437917
WALL 59398589 1 0 1653437918
WALL 59398589 1 0 1653437919
WALL 59398589 1 0 1653437920
WALL 59398589 1 0 1653437921
WALL 59398589 1 0 1653437922
WALL 59398589 1 0 1653437923
WALL 59398589 1 0 1653437924
WALL 59398589 1 0 1653437925
WALL 59398589 1 0 1653437926
WALL 59398589 1 0 1653437927
WALL 59398589 1 0 1653437928
WALL 59398589 1 0 1653437929
WALL 59398589 1 0 1653437930
WALL 59398589 1 0 1653437931
WALL 59398589 1 0 1653437932
WALL 59398589 1 0 1653437933
WALL 59398589 1 0 1653437934
WALL 59398589 1 0 1653437935
WALL 59398589 1 0 1653437936
WALL 59398589 1 0 1653437937
WALL 59398589 1 0 1653437938
WALL 59398589 1 0 1653437939
WALL 59398589 1 0 1653437940
WALL 59398589 1 0 1653437941
WALL 59398589 1 0 1653437942
WALL 59398589 1 0 1653437943
WALL 59398589 1 0 1653437944
WALL 59398589 1 0 1653437945
WALL 59398589 1 0 1653437946
WALL 59398589 1 0 1653437947
WALL 59398589 1 0 1653437948
WALL 59398589 1 0 1653437949
WALL 59398589 1 0 1653437950
WALL 59398589 1 0 1653437951
WALL 59398589 1 0 1653437952
WALL 59398589 1 0 1653437953
WALL 59398589 1 0 1653437954
WALL 59398589 1 0 1653437955
WALL 59398589 1 0 1653437956
WALL 59398589 1 0 1653437957
WALL 59398589 1 0 1653437958
WALL 59398589 1 0 1653437959
WALL 59398589 1 0 1653437960
WALL 59398589 1 0 1653437961
WALL 59398589 1 0 1653437962
WALL 59398589 1 0 1653437963
WALL 59398589 1 0 1653437964
WALL 59398589 1 0 1653437965
WALL 59398589 1 0 1653437966
WALL 59398589 1 0 1653437967
WALL 59398589 1 0 1653437968
WALL 59398589 1 0 1653437969
WALL 59398589 1 0 1653437970
WALL 59398589 1 0 1653437971
WALL 59398589 1 0 1653437972
WALL 59398589 1 0 1653437973
WALL 59398589 1 0 1653437974
WALL 59398589 1 0 1653437975
WALL 59398589 1 0 1653437976
WALL 59398589 1 0 1653437977
WALL 59398589 1 0 1653437978
WALL 59398589 1 0 1653437979
WALL 59398589 1 0 1653437980
WALL 59398589 1 0 1653437981
WALL 59398589 1 0 1653437982
WALL 59398589 1 0 1653437983
WALL 59398589 1 0 1653437984
slurmstepd: error: *** STEP 59398589.0 ON nid02522 CANCELLED AT 2022-05-24T17:19:44 ***
received SIGCONT 1653437984
received SIGTERM 1653437984
WALL 59398589 1 0 1653437984
WALL 59398589 1 0 1653437985
WALL 59398589 1 0 1653437986
WALL 59398589 1 0 1653437987
WALL 59398589 1 0 1653437988
WALL 59398589 1 0 1653437989
WALL 59398589 1 0 1653437990
WALL 59398589 1 0 1653437991
WALL 59398589 1 0 1653437992
WALL 59398589 1 0 1653437993
WALL 59398589 1 0 1653437994
WALL 59398589 1 0 1653437995
WALL 59398589 1 0 1653437996
WALL 59398589 1 0 1653437997
WALL 59398589 1 0 1653437998
WALL 59398589 1 0 1653437999
WALL 59398589 1 0 1653438000
WALL 59398589 1 0 1653438001
WALL 59398589 1 0 1653438002
WALL 59398589 1 0 1653438003
WALL 59398589 1 0 1653438004
WALL 59398589 1 0 1653438005
WALL 59398589 1 0 1653438006
WALL 59398589 1 0 1653438007
WALL 59398589 1 0 1653438008
WALL 59398589 1 0 1653438009
WALL 59398589 1 0 1653438010
WALL 59398589 1 0 1653438011
WALL 59398589 1 0 1653438012
WALL 59398589 1 0 1653438013
WALL 59398589 1 0 1653438014
WALL 59398589 1 0 1653438015
WALL 59398589 1 0 1653438016
WALL 59398589 1 0 1653438017
WALL 59398589 1 0 1653438018
WALL 59398589 1 0 1653438019
WALL 59398589 1 0 1653438020
WALL 59398589 1 0 1653438021
WALL 59398589 1 0 1653438022
WALL 59398589 1 0 1653438023
WALL 59398589 1 0 1653438024
WALL 59398589 1 0 1653438025
WALL 59398589 1 0 1653438026
WALL 59398589 1 0 1653438027
WALL 59398589 1 0 1653438028
WALL 59398589 1 0 1653438029
WALL 59398589 1 0 1653438030
WALL 59398589 1 0 1653438031
WALL 59398589 1 0 1653438032
WALL 59398589 1 0 1653438033
WALL 59398589 1 0 1653438034
WALL 59398589 1 0 1653438035
WALL 59398589 1 0 1653438036
WALL 59398589 1 0 1653438037
WALL 59398589 1 0 1653438038
WALL 59398589 1 0 1653438039
WALL 59398589 1 0 1653438040
WALL 59398589 1 0 1653438041
WALL 59398589 1 0 1653438042
WALL 59398589 1 0 1653438043
WALL 59398589 1 0 1653438044
WALL 59398589 1 0 1653438045
WALL 59398589 1 0 1653438046
WALL 59398589 1 0 1653438047
WALL 59398589 1 0 1653438048
WALL 59398589 1 0 1653438049
WALL 59398589 1 0 1653438050
WALL 59398589 1 0 1653438051
WALL 59398589 1 0 1653438052
WALL 59398589 1 0 1653438053
WALL 59398589 1 0 1653438054
WALL 59398589 1 0 1653438055
WALL 59398589 1 0 1653438056
WALL 59398589 1 0 1653438057
WALL 59398589 1 0 1653438058
WALL 59398589 1 0 1653438059
WALL 59398589 1 0 1653438060
WALL 59398589 1 0 1653438061
WALL 59398589 1 0 1653438062
WALL 59398589 1 0 1653438063
WALL 59398589 1 0 1653438064
WALL 59398589 1 0 1653438065
WALL 59398589 1 0 1653438066
WALL 59398589 1 0 1653438067
WALL 59398589 1 0 1653438068
WALL 59398589 1 0 1653438069
WALL 59398589 1 0 1653438070
WALL 59398589 1 0 1653438071
WALL 59398589 1 0 1653438072
WALL 59398589 1 0 1653438073
WALL 59398589 1 0 1653438074
WALL 59398589 1 0 1653438075
WALL 59398589 1 0 1653438076
WALL 59398589 1 0 1653438077
WALL 59398589 1 0 1653438078
WALL 59398589 1 0 1653438079
WALL 59398589 1 0 1653438080
WALL 59398589 1 0 1653438081
WALL 59398589 1 0 1653438082
WALL 59398589 1 0 1653438083
WALL 59398589 1 0 1653438084
WALL 59398589 1 0 1653438085
WALL 59398589 1 0 1653438086
WALL 59398589 1 0 1653438087
WALL 59398589 1 0 1653438088
WALL 59398589 1 0 1653438089
WALL 59398589 1 0 1653438090
WALL 59398589 1 0 1653438091
WALL 59398589 1 0 1653438092
WALL 59398589 1 0 1653438093
WALL 59398589 1 0 1653438094
WALL 59398589 1 0 1653438095
WALL 59398589 1 0 1653438096
WALL 59398589 1 0 1653438097
WALL 59398589 1 0 1653438098
WALL 59398589 1 0 1653438099
WALL 59398589 1 0 1653438100
WALL 59398589 1 0 1653438101
WALL 59398589 1 0 1653438102
WALL 59398589 1 0 1653438103
WALL 59398589 1 0 1653438104
WALL 59398589 1 0 1653438105
WALL 59398589 1 0 1653438106
WALL 59398589 1 0 1653438107
WALL 59398589 1 0 1653438108
WALL 59398589 1 0 1653438109
WALL 59398589 1 0 1653438110
WALL 59398589 1 0 1653438111
WALL 59398589 1 0 1653438112
WALL 59398589 1 0 1653438113
WALL 59398589 1 0 1653438114
WALL 59398589 1 0 1653438115
WALL 59398589 1 0 1653438116
WALL 59398589 1 0 1653438117
WALL 59398589 1 0 1653438118
WALL 59398589 1 0 1653438119
WALL 59398589 1 0 1653438120
WALL 59398589 1 0 1653438121
WALL 59398589 1 0 1653438122
WALL 59398589 1 0 1653438123
WALL 59398589 1 0 1653438124
WALL 59398589 1 0 1653438125
WALL 59398589 1 0 1653438126
WALL 59398589 1 0 1653438127
WALL 59398589 1 0 1653438128
WALL 59398589 1 0 1653438129
WALL 59398589 1 0 1653438130
WALL 59398589 1 0 1653438131
WALL 59398589 1 0 1653438132
WALL 59398589 1 0 1653438133
WALL 59398589 1 0 1653438134
WALL 59398589 1 0 1653438135
WALL 59398589 1 0 1653438136
WALL 59398589 1 0 1653438137
WALL 59398589 1 0 1653438138
WALL 59398589 1 0 1653438139
WALL 59398589 1 0 1653438140
WALL 59398589 1 0 1653438141
WALL 59398589 1 0 1653438142
WALL 59398589 1 0 1653438143
WALL 59398589 1 0 1653438144
WALL 59398589 1 0 1653438145
WALL 59398589 1 0 1653438146
WALL 59398589 1 0 1653438147
WALL 59398589 1 0 1653438148
WALL 59398589 1 0 1653438149
WALL 59398589 1 0 1653438150
WALL 59398589 1 0 1653438151
WALL 59398589 1 0 1653438152
WALL 59398589 1 0 1653438153
WALL 59398589 1 0 1653438154
WALL 59398589 1 0 1653438155
WALL 59398589 1 0 1653438156
WALL 59398589 1 0 1653438157
WALL 59398589 1 0 1653438158
WALL 59398589 1 0 1653438159
WALL 59398589 1 0 1653438160
WALL 59398589 1 0 1653438161
WALL 59398589 1 0 1653438162
WALL 59398589 1 0 1653438163
WALL 59398589 1 0 1653438164
WALL 59398589 1 0 1653438165
WALL 59398589 1 0 1653438166
WALL 59398589 1 0 1653438167
WALL 59398589 1 0 1653438168
WALL 59398589 1 0 1653438169
WALL 59398589 1 0 1653438170
WALL 59398589 1 0 1653438171
WALL 59398589 1 0 1653438172
WALL 59398589 1 0 1653438173
WALL 59398589 1 0 1653438174
WALL 59398589 1 0 1653438175
WALL 59398589 1 0 1653438176
WALL 59398589 1 0 1653438177
WALL 59398589 1 0 1653438178
WALL 59398589 1 0 1653438179
WALL 59398589 1 0 1653438180
WALL 59398589 1 0 1653438181
WALL 59398589 1 0 1653438182
WALL 59398589 1 0 1653438183
WALL 59398589 1 0 1653438184
WALL 59398589 1 0 1653438185
WALL 59398589 1 0 1653438186
WALL 59398589 1 0 1653438187
WALL 59398589 1 0 1653438188
WALL 59398589 1 0 1653438189
WALL 59398589 1 0 1653438190
WALL 59398589 1 0 1653438191
WALL 59398589 1 0 1653438192
WALL 59398589 1 0 1653438193
WALL 59398589 1 0 1653438194
WALL 59398589 1 0 1653438195
WALL 59398589 1 0 1653438196
WALL 59398589 1 0 1653438197
WALL 59398589 1 0 1653438198
WALL 59398589 1 0 1653438199
WALL 59398589 1 0 1653438200
WALL 59398589 1 0 1653438201
WALL 59398589 1 0 1653438202
WALL 59398589 1 0 1653438203
WALL 59398589 1 0 1653438204
WALL 59398589 1 0 1653438205
WALL 59398589 1 0 1653438206
WALL 59398589 1 0 1653438207
WALL 59398589 1 0 1653438208
WALL 59398589 1 0 1653438209
WALL 59398589 1 0 1653438210
WALL 59398589 1 0 1653438211
WALL 59398589 1 0 1653438212
WALL 59398589 1 0 1653438213
WALL 59398589 1 0 1653438214
WALL 59398589 1 0 1653438215
WALL 59398589 1 0 1653438216
WALL 59398589 1 0 1653438217
WALL 59398589 1 0 1653438218
WALL 59398589 1 0 1653438219
WALL 59398589 1 0 1653438220
WALL 59398589 1 0 1653438221
WALL 59398589 1 0 1653438222
WALL 59398589 1 0 1653438223
WALL 59398589 1 0 1653438224
WALL 59398589 1 0 1653438225
WALL 59398589 1 0 1653438226
WALL 59398589 1 0 1653438227
WALL 59398589 1 0 1653438228
WALL 59398589 1 0 1653438229
WALL 59398589 1 0 1653438230
WALL 59398589 1 0 1653438231
WALL 59398589 1 0 1653438232
WALL 59398589 1 0 1653438233
WALL 59398589 1 0 1653438234
WALL 59398589 1 0 1653438235
WALL 59398589 1 0 1653438236
WALL 59398589 1 0 1653438237
WALL 59398589 1 0 1653438238
WALL 59398589 1 0 1653438239
WALL 59398589 1 0 1653438240
WALL 59398589 1 0 1653438241
WALL 59398589 1 0 1653438242
WALL 59398589 1 0 1653438243
WALL 59398589 1 0 1653438244
WALL 59398589 1 0 1653438245
WALL 59398589 1 0 1653438246
WALL 59398589 1 0 1653438247
WALL 59398589 1 0 1653438248
WALL 59398589 1 0 1653438249
WALL 59398589 1 0 1653438250
WALL 59398589 1 0 1653438251
WALL 59398589 1 0 1653438252
WALL 59398589 1 0 1653438253
WALL 59398589 1 0 1653438254
WALL 59398589 1 0 1653438255
WALL 59398589 1 0 1653438256
WALL 59398589 1 0 1653438257
WALL 59398589 1 0 1653438258
WALL 59398589 1 0 1653438259
WALL 59398589 1 0 1653438260
WALL 59398589 1 0 1653438261
WALL 59398589 1 0 1653438262
WALL 59398589 1 0 1653438263
WALL 59398589 1 0 1653438264
WALL 59398589 1 0 1653438265
WALL 59398589 1 0 1653438266
WALL 59398589 1 0 1653438267
WALL 59398589 1 0 1653438268
WALL 59398589 1 0 1653438269
WALL 59398589 1 0 1653438270
WALL 59398589 1 0 1653438271
WALL 59398589 1 0 1653438272
WALL 59398589 1 0 1653438273
WALL 59398589 1 0 1653438274
WALL 59398589 1 0 1653438275
WALL 59398589 1 0 1653438276
WALL 59398589 1 0 1653438277
WALL 59398589 1 0 1653438278
WALL 59398589 1 0 1653438279
WALL 59398589 1 0 1653438280
WALL 59398589 1 0 1653438281
WALL 59398589 1 0 1653438282
WALL 59398589 1 0 1653438283
WALL 59398589 1 0 1653438284
WALL 59398589 1 0 1653438285
WALL 59398589 1 0 1653438286
WALL 59398589 1 0 1653438287
WALL 59398589 1 0 1653438288
WALL 59398589 1 0 1653438289
WALL 59398589 1 0 1653438290
WALL 59398589 1 0 1653438291
WALL 59398589 1 0 1653438292
WALL 59398589 1 0 1653438293
WALL 59398589 1 0 1653438294
WALL 59398589 1 0 1653438295
WALL 59398589 1 0 1653438296
WALL 59398589 1 0 1653438297
WALL 59398589 1 0 1653438298
WALL 59398589 1 0 1653438299
WALL 59398589 1 0 1653438300
WALL 59398589 1 0 1653438301
WALL 59398589 1 0 1653438302
WALL 59398589 1 0 1653438303
WALL 59398589 1 0 1653438304
WALL 59398589 1 0 1653438305
WALL 59398589 1 0 1653438306
WALL 59398589 1 0 1653438307
WALL 59398589 1 0 1653438308
WALL 59398589 1 0 1653438309
WALL 59398589 1 0 1653438310
WALL 59398589 1 0 1653438311
srun: Job step aborted: Waiting up to 32 seconds for job step to finish.
received SIGTERM 1653438312
WALL 59398589 1 0 1653438312
received SIGCONT 1653438312
WALL 59398589 1 0 1653438312
srun: got SIGCONT
received SIGTERM 1653438312
WALL 59398589 1 0 1653438312
srun: forcing job termination
